2022-01-19 23:10:18,575 root                INFO: GPU device = 7
2022-01-19 23:10:18,575 root                INFO: Load pkl cache from nasbench101.pkl and nasbench101_valid.pkl
2022-01-19 23:10:19,068 root                INFO: Config: {'arch_network_cfg': {'arch_embedder_cfg': {'b_use_bn': False, 'backward_gcn_out_dims': [128, 128, 128, 128, 128], 'concat_param_zs_as_opemb_dimension': 7, 'concat_param_zs_as_opemb_scale': 0.1, 'detach_vinfo': False, 'fb_conversion_dims': [128, 128], 'gcn_kwargs': {'plus_I': True, 'residual_only': 1}, 'gcn_out_dims': [128, 128, 128, 128, 128], 'hid_dim': 96, 'mask_nonparametrized_ops': False, 'node_embedding_dim': 48, 'num_time_steps': 3, 'op_embedding_dim': 48, 'symmetry_breaking_method': 'param_zs_add', 'updateopemb_detach_finfo': True, 'updateopemb_detach_opemb': True, 'updateopemb_dims': [128], 'updateopemb_method': 'concat_ofb', 'updateopemb_scale': 0.1}, 'arch_embedder_type': 'nb101-fbflow', 'compare_loss_type': 'margin_linear', 'compare_margin': 0.1, 'mlp_dropout': 0.1, 'mlp_hiddens': [200], 'optimizer': {'lr': 0.001, 'type': 'Adam'}, 'scheduler': None}, 'batch_size': 512, 'choose_pair_criterion': 'random', 'compare': True, 'compare_threshold': 0.0, 'epochs': 200, 'max_compare_ratio': 4.0}
2022-01-19 23:10:23,255 root                INFO: Combined args: Namespace(batch_size=512, cfg_file='cfgs/nb101_cfgs/gates_true_scale0.1.yaml', choose_pair_criterion='random', compare=True, compare_threshold=0.0, epochs=200, eval_only_last=5, gpu=7, load=None, max_compare_ratio=4.0, num_workers=4, report_freq=200, save_every=200, save_predict=None, seed=202121, test_funcs=None, test_only=False, train_dir='nb1shot1_ablation_scale/true/0.1_0.05/123/202121', train_pkl='../mynas/data/nasbench-1shot1/nasbench101_train_123.pkl', train_ratio=0.05, valid_pkl='../mynas/data/nasbench-1shot1/nasbench101_valid.pkl')
2022-01-19 23:10:23,265 root                INFO: Train dataset ratio: 0.050
2022-01-19 23:10:23,266 root                INFO: Number of architectures: train: 364; valid: 7290
2022-01-19 23:10:26,343 root                INFO: Train: Epoch   1: train loss 0.1001
2022-01-19 23:10:27,135 root                INFO: Train: Epoch   2: train loss 0.0980
2022-01-19 23:10:27,875 root                INFO: Train: Epoch   3: train loss 0.0938
2022-01-19 23:10:28,658 root                INFO: Train: Epoch   4: train loss 0.0890
2022-01-19 23:10:29,438 root                INFO: Train: Epoch   5: train loss 0.0823
2022-01-19 23:10:30,220 root                INFO: Train: Epoch   6: train loss 0.0701
2022-01-19 23:10:31,306 root                INFO: Train: Epoch   7: train loss 0.0624
2022-01-19 23:10:32,131 root                INFO: Train: Epoch   8: train loss 0.0587
2022-01-19 23:10:32,882 root                INFO: Train: Epoch   9: train loss 0.0554
2022-01-19 23:10:33,676 root                INFO: Train: Epoch  10: train loss 0.0598
2022-01-19 23:10:34,416 root                INFO: Train: Epoch  11: train loss 0.0584
2022-01-19 23:10:35,183 root                INFO: Train: Epoch  12: train loss 0.0541
2022-01-19 23:10:35,923 root                INFO: Train: Epoch  13: train loss 0.0535
2022-01-19 23:10:36,666 root                INFO: Train: Epoch  14: train loss 0.0531
2022-01-19 23:10:37,445 root                INFO: Train: Epoch  15: train loss 0.0477
2022-01-19 23:10:38,211 root                INFO: Train: Epoch  16: train loss 0.0504
2022-01-19 23:10:38,922 root                INFO: Train: Epoch  17: train loss 0.0474
2022-01-19 23:10:39,677 root                INFO: Train: Epoch  18: train loss 0.0462
2022-01-19 23:10:40,480 root                INFO: Train: Epoch  19: train loss 0.0447
2022-01-19 23:10:41,262 root                INFO: Train: Epoch  20: train loss 0.0458
2022-01-19 23:10:42,061 root                INFO: Train: Epoch  21: train loss 0.0402
2022-01-19 23:10:42,828 root                INFO: Train: Epoch  22: train loss 0.0439
2022-01-19 23:10:43,570 root                INFO: Train: Epoch  23: train loss 0.0404
2022-01-19 23:10:44,387 root                INFO: Train: Epoch  24: train loss 0.0379
2022-01-19 23:10:45,177 root                INFO: Train: Epoch  25: train loss 0.0349
2022-01-19 23:10:45,979 root                INFO: Train: Epoch  26: train loss 0.0342
2022-01-19 23:10:46,745 root                INFO: Train: Epoch  27: train loss 0.0359
2022-01-19 23:10:47,605 root                INFO: Train: Epoch  28: train loss 0.0310
2022-01-19 23:10:48,669 root                INFO: Train: Epoch  29: train loss 0.0338
2022-01-19 23:10:49,459 root                INFO: Train: Epoch  30: train loss 0.0300
2022-01-19 23:10:50,219 root                INFO: Train: Epoch  31: train loss 0.0346
2022-01-19 23:10:50,923 root                INFO: Train: Epoch  32: train loss 0.0309
2022-01-19 23:10:51,675 root                INFO: Train: Epoch  33: train loss 0.0373
2022-01-19 23:10:52,435 root                INFO: Train: Epoch  34: train loss 0.0331
2022-01-19 23:10:53,169 root                INFO: Train: Epoch  35: train loss 0.0301
2022-01-19 23:10:53,894 root                INFO: Train: Epoch  36: train loss 0.0316
2022-01-19 23:10:54,648 root                INFO: Train: Epoch  37: train loss 0.0317
2022-01-19 23:10:55,381 root                INFO: Train: Epoch  38: train loss 0.0300
2022-01-19 23:10:56,108 root                INFO: Train: Epoch  39: train loss 0.0299
2022-01-19 23:10:56,956 root                INFO: Train: Epoch  40: train loss 0.0306
2022-01-19 23:10:57,667 root                INFO: Train: Epoch  41: train loss 0.0307
2022-01-19 23:10:58,469 root                INFO: Train: Epoch  42: train loss 0.0304
2022-01-19 23:10:59,237 root                INFO: Train: Epoch  43: train loss 0.0289
2022-01-19 23:10:59,975 root                INFO: Train: Epoch  44: train loss 0.0289
2022-01-19 23:11:00,724 root                INFO: Train: Epoch  45: train loss 0.0285
2022-01-19 23:11:01,428 root                INFO: Train: Epoch  46: train loss 0.0279
2022-01-19 23:11:02,164 root                INFO: Train: Epoch  47: train loss 0.0280
2022-01-19 23:11:02,908 root                INFO: Train: Epoch  48: train loss 0.0307
2022-01-19 23:11:03,649 root                INFO: Train: Epoch  49: train loss 0.0286
2022-01-19 23:11:04,373 root                INFO: Train: Epoch  50: train loss 0.0248
2022-01-19 23:11:05,093 root                INFO: Train: Epoch  51: train loss 0.0274
2022-01-19 23:11:05,811 root                INFO: Train: Epoch  52: train loss 0.0248
2022-01-19 23:11:06,484 root                INFO: Train: Epoch  53: train loss 0.0293
2022-01-19 23:11:07,227 root                INFO: Train: Epoch  54: train loss 0.0269
2022-01-19 23:11:08,164 root                INFO: Train: Epoch  55: train loss 0.0268
2022-01-19 23:11:08,881 root                INFO: Train: Epoch  56: train loss 0.0268
2022-01-19 23:11:09,666 root                INFO: Train: Epoch  57: train loss 0.0238
2022-01-19 23:11:10,389 root                INFO: Train: Epoch  58: train loss 0.0250
2022-01-19 23:11:11,166 root                INFO: Train: Epoch  59: train loss 0.0285
2022-01-19 23:11:11,946 root                INFO: Train: Epoch  60: train loss 0.0237
2022-01-19 23:11:12,736 root                INFO: Train: Epoch  61: train loss 0.0255
2022-01-19 23:11:13,580 root                INFO: Train: Epoch  62: train loss 0.0230
2022-01-19 23:11:14,423 root                INFO: Train: Epoch  63: train loss 0.0252
2022-01-19 23:11:15,159 root                INFO: Train: Epoch  64: train loss 0.0228
2022-01-19 23:11:15,966 root                INFO: Train: Epoch  65: train loss 0.0229
2022-01-19 23:11:16,693 root                INFO: Train: Epoch  66: train loss 0.0234
2022-01-19 23:11:17,446 root                INFO: Train: Epoch  67: train loss 0.0244
2022-01-19 23:11:18,249 root                INFO: Train: Epoch  68: train loss 0.0251
2022-01-19 23:11:18,980 root                INFO: Train: Epoch  69: train loss 0.0252
2022-01-19 23:11:19,746 root                INFO: Train: Epoch  70: train loss 0.0213
2022-01-19 23:11:20,531 root                INFO: Train: Epoch  71: train loss 0.0211
2022-01-19 23:11:21,280 root                INFO: Train: Epoch  72: train loss 0.0232
2022-01-19 23:11:22,027 root                INFO: Train: Epoch  73: train loss 0.0236
2022-01-19 23:11:22,822 root                INFO: Train: Epoch  74: train loss 0.0240
2022-01-19 23:11:23,626 root                INFO: Train: Epoch  75: train loss 0.0245
2022-01-19 23:11:24,375 root                INFO: Train: Epoch  76: train loss 0.0225
2022-01-19 23:11:25,398 root                INFO: Train: Epoch  77: train loss 0.0211
2022-01-19 23:11:26,118 root                INFO: Train: Epoch  78: train loss 0.0224
2022-01-19 23:11:26,931 root                INFO: Train: Epoch  79: train loss 0.0244
2022-01-19 23:11:27,653 root                INFO: Train: Epoch  80: train loss 0.0210
2022-01-19 23:11:28,383 root                INFO: Train: Epoch  81: train loss 0.0182
2022-01-19 23:11:29,145 root                INFO: Train: Epoch  82: train loss 0.0190
2022-01-19 23:11:29,884 root                INFO: Train: Epoch  83: train loss 0.0185
2022-01-19 23:11:30,575 root                INFO: Train: Epoch  84: train loss 0.0208
2022-01-19 23:11:31,305 root                INFO: Train: Epoch  85: train loss 0.0211
2022-01-19 23:11:32,117 root                INFO: Train: Epoch  86: train loss 0.0199
2022-01-19 23:11:32,865 root                INFO: Train: Epoch  87: train loss 0.0205
2022-01-19 23:11:33,574 root                INFO: Train: Epoch  88: train loss 0.0176
2022-01-19 23:11:34,330 root                INFO: Train: Epoch  89: train loss 0.0202
2022-01-19 23:11:35,085 root                INFO: Train: Epoch  90: train loss 0.0156
2022-01-19 23:11:35,895 root                INFO: Train: Epoch  91: train loss 0.0196
2022-01-19 23:11:36,640 root                INFO: Train: Epoch  92: train loss 0.0179
2022-01-19 23:11:37,389 root                INFO: Train: Epoch  93: train loss 0.0171
2022-01-19 23:11:38,162 root                INFO: Train: Epoch  94: train loss 0.0161
2022-01-19 23:11:38,936 root                INFO: Train: Epoch  95: train loss 0.0199
2022-01-19 23:11:39,663 root                INFO: Train: Epoch  96: train loss 0.0183
2022-01-19 23:11:40,404 root                INFO: Train: Epoch  97: train loss 0.0182
2022-01-19 23:11:41,154 root                INFO: Train: Epoch  98: train loss 0.0208
2022-01-19 23:11:41,862 root                INFO: Train: Epoch  99: train loss 0.0164
2022-01-19 23:11:42,563 root                INFO: Train: Epoch 100: train loss 0.0181
2022-01-19 23:11:43,280 root                INFO: Train: Epoch 101: train loss 0.0189
2022-01-19 23:11:44,013 root                INFO: Train: Epoch 102: train loss 0.0164
2022-01-19 23:11:44,966 root                INFO: Train: Epoch 103: train loss 0.0185
2022-01-19 23:11:45,671 root                INFO: Train: Epoch 104: train loss 0.0223
2022-01-19 23:11:46,363 root                INFO: Train: Epoch 105: train loss 0.0188
2022-01-19 23:11:47,078 root                INFO: Train: Epoch 106: train loss 0.0198
2022-01-19 23:11:47,759 root                INFO: Train: Epoch 107: train loss 0.0171
2022-01-19 23:11:48,490 root                INFO: Train: Epoch 108: train loss 0.0197
2022-01-19 23:11:49,230 root                INFO: Train: Epoch 109: train loss 0.0162
2022-01-19 23:11:49,964 root                INFO: Train: Epoch 110: train loss 0.0189
2022-01-19 23:11:50,676 root                INFO: Train: Epoch 111: train loss 0.0178
2022-01-19 23:11:51,416 root                INFO: Train: Epoch 112: train loss 0.0179
2022-01-19 23:11:52,165 root                INFO: Train: Epoch 113: train loss 0.0183
2022-01-19 23:11:52,978 root                INFO: Train: Epoch 114: train loss 0.0157
2022-01-19 23:11:53,722 root                INFO: Train: Epoch 115: train loss 0.0197
2022-01-19 23:11:54,409 root                INFO: Train: Epoch 116: train loss 0.0170
2022-01-19 23:11:55,192 root                INFO: Train: Epoch 117: train loss 0.0179
2022-01-19 23:11:55,938 root                INFO: Train: Epoch 118: train loss 0.0183
2022-01-19 23:11:56,675 root                INFO: Train: Epoch 119: train loss 0.0181
2022-01-19 23:11:57,379 root                INFO: Train: Epoch 120: train loss 0.0175
2022-01-19 23:11:58,094 root                INFO: Train: Epoch 121: train loss 0.0172
2022-01-19 23:11:58,835 root                INFO: Train: Epoch 122: train loss 0.0174
2022-01-19 23:11:59,561 root                INFO: Train: Epoch 123: train loss 0.0166
2022-01-19 23:12:00,293 root                INFO: Train: Epoch 124: train loss 0.0181
2022-01-19 23:12:01,207 root                INFO: Train: Epoch 125: train loss 0.0191
2022-01-19 23:12:01,895 root                INFO: Train: Epoch 126: train loss 0.0159
2022-01-19 23:12:02,590 root                INFO: Train: Epoch 127: train loss 0.0164
2022-01-19 23:12:03,277 root                INFO: Train: Epoch 128: train loss 0.0149
2022-01-19 23:12:03,999 root                INFO: Train: Epoch 129: train loss 0.0153
2022-01-19 23:12:04,750 root                INFO: Train: Epoch 130: train loss 0.0147
2022-01-19 23:12:05,480 root                INFO: Train: Epoch 131: train loss 0.0152
2022-01-19 23:12:06,235 root                INFO: Train: Epoch 132: train loss 0.0146
2022-01-19 23:12:06,974 root                INFO: Train: Epoch 133: train loss 0.0146
2022-01-19 23:12:07,682 root                INFO: Train: Epoch 134: train loss 0.0157
2022-01-19 23:12:08,509 root                INFO: Train: Epoch 135: train loss 0.0182
2022-01-19 23:12:09,374 root                INFO: Train: Epoch 136: train loss 0.0160
2022-01-19 23:12:10,189 root                INFO: Train: Epoch 137: train loss 0.0166
2022-01-19 23:12:10,997 root                INFO: Train: Epoch 138: train loss 0.0174
2022-01-19 23:12:11,718 root                INFO: Train: Epoch 139: train loss 0.0164
2022-01-19 23:12:12,410 root                INFO: Train: Epoch 140: train loss 0.0172
2022-01-19 23:12:13,152 root                INFO: Train: Epoch 141: train loss 0.0160
2022-01-19 23:12:13,883 root                INFO: Train: Epoch 142: train loss 0.0176
2022-01-19 23:12:14,573 root                INFO: Train: Epoch 143: train loss 0.0156
2022-01-19 23:12:15,301 root                INFO: Train: Epoch 144: train loss 0.0148
2022-01-19 23:12:16,026 root                INFO: Train: Epoch 145: train loss 0.0136
2022-01-19 23:12:16,732 root                INFO: Train: Epoch 146: train loss 0.0142
2022-01-19 23:12:17,456 root                INFO: Train: Epoch 147: train loss 0.0149
2022-01-19 23:12:18,167 root                INFO: Train: Epoch 148: train loss 0.0175
2022-01-19 23:12:18,866 root                INFO: Train: Epoch 149: train loss 0.0180
2022-01-19 23:12:19,655 root                INFO: Train: Epoch 150: train loss 0.0137
2022-01-19 23:12:20,568 root                INFO: Train: Epoch 151: train loss 0.0150
2022-01-19 23:12:21,281 root                INFO: Train: Epoch 152: train loss 0.0158
2022-01-19 23:12:22,075 root                INFO: Train: Epoch 153: train loss 0.0149
2022-01-19 23:12:22,762 root                INFO: Train: Epoch 154: train loss 0.0129
2022-01-19 23:12:23,467 root                INFO: Train: Epoch 155: train loss 0.0173
2022-01-19 23:12:24,193 root                INFO: Train: Epoch 156: train loss 0.0153
2022-01-19 23:12:24,907 root                INFO: Train: Epoch 157: train loss 0.0161
2022-01-19 23:12:25,599 root                INFO: Train: Epoch 158: train loss 0.0161
2022-01-19 23:12:26,417 root                INFO: Train: Epoch 159: train loss 0.0132
2022-01-19 23:12:27,194 root                INFO: Train: Epoch 160: train loss 0.0165
2022-01-19 23:12:28,022 root                INFO: Train: Epoch 161: train loss 0.0159
2022-01-19 23:12:28,823 root                INFO: Train: Epoch 162: train loss 0.0157
2022-01-19 23:12:29,510 root                INFO: Train: Epoch 163: train loss 0.0150
2022-01-19 23:12:30,190 root                INFO: Train: Epoch 164: train loss 0.0134
2022-01-19 23:12:31,019 root                INFO: Train: Epoch 165: train loss 0.0159
2022-01-19 23:12:31,701 root                INFO: Train: Epoch 166: train loss 0.0125
2022-01-19 23:12:32,449 root                INFO: Train: Epoch 167: train loss 0.0149
2022-01-19 23:12:33,186 root                INFO: Train: Epoch 168: train loss 0.0171
2022-01-19 23:12:33,844 root                INFO: Train: Epoch 169: train loss 0.0146
2022-01-19 23:12:34,519 root                INFO: Train: Epoch 170: train loss 0.0159
2022-01-19 23:12:35,331 root                INFO: Train: Epoch 171: train loss 0.0156
2022-01-19 23:12:36,062 root                INFO: Train: Epoch 172: train loss 0.0133
2022-01-19 23:12:36,959 root                INFO: Train: Epoch 173: train loss 0.0137
2022-01-19 23:12:37,713 root                INFO: Train: Epoch 174: train loss 0.0139
2022-01-19 23:12:38,410 root                INFO: Train: Epoch 175: train loss 0.0145
2022-01-19 23:12:39,146 root                INFO: Train: Epoch 176: train loss 0.0164
2022-01-19 23:12:39,860 root                INFO: Train: Epoch 177: train loss 0.0153
2022-01-19 23:12:40,547 root                INFO: Train: Epoch 178: train loss 0.0127
2022-01-19 23:12:41,329 root                INFO: Train: Epoch 179: train loss 0.0136
2022-01-19 23:12:42,038 root                INFO: Train: Epoch 180: train loss 0.0146
2022-01-19 23:12:42,700 root                INFO: Train: Epoch 181: train loss 0.0118
2022-01-19 23:12:43,403 root                INFO: Train: Epoch 182: train loss 0.0151
2022-01-19 23:12:44,142 root                INFO: Train: Epoch 183: train loss 0.0142
2022-01-19 23:12:44,889 root                INFO: Train: Epoch 184: train loss 0.0163
2022-01-19 23:12:45,658 root                INFO: Train: Epoch 185: train loss 0.0143
2022-01-19 23:12:46,343 root                INFO: Train: Epoch 186: train loss 0.0158
2022-01-19 23:12:47,033 root                INFO: Train: Epoch 187: train loss 0.0158
2022-01-19 23:12:47,769 root                INFO: Train: Epoch 188: train loss 0.0166
2022-01-19 23:12:48,476 root                INFO: Train: Epoch 189: train loss 0.0164
2022-01-19 23:12:49,228 root                INFO: Train: Epoch 190: train loss 0.0143
2022-01-19 23:12:49,963 root                INFO: Train: Epoch 191: train loss 0.0157
2022-01-19 23:12:50,699 root                INFO: Train: Epoch 192: train loss 0.0156
2022-01-19 23:12:51,433 root                INFO: Train: Epoch 193: train loss 0.0161
2022-01-19 23:12:52,311 root                INFO: Train: Epoch 194: train loss 0.0141
2022-01-19 23:12:53,012 root                INFO: Train: Epoch 195: train loss 0.0174
2022-01-19 23:12:53,705 root                INFO: Train: Epoch 196: train loss 0.0128
2022-01-19 23:12:55,934 root                INFO: Valid: Epoch 196: kendall tau 0.7807; loss 0.2551
2022-01-19 23:12:56,712 root                INFO: Train: Epoch 197: train loss 0.0151
2022-01-19 23:12:58,649 root                INFO: Valid: Epoch 197: kendall tau 0.7756; loss 0.2475
2022-01-19 23:12:59,327 root                INFO: Train: Epoch 198: train loss 0.0150
2022-01-19 23:13:01,446 root                INFO: Valid: Epoch 198: kendall tau 0.7826; loss 0.2474
2022-01-19 23:13:02,127 root                INFO: Train: Epoch 199: train loss 0.0136
2022-01-19 23:13:04,205 root                INFO: Valid: Epoch 199: kendall tau 0.7853; loss 0.2466
2022-01-19 23:13:04,909 root                INFO: Train: Epoch 200: train loss 0.0128
2022-01-19 23:13:06,904 root                INFO: Valid: Epoch 200: kendall tau 0.7884; loss 0.2359
2022-01-19 23:13:06,911 root                INFO: Epoch 200: Save checkpoint to nb1shot1_ablation_scale/true/0.1_0.05/123/202121/200.ckpt
2022-01-19 23:13:09,116 root                INFO: [0.14285714285714285, 0.5277777777777778, 0.5694444444444444, 0.6758241758241759, 0.7654320987654321, 0.9001371742112483, 1.0]
2022-01-19 23:13:09,116 root                INFO: [3, 3]
