2022-01-20 16:02:40,059 root                INFO: GPU device = 5
2022-01-20 16:02:40,060 root                INFO: Load pkl cache from nasbench301_train.pkl and nasbench301_valid.pkl
2022-01-20 16:02:40,953 root                INFO: Config: {'arch_network_cfg': {'arch_embedder_cfg': {'take_adj_as_input': True, 'gcn_kwargs': {'residual_only': 2}, 'gcn_out_dims': [64, 64, 64, 64, 64], 'hidden_dim': 32, 'node_dim': 32, 'op_dim': 32, 'use_bn': False, 'final_concat': False, 'other_node_zero': False, 'num_time_steps': 4, 'fb_conversion_dims': [64, 64], 'backward_gcn_out_dims': [64, 64, 64, 64, 64], 'updateopemb_method': 'concat_ofb', 'updateopemb_dims': [64], 'share_skip_and_outskip': True, 'detach_vinfo': False, 'updateopemb_scale': 0.1, 'updateopemb_detach_opemb': True, 'updateopemb_detach_finfo': True, 'mask_nonparametrized_ops': True, 'symmetry_breaking_method': 'param_zs_add', 'concat_param_zs_as_opemb_dimension': 5, 'concat_param_zs_as_opemb_scale': 1.0}, 'arch_embedder_type': 'cellss-fbflow', 'compare_loss_type': 'margin_linear', 'compare_margin': 0.1, 'mlp_dropout': 0.1, 'mlp_hiddens': [200], 'optimizer': {'lr': 0.001, 'type': 'Adam'}, 'scheduler': None}, 'arch_network_type': 'pointwise_comparator', 'batch_size': 128, 'choose_pair_criterion': 'random', 'compare': True, 'compare_threshold': 0.0, 'epochs': 200, 'max_compare_ratio': 16.0}
2022-01-20 16:02:44,490 root                INFO: Combined args: Namespace(arch_network_type='pointwise_comparator', batch_size=128, cfg_file='cfgs/nb301_cfgs/gates_true_masktrue.yaml', choose_pair_criterion='random', compare=True, compare_threshold=0.0, epochs=200, eval_only_last=1, gpu=5, load=None, max_compare_ratio=16.0, num_workers=4, report_freq=200, save_every=200, save_predict=None, seed=202121, test_funcs=None, test_only=False, train_dir='nb301_ablation_mask/true/true_0.05/123/202121', train_pkl='../mynas/data/nasbench-301/nasbench301_train_mtx_123.pkl', train_ratio=0.05, valid_pkl='../mynas/data/nasbench-301/nasbench301_valid_mtx.pkl')
2022-01-20 16:02:44,499 root                INFO: Train dataset ratio: 0.050
2022-01-20 16:02:44,500 root                INFO: Number of architectures: train: 294; valid: 51072
2022-01-20 16:03:00,883 root                INFO: Train: Epoch   1: train loss 0.0997
2022-01-20 16:03:02,105 root                INFO: Train: Epoch   2: train loss 0.0958
2022-01-20 16:03:03,327 root                INFO: Train: Epoch   3: train loss 0.0864
2022-01-20 16:03:04,533 root                INFO: Train: Epoch   4: train loss 0.0679
2022-01-20 16:03:05,738 root                INFO: Train: Epoch   5: train loss 0.0541
2022-01-20 16:03:06,922 root                INFO: Train: Epoch   6: train loss 0.0456
2022-01-20 16:03:08,162 root                INFO: Train: Epoch   7: train loss 0.0391
2022-01-20 16:03:09,378 root                INFO: Train: Epoch   8: train loss 0.0384
2022-01-20 16:03:10,600 root                INFO: Train: Epoch   9: train loss 0.0367
2022-01-20 16:03:11,811 root                INFO: Train: Epoch  10: train loss 0.0309
2022-01-20 16:03:13,119 root                INFO: Train: Epoch  11: train loss 0.0284
2022-01-20 16:03:14,347 root                INFO: Train: Epoch  12: train loss 0.0277
2022-01-20 16:03:15,554 root                INFO: Train: Epoch  13: train loss 0.0303
2022-01-20 16:03:16,777 root                INFO: Train: Epoch  14: train loss 0.0265
2022-01-20 16:03:18,040 root                INFO: Train: Epoch  15: train loss 0.0259
2022-01-20 16:03:19,262 root                INFO: Train: Epoch  16: train loss 0.0268
2022-01-20 16:03:20,526 root                INFO: Train: Epoch  17: train loss 0.0254
2022-01-20 16:03:21,732 root                INFO: Train: Epoch  18: train loss 0.0250
2022-01-20 16:03:22,912 root                INFO: Train: Epoch  19: train loss 0.0254
2022-01-20 16:03:24,107 root                INFO: Train: Epoch  20: train loss 0.0245
2022-01-20 16:03:25,318 root                INFO: Train: Epoch  21: train loss 0.0228
2022-01-20 16:03:26,481 root                INFO: Train: Epoch  22: train loss 0.0247
2022-01-20 16:03:27,641 root                INFO: Train: Epoch  23: train loss 0.0238
2022-01-20 16:03:28,809 root                INFO: Train: Epoch  24: train loss 0.0227
2022-01-20 16:03:29,924 root                INFO: Train: Epoch  25: train loss 0.0220
2022-01-20 16:03:31,019 root                INFO: Train: Epoch  26: train loss 0.0232
2022-01-20 16:03:32,149 root                INFO: Train: Epoch  27: train loss 0.0243
2022-01-20 16:03:33,269 root                INFO: Train: Epoch  28: train loss 0.0228
2022-01-20 16:03:34,472 root                INFO: Train: Epoch  29: train loss 0.0231
2022-01-20 16:03:35,638 root                INFO: Train: Epoch  30: train loss 0.0205
2022-01-20 16:03:36,800 root                INFO: Train: Epoch  31: train loss 0.0237
2022-01-20 16:03:37,975 root                INFO: Train: Epoch  32: train loss 0.0217
2022-01-20 16:03:39,131 root                INFO: Train: Epoch  33: train loss 0.0215
2022-01-20 16:03:40,284 root                INFO: Train: Epoch  34: train loss 0.0221
2022-01-20 16:03:41,445 root                INFO: Train: Epoch  35: train loss 0.0216
2022-01-20 16:03:42,613 root                INFO: Train: Epoch  36: train loss 0.0207
2022-01-20 16:03:43,771 root                INFO: Train: Epoch  37: train loss 0.0207
2022-01-20 16:03:44,956 root                INFO: Train: Epoch  38: train loss 0.0205
2022-01-20 16:03:46,137 root                INFO: Train: Epoch  39: train loss 0.0191
2022-01-20 16:03:47,311 root                INFO: Train: Epoch  40: train loss 0.0199
2022-01-20 16:03:48,466 root                INFO: Train: Epoch  41: train loss 0.0199
2022-01-20 16:03:49,786 root                INFO: Train: Epoch  42: train loss 0.0198
2022-01-20 16:03:51,104 root                INFO: Train: Epoch  43: train loss 0.0201
2022-01-20 16:03:52,417 root                INFO: Train: Epoch  44: train loss 0.0190
2022-01-20 16:03:53,569 root                INFO: Train: Epoch  45: train loss 0.0186
2022-01-20 16:03:54,714 root                INFO: Train: Epoch  46: train loss 0.0174
2022-01-20 16:03:55,918 root                INFO: Train: Epoch  47: train loss 0.0181
2022-01-20 16:03:57,167 root                INFO: Train: Epoch  48: train loss 0.0184
2022-01-20 16:03:58,315 root                INFO: Train: Epoch  49: train loss 0.0183
2022-01-20 16:03:59,480 root                INFO: Train: Epoch  50: train loss 0.0174
2022-01-20 16:04:00,634 root                INFO: Train: Epoch  51: train loss 0.0183
2022-01-20 16:04:01,740 root                INFO: Train: Epoch  52: train loss 0.0179
2022-01-20 16:04:02,857 root                INFO: Train: Epoch  53: train loss 0.0167
2022-01-20 16:04:03,961 root                INFO: Train: Epoch  54: train loss 0.0162
2022-01-20 16:04:05,081 root                INFO: Train: Epoch  55: train loss 0.0164
2022-01-20 16:04:06,226 root                INFO: Train: Epoch  56: train loss 0.0179
2022-01-20 16:04:07,353 root                INFO: Train: Epoch  57: train loss 0.0181
2022-01-20 16:04:08,484 root                INFO: Train: Epoch  58: train loss 0.0153
2022-01-20 16:04:09,615 root                INFO: Train: Epoch  59: train loss 0.0178
2022-01-20 16:04:10,753 root                INFO: Train: Epoch  60: train loss 0.0157
2022-01-20 16:04:11,865 root                INFO: Train: Epoch  61: train loss 0.0157
2022-01-20 16:04:12,935 root                INFO: Train: Epoch  62: train loss 0.0150
2022-01-20 16:04:14,052 root                INFO: Train: Epoch  63: train loss 0.0143
2022-01-20 16:04:15,233 root                INFO: Train: Epoch  64: train loss 0.0157
2022-01-20 16:04:16,295 root                INFO: Train: Epoch  65: train loss 0.0135
2022-01-20 16:04:17,333 root                INFO: Train: Epoch  66: train loss 0.0140
2022-01-20 16:04:18,388 root                INFO: Train: Epoch  67: train loss 0.0149
2022-01-20 16:04:19,438 root                INFO: Train: Epoch  68: train loss 0.0135
2022-01-20 16:04:20,470 root                INFO: Train: Epoch  69: train loss 0.0146
2022-01-20 16:04:21,501 root                INFO: Train: Epoch  70: train loss 0.0144
2022-01-20 16:04:22,519 root                INFO: Train: Epoch  71: train loss 0.0142
2022-01-20 16:04:23,564 root                INFO: Train: Epoch  72: train loss 0.0140
2022-01-20 16:04:24,656 root                INFO: Train: Epoch  73: train loss 0.0135
2022-01-20 16:04:25,762 root                INFO: Train: Epoch  74: train loss 0.0140
2022-01-20 16:04:26,891 root                INFO: Train: Epoch  75: train loss 0.0139
2022-01-20 16:04:27,960 root                INFO: Train: Epoch  76: train loss 0.0129
2022-01-20 16:04:29,060 root                INFO: Train: Epoch  77: train loss 0.0135
2022-01-20 16:04:30,122 root                INFO: Train: Epoch  78: train loss 0.0132
2022-01-20 16:04:31,148 root                INFO: Train: Epoch  79: train loss 0.0123
2022-01-20 16:04:32,183 root                INFO: Train: Epoch  80: train loss 0.0132
2022-01-20 16:04:33,239 root                INFO: Train: Epoch  81: train loss 0.0123
2022-01-20 16:04:34,349 root                INFO: Train: Epoch  82: train loss 0.0121
2022-01-20 16:04:35,451 root                INFO: Train: Epoch  83: train loss 0.0119
2022-01-20 16:04:36,553 root                INFO: Train: Epoch  84: train loss 0.0113
2022-01-20 16:04:37,605 root                INFO: Train: Epoch  85: train loss 0.0130
2022-01-20 16:04:38,647 root                INFO: Train: Epoch  86: train loss 0.0106
2022-01-20 16:04:39,704 root                INFO: Train: Epoch  87: train loss 0.0110
2022-01-20 16:04:40,764 root                INFO: Train: Epoch  88: train loss 0.0131
2022-01-20 16:04:41,809 root                INFO: Train: Epoch  89: train loss 0.0099
2022-01-20 16:04:42,899 root                INFO: Train: Epoch  90: train loss 0.0116
2022-01-20 16:04:43,961 root                INFO: Train: Epoch  91: train loss 0.0115
2022-01-20 16:04:45,068 root                INFO: Train: Epoch  92: train loss 0.0113
2022-01-20 16:04:46,161 root                INFO: Train: Epoch  93: train loss 0.0119
2022-01-20 16:04:47,230 root                INFO: Train: Epoch  94: train loss 0.0103
2022-01-20 16:04:48,270 root                INFO: Train: Epoch  95: train loss 0.0109
2022-01-20 16:04:49,330 root                INFO: Train: Epoch  96: train loss 0.0100
2022-01-20 16:04:50,455 root                INFO: Train: Epoch  97: train loss 0.0095
2022-01-20 16:04:51,506 root                INFO: Train: Epoch  98: train loss 0.0100
2022-01-20 16:04:52,578 root                INFO: Train: Epoch  99: train loss 0.0100
2022-01-20 16:04:53,698 root                INFO: Train: Epoch 100: train loss 0.0090
2022-01-20 16:04:54,806 root                INFO: Train: Epoch 101: train loss 0.0098
2022-01-20 16:04:55,935 root                INFO: Train: Epoch 102: train loss 0.0090
2022-01-20 16:04:56,993 root                INFO: Train: Epoch 103: train loss 0.0086
2022-01-20 16:04:58,023 root                INFO: Train: Epoch 104: train loss 0.0091
2022-01-20 16:04:59,077 root                INFO: Train: Epoch 105: train loss 0.0101
2022-01-20 16:05:00,127 root                INFO: Train: Epoch 106: train loss 0.0106
2022-01-20 16:05:01,188 root                INFO: Train: Epoch 107: train loss 0.0106
2022-01-20 16:05:02,276 root                INFO: Train: Epoch 108: train loss 0.0099
2022-01-20 16:05:03,579 root                INFO: Train: Epoch 109: train loss 0.0098
2022-01-20 16:05:04,745 root                INFO: Train: Epoch 110: train loss 0.0079
2022-01-20 16:05:05,833 root                INFO: Train: Epoch 111: train loss 0.0088
2022-01-20 16:05:06,984 root                INFO: Train: Epoch 112: train loss 0.0082
2022-01-20 16:05:08,163 root                INFO: Train: Epoch 113: train loss 0.0095
2022-01-20 16:05:09,313 root                INFO: Train: Epoch 114: train loss 0.0079
2022-01-20 16:05:10,474 root                INFO: Train: Epoch 115: train loss 0.0090
2022-01-20 16:05:11,660 root                INFO: Train: Epoch 116: train loss 0.0085
2022-01-20 16:05:12,826 root                INFO: Train: Epoch 117: train loss 0.0090
2022-01-20 16:05:14,038 root                INFO: Train: Epoch 118: train loss 0.0079
2022-01-20 16:05:15,230 root                INFO: Train: Epoch 119: train loss 0.0074
2022-01-20 16:05:16,358 root                INFO: Train: Epoch 120: train loss 0.0086
2022-01-20 16:05:17,577 root                INFO: Train: Epoch 121: train loss 0.0092
2022-01-20 16:05:18,689 root                INFO: Train: Epoch 122: train loss 0.0085
2022-01-20 16:05:19,850 root                INFO: Train: Epoch 123: train loss 0.0097
2022-01-20 16:05:21,037 root                INFO: Train: Epoch 124: train loss 0.0096
2022-01-20 16:05:22,173 root                INFO: Train: Epoch 125: train loss 0.0096
2022-01-20 16:05:23,274 root                INFO: Train: Epoch 126: train loss 0.0085
2022-01-20 16:05:24,501 root                INFO: Train: Epoch 127: train loss 0.0091
2022-01-20 16:05:25,697 root                INFO: Train: Epoch 128: train loss 0.0114
2022-01-20 16:05:26,867 root                INFO: Train: Epoch 129: train loss 0.0075
2022-01-20 16:05:28,040 root                INFO: Train: Epoch 130: train loss 0.0094
2022-01-20 16:05:29,154 root                INFO: Train: Epoch 131: train loss 0.0091
2022-01-20 16:05:30,363 root                INFO: Train: Epoch 132: train loss 0.0081
2022-01-20 16:05:31,525 root                INFO: Train: Epoch 133: train loss 0.0088
2022-01-20 16:05:32,659 root                INFO: Train: Epoch 134: train loss 0.0097
2022-01-20 16:05:33,863 root                INFO: Train: Epoch 135: train loss 0.0077
2022-01-20 16:05:35,028 root                INFO: Train: Epoch 136: train loss 0.0071
2022-01-20 16:05:36,157 root                INFO: Train: Epoch 137: train loss 0.0081
2022-01-20 16:05:37,292 root                INFO: Train: Epoch 138: train loss 0.0076
2022-01-20 16:05:38,496 root                INFO: Train: Epoch 139: train loss 0.0085
2022-01-20 16:05:39,675 root                INFO: Train: Epoch 140: train loss 0.0092
2022-01-20 16:05:40,774 root                INFO: Train: Epoch 141: train loss 0.0084
2022-01-20 16:05:41,968 root                INFO: Train: Epoch 142: train loss 0.0079
2022-01-20 16:05:43,138 root                INFO: Train: Epoch 143: train loss 0.0086
2022-01-20 16:05:44,276 root                INFO: Train: Epoch 144: train loss 0.0075
2022-01-20 16:05:45,448 root                INFO: Train: Epoch 145: train loss 0.0085
2022-01-20 16:05:46,595 root                INFO: Train: Epoch 146: train loss 0.0074
2022-01-20 16:05:47,715 root                INFO: Train: Epoch 147: train loss 0.0063
2022-01-20 16:05:48,865 root                INFO: Train: Epoch 148: train loss 0.0063
2022-01-20 16:05:50,034 root                INFO: Train: Epoch 149: train loss 0.0064
2022-01-20 16:05:51,170 root                INFO: Train: Epoch 150: train loss 0.0054
2022-01-20 16:05:52,351 root                INFO: Train: Epoch 151: train loss 0.0053
2022-01-20 16:05:53,495 root                INFO: Train: Epoch 152: train loss 0.0061
2022-01-20 16:05:54,643 root                INFO: Train: Epoch 153: train loss 0.0065
2022-01-20 16:05:55,930 root                INFO: Train: Epoch 154: train loss 0.0070
2022-01-20 16:05:57,011 root                INFO: Train: Epoch 155: train loss 0.0066
2022-01-20 16:05:58,076 root                INFO: Train: Epoch 156: train loss 0.0074
2022-01-20 16:05:59,204 root                INFO: Train: Epoch 157: train loss 0.0062
2022-01-20 16:06:00,300 root                INFO: Train: Epoch 158: train loss 0.0071
2022-01-20 16:06:01,477 root                INFO: Train: Epoch 159: train loss 0.0071
2022-01-20 16:06:02,604 root                INFO: Train: Epoch 160: train loss 0.0070
2022-01-20 16:06:03,753 root                INFO: Train: Epoch 161: train loss 0.0078
2022-01-20 16:06:04,944 root                INFO: Train: Epoch 162: train loss 0.0077
2022-01-20 16:06:06,065 root                INFO: Train: Epoch 163: train loss 0.0082
2022-01-20 16:06:07,183 root                INFO: Train: Epoch 164: train loss 0.0087
2022-01-20 16:06:08,302 root                INFO: Train: Epoch 165: train loss 0.0077
2022-01-20 16:06:09,427 root                INFO: Train: Epoch 166: train loss 0.0070
2022-01-20 16:06:10,589 root                INFO: Train: Epoch 167: train loss 0.0066
2022-01-20 16:06:11,712 root                INFO: Train: Epoch 168: train loss 0.0073
2022-01-20 16:06:12,833 root                INFO: Train: Epoch 169: train loss 0.0070
2022-01-20 16:06:14,060 root                INFO: Train: Epoch 170: train loss 0.0059
2022-01-20 16:06:15,227 root                INFO: Train: Epoch 171: train loss 0.0068
2022-01-20 16:06:16,370 root                INFO: Train: Epoch 172: train loss 0.0064
2022-01-20 16:06:17,561 root                INFO: Train: Epoch 173: train loss 0.0063
2022-01-20 16:06:18,779 root                INFO: Train: Epoch 174: train loss 0.0070
2022-01-20 16:06:20,064 root                INFO: Train: Epoch 175: train loss 0.0066
2022-01-20 16:06:21,293 root                INFO: Train: Epoch 176: train loss 0.0072
2022-01-20 16:06:22,487 root                INFO: Train: Epoch 177: train loss 0.0060
2022-01-20 16:06:23,647 root                INFO: Train: Epoch 178: train loss 0.0073
2022-01-20 16:06:24,841 root                INFO: Train: Epoch 179: train loss 0.0063
2022-01-20 16:06:26,060 root                INFO: Train: Epoch 180: train loss 0.0070
2022-01-20 16:06:27,198 root                INFO: Train: Epoch 181: train loss 0.0063
2022-01-20 16:06:28,305 root                INFO: Train: Epoch 182: train loss 0.0058
2022-01-20 16:06:29,467 root                INFO: Train: Epoch 183: train loss 0.0063
2022-01-20 16:06:30,681 root                INFO: Train: Epoch 184: train loss 0.0083
2022-01-20 16:06:31,875 root                INFO: Train: Epoch 185: train loss 0.0072
2022-01-20 16:06:33,051 root                INFO: Train: Epoch 186: train loss 0.0060
2022-01-20 16:06:34,220 root                INFO: Train: Epoch 187: train loss 0.0068
2022-01-20 16:06:35,355 root                INFO: Train: Epoch 188: train loss 0.0065
2022-01-20 16:06:36,492 root                INFO: Train: Epoch 189: train loss 0.0056
2022-01-20 16:06:37,686 root                INFO: Train: Epoch 190: train loss 0.0062
2022-01-20 16:06:38,799 root                INFO: Train: Epoch 191: train loss 0.0057
2022-01-20 16:06:40,012 root                INFO: Train: Epoch 192: train loss 0.0054
2022-01-20 16:06:41,129 root                INFO: Train: Epoch 193: train loss 0.0058
2022-01-20 16:06:42,201 root                INFO: Train: Epoch 194: train loss 0.0055
2022-01-20 16:06:43,360 root                INFO: Train: Epoch 195: train loss 0.0053
2022-01-20 16:06:44,461 root                INFO: Train: Epoch 196: train loss 0.0053
2022-01-20 16:06:45,570 root                INFO: Train: Epoch 197: train loss 0.0051
2022-01-20 16:06:46,753 root                INFO: Train: Epoch 198: train loss 0.0049
2022-01-20 16:06:47,831 root                INFO: Train: Epoch 199: train loss 0.0050
2022-01-20 16:06:49,130 root                INFO: Train: Epoch 200: train loss 0.0054
2022-01-20 16:07:05,885 root                INFO: Valid: Epoch 200: kendall tau 0.7102; loss 0.2367
2022-01-20 16:07:05,891 root                INFO: Epoch 200: Save checkpoint to nb301_ablation_mask/true/true_0.05/123/202121/200.ckpt
2022-01-20 16:07:22,627 root                INFO: [0.058823529411764705, 0.1411764705882353, 0.2196078431372549, 0.5597336466901685, 0.7587624828666536, 0.8567512531328321, 1.0]
2022-01-20 16:07:22,627 root                INFO: [228, 228]
