2022-01-19 23:09:48,201 root                INFO: GPU device = 1
2022-01-19 23:09:48,202 root                INFO: Load pkl cache from nasbench101.pkl and nasbench101_valid.pkl
2022-01-19 23:09:48,718 root                INFO: Config: {'arch_network_cfg': {'arch_embedder_cfg': {'b_use_bn': False, 'backward_gcn_out_dims': [128, 128, 128, 128, 128], 'concat_param_zs_as_opemb_dimension': 7, 'concat_param_zs_as_opemb_scale': 0.1, 'detach_vinfo': False, 'fb_conversion_dims': [128, 128], 'gcn_kwargs': {'plus_I': True, 'residual_only': 1}, 'gcn_out_dims': [128, 128, 128, 128, 128], 'hid_dim': 96, 'mask_nonparametrized_ops': False, 'node_embedding_dim': 48, 'num_time_steps': 3, 'op_embedding_dim': 48, 'symmetry_breaking_method': 'param_zs_add', 'updateopemb_detach_finfo': True, 'updateopemb_detach_opemb': True, 'updateopemb_dims': [128], 'updateopemb_method': 'concat_ofb', 'updateopemb_scale': 0.1}, 'arch_embedder_type': 'nb101-fbflow', 'compare_loss_type': 'margin_linear', 'compare_margin': 0.1, 'mlp_dropout': 0.1, 'mlp_hiddens': [200], 'optimizer': {'lr': 0.001, 'type': 'Adam'}, 'scheduler': None}, 'batch_size': 512, 'choose_pair_criterion': 'random', 'compare': True, 'compare_threshold': 0.0, 'epochs': 200, 'max_compare_ratio': 4.0}
2022-01-19 23:09:53,195 root                INFO: Combined args: Namespace(batch_size=512, cfg_file='cfgs/nb101_cfgs/gates_true_scale0.1.yaml', choose_pair_criterion='random', compare=True, compare_threshold=0.0, epochs=200, eval_only_last=5, gpu=1, load=None, max_compare_ratio=4.0, num_workers=4, report_freq=200, save_every=200, save_predict=None, seed=21, test_funcs=None, test_only=False, train_dir='nb1shot1_ablation_scale/true/0.1_0.05/123/21', train_pkl='../mynas/data/nasbench-1shot1/nasbench101_train_123.pkl', train_ratio=0.05, valid_pkl='../mynas/data/nasbench-1shot1/nasbench101_valid.pkl')
2022-01-19 23:09:53,214 root                INFO: Train dataset ratio: 0.050
2022-01-19 23:09:53,215 root                INFO: Number of architectures: train: 364; valid: 7290
2022-01-19 23:09:56,216 root                INFO: Train: Epoch   1: train loss 0.0992
2022-01-19 23:09:56,941 root                INFO: Train: Epoch   2: train loss 0.0939
2022-01-19 23:09:57,745 root                INFO: Train: Epoch   3: train loss 0.0846
2022-01-19 23:09:58,461 root                INFO: Train: Epoch   4: train loss 0.0728
2022-01-19 23:09:59,174 root                INFO: Train: Epoch   5: train loss 0.0663
2022-01-19 23:09:59,924 root                INFO: Train: Epoch   6: train loss 0.0603
2022-01-19 23:10:00,874 root                INFO: Train: Epoch   7: train loss 0.0580
2022-01-19 23:10:01,670 root                INFO: Train: Epoch   8: train loss 0.0564
2022-01-19 23:10:02,486 root                INFO: Train: Epoch   9: train loss 0.0555
2022-01-19 23:10:03,197 root                INFO: Train: Epoch  10: train loss 0.0530
2022-01-19 23:10:03,977 root                INFO: Train: Epoch  11: train loss 0.0520
2022-01-19 23:10:04,759 root                INFO: Train: Epoch  12: train loss 0.0514
2022-01-19 23:10:05,516 root                INFO: Train: Epoch  13: train loss 0.0499
2022-01-19 23:10:06,344 root                INFO: Train: Epoch  14: train loss 0.0495
2022-01-19 23:10:07,117 root                INFO: Train: Epoch  15: train loss 0.0491
2022-01-19 23:10:07,844 root                INFO: Train: Epoch  16: train loss 0.0486
2022-01-19 23:10:08,592 root                INFO: Train: Epoch  17: train loss 0.0443
2022-01-19 23:10:09,387 root                INFO: Train: Epoch  18: train loss 0.0437
2022-01-19 23:10:10,149 root                INFO: Train: Epoch  19: train loss 0.0399
2022-01-19 23:10:10,941 root                INFO: Train: Epoch  20: train loss 0.0432
2022-01-19 23:10:11,651 root                INFO: Train: Epoch  21: train loss 0.0385
2022-01-19 23:10:12,360 root                INFO: Train: Epoch  22: train loss 0.0410
2022-01-19 23:10:13,178 root                INFO: Train: Epoch  23: train loss 0.0386
2022-01-19 23:10:13,982 root                INFO: Train: Epoch  24: train loss 0.0350
2022-01-19 23:10:14,743 root                INFO: Train: Epoch  25: train loss 0.0363
2022-01-19 23:10:15,461 root                INFO: Train: Epoch  26: train loss 0.0333
2022-01-19 23:10:16,197 root                INFO: Train: Epoch  27: train loss 0.0307
2022-01-19 23:10:16,969 root                INFO: Train: Epoch  28: train loss 0.0325
2022-01-19 23:10:17,977 root                INFO: Train: Epoch  29: train loss 0.0309
2022-01-19 23:10:18,700 root                INFO: Train: Epoch  30: train loss 0.0275
2022-01-19 23:10:19,437 root                INFO: Train: Epoch  31: train loss 0.0303
2022-01-19 23:10:20,163 root                INFO: Train: Epoch  32: train loss 0.0285
2022-01-19 23:10:20,877 root                INFO: Train: Epoch  33: train loss 0.0279
2022-01-19 23:10:21,665 root                INFO: Train: Epoch  34: train loss 0.0267
2022-01-19 23:10:22,434 root                INFO: Train: Epoch  35: train loss 0.0279
2022-01-19 23:10:23,124 root                INFO: Train: Epoch  36: train loss 0.0271
2022-01-19 23:10:23,918 root                INFO: Train: Epoch  37: train loss 0.0264
2022-01-19 23:10:24,698 root                INFO: Train: Epoch  38: train loss 0.0275
2022-01-19 23:10:25,421 root                INFO: Train: Epoch  39: train loss 0.0246
2022-01-19 23:10:26,158 root                INFO: Train: Epoch  40: train loss 0.0230
2022-01-19 23:10:26,919 root                INFO: Train: Epoch  41: train loss 0.0251
2022-01-19 23:10:27,731 root                INFO: Train: Epoch  42: train loss 0.0236
2022-01-19 23:10:28,474 root                INFO: Train: Epoch  43: train loss 0.0243
2022-01-19 23:10:29,267 root                INFO: Train: Epoch  44: train loss 0.0235
2022-01-19 23:10:30,007 root                INFO: Train: Epoch  45: train loss 0.0228
2022-01-19 23:10:30,691 root                INFO: Train: Epoch  46: train loss 0.0246
2022-01-19 23:10:31,437 root                INFO: Train: Epoch  47: train loss 0.0227
2022-01-19 23:10:32,217 root                INFO: Train: Epoch  48: train loss 0.0212
2022-01-19 23:10:32,940 root                INFO: Train: Epoch  49: train loss 0.0224
2022-01-19 23:10:33,701 root                INFO: Train: Epoch  50: train loss 0.0224
2022-01-19 23:10:34,450 root                INFO: Train: Epoch  51: train loss 0.0230
2022-01-19 23:10:35,138 root                INFO: Train: Epoch  52: train loss 0.0206
2022-01-19 23:10:35,855 root                INFO: Train: Epoch  53: train loss 0.0208
2022-01-19 23:10:36,573 root                INFO: Train: Epoch  54: train loss 0.0213
2022-01-19 23:10:37,494 root                INFO: Train: Epoch  55: train loss 0.0209
2022-01-19 23:10:38,210 root                INFO: Train: Epoch  56: train loss 0.0237
2022-01-19 23:10:38,891 root                INFO: Train: Epoch  57: train loss 0.0224
2022-01-19 23:10:39,666 root                INFO: Train: Epoch  58: train loss 0.0177
2022-01-19 23:10:40,426 root                INFO: Train: Epoch  59: train loss 0.0218
2022-01-19 23:10:41,190 root                INFO: Train: Epoch  60: train loss 0.0196
2022-01-19 23:10:41,961 root                INFO: Train: Epoch  61: train loss 0.0205
2022-01-19 23:10:42,696 root                INFO: Train: Epoch  62: train loss 0.0204
2022-01-19 23:10:43,449 root                INFO: Train: Epoch  63: train loss 0.0202
2022-01-19 23:10:44,212 root                INFO: Train: Epoch  64: train loss 0.0196
2022-01-19 23:10:44,994 root                INFO: Train: Epoch  65: train loss 0.0195
2022-01-19 23:10:45,800 root                INFO: Train: Epoch  66: train loss 0.0185
2022-01-19 23:10:46,539 root                INFO: Train: Epoch  67: train loss 0.0194
2022-01-19 23:10:47,367 root                INFO: Train: Epoch  68: train loss 0.0201
2022-01-19 23:10:48,142 root                INFO: Train: Epoch  69: train loss 0.0182
2022-01-19 23:10:48,825 root                INFO: Train: Epoch  70: train loss 0.0212
2022-01-19 23:10:49,568 root                INFO: Train: Epoch  71: train loss 0.0181
2022-01-19 23:10:50,270 root                INFO: Train: Epoch  72: train loss 0.0194
2022-01-19 23:10:51,008 root                INFO: Train: Epoch  73: train loss 0.0213
2022-01-19 23:10:51,719 root                INFO: Train: Epoch  74: train loss 0.0197
2022-01-19 23:10:52,459 root                INFO: Train: Epoch  75: train loss 0.0254
2022-01-19 23:10:53,183 root                INFO: Train: Epoch  76: train loss 0.0210
2022-01-19 23:10:54,090 root                INFO: Train: Epoch  77: train loss 0.0252
2022-01-19 23:10:54,808 root                INFO: Train: Epoch  78: train loss 0.0238
2022-01-19 23:10:55,501 root                INFO: Train: Epoch  79: train loss 0.0221
2022-01-19 23:10:56,223 root                INFO: Train: Epoch  80: train loss 0.0215
2022-01-19 23:10:56,993 root                INFO: Train: Epoch  81: train loss 0.0212
2022-01-19 23:10:57,649 root                INFO: Train: Epoch  82: train loss 0.0198
2022-01-19 23:10:58,395 root                INFO: Train: Epoch  83: train loss 0.0216
2022-01-19 23:10:59,086 root                INFO: Train: Epoch  84: train loss 0.0193
2022-01-19 23:10:59,783 root                INFO: Train: Epoch  85: train loss 0.0226
2022-01-19 23:11:00,540 root                INFO: Train: Epoch  86: train loss 0.0197
2022-01-19 23:11:01,243 root                INFO: Train: Epoch  87: train loss 0.0177
2022-01-19 23:11:01,936 root                INFO: Train: Epoch  88: train loss 0.0187
2022-01-19 23:11:02,631 root                INFO: Train: Epoch  89: train loss 0.0195
2022-01-19 23:11:03,397 root                INFO: Train: Epoch  90: train loss 0.0214
2022-01-19 23:11:04,127 root                INFO: Train: Epoch  91: train loss 0.0201
2022-01-19 23:11:04,835 root                INFO: Train: Epoch  92: train loss 0.0177
2022-01-19 23:11:05,573 root                INFO: Train: Epoch  93: train loss 0.0169
2022-01-19 23:11:06,294 root                INFO: Train: Epoch  94: train loss 0.0205
2022-01-19 23:11:06,987 root                INFO: Train: Epoch  95: train loss 0.0184
2022-01-19 23:11:07,707 root                INFO: Train: Epoch  96: train loss 0.0178
2022-01-19 23:11:08,434 root                INFO: Train: Epoch  97: train loss 0.0174
2022-01-19 23:11:09,242 root                INFO: Train: Epoch  98: train loss 0.0208
2022-01-19 23:11:09,953 root                INFO: Train: Epoch  99: train loss 0.0160
2022-01-19 23:11:10,663 root                INFO: Train: Epoch 100: train loss 0.0190
2022-01-19 23:11:11,451 root                INFO: Train: Epoch 101: train loss 0.0158
2022-01-19 23:11:12,219 root                INFO: Train: Epoch 102: train loss 0.0176
2022-01-19 23:11:13,238 root                INFO: Train: Epoch 103: train loss 0.0171
2022-01-19 23:11:14,002 root                INFO: Train: Epoch 104: train loss 0.0165
2022-01-19 23:11:14,835 root                INFO: Train: Epoch 105: train loss 0.0173
2022-01-19 23:11:15,692 root                INFO: Train: Epoch 106: train loss 0.0177
2022-01-19 23:11:16,419 root                INFO: Train: Epoch 107: train loss 0.0187
2022-01-19 23:11:17,125 root                INFO: Train: Epoch 108: train loss 0.0174
2022-01-19 23:11:17,858 root                INFO: Train: Epoch 109: train loss 0.0158
2022-01-19 23:11:18,578 root                INFO: Train: Epoch 110: train loss 0.0166
2022-01-19 23:11:19,310 root                INFO: Train: Epoch 111: train loss 0.0158
2022-01-19 23:11:20,011 root                INFO: Train: Epoch 112: train loss 0.0160
2022-01-19 23:11:20,776 root                INFO: Train: Epoch 113: train loss 0.0157
2022-01-19 23:11:21,546 root                INFO: Train: Epoch 114: train loss 0.0178
2022-01-19 23:11:22,241 root                INFO: Train: Epoch 115: train loss 0.0189
2022-01-19 23:11:23,016 root                INFO: Train: Epoch 116: train loss 0.0163
2022-01-19 23:11:23,850 root                INFO: Train: Epoch 117: train loss 0.0177
2022-01-19 23:11:24,556 root                INFO: Train: Epoch 118: train loss 0.0154
2022-01-19 23:11:25,273 root                INFO: Train: Epoch 119: train loss 0.0185
2022-01-19 23:11:25,974 root                INFO: Train: Epoch 120: train loss 0.0159
2022-01-19 23:11:26,747 root                INFO: Train: Epoch 121: train loss 0.0194
2022-01-19 23:11:27,455 root                INFO: Train: Epoch 122: train loss 0.0172
2022-01-19 23:11:28,148 root                INFO: Train: Epoch 123: train loss 0.0203
2022-01-19 23:11:28,855 root                INFO: Train: Epoch 124: train loss 0.0184
2022-01-19 23:11:29,587 root                INFO: Train: Epoch 125: train loss 0.0167
2022-01-19 23:11:30,258 root                INFO: Train: Epoch 126: train loss 0.0207
2022-01-19 23:11:30,913 root                INFO: Train: Epoch 127: train loss 0.0155
2022-01-19 23:11:31,841 root                INFO: Train: Epoch 128: train loss 0.0186
2022-01-19 23:11:32,498 root                INFO: Train: Epoch 129: train loss 0.0176
2022-01-19 23:11:33,160 root                INFO: Train: Epoch 130: train loss 0.0140
2022-01-19 23:11:33,839 root                INFO: Train: Epoch 131: train loss 0.0164
2022-01-19 23:11:34,645 root                INFO: Train: Epoch 132: train loss 0.0155
2022-01-19 23:11:35,357 root                INFO: Train: Epoch 133: train loss 0.0172
2022-01-19 23:11:36,054 root                INFO: Train: Epoch 134: train loss 0.0171
2022-01-19 23:11:36,730 root                INFO: Train: Epoch 135: train loss 0.0164
2022-01-19 23:11:37,412 root                INFO: Train: Epoch 136: train loss 0.0169
2022-01-19 23:11:38,103 root                INFO: Train: Epoch 137: train loss 0.0158
2022-01-19 23:11:38,871 root                INFO: Train: Epoch 138: train loss 0.0146
2022-01-19 23:11:39,570 root                INFO: Train: Epoch 139: train loss 0.0168
2022-01-19 23:11:40,273 root                INFO: Train: Epoch 140: train loss 0.0167
2022-01-19 23:11:40,995 root                INFO: Train: Epoch 141: train loss 0.0157
2022-01-19 23:11:41,731 root                INFO: Train: Epoch 142: train loss 0.0172
2022-01-19 23:11:42,432 root                INFO: Train: Epoch 143: train loss 0.0151
2022-01-19 23:11:43,164 root                INFO: Train: Epoch 144: train loss 0.0148
2022-01-19 23:11:43,888 root                INFO: Train: Epoch 145: train loss 0.0153
2022-01-19 23:11:44,694 root                INFO: Train: Epoch 146: train loss 0.0170
2022-01-19 23:11:45,487 root                INFO: Train: Epoch 147: train loss 0.0138
2022-01-19 23:11:46,212 root                INFO: Train: Epoch 148: train loss 0.0146
2022-01-19 23:11:46,905 root                INFO: Train: Epoch 149: train loss 0.0142
2022-01-19 23:11:47,562 root                INFO: Train: Epoch 150: train loss 0.0161
2022-01-19 23:11:48,452 root                INFO: Train: Epoch 151: train loss 0.0156
2022-01-19 23:11:49,137 root                INFO: Train: Epoch 152: train loss 0.0149
2022-01-19 23:11:49,829 root                INFO: Train: Epoch 153: train loss 0.0166
2022-01-19 23:11:50,515 root                INFO: Train: Epoch 154: train loss 0.0166
2022-01-19 23:11:51,247 root                INFO: Train: Epoch 155: train loss 0.0145
2022-01-19 23:11:51,934 root                INFO: Train: Epoch 156: train loss 0.0181
2022-01-19 23:11:52,751 root                INFO: Train: Epoch 157: train loss 0.0182
2022-01-19 23:11:53,502 root                INFO: Train: Epoch 158: train loss 0.0157
2022-01-19 23:11:54,186 root                INFO: Train: Epoch 159: train loss 0.0166
2022-01-19 23:11:54,934 root                INFO: Train: Epoch 160: train loss 0.0169
2022-01-19 23:11:55,625 root                INFO: Train: Epoch 161: train loss 0.0174
2022-01-19 23:11:56,294 root                INFO: Train: Epoch 162: train loss 0.0165
2022-01-19 23:11:56,994 root                INFO: Train: Epoch 163: train loss 0.0165
2022-01-19 23:11:57,712 root                INFO: Train: Epoch 164: train loss 0.0147
2022-01-19 23:11:58,394 root                INFO: Train: Epoch 165: train loss 0.0158
2022-01-19 23:11:59,077 root                INFO: Train: Epoch 166: train loss 0.0144
2022-01-19 23:11:59,769 root                INFO: Train: Epoch 167: train loss 0.0140
2022-01-19 23:12:00,496 root                INFO: Train: Epoch 168: train loss 0.0141
2022-01-19 23:12:01,214 root                INFO: Train: Epoch 169: train loss 0.0155
2022-01-19 23:12:01,880 root                INFO: Train: Epoch 170: train loss 0.0170
2022-01-19 23:12:02,574 root                INFO: Train: Epoch 171: train loss 0.0146
2022-01-19 23:12:03,234 root                INFO: Train: Epoch 172: train loss 0.0156
2022-01-19 23:12:03,895 root                INFO: Train: Epoch 173: train loss 0.0178
2022-01-19 23:12:04,674 root                INFO: Train: Epoch 174: train loss 0.0185
2022-01-19 23:12:05,360 root                INFO: Train: Epoch 175: train loss 0.0165
2022-01-19 23:12:06,251 root                INFO: Train: Epoch 176: train loss 0.0147
2022-01-19 23:12:06,964 root                INFO: Train: Epoch 177: train loss 0.0147
2022-01-19 23:12:07,641 root                INFO: Train: Epoch 178: train loss 0.0148
2022-01-19 23:12:08,416 root                INFO: Train: Epoch 179: train loss 0.0131
2022-01-19 23:12:09,157 root                INFO: Train: Epoch 180: train loss 0.0163
2022-01-19 23:12:09,860 root                INFO: Train: Epoch 181: train loss 0.0149
2022-01-19 23:12:10,502 root                INFO: Train: Epoch 182: train loss 0.0157
2022-01-19 23:12:11,265 root                INFO: Train: Epoch 183: train loss 0.0131
2022-01-19 23:12:11,943 root                INFO: Train: Epoch 184: train loss 0.0136
2022-01-19 23:12:12,589 root                INFO: Train: Epoch 185: train loss 0.0158
2022-01-19 23:12:13,280 root                INFO: Train: Epoch 186: train loss 0.0146
2022-01-19 23:12:13,977 root                INFO: Train: Epoch 187: train loss 0.0153
2022-01-19 23:12:14,631 root                INFO: Train: Epoch 188: train loss 0.0159
2022-01-19 23:12:15,321 root                INFO: Train: Epoch 189: train loss 0.0133
2022-01-19 23:12:15,979 root                INFO: Train: Epoch 190: train loss 0.0150
2022-01-19 23:12:16,642 root                INFO: Train: Epoch 191: train loss 0.0146
2022-01-19 23:12:17,377 root                INFO: Train: Epoch 192: train loss 0.0154
2022-01-19 23:12:18,087 root                INFO: Train: Epoch 193: train loss 0.0145
2022-01-19 23:12:18,797 root                INFO: Train: Epoch 194: train loss 0.0169
2022-01-19 23:12:19,503 root                INFO: Train: Epoch 195: train loss 0.0133
2022-01-19 23:12:20,248 root                INFO: Train: Epoch 196: train loss 0.0139
2022-01-19 23:12:22,382 root                INFO: Valid: Epoch 196: kendall tau 0.7920; loss 0.2453
2022-01-19 23:12:23,040 root                INFO: Train: Epoch 197: train loss 0.0131
2022-01-19 23:12:25,054 root                INFO: Valid: Epoch 197: kendall tau 0.7824; loss 0.2455
2022-01-19 23:12:25,742 root                INFO: Train: Epoch 198: train loss 0.0145
2022-01-19 23:12:28,237 root                INFO: Valid: Epoch 198: kendall tau 0.7817; loss 0.2609
2022-01-19 23:12:28,965 root                INFO: Train: Epoch 199: train loss 0.0133
2022-01-19 23:12:30,898 root                INFO: Valid: Epoch 199: kendall tau 0.7977; loss 0.2754
2022-01-19 23:12:31,537 root                INFO: Train: Epoch 200: train loss 0.0130
2022-01-19 23:12:33,461 root                INFO: Valid: Epoch 200: kendall tau 0.7937; loss 0.2869
2022-01-19 23:12:33,468 root                INFO: Epoch 200: Save checkpoint to nb1shot1_ablation_scale/true/0.1_0.05/123/21/200.ckpt
2022-01-19 23:12:35,524 root                INFO: [0.14285714285714285, 0.5555555555555556, 0.5972222222222222, 0.5934065934065934, 0.7270233196159122, 0.9037037037037037, 1.0]
2022-01-19 23:12:35,524 root                INFO: [2, 2]
