2022-01-21 17:33:33,899 root                INFO: GPU device = 7
2022-01-21 17:33:33,900 root                INFO: Load pkl cache from nasbench301_train.pkl and nasbench301_valid.pkl
2022-01-21 17:33:34,491 root                INFO: Config: {'arch_network_cfg': {'arch_embedder_cfg': {'take_adj_as_input': True, 'gcn_kwargs': {'residual_only': 2}, 'gcn_out_dims': [64, 64, 64, 64, 64], 'hidden_dim': 32, 'node_dim': 32, 'op_dim': 32, 'use_bn': False, 'final_concat': False, 'other_node_zero': False, 'num_time_steps': 2, 'fb_conversion_dims': [64, 64], 'backward_gcn_out_dims': [64, 64, 64, 64, 64], 'updateopemb_method': 'concat_ofb', 'updateopemb_dims': [64], 'share_skip_and_outskip': True, 'detach_vinfo': False, 'updateopemb_scale': 0.1, 'updateopemb_detach_opemb': True, 'updateopemb_detach_finfo': True, 'mask_nonparametrized_ops': True, 'symmetry_breaking_method': 'param_zs_add', 'concat_param_zs_as_opemb_dimension': 5, 'concat_param_zs_as_opemb_scale': 1.0}, 'arch_embedder_type': 'cellss-fbflow-anytime', 'compare_loss_type': 'margin_linear', 'compare_margin': 0.1, 'mlp_dropout': 0.1, 'mlp_hiddens': [200], 'mlp_out_dim': 1, 'optimizer': {'lr': 0.001, 'type': 'Adam'}, 'scheduler': None}, 'arch_network_type': 'pointwise_comparator', 'batch_size': 128, 'choose_pair_criterion': 'random', 'compare': False, 'compare_threshold': 0.0, 'epochs': 200, 'max_compare_ratio': 16.0}
2022-01-21 17:33:38,627 root                INFO: Combined args: Namespace(arch_network_type='pointwise_comparator', batch_size=128, cfg_file='cfgs/nb301_cfgs/tagates_anytime.yaml', choose_pair_criterion='random', compare=False, compare_threshold=0.0, epochs=200, eval_only_last=1, gpu=7, load=None, max_compare_ratio=16.0, num_workers=4, report_freq=200, save_every=200, save_predict=None, seed=202121, test_funcs=None, test_only=False, train_dir='nb301_anytime_tagates/tagates_0.005/12/202121', train_pkl='../mynas/data/nasbench-301/nasbench301_train_mtx_anytime_12.pkl', train_ratio=0.005, valid_pkl='../mynas/data/nasbench-301/nasbench301_valid_mtx_anytime.pkl')
2022-01-21 17:33:38,641 root                INFO: Train dataset ratio: 0.005
2022-01-21 17:33:38,642 root                INFO: Number of architectures: train: 29; valid: 51072
2022-01-21 17:33:52,198 root                INFO: Train: Epoch   1: train loss 0.3493
2022-01-21 17:33:52,910 root                INFO: Train: Epoch   2: train loss 0.3416
2022-01-21 17:33:53,588 root                INFO: Train: Epoch   3: train loss 0.3340
2022-01-21 17:33:54,269 root                INFO: Train: Epoch   4: train loss 0.3261
2022-01-21 17:33:54,977 root                INFO: Train: Epoch   5: train loss 0.3151
2022-01-21 17:33:55,670 root                INFO: Train: Epoch   6: train loss 0.3014
2022-01-21 17:33:56,368 root                INFO: Train: Epoch   7: train loss 0.2831
2022-01-21 17:33:57,055 root                INFO: Train: Epoch   8: train loss 0.2622
2022-01-21 17:33:57,638 root                INFO: Train: Epoch   9: train loss 0.2335
2022-01-21 17:33:58,230 root                INFO: Train: Epoch  10: train loss 0.1990
2022-01-21 17:33:58,813 root                INFO: Train: Epoch  11: train loss 0.1582
2022-01-21 17:33:59,363 root                INFO: Train: Epoch  12: train loss 0.1129
2022-01-21 17:33:59,945 root                INFO: Train: Epoch  13: train loss 0.0691
2022-01-21 17:34:00,540 root                INFO: Train: Epoch  14: train loss 0.0311
2022-01-21 17:34:01,107 root                INFO: Train: Epoch  15: train loss 0.0108
2022-01-21 17:34:01,693 root                INFO: Train: Epoch  16: train loss 0.0062
2022-01-21 17:34:02,250 root                INFO: Train: Epoch  17: train loss 0.0091
2022-01-21 17:34:02,819 root                INFO: Train: Epoch  18: train loss 0.0127
2022-01-21 17:34:03,379 root                INFO: Train: Epoch  19: train loss 0.0149
2022-01-21 17:34:03,946 root                INFO: Train: Epoch  20: train loss 0.0160
2022-01-21 17:34:04,502 root                INFO: Train: Epoch  21: train loss 0.0166
2022-01-21 17:34:05,117 root                INFO: Train: Epoch  22: train loss 0.0169
2022-01-21 17:34:05,713 root                INFO: Train: Epoch  23: train loss 0.0169
2022-01-21 17:34:06,282 root                INFO: Train: Epoch  24: train loss 0.0170
2022-01-21 17:34:06,844 root                INFO: Train: Epoch  25: train loss 0.0170
2022-01-21 17:34:07,416 root                INFO: Train: Epoch  26: train loss 0.0170
2022-01-21 17:34:07,998 root                INFO: Train: Epoch  27: train loss 0.0170
2022-01-21 17:34:08,567 root                INFO: Train: Epoch  28: train loss 0.0170
2022-01-21 17:34:09,149 root                INFO: Train: Epoch  29: train loss 0.0170
2022-01-21 17:34:09,712 root                INFO: Train: Epoch  30: train loss 0.0170
2022-01-21 17:34:10,288 root                INFO: Train: Epoch  31: train loss 0.0170
2022-01-21 17:34:10,845 root                INFO: Train: Epoch  32: train loss 0.0170
2022-01-21 17:34:11,428 root                INFO: Train: Epoch  33: train loss 0.0170
2022-01-21 17:34:12,027 root                INFO: Train: Epoch  34: train loss 0.0170
2022-01-21 17:34:12,593 root                INFO: Train: Epoch  35: train loss 0.0170
2022-01-21 17:34:13,152 root                INFO: Train: Epoch  36: train loss 0.0170
2022-01-21 17:34:13,724 root                INFO: Train: Epoch  37: train loss 0.0170
2022-01-21 17:34:14,294 root                INFO: Train: Epoch  38: train loss 0.0170
2022-01-21 17:34:14,859 root                INFO: Train: Epoch  39: train loss 0.0170
2022-01-21 17:34:15,477 root                INFO: Train: Epoch  40: train loss 0.0170
2022-01-21 17:34:16,058 root                INFO: Train: Epoch  41: train loss 0.0170
2022-01-21 17:34:16,615 root                INFO: Train: Epoch  42: train loss 0.0170
2022-01-21 17:34:17,154 root                INFO: Train: Epoch  43: train loss 0.0170
2022-01-21 17:34:17,722 root                INFO: Train: Epoch  44: train loss 0.0170
2022-01-21 17:34:18,301 root                INFO: Train: Epoch  45: train loss 0.0170
2022-01-21 17:34:18,865 root                INFO: Train: Epoch  46: train loss 0.0170
2022-01-21 17:34:19,456 root                INFO: Train: Epoch  47: train loss 0.0170
2022-01-21 17:34:20,013 root                INFO: Train: Epoch  48: train loss 0.0170
2022-01-21 17:34:20,577 root                INFO: Train: Epoch  49: train loss 0.0170
2022-01-21 17:34:21,168 root                INFO: Train: Epoch  50: train loss 0.0170
2022-01-21 17:34:21,728 root                INFO: Train: Epoch  51: train loss 0.0170
2022-01-21 17:34:22,259 root                INFO: Train: Epoch  52: train loss 0.0170
2022-01-21 17:34:22,826 root                INFO: Train: Epoch  53: train loss 0.0170
2022-01-21 17:34:23,406 root                INFO: Train: Epoch  54: train loss 0.0170
2022-01-21 17:34:24,004 root                INFO: Train: Epoch  55: train loss 0.0170
2022-01-21 17:34:24,610 root                INFO: Train: Epoch  56: train loss 0.0170
2022-01-21 17:34:25,221 root                INFO: Train: Epoch  57: train loss 0.0170
2022-01-21 17:34:25,837 root                INFO: Train: Epoch  58: train loss 0.0170
2022-01-21 17:34:26,457 root                INFO: Train: Epoch  59: train loss 0.0170
2022-01-21 17:34:27,078 root                INFO: Train: Epoch  60: train loss 0.0170
2022-01-21 17:34:27,670 root                INFO: Train: Epoch  61: train loss 0.0170
2022-01-21 17:34:28,274 root                INFO: Train: Epoch  62: train loss 0.0170
2022-01-21 17:34:28,899 root                INFO: Train: Epoch  63: train loss 0.0170
2022-01-21 17:34:29,487 root                INFO: Train: Epoch  64: train loss 0.0170
2022-01-21 17:34:30,104 root                INFO: Train: Epoch  65: train loss 0.0170
2022-01-21 17:34:30,671 root                INFO: Train: Epoch  66: train loss 0.0170
2022-01-21 17:34:31,260 root                INFO: Train: Epoch  67: train loss 0.0170
2022-01-21 17:34:31,863 root                INFO: Train: Epoch  68: train loss 0.0170
2022-01-21 17:34:32,460 root                INFO: Train: Epoch  69: train loss 0.0170
2022-01-21 17:34:33,064 root                INFO: Train: Epoch  70: train loss 0.0170
2022-01-21 17:34:33,672 root                INFO: Train: Epoch  71: train loss 0.0170
2022-01-21 17:34:34,294 root                INFO: Train: Epoch  72: train loss 0.0170
2022-01-21 17:34:34,896 root                INFO: Train: Epoch  73: train loss 0.0170
2022-01-21 17:34:35,487 root                INFO: Train: Epoch  74: train loss 0.0170
2022-01-21 17:34:36,110 root                INFO: Train: Epoch  75: train loss 0.0170
2022-01-21 17:34:36,766 root                INFO: Train: Epoch  76: train loss 0.0170
2022-01-21 17:34:37,373 root                INFO: Train: Epoch  77: train loss 0.0170
2022-01-21 17:34:37,989 root                INFO: Train: Epoch  78: train loss 0.0170
2022-01-21 17:34:38,617 root                INFO: Train: Epoch  79: train loss 0.0170
2022-01-21 17:34:39,221 root                INFO: Train: Epoch  80: train loss 0.0170
2022-01-21 17:34:39,828 root                INFO: Train: Epoch  81: train loss 0.0170
2022-01-21 17:34:40,439 root                INFO: Train: Epoch  82: train loss 0.0170
2022-01-21 17:34:41,055 root                INFO: Train: Epoch  83: train loss 0.0170
2022-01-21 17:34:41,668 root                INFO: Train: Epoch  84: train loss 0.0170
2022-01-21 17:34:42,260 root                INFO: Train: Epoch  85: train loss 0.0170
2022-01-21 17:34:42,873 root                INFO: Train: Epoch  86: train loss 0.0170
2022-01-21 17:34:43,458 root                INFO: Train: Epoch  87: train loss 0.0170
2022-01-21 17:34:44,085 root                INFO: Train: Epoch  88: train loss 0.0170
2022-01-21 17:34:44,701 root                INFO: Train: Epoch  89: train loss 0.0170
2022-01-21 17:34:45,289 root                INFO: Train: Epoch  90: train loss 0.0170
2022-01-21 17:34:45,903 root                INFO: Train: Epoch  91: train loss 0.0170
2022-01-21 17:34:46,515 root                INFO: Train: Epoch  92: train loss 0.0170
2022-01-21 17:34:47,121 root                INFO: Train: Epoch  93: train loss 0.0170
2022-01-21 17:34:47,738 root                INFO: Train: Epoch  94: train loss 0.0170
2022-01-21 17:34:48,332 root                INFO: Train: Epoch  95: train loss 0.0170
2022-01-21 17:34:48,955 root                INFO: Train: Epoch  96: train loss 0.0170
2022-01-21 17:34:49,570 root                INFO: Train: Epoch  97: train loss 0.0170
2022-01-21 17:34:50,170 root                INFO: Train: Epoch  98: train loss 0.0170
2022-01-21 17:34:50,765 root                INFO: Train: Epoch  99: train loss 0.0170
2022-01-21 17:34:51,369 root                INFO: Train: Epoch 100: train loss 0.0170
2022-01-21 17:34:51,970 root                INFO: Train: Epoch 101: train loss 0.0170
2022-01-21 17:34:52,599 root                INFO: Train: Epoch 102: train loss 0.0170
2022-01-21 17:34:53,221 root                INFO: Train: Epoch 103: train loss 0.0170
2022-01-21 17:34:53,829 root                INFO: Train: Epoch 104: train loss 0.0170
2022-01-21 17:34:54,423 root                INFO: Train: Epoch 105: train loss 0.0170
2022-01-21 17:34:55,061 root                INFO: Train: Epoch 106: train loss 0.0170
2022-01-21 17:34:55,667 root                INFO: Train: Epoch 107: train loss 0.0170
2022-01-21 17:34:56,266 root                INFO: Train: Epoch 108: train loss 0.0170
2022-01-21 17:34:56,905 root                INFO: Train: Epoch 109: train loss 0.0170
2022-01-21 17:34:57,544 root                INFO: Train: Epoch 110: train loss 0.0170
2022-01-21 17:34:58,161 root                INFO: Train: Epoch 111: train loss 0.0170
2022-01-21 17:34:58,792 root                INFO: Train: Epoch 112: train loss 0.0170
2022-01-21 17:34:59,392 root                INFO: Train: Epoch 113: train loss 0.0170
2022-01-21 17:34:59,983 root                INFO: Train: Epoch 114: train loss 0.0170
2022-01-21 17:35:00,552 root                INFO: Train: Epoch 115: train loss 0.0170
2022-01-21 17:35:01,135 root                INFO: Train: Epoch 116: train loss 0.0170
2022-01-21 17:35:01,718 root                INFO: Train: Epoch 117: train loss 0.0170
2022-01-21 17:35:02,285 root                INFO: Train: Epoch 118: train loss 0.0170
2022-01-21 17:35:02,841 root                INFO: Train: Epoch 119: train loss 0.0170
2022-01-21 17:35:03,405 root                INFO: Train: Epoch 120: train loss 0.0170
2022-01-21 17:35:03,950 root                INFO: Train: Epoch 121: train loss 0.0170
2022-01-21 17:35:04,507 root                INFO: Train: Epoch 122: train loss 0.0170
2022-01-21 17:35:05,061 root                INFO: Train: Epoch 123: train loss 0.0170
2022-01-21 17:35:05,608 root                INFO: Train: Epoch 124: train loss 0.0170
2022-01-21 17:35:06,153 root                INFO: Train: Epoch 125: train loss 0.0170
2022-01-21 17:35:06,718 root                INFO: Train: Epoch 126: train loss 0.0170
2022-01-21 17:35:07,269 root                INFO: Train: Epoch 127: train loss 0.0170
2022-01-21 17:35:07,818 root                INFO: Train: Epoch 128: train loss 0.0170
2022-01-21 17:35:08,358 root                INFO: Train: Epoch 129: train loss 0.0170
2022-01-21 17:35:08,889 root                INFO: Train: Epoch 130: train loss 0.0170
2022-01-21 17:35:09,479 root                INFO: Train: Epoch 131: train loss 0.0170
2022-01-21 17:35:10,107 root                INFO: Train: Epoch 132: train loss 0.0170
2022-01-21 17:35:10,711 root                INFO: Train: Epoch 133: train loss 0.0170
2022-01-21 17:35:11,346 root                INFO: Train: Epoch 134: train loss 0.0170
2022-01-21 17:35:11,965 root                INFO: Train: Epoch 135: train loss 0.0170
2022-01-21 17:35:12,554 root                INFO: Train: Epoch 136: train loss 0.0170
2022-01-21 17:35:13,162 root                INFO: Train: Epoch 137: train loss 0.0170
2022-01-21 17:35:13,759 root                INFO: Train: Epoch 138: train loss 0.0170
2022-01-21 17:35:14,351 root                INFO: Train: Epoch 139: train loss 0.0170
2022-01-21 17:35:14,955 root                INFO: Train: Epoch 140: train loss 0.0170
2022-01-21 17:35:15,534 root                INFO: Train: Epoch 141: train loss 0.0170
2022-01-21 17:35:16,118 root                INFO: Train: Epoch 142: train loss 0.0170
2022-01-21 17:35:16,700 root                INFO: Train: Epoch 143: train loss 0.0170
2022-01-21 17:35:17,289 root                INFO: Train: Epoch 144: train loss 0.0170
2022-01-21 17:35:17,900 root                INFO: Train: Epoch 145: train loss 0.0170
2022-01-21 17:35:18,600 root                INFO: Train: Epoch 146: train loss 0.0170
2022-01-21 17:35:19,209 root                INFO: Train: Epoch 147: train loss 0.0170
2022-01-21 17:35:19,787 root                INFO: Train: Epoch 148: train loss 0.0170
2022-01-21 17:35:20,310 root                INFO: Train: Epoch 149: train loss 0.0170
2022-01-21 17:35:20,835 root                INFO: Train: Epoch 150: train loss 0.0170
2022-01-21 17:35:21,353 root                INFO: Train: Epoch 151: train loss 0.0170
2022-01-21 17:35:21,882 root                INFO: Train: Epoch 152: train loss 0.0170
2022-01-21 17:35:22,439 root                INFO: Train: Epoch 153: train loss 0.0170
2022-01-21 17:35:23,057 root                INFO: Train: Epoch 154: train loss 0.0170
2022-01-21 17:35:23,598 root                INFO: Train: Epoch 155: train loss 0.0170
2022-01-21 17:35:24,151 root                INFO: Train: Epoch 156: train loss 0.0170
2022-01-21 17:35:24,699 root                INFO: Train: Epoch 157: train loss 0.0170
2022-01-21 17:35:25,283 root                INFO: Train: Epoch 158: train loss 0.0170
2022-01-21 17:35:25,916 root                INFO: Train: Epoch 159: train loss 0.0170
2022-01-21 17:35:26,544 root                INFO: Train: Epoch 160: train loss 0.0170
2022-01-21 17:35:27,185 root                INFO: Train: Epoch 161: train loss 0.0170
2022-01-21 17:35:27,818 root                INFO: Train: Epoch 162: train loss 0.0170
2022-01-21 17:35:28,442 root                INFO: Train: Epoch 163: train loss 0.0170
2022-01-21 17:35:29,059 root                INFO: Train: Epoch 164: train loss 0.0170
2022-01-21 17:35:29,706 root                INFO: Train: Epoch 165: train loss 0.0170
2022-01-21 17:35:30,397 root                INFO: Train: Epoch 166: train loss 0.0170
2022-01-21 17:35:31,061 root                INFO: Train: Epoch 167: train loss 0.0170
2022-01-21 17:35:31,769 root                INFO: Train: Epoch 168: train loss 0.0170
2022-01-21 17:35:32,429 root                INFO: Train: Epoch 169: train loss 0.0170
2022-01-21 17:35:33,090 root                INFO: Train: Epoch 170: train loss 0.0170
2022-01-21 17:35:33,670 root                INFO: Train: Epoch 171: train loss 0.0170
2022-01-21 17:35:34,188 root                INFO: Train: Epoch 172: train loss 0.0170
2022-01-21 17:35:34,719 root                INFO: Train: Epoch 173: train loss 0.0170
2022-01-21 17:35:35,278 root                INFO: Train: Epoch 174: train loss 0.0170
2022-01-21 17:35:35,826 root                INFO: Train: Epoch 175: train loss 0.0170
2022-01-21 17:35:36,394 root                INFO: Train: Epoch 176: train loss 0.0170
2022-01-21 17:35:36,934 root                INFO: Train: Epoch 177: train loss 0.0170
2022-01-21 17:35:37,479 root                INFO: Train: Epoch 178: train loss 0.0170
2022-01-21 17:35:38,056 root                INFO: Train: Epoch 179: train loss 0.0170
2022-01-21 17:35:38,608 root                INFO: Train: Epoch 180: train loss 0.0170
2022-01-21 17:35:39,172 root                INFO: Train: Epoch 181: train loss 0.0170
2022-01-21 17:35:39,706 root                INFO: Train: Epoch 182: train loss 0.0170
2022-01-21 17:35:40,242 root                INFO: Train: Epoch 183: train loss 0.0170
2022-01-21 17:35:40,803 root                INFO: Train: Epoch 184: train loss 0.0170
2022-01-21 17:35:41,365 root                INFO: Train: Epoch 185: train loss 0.0170
2022-01-21 17:35:42,093 root                INFO: Train: Epoch 186: train loss 0.0170
2022-01-21 17:35:42,765 root                INFO: Train: Epoch 187: train loss 0.0170
2022-01-21 17:35:43,411 root                INFO: Train: Epoch 188: train loss 0.0170
2022-01-21 17:35:44,077 root                INFO: Train: Epoch 189: train loss 0.0170
2022-01-21 17:35:44,755 root                INFO: Train: Epoch 190: train loss 0.0170
2022-01-21 17:35:45,411 root                INFO: Train: Epoch 191: train loss 0.0170
2022-01-21 17:35:46,038 root                INFO: Train: Epoch 192: train loss 0.0170
2022-01-21 17:35:46,681 root                INFO: Train: Epoch 193: train loss 0.0170
2022-01-21 17:35:47,311 root                INFO: Train: Epoch 194: train loss 0.0170
2022-01-21 17:35:47,995 root                INFO: Train: Epoch 195: train loss 0.0170
2022-01-21 17:35:48,613 root                INFO: Train: Epoch 196: train loss 0.0170
2022-01-21 17:35:49,255 root                INFO: Train: Epoch 197: train loss 0.0170
2022-01-21 17:35:49,936 root                INFO: Train: Epoch 198: train loss 0.0170
2022-01-21 17:35:50,564 root                INFO: Train: Epoch 199: train loss 0.0170
2022-01-21 17:35:51,200 root                INFO: Train: Epoch 200: train loss 0.0170
2022-01-21 17:36:05,513 root                INFO: Valid: Epoch 200: kendall tau 0.0197 0.0630; loss 0.01372 0.004756
2022-01-21 17:36:05,519 root                INFO: Epoch 200: Save checkpoint to nb301_anytime_tagates/tagates_0.005/12/202121/200.ckpt
2022-01-21 17:36:19,780 root                INFO: [0.0, 0.0, 0.0, 0.04034469251860556, 0.13706677109849227, 0.6218671679197995, 1.0]
2022-01-21 17:36:19,781 root                INFO: [0.0, 0.0, 0.0, 0.07677242459851155, 0.16800469943215196, 0.6266055764411027, 1.0]
2022-01-21 17:36:19,781 root                INFO: [16279, 16279]
2022-01-21 17:36:19,781 root                INFO: [16248, 819]
2022-01-21 22:08:41,456 root                INFO: GPU device = 6
2022-01-21 22:08:41,457 root                INFO: Load pkl cache from nasbench301_train.pkl and nasbench301_valid.pkl
2022-01-21 22:08:42,149 root                INFO: Config: {'arch_network_cfg': {'arch_embedder_cfg': {'take_adj_as_input': True, 'gcn_kwargs': {'residual_only': 2}, 'gcn_out_dims': [64, 64, 64, 64, 64], 'hidden_dim': 32, 'node_dim': 32, 'op_dim': 32, 'use_bn': False, 'final_concat': False, 'other_node_zero': False, 'num_time_steps': 2, 'fb_conversion_dims': [64, 64], 'backward_gcn_out_dims': [64, 64, 64, 64, 64], 'updateopemb_method': 'concat_ofb', 'updateopemb_dims': [64], 'share_skip_and_outskip': True, 'detach_vinfo': False, 'updateopemb_scale': 0.1, 'updateopemb_detach_opemb': True, 'updateopemb_detach_finfo': True, 'mask_nonparametrized_ops': True, 'symmetry_breaking_method': 'param_zs_add', 'concat_param_zs_as_opemb_dimension': 5, 'concat_param_zs_as_opemb_scale': 1.0}, 'arch_embedder_type': 'cellss-fbflow-anytime', 'compare_loss_type': 'margin_linear', 'compare_margin': 0.1, 'mlp_dropout': 0.1, 'mlp_hiddens': [200], 'mlp_out_dim': 1, 'optimizer': {'lr': 0.0001, 'type': 'Adam'}, 'scheduler': None}, 'arch_network_type': 'pointwise_comparator', 'batch_size': 128, 'choose_pair_criterion': 'random', 'compare': False, 'compare_threshold': 0.0, 'epochs': 200, 'max_compare_ratio': 16.0}
2022-01-21 22:08:45,950 root                INFO: Combined args: Namespace(arch_network_type='pointwise_comparator', batch_size=128, cfg_file='cfgs/nb301_cfgs/tagates_anytime.yaml', choose_pair_criterion='random', compare=False, compare_threshold=0.0, epochs=200, eval_only_last=1, gpu=6, load=None, max_compare_ratio=16.0, num_workers=4, report_freq=200, save_every=200, save_predict=None, seed=202121, test_funcs=None, test_only=False, train_dir='nb301_anytime_tagates/tagates_0.005/12/202121', train_pkl='../mynas/data/nasbench-301/nasbench301_train_mtx_anytime_12.pkl', train_ratio=0.005, valid_pkl='../mynas/data/nasbench-301/nasbench301_valid_mtx_anytime.pkl')
2022-01-21 22:08:45,960 root                INFO: Train dataset ratio: 0.005
2022-01-21 22:08:45,961 root                INFO: Number of architectures: train: 29; valid: 51072
2022-01-21 22:08:59,583 root                INFO: Train: Epoch   1: train loss 0.3493
2022-01-21 22:09:00,192 root                INFO: Train: Epoch   2: train loss 0.3484
2022-01-21 22:09:00,834 root                INFO: Train: Epoch   3: train loss 0.3471
2022-01-21 22:09:01,412 root                INFO: Train: Epoch   4: train loss 0.3472
2022-01-21 22:09:02,078 root                INFO: Train: Epoch   5: train loss 0.3465
2022-01-21 22:09:02,720 root                INFO: Train: Epoch   6: train loss 0.3457
2022-01-21 22:09:03,352 root                INFO: Train: Epoch   7: train loss 0.3443
2022-01-21 22:09:03,978 root                INFO: Train: Epoch   8: train loss 0.3440
2022-01-21 22:09:04,573 root                INFO: Train: Epoch   9: train loss 0.3439
2022-01-21 22:09:05,240 root                INFO: Train: Epoch  10: train loss 0.3428
2022-01-21 22:09:05,742 root                INFO: Train: Epoch  11: train loss 0.3415
2022-01-21 22:09:06,396 root                INFO: Train: Epoch  12: train loss 0.3408
2022-01-21 22:09:07,008 root                INFO: Train: Epoch  13: train loss 0.3404
2022-01-21 22:09:07,722 root                INFO: Train: Epoch  14: train loss 0.3395
2022-01-21 22:09:08,499 root                INFO: Train: Epoch  15: train loss 0.3383
2022-01-21 22:09:09,262 root                INFO: Train: Epoch  16: train loss 0.3371
2022-01-21 22:09:09,999 root                INFO: Train: Epoch  17: train loss 0.3366
2022-01-21 22:09:10,663 root                INFO: Train: Epoch  18: train loss 0.3351
2022-01-21 22:09:11,328 root                INFO: Train: Epoch  19: train loss 0.3343
2022-01-21 22:09:12,016 root                INFO: Train: Epoch  20: train loss 0.3333
2022-01-21 22:09:12,719 root                INFO: Train: Epoch  21: train loss 0.3330
2022-01-21 22:09:13,454 root                INFO: Train: Epoch  22: train loss 0.3320
2022-01-21 22:09:14,122 root                INFO: Train: Epoch  23: train loss 0.3311
2022-01-21 22:09:14,839 root                INFO: Train: Epoch  24: train loss 0.3291
2022-01-21 22:09:15,481 root                INFO: Train: Epoch  25: train loss 0.3281
2022-01-21 22:09:16,092 root                INFO: Train: Epoch  26: train loss 0.3260
2022-01-21 22:09:16,774 root                INFO: Train: Epoch  27: train loss 0.3254
2022-01-21 22:09:17,512 root                INFO: Train: Epoch  28: train loss 0.3233
2022-01-21 22:09:18,258 root                INFO: Train: Epoch  29: train loss 0.3217
2022-01-21 22:09:18,950 root                INFO: Train: Epoch  30: train loss 0.3209
2022-01-21 22:09:19,606 root                INFO: Train: Epoch  31: train loss 0.3199
2022-01-21 22:09:20,303 root                INFO: Train: Epoch  32: train loss 0.3176
2022-01-21 22:09:20,889 root                INFO: Train: Epoch  33: train loss 0.3163
2022-01-21 22:09:21,553 root                INFO: Train: Epoch  34: train loss 0.3130
2022-01-21 22:09:22,217 root                INFO: Train: Epoch  35: train loss 0.3115
2022-01-21 22:09:22,861 root                INFO: Train: Epoch  36: train loss 0.3090
2022-01-21 22:09:23,433 root                INFO: Train: Epoch  37: train loss 0.3080
2022-01-21 22:09:24,073 root                INFO: Train: Epoch  38: train loss 0.3052
2022-01-21 22:09:24,766 root                INFO: Train: Epoch  39: train loss 0.3025
2022-01-21 22:09:25,356 root                INFO: Train: Epoch  40: train loss 0.3000
2022-01-21 22:09:26,073 root                INFO: Train: Epoch  41: train loss 0.2975
2022-01-21 22:09:26,835 root                INFO: Train: Epoch  42: train loss 0.2950
2022-01-21 22:09:27,494 root                INFO: Train: Epoch  43: train loss 0.2914
2022-01-21 22:09:28,085 root                INFO: Train: Epoch  44: train loss 0.2883
2022-01-21 22:09:28,755 root                INFO: Train: Epoch  45: train loss 0.2844
2022-01-21 22:09:29,529 root                INFO: Train: Epoch  46: train loss 0.2819
2022-01-21 22:09:30,258 root                INFO: Train: Epoch  47: train loss 0.2776
2022-01-21 22:09:30,926 root                INFO: Train: Epoch  48: train loss 0.2740
2022-01-21 22:09:31,618 root                INFO: Train: Epoch  49: train loss 0.2716
2022-01-21 22:09:32,339 root                INFO: Train: Epoch  50: train loss 0.2667
2022-01-21 22:09:33,119 root                INFO: Train: Epoch  51: train loss 0.2604
2022-01-21 22:09:33,932 root                INFO: Train: Epoch  52: train loss 0.2573
2022-01-21 22:09:34,657 root                INFO: Train: Epoch  53: train loss 0.2525
2022-01-21 22:09:35,398 root                INFO: Train: Epoch  54: train loss 0.2469
2022-01-21 22:09:36,194 root                INFO: Train: Epoch  55: train loss 0.2418
2022-01-21 22:09:36,833 root                INFO: Train: Epoch  56: train loss 0.2362
2022-01-21 22:09:37,598 root                INFO: Train: Epoch  57: train loss 0.2295
2022-01-21 22:09:38,378 root                INFO: Train: Epoch  58: train loss 0.2243
2022-01-21 22:09:39,239 root                INFO: Train: Epoch  59: train loss 0.2170
2022-01-21 22:09:39,980 root                INFO: Train: Epoch  60: train loss 0.2114
2022-01-21 22:09:40,666 root                INFO: Train: Epoch  61: train loss 0.2024
2022-01-21 22:09:41,320 root                INFO: Train: Epoch  62: train loss 0.1966
2022-01-21 22:09:41,901 root                INFO: Train: Epoch  63: train loss 0.1883
2022-01-21 22:09:42,528 root                INFO: Train: Epoch  64: train loss 0.1811
2022-01-21 22:09:43,082 root                INFO: Train: Epoch  65: train loss 0.1725
2022-01-21 22:09:43,693 root                INFO: Train: Epoch  66: train loss 0.1649
2022-01-21 22:09:44,307 root                INFO: Train: Epoch  67: train loss 0.1563
2022-01-21 22:09:44,966 root                INFO: Train: Epoch  68: train loss 0.1474
2022-01-21 22:09:45,582 root                INFO: Train: Epoch  69: train loss 0.1381
2022-01-21 22:09:46,215 root                INFO: Train: Epoch  70: train loss 0.1292
2022-01-21 22:09:46,782 root                INFO: Train: Epoch  71: train loss 0.1212
2022-01-21 22:09:47,532 root                INFO: Train: Epoch  72: train loss 0.1148
2022-01-21 22:09:48,398 root                INFO: Train: Epoch  73: train loss 0.1064
2022-01-21 22:09:49,356 root                INFO: Train: Epoch  74: train loss 0.0951
2022-01-21 22:09:50,268 root                INFO: Train: Epoch  75: train loss 0.0881
2022-01-21 22:09:51,197 root                INFO: Train: Epoch  76: train loss 0.0794
2022-01-21 22:09:52,070 root                INFO: Train: Epoch  77: train loss 0.0716
2022-01-21 22:09:52,912 root                INFO: Train: Epoch  78: train loss 0.0635
2022-01-21 22:09:53,818 root                INFO: Train: Epoch  79: train loss 0.0570
2022-01-21 22:09:54,738 root                INFO: Train: Epoch  80: train loss 0.0499
2022-01-21 22:09:55,680 root                INFO: Train: Epoch  81: train loss 0.0455
2022-01-21 22:09:56,383 root                INFO: Train: Epoch  82: train loss 0.0374
2022-01-21 22:09:56,998 root                INFO: Train: Epoch  83: train loss 0.0311
2022-01-21 22:09:57,568 root                INFO: Train: Epoch  84: train loss 0.0292
2022-01-21 22:09:58,238 root                INFO: Train: Epoch  85: train loss 0.0242
2022-01-21 22:09:58,850 root                INFO: Train: Epoch  86: train loss 0.0201
2022-01-21 22:09:59,463 root                INFO: Train: Epoch  87: train loss 0.0171
2022-01-21 22:10:00,123 root                INFO: Train: Epoch  88: train loss 0.0156
2022-01-21 22:10:00,781 root                INFO: Train: Epoch  89: train loss 0.0129
2022-01-21 22:10:01,674 root                INFO: Train: Epoch  90: train loss 0.0110
2022-01-21 22:10:02,331 root                INFO: Train: Epoch  91: train loss 0.0091
2022-01-21 22:10:03,197 root                INFO: Train: Epoch  92: train loss 0.0075
2022-01-21 22:10:03,976 root                INFO: Train: Epoch  93: train loss 0.0069
2022-01-21 22:10:04,647 root                INFO: Train: Epoch  94: train loss 0.0059
2022-01-21 22:10:05,442 root                INFO: Train: Epoch  95: train loss 0.0050
2022-01-21 22:10:06,245 root                INFO: Train: Epoch  96: train loss 0.0051
2022-01-21 22:10:07,113 root                INFO: Train: Epoch  97: train loss 0.0046
2022-01-21 22:10:07,929 root                INFO: Train: Epoch  98: train loss 0.0042
2022-01-21 22:10:08,582 root                INFO: Train: Epoch  99: train loss 0.0039
2022-01-21 22:10:09,219 root                INFO: Train: Epoch 100: train loss 0.0040
2022-01-21 22:10:09,820 root                INFO: Train: Epoch 101: train loss 0.0040
2022-01-21 22:10:10,414 root                INFO: Train: Epoch 102: train loss 0.0040
2022-01-21 22:10:11,193 root                INFO: Train: Epoch 103: train loss 0.0037
2022-01-21 22:10:11,779 root                INFO: Train: Epoch 104: train loss 0.0039
2022-01-21 22:10:12,464 root                INFO: Train: Epoch 105: train loss 0.0038
2022-01-21 22:10:13,079 root                INFO: Train: Epoch 106: train loss 0.0038
2022-01-21 22:10:13,854 root                INFO: Train: Epoch 107: train loss 0.0039
2022-01-21 22:10:14,694 root                INFO: Train: Epoch 108: train loss 0.0037
2022-01-21 22:10:15,560 root                INFO: Train: Epoch 109: train loss 0.0038
2022-01-21 22:10:16,443 root                INFO: Train: Epoch 110: train loss 0.0039
2022-01-21 22:10:17,314 root                INFO: Train: Epoch 111: train loss 0.0036
2022-01-21 22:10:18,233 root                INFO: Train: Epoch 112: train loss 0.0037
2022-01-21 22:10:19,168 root                INFO: Train: Epoch 113: train loss 0.0036
2022-01-21 22:10:20,139 root                INFO: Train: Epoch 114: train loss 0.0036
2022-01-21 22:10:20,975 root                INFO: Train: Epoch 115: train loss 0.0035
2022-01-21 22:10:21,782 root                INFO: Train: Epoch 116: train loss 0.0035
2022-01-21 22:10:22,608 root                INFO: Train: Epoch 117: train loss 0.0033
2022-01-21 22:10:23,275 root                INFO: Train: Epoch 118: train loss 0.0027
2022-01-21 22:10:24,055 root                INFO: Train: Epoch 119: train loss 0.0029
2022-01-21 22:10:24,814 root                INFO: Train: Epoch 120: train loss 0.0029
2022-01-21 22:10:25,591 root                INFO: Train: Epoch 121: train loss 0.0027
2022-01-21 22:10:26,326 root                INFO: Train: Epoch 122: train loss 0.0026
2022-01-21 22:10:27,101 root                INFO: Train: Epoch 123: train loss 0.0025
2022-01-21 22:10:27,919 root                INFO: Train: Epoch 124: train loss 0.0023
2022-01-21 22:10:28,671 root                INFO: Train: Epoch 125: train loss 0.0023
2022-01-21 22:10:29,358 root                INFO: Train: Epoch 126: train loss 0.0020
2022-01-21 22:10:30,119 root                INFO: Train: Epoch 127: train loss 0.0020
2022-01-21 22:10:30,883 root                INFO: Train: Epoch 128: train loss 0.0019
2022-01-21 22:10:31,639 root                INFO: Train: Epoch 129: train loss 0.0017
2022-01-21 22:10:32,328 root                INFO: Train: Epoch 130: train loss 0.0018
2022-01-21 22:10:33,062 root                INFO: Train: Epoch 131: train loss 0.0015
2022-01-21 22:10:33,754 root                INFO: Train: Epoch 132: train loss 0.0015
2022-01-21 22:10:34,420 root                INFO: Train: Epoch 133: train loss 0.0012
2022-01-21 22:10:34,998 root                INFO: Train: Epoch 134: train loss 0.0012
2022-01-21 22:10:35,570 root                INFO: Train: Epoch 135: train loss 0.0011
2022-01-21 22:10:36,190 root                INFO: Train: Epoch 136: train loss 0.0013
2022-01-21 22:10:36,791 root                INFO: Train: Epoch 137: train loss 0.0011
2022-01-21 22:10:37,392 root                INFO: Train: Epoch 138: train loss 0.0011
2022-01-21 22:10:38,053 root                INFO: Train: Epoch 139: train loss 0.0011
2022-01-21 22:10:38,677 root                INFO: Train: Epoch 140: train loss 0.0009
2022-01-21 22:10:39,232 root                INFO: Train: Epoch 141: train loss 0.0009
2022-01-21 22:10:39,773 root                INFO: Train: Epoch 142: train loss 0.0008
2022-01-21 22:10:40,411 root                INFO: Train: Epoch 143: train loss 0.0008
2022-01-21 22:10:40,899 root                INFO: Train: Epoch 144: train loss 0.0008
2022-01-21 22:10:41,422 root                INFO: Train: Epoch 145: train loss 0.0008
2022-01-21 22:10:41,989 root                INFO: Train: Epoch 146: train loss 0.0007
2022-01-21 22:10:42,534 root                INFO: Train: Epoch 147: train loss 0.0006
2022-01-21 22:10:43,106 root                INFO: Train: Epoch 148: train loss 0.0008
2022-01-21 22:10:43,677 root                INFO: Train: Epoch 149: train loss 0.0007
2022-01-21 22:10:44,263 root                INFO: Train: Epoch 150: train loss 0.0007
2022-01-21 22:10:45,013 root                INFO: Train: Epoch 151: train loss 0.0006
2022-01-21 22:10:45,793 root                INFO: Train: Epoch 152: train loss 0.0007
2022-01-21 22:10:46,525 root                INFO: Train: Epoch 153: train loss 0.0005
2022-01-21 22:10:47,146 root                INFO: Train: Epoch 154: train loss 0.0006
2022-01-21 22:10:47,646 root                INFO: Train: Epoch 155: train loss 0.0009
2022-01-21 22:10:48,249 root                INFO: Train: Epoch 156: train loss 0.0006
2022-01-21 22:10:48,829 root                INFO: Train: Epoch 157: train loss 0.0005
2022-01-21 22:10:49,383 root                INFO: Train: Epoch 158: train loss 0.0009
2022-01-21 22:10:49,978 root                INFO: Train: Epoch 159: train loss 0.0006
2022-01-21 22:10:50,535 root                INFO: Train: Epoch 160: train loss 0.0005
2022-01-21 22:10:51,088 root                INFO: Train: Epoch 161: train loss 0.0007
2022-01-21 22:10:51,698 root                INFO: Train: Epoch 162: train loss 0.0005
2022-01-21 22:10:52,315 root                INFO: Train: Epoch 163: train loss 0.0007
2022-01-21 22:10:52,874 root                INFO: Train: Epoch 164: train loss 0.0005
2022-01-21 22:10:53,537 root                INFO: Train: Epoch 165: train loss 0.0005
2022-01-21 22:10:54,149 root                INFO: Train: Epoch 166: train loss 0.0006
2022-01-21 22:10:54,802 root                INFO: Train: Epoch 167: train loss 0.0005
2022-01-21 22:10:55,406 root                INFO: Train: Epoch 168: train loss 0.0005
2022-01-21 22:10:56,119 root                INFO: Train: Epoch 169: train loss 0.0006
2022-01-21 22:10:56,684 root                INFO: Train: Epoch 170: train loss 0.0006
2022-01-21 22:10:57,351 root                INFO: Train: Epoch 171: train loss 0.0006
2022-01-21 22:10:58,248 root                INFO: Train: Epoch 172: train loss 0.0007
2022-01-21 22:10:58,937 root                INFO: Train: Epoch 173: train loss 0.0005
2022-01-21 22:10:59,649 root                INFO: Train: Epoch 174: train loss 0.0006
2022-01-21 22:11:00,253 root                INFO: Train: Epoch 175: train loss 0.0006
2022-01-21 22:11:00,841 root                INFO: Train: Epoch 176: train loss 0.0006
2022-01-21 22:11:01,396 root                INFO: Train: Epoch 177: train loss 0.0005
2022-01-21 22:11:01,924 root                INFO: Train: Epoch 178: train loss 0.0005
2022-01-21 22:11:02,527 root                INFO: Train: Epoch 179: train loss 0.0005
2022-01-21 22:11:03,166 root                INFO: Train: Epoch 180: train loss 0.0005
2022-01-21 22:11:03,682 root                INFO: Train: Epoch 181: train loss 0.0004
2022-01-21 22:11:04,335 root                INFO: Train: Epoch 182: train loss 0.0006
2022-01-21 22:11:05,016 root                INFO: Train: Epoch 183: train loss 0.0006
2022-01-21 22:11:05,730 root                INFO: Train: Epoch 184: train loss 0.0005
2022-01-21 22:11:06,417 root                INFO: Train: Epoch 185: train loss 0.0006
2022-01-21 22:11:07,080 root                INFO: Train: Epoch 186: train loss 0.0006
2022-01-21 22:11:07,710 root                INFO: Train: Epoch 187: train loss 0.0006
2022-01-21 22:11:08,388 root                INFO: Train: Epoch 188: train loss 0.0005
2022-01-21 22:11:09,060 root                INFO: Train: Epoch 189: train loss 0.0006
2022-01-21 22:11:09,624 root                INFO: Train: Epoch 190: train loss 0.0006
2022-01-21 22:11:10,229 root                INFO: Train: Epoch 191: train loss 0.0006
2022-01-21 22:11:10,830 root                INFO: Train: Epoch 192: train loss 0.0006
2022-01-21 22:11:11,406 root                INFO: Train: Epoch 193: train loss 0.0005
2022-01-21 22:11:12,030 root                INFO: Train: Epoch 194: train loss 0.0005
2022-01-21 22:11:12,631 root                INFO: Train: Epoch 195: train loss 0.0005
2022-01-21 22:11:13,203 root                INFO: Train: Epoch 196: train loss 0.0005
2022-01-21 22:11:13,783 root                INFO: Train: Epoch 197: train loss 0.0006
2022-01-21 22:11:14,374 root                INFO: Train: Epoch 198: train loss 0.0005
2022-01-21 22:11:14,987 root                INFO: Train: Epoch 199: train loss 0.0004
2022-01-21 22:11:15,559 root                INFO: Train: Epoch 200: train loss 0.0009
2022-01-21 22:11:30,383 root                INFO: Valid: Epoch 200: kendall tau 0.2130 0.2089; loss 0.0004122 0.0002488
2022-01-21 22:11:30,390 root                INFO: Epoch 200: Save checkpoint to nb301_anytime_tagates/tagates_0.005/12/202121/200.ckpt
2022-01-21 22:11:45,059 root                INFO: [0.0, 0.0, 0.0, 0.0227183705444575, 0.11670256510671627, 0.6154448621553885, 1.0]
2022-01-21 22:11:45,059 root                INFO: [0.0, 0.0, 0.0, 0.01762632197414806, 0.10632465243783043, 0.6069862155388471, 1.0]
2022-01-21 22:11:45,059 root                INFO: [4522, 3855]
2022-01-21 22:11:45,059 root                INFO: [3712, 3712]
