2022-01-23 22:26:04,721 root                INFO: GPU device = 1
2022-01-23 22:26:04,722 root                INFO: Load pkl cache from nasbench301_train.pkl and nasbench301_valid.pkl
2022-01-23 22:26:05,560 root                INFO: Config: {'arch_network_cfg': {'arch_embedder_cfg': {'take_adj_as_input': True, 'gcn_kwargs': {'residual_only': 2}, 'gcn_out_dims': [64, 64, 64, 64, 64], 'hidden_dim': 32, 'node_dim': 32, 'op_dim': 32, 'use_bn': False, 'final_concat': False, 'other_node_zero': False, 'num_time_steps': 4, 'fb_conversion_dims': [64, 64], 'backward_gcn_out_dims': [64, 64, 64, 64, 64], 'updateopemb_method': 'concat_ofb', 'updateopemb_dims': [64], 'share_skip_and_outskip': True, 'detach_vinfo': False, 'updateopemb_scale': 0.1, 'updateopemb_detach_opemb': True, 'updateopemb_detach_finfo': True, 'mask_nonparametrized_ops': True, 'symmetry_breaking_method': 'param_zs_add', 'concat_param_zs_as_opemb_dimension': 5, 'concat_param_zs_as_opemb_scale': 1.0}, 'arch_embedder_type': 'cellss-fbflow', 'compare_loss_type': 'margin_linear', 'compare_margin': 0.1, 'mlp_dropout': 0.1, 'mlp_hiddens': [200], 'optimizer': {'lr': 0.001, 'type': 'Adam'}, 'scheduler': None}, 'arch_network_type': 'pointwise_comparator', 'batch_size': 128, 'choose_pair_criterion': 'random', 'compare': True, 'compare_threshold': 0.0, 'epochs': 200, 'max_compare_ratio': 16.0}
2022-01-23 22:26:08,880 root                INFO: Combined args: Namespace(arch_network_type='pointwise_comparator', batch_size=128, cfg_file='cfgs/nb301_cfgs/gates_true_masktrue.yaml', choose_pair_criterion='random', compare=True, compare_threshold=0.0, epochs=200, eval_only_last=1, gpu=1, load=None, max_compare_ratio=16.0, num_workers=4, report_freq=200, save_every=200, save_predict=None, seed=21, test_funcs=None, test_only=False, train_dir='../results/nb301/nb301_ablation_mask/true/true_0.5/1/21', train_pkl='../mynas/data/nasbench-301/nasbench301_train_mtx_1.pkl', train_ratio=0.5, valid_pkl='../mynas/data/nasbench-301/nasbench301_valid_mtx.pkl')
2022-01-23 22:26:08,885 root                INFO: Train dataset ratio: 0.500
2022-01-23 22:26:08,885 root                INFO: Number of architectures: train: 2948; valid: 51072
2022-01-23 22:26:30,233 root                INFO: Train: Epoch   1: train loss 0.0657
2022-01-23 22:26:36,144 root                INFO: Train: Epoch   2: train loss 0.0366
2022-01-23 22:26:42,107 root                INFO: Train: Epoch   3: train loss 0.0313
2022-01-23 22:26:48,057 root                INFO: Train: Epoch   4: train loss 0.0299
2022-01-23 22:26:53,995 root                INFO: Train: Epoch   5: train loss 0.0275
2022-01-23 22:26:59,931 root                INFO: Train: Epoch   6: train loss 0.0252
2022-01-23 22:27:05,880 root                INFO: Train: Epoch   7: train loss 0.0240
2022-01-23 22:27:11,855 root                INFO: Train: Epoch   8: train loss 0.0239
2022-01-23 22:27:17,810 root                INFO: Train: Epoch   9: train loss 0.0223
2022-01-23 22:27:23,779 root                INFO: Train: Epoch  10: train loss 0.0258
2022-01-23 22:27:29,765 root                INFO: Train: Epoch  11: train loss 0.0230
2022-01-23 22:27:35,724 root                INFO: Train: Epoch  12: train loss 0.0231
2022-01-23 22:27:41,694 root                INFO: Train: Epoch  13: train loss 0.0226
2022-01-23 22:27:47,686 root                INFO: Train: Epoch  14: train loss 0.0214
2022-01-23 22:27:53,643 root                INFO: Train: Epoch  15: train loss 0.0240
2022-01-23 22:27:59,634 root                INFO: Train: Epoch  16: train loss 0.0230
2022-01-23 22:28:05,614 root                INFO: Train: Epoch  17: train loss 0.0233
2022-01-23 22:28:11,591 root                INFO: Train: Epoch  18: train loss 0.0208
2022-01-23 22:28:17,556 root                INFO: Train: Epoch  19: train loss 0.0246
2022-01-23 22:28:23,497 root                INFO: Train: Epoch  20: train loss 0.0237
2022-01-23 22:28:29,438 root                INFO: Train: Epoch  21: train loss 0.0315
2022-01-23 22:28:35,390 root                INFO: Train: Epoch  22: train loss 0.0267
2022-01-23 22:28:41,418 root                INFO: Train: Epoch  23: train loss 0.0238
2022-01-23 22:28:47,431 root                INFO: Train: Epoch  24: train loss 0.0248
2022-01-23 22:28:53,490 root                INFO: Train: Epoch  25: train loss 0.0220
2022-01-23 22:28:59,498 root                INFO: Train: Epoch  26: train loss 0.0225
2022-01-23 22:29:05,480 root                INFO: Train: Epoch  27: train loss 0.0231
2022-01-23 22:29:11,483 root                INFO: Train: Epoch  28: train loss 0.0219
2022-01-23 22:29:17,465 root                INFO: Train: Epoch  29: train loss 0.0271
2022-01-23 22:29:23,452 root                INFO: Train: Epoch  30: train loss 0.0232
2022-01-23 22:29:29,428 root                INFO: Train: Epoch  31: train loss 0.0226
2022-01-23 22:29:35,414 root                INFO: Train: Epoch  32: train loss 0.0270
2022-01-23 22:29:41,402 root                INFO: Train: Epoch  33: train loss 0.0222
2022-01-23 22:29:47,398 root                INFO: Train: Epoch  34: train loss 0.0213
2022-01-23 22:29:53,411 root                INFO: Train: Epoch  35: train loss 0.0207
2022-01-23 22:29:59,406 root                INFO: Train: Epoch  36: train loss 0.0201
2022-01-23 22:30:05,389 root                INFO: Train: Epoch  37: train loss 0.0224
2022-01-23 22:30:11,368 root                INFO: Train: Epoch  38: train loss 0.0233
2022-01-23 22:30:17,348 root                INFO: Train: Epoch  39: train loss 0.0219
2022-01-23 22:30:23,331 root                INFO: Train: Epoch  40: train loss 0.0228
2022-01-23 22:30:29,319 root                INFO: Train: Epoch  41: train loss 0.0204
2022-01-23 22:30:35,320 root                INFO: Train: Epoch  42: train loss 0.0209
2022-01-23 22:30:41,300 root                INFO: Train: Epoch  43: train loss 0.0193
2022-01-23 22:30:47,281 root                INFO: Train: Epoch  44: train loss 0.0192
2022-01-23 22:30:53,263 root                INFO: Train: Epoch  45: train loss 0.0222
2022-01-23 22:30:59,246 root                INFO: Train: Epoch  46: train loss 0.0214
2022-01-23 22:31:05,220 root                INFO: Train: Epoch  47: train loss 0.0201
2022-01-23 22:31:11,207 root                INFO: Train: Epoch  48: train loss 0.0209
2022-01-23 22:31:17,193 root                INFO: Train: Epoch  49: train loss 0.0189
2022-01-23 22:31:23,173 root                INFO: Train: Epoch  50: train loss 0.0183
2022-01-23 22:31:29,145 root                INFO: Train: Epoch  51: train loss 0.0222
2022-01-23 22:31:35,124 root                INFO: Train: Epoch  52: train loss 0.0233
2022-01-23 22:31:41,127 root                INFO: Train: Epoch  53: train loss 0.0210
2022-01-23 22:31:47,116 root                INFO: Train: Epoch  54: train loss 0.0205
2022-01-23 22:31:53,092 root                INFO: Train: Epoch  55: train loss 0.0209
2022-01-23 22:31:59,081 root                INFO: Train: Epoch  56: train loss 0.0191
2022-01-23 22:32:05,045 root                INFO: Train: Epoch  57: train loss 0.0250
2022-01-23 22:32:11,022 root                INFO: Train: Epoch  58: train loss 0.0218
2022-01-23 22:32:16,991 root                INFO: Train: Epoch  59: train loss 0.0198
2022-01-23 22:32:22,968 root                INFO: Train: Epoch  60: train loss 0.0193
2022-01-23 22:32:28,946 root                INFO: Train: Epoch  61: train loss 0.0189
2022-01-23 22:32:34,906 root                INFO: Train: Epoch  62: train loss 0.0242
2022-01-23 22:32:40,882 root                INFO: Train: Epoch  63: train loss 0.0197
2022-01-23 22:32:46,844 root                INFO: Train: Epoch  64: train loss 0.0235
2022-01-23 22:32:52,820 root                INFO: Train: Epoch  65: train loss 0.0235
2022-01-23 22:32:58,822 root                INFO: Train: Epoch  66: train loss 0.0215
2022-01-23 22:33:04,802 root                INFO: Train: Epoch  67: train loss 0.0190
2022-01-23 22:33:10,785 root                INFO: Train: Epoch  68: train loss 0.0197
2022-01-23 22:33:16,775 root                INFO: Train: Epoch  69: train loss 0.0196
2022-01-23 22:33:22,790 root                INFO: Train: Epoch  70: train loss 0.0248
2022-01-23 22:33:28,765 root                INFO: Train: Epoch  71: train loss 0.0213
2022-01-23 22:33:34,737 root                INFO: Train: Epoch  72: train loss 0.0204
2022-01-23 22:33:40,722 root                INFO: Train: Epoch  73: train loss 0.0218
2022-01-23 22:33:46,697 root                INFO: Train: Epoch  74: train loss 0.0207
2022-01-23 22:33:52,667 root                INFO: Train: Epoch  75: train loss 0.0191
2022-01-23 22:33:58,683 root                INFO: Train: Epoch  76: train loss 0.0191
2022-01-23 22:34:04,749 root                INFO: Train: Epoch  77: train loss 0.0180
2022-01-23 22:34:10,799 root                INFO: Train: Epoch  78: train loss 0.0181
2022-01-23 22:34:16,829 root                INFO: Train: Epoch  79: train loss 0.0176
2022-01-23 22:34:22,797 root                INFO: Train: Epoch  80: train loss 0.0185
2022-01-23 22:34:28,797 root                INFO: Train: Epoch  81: train loss 0.0200
2022-01-23 22:34:34,798 root                INFO: Train: Epoch  82: train loss 0.0190
2022-01-23 22:34:40,777 root                INFO: Train: Epoch  83: train loss 0.0182
2022-01-23 22:34:46,768 root                INFO: Train: Epoch  84: train loss 0.0205
2022-01-23 22:34:52,754 root                INFO: Train: Epoch  85: train loss 0.0192
2022-01-23 22:34:58,735 root                INFO: Train: Epoch  86: train loss 0.0186
2022-01-23 22:35:04,729 root                INFO: Train: Epoch  87: train loss 0.0183
2022-01-23 22:35:10,721 root                INFO: Train: Epoch  88: train loss 0.0180
2022-01-23 22:35:16,702 root                INFO: Train: Epoch  89: train loss 0.0179
2022-01-23 22:35:22,669 root                INFO: Train: Epoch  90: train loss 0.0240
2022-01-23 22:35:28,645 root                INFO: Train: Epoch  91: train loss 0.0185
2022-01-23 22:35:34,630 root                INFO: Train: Epoch  92: train loss 0.0186
2022-01-23 22:35:40,620 root                INFO: Train: Epoch  93: train loss 0.0190
2022-01-23 22:35:46,600 root                INFO: Train: Epoch  94: train loss 0.0200
2022-01-23 22:35:52,579 root                INFO: Train: Epoch  95: train loss 0.0205
2022-01-23 22:35:58,564 root                INFO: Train: Epoch  96: train loss 0.0190
2022-01-23 22:36:04,534 root                INFO: Train: Epoch  97: train loss 0.0197
2022-01-23 22:36:10,510 root                INFO: Train: Epoch  98: train loss 0.0179
2022-01-23 22:36:16,512 root                INFO: Train: Epoch  99: train loss 0.0202
2022-01-23 22:36:22,472 root                INFO: Train: Epoch 100: train loss 0.0177
2022-01-23 22:36:28,448 root                INFO: Train: Epoch 101: train loss 0.0165
2022-01-23 22:36:34,447 root                INFO: Train: Epoch 102: train loss 0.0174
2022-01-23 22:36:40,432 root                INFO: Train: Epoch 103: train loss 0.0222
2022-01-23 22:36:46,378 root                INFO: Train: Epoch 104: train loss 0.0196
2022-01-23 22:36:52,331 root                INFO: Train: Epoch 105: train loss 0.0186
2022-01-23 22:36:58,277 root                INFO: Train: Epoch 106: train loss 0.0213
2022-01-23 22:37:04,231 root                INFO: Train: Epoch 107: train loss 0.0187
2022-01-23 22:37:10,198 root                INFO: Train: Epoch 108: train loss 0.0179
2022-01-23 22:37:16,179 root                INFO: Train: Epoch 109: train loss 0.0168
2022-01-23 22:37:22,137 root                INFO: Train: Epoch 110: train loss 0.0188
2022-01-23 22:37:28,092 root                INFO: Train: Epoch 111: train loss 0.0165
2022-01-23 22:37:34,063 root                INFO: Train: Epoch 112: train loss 0.0161
2022-01-23 22:37:40,037 root                INFO: Train: Epoch 113: train loss 0.0194
2022-01-23 22:37:46,004 root                INFO: Train: Epoch 114: train loss 0.0247
2022-01-23 22:37:51,993 root                INFO: Train: Epoch 115: train loss 0.0188
2022-01-23 22:37:57,945 root                INFO: Train: Epoch 116: train loss 0.0201
2022-01-23 22:38:03,911 root                INFO: Train: Epoch 117: train loss 0.0187
2022-01-23 22:38:09,859 root                INFO: Train: Epoch 118: train loss 0.0174
2022-01-23 22:38:15,791 root                INFO: Train: Epoch 119: train loss 0.0224
2022-01-23 22:38:21,740 root                INFO: Train: Epoch 120: train loss 0.0189
2022-01-23 22:38:27,705 root                INFO: Train: Epoch 121: train loss 0.0179
2022-01-23 22:38:33,634 root                INFO: Train: Epoch 122: train loss 0.0267
2022-01-23 22:38:39,574 root                INFO: Train: Epoch 123: train loss 0.0223
2022-01-23 22:38:45,518 root                INFO: Train: Epoch 124: train loss 0.0233
2022-01-23 22:38:51,473 root                INFO: Train: Epoch 125: train loss 0.0201
2022-01-23 22:38:57,453 root                INFO: Train: Epoch 126: train loss 0.0216
2022-01-23 22:39:03,431 root                INFO: Train: Epoch 127: train loss 0.0207
2022-01-23 22:39:09,406 root                INFO: Train: Epoch 128: train loss 0.0194
2022-01-23 22:39:15,404 root                INFO: Train: Epoch 129: train loss 0.0191
2022-01-23 22:39:21,394 root                INFO: Train: Epoch 130: train loss 0.0224
2022-01-23 22:39:27,375 root                INFO: Train: Epoch 131: train loss 0.0195
2022-01-23 22:39:33,465 root                INFO: Train: Epoch 132: train loss 0.0182
2022-01-23 22:39:39,439 root                INFO: Train: Epoch 133: train loss 0.0181
2022-01-23 22:39:45,434 root                INFO: Train: Epoch 134: train loss 0.0238
2022-01-23 22:39:51,407 root                INFO: Train: Epoch 135: train loss 0.0205
2022-01-23 22:39:57,393 root                INFO: Train: Epoch 136: train loss 0.0298
2022-01-23 22:40:03,378 root                INFO: Train: Epoch 137: train loss 0.0209
2022-01-23 22:40:09,366 root                INFO: Train: Epoch 138: train loss 0.0189
2022-01-23 22:40:15,361 root                INFO: Train: Epoch 139: train loss 0.0181
2022-01-23 22:40:21,346 root                INFO: Train: Epoch 140: train loss 0.0173
2022-01-23 22:40:27,333 root                INFO: Train: Epoch 141: train loss 0.0169
2022-01-23 22:40:33,337 root                INFO: Train: Epoch 142: train loss 0.0178
2022-01-23 22:40:39,328 root                INFO: Train: Epoch 143: train loss 0.0179
2022-01-23 22:40:45,354 root                INFO: Train: Epoch 144: train loss 0.0197
2022-01-23 22:40:51,349 root                INFO: Train: Epoch 145: train loss 0.0174
2022-01-23 22:40:57,328 root                INFO: Train: Epoch 146: train loss 0.0189
2022-01-23 22:41:03,306 root                INFO: Train: Epoch 147: train loss 0.0175
2022-01-23 22:41:09,293 root                INFO: Train: Epoch 148: train loss 0.0171
2022-01-23 22:41:15,268 root                INFO: Train: Epoch 149: train loss 0.0177
2022-01-23 22:41:21,251 root                INFO: Train: Epoch 150: train loss 0.0191
2022-01-23 22:41:27,243 root                INFO: Train: Epoch 151: train loss 0.0222
2022-01-23 22:41:33,227 root                INFO: Train: Epoch 152: train loss 0.0188
2022-01-23 22:41:39,222 root                INFO: Train: Epoch 153: train loss 0.0173
2022-01-23 22:41:45,308 root                INFO: Train: Epoch 154: train loss 0.0245
2022-01-23 22:41:51,342 root                INFO: Train: Epoch 155: train loss 0.0181
2022-01-23 22:41:57,323 root                INFO: Train: Epoch 156: train loss 0.0176
2022-01-23 22:42:03,306 root                INFO: Train: Epoch 157: train loss 0.0165
2022-01-23 22:42:09,281 root                INFO: Train: Epoch 158: train loss 0.0161
2022-01-23 22:42:15,285 root                INFO: Train: Epoch 159: train loss 0.0161
2022-01-23 22:42:21,287 root                INFO: Train: Epoch 160: train loss 0.0168
2022-01-23 22:42:27,267 root                INFO: Train: Epoch 161: train loss 0.0157
2022-01-23 22:42:33,247 root                INFO: Train: Epoch 162: train loss 0.0150
2022-01-23 22:42:39,249 root                INFO: Train: Epoch 163: train loss 0.0214
2022-01-23 22:42:45,232 root                INFO: Train: Epoch 164: train loss 0.0176
2022-01-23 22:42:51,221 root                INFO: Train: Epoch 165: train loss 0.0156
2022-01-23 22:42:57,227 root                INFO: Train: Epoch 166: train loss 0.0213
2022-01-23 22:43:03,237 root                INFO: Train: Epoch 167: train loss 0.0173
2022-01-23 22:43:09,249 root                INFO: Train: Epoch 168: train loss 0.0163
2022-01-23 22:43:15,244 root                INFO: Train: Epoch 169: train loss 0.0160
2022-01-23 22:43:21,205 root                INFO: Train: Epoch 170: train loss 0.0156
2022-01-23 22:43:27,172 root                INFO: Train: Epoch 171: train loss 0.0165
2022-01-23 22:43:33,123 root                INFO: Train: Epoch 172: train loss 0.0199
2022-01-23 22:43:39,106 root                INFO: Train: Epoch 173: train loss 0.0175
2022-01-23 22:43:45,084 root                INFO: Train: Epoch 174: train loss 0.0186
2022-01-23 22:43:51,062 root                INFO: Train: Epoch 175: train loss 0.0231
2022-01-23 22:43:57,045 root                INFO: Train: Epoch 176: train loss 0.0193
2022-01-23 22:44:03,025 root                INFO: Train: Epoch 177: train loss 0.0178
2022-01-23 22:44:09,000 root                INFO: Train: Epoch 178: train loss 0.0180
2022-01-23 22:44:14,980 root                INFO: Train: Epoch 179: train loss 0.0167
2022-01-23 22:44:20,979 root                INFO: Train: Epoch 180: train loss 0.0171
2022-01-23 22:44:26,945 root                INFO: Train: Epoch 181: train loss 0.0169
2022-01-23 22:44:32,895 root                INFO: Train: Epoch 182: train loss 0.0168
2022-01-23 22:44:38,871 root                INFO: Train: Epoch 183: train loss 0.0247
2022-01-23 22:44:44,880 root                INFO: Train: Epoch 184: train loss 0.0189
2022-01-23 22:44:50,958 root                INFO: Train: Epoch 185: train loss 0.0223
2022-01-23 22:44:56,947 root                INFO: Train: Epoch 186: train loss 0.0176
2022-01-23 22:45:02,952 root                INFO: Train: Epoch 187: train loss 0.0170
2022-01-23 22:45:08,965 root                INFO: Train: Epoch 188: train loss 0.0157
2022-01-23 22:45:14,967 root                INFO: Train: Epoch 189: train loss 0.0151
2022-01-23 22:45:21,029 root                INFO: Train: Epoch 190: train loss 0.0157
2022-01-23 22:45:27,040 root                INFO: Train: Epoch 191: train loss 0.0163
2022-01-23 22:45:33,057 root                INFO: Train: Epoch 192: train loss 0.0166
2022-01-23 22:45:39,041 root                INFO: Train: Epoch 193: train loss 0.0162
2022-01-23 22:45:45,022 root                INFO: Train: Epoch 194: train loss 0.0173
2022-01-23 22:45:50,969 root                INFO: Train: Epoch 195: train loss 0.0161
2022-01-23 22:45:56,927 root                INFO: Train: Epoch 196: train loss 0.0198
2022-01-23 22:46:02,877 root                INFO: Train: Epoch 197: train loss 0.0167
2022-01-23 22:46:08,830 root                INFO: Train: Epoch 198: train loss 0.0164
2022-01-23 22:46:14,790 root                INFO: Train: Epoch 199: train loss 0.0154
2022-01-23 22:46:20,744 root                INFO: Train: Epoch 200: train loss 0.0143
2022-01-23 22:46:36,741 root                INFO: Valid: Epoch 200: kendall tau 0.7732; loss 0.1896
2022-01-23 22:46:36,747 root                INFO: Epoch 200: Save checkpoint to ../results/nb301/nb301_ablation_mask/true/true_0.5/1/21/200.ckpt
2022-01-23 22:46:52,802 root                INFO: [0.11764705882352941, 0.17254901960784313, 0.2823529411764706, 0.6408147277712495, 0.8030154689641669, 0.8923088972431078, 1.0]
2022-01-23 22:46:52,803 root                INFO: [42, 42]
