2022-01-20 15:56:29,433 root                INFO: GPU device = 0
2022-01-20 15:56:29,434 root                INFO: Load pkl cache from nasbench301_train.pkl and nasbench301_valid.pkl
2022-01-20 15:56:30,307 root                INFO: Config: {'arch_network_cfg': {'arch_embedder_cfg': {'take_adj_as_input': True, 'gcn_kwargs': {'residual_only': 2}, 'gcn_out_dims': [64, 64, 64, 64, 64], 'hidden_dim': 32, 'node_dim': 32, 'op_dim': 32, 'use_bn': False, 'final_concat': False, 'other_node_zero': False, 'num_time_steps': 4, 'fb_conversion_dims': [64, 64], 'backward_gcn_out_dims': [64, 64, 64, 64, 64], 'updateopemb_method': 'concat_ofb', 'updateopemb_dims': [64], 'share_skip_and_outskip': True, 'detach_vinfo': False, 'updateopemb_scale': 0.1, 'updateopemb_detach_opemb': True, 'updateopemb_detach_finfo': True, 'mask_nonparametrized_ops': True, 'symmetry_breaking_method': 'param_zs_add', 'concat_param_zs_as_opemb_dimension': 5, 'concat_param_zs_as_opemb_scale': 1.0}, 'arch_embedder_type': 'cellss-fbflow', 'compare_loss_type': 'margin_linear', 'compare_margin': 0.1, 'mlp_dropout': 0.1, 'mlp_hiddens': [200], 'optimizer': {'lr': 0.001, 'type': 'Adam'}, 'scheduler': None}, 'arch_network_type': 'pointwise_comparator', 'batch_size': 128, 'choose_pair_criterion': 'random', 'compare': True, 'compare_threshold': 0.0, 'epochs': 200, 'max_compare_ratio': 16.0}
2022-01-20 15:56:33,643 root                INFO: Combined args: Namespace(arch_network_type='pointwise_comparator', batch_size=128, cfg_file='cfgs/nb301_cfgs/gates_true_masktrue.yaml', choose_pair_criterion='random', compare=True, compare_threshold=0.0, epochs=200, eval_only_last=1, gpu=0, load=None, max_compare_ratio=16.0, num_workers=4, report_freq=200, save_every=200, save_predict=None, seed=2021, test_funcs=None, test_only=False, train_dir='nb301_ablation_mask/true/true_0.01/12/2021', train_pkl='../mynas/data/nasbench-301/nasbench301_train_mtx_12.pkl', train_ratio=0.01, valid_pkl='../mynas/data/nasbench-301/nasbench301_valid_mtx.pkl')
2022-01-20 15:56:33,653 root                INFO: Train dataset ratio: 0.010
2022-01-20 15:56:33,654 root                INFO: Number of architectures: train: 58; valid: 51072
2022-01-20 15:56:49,762 root                INFO: Train: Epoch   1: train loss 0.1000
2022-01-20 15:56:50,343 root                INFO: Train: Epoch   2: train loss 0.0989
2022-01-20 15:56:50,969 root                INFO: Train: Epoch   3: train loss 0.0974
2022-01-20 15:56:51,539 root                INFO: Train: Epoch   4: train loss 0.0961
2022-01-20 15:56:52,096 root                INFO: Train: Epoch   5: train loss 0.0934
2022-01-20 15:56:52,641 root                INFO: Train: Epoch   6: train loss 0.0893
2022-01-20 15:56:53,203 root                INFO: Train: Epoch   7: train loss 0.0852
2022-01-20 15:56:53,769 root                INFO: Train: Epoch   8: train loss 0.0785
2022-01-20 15:56:54,344 root                INFO: Train: Epoch   9: train loss 0.0706
2022-01-20 15:56:54,918 root                INFO: Train: Epoch  10: train loss 0.0620
2022-01-20 15:56:55,492 root                INFO: Train: Epoch  11: train loss 0.0569
2022-01-20 15:56:56,056 root                INFO: Train: Epoch  12: train loss 0.0490
2022-01-20 15:56:56,627 root                INFO: Train: Epoch  13: train loss 0.0441
2022-01-20 15:56:57,225 root                INFO: Train: Epoch  14: train loss 0.0396
2022-01-20 15:56:57,800 root                INFO: Train: Epoch  15: train loss 0.0349
2022-01-20 15:56:58,363 root                INFO: Train: Epoch  16: train loss 0.0313
2022-01-20 15:56:58,908 root                INFO: Train: Epoch  17: train loss 0.0319
2022-01-20 15:56:59,525 root                INFO: Train: Epoch  18: train loss 0.0314
2022-01-20 15:57:00,124 root                INFO: Train: Epoch  19: train loss 0.0270
2022-01-20 15:57:00,685 root                INFO: Train: Epoch  20: train loss 0.0288
2022-01-20 15:57:01,240 root                INFO: Train: Epoch  21: train loss 0.0247
2022-01-20 15:57:01,785 root                INFO: Train: Epoch  22: train loss 0.0297
2022-01-20 15:57:02,356 root                INFO: Train: Epoch  23: train loss 0.0256
2022-01-20 15:57:02,927 root                INFO: Train: Epoch  24: train loss 0.0223
2022-01-20 15:57:03,496 root                INFO: Train: Epoch  25: train loss 0.0244
2022-01-20 15:57:04,062 root                INFO: Train: Epoch  26: train loss 0.0205
2022-01-20 15:57:04,621 root                INFO: Train: Epoch  27: train loss 0.0208
2022-01-20 15:57:05,174 root                INFO: Train: Epoch  28: train loss 0.0206
2022-01-20 15:57:05,733 root                INFO: Train: Epoch  29: train loss 0.0210
2022-01-20 15:57:06,318 root                INFO: Train: Epoch  30: train loss 0.0194
2022-01-20 15:57:06,856 root                INFO: Train: Epoch  31: train loss 0.0183
2022-01-20 15:57:07,414 root                INFO: Train: Epoch  32: train loss 0.0165
2022-01-20 15:57:07,961 root                INFO: Train: Epoch  33: train loss 0.0156
2022-01-20 15:57:08,523 root                INFO: Train: Epoch  34: train loss 0.0143
2022-01-20 15:57:09,148 root                INFO: Train: Epoch  35: train loss 0.0152
2022-01-20 15:57:09,751 root                INFO: Train: Epoch  36: train loss 0.0156
2022-01-20 15:57:10,367 root                INFO: Train: Epoch  37: train loss 0.0141
2022-01-20 15:57:10,961 root                INFO: Train: Epoch  38: train loss 0.0135
2022-01-20 15:57:11,548 root                INFO: Train: Epoch  39: train loss 0.0123
2022-01-20 15:57:12,108 root                INFO: Train: Epoch  40: train loss 0.0127
2022-01-20 15:57:12,715 root                INFO: Train: Epoch  41: train loss 0.0120
2022-01-20 15:57:13,352 root                INFO: Train: Epoch  42: train loss 0.0129
2022-01-20 15:57:14,010 root                INFO: Train: Epoch  43: train loss 0.0128
2022-01-20 15:57:14,761 root                INFO: Train: Epoch  44: train loss 0.0109
2022-01-20 15:57:15,428 root                INFO: Train: Epoch  45: train loss 0.0108
2022-01-20 15:57:16,023 root                INFO: Train: Epoch  46: train loss 0.0111
2022-01-20 15:57:16,649 root                INFO: Train: Epoch  47: train loss 0.0092
2022-01-20 15:57:17,237 root                INFO: Train: Epoch  48: train loss 0.0109
2022-01-20 15:57:17,838 root                INFO: Train: Epoch  49: train loss 0.0097
2022-01-20 15:57:18,468 root                INFO: Train: Epoch  50: train loss 0.0104
2022-01-20 15:57:19,030 root                INFO: Train: Epoch  51: train loss 0.0111
2022-01-20 15:57:19,581 root                INFO: Train: Epoch  52: train loss 0.0096
2022-01-20 15:57:20,137 root                INFO: Train: Epoch  53: train loss 0.0098
2022-01-20 15:57:20,721 root                INFO: Train: Epoch  54: train loss 0.0088
2022-01-20 15:57:21,278 root                INFO: Train: Epoch  55: train loss 0.0077
2022-01-20 15:57:21,856 root                INFO: Train: Epoch  56: train loss 0.0090
2022-01-20 15:57:22,486 root                INFO: Train: Epoch  57: train loss 0.0076
2022-01-20 15:57:23,141 root                INFO: Train: Epoch  58: train loss 0.0075
2022-01-20 15:57:23,771 root                INFO: Train: Epoch  59: train loss 0.0061
2022-01-20 15:57:24,433 root                INFO: Train: Epoch  60: train loss 0.0071
2022-01-20 15:57:25,063 root                INFO: Train: Epoch  61: train loss 0.0070
2022-01-20 15:57:25,698 root                INFO: Train: Epoch  62: train loss 0.0069
2022-01-20 15:57:26,329 root                INFO: Train: Epoch  63: train loss 0.0063
2022-01-20 15:57:27,029 root                INFO: Train: Epoch  64: train loss 0.0074
2022-01-20 15:57:27,692 root                INFO: Train: Epoch  65: train loss 0.0054
2022-01-20 15:57:28,303 root                INFO: Train: Epoch  66: train loss 0.0073
2022-01-20 15:57:28,924 root                INFO: Train: Epoch  67: train loss 0.0074
2022-01-20 15:57:29,566 root                INFO: Train: Epoch  68: train loss 0.0057
2022-01-20 15:57:30,206 root                INFO: Train: Epoch  69: train loss 0.0065
2022-01-20 15:57:30,866 root                INFO: Train: Epoch  70: train loss 0.0059
2022-01-20 15:57:31,532 root                INFO: Train: Epoch  71: train loss 0.0061
2022-01-20 15:57:32,195 root                INFO: Train: Epoch  72: train loss 0.0055
2022-01-20 15:57:32,885 root                INFO: Train: Epoch  73: train loss 0.0058
2022-01-20 15:57:33,557 root                INFO: Train: Epoch  74: train loss 0.0073
2022-01-20 15:57:34,209 root                INFO: Train: Epoch  75: train loss 0.0062
2022-01-20 15:57:34,886 root                INFO: Train: Epoch  76: train loss 0.0055
2022-01-20 15:57:35,546 root                INFO: Train: Epoch  77: train loss 0.0046
2022-01-20 15:57:36,200 root                INFO: Train: Epoch  78: train loss 0.0055
2022-01-20 15:57:36,860 root                INFO: Train: Epoch  79: train loss 0.0044
2022-01-20 15:57:37,515 root                INFO: Train: Epoch  80: train loss 0.0048
2022-01-20 15:57:38,215 root                INFO: Train: Epoch  81: train loss 0.0045
2022-01-20 15:57:38,882 root                INFO: Train: Epoch  82: train loss 0.0047
2022-01-20 15:57:39,523 root                INFO: Train: Epoch  83: train loss 0.0061
2022-01-20 15:57:40,183 root                INFO: Train: Epoch  84: train loss 0.0039
2022-01-20 15:57:40,831 root                INFO: Train: Epoch  85: train loss 0.0040
2022-01-20 15:57:41,461 root                INFO: Train: Epoch  86: train loss 0.0050
2022-01-20 15:57:42,098 root                INFO: Train: Epoch  87: train loss 0.0043
2022-01-20 15:57:42,753 root                INFO: Train: Epoch  88: train loss 0.0040
2022-01-20 15:57:43,423 root                INFO: Train: Epoch  89: train loss 0.0044
2022-01-20 15:57:44,081 root                INFO: Train: Epoch  90: train loss 0.0042
2022-01-20 15:57:44,748 root                INFO: Train: Epoch  91: train loss 0.0025
2022-01-20 15:57:45,403 root                INFO: Train: Epoch  92: train loss 0.0046
2022-01-20 15:57:46,038 root                INFO: Train: Epoch  93: train loss 0.0036
2022-01-20 15:57:46,673 root                INFO: Train: Epoch  94: train loss 0.0047
2022-01-20 15:57:47,305 root                INFO: Train: Epoch  95: train loss 0.0035
2022-01-20 15:57:47,974 root                INFO: Train: Epoch  96: train loss 0.0046
2022-01-20 15:57:48,718 root                INFO: Train: Epoch  97: train loss 0.0034
2022-01-20 15:57:49,462 root                INFO: Train: Epoch  98: train loss 0.0052
2022-01-20 15:57:50,148 root                INFO: Train: Epoch  99: train loss 0.0051
2022-01-20 15:57:50,865 root                INFO: Train: Epoch 100: train loss 0.0040
2022-01-20 15:57:51,585 root                INFO: Train: Epoch 101: train loss 0.0042
2022-01-20 15:57:52,308 root                INFO: Train: Epoch 102: train loss 0.0027
2022-01-20 15:57:53,026 root                INFO: Train: Epoch 103: train loss 0.0029
2022-01-20 15:57:53,758 root                INFO: Train: Epoch 104: train loss 0.0034
2022-01-20 15:57:54,433 root                INFO: Train: Epoch 105: train loss 0.0038
2022-01-20 15:57:55,099 root                INFO: Train: Epoch 106: train loss 0.0040
2022-01-20 15:57:55,782 root                INFO: Train: Epoch 107: train loss 0.0054
2022-01-20 15:57:56,490 root                INFO: Train: Epoch 108: train loss 0.0027
2022-01-20 15:57:57,197 root                INFO: Train: Epoch 109: train loss 0.0043
2022-01-20 15:57:57,902 root                INFO: Train: Epoch 110: train loss 0.0041
2022-01-20 15:57:58,589 root                INFO: Train: Epoch 111: train loss 0.0036
2022-01-20 15:57:59,265 root                INFO: Train: Epoch 112: train loss 0.0028
2022-01-20 15:57:59,974 root                INFO: Train: Epoch 113: train loss 0.0053
2022-01-20 15:58:00,658 root                INFO: Train: Epoch 114: train loss 0.0035
2022-01-20 15:58:01,371 root                INFO: Train: Epoch 115: train loss 0.0055
2022-01-20 15:58:02,080 root                INFO: Train: Epoch 116: train loss 0.0025
2022-01-20 15:58:02,778 root                INFO: Train: Epoch 117: train loss 0.0040
2022-01-20 15:58:03,500 root                INFO: Train: Epoch 118: train loss 0.0041
2022-01-20 15:58:04,226 root                INFO: Train: Epoch 119: train loss 0.0028
2022-01-20 15:58:04,912 root                INFO: Train: Epoch 120: train loss 0.0019
2022-01-20 15:58:05,570 root                INFO: Train: Epoch 121: train loss 0.0042
2022-01-20 15:58:06,272 root                INFO: Train: Epoch 122: train loss 0.0027
2022-01-20 15:58:06,964 root                INFO: Train: Epoch 123: train loss 0.0029
2022-01-20 15:58:07,655 root                INFO: Train: Epoch 124: train loss 0.0019
2022-01-20 15:58:08,359 root                INFO: Train: Epoch 125: train loss 0.0036
2022-01-20 15:58:09,035 root                INFO: Train: Epoch 126: train loss 0.0022
2022-01-20 15:58:09,745 root                INFO: Train: Epoch 127: train loss 0.0026
2022-01-20 15:58:10,438 root                INFO: Train: Epoch 128: train loss 0.0020
2022-01-20 15:58:11,132 root                INFO: Train: Epoch 129: train loss 0.0026
2022-01-20 15:58:11,831 root                INFO: Train: Epoch 130: train loss 0.0032
2022-01-20 15:58:12,497 root                INFO: Train: Epoch 131: train loss 0.0027
2022-01-20 15:58:13,200 root                INFO: Train: Epoch 132: train loss 0.0030
2022-01-20 15:58:13,880 root                INFO: Train: Epoch 133: train loss 0.0021
2022-01-20 15:58:14,590 root                INFO: Train: Epoch 134: train loss 0.0036
2022-01-20 15:58:15,290 root                INFO: Train: Epoch 135: train loss 0.0040
2022-01-20 15:58:16,014 root                INFO: Train: Epoch 136: train loss 0.0031
2022-01-20 15:58:16,719 root                INFO: Train: Epoch 137: train loss 0.0026
2022-01-20 15:58:17,410 root                INFO: Train: Epoch 138: train loss 0.0023
2022-01-20 15:58:18,122 root                INFO: Train: Epoch 139: train loss 0.0030
2022-01-20 15:58:18,802 root                INFO: Train: Epoch 140: train loss 0.0028
2022-01-20 15:58:19,508 root                INFO: Train: Epoch 141: train loss 0.0038
2022-01-20 15:58:20,198 root                INFO: Train: Epoch 142: train loss 0.0032
2022-01-20 15:58:20,867 root                INFO: Train: Epoch 143: train loss 0.0025
2022-01-20 15:58:21,582 root                INFO: Train: Epoch 144: train loss 0.0025
2022-01-20 15:58:22,221 root                INFO: Train: Epoch 145: train loss 0.0022
2022-01-20 15:58:22,889 root                INFO: Train: Epoch 146: train loss 0.0037
2022-01-20 15:58:23,549 root                INFO: Train: Epoch 147: train loss 0.0023
2022-01-20 15:58:24,263 root                INFO: Train: Epoch 148: train loss 0.0025
2022-01-20 15:58:24,960 root                INFO: Train: Epoch 149: train loss 0.0043
2022-01-20 15:58:25,663 root                INFO: Train: Epoch 150: train loss 0.0036
2022-01-20 15:58:26,356 root                INFO: Train: Epoch 151: train loss 0.0032
2022-01-20 15:58:27,044 root                INFO: Train: Epoch 152: train loss 0.0020
2022-01-20 15:58:27,725 root                INFO: Train: Epoch 153: train loss 0.0039
2022-01-20 15:58:28,389 root                INFO: Train: Epoch 154: train loss 0.0032
2022-01-20 15:58:29,070 root                INFO: Train: Epoch 155: train loss 0.0033
2022-01-20 15:58:29,736 root                INFO: Train: Epoch 156: train loss 0.0019
2022-01-20 15:58:30,394 root                INFO: Train: Epoch 157: train loss 0.0030
2022-01-20 15:58:31,075 root                INFO: Train: Epoch 158: train loss 0.0040
2022-01-20 15:58:31,752 root                INFO: Train: Epoch 159: train loss 0.0033
2022-01-20 15:58:32,441 root                INFO: Train: Epoch 160: train loss 0.0030
2022-01-20 15:58:33,119 root                INFO: Train: Epoch 161: train loss 0.0024
2022-01-20 15:58:33,813 root                INFO: Train: Epoch 162: train loss 0.0034
2022-01-20 15:58:34,483 root                INFO: Train: Epoch 163: train loss 0.0027
2022-01-20 15:58:35,163 root                INFO: Train: Epoch 164: train loss 0.0025
2022-01-20 15:58:35,842 root                INFO: Train: Epoch 165: train loss 0.0036
2022-01-20 15:58:36,525 root                INFO: Train: Epoch 166: train loss 0.0022
2022-01-20 15:58:37,220 root                INFO: Train: Epoch 167: train loss 0.0037
2022-01-20 15:58:37,916 root                INFO: Train: Epoch 168: train loss 0.0028
2022-01-20 15:58:38,613 root                INFO: Train: Epoch 169: train loss 0.0025
2022-01-20 15:58:39,319 root                INFO: Train: Epoch 170: train loss 0.0020
2022-01-20 15:58:39,998 root                INFO: Train: Epoch 171: train loss 0.0015
2022-01-20 15:58:40,710 root                INFO: Train: Epoch 172: train loss 0.0042
2022-01-20 15:58:41,366 root                INFO: Train: Epoch 173: train loss 0.0034
2022-01-20 15:58:42,088 root                INFO: Train: Epoch 174: train loss 0.0018
2022-01-20 15:58:42,757 root                INFO: Train: Epoch 175: train loss 0.0027
2022-01-20 15:58:43,493 root                INFO: Train: Epoch 176: train loss 0.0045
2022-01-20 15:58:44,223 root                INFO: Train: Epoch 177: train loss 0.0030
2022-01-20 15:58:44,946 root                INFO: Train: Epoch 178: train loss 0.0028
2022-01-20 15:58:45,626 root                INFO: Train: Epoch 179: train loss 0.0026
2022-01-20 15:58:46,343 root                INFO: Train: Epoch 180: train loss 0.0028
2022-01-20 15:58:47,019 root                INFO: Train: Epoch 181: train loss 0.0025
2022-01-20 15:58:47,754 root                INFO: Train: Epoch 182: train loss 0.0027
2022-01-20 15:58:48,437 root                INFO: Train: Epoch 183: train loss 0.0026
2022-01-20 15:58:49,170 root                INFO: Train: Epoch 184: train loss 0.0022
2022-01-20 15:58:49,881 root                INFO: Train: Epoch 185: train loss 0.0025
2022-01-20 15:58:50,631 root                INFO: Train: Epoch 186: train loss 0.0018
2022-01-20 15:58:51,377 root                INFO: Train: Epoch 187: train loss 0.0034
2022-01-20 15:58:52,075 root                INFO: Train: Epoch 188: train loss 0.0039
2022-01-20 15:58:52,783 root                INFO: Train: Epoch 189: train loss 0.0020
2022-01-20 15:58:53,464 root                INFO: Train: Epoch 190: train loss 0.0027
2022-01-20 15:58:54,166 root                INFO: Train: Epoch 191: train loss 0.0029
2022-01-20 15:58:54,866 root                INFO: Train: Epoch 192: train loss 0.0026
2022-01-20 15:58:55,561 root                INFO: Train: Epoch 193: train loss 0.0027
2022-01-20 15:58:56,273 root                INFO: Train: Epoch 194: train loss 0.0019
2022-01-20 15:58:56,971 root                INFO: Train: Epoch 195: train loss 0.0024
2022-01-20 15:58:57,690 root                INFO: Train: Epoch 196: train loss 0.0019
2022-01-20 15:58:58,419 root                INFO: Train: Epoch 197: train loss 0.0026
2022-01-20 15:58:59,126 root                INFO: Train: Epoch 198: train loss 0.0022
2022-01-20 15:58:59,838 root                INFO: Train: Epoch 199: train loss 0.0017
2022-01-20 15:59:00,494 root                INFO: Train: Epoch 200: train loss 0.0045
2022-01-20 15:59:16,831 root                INFO: Valid: Epoch 200: kendall tau 0.6487; loss 0.2381
2022-01-20 15:59:16,836 root                INFO: Epoch 200: Save checkpoint to nb301_ablation_mask/true/true_0.01/12/2021/200.ckpt
2022-01-20 15:59:33,258 root                INFO: [0.0196078431372549, 0.0784313725490196, 0.15490196078431373, 0.49588719153936545, 0.6949285294693558, 0.8266369047619048, 1.0]
2022-01-20 15:59:33,258 root                INFO: [468, 468]
