2022-01-20 16:00:18,009 root                INFO: GPU device = 6
2022-01-20 16:00:18,010 root                INFO: Load pkl cache from nasbench301_train.pkl and nasbench301_valid.pkl
2022-01-20 16:00:18,935 root                INFO: Config: {'arch_network_cfg': {'arch_embedder_cfg': {'take_adj_as_input': True, 'gcn_kwargs': {'residual_only': 2}, 'gcn_out_dims': [64, 64, 64, 64, 64], 'hidden_dim': 32, 'node_dim': 32, 'op_dim': 32, 'use_bn': False, 'final_concat': False, 'other_node_zero': False, 'num_time_steps': 4, 'fb_conversion_dims': [64, 64], 'backward_gcn_out_dims': [64, 64, 64, 64, 64], 'updateopemb_method': 'concat_ofb', 'updateopemb_dims': [64], 'share_skip_and_outskip': True, 'detach_vinfo': False, 'updateopemb_scale': 0.1, 'updateopemb_detach_opemb': True, 'updateopemb_detach_finfo': True, 'mask_nonparametrized_ops': True, 'symmetry_breaking_method': 'param_zs_add', 'concat_param_zs_as_opemb_dimension': 5, 'concat_param_zs_as_opemb_scale': 1.0}, 'arch_embedder_type': 'cellss-fbflow', 'compare_loss_type': 'margin_linear', 'compare_margin': 0.1, 'mlp_dropout': 0.1, 'mlp_hiddens': [200], 'optimizer': {'lr': 0.001, 'type': 'Adam'}, 'scheduler': None}, 'arch_network_type': 'pointwise_comparator', 'batch_size': 128, 'choose_pair_criterion': 'random', 'compare': True, 'compare_threshold': 0.0, 'epochs': 200, 'max_compare_ratio': 16.0}
2022-01-20 16:00:22,206 root                INFO: Combined args: Namespace(arch_network_type='pointwise_comparator', batch_size=128, cfg_file='cfgs/nb301_cfgs/gates_true_masktrue.yaml', choose_pair_criterion='random', compare=True, compare_threshold=0.0, epochs=200, eval_only_last=1, gpu=6, load=None, max_compare_ratio=16.0, num_workers=4, report_freq=200, save_every=200, save_predict=None, seed=2021, test_funcs=None, test_only=False, train_dir='nb301_ablation_mask/true/true_0.05/123/2021', train_pkl='../mynas/data/nasbench-301/nasbench301_train_mtx_123.pkl', train_ratio=0.05, valid_pkl='../mynas/data/nasbench-301/nasbench301_valid_mtx.pkl')
2022-01-20 16:00:22,215 root                INFO: Train dataset ratio: 0.050
2022-01-20 16:00:22,216 root                INFO: Number of architectures: train: 294; valid: 51072
2022-01-20 16:00:38,400 root                INFO: Train: Epoch   1: train loss 0.0987
2022-01-20 16:00:39,500 root                INFO: Train: Epoch   2: train loss 0.0933
2022-01-20 16:00:40,633 root                INFO: Train: Epoch   3: train loss 0.0799
2022-01-20 16:00:41,749 root                INFO: Train: Epoch   4: train loss 0.0582
2022-01-20 16:00:42,835 root                INFO: Train: Epoch   5: train loss 0.0426
2022-01-20 16:00:43,907 root                INFO: Train: Epoch   6: train loss 0.0341
2022-01-20 16:00:45,031 root                INFO: Train: Epoch   7: train loss 0.0345
2022-01-20 16:00:46,168 root                INFO: Train: Epoch   8: train loss 0.0304
2022-01-20 16:00:47,302 root                INFO: Train: Epoch   9: train loss 0.0315
2022-01-20 16:00:48,421 root                INFO: Train: Epoch  10: train loss 0.0305
2022-01-20 16:00:49,504 root                INFO: Train: Epoch  11: train loss 0.0300
2022-01-20 16:00:50,532 root                INFO: Train: Epoch  12: train loss 0.0296
2022-01-20 16:00:51,603 root                INFO: Train: Epoch  13: train loss 0.0281
2022-01-20 16:00:52,721 root                INFO: Train: Epoch  14: train loss 0.0278
2022-01-20 16:00:53,845 root                INFO: Train: Epoch  15: train loss 0.0270
2022-01-20 16:00:54,968 root                INFO: Train: Epoch  16: train loss 0.0261
2022-01-20 16:00:56,072 root                INFO: Train: Epoch  17: train loss 0.0254
2022-01-20 16:00:57,141 root                INFO: Train: Epoch  18: train loss 0.0246
2022-01-20 16:00:58,176 root                INFO: Train: Epoch  19: train loss 0.0237
2022-01-20 16:00:59,263 root                INFO: Train: Epoch  20: train loss 0.0238
2022-01-20 16:01:00,342 root                INFO: Train: Epoch  21: train loss 0.0239
2022-01-20 16:01:01,479 root                INFO: Train: Epoch  22: train loss 0.0236
2022-01-20 16:01:02,600 root                INFO: Train: Epoch  23: train loss 0.0241
2022-01-20 16:01:03,683 root                INFO: Train: Epoch  24: train loss 0.0230
2022-01-20 16:01:04,775 root                INFO: Train: Epoch  25: train loss 0.0226
2022-01-20 16:01:05,835 root                INFO: Train: Epoch  26: train loss 0.0225
2022-01-20 16:01:06,920 root                INFO: Train: Epoch  27: train loss 0.0233
2022-01-20 16:01:07,996 root                INFO: Train: Epoch  28: train loss 0.0228
2022-01-20 16:01:09,096 root                INFO: Train: Epoch  29: train loss 0.0215
2022-01-20 16:01:10,153 root                INFO: Train: Epoch  30: train loss 0.0220
2022-01-20 16:01:11,236 root                INFO: Train: Epoch  31: train loss 0.0216
2022-01-20 16:01:12,330 root                INFO: Train: Epoch  32: train loss 0.0215
2022-01-20 16:01:13,436 root                INFO: Train: Epoch  33: train loss 0.0218
2022-01-20 16:01:14,538 root                INFO: Train: Epoch  34: train loss 0.0221
2022-01-20 16:01:15,621 root                INFO: Train: Epoch  35: train loss 0.0206
2022-01-20 16:01:16,626 root                INFO: Train: Epoch  36: train loss 0.0205
2022-01-20 16:01:17,657 root                INFO: Train: Epoch  37: train loss 0.0214
2022-01-20 16:01:18,731 root                INFO: Train: Epoch  38: train loss 0.0216
2022-01-20 16:01:19,793 root                INFO: Train: Epoch  39: train loss 0.0185
2022-01-20 16:01:20,881 root                INFO: Train: Epoch  40: train loss 0.0208
2022-01-20 16:01:21,885 root                INFO: Train: Epoch  41: train loss 0.0210
2022-01-20 16:01:22,890 root                INFO: Train: Epoch  42: train loss 0.0188
2022-01-20 16:01:23,934 root                INFO: Train: Epoch  43: train loss 0.0187
2022-01-20 16:01:25,082 root                INFO: Train: Epoch  44: train loss 0.0180
2022-01-20 16:01:26,200 root                INFO: Train: Epoch  45: train loss 0.0171
2022-01-20 16:01:27,248 root                INFO: Train: Epoch  46: train loss 0.0180
2022-01-20 16:01:28,267 root                INFO: Train: Epoch  47: train loss 0.0179
2022-01-20 16:01:29,343 root                INFO: Train: Epoch  48: train loss 0.0176
2022-01-20 16:01:30,473 root                INFO: Train: Epoch  49: train loss 0.0167
2022-01-20 16:01:31,621 root                INFO: Train: Epoch  50: train loss 0.0178
2022-01-20 16:01:32,744 root                INFO: Train: Epoch  51: train loss 0.0168
2022-01-20 16:01:33,819 root                INFO: Train: Epoch  52: train loss 0.0165
2022-01-20 16:01:34,891 root                INFO: Train: Epoch  53: train loss 0.0159
2022-01-20 16:01:36,003 root                INFO: Train: Epoch  54: train loss 0.0156
2022-01-20 16:01:37,161 root                INFO: Train: Epoch  55: train loss 0.0146
2022-01-20 16:01:38,272 root                INFO: Train: Epoch  56: train loss 0.0168
2022-01-20 16:01:39,426 root                INFO: Train: Epoch  57: train loss 0.0160
2022-01-20 16:01:40,536 root                INFO: Train: Epoch  58: train loss 0.0147
2022-01-20 16:01:41,651 root                INFO: Train: Epoch  59: train loss 0.0151
2022-01-20 16:01:42,705 root                INFO: Train: Epoch  60: train loss 0.0145
2022-01-20 16:01:43,772 root                INFO: Train: Epoch  61: train loss 0.0126
2022-01-20 16:01:44,870 root                INFO: Train: Epoch  62: train loss 0.0139
2022-01-20 16:01:45,967 root                INFO: Train: Epoch  63: train loss 0.0124
2022-01-20 16:01:47,128 root                INFO: Train: Epoch  64: train loss 0.0143
2022-01-20 16:01:48,205 root                INFO: Train: Epoch  65: train loss 0.0136
2022-01-20 16:01:49,268 root                INFO: Train: Epoch  66: train loss 0.0129
2022-01-20 16:01:50,341 root                INFO: Train: Epoch  67: train loss 0.0129
2022-01-20 16:01:51,415 root                INFO: Train: Epoch  68: train loss 0.0128
2022-01-20 16:01:52,480 root                INFO: Train: Epoch  69: train loss 0.0121
2022-01-20 16:01:53,572 root                INFO: Train: Epoch  70: train loss 0.0123
2022-01-20 16:01:54,649 root                INFO: Train: Epoch  71: train loss 0.0117
2022-01-20 16:01:55,717 root                INFO: Train: Epoch  72: train loss 0.0131
2022-01-20 16:01:56,825 root                INFO: Train: Epoch  73: train loss 0.0121
2022-01-20 16:01:57,945 root                INFO: Train: Epoch  74: train loss 0.0114
2022-01-20 16:01:59,036 root                INFO: Train: Epoch  75: train loss 0.0127
2022-01-20 16:02:00,108 root                INFO: Train: Epoch  76: train loss 0.0107
2022-01-20 16:02:01,172 root                INFO: Train: Epoch  77: train loss 0.0111
2022-01-20 16:02:02,229 root                INFO: Train: Epoch  78: train loss 0.0106
2022-01-20 16:02:03,332 root                INFO: Train: Epoch  79: train loss 0.0120
2022-01-20 16:02:04,433 root                INFO: Train: Epoch  80: train loss 0.0106
2022-01-20 16:02:05,523 root                INFO: Train: Epoch  81: train loss 0.0125
2022-01-20 16:02:06,611 root                INFO: Train: Epoch  82: train loss 0.0091
2022-01-20 16:02:07,681 root                INFO: Train: Epoch  83: train loss 0.0098
2022-01-20 16:02:08,761 root                INFO: Train: Epoch  84: train loss 0.0102
2022-01-20 16:02:09,833 root                INFO: Train: Epoch  85: train loss 0.0107
2022-01-20 16:02:10,866 root                INFO: Train: Epoch  86: train loss 0.0089
2022-01-20 16:02:11,910 root                INFO: Train: Epoch  87: train loss 0.0099
2022-01-20 16:02:12,977 root                INFO: Train: Epoch  88: train loss 0.0098
2022-01-20 16:02:14,043 root                INFO: Train: Epoch  89: train loss 0.0101
2022-01-20 16:02:15,134 root                INFO: Train: Epoch  90: train loss 0.0095
2022-01-20 16:02:16,176 root                INFO: Train: Epoch  91: train loss 0.0097
2022-01-20 16:02:17,257 root                INFO: Train: Epoch  92: train loss 0.0078
2022-01-20 16:02:18,293 root                INFO: Train: Epoch  93: train loss 0.0108
2022-01-20 16:02:19,352 root                INFO: Train: Epoch  94: train loss 0.0089
2022-01-20 16:02:20,402 root                INFO: Train: Epoch  95: train loss 0.0108
2022-01-20 16:02:21,473 root                INFO: Train: Epoch  96: train loss 0.0099
2022-01-20 16:02:22,559 root                INFO: Train: Epoch  97: train loss 0.0088
2022-01-20 16:02:23,637 root                INFO: Train: Epoch  98: train loss 0.0113
2022-01-20 16:02:24,717 root                INFO: Train: Epoch  99: train loss 0.0091
2022-01-20 16:02:25,771 root                INFO: Train: Epoch 100: train loss 0.0100
2022-01-20 16:02:26,820 root                INFO: Train: Epoch 101: train loss 0.0090
2022-01-20 16:02:27,854 root                INFO: Train: Epoch 102: train loss 0.0096
2022-01-20 16:02:28,875 root                INFO: Train: Epoch 103: train loss 0.0114
2022-01-20 16:02:29,924 root                INFO: Train: Epoch 104: train loss 0.0122
2022-01-20 16:02:31,001 root                INFO: Train: Epoch 105: train loss 0.0090
2022-01-20 16:02:32,065 root                INFO: Train: Epoch 106: train loss 0.0093
2022-01-20 16:02:33,140 root                INFO: Train: Epoch 107: train loss 0.0097
2022-01-20 16:02:34,222 root                INFO: Train: Epoch 108: train loss 0.0077
2022-01-20 16:02:35,295 root                INFO: Train: Epoch 109: train loss 0.0083
2022-01-20 16:02:36,409 root                INFO: Train: Epoch 110: train loss 0.0098
2022-01-20 16:02:37,532 root                INFO: Train: Epoch 111: train loss 0.0074
2022-01-20 16:02:38,587 root                INFO: Train: Epoch 112: train loss 0.0075
2022-01-20 16:02:39,649 root                INFO: Train: Epoch 113: train loss 0.0073
2022-01-20 16:02:40,735 root                INFO: Train: Epoch 114: train loss 0.0070
2022-01-20 16:02:41,766 root                INFO: Train: Epoch 115: train loss 0.0071
2022-01-20 16:02:42,795 root                INFO: Train: Epoch 116: train loss 0.0073
2022-01-20 16:02:43,841 root                INFO: Train: Epoch 117: train loss 0.0072
2022-01-20 16:02:44,941 root                INFO: Train: Epoch 118: train loss 0.0086
2022-01-20 16:02:46,067 root                INFO: Train: Epoch 119: train loss 0.0073
2022-01-20 16:02:47,139 root                INFO: Train: Epoch 120: train loss 0.0081
2022-01-20 16:02:48,220 root                INFO: Train: Epoch 121: train loss 0.0083
2022-01-20 16:02:49,333 root                INFO: Train: Epoch 122: train loss 0.0066
2022-01-20 16:02:50,361 root                INFO: Train: Epoch 123: train loss 0.0074
2022-01-20 16:02:51,438 root                INFO: Train: Epoch 124: train loss 0.0066
2022-01-20 16:02:52,499 root                INFO: Train: Epoch 125: train loss 0.0066
2022-01-20 16:02:53,601 root                INFO: Train: Epoch 126: train loss 0.0080
2022-01-20 16:02:54,725 root                INFO: Train: Epoch 127: train loss 0.0066
2022-01-20 16:02:55,827 root                INFO: Train: Epoch 128: train loss 0.0071
2022-01-20 16:02:56,905 root                INFO: Train: Epoch 129: train loss 0.0066
2022-01-20 16:02:57,969 root                INFO: Train: Epoch 130: train loss 0.0075
2022-01-20 16:02:59,017 root                INFO: Train: Epoch 131: train loss 0.0066
2022-01-20 16:03:00,071 root                INFO: Train: Epoch 132: train loss 0.0081
2022-01-20 16:03:01,104 root                INFO: Train: Epoch 133: train loss 0.0071
2022-01-20 16:03:02,154 root                INFO: Train: Epoch 134: train loss 0.0072
2022-01-20 16:03:03,232 root                INFO: Train: Epoch 135: train loss 0.0067
2022-01-20 16:03:04,315 root                INFO: Train: Epoch 136: train loss 0.0080
2022-01-20 16:03:05,366 root                INFO: Train: Epoch 137: train loss 0.0086
2022-01-20 16:03:06,345 root                INFO: Train: Epoch 138: train loss 0.0067
2022-01-20 16:03:07,366 root                INFO: Train: Epoch 139: train loss 0.0057
2022-01-20 16:03:08,409 root                INFO: Train: Epoch 140: train loss 0.0075
2022-01-20 16:03:09,481 root                INFO: Train: Epoch 141: train loss 0.0067
2022-01-20 16:03:10,549 root                INFO: Train: Epoch 142: train loss 0.0079
2022-01-20 16:03:11,605 root                INFO: Train: Epoch 143: train loss 0.0091
2022-01-20 16:03:12,696 root                INFO: Train: Epoch 144: train loss 0.0063
2022-01-20 16:03:13,746 root                INFO: Train: Epoch 145: train loss 0.0072
2022-01-20 16:03:14,782 root                INFO: Train: Epoch 146: train loss 0.0066
2022-01-20 16:03:15,830 root                INFO: Train: Epoch 147: train loss 0.0085
2022-01-20 16:03:16,925 root                INFO: Train: Epoch 148: train loss 0.0089
2022-01-20 16:03:18,008 root                INFO: Train: Epoch 149: train loss 0.0085
2022-01-20 16:03:19,073 root                INFO: Train: Epoch 150: train loss 0.0085
2022-01-20 16:03:20,170 root                INFO: Train: Epoch 151: train loss 0.0078
2022-01-20 16:03:21,265 root                INFO: Train: Epoch 152: train loss 0.0062
2022-01-20 16:03:22,323 root                INFO: Train: Epoch 153: train loss 0.0068
2022-01-20 16:03:23,362 root                INFO: Train: Epoch 154: train loss 0.0070
2022-01-20 16:03:24,404 root                INFO: Train: Epoch 155: train loss 0.0078
2022-01-20 16:03:25,473 root                INFO: Train: Epoch 156: train loss 0.0067
2022-01-20 16:03:26,529 root                INFO: Train: Epoch 157: train loss 0.0067
2022-01-20 16:03:27,586 root                INFO: Train: Epoch 158: train loss 0.0057
2022-01-20 16:03:28,643 root                INFO: Train: Epoch 159: train loss 0.0079
2022-01-20 16:03:29,670 root                INFO: Train: Epoch 160: train loss 0.0057
2022-01-20 16:03:30,715 root                INFO: Train: Epoch 161: train loss 0.0068
2022-01-20 16:03:31,879 root                INFO: Train: Epoch 162: train loss 0.0062
2022-01-20 16:03:32,956 root                INFO: Train: Epoch 163: train loss 0.0075
2022-01-20 16:03:34,054 root                INFO: Train: Epoch 164: train loss 0.0063
2022-01-20 16:03:35,089 root                INFO: Train: Epoch 165: train loss 0.0075
2022-01-20 16:03:36,154 root                INFO: Train: Epoch 166: train loss 0.0055
2022-01-20 16:03:37,179 root                INFO: Train: Epoch 167: train loss 0.0078
2022-01-20 16:03:38,173 root                INFO: Train: Epoch 168: train loss 0.0094
2022-01-20 16:03:39,170 root                INFO: Train: Epoch 169: train loss 0.0086
2022-01-20 16:03:40,210 root                INFO: Train: Epoch 170: train loss 0.0076
2022-01-20 16:03:41,295 root                INFO: Train: Epoch 171: train loss 0.0076
2022-01-20 16:03:42,358 root                INFO: Train: Epoch 172: train loss 0.0079
2022-01-20 16:03:43,388 root                INFO: Train: Epoch 173: train loss 0.0081
2022-01-20 16:03:44,400 root                INFO: Train: Epoch 174: train loss 0.0058
2022-01-20 16:03:45,425 root                INFO: Train: Epoch 175: train loss 0.0071
2022-01-20 16:03:46,440 root                INFO: Train: Epoch 176: train loss 0.0056
2022-01-20 16:03:47,482 root                INFO: Train: Epoch 177: train loss 0.0071
2022-01-20 16:03:48,503 root                INFO: Train: Epoch 178: train loss 0.0063
2022-01-20 16:03:49,561 root                INFO: Train: Epoch 179: train loss 0.0070
2022-01-20 16:03:50,635 root                INFO: Train: Epoch 180: train loss 0.0056
2022-01-20 16:03:51,656 root                INFO: Train: Epoch 181: train loss 0.0059
2022-01-20 16:03:52,713 root                INFO: Train: Epoch 182: train loss 0.0051
2022-01-20 16:03:53,722 root                INFO: Train: Epoch 183: train loss 0.0059
2022-01-20 16:03:54,722 root                INFO: Train: Epoch 184: train loss 0.0064
2022-01-20 16:03:55,757 root                INFO: Train: Epoch 185: train loss 0.0065
2022-01-20 16:03:56,817 root                INFO: Train: Epoch 186: train loss 0.0060
2022-01-20 16:03:57,836 root                INFO: Train: Epoch 187: train loss 0.0058
2022-01-20 16:03:58,833 root                INFO: Train: Epoch 188: train loss 0.0054
2022-01-20 16:03:59,866 root                INFO: Train: Epoch 189: train loss 0.0056
2022-01-20 16:04:00,877 root                INFO: Train: Epoch 190: train loss 0.0059
2022-01-20 16:04:01,878 root                INFO: Train: Epoch 191: train loss 0.0064
2022-01-20 16:04:02,875 root                INFO: Train: Epoch 192: train loss 0.0063
2022-01-20 16:04:03,872 root                INFO: Train: Epoch 193: train loss 0.0074
2022-01-20 16:04:04,892 root                INFO: Train: Epoch 194: train loss 0.0069
2022-01-20 16:04:05,944 root                INFO: Train: Epoch 195: train loss 0.0056
2022-01-20 16:04:06,937 root                INFO: Train: Epoch 196: train loss 0.0060
2022-01-20 16:04:07,952 root                INFO: Train: Epoch 197: train loss 0.0068
2022-01-20 16:04:09,021 root                INFO: Train: Epoch 198: train loss 0.0054
2022-01-20 16:04:10,066 root                INFO: Train: Epoch 199: train loss 0.0051
2022-01-20 16:04:11,087 root                INFO: Train: Epoch 200: train loss 0.0063
2022-01-20 16:04:27,316 root                INFO: Valid: Epoch 200: kendall tau 0.7169; loss 0.2897
2022-01-20 16:04:27,321 root                INFO: Epoch 200: Save checkpoint to nb301_ablation_mask/true/true_0.05/123/2021/200.ckpt
2022-01-20 16:04:43,957 root                INFO: [0.0196078431372549, 0.13333333333333333, 0.2196078431372549, 0.5945945945945946, 0.7665948697865674, 0.862546992481203, 1.0]
2022-01-20 16:04:43,957 root                INFO: [74, 74]
