2022-01-21 17:33:32,353 root                INFO: GPU device = 0
2022-01-21 17:33:32,354 root                INFO: Load pkl cache from nasbench301_train.pkl and nasbench301_valid.pkl
2022-01-21 17:33:32,901 root                INFO: Config: {'arch_network_cfg': {'arch_embedder_cfg': {'take_adj_as_input': True, 'gcn_kwargs': {'residual_only': 2}, 'gcn_out_dims': [64, 64, 64, 64, 64], 'hidden_dim': 32, 'node_dim': 32, 'op_dim': 32, 'use_bn': False, 'final_concat': False, 'other_node_zero': False, 'num_time_steps': 2, 'fb_conversion_dims': [64, 64], 'backward_gcn_out_dims': [64, 64, 64, 64, 64], 'updateopemb_method': 'concat_ofb', 'updateopemb_dims': [64], 'share_skip_and_outskip': True, 'detach_vinfo': False, 'updateopemb_scale': 0.1, 'updateopemb_detach_opemb': True, 'updateopemb_detach_finfo': True, 'mask_nonparametrized_ops': True, 'symmetry_breaking_method': 'param_zs_add', 'concat_param_zs_as_opemb_dimension': 5, 'concat_param_zs_as_opemb_scale': 1.0}, 'arch_embedder_type': 'cellss-fbflow-anytime', 'compare_loss_type': 'margin_linear', 'compare_margin': 0.1, 'mlp_dropout': 0.1, 'mlp_hiddens': [200], 'mlp_out_dim': 1, 'optimizer': {'lr': 0.001, 'type': 'Adam'}, 'scheduler': None}, 'arch_network_type': 'pointwise_comparator', 'batch_size': 128, 'choose_pair_criterion': 'random', 'compare': False, 'compare_threshold': 0.0, 'epochs': 200, 'max_compare_ratio': 16.0}
2022-01-21 17:33:36,555 root                INFO: Combined args: Namespace(arch_network_type='pointwise_comparator', batch_size=128, cfg_file='cfgs/nb301_cfgs/tagates_anytime.yaml', choose_pair_criterion='random', compare=False, compare_threshold=0.0, epochs=200, eval_only_last=1, gpu=0, load=None, max_compare_ratio=16.0, num_workers=4, report_freq=200, save_every=200, save_predict=None, seed=2021, test_funcs=None, test_only=False, train_dir='nb301_anytime_tagates/tagates_0.005/12/2021', train_pkl='../mynas/data/nasbench-301/nasbench301_train_mtx_anytime_12.pkl', train_ratio=0.005, valid_pkl='../mynas/data/nasbench-301/nasbench301_valid_mtx_anytime.pkl')
2022-01-21 17:33:36,564 root                INFO: Train dataset ratio: 0.005
2022-01-21 17:33:36,565 root                INFO: Number of architectures: train: 29; valid: 51072
2022-01-21 17:33:50,373 root                INFO: Train: Epoch   1: train loss 0.3348
2022-01-21 17:33:50,898 root                INFO: Train: Epoch   2: train loss 0.3264
2022-01-21 17:33:51,420 root                INFO: Train: Epoch   3: train loss 0.3148
2022-01-21 17:33:51,969 root                INFO: Train: Epoch   4: train loss 0.3007
2022-01-21 17:33:52,459 root                INFO: Train: Epoch   5: train loss 0.2841
2022-01-21 17:33:52,990 root                INFO: Train: Epoch   6: train loss 0.2615
2022-01-21 17:33:53,518 root                INFO: Train: Epoch   7: train loss 0.2346
2022-01-21 17:33:54,045 root                INFO: Train: Epoch   8: train loss 0.2028
2022-01-21 17:33:54,561 root                INFO: Train: Epoch   9: train loss 0.1626
2022-01-21 17:33:55,086 root                INFO: Train: Epoch  10: train loss 0.1147
2022-01-21 17:33:55,650 root                INFO: Train: Epoch  11: train loss 0.0681
2022-01-21 17:33:56,171 root                INFO: Train: Epoch  12: train loss 0.0268
2022-01-21 17:33:56,718 root                INFO: Train: Epoch  13: train loss 0.0049
2022-01-21 17:33:57,281 root                INFO: Train: Epoch  14: train loss 0.0009
2022-01-21 17:33:57,799 root                INFO: Train: Epoch  15: train loss 0.0056
2022-01-21 17:33:58,331 root                INFO: Train: Epoch  16: train loss 0.0106
2022-01-21 17:33:58,895 root                INFO: Train: Epoch  17: train loss 0.0135
2022-01-21 17:33:59,422 root                INFO: Train: Epoch  18: train loss 0.0154
2022-01-21 17:33:59,978 root                INFO: Train: Epoch  19: train loss 0.0162
2022-01-21 17:34:00,557 root                INFO: Train: Epoch  20: train loss 0.0166
2022-01-21 17:34:01,089 root                INFO: Train: Epoch  21: train loss 0.0168
2022-01-21 17:34:01,660 root                INFO: Train: Epoch  22: train loss 0.0169
2022-01-21 17:34:02,184 root                INFO: Train: Epoch  23: train loss 0.0170
2022-01-21 17:34:02,692 root                INFO: Train: Epoch  24: train loss 0.0170
2022-01-21 17:34:03,196 root                INFO: Train: Epoch  25: train loss 0.0170
2022-01-21 17:34:03,713 root                INFO: Train: Epoch  26: train loss 0.0170
2022-01-21 17:34:04,228 root                INFO: Train: Epoch  27: train loss 0.0170
2022-01-21 17:34:04,754 root                INFO: Train: Epoch  28: train loss 0.0170
2022-01-21 17:34:05,288 root                INFO: Train: Epoch  29: train loss 0.0170
2022-01-21 17:34:05,822 root                INFO: Train: Epoch  30: train loss 0.0170
2022-01-21 17:34:06,339 root                INFO: Train: Epoch  31: train loss 0.0170
2022-01-21 17:34:06,845 root                INFO: Train: Epoch  32: train loss 0.0170
2022-01-21 17:34:07,334 root                INFO: Train: Epoch  33: train loss 0.0170
2022-01-21 17:34:07,870 root                INFO: Train: Epoch  34: train loss 0.0170
2022-01-21 17:34:08,450 root                INFO: Train: Epoch  35: train loss 0.0170
2022-01-21 17:34:08,974 root                INFO: Train: Epoch  36: train loss 0.0170
2022-01-21 17:34:09,498 root                INFO: Train: Epoch  37: train loss 0.0170
2022-01-21 17:34:10,009 root                INFO: Train: Epoch  38: train loss 0.0170
2022-01-21 17:34:10,528 root                INFO: Train: Epoch  39: train loss 0.0170
2022-01-21 17:34:11,073 root                INFO: Train: Epoch  40: train loss 0.0170
2022-01-21 17:34:11,595 root                INFO: Train: Epoch  41: train loss 0.0170
2022-01-21 17:34:12,089 root                INFO: Train: Epoch  42: train loss 0.0170
2022-01-21 17:34:12,625 root                INFO: Train: Epoch  43: train loss 0.0170
2022-01-21 17:34:13,165 root                INFO: Train: Epoch  44: train loss 0.0170
2022-01-21 17:34:13,678 root                INFO: Train: Epoch  45: train loss 0.0170
2022-01-21 17:34:14,201 root                INFO: Train: Epoch  46: train loss 0.0170
2022-01-21 17:34:14,707 root                INFO: Train: Epoch  47: train loss 0.0170
2022-01-21 17:34:15,238 root                INFO: Train: Epoch  48: train loss 0.0170
2022-01-21 17:34:15,803 root                INFO: Train: Epoch  49: train loss 0.0170
2022-01-21 17:34:16,327 root                INFO: Train: Epoch  50: train loss 0.0170
2022-01-21 17:34:16,855 root                INFO: Train: Epoch  51: train loss 0.0170
2022-01-21 17:34:17,385 root                INFO: Train: Epoch  52: train loss 0.0170
2022-01-21 17:34:17,857 root                INFO: Train: Epoch  53: train loss 0.0170
2022-01-21 17:34:18,387 root                INFO: Train: Epoch  54: train loss 0.0170
2022-01-21 17:34:18,917 root                INFO: Train: Epoch  55: train loss 0.0170
2022-01-21 17:34:19,448 root                INFO: Train: Epoch  56: train loss 0.0170
2022-01-21 17:34:19,981 root                INFO: Train: Epoch  57: train loss 0.0170
2022-01-21 17:34:20,506 root                INFO: Train: Epoch  58: train loss 0.0170
2022-01-21 17:34:21,037 root                INFO: Train: Epoch  59: train loss 0.0170
2022-01-21 17:34:21,572 root                INFO: Train: Epoch  60: train loss 0.0170
2022-01-21 17:34:22,090 root                INFO: Train: Epoch  61: train loss 0.0170
2022-01-21 17:34:22,614 root                INFO: Train: Epoch  62: train loss 0.0170
2022-01-21 17:34:23,148 root                INFO: Train: Epoch  63: train loss 0.0170
2022-01-21 17:34:23,679 root                INFO: Train: Epoch  64: train loss 0.0170
2022-01-21 17:34:24,221 root                INFO: Train: Epoch  65: train loss 0.0170
2022-01-21 17:34:24,756 root                INFO: Train: Epoch  66: train loss 0.0170
2022-01-21 17:34:25,251 root                INFO: Train: Epoch  67: train loss 0.0170
2022-01-21 17:34:25,815 root                INFO: Train: Epoch  68: train loss 0.0170
2022-01-21 17:34:26,335 root                INFO: Train: Epoch  69: train loss 0.0170
2022-01-21 17:34:26,844 root                INFO: Train: Epoch  70: train loss 0.0170
2022-01-21 17:34:27,376 root                INFO: Train: Epoch  71: train loss 0.0170
2022-01-21 17:34:27,897 root                INFO: Train: Epoch  72: train loss 0.0170
2022-01-21 17:34:28,471 root                INFO: Train: Epoch  73: train loss 0.0170
2022-01-21 17:34:28,999 root                INFO: Train: Epoch  74: train loss 0.0170
2022-01-21 17:34:29,508 root                INFO: Train: Epoch  75: train loss 0.0170
2022-01-21 17:34:30,037 root                INFO: Train: Epoch  76: train loss 0.0170
2022-01-21 17:34:30,548 root                INFO: Train: Epoch  77: train loss 0.0170
2022-01-21 17:34:31,085 root                INFO: Train: Epoch  78: train loss 0.0170
2022-01-21 17:34:31,619 root                INFO: Train: Epoch  79: train loss 0.0170
2022-01-21 17:34:32,158 root                INFO: Train: Epoch  80: train loss 0.0170
2022-01-21 17:34:32,686 root                INFO: Train: Epoch  81: train loss 0.0170
2022-01-21 17:34:33,209 root                INFO: Train: Epoch  82: train loss 0.0170
2022-01-21 17:34:33,771 root                INFO: Train: Epoch  83: train loss 0.0170
2022-01-21 17:34:34,294 root                INFO: Train: Epoch  84: train loss 0.0170
2022-01-21 17:34:34,832 root                INFO: Train: Epoch  85: train loss 0.0170
2022-01-21 17:34:35,375 root                INFO: Train: Epoch  86: train loss 0.0170
2022-01-21 17:34:35,877 root                INFO: Train: Epoch  87: train loss 0.0170
2022-01-21 17:34:36,412 root                INFO: Train: Epoch  88: train loss 0.0170
2022-01-21 17:34:36,967 root                INFO: Train: Epoch  89: train loss 0.0170
2022-01-21 17:34:37,520 root                INFO: Train: Epoch  90: train loss 0.0170
2022-01-21 17:34:38,103 root                INFO: Train: Epoch  91: train loss 0.0170
2022-01-21 17:34:38,654 root                INFO: Train: Epoch  92: train loss 0.0170
2022-01-21 17:34:39,177 root                INFO: Train: Epoch  93: train loss 0.0170
2022-01-21 17:34:39,711 root                INFO: Train: Epoch  94: train loss 0.0170
2022-01-21 17:34:40,263 root                INFO: Train: Epoch  95: train loss 0.0170
2022-01-21 17:34:40,812 root                INFO: Train: Epoch  96: train loss 0.0170
2022-01-21 17:34:41,346 root                INFO: Train: Epoch  97: train loss 0.0170
2022-01-21 17:34:41,896 root                INFO: Train: Epoch  98: train loss 0.0170
2022-01-21 17:34:42,448 root                INFO: Train: Epoch  99: train loss 0.0170
2022-01-21 17:34:42,971 root                INFO: Train: Epoch 100: train loss 0.0170
2022-01-21 17:34:43,526 root                INFO: Train: Epoch 101: train loss 0.0170
2022-01-21 17:34:44,094 root                INFO: Train: Epoch 102: train loss 0.0170
2022-01-21 17:34:44,640 root                INFO: Train: Epoch 103: train loss 0.0170
2022-01-21 17:34:45,189 root                INFO: Train: Epoch 104: train loss 0.0170
2022-01-21 17:34:45,763 root                INFO: Train: Epoch 105: train loss 0.0170
2022-01-21 17:34:46,288 root                INFO: Train: Epoch 106: train loss 0.0170
2022-01-21 17:34:46,845 root                INFO: Train: Epoch 107: train loss 0.0170
2022-01-21 17:34:47,395 root                INFO: Train: Epoch 108: train loss 0.0170
2022-01-21 17:34:47,968 root                INFO: Train: Epoch 109: train loss 0.0170
2022-01-21 17:34:48,523 root                INFO: Train: Epoch 110: train loss 0.0170
2022-01-21 17:34:49,051 root                INFO: Train: Epoch 111: train loss 0.0170
2022-01-21 17:34:49,604 root                INFO: Train: Epoch 112: train loss 0.0170
2022-01-21 17:34:50,151 root                INFO: Train: Epoch 113: train loss 0.0170
2022-01-21 17:34:50,679 root                INFO: Train: Epoch 114: train loss 0.0170
2022-01-21 17:34:51,203 root                INFO: Train: Epoch 115: train loss 0.0170
2022-01-21 17:34:51,761 root                INFO: Train: Epoch 116: train loss 0.0170
2022-01-21 17:34:52,312 root                INFO: Train: Epoch 117: train loss 0.0170
2022-01-21 17:34:52,866 root                INFO: Train: Epoch 118: train loss 0.0170
2022-01-21 17:34:53,427 root                INFO: Train: Epoch 119: train loss 0.0170
2022-01-21 17:34:53,955 root                INFO: Train: Epoch 120: train loss 0.0170
2022-01-21 17:34:54,493 root                INFO: Train: Epoch 121: train loss 0.0170
2022-01-21 17:34:55,080 root                INFO: Train: Epoch 122: train loss 0.0170
2022-01-21 17:34:55,619 root                INFO: Train: Epoch 123: train loss 0.0170
2022-01-21 17:34:56,171 root                INFO: Train: Epoch 124: train loss 0.0170
2022-01-21 17:34:56,703 root                INFO: Train: Epoch 125: train loss 0.0170
2022-01-21 17:34:57,263 root                INFO: Train: Epoch 126: train loss 0.0170
2022-01-21 17:34:57,795 root                INFO: Train: Epoch 127: train loss 0.0170
2022-01-21 17:34:58,340 root                INFO: Train: Epoch 128: train loss 0.0170
2022-01-21 17:34:58,855 root                INFO: Train: Epoch 129: train loss 0.0170
2022-01-21 17:34:59,393 root                INFO: Train: Epoch 130: train loss 0.0170
2022-01-21 17:34:59,917 root                INFO: Train: Epoch 131: train loss 0.0170
2022-01-21 17:35:00,455 root                INFO: Train: Epoch 132: train loss 0.0170
2022-01-21 17:35:00,995 root                INFO: Train: Epoch 133: train loss 0.0170
2022-01-21 17:35:01,514 root                INFO: Train: Epoch 134: train loss 0.0170
2022-01-21 17:35:02,016 root                INFO: Train: Epoch 135: train loss 0.0170
2022-01-21 17:35:02,485 root                INFO: Train: Epoch 136: train loss 0.0170
2022-01-21 17:35:02,985 root                INFO: Train: Epoch 137: train loss 0.0170
2022-01-21 17:35:03,479 root                INFO: Train: Epoch 138: train loss 0.0170
2022-01-21 17:35:03,981 root                INFO: Train: Epoch 139: train loss 0.0170
2022-01-21 17:35:04,492 root                INFO: Train: Epoch 140: train loss 0.0170
2022-01-21 17:35:04,974 root                INFO: Train: Epoch 141: train loss 0.0170
2022-01-21 17:35:05,470 root                INFO: Train: Epoch 142: train loss 0.0170
2022-01-21 17:35:05,960 root                INFO: Train: Epoch 143: train loss 0.0170
2022-01-21 17:35:06,465 root                INFO: Train: Epoch 144: train loss 0.0170
2022-01-21 17:35:06,945 root                INFO: Train: Epoch 145: train loss 0.0170
2022-01-21 17:35:07,447 root                INFO: Train: Epoch 146: train loss 0.0170
2022-01-21 17:35:07,969 root                INFO: Train: Epoch 147: train loss 0.0170
2022-01-21 17:35:08,486 root                INFO: Train: Epoch 148: train loss 0.0170
2022-01-21 17:35:09,005 root                INFO: Train: Epoch 149: train loss 0.0170
2022-01-21 17:35:09,553 root                INFO: Train: Epoch 150: train loss 0.0170
2022-01-21 17:35:10,026 root                INFO: Train: Epoch 151: train loss 0.0170
2022-01-21 17:35:10,538 root                INFO: Train: Epoch 152: train loss 0.0170
2022-01-21 17:35:11,008 root                INFO: Train: Epoch 153: train loss 0.0170
2022-01-21 17:35:11,511 root                INFO: Train: Epoch 154: train loss 0.0170
2022-01-21 17:35:11,985 root                INFO: Train: Epoch 155: train loss 0.0170
2022-01-21 17:35:12,450 root                INFO: Train: Epoch 156: train loss 0.0170
2022-01-21 17:35:12,948 root                INFO: Train: Epoch 157: train loss 0.0170
2022-01-21 17:35:13,516 root                INFO: Train: Epoch 158: train loss 0.0170
2022-01-21 17:35:14,018 root                INFO: Train: Epoch 159: train loss 0.0170
2022-01-21 17:35:14,488 root                INFO: Train: Epoch 160: train loss 0.0170
2022-01-21 17:35:14,963 root                INFO: Train: Epoch 161: train loss 0.0170
2022-01-21 17:35:15,452 root                INFO: Train: Epoch 162: train loss 0.0170
2022-01-21 17:35:15,936 root                INFO: Train: Epoch 163: train loss 0.0170
2022-01-21 17:35:16,413 root                INFO: Train: Epoch 164: train loss 0.0170
2022-01-21 17:35:16,889 root                INFO: Train: Epoch 165: train loss 0.0170
2022-01-21 17:35:17,379 root                INFO: Train: Epoch 166: train loss 0.0170
2022-01-21 17:35:17,947 root                INFO: Train: Epoch 167: train loss 0.0170
2022-01-21 17:35:18,469 root                INFO: Train: Epoch 168: train loss 0.0170
2022-01-21 17:35:18,954 root                INFO: Train: Epoch 169: train loss 0.0170
2022-01-21 17:35:19,429 root                INFO: Train: Epoch 170: train loss 0.0170
2022-01-21 17:35:19,932 root                INFO: Train: Epoch 171: train loss 0.0170
2022-01-21 17:35:20,491 root                INFO: Train: Epoch 172: train loss 0.0170
2022-01-21 17:35:20,983 root                INFO: Train: Epoch 173: train loss 0.0170
2022-01-21 17:35:21,507 root                INFO: Train: Epoch 174: train loss 0.0170
2022-01-21 17:35:22,039 root                INFO: Train: Epoch 175: train loss 0.0170
2022-01-21 17:35:22,565 root                INFO: Train: Epoch 176: train loss 0.0170
2022-01-21 17:35:23,128 root                INFO: Train: Epoch 177: train loss 0.0170
2022-01-21 17:35:23,623 root                INFO: Train: Epoch 178: train loss 0.0170
2022-01-21 17:35:24,083 root                INFO: Train: Epoch 179: train loss 0.0170
2022-01-21 17:35:24,567 root                INFO: Train: Epoch 180: train loss 0.0170
2022-01-21 17:35:25,085 root                INFO: Train: Epoch 181: train loss 0.0170
2022-01-21 17:35:25,628 root                INFO: Train: Epoch 182: train loss 0.0170
2022-01-21 17:35:26,125 root                INFO: Train: Epoch 183: train loss 0.0170
2022-01-21 17:35:26,655 root                INFO: Train: Epoch 184: train loss 0.0170
2022-01-21 17:35:27,167 root                INFO: Train: Epoch 185: train loss 0.0170
2022-01-21 17:35:27,661 root                INFO: Train: Epoch 186: train loss 0.0170
2022-01-21 17:35:28,169 root                INFO: Train: Epoch 187: train loss 0.0170
2022-01-21 17:35:28,658 root                INFO: Train: Epoch 188: train loss 0.0170
2022-01-21 17:35:29,138 root                INFO: Train: Epoch 189: train loss 0.0170
2022-01-21 17:35:29,633 root                INFO: Train: Epoch 190: train loss 0.0170
2022-01-21 17:35:30,131 root                INFO: Train: Epoch 191: train loss 0.0170
2022-01-21 17:35:30,651 root                INFO: Train: Epoch 192: train loss 0.0170
2022-01-21 17:35:31,200 root                INFO: Train: Epoch 193: train loss 0.0170
2022-01-21 17:35:31,695 root                INFO: Train: Epoch 194: train loss 0.0170
2022-01-21 17:35:32,169 root                INFO: Train: Epoch 195: train loss 0.0170
2022-01-21 17:35:32,646 root                INFO: Train: Epoch 196: train loss 0.0170
2022-01-21 17:35:33,127 root                INFO: Train: Epoch 197: train loss 0.0170
2022-01-21 17:35:33,609 root                INFO: Train: Epoch 198: train loss 0.0170
2022-01-21 17:35:34,066 root                INFO: Train: Epoch 199: train loss 0.0170
2022-01-21 17:35:34,522 root                INFO: Train: Epoch 200: train loss 0.0170
2022-01-21 17:35:48,766 root                INFO: Valid: Epoch 200: kendall tau 0.2300 0.0798; loss 0.01372 0.004756
2022-01-21 17:35:48,772 root                INFO: Epoch 200: Save checkpoint to nb301_anytime_tagates/tagates_0.005/12/2021/200.ckpt
2022-01-21 17:36:03,102 root                INFO: [0.0, 0.0, 0.0058823529411764705, 0.11672542107324715, 0.21519483062463285, 0.6133693609022557, 1.0]
2022-01-21 17:36:03,102 root                INFO: [0.0, 0.0, 0.0, 0.07873090481786134, 0.17055022518112395, 0.6275845864661654, 1.0]
2022-01-21 17:36:03,102 root                INFO: [11584, 11584]
2022-01-21 17:36:03,102 root                INFO: [16226, 804]
2022-01-21 22:08:38,998 root                INFO: GPU device = 2
2022-01-21 22:08:38,999 root                INFO: Load pkl cache from nasbench301_train.pkl and nasbench301_valid.pkl
2022-01-21 22:08:39,683 root                INFO: Config: {'arch_network_cfg': {'arch_embedder_cfg': {'take_adj_as_input': True, 'gcn_kwargs': {'residual_only': 2}, 'gcn_out_dims': [64, 64, 64, 64, 64], 'hidden_dim': 32, 'node_dim': 32, 'op_dim': 32, 'use_bn': False, 'final_concat': False, 'other_node_zero': False, 'num_time_steps': 2, 'fb_conversion_dims': [64, 64], 'backward_gcn_out_dims': [64, 64, 64, 64, 64], 'updateopemb_method': 'concat_ofb', 'updateopemb_dims': [64], 'share_skip_and_outskip': True, 'detach_vinfo': False, 'updateopemb_scale': 0.1, 'updateopemb_detach_opemb': True, 'updateopemb_detach_finfo': True, 'mask_nonparametrized_ops': True, 'symmetry_breaking_method': 'param_zs_add', 'concat_param_zs_as_opemb_dimension': 5, 'concat_param_zs_as_opemb_scale': 1.0}, 'arch_embedder_type': 'cellss-fbflow-anytime', 'compare_loss_type': 'margin_linear', 'compare_margin': 0.1, 'mlp_dropout': 0.1, 'mlp_hiddens': [200], 'mlp_out_dim': 1, 'optimizer': {'lr': 0.0001, 'type': 'Adam'}, 'scheduler': None}, 'arch_network_type': 'pointwise_comparator', 'batch_size': 128, 'choose_pair_criterion': 'random', 'compare': False, 'compare_threshold': 0.0, 'epochs': 200, 'max_compare_ratio': 16.0}
2022-01-21 22:08:43,770 root                INFO: Combined args: Namespace(arch_network_type='pointwise_comparator', batch_size=128, cfg_file='cfgs/nb301_cfgs/tagates_anytime.yaml', choose_pair_criterion='random', compare=False, compare_threshold=0.0, epochs=200, eval_only_last=1, gpu=2, load=None, max_compare_ratio=16.0, num_workers=4, report_freq=200, save_every=200, save_predict=None, seed=2021, test_funcs=None, test_only=False, train_dir='nb301_anytime_tagates/tagates_0.005/12/2021', train_pkl='../mynas/data/nasbench-301/nasbench301_train_mtx_anytime_12.pkl', train_ratio=0.005, valid_pkl='../mynas/data/nasbench-301/nasbench301_valid_mtx_anytime.pkl')
2022-01-21 22:08:43,778 root                INFO: Train dataset ratio: 0.005
2022-01-21 22:08:43,779 root                INFO: Number of architectures: train: 29; valid: 51072
2022-01-21 22:08:57,321 root                INFO: Train: Epoch   1: train loss 0.3348
2022-01-21 22:08:57,865 root                INFO: Train: Epoch   2: train loss 0.3349
2022-01-21 22:08:58,526 root                INFO: Train: Epoch   3: train loss 0.3332
2022-01-21 22:08:59,226 root                INFO: Train: Epoch   4: train loss 0.3321
2022-01-21 22:08:59,885 root                INFO: Train: Epoch   5: train loss 0.3313
2022-01-21 22:09:00,441 root                INFO: Train: Epoch   6: train loss 0.3298
2022-01-21 22:09:01,040 root                INFO: Train: Epoch   7: train loss 0.3292
2022-01-21 22:09:01,590 root                INFO: Train: Epoch   8: train loss 0.3291
2022-01-21 22:09:02,273 root                INFO: Train: Epoch   9: train loss 0.3282
2022-01-21 22:09:02,992 root                INFO: Train: Epoch  10: train loss 0.3269
2022-01-21 22:09:03,653 root                INFO: Train: Epoch  11: train loss 0.3258
2022-01-21 22:09:04,467 root                INFO: Train: Epoch  12: train loss 0.3244
2022-01-21 22:09:05,343 root                INFO: Train: Epoch  13: train loss 0.3231
2022-01-21 22:09:05,880 root                INFO: Train: Epoch  14: train loss 0.3225
2022-01-21 22:09:06,481 root                INFO: Train: Epoch  15: train loss 0.3208
2022-01-21 22:09:07,073 root                INFO: Train: Epoch  16: train loss 0.3196
2022-01-21 22:09:07,751 root                INFO: Train: Epoch  17: train loss 0.3190
2022-01-21 22:09:08,478 root                INFO: Train: Epoch  18: train loss 0.3164
2022-01-21 22:09:09,283 root                INFO: Train: Epoch  19: train loss 0.3156
2022-01-21 22:09:10,001 root                INFO: Train: Epoch  20: train loss 0.3141
2022-01-21 22:09:10,715 root                INFO: Train: Epoch  21: train loss 0.3131
2022-01-21 22:09:11,336 root                INFO: Train: Epoch  22: train loss 0.3110
2022-01-21 22:09:12,277 root                INFO: Train: Epoch  23: train loss 0.3087
2022-01-21 22:09:13,399 root                INFO: Train: Epoch  24: train loss 0.3077
2022-01-21 22:09:14,363 root                INFO: Train: Epoch  25: train loss 0.3051
2022-01-21 22:09:15,415 root                INFO: Train: Epoch  26: train loss 0.3037
2022-01-21 22:09:16,429 root                INFO: Train: Epoch  27: train loss 0.3014
2022-01-21 22:09:17,422 root                INFO: Train: Epoch  28: train loss 0.2999
2022-01-21 22:09:18,174 root                INFO: Train: Epoch  29: train loss 0.2972
2022-01-21 22:09:18,832 root                INFO: Train: Epoch  30: train loss 0.2952
2022-01-21 22:09:19,553 root                INFO: Train: Epoch  31: train loss 0.2922
2022-01-21 22:09:20,307 root                INFO: Train: Epoch  32: train loss 0.2893
2022-01-21 22:09:21,074 root                INFO: Train: Epoch  33: train loss 0.2878
2022-01-21 22:09:21,841 root                INFO: Train: Epoch  34: train loss 0.2850
2022-01-21 22:09:22,603 root                INFO: Train: Epoch  35: train loss 0.2805
2022-01-21 22:09:23,367 root                INFO: Train: Epoch  36: train loss 0.2785
2022-01-21 22:09:24,107 root                INFO: Train: Epoch  37: train loss 0.2766
2022-01-21 22:09:24,855 root                INFO: Train: Epoch  38: train loss 0.2717
2022-01-21 22:09:25,618 root                INFO: Train: Epoch  39: train loss 0.2689
2022-01-21 22:09:26,351 root                INFO: Train: Epoch  40: train loss 0.2659
2022-01-21 22:09:27,423 root                INFO: Train: Epoch  41: train loss 0.2618
2022-01-21 22:09:28,058 root                INFO: Train: Epoch  42: train loss 0.2576
2022-01-21 22:09:28,713 root                INFO: Train: Epoch  43: train loss 0.2538
2022-01-21 22:09:29,299 root                INFO: Train: Epoch  44: train loss 0.2485
2022-01-21 22:09:29,936 root                INFO: Train: Epoch  45: train loss 0.2443
2022-01-21 22:09:30,571 root                INFO: Train: Epoch  46: train loss 0.2392
2022-01-21 22:09:31,322 root                INFO: Train: Epoch  47: train loss 0.2351
2022-01-21 22:09:31,924 root                INFO: Train: Epoch  48: train loss 0.2306
2022-01-21 22:09:32,602 root                INFO: Train: Epoch  49: train loss 0.2232
2022-01-21 22:09:33,178 root                INFO: Train: Epoch  50: train loss 0.2180
2022-01-21 22:09:33,948 root                INFO: Train: Epoch  51: train loss 0.2126
2022-01-21 22:09:34,475 root                INFO: Train: Epoch  52: train loss 0.2062
2022-01-21 22:09:35,082 root                INFO: Train: Epoch  53: train loss 0.1993
2022-01-21 22:09:35,667 root                INFO: Train: Epoch  54: train loss 0.1930
2022-01-21 22:09:36,290 root                INFO: Train: Epoch  55: train loss 0.1877
2022-01-21 22:09:36,901 root                INFO: Train: Epoch  56: train loss 0.1804
2022-01-21 22:09:37,637 root                INFO: Train: Epoch  57: train loss 0.1716
2022-01-21 22:09:38,314 root                INFO: Train: Epoch  58: train loss 0.1642
2022-01-21 22:09:38,881 root                INFO: Train: Epoch  59: train loss 0.1569
2022-01-21 22:09:39,585 root                INFO: Train: Epoch  60: train loss 0.1492
2022-01-21 22:09:40,212 root                INFO: Train: Epoch  61: train loss 0.1420
2022-01-21 22:09:40,911 root                INFO: Train: Epoch  62: train loss 0.1341
2022-01-21 22:09:41,795 root                INFO: Train: Epoch  63: train loss 0.1240
2022-01-21 22:09:42,681 root                INFO: Train: Epoch  64: train loss 0.1158
2022-01-21 22:09:43,222 root                INFO: Train: Epoch  65: train loss 0.1074
2022-01-21 22:09:43,783 root                INFO: Train: Epoch  66: train loss 0.0981
2022-01-21 22:09:44,386 root                INFO: Train: Epoch  67: train loss 0.0914
2022-01-21 22:09:44,991 root                INFO: Train: Epoch  68: train loss 0.0814
2022-01-21 22:09:45,602 root                INFO: Train: Epoch  69: train loss 0.0755
2022-01-21 22:09:46,260 root                INFO: Train: Epoch  70: train loss 0.0690
2022-01-21 22:09:46,819 root                INFO: Train: Epoch  71: train loss 0.0585
2022-01-21 22:09:47,383 root                INFO: Train: Epoch  72: train loss 0.0531
2022-01-21 22:09:47,924 root                INFO: Train: Epoch  73: train loss 0.0453
2022-01-21 22:09:48,538 root                INFO: Train: Epoch  74: train loss 0.0390
2022-01-21 22:09:49,169 root                INFO: Train: Epoch  75: train loss 0.0332
2022-01-21 22:09:49,851 root                INFO: Train: Epoch  76: train loss 0.0281
2022-01-21 22:09:50,555 root                INFO: Train: Epoch  77: train loss 0.0228
2022-01-21 22:09:51,478 root                INFO: Train: Epoch  78: train loss 0.0188
2022-01-21 22:09:52,429 root                INFO: Train: Epoch  79: train loss 0.0149
2022-01-21 22:09:53,241 root                INFO: Train: Epoch  80: train loss 0.0118
2022-01-21 22:09:53,861 root                INFO: Train: Epoch  81: train loss 0.0089
2022-01-21 22:09:54,546 root                INFO: Train: Epoch  82: train loss 0.0068
2022-01-21 22:09:55,200 root                INFO: Train: Epoch  83: train loss 0.0049
2022-01-21 22:09:55,793 root                INFO: Train: Epoch  84: train loss 0.0044
2022-01-21 22:09:56,402 root                INFO: Train: Epoch  85: train loss 0.0033
2022-01-21 22:09:57,120 root                INFO: Train: Epoch  86: train loss 0.0020
2022-01-21 22:09:57,923 root                INFO: Train: Epoch  87: train loss 0.0014
2022-01-21 22:09:58,939 root                INFO: Train: Epoch  88: train loss 0.0010
2022-01-21 22:09:59,884 root                INFO: Train: Epoch  89: train loss 0.0009
2022-01-21 22:10:00,865 root                INFO: Train: Epoch  90: train loss 0.0007
2022-01-21 22:10:01,637 root                INFO: Train: Epoch  91: train loss 0.0007
2022-01-21 22:10:02,215 root                INFO: Train: Epoch  92: train loss 0.0007
2022-01-21 22:10:02,854 root                INFO: Train: Epoch  93: train loss 0.0007
2022-01-21 22:10:03,481 root                INFO: Train: Epoch  94: train loss 0.0008
2022-01-21 22:10:04,266 root                INFO: Train: Epoch  95: train loss 0.0009
2022-01-21 22:10:04,974 root                INFO: Train: Epoch  96: train loss 0.0010
2022-01-21 22:10:05,618 root                INFO: Train: Epoch  97: train loss 0.0011
2022-01-21 22:10:06,304 root                INFO: Train: Epoch  98: train loss 0.0011
2022-01-21 22:10:07,001 root                INFO: Train: Epoch  99: train loss 0.0013
2022-01-21 22:10:07,633 root                INFO: Train: Epoch 100: train loss 0.0014
2022-01-21 22:10:08,348 root                INFO: Train: Epoch 101: train loss 0.0013
2022-01-21 22:10:08,966 root                INFO: Train: Epoch 102: train loss 0.0013
2022-01-21 22:10:09,590 root                INFO: Train: Epoch 103: train loss 0.0015
2022-01-21 22:10:10,221 root                INFO: Train: Epoch 104: train loss 0.0014
2022-01-21 22:10:10,792 root                INFO: Train: Epoch 105: train loss 0.0015
2022-01-21 22:10:11,400 root                INFO: Train: Epoch 106: train loss 0.0014
2022-01-21 22:10:12,026 root                INFO: Train: Epoch 107: train loss 0.0016
2022-01-21 22:10:12,585 root                INFO: Train: Epoch 108: train loss 0.0014
2022-01-21 22:10:13,187 root                INFO: Train: Epoch 109: train loss 0.0015
2022-01-21 22:10:13,932 root                INFO: Train: Epoch 110: train loss 0.0015
2022-01-21 22:10:14,562 root                INFO: Train: Epoch 111: train loss 0.0014
2022-01-21 22:10:15,094 root                INFO: Train: Epoch 112: train loss 0.0013
2022-01-21 22:10:15,677 root                INFO: Train: Epoch 113: train loss 0.0012
2022-01-21 22:10:16,262 root                INFO: Train: Epoch 114: train loss 0.0011
2022-01-21 22:10:16,930 root                INFO: Train: Epoch 115: train loss 0.0009
2022-01-21 22:10:17,553 root                INFO: Train: Epoch 116: train loss 0.0010
2022-01-21 22:10:18,230 root                INFO: Train: Epoch 117: train loss 0.0010
2022-01-21 22:10:18,863 root                INFO: Train: Epoch 118: train loss 0.0009
2022-01-21 22:10:19,494 root                INFO: Train: Epoch 119: train loss 0.0009
2022-01-21 22:10:20,093 root                INFO: Train: Epoch 120: train loss 0.0009
2022-01-21 22:10:20,732 root                INFO: Train: Epoch 121: train loss 0.0009
2022-01-21 22:10:21,287 root                INFO: Train: Epoch 122: train loss 0.0008
2022-01-21 22:10:21,888 root                INFO: Train: Epoch 123: train loss 0.0008
2022-01-21 22:10:22,545 root                INFO: Train: Epoch 124: train loss 0.0006
2022-01-21 22:10:23,081 root                INFO: Train: Epoch 125: train loss 0.0007
2022-01-21 22:10:23,714 root                INFO: Train: Epoch 126: train loss 0.0006
2022-01-21 22:10:24,271 root                INFO: Train: Epoch 127: train loss 0.0005
2022-01-21 22:10:24,823 root                INFO: Train: Epoch 128: train loss 0.0005
2022-01-21 22:10:25,426 root                INFO: Train: Epoch 129: train loss 0.0005
2022-01-21 22:10:25,960 root                INFO: Train: Epoch 130: train loss 0.0005
2022-01-21 22:10:26,591 root                INFO: Train: Epoch 131: train loss 0.0006
2022-01-21 22:10:27,197 root                INFO: Train: Epoch 132: train loss 0.0005
2022-01-21 22:10:27,803 root                INFO: Train: Epoch 133: train loss 0.0005
2022-01-21 22:10:28,389 root                INFO: Train: Epoch 134: train loss 0.0006
2022-01-21 22:10:28,990 root                INFO: Train: Epoch 135: train loss 0.0005
2022-01-21 22:10:29,602 root                INFO: Train: Epoch 136: train loss 0.0004
2022-01-21 22:10:30,102 root                INFO: Train: Epoch 137: train loss 0.0005
2022-01-21 22:10:30,701 root                INFO: Train: Epoch 138: train loss 0.0005
2022-01-21 22:10:31,304 root                INFO: Train: Epoch 139: train loss 0.0005
2022-01-21 22:10:31,848 root                INFO: Train: Epoch 140: train loss 0.0004
2022-01-21 22:10:32,385 root                INFO: Train: Epoch 141: train loss 0.0006
2022-01-21 22:10:32,994 root                INFO: Train: Epoch 142: train loss 0.0007
2022-01-21 22:10:33,564 root                INFO: Train: Epoch 143: train loss 0.0005
2022-01-21 22:10:34,159 root                INFO: Train: Epoch 144: train loss 0.0005
2022-01-21 22:10:34,788 root                INFO: Train: Epoch 145: train loss 0.0006
2022-01-21 22:10:35,434 root                INFO: Train: Epoch 146: train loss 0.0004
2022-01-21 22:10:36,181 root                INFO: Train: Epoch 147: train loss 0.0005
2022-01-21 22:10:36,945 root                INFO: Train: Epoch 148: train loss 0.0005
2022-01-21 22:10:37,657 root                INFO: Train: Epoch 149: train loss 0.0007
2022-01-21 22:10:38,424 root                INFO: Train: Epoch 150: train loss 0.0006
2022-01-21 22:10:39,101 root                INFO: Train: Epoch 151: train loss 0.0005
2022-01-21 22:10:39,842 root                INFO: Train: Epoch 152: train loss 0.0005
2022-01-21 22:10:40,374 root                INFO: Train: Epoch 153: train loss 0.0005
2022-01-21 22:10:40,882 root                INFO: Train: Epoch 154: train loss 0.0005
2022-01-21 22:10:41,478 root                INFO: Train: Epoch 155: train loss 0.0005
2022-01-21 22:10:42,038 root                INFO: Train: Epoch 156: train loss 0.0004
2022-01-21 22:10:42,555 root                INFO: Train: Epoch 157: train loss 0.0004
2022-01-21 22:10:43,075 root                INFO: Train: Epoch 158: train loss 0.0004
2022-01-21 22:10:43,652 root                INFO: Train: Epoch 159: train loss 0.0005
2022-01-21 22:10:44,200 root                INFO: Train: Epoch 160: train loss 0.0005
2022-01-21 22:10:44,692 root                INFO: Train: Epoch 161: train loss 0.0005
2022-01-21 22:10:45,264 root                INFO: Train: Epoch 162: train loss 0.0004
2022-01-21 22:10:45,837 root                INFO: Train: Epoch 163: train loss 0.0005
2022-01-21 22:10:46,416 root                INFO: Train: Epoch 164: train loss 0.0005
2022-01-21 22:10:47,069 root                INFO: Train: Epoch 165: train loss 0.0006
2022-01-21 22:10:47,545 root                INFO: Train: Epoch 166: train loss 0.0005
2022-01-21 22:10:48,079 root                INFO: Train: Epoch 167: train loss 0.0004
2022-01-21 22:10:48,614 root                INFO: Train: Epoch 168: train loss 0.0005
2022-01-21 22:10:49,148 root                INFO: Train: Epoch 169: train loss 0.0005
2022-01-21 22:10:49,670 root                INFO: Train: Epoch 170: train loss 0.0005
2022-01-21 22:10:50,215 root                INFO: Train: Epoch 171: train loss 0.0005
2022-01-21 22:10:50,753 root                INFO: Train: Epoch 172: train loss 0.0005
2022-01-21 22:10:51,251 root                INFO: Train: Epoch 173: train loss 0.0005
2022-01-21 22:10:51,830 root                INFO: Train: Epoch 174: train loss 0.0005
2022-01-21 22:10:52,456 root                INFO: Train: Epoch 175: train loss 0.0006
2022-01-21 22:10:53,188 root                INFO: Train: Epoch 176: train loss 0.0006
2022-01-21 22:10:53,961 root                INFO: Train: Epoch 177: train loss 0.0005
2022-01-21 22:10:54,818 root                INFO: Train: Epoch 178: train loss 0.0005
2022-01-21 22:10:55,567 root                INFO: Train: Epoch 179: train loss 0.0005
2022-01-21 22:10:56,362 root                INFO: Train: Epoch 180: train loss 0.0005
2022-01-21 22:10:56,911 root                INFO: Train: Epoch 181: train loss 0.0004
2022-01-21 22:10:57,570 root                INFO: Train: Epoch 182: train loss 0.0005
2022-01-21 22:10:58,262 root                INFO: Train: Epoch 183: train loss 0.0005
2022-01-21 22:10:58,886 root                INFO: Train: Epoch 184: train loss 0.0006
2022-01-21 22:10:59,569 root                INFO: Train: Epoch 185: train loss 0.0005
2022-01-21 22:11:00,241 root                INFO: Train: Epoch 186: train loss 0.0005
2022-01-21 22:11:00,847 root                INFO: Train: Epoch 187: train loss 0.0006
2022-01-21 22:11:01,392 root                INFO: Train: Epoch 188: train loss 0.0006
2022-01-21 22:11:01,993 root                INFO: Train: Epoch 189: train loss 0.0004
2022-01-21 22:11:02,543 root                INFO: Train: Epoch 190: train loss 0.0005
2022-01-21 22:11:03,138 root                INFO: Train: Epoch 191: train loss 0.0005
2022-01-21 22:11:03,710 root                INFO: Train: Epoch 192: train loss 0.0005
2022-01-21 22:11:04,367 root                INFO: Train: Epoch 193: train loss 0.0006
2022-01-21 22:11:05,050 root                INFO: Train: Epoch 194: train loss 0.0004
2022-01-21 22:11:05,769 root                INFO: Train: Epoch 195: train loss 0.0006
2022-01-21 22:11:06,416 root                INFO: Train: Epoch 196: train loss 0.0006
2022-01-21 22:11:07,015 root                INFO: Train: Epoch 197: train loss 0.0005
2022-01-21 22:11:07,592 root                INFO: Train: Epoch 198: train loss 0.0005
2022-01-21 22:11:08,342 root                INFO: Train: Epoch 199: train loss 0.0005
2022-01-21 22:11:09,203 root                INFO: Train: Epoch 200: train loss 0.0006
2022-01-21 22:11:24,268 root                INFO: Valid: Epoch 200: kendall tau 0.2485 0.1893; loss 0.0004215 0.0002554
2022-01-21 22:11:24,274 root                INFO: Epoch 200: Save checkpoint to nb301_anytime_tagates/tagates_0.005/12/2021/200.ckpt
2022-01-21 22:11:38,571 root                INFO: [0.0, 0.0, 0.0, 0.07677242459851155, 0.20285882122576857, 0.6310307017543859, 1.0]
2022-01-21 22:11:38,571 root                INFO: [0.0, 0.0, 0.0, 0.036036036036036036, 0.13569610338750734, 0.5981359649122807, 1.0]
2022-01-21 22:11:38,571 root                INFO: [1987, 1987]
2022-01-21 22:11:38,571 root                INFO: [2711, 2711]
