2022-01-19 23:06:28,504 root                INFO: GPU device = 4
2022-01-19 23:06:28,504 root                INFO: Load pkl cache from nasbench101.pkl and nasbench101_valid.pkl
2022-01-19 23:06:29,055 root                INFO: Config: {'arch_network_cfg': {'arch_embedder_cfg': {'b_use_bn': False, 'backward_gcn_out_dims': [128, 128, 128, 128, 128], 'concat_param_zs_as_opemb_dimension': 7, 'concat_param_zs_as_opemb_scale': 0.1, 'detach_vinfo': False, 'fb_conversion_dims': [128, 128], 'gcn_kwargs': {'plus_I': True, 'residual_only': 1}, 'gcn_out_dims': [128, 128, 128, 128, 128], 'hid_dim': 96, 'mask_nonparametrized_ops': False, 'node_embedding_dim': 48, 'num_time_steps': 3, 'op_embedding_dim': 48, 'symmetry_breaking_method': 'param_zs_add', 'updateopemb_detach_finfo': True, 'updateopemb_detach_opemb': True, 'updateopemb_dims': [128], 'updateopemb_method': 'concat_ofb', 'updateopemb_scale': 0.1}, 'arch_embedder_type': 'nb101-fbflow', 'compare_loss_type': 'margin_linear', 'compare_margin': 0.1, 'mlp_dropout': 0.1, 'mlp_hiddens': [200], 'optimizer': {'lr': 0.001, 'type': 'Adam'}, 'scheduler': None}, 'batch_size': 512, 'choose_pair_criterion': 'random', 'compare': True, 'compare_threshold': 0.0, 'epochs': 200, 'max_compare_ratio': 4.0}
2022-01-19 23:06:33,256 root                INFO: Combined args: Namespace(batch_size=512, cfg_file='cfgs/nb101_cfgs/gates_true_scale0.1.yaml', choose_pair_criterion='random', compare=True, compare_threshold=0.0, epochs=200, eval_only_last=5, gpu=4, load=None, max_compare_ratio=4.0, num_workers=4, report_freq=200, save_every=200, save_predict=None, seed=21, test_funcs=None, test_only=False, train_dir='nb1shot1_ablation_scale/true/0.1_0.01/123/21', train_pkl='../mynas/data/nasbench-1shot1/nasbench101_train_123.pkl', train_ratio=0.01, valid_pkl='../mynas/data/nasbench-1shot1/nasbench101_valid.pkl')
2022-01-19 23:06:33,267 root                INFO: Train dataset ratio: 0.010
2022-01-19 23:06:33,267 root                INFO: Number of architectures: train: 72; valid: 7290
2022-01-19 23:06:36,100 root                INFO: Train: Epoch   1: train loss 0.0993
2022-01-19 23:06:36,826 root                INFO: Train: Epoch   2: train loss 0.0918
2022-01-19 23:06:37,498 root                INFO: Train: Epoch   3: train loss 0.0825
2022-01-19 23:06:38,146 root                INFO: Train: Epoch   4: train loss 0.0772
2022-01-19 23:06:38,809 root                INFO: Train: Epoch   5: train loss 0.0586
2022-01-19 23:06:39,497 root                INFO: Train: Epoch   6: train loss 0.0513
2022-01-19 23:06:40,188 root                INFO: Train: Epoch   7: train loss 0.0558
2022-01-19 23:06:40,896 root                INFO: Train: Epoch   8: train loss 0.0542
2022-01-19 23:06:41,536 root                INFO: Train: Epoch   9: train loss 0.0467
2022-01-19 23:06:42,198 root                INFO: Train: Epoch  10: train loss 0.0506
2022-01-19 23:06:42,862 root                INFO: Train: Epoch  11: train loss 0.0557
2022-01-19 23:06:43,599 root                INFO: Train: Epoch  12: train loss 0.0546
2022-01-19 23:06:44,232 root                INFO: Train: Epoch  13: train loss 0.0519
2022-01-19 23:06:44,829 root                INFO: Train: Epoch  14: train loss 0.0444
2022-01-19 23:06:45,488 root                INFO: Train: Epoch  15: train loss 0.0423
2022-01-19 23:06:46,187 root                INFO: Train: Epoch  16: train loss 0.0426
2022-01-19 23:06:46,829 root                INFO: Train: Epoch  17: train loss 0.0385
2022-01-19 23:06:47,473 root                INFO: Train: Epoch  18: train loss 0.0430
2022-01-19 23:06:48,191 root                INFO: Train: Epoch  19: train loss 0.0420
2022-01-19 23:06:48,876 root                INFO: Train: Epoch  20: train loss 0.0350
2022-01-19 23:06:49,537 root                INFO: Train: Epoch  21: train loss 0.0389
2022-01-19 23:06:50,175 root                INFO: Train: Epoch  22: train loss 0.0426
2022-01-19 23:06:50,801 root                INFO: Train: Epoch  23: train loss 0.0370
2022-01-19 23:06:51,484 root                INFO: Train: Epoch  24: train loss 0.0365
2022-01-19 23:06:52,204 root                INFO: Train: Epoch  25: train loss 0.0379
2022-01-19 23:06:52,844 root                INFO: Train: Epoch  26: train loss 0.0366
2022-01-19 23:06:53,551 root                INFO: Train: Epoch  27: train loss 0.0332
2022-01-19 23:06:54,179 root                INFO: Train: Epoch  28: train loss 0.0295
2022-01-19 23:06:54,860 root                INFO: Train: Epoch  29: train loss 0.0311
2022-01-19 23:06:55,527 root                INFO: Train: Epoch  30: train loss 0.0322
2022-01-19 23:06:56,177 root                INFO: Train: Epoch  31: train loss 0.0319
2022-01-19 23:06:56,862 root                INFO: Train: Epoch  32: train loss 0.0328
2022-01-19 23:06:57,509 root                INFO: Train: Epoch  33: train loss 0.0343
2022-01-19 23:06:58,148 root                INFO: Train: Epoch  34: train loss 0.0343
2022-01-19 23:06:58,788 root                INFO: Train: Epoch  35: train loss 0.0376
2022-01-19 23:06:59,446 root                INFO: Train: Epoch  36: train loss 0.0380
2022-01-19 23:07:00,134 root                INFO: Train: Epoch  37: train loss 0.0301
2022-01-19 23:07:00,768 root                INFO: Train: Epoch  38: train loss 0.0338
2022-01-19 23:07:01,399 root                INFO: Train: Epoch  39: train loss 0.0273
2022-01-19 23:07:02,025 root                INFO: Train: Epoch  40: train loss 0.0334
2022-01-19 23:07:02,710 root                INFO: Train: Epoch  41: train loss 0.0287
2022-01-19 23:07:03,418 root                INFO: Train: Epoch  42: train loss 0.0229
2022-01-19 23:07:04,097 root                INFO: Train: Epoch  43: train loss 0.0268
2022-01-19 23:07:04,787 root                INFO: Train: Epoch  44: train loss 0.0264
2022-01-19 23:07:05,429 root                INFO: Train: Epoch  45: train loss 0.0234
2022-01-19 23:07:06,107 root                INFO: Train: Epoch  46: train loss 0.0205
2022-01-19 23:07:06,854 root                INFO: Train: Epoch  47: train loss 0.0282
2022-01-19 23:07:07,586 root                INFO: Train: Epoch  48: train loss 0.0248
2022-01-19 23:07:08,297 root                INFO: Train: Epoch  49: train loss 0.0291
2022-01-19 23:07:08,953 root                INFO: Train: Epoch  50: train loss 0.0221
2022-01-19 23:07:09,721 root                INFO: Train: Epoch  51: train loss 0.0252
2022-01-19 23:07:10,362 root                INFO: Train: Epoch  52: train loss 0.0217
2022-01-19 23:07:11,086 root                INFO: Train: Epoch  53: train loss 0.0275
2022-01-19 23:07:11,821 root                INFO: Train: Epoch  54: train loss 0.0237
2022-01-19 23:07:12,565 root                INFO: Train: Epoch  55: train loss 0.0247
2022-01-19 23:07:13,251 root                INFO: Train: Epoch  56: train loss 0.0230
2022-01-19 23:07:13,931 root                INFO: Train: Epoch  57: train loss 0.0243
2022-01-19 23:07:14,658 root                INFO: Train: Epoch  58: train loss 0.0258
2022-01-19 23:07:15,378 root                INFO: Train: Epoch  59: train loss 0.0243
2022-01-19 23:07:16,170 root                INFO: Train: Epoch  60: train loss 0.0286
2022-01-19 23:07:16,866 root                INFO: Train: Epoch  61: train loss 0.0194
2022-01-19 23:07:17,505 root                INFO: Train: Epoch  62: train loss 0.0210
2022-01-19 23:07:18,245 root                INFO: Train: Epoch  63: train loss 0.0238
2022-01-19 23:07:18,945 root                INFO: Train: Epoch  64: train loss 0.0293
2022-01-19 23:07:19,689 root                INFO: Train: Epoch  65: train loss 0.0235
2022-01-19 23:07:20,382 root                INFO: Train: Epoch  66: train loss 0.0235
2022-01-19 23:07:21,107 root                INFO: Train: Epoch  67: train loss 0.0235
2022-01-19 23:07:21,763 root                INFO: Train: Epoch  68: train loss 0.0248
2022-01-19 23:07:22,527 root                INFO: Train: Epoch  69: train loss 0.0219
2022-01-19 23:07:23,249 root                INFO: Train: Epoch  70: train loss 0.0221
2022-01-19 23:07:23,929 root                INFO: Train: Epoch  71: train loss 0.0231
2022-01-19 23:07:24,593 root                INFO: Train: Epoch  72: train loss 0.0229
2022-01-19 23:07:25,285 root                INFO: Train: Epoch  73: train loss 0.0156
2022-01-19 23:07:25,999 root                INFO: Train: Epoch  74: train loss 0.0179
2022-01-19 23:07:26,673 root                INFO: Train: Epoch  75: train loss 0.0205
2022-01-19 23:07:27,350 root                INFO: Train: Epoch  76: train loss 0.0162
2022-01-19 23:07:28,054 root                INFO: Train: Epoch  77: train loss 0.0199
2022-01-19 23:07:28,736 root                INFO: Train: Epoch  78: train loss 0.0125
2022-01-19 23:07:29,378 root                INFO: Train: Epoch  79: train loss 0.0210
2022-01-19 23:07:30,048 root                INFO: Train: Epoch  80: train loss 0.0228
2022-01-19 23:07:30,800 root                INFO: Train: Epoch  81: train loss 0.0148
2022-01-19 23:07:31,513 root                INFO: Train: Epoch  82: train loss 0.0194
2022-01-19 23:07:32,177 root                INFO: Train: Epoch  83: train loss 0.0158
2022-01-19 23:07:32,801 root                INFO: Train: Epoch  84: train loss 0.0154
2022-01-19 23:07:33,447 root                INFO: Train: Epoch  85: train loss 0.0155
2022-01-19 23:07:34,272 root                INFO: Train: Epoch  86: train loss 0.0148
2022-01-19 23:07:34,974 root                INFO: Train: Epoch  87: train loss 0.0143
2022-01-19 23:07:35,640 root                INFO: Train: Epoch  88: train loss 0.0169
2022-01-19 23:07:36,294 root                INFO: Train: Epoch  89: train loss 0.0121
2022-01-19 23:07:36,964 root                INFO: Train: Epoch  90: train loss 0.0123
2022-01-19 23:07:37,648 root                INFO: Train: Epoch  91: train loss 0.0199
2022-01-19 23:07:38,325 root                INFO: Train: Epoch  92: train loss 0.0141
2022-01-19 23:07:39,022 root                INFO: Train: Epoch  93: train loss 0.0125
2022-01-19 23:07:39,678 root                INFO: Train: Epoch  94: train loss 0.0192
2022-01-19 23:07:40,360 root                INFO: Train: Epoch  95: train loss 0.0175
2022-01-19 23:07:41,163 root                INFO: Train: Epoch  96: train loss 0.0149
2022-01-19 23:07:41,826 root                INFO: Train: Epoch  97: train loss 0.0109
2022-01-19 23:07:42,527 root                INFO: Train: Epoch  98: train loss 0.0130
2022-01-19 23:07:43,164 root                INFO: Train: Epoch  99: train loss 0.0117
2022-01-19 23:07:43,818 root                INFO: Train: Epoch 100: train loss 0.0140
2022-01-19 23:07:44,462 root                INFO: Train: Epoch 101: train loss 0.0135
2022-01-19 23:07:45,103 root                INFO: Train: Epoch 102: train loss 0.0176
2022-01-19 23:07:45,778 root                INFO: Train: Epoch 103: train loss 0.0147
2022-01-19 23:07:46,629 root                INFO: Train: Epoch 104: train loss 0.0146
2022-01-19 23:07:47,264 root                INFO: Train: Epoch 105: train loss 0.0097
2022-01-19 23:07:47,911 root                INFO: Train: Epoch 106: train loss 0.0152
2022-01-19 23:07:48,568 root                INFO: Train: Epoch 107: train loss 0.0185
2022-01-19 23:07:49,232 root                INFO: Train: Epoch 108: train loss 0.0169
2022-01-19 23:07:49,965 root                INFO: Train: Epoch 109: train loss 0.0114
2022-01-19 23:07:50,643 root                INFO: Train: Epoch 110: train loss 0.0136
2022-01-19 23:07:51,311 root                INFO: Train: Epoch 111: train loss 0.0128
2022-01-19 23:07:52,013 root                INFO: Train: Epoch 112: train loss 0.0128
2022-01-19 23:07:52,685 root                INFO: Train: Epoch 113: train loss 0.0127
2022-01-19 23:07:53,370 root                INFO: Train: Epoch 114: train loss 0.0109
2022-01-19 23:07:54,061 root                INFO: Train: Epoch 115: train loss 0.0140
2022-01-19 23:07:54,723 root                INFO: Train: Epoch 116: train loss 0.0101
2022-01-19 23:07:55,352 root                INFO: Train: Epoch 117: train loss 0.0154
2022-01-19 23:07:56,077 root                INFO: Train: Epoch 118: train loss 0.0145
2022-01-19 23:07:56,721 root                INFO: Train: Epoch 119: train loss 0.0173
2022-01-19 23:07:57,400 root                INFO: Train: Epoch 120: train loss 0.0085
2022-01-19 23:07:58,075 root                INFO: Train: Epoch 121: train loss 0.0112
2022-01-19 23:07:58,978 root                INFO: Train: Epoch 122: train loss 0.0081
2022-01-19 23:07:59,632 root                INFO: Train: Epoch 123: train loss 0.0065
2022-01-19 23:08:00,258 root                INFO: Train: Epoch 124: train loss 0.0118
2022-01-19 23:08:00,904 root                INFO: Train: Epoch 125: train loss 0.0087
2022-01-19 23:08:01,603 root                INFO: Train: Epoch 126: train loss 0.0192
2022-01-19 23:08:02,288 root                INFO: Train: Epoch 127: train loss 0.0152
2022-01-19 23:08:02,935 root                INFO: Train: Epoch 128: train loss 0.0115
2022-01-19 23:08:03,560 root                INFO: Train: Epoch 129: train loss 0.0153
2022-01-19 23:08:04,243 root                INFO: Train: Epoch 130: train loss 0.0107
2022-01-19 23:08:04,886 root                INFO: Train: Epoch 131: train loss 0.0115
2022-01-19 23:08:05,545 root                INFO: Train: Epoch 132: train loss 0.0124
2022-01-19 23:08:06,286 root                INFO: Train: Epoch 133: train loss 0.0132
2022-01-19 23:08:06,950 root                INFO: Train: Epoch 134: train loss 0.0113
2022-01-19 23:08:07,582 root                INFO: Train: Epoch 135: train loss 0.0119
2022-01-19 23:08:08,230 root                INFO: Train: Epoch 136: train loss 0.0132
2022-01-19 23:08:08,866 root                INFO: Train: Epoch 137: train loss 0.0105
2022-01-19 23:08:09,531 root                INFO: Train: Epoch 138: train loss 0.0161
2022-01-19 23:08:10,199 root                INFO: Train: Epoch 139: train loss 0.0108
2022-01-19 23:08:10,843 root                INFO: Train: Epoch 140: train loss 0.0116
2022-01-19 23:08:11,514 root                INFO: Train: Epoch 141: train loss 0.0119
2022-01-19 23:08:12,143 root                INFO: Train: Epoch 142: train loss 0.0095
2022-01-19 23:08:12,834 root                INFO: Train: Epoch 143: train loss 0.0089
2022-01-19 23:08:13,522 root                INFO: Train: Epoch 144: train loss 0.0202
2022-01-19 23:08:14,167 root                INFO: Train: Epoch 145: train loss 0.0100
2022-01-19 23:08:14,852 root                INFO: Train: Epoch 146: train loss 0.0134
2022-01-19 23:08:15,501 root                INFO: Train: Epoch 147: train loss 0.0140
2022-01-19 23:08:16,218 root                INFO: Train: Epoch 148: train loss 0.0137
2022-01-19 23:08:16,952 root                INFO: Train: Epoch 149: train loss 0.0115
2022-01-19 23:08:17,701 root                INFO: Train: Epoch 150: train loss 0.0141
2022-01-19 23:08:18,407 root                INFO: Train: Epoch 151: train loss 0.0110
2022-01-19 23:08:19,110 root                INFO: Train: Epoch 152: train loss 0.0084
2022-01-19 23:08:19,856 root                INFO: Train: Epoch 153: train loss 0.0139
2022-01-19 23:08:20,549 root                INFO: Train: Epoch 154: train loss 0.0110
2022-01-19 23:08:21,278 root                INFO: Train: Epoch 155: train loss 0.0061
2022-01-19 23:08:21,939 root                INFO: Train: Epoch 156: train loss 0.0067
2022-01-19 23:08:22,611 root                INFO: Train: Epoch 157: train loss 0.0069
2022-01-19 23:08:23,307 root                INFO: Train: Epoch 158: train loss 0.0100
2022-01-19 23:08:23,967 root                INFO: Train: Epoch 159: train loss 0.0076
2022-01-19 23:08:24,708 root                INFO: Train: Epoch 160: train loss 0.0114
2022-01-19 23:08:25,401 root                INFO: Train: Epoch 161: train loss 0.0079
2022-01-19 23:08:26,107 root                INFO: Train: Epoch 162: train loss 0.0122
2022-01-19 23:08:26,771 root                INFO: Train: Epoch 163: train loss 0.0062
2022-01-19 23:08:27,420 root                INFO: Train: Epoch 164: train loss 0.0101
2022-01-19 23:08:28,105 root                INFO: Train: Epoch 165: train loss 0.0107
2022-01-19 23:08:28,867 root                INFO: Train: Epoch 166: train loss 0.0069
2022-01-19 23:08:29,505 root                INFO: Train: Epoch 167: train loss 0.0071
2022-01-19 23:08:30,210 root                INFO: Train: Epoch 168: train loss 0.0073
2022-01-19 23:08:30,869 root                INFO: Train: Epoch 169: train loss 0.0067
2022-01-19 23:08:31,509 root                INFO: Train: Epoch 170: train loss 0.0063
2022-01-19 23:08:32,194 root                INFO: Train: Epoch 171: train loss 0.0091
2022-01-19 23:08:32,913 root                INFO: Train: Epoch 172: train loss 0.0062
2022-01-19 23:08:33,589 root                INFO: Train: Epoch 173: train loss 0.0050
2022-01-19 23:08:34,257 root                INFO: Train: Epoch 174: train loss 0.0111
2022-01-19 23:08:34,962 root                INFO: Train: Epoch 175: train loss 0.0050
2022-01-19 23:08:35,618 root                INFO: Train: Epoch 176: train loss 0.0081
2022-01-19 23:08:36,334 root                INFO: Train: Epoch 177: train loss 0.0078
2022-01-19 23:08:37,074 root                INFO: Train: Epoch 178: train loss 0.0061
2022-01-19 23:08:37,779 root                INFO: Train: Epoch 179: train loss 0.0092
2022-01-19 23:08:38,494 root                INFO: Train: Epoch 180: train loss 0.0086
2022-01-19 23:08:39,158 root                INFO: Train: Epoch 181: train loss 0.0046
2022-01-19 23:08:39,842 root                INFO: Train: Epoch 182: train loss 0.0110
2022-01-19 23:08:40,619 root                INFO: Train: Epoch 183: train loss 0.0094
2022-01-19 23:08:41,333 root                INFO: Train: Epoch 184: train loss 0.0116
2022-01-19 23:08:42,015 root                INFO: Train: Epoch 185: train loss 0.0070
2022-01-19 23:08:42,700 root                INFO: Train: Epoch 186: train loss 0.0061
2022-01-19 23:08:43,385 root                INFO: Train: Epoch 187: train loss 0.0070
2022-01-19 23:08:44,054 root                INFO: Train: Epoch 188: train loss 0.0071
2022-01-19 23:08:44,801 root                INFO: Train: Epoch 189: train loss 0.0079
2022-01-19 23:08:45,485 root                INFO: Train: Epoch 190: train loss 0.0065
2022-01-19 23:08:46,146 root                INFO: Train: Epoch 191: train loss 0.0105
2022-01-19 23:08:46,773 root                INFO: Train: Epoch 192: train loss 0.0067
2022-01-19 23:08:47,494 root                INFO: Train: Epoch 193: train loss 0.0082
2022-01-19 23:08:48,202 root                INFO: Train: Epoch 194: train loss 0.0143
2022-01-19 23:08:48,873 root                INFO: Train: Epoch 195: train loss 0.0058
2022-01-19 23:08:49,569 root                INFO: Train: Epoch 196: train loss 0.0076
2022-01-19 23:08:51,574 root                INFO: Valid: Epoch 196: kendall tau 0.6881; loss 0.246
2022-01-19 23:08:52,275 root                INFO: Train: Epoch 197: train loss 0.0067
2022-01-19 23:08:54,316 root                INFO: Valid: Epoch 197: kendall tau 0.6832; loss 0.2168
2022-01-19 23:08:55,005 root                INFO: Train: Epoch 198: train loss 0.0043
2022-01-19 23:08:57,295 root                INFO: Valid: Epoch 198: kendall tau 0.6798; loss 0.1947
2022-01-19 23:08:58,030 root                INFO: Train: Epoch 199: train loss 0.0107
2022-01-19 23:09:00,258 root                INFO: Valid: Epoch 199: kendall tau 0.6883; loss 0.22
2022-01-19 23:09:00,967 root                INFO: Train: Epoch 200: train loss 0.0040
2022-01-19 23:09:03,086 root                INFO: Valid: Epoch 200: kendall tau 0.6935; loss 0.2462
2022-01-19 23:09:03,094 root                INFO: Epoch 200: Save checkpoint to nb1shot1_ablation_scale/true/0.1_0.01/123/21/200.ckpt
2022-01-19 23:09:05,435 root                INFO: [0.14285714285714285, 0.4166666666666667, 0.4305555555555556, 0.5714285714285714, 0.6721536351165981, 0.8606310013717421, 1.0]
2022-01-19 23:09:05,435 root                INFO: [14, 7]
