2022-01-19 22:59:48,853 root                INFO: GPU device = 3
2022-01-19 22:59:48,854 root                INFO: Load pkl cache from nasbench101.pkl and nasbench101_valid.pkl
2022-01-19 22:59:49,262 root                INFO: Config: {'arch_network_cfg': {'arch_embedder_cfg': {'b_use_bn': False, 'backward_gcn_out_dims': [128, 128, 128, 128, 128], 'concat_param_zs_as_opemb_dimension': 7, 'concat_param_zs_as_opemb_scale': 0.1, 'detach_vinfo': False, 'fb_conversion_dims': [128, 128], 'gcn_kwargs': {'plus_I': True, 'residual_only': 1}, 'gcn_out_dims': [128, 128, 128, 128, 128], 'hid_dim': 96, 'mask_nonparametrized_ops': False, 'node_embedding_dim': 48, 'num_time_steps': 3, 'op_embedding_dim': 48, 'symmetry_breaking_method': 'param_zs_add', 'updateopemb_detach_finfo': True, 'updateopemb_detach_opemb': True, 'updateopemb_dims': [128], 'updateopemb_method': 'concat_ofb', 'updateopemb_scale': 0.1}, 'arch_embedder_type': 'nb101-fbflow', 'compare_loss_type': 'margin_linear', 'compare_margin': 0.1, 'mlp_dropout': 0.1, 'mlp_hiddens': [200], 'optimizer': {'lr': 0.001, 'type': 'Adam'}, 'scheduler': None}, 'batch_size': 512, 'choose_pair_criterion': 'random', 'compare': True, 'compare_threshold': 0.0, 'epochs': 200, 'max_compare_ratio': 4.0}
2022-01-19 22:59:53,503 root                INFO: Combined args: Namespace(batch_size=512, cfg_file='cfgs/nb101_cfgs/gates_true_scale0.1.yaml', choose_pair_criterion='random', compare=True, compare_threshold=0.0, epochs=200, eval_only_last=5, gpu=3, load=None, max_compare_ratio=4.0, num_workers=4, report_freq=200, save_every=200, save_predict=None, seed=21, test_funcs=None, test_only=False, train_dir='nb1shot1_ablation_scale/true/0.1_0.005/1/21', train_pkl='../mynas/data/nasbench-1shot1/nasbench101_train_1.pkl', train_ratio=0.005, valid_pkl='../mynas/data/nasbench-1shot1/nasbench101_valid.pkl')
2022-01-19 22:59:53,518 root                INFO: Train dataset ratio: 0.005
2022-01-19 22:59:53,519 root                INFO: Number of architectures: train: 36; valid: 7290
2022-01-19 22:59:56,094 root                INFO: Train: Epoch   1: train loss 0.0981
2022-01-19 22:59:56,683 root                INFO: Train: Epoch   2: train loss 0.0947
2022-01-19 22:59:57,183 root                INFO: Train: Epoch   3: train loss 0.0825
2022-01-19 22:59:57,766 root                INFO: Train: Epoch   4: train loss 0.0762
2022-01-19 22:59:58,341 root                INFO: Train: Epoch   5: train loss 0.0657
2022-01-19 22:59:58,894 root                INFO: Train: Epoch   6: train loss 0.0619
2022-01-19 22:59:59,408 root                INFO: Train: Epoch   7: train loss 0.0628
2022-01-19 22:59:59,908 root                INFO: Train: Epoch   8: train loss 0.0632
2022-01-19 23:00:00,429 root                INFO: Train: Epoch   9: train loss 0.0613
2022-01-19 23:00:00,963 root                INFO: Train: Epoch  10: train loss 0.0651
2022-01-19 23:00:01,631 root                INFO: Train: Epoch  11: train loss 0.0567
2022-01-19 23:00:02,250 root                INFO: Train: Epoch  12: train loss 0.0671
2022-01-19 23:00:02,760 root                INFO: Train: Epoch  13: train loss 0.0471
2022-01-19 23:00:03,287 root                INFO: Train: Epoch  14: train loss 0.0488
2022-01-19 23:00:03,886 root                INFO: Train: Epoch  15: train loss 0.0519
2022-01-19 23:00:04,457 root                INFO: Train: Epoch  16: train loss 0.0563
2022-01-19 23:00:05,026 root                INFO: Train: Epoch  17: train loss 0.0564
2022-01-19 23:00:05,820 root                INFO: Train: Epoch  18: train loss 0.0484
2022-01-19 23:00:06,370 root                INFO: Train: Epoch  19: train loss 0.0465
2022-01-19 23:00:06,870 root                INFO: Train: Epoch  20: train loss 0.0473
2022-01-19 23:00:07,523 root                INFO: Train: Epoch  21: train loss 0.0514
2022-01-19 23:00:08,091 root                INFO: Train: Epoch  22: train loss 0.0363
2022-01-19 23:00:08,622 root                INFO: Train: Epoch  23: train loss 0.0340
2022-01-19 23:00:09,200 root                INFO: Train: Epoch  24: train loss 0.0297
2022-01-19 23:00:09,783 root                INFO: Train: Epoch  25: train loss 0.0360
2022-01-19 23:00:10,350 root                INFO: Train: Epoch  26: train loss 0.0245
2022-01-19 23:00:10,874 root                INFO: Train: Epoch  27: train loss 0.0229
2022-01-19 23:00:11,419 root                INFO: Train: Epoch  28: train loss 0.0206
2022-01-19 23:00:11,989 root                INFO: Train: Epoch  29: train loss 0.0240
2022-01-19 23:00:12,533 root                INFO: Train: Epoch  30: train loss 0.0300
2022-01-19 23:00:13,111 root                INFO: Train: Epoch  31: train loss 0.0204
2022-01-19 23:00:13,636 root                INFO: Train: Epoch  32: train loss 0.0242
2022-01-19 23:00:14,153 root                INFO: Train: Epoch  33: train loss 0.0267
2022-01-19 23:00:14,691 root                INFO: Train: Epoch  34: train loss 0.0202
2022-01-19 23:00:15,209 root                INFO: Train: Epoch  35: train loss 0.0270
2022-01-19 23:00:15,777 root                INFO: Train: Epoch  36: train loss 0.0183
2022-01-19 23:00:16,323 root                INFO: Train: Epoch  37: train loss 0.0248
2022-01-19 23:00:16,903 root                INFO: Train: Epoch  38: train loss 0.0266
2022-01-19 23:00:17,469 root                INFO: Train: Epoch  39: train loss 0.0196
2022-01-19 23:00:17,988 root                INFO: Train: Epoch  40: train loss 0.0230
2022-01-19 23:00:18,474 root                INFO: Train: Epoch  41: train loss 0.0208
2022-01-19 23:00:19,019 root                INFO: Train: Epoch  42: train loss 0.0212
2022-01-19 23:00:19,546 root                INFO: Train: Epoch  43: train loss 0.0166
2022-01-19 23:00:20,094 root                INFO: Train: Epoch  44: train loss 0.0190
2022-01-19 23:00:20,668 root                INFO: Train: Epoch  45: train loss 0.0171
2022-01-19 23:00:21,159 root                INFO: Train: Epoch  46: train loss 0.0197
2022-01-19 23:00:21,711 root                INFO: Train: Epoch  47: train loss 0.0174
2022-01-19 23:00:22,228 root                INFO: Train: Epoch  48: train loss 0.0119
2022-01-19 23:00:22,736 root                INFO: Train: Epoch  49: train loss 0.0150
2022-01-19 23:00:23,244 root                INFO: Train: Epoch  50: train loss 0.0111
2022-01-19 23:00:23,835 root                INFO: Train: Epoch  51: train loss 0.0140
2022-01-19 23:00:24,358 root                INFO: Train: Epoch  52: train loss 0.0152
2022-01-19 23:00:24,864 root                INFO: Train: Epoch  53: train loss 0.0148
2022-01-19 23:00:25,395 root                INFO: Train: Epoch  54: train loss 0.0127
2022-01-19 23:00:25,932 root                INFO: Train: Epoch  55: train loss 0.0062
2022-01-19 23:00:26,466 root                INFO: Train: Epoch  56: train loss 0.0137
2022-01-19 23:00:26,971 root                INFO: Train: Epoch  57: train loss 0.0172
2022-01-19 23:00:27,465 root                INFO: Train: Epoch  58: train loss 0.0051
2022-01-19 23:00:28,010 root                INFO: Train: Epoch  59: train loss 0.0130
2022-01-19 23:00:28,545 root                INFO: Train: Epoch  60: train loss 0.0146
2022-01-19 23:00:29,066 root                INFO: Train: Epoch  61: train loss 0.0097
2022-01-19 23:00:29,632 root                INFO: Train: Epoch  62: train loss 0.0177
2022-01-19 23:00:30,208 root                INFO: Train: Epoch  63: train loss 0.0113
2022-01-19 23:00:30,753 root                INFO: Train: Epoch  64: train loss 0.0120
2022-01-19 23:00:31,242 root                INFO: Train: Epoch  65: train loss 0.0172
2022-01-19 23:00:31,807 root                INFO: Train: Epoch  66: train loss 0.0087
2022-01-19 23:00:32,325 root                INFO: Train: Epoch  67: train loss 0.0100
2022-01-19 23:00:32,809 root                INFO: Train: Epoch  68: train loss 0.0097
2022-01-19 23:00:33,312 root                INFO: Train: Epoch  69: train loss 0.0124
2022-01-19 23:00:33,879 root                INFO: Train: Epoch  70: train loss 0.0084
2022-01-19 23:00:34,504 root                INFO: Train: Epoch  71: train loss 0.0182
2022-01-19 23:00:35,115 root                INFO: Train: Epoch  72: train loss 0.0098
2022-01-19 23:00:35,724 root                INFO: Train: Epoch  73: train loss 0.0076
2022-01-19 23:00:36,301 root                INFO: Train: Epoch  74: train loss 0.0057
2022-01-19 23:00:36,879 root                INFO: Train: Epoch  75: train loss 0.0224
2022-01-19 23:00:37,470 root                INFO: Train: Epoch  76: train loss 0.0190
2022-01-19 23:00:38,001 root                INFO: Train: Epoch  77: train loss 0.0243
2022-01-19 23:00:38,544 root                INFO: Train: Epoch  78: train loss 0.0101
2022-01-19 23:00:39,105 root                INFO: Train: Epoch  79: train loss 0.0176
2022-01-19 23:00:39,631 root                INFO: Train: Epoch  80: train loss 0.0088
2022-01-19 23:00:40,198 root                INFO: Train: Epoch  81: train loss 0.0094
2022-01-19 23:00:40,730 root                INFO: Train: Epoch  82: train loss 0.0129
2022-01-19 23:00:41,295 root                INFO: Train: Epoch  83: train loss 0.0090
2022-01-19 23:00:41,889 root                INFO: Train: Epoch  84: train loss 0.0151
2022-01-19 23:00:42,426 root                INFO: Train: Epoch  85: train loss 0.0106
2022-01-19 23:00:42,990 root                INFO: Train: Epoch  86: train loss 0.0074
2022-01-19 23:00:43,573 root                INFO: Train: Epoch  87: train loss 0.0123
2022-01-19 23:00:44,143 root                INFO: Train: Epoch  88: train loss 0.0181
2022-01-19 23:00:44,673 root                INFO: Train: Epoch  89: train loss 0.0075
2022-01-19 23:00:45,173 root                INFO: Train: Epoch  90: train loss 0.0147
2022-01-19 23:00:45,702 root                INFO: Train: Epoch  91: train loss 0.0078
2022-01-19 23:00:46,261 root                INFO: Train: Epoch  92: train loss 0.0085
2022-01-19 23:00:46,911 root                INFO: Train: Epoch  93: train loss 0.0117
2022-01-19 23:00:47,499 root                INFO: Train: Epoch  94: train loss 0.0056
2022-01-19 23:00:48,046 root                INFO: Train: Epoch  95: train loss 0.0084
2022-01-19 23:00:48,579 root                INFO: Train: Epoch  96: train loss 0.0125
2022-01-19 23:00:49,113 root                INFO: Train: Epoch  97: train loss 0.0119
2022-01-19 23:00:49,675 root                INFO: Train: Epoch  98: train loss 0.0078
2022-01-19 23:00:50,249 root                INFO: Train: Epoch  99: train loss 0.0093
2022-01-19 23:00:50,822 root                INFO: Train: Epoch 100: train loss 0.0081
2022-01-19 23:00:51,417 root                INFO: Train: Epoch 101: train loss 0.0074
2022-01-19 23:00:51,989 root                INFO: Train: Epoch 102: train loss 0.0104
2022-01-19 23:00:52,575 root                INFO: Train: Epoch 103: train loss 0.0083
2022-01-19 23:00:53,103 root                INFO: Train: Epoch 104: train loss 0.0083
2022-01-19 23:00:53,656 root                INFO: Train: Epoch 105: train loss 0.0077
2022-01-19 23:00:54,200 root                INFO: Train: Epoch 106: train loss 0.0098
2022-01-19 23:00:54,767 root                INFO: Train: Epoch 107: train loss 0.0073
2022-01-19 23:00:55,357 root                INFO: Train: Epoch 108: train loss 0.0031
2022-01-19 23:00:55,908 root                INFO: Train: Epoch 109: train loss 0.0048
2022-01-19 23:00:56,437 root                INFO: Train: Epoch 110: train loss 0.0066
2022-01-19 23:00:57,004 root                INFO: Train: Epoch 111: train loss 0.0126
2022-01-19 23:00:57,531 root                INFO: Train: Epoch 112: train loss 0.0057
2022-01-19 23:00:58,053 root                INFO: Train: Epoch 113: train loss 0.0082
2022-01-19 23:00:58,615 root                INFO: Train: Epoch 114: train loss 0.0072
2022-01-19 23:00:59,233 root                INFO: Train: Epoch 115: train loss 0.0089
2022-01-19 23:00:59,939 root                INFO: Train: Epoch 116: train loss 0.0063
2022-01-19 23:01:00,641 root                INFO: Train: Epoch 117: train loss 0.0047
2022-01-19 23:01:01,302 root                INFO: Train: Epoch 118: train loss 0.0087
2022-01-19 23:01:01,862 root                INFO: Train: Epoch 119: train loss 0.0088
2022-01-19 23:01:02,477 root                INFO: Train: Epoch 120: train loss 0.0078
2022-01-19 23:01:03,089 root                INFO: Train: Epoch 121: train loss 0.0066
2022-01-19 23:01:03,646 root                INFO: Train: Epoch 122: train loss 0.0070
2022-01-19 23:01:04,217 root                INFO: Train: Epoch 123: train loss 0.0118
2022-01-19 23:01:04,777 root                INFO: Train: Epoch 124: train loss 0.0048
2022-01-19 23:01:05,334 root                INFO: Train: Epoch 125: train loss 0.0078
2022-01-19 23:01:05,913 root                INFO: Train: Epoch 126: train loss 0.0114
2022-01-19 23:01:06,562 root                INFO: Train: Epoch 127: train loss 0.0138
2022-01-19 23:01:07,130 root                INFO: Train: Epoch 128: train loss 0.0058
2022-01-19 23:01:07,668 root                INFO: Train: Epoch 129: train loss 0.0056
2022-01-19 23:01:08,222 root                INFO: Train: Epoch 130: train loss 0.0076
2022-01-19 23:01:08,784 root                INFO: Train: Epoch 131: train loss 0.0073
2022-01-19 23:01:09,326 root                INFO: Train: Epoch 132: train loss 0.0074
2022-01-19 23:01:09,908 root                INFO: Train: Epoch 133: train loss 0.0054
2022-01-19 23:01:10,498 root                INFO: Train: Epoch 134: train loss 0.0087
2022-01-19 23:01:11,073 root                INFO: Train: Epoch 135: train loss 0.0046
2022-01-19 23:01:11,630 root                INFO: Train: Epoch 136: train loss 0.0056
2022-01-19 23:01:12,202 root                INFO: Train: Epoch 137: train loss 0.0092
2022-01-19 23:01:12,740 root                INFO: Train: Epoch 138: train loss 0.0037
2022-01-19 23:01:13,315 root                INFO: Train: Epoch 139: train loss 0.0074
2022-01-19 23:01:13,873 root                INFO: Train: Epoch 140: train loss 0.0082
2022-01-19 23:01:14,460 root                INFO: Train: Epoch 141: train loss 0.0060
2022-01-19 23:01:15,050 root                INFO: Train: Epoch 142: train loss 0.0063
2022-01-19 23:01:15,595 root                INFO: Train: Epoch 143: train loss 0.0063
2022-01-19 23:01:16,157 root                INFO: Train: Epoch 144: train loss 0.0025
2022-01-19 23:01:16,718 root                INFO: Train: Epoch 145: train loss 0.0047
2022-01-19 23:01:17,300 root                INFO: Train: Epoch 146: train loss 0.0008
2022-01-19 23:01:17,898 root                INFO: Train: Epoch 147: train loss 0.0048
2022-01-19 23:01:18,483 root                INFO: Train: Epoch 148: train loss 0.0110
2022-01-19 23:01:19,037 root                INFO: Train: Epoch 149: train loss 0.0039
2022-01-19 23:01:19,610 root                INFO: Train: Epoch 150: train loss 0.0023
2022-01-19 23:01:20,167 root                INFO: Train: Epoch 151: train loss 0.0044
2022-01-19 23:01:20,757 root                INFO: Train: Epoch 152: train loss 0.0126
2022-01-19 23:01:21,348 root                INFO: Train: Epoch 153: train loss 0.0058
2022-01-19 23:01:21,951 root                INFO: Train: Epoch 154: train loss 0.0076
2022-01-19 23:01:22,502 root                INFO: Train: Epoch 155: train loss 0.0035
2022-01-19 23:01:23,067 root                INFO: Train: Epoch 156: train loss 0.0064
2022-01-19 23:01:23,612 root                INFO: Train: Epoch 157: train loss 0.0057
2022-01-19 23:01:24,141 root                INFO: Train: Epoch 158: train loss 0.0043
2022-01-19 23:01:24,823 root                INFO: Train: Epoch 159: train loss 0.0020
2022-01-19 23:01:25,621 root                INFO: Train: Epoch 160: train loss 0.0042
2022-01-19 23:01:26,401 root                INFO: Train: Epoch 161: train loss 0.0119
2022-01-19 23:01:27,135 root                INFO: Train: Epoch 162: train loss 0.0064
2022-01-19 23:01:27,930 root                INFO: Train: Epoch 163: train loss 0.0029
2022-01-19 23:01:28,722 root                INFO: Train: Epoch 164: train loss 0.0047
2022-01-19 23:01:29,459 root                INFO: Train: Epoch 165: train loss 0.0058
2022-01-19 23:01:30,220 root                INFO: Train: Epoch 166: train loss 0.0060
2022-01-19 23:01:30,948 root                INFO: Train: Epoch 167: train loss 0.0024
2022-01-19 23:01:31,674 root                INFO: Train: Epoch 168: train loss 0.0089
2022-01-19 23:01:32,429 root                INFO: Train: Epoch 169: train loss 0.0092
2022-01-19 23:01:33,178 root                INFO: Train: Epoch 170: train loss 0.0120
2022-01-19 23:01:33,957 root                INFO: Train: Epoch 171: train loss 0.0043
2022-01-19 23:01:34,705 root                INFO: Train: Epoch 172: train loss 0.0096
2022-01-19 23:01:35,488 root                INFO: Train: Epoch 173: train loss 0.0086
2022-01-19 23:01:36,304 root                INFO: Train: Epoch 174: train loss 0.0050
2022-01-19 23:01:37,026 root                INFO: Train: Epoch 175: train loss 0.0110
2022-01-19 23:01:37,773 root                INFO: Train: Epoch 176: train loss 0.0083
2022-01-19 23:01:38,526 root                INFO: Train: Epoch 177: train loss 0.0129
2022-01-19 23:01:39,284 root                INFO: Train: Epoch 178: train loss 0.0151
2022-01-19 23:01:40,057 root                INFO: Train: Epoch 179: train loss 0.0109
2022-01-19 23:01:40,802 root                INFO: Train: Epoch 180: train loss 0.0078
2022-01-19 23:01:41,526 root                INFO: Train: Epoch 181: train loss 0.0080
2022-01-19 23:01:42,247 root                INFO: Train: Epoch 182: train loss 0.0036
2022-01-19 23:01:43,001 root                INFO: Train: Epoch 183: train loss 0.0077
2022-01-19 23:01:43,773 root                INFO: Train: Epoch 184: train loss 0.0075
2022-01-19 23:01:44,497 root                INFO: Train: Epoch 185: train loss 0.0050
2022-01-19 23:01:45,220 root                INFO: Train: Epoch 186: train loss 0.0051
2022-01-19 23:01:45,994 root                INFO: Train: Epoch 187: train loss 0.0107
2022-01-19 23:01:46,772 root                INFO: Train: Epoch 188: train loss 0.0056
2022-01-19 23:01:47,536 root                INFO: Train: Epoch 189: train loss 0.0068
2022-01-19 23:01:48,284 root                INFO: Train: Epoch 190: train loss 0.0042
2022-01-19 23:01:48,991 root                INFO: Train: Epoch 191: train loss 0.0049
2022-01-19 23:01:49,708 root                INFO: Train: Epoch 192: train loss 0.0042
2022-01-19 23:01:50,480 root                INFO: Train: Epoch 193: train loss 0.0070
2022-01-19 23:01:51,221 root                INFO: Train: Epoch 194: train loss 0.0061
2022-01-19 23:01:51,979 root                INFO: Train: Epoch 195: train loss 0.0064
2022-01-19 23:01:52,725 root                INFO: Train: Epoch 196: train loss 0.0040
2022-01-19 23:01:54,954 root                INFO: Valid: Epoch 196: kendall tau 0.5941; loss 0.2888
2022-01-19 23:01:55,705 root                INFO: Train: Epoch 197: train loss 0.0014
2022-01-19 23:01:57,737 root                INFO: Valid: Epoch 197: kendall tau 0.5871; loss 0.2905
2022-01-19 23:01:58,451 root                INFO: Train: Epoch 198: train loss 0.0061
2022-01-19 23:02:00,655 root                INFO: Valid: Epoch 198: kendall tau 0.5857; loss 0.2922
2022-01-19 23:02:01,408 root                INFO: Train: Epoch 199: train loss 0.0048
2022-01-19 23:02:03,478 root                INFO: Valid: Epoch 199: kendall tau 0.5869; loss 0.2977
2022-01-19 23:02:04,226 root                INFO: Train: Epoch 200: train loss 0.0104
2022-01-19 23:02:06,327 root                INFO: Valid: Epoch 200: kendall tau 0.5909; loss 0.3109
2022-01-19 23:02:06,334 root                INFO: Epoch 200: Save checkpoint to nb1shot1_ablation_scale/true/0.1_0.005/1/21/200.ckpt
2022-01-19 23:02:08,576 root                INFO: [0.14285714285714285, 0.4166666666666667, 0.5833333333333334, 0.45604395604395603, 0.6145404663923183, 0.8071330589849108, 1.0]
2022-01-19 23:02:08,576 root                INFO: [27, 2]
