2022-01-20 16:07:27,152 root                INFO: GPU device = 5
2022-01-20 16:07:27,152 root                INFO: Load pkl cache from nasbench301_train.pkl and nasbench301_valid.pkl
2022-01-20 16:07:28,210 root                INFO: Config: {'arch_network_cfg': {'arch_embedder_cfg': {'take_adj_as_input': True, 'gcn_kwargs': {'residual_only': 2}, 'gcn_out_dims': [64, 64, 64, 64, 64], 'hidden_dim': 32, 'node_dim': 32, 'op_dim': 32, 'use_bn': False, 'final_concat': False, 'other_node_zero': False, 'num_time_steps': 4, 'fb_conversion_dims': [64, 64], 'backward_gcn_out_dims': [64, 64, 64, 64, 64], 'updateopemb_method': 'concat_ofb', 'updateopemb_dims': [64], 'share_skip_and_outskip': True, 'detach_vinfo': False, 'updateopemb_scale': 0.1, 'updateopemb_detach_opemb': True, 'updateopemb_detach_finfo': True, 'mask_nonparametrized_ops': True, 'symmetry_breaking_method': 'param_zs_add', 'concat_param_zs_as_opemb_dimension': 5, 'concat_param_zs_as_opemb_scale': 1.0}, 'arch_embedder_type': 'cellss-fbflow', 'compare_loss_type': 'margin_linear', 'compare_margin': 0.1, 'mlp_dropout': 0.1, 'mlp_hiddens': [200], 'optimizer': {'lr': 0.001, 'type': 'Adam'}, 'scheduler': None}, 'arch_network_type': 'pointwise_comparator', 'batch_size': 128, 'choose_pair_criterion': 'random', 'compare': True, 'compare_threshold': 0.0, 'epochs': 200, 'max_compare_ratio': 16.0}
2022-01-20 16:07:31,619 root                INFO: Combined args: Namespace(arch_network_type='pointwise_comparator', batch_size=128, cfg_file='cfgs/nb301_cfgs/gates_true_masktrue.yaml', choose_pair_criterion='random', compare=True, compare_threshold=0.0, epochs=200, eval_only_last=1, gpu=5, load=None, max_compare_ratio=16.0, num_workers=4, report_freq=200, save_every=200, save_predict=None, seed=2021, test_funcs=None, test_only=False, train_dir='nb301_ablation_mask/true/true_0.1/123/2021', train_pkl='../mynas/data/nasbench-301/nasbench301_train_mtx_123.pkl', train_ratio=0.1, valid_pkl='../mynas/data/nasbench-301/nasbench301_valid_mtx.pkl')
2022-01-20 16:07:31,630 root                INFO: Train dataset ratio: 0.100
2022-01-20 16:07:31,630 root                INFO: Number of architectures: train: 589; valid: 51072
2022-01-20 16:07:49,195 root                INFO: Train: Epoch   1: train loss 0.0976
2022-01-20 16:07:50,991 root                INFO: Train: Epoch   2: train loss 0.0806
2022-01-20 16:07:52,795 root                INFO: Train: Epoch   3: train loss 0.0503
2022-01-20 16:07:54,621 root                INFO: Train: Epoch   4: train loss 0.0375
2022-01-20 16:07:56,446 root                INFO: Train: Epoch   5: train loss 0.0350
2022-01-20 16:07:58,329 root                INFO: Train: Epoch   6: train loss 0.0328
2022-01-20 16:08:00,138 root                INFO: Train: Epoch   7: train loss 0.0307
2022-01-20 16:08:01,937 root                INFO: Train: Epoch   8: train loss 0.0291
2022-01-20 16:08:03,661 root                INFO: Train: Epoch   9: train loss 0.0290
2022-01-20 16:08:05,288 root                INFO: Train: Epoch  10: train loss 0.0288
2022-01-20 16:08:06,895 root                INFO: Train: Epoch  11: train loss 0.0265
2022-01-20 16:08:08,493 root                INFO: Train: Epoch  12: train loss 0.0267
2022-01-20 16:08:10,128 root                INFO: Train: Epoch  13: train loss 0.0261
2022-01-20 16:08:11,803 root                INFO: Train: Epoch  14: train loss 0.0250
2022-01-20 16:08:13,519 root                INFO: Train: Epoch  15: train loss 0.0254
2022-01-20 16:08:15,256 root                INFO: Train: Epoch  16: train loss 0.0244
2022-01-20 16:08:17,056 root                INFO: Train: Epoch  17: train loss 0.0239
2022-01-20 16:08:18,838 root                INFO: Train: Epoch  18: train loss 0.0241
2022-01-20 16:08:20,589 root                INFO: Train: Epoch  19: train loss 0.0233
2022-01-20 16:08:22,320 root                INFO: Train: Epoch  20: train loss 0.0225
2022-01-20 16:08:24,057 root                INFO: Train: Epoch  21: train loss 0.0239
2022-01-20 16:08:25,771 root                INFO: Train: Epoch  22: train loss 0.0224
2022-01-20 16:08:27,452 root                INFO: Train: Epoch  23: train loss 0.0210
2022-01-20 16:08:29,087 root                INFO: Train: Epoch  24: train loss 0.0215
2022-01-20 16:08:30,736 root                INFO: Train: Epoch  25: train loss 0.0215
2022-01-20 16:08:32,359 root                INFO: Train: Epoch  26: train loss 0.0209
2022-01-20 16:08:34,016 root                INFO: Train: Epoch  27: train loss 0.0202
2022-01-20 16:08:35,659 root                INFO: Train: Epoch  28: train loss 0.0211
2022-01-20 16:08:37,350 root                INFO: Train: Epoch  29: train loss 0.0203
2022-01-20 16:08:39,063 root                INFO: Train: Epoch  30: train loss 0.0197
2022-01-20 16:08:40,762 root                INFO: Train: Epoch  31: train loss 0.0195
2022-01-20 16:08:42,492 root                INFO: Train: Epoch  32: train loss 0.0194
2022-01-20 16:08:44,209 root                INFO: Train: Epoch  33: train loss 0.0193
2022-01-20 16:08:45,902 root                INFO: Train: Epoch  34: train loss 0.0187
2022-01-20 16:08:47,583 root                INFO: Train: Epoch  35: train loss 0.0183
2022-01-20 16:08:49,262 root                INFO: Train: Epoch  36: train loss 0.0189
2022-01-20 16:08:50,941 root                INFO: Train: Epoch  37: train loss 0.0182
2022-01-20 16:08:52,606 root                INFO: Train: Epoch  38: train loss 0.0186
2022-01-20 16:08:54,289 root                INFO: Train: Epoch  39: train loss 0.0178
2022-01-20 16:08:55,996 root                INFO: Train: Epoch  40: train loss 0.0171
2022-01-20 16:08:57,654 root                INFO: Train: Epoch  41: train loss 0.0168
2022-01-20 16:08:59,343 root                INFO: Train: Epoch  42: train loss 0.0177
2022-01-20 16:09:01,098 root                INFO: Train: Epoch  43: train loss 0.0164
2022-01-20 16:09:02,823 root                INFO: Train: Epoch  44: train loss 0.0162
2022-01-20 16:09:04,532 root                INFO: Train: Epoch  45: train loss 0.0154
2022-01-20 16:09:06,226 root                INFO: Train: Epoch  46: train loss 0.0160
2022-01-20 16:09:07,919 root                INFO: Train: Epoch  47: train loss 0.0161
2022-01-20 16:09:09,635 root                INFO: Train: Epoch  48: train loss 0.0147
2022-01-20 16:09:11,273 root                INFO: Train: Epoch  49: train loss 0.0155
2022-01-20 16:09:12,946 root                INFO: Train: Epoch  50: train loss 0.0150
2022-01-20 16:09:14,758 root                INFO: Train: Epoch  51: train loss 0.0151
2022-01-20 16:09:16,529 root                INFO: Train: Epoch  52: train loss 0.0155
2022-01-20 16:09:18,308 root                INFO: Train: Epoch  53: train loss 0.0159
2022-01-20 16:09:20,094 root                INFO: Train: Epoch  54: train loss 0.0155
2022-01-20 16:09:21,878 root                INFO: Train: Epoch  55: train loss 0.0145
2022-01-20 16:09:23,624 root                INFO: Train: Epoch  56: train loss 0.0141
2022-01-20 16:09:25,362 root                INFO: Train: Epoch  57: train loss 0.0143
2022-01-20 16:09:27,091 root                INFO: Train: Epoch  58: train loss 0.0142
2022-01-20 16:09:28,869 root                INFO: Train: Epoch  59: train loss 0.0151
2022-01-20 16:09:30,645 root                INFO: Train: Epoch  60: train loss 0.0134
2022-01-20 16:09:32,427 root                INFO: Train: Epoch  61: train loss 0.0130
2022-01-20 16:09:34,245 root                INFO: Train: Epoch  62: train loss 0.0122
2022-01-20 16:09:36,029 root                INFO: Train: Epoch  63: train loss 0.0132
2022-01-20 16:09:37,799 root                INFO: Train: Epoch  64: train loss 0.0121
2022-01-20 16:09:39,575 root                INFO: Train: Epoch  65: train loss 0.0120
2022-01-20 16:09:41,348 root                INFO: Train: Epoch  66: train loss 0.0122
2022-01-20 16:09:43,106 root                INFO: Train: Epoch  67: train loss 0.0130
2022-01-20 16:09:44,889 root                INFO: Train: Epoch  68: train loss 0.0129
2022-01-20 16:09:46,720 root                INFO: Train: Epoch  69: train loss 0.0136
2022-01-20 16:09:48,486 root                INFO: Train: Epoch  70: train loss 0.0135
2022-01-20 16:09:50,248 root                INFO: Train: Epoch  71: train loss 0.0139
2022-01-20 16:09:52,017 root                INFO: Train: Epoch  72: train loss 0.0121
2022-01-20 16:09:53,786 root                INFO: Train: Epoch  73: train loss 0.0117
2022-01-20 16:09:55,555 root                INFO: Train: Epoch  74: train loss 0.0099
2022-01-20 16:09:57,329 root                INFO: Train: Epoch  75: train loss 0.0110
2022-01-20 16:09:59,108 root                INFO: Train: Epoch  76: train loss 0.0118
2022-01-20 16:10:00,902 root                INFO: Train: Epoch  77: train loss 0.0119
2022-01-20 16:10:02,712 root                INFO: Train: Epoch  78: train loss 0.0121
2022-01-20 16:10:04,557 root                INFO: Train: Epoch  79: train loss 0.0111
2022-01-20 16:10:06,383 root                INFO: Train: Epoch  80: train loss 0.0098
2022-01-20 16:10:08,213 root                INFO: Train: Epoch  81: train loss 0.0111
2022-01-20 16:10:10,053 root                INFO: Train: Epoch  82: train loss 0.0103
2022-01-20 16:10:11,903 root                INFO: Train: Epoch  83: train loss 0.0101
2022-01-20 16:10:13,727 root                INFO: Train: Epoch  84: train loss 0.0102
2022-01-20 16:10:15,540 root                INFO: Train: Epoch  85: train loss 0.0102
2022-01-20 16:10:17,357 root                INFO: Train: Epoch  86: train loss 0.0101
2022-01-20 16:10:19,169 root                INFO: Train: Epoch  87: train loss 0.0109
2022-01-20 16:10:20,883 root                INFO: Train: Epoch  88: train loss 0.0101
2022-01-20 16:10:22,583 root                INFO: Train: Epoch  89: train loss 0.0098
2022-01-20 16:10:24,285 root                INFO: Train: Epoch  90: train loss 0.0100
2022-01-20 16:10:26,004 root                INFO: Train: Epoch  91: train loss 0.0099
2022-01-20 16:10:27,703 root                INFO: Train: Epoch  92: train loss 0.0105
2022-01-20 16:10:29,401 root                INFO: Train: Epoch  93: train loss 0.0106
2022-01-20 16:10:31,098 root                INFO: Train: Epoch  94: train loss 0.0126
2022-01-20 16:10:32,749 root                INFO: Train: Epoch  95: train loss 0.0119
2022-01-20 16:10:34,393 root                INFO: Train: Epoch  96: train loss 0.0117
2022-01-20 16:10:36,057 root                INFO: Train: Epoch  97: train loss 0.0114
2022-01-20 16:10:37,789 root                INFO: Train: Epoch  98: train loss 0.0101
2022-01-20 16:10:39,495 root                INFO: Train: Epoch  99: train loss 0.0108
2022-01-20 16:10:41,146 root                INFO: Train: Epoch 100: train loss 0.0098
2022-01-20 16:10:42,838 root                INFO: Train: Epoch 101: train loss 0.0096
2022-01-20 16:10:44,535 root                INFO: Train: Epoch 102: train loss 0.0089
2022-01-20 16:10:46,214 root                INFO: Train: Epoch 103: train loss 0.0088
2022-01-20 16:10:47,859 root                INFO: Train: Epoch 104: train loss 0.0087
2022-01-20 16:10:49,492 root                INFO: Train: Epoch 105: train loss 0.0091
2022-01-20 16:10:51,099 root                INFO: Train: Epoch 106: train loss 0.0092
2022-01-20 16:10:52,713 root                INFO: Train: Epoch 107: train loss 0.0092
2022-01-20 16:10:54,343 root                INFO: Train: Epoch 108: train loss 0.0090
2022-01-20 16:10:56,045 root                INFO: Train: Epoch 109: train loss 0.0087
2022-01-20 16:10:57,762 root                INFO: Train: Epoch 110: train loss 0.0086
2022-01-20 16:10:59,435 root                INFO: Train: Epoch 111: train loss 0.0084
2022-01-20 16:11:01,086 root                INFO: Train: Epoch 112: train loss 0.0083
2022-01-20 16:11:02,703 root                INFO: Train: Epoch 113: train loss 0.0084
2022-01-20 16:11:04,322 root                INFO: Train: Epoch 114: train loss 0.0083
2022-01-20 16:11:05,934 root                INFO: Train: Epoch 115: train loss 0.0081
2022-01-20 16:11:07,543 root                INFO: Train: Epoch 116: train loss 0.0082
2022-01-20 16:11:09,156 root                INFO: Train: Epoch 117: train loss 0.0088
2022-01-20 16:11:10,751 root                INFO: Train: Epoch 118: train loss 0.0077
2022-01-20 16:11:12,378 root                INFO: Train: Epoch 119: train loss 0.0085
2022-01-20 16:11:14,034 root                INFO: Train: Epoch 120: train loss 0.0078
2022-01-20 16:11:15,694 root                INFO: Train: Epoch 121: train loss 0.0077
2022-01-20 16:11:17,292 root                INFO: Train: Epoch 122: train loss 0.0072
2022-01-20 16:11:18,890 root                INFO: Train: Epoch 123: train loss 0.0083
2022-01-20 16:11:20,505 root                INFO: Train: Epoch 124: train loss 0.0075
2022-01-20 16:11:22,123 root                INFO: Train: Epoch 125: train loss 0.0083
2022-01-20 16:11:23,747 root                INFO: Train: Epoch 126: train loss 0.0080
2022-01-20 16:11:25,389 root                INFO: Train: Epoch 127: train loss 0.0088
2022-01-20 16:11:27,021 root                INFO: Train: Epoch 128: train loss 0.0091
2022-01-20 16:11:28,805 root                INFO: Train: Epoch 129: train loss 0.0083
2022-01-20 16:11:30,537 root                INFO: Train: Epoch 130: train loss 0.0082
2022-01-20 16:11:32,248 root                INFO: Train: Epoch 131: train loss 0.0080
2022-01-20 16:11:34,015 root                INFO: Train: Epoch 132: train loss 0.0083
2022-01-20 16:11:35,747 root                INFO: Train: Epoch 133: train loss 0.0073
2022-01-20 16:11:37,487 root                INFO: Train: Epoch 134: train loss 0.0074
2022-01-20 16:11:39,245 root                INFO: Train: Epoch 135: train loss 0.0074
2022-01-20 16:11:41,005 root                INFO: Train: Epoch 136: train loss 0.0069
2022-01-20 16:11:42,757 root                INFO: Train: Epoch 137: train loss 0.0070
2022-01-20 16:11:44,506 root                INFO: Train: Epoch 138: train loss 0.0067
2022-01-20 16:11:46,265 root                INFO: Train: Epoch 139: train loss 0.0067
2022-01-20 16:11:48,106 root                INFO: Train: Epoch 140: train loss 0.0083
2022-01-20 16:11:49,890 root                INFO: Train: Epoch 141: train loss 0.0095
2022-01-20 16:11:51,645 root                INFO: Train: Epoch 142: train loss 0.0080
2022-01-20 16:11:53,385 root                INFO: Train: Epoch 143: train loss 0.0077
2022-01-20 16:11:55,141 root                INFO: Train: Epoch 144: train loss 0.0084
2022-01-20 16:11:56,898 root                INFO: Train: Epoch 145: train loss 0.0089
2022-01-20 16:11:58,619 root                INFO: Train: Epoch 146: train loss 0.0077
2022-01-20 16:12:00,351 root                INFO: Train: Epoch 147: train loss 0.0075
2022-01-20 16:12:02,111 root                INFO: Train: Epoch 148: train loss 0.0080
2022-01-20 16:12:03,863 root                INFO: Train: Epoch 149: train loss 0.0077
2022-01-20 16:12:05,621 root                INFO: Train: Epoch 150: train loss 0.0063
2022-01-20 16:12:07,415 root                INFO: Train: Epoch 151: train loss 0.0064
2022-01-20 16:12:09,182 root                INFO: Train: Epoch 152: train loss 0.0067
2022-01-20 16:12:10,956 root                INFO: Train: Epoch 153: train loss 0.0060
2022-01-20 16:12:12,712 root                INFO: Train: Epoch 154: train loss 0.0060
2022-01-20 16:12:14,459 root                INFO: Train: Epoch 155: train loss 0.0064
2022-01-20 16:12:16,187 root                INFO: Train: Epoch 156: train loss 0.0066
2022-01-20 16:12:17,954 root                INFO: Train: Epoch 157: train loss 0.0068
2022-01-20 16:12:19,676 root                INFO: Train: Epoch 158: train loss 0.0064
2022-01-20 16:12:21,391 root                INFO: Train: Epoch 159: train loss 0.0070
2022-01-20 16:12:23,098 root                INFO: Train: Epoch 160: train loss 0.0068
2022-01-20 16:12:24,851 root                INFO: Train: Epoch 161: train loss 0.0069
2022-01-20 16:12:26,567 root                INFO: Train: Epoch 162: train loss 0.0068
2022-01-20 16:12:28,291 root                INFO: Train: Epoch 163: train loss 0.0068
2022-01-20 16:12:30,051 root                INFO: Train: Epoch 164: train loss 0.0063
2022-01-20 16:12:31,802 root                INFO: Train: Epoch 165: train loss 0.0057
2022-01-20 16:12:33,558 root                INFO: Train: Epoch 166: train loss 0.0061
2022-01-20 16:12:35,319 root                INFO: Train: Epoch 167: train loss 0.0063
2022-01-20 16:12:37,081 root                INFO: Train: Epoch 168: train loss 0.0059
2022-01-20 16:12:38,839 root                INFO: Train: Epoch 169: train loss 0.0064
2022-01-20 16:12:40,581 root                INFO: Train: Epoch 170: train loss 0.0059
2022-01-20 16:12:42,313 root                INFO: Train: Epoch 171: train loss 0.0062
2022-01-20 16:12:44,106 root                INFO: Train: Epoch 172: train loss 0.0062
2022-01-20 16:12:45,862 root                INFO: Train: Epoch 173: train loss 0.0059
2022-01-20 16:12:47,587 root                INFO: Train: Epoch 174: train loss 0.0070
2022-01-20 16:12:49,338 root                INFO: Train: Epoch 175: train loss 0.0080
2022-01-20 16:12:51,073 root                INFO: Train: Epoch 176: train loss 0.0079
2022-01-20 16:12:52,849 root                INFO: Train: Epoch 177: train loss 0.0067
2022-01-20 16:12:54,627 root                INFO: Train: Epoch 178: train loss 0.0063
2022-01-20 16:12:56,390 root                INFO: Train: Epoch 179: train loss 0.0069
2022-01-20 16:12:58,169 root                INFO: Train: Epoch 180: train loss 0.0068
2022-01-20 16:12:59,997 root                INFO: Train: Epoch 181: train loss 0.0065
2022-01-20 16:13:01,751 root                INFO: Train: Epoch 182: train loss 0.0062
2022-01-20 16:13:03,495 root                INFO: Train: Epoch 183: train loss 0.0066
2022-01-20 16:13:05,240 root                INFO: Train: Epoch 184: train loss 0.0069
2022-01-20 16:13:06,981 root                INFO: Train: Epoch 185: train loss 0.0062
2022-01-20 16:13:08,728 root                INFO: Train: Epoch 186: train loss 0.0066
2022-01-20 16:13:10,484 root                INFO: Train: Epoch 187: train loss 0.0061
2022-01-20 16:13:12,267 root                INFO: Train: Epoch 188: train loss 0.0067
2022-01-20 16:13:14,055 root                INFO: Train: Epoch 189: train loss 0.0068
2022-01-20 16:13:15,852 root                INFO: Train: Epoch 190: train loss 0.0068
2022-01-20 16:13:17,633 root                INFO: Train: Epoch 191: train loss 0.0065
2022-01-20 16:13:19,413 root                INFO: Train: Epoch 192: train loss 0.0060
2022-01-20 16:13:21,178 root                INFO: Train: Epoch 193: train loss 0.0072
2022-01-20 16:13:22,960 root                INFO: Train: Epoch 194: train loss 0.0068
2022-01-20 16:13:24,740 root                INFO: Train: Epoch 195: train loss 0.0076
2022-01-20 16:13:26,485 root                INFO: Train: Epoch 196: train loss 0.0072
2022-01-20 16:13:28,260 root                INFO: Train: Epoch 197: train loss 0.0083
2022-01-20 16:13:30,022 root                INFO: Train: Epoch 198: train loss 0.0082
2022-01-20 16:13:31,797 root                INFO: Train: Epoch 199: train loss 0.0083
2022-01-20 16:13:33,582 root                INFO: Train: Epoch 200: train loss 0.0071
2022-01-20 16:13:50,234 root                INFO: Valid: Epoch 200: kendall tau 0.7248; loss 0.1769
2022-01-20 16:13:50,240 root                INFO: Epoch 200: Save checkpoint to nb301_ablation_mask/true/true_0.1/123/2021/200.ckpt
2022-01-20 16:14:06,784 root                INFO: [0.0196078431372549, 0.14901960784313725, 0.23921568627450981, 0.6282804543674109, 0.7699236342275309, 0.8614896616541353, 1.0]
2022-01-20 16:14:06,784 root                INFO: [55, 55]
