2022-01-19 23:03:46,506 root                INFO: GPU device = 5
2022-01-19 23:03:46,506 root                INFO: Load pkl cache from nasbench101.pkl and nasbench101_valid.pkl
2022-01-19 23:03:47,067 root                INFO: Config: {'arch_network_cfg': {'arch_embedder_cfg': {'b_use_bn': False, 'backward_gcn_out_dims': [128, 128, 128, 128, 128], 'concat_param_zs_as_opemb_dimension': 7, 'concat_param_zs_as_opemb_scale': 0.1, 'detach_vinfo': False, 'fb_conversion_dims': [128, 128], 'gcn_kwargs': {'plus_I': True, 'residual_only': 1}, 'gcn_out_dims': [128, 128, 128, 128, 128], 'hid_dim': 96, 'mask_nonparametrized_ops': False, 'node_embedding_dim': 48, 'num_time_steps': 3, 'op_embedding_dim': 48, 'symmetry_breaking_method': 'param_zs_add', 'updateopemb_detach_finfo': True, 'updateopemb_detach_opemb': True, 'updateopemb_dims': [128], 'updateopemb_method': 'concat_ofb', 'updateopemb_scale': 0.1}, 'arch_embedder_type': 'nb101-fbflow', 'compare_loss_type': 'margin_linear', 'compare_margin': 0.1, 'mlp_dropout': 0.1, 'mlp_hiddens': [200], 'optimizer': {'lr': 0.001, 'type': 'Adam'}, 'scheduler': None}, 'batch_size': 512, 'choose_pair_criterion': 'random', 'compare': True, 'compare_threshold': 0.0, 'epochs': 200, 'max_compare_ratio': 4.0}
2022-01-19 23:03:51,768 root                INFO: Combined args: Namespace(batch_size=512, cfg_file='cfgs/nb101_cfgs/gates_true_scale0.1.yaml', choose_pair_criterion='random', compare=True, compare_threshold=0.0, epochs=200, eval_only_last=5, gpu=5, load=None, max_compare_ratio=4.0, num_workers=4, report_freq=200, save_every=200, save_predict=None, seed=2021, test_funcs=None, test_only=False, train_dir='nb1shot1_ablation_scale/true/0.1_0.01/1/2021', train_pkl='../mynas/data/nasbench-1shot1/nasbench101_train_1.pkl', train_ratio=0.01, valid_pkl='../mynas/data/nasbench-1shot1/nasbench101_valid.pkl')
2022-01-19 23:03:51,781 root                INFO: Train dataset ratio: 0.010
2022-01-19 23:03:51,781 root                INFO: Number of architectures: train: 72; valid: 7290
2022-01-19 23:03:54,849 root                INFO: Train: Epoch   1: train loss 0.0988
2022-01-19 23:03:55,603 root                INFO: Train: Epoch   2: train loss 0.0951
2022-01-19 23:03:56,331 root                INFO: Train: Epoch   3: train loss 0.0921
2022-01-19 23:03:57,142 root                INFO: Train: Epoch   4: train loss 0.0866
2022-01-19 23:03:57,864 root                INFO: Train: Epoch   5: train loss 0.0762
2022-01-19 23:03:58,614 root                INFO: Train: Epoch   6: train loss 0.0681
2022-01-19 23:03:59,307 root                INFO: Train: Epoch   7: train loss 0.0692
2022-01-19 23:04:00,040 root                INFO: Train: Epoch   8: train loss 0.0676
2022-01-19 23:04:00,782 root                INFO: Train: Epoch   9: train loss 0.0748
2022-01-19 23:04:01,646 root                INFO: Train: Epoch  10: train loss 0.0688
2022-01-19 23:04:02,353 root                INFO: Train: Epoch  11: train loss 0.0680
2022-01-19 23:04:03,071 root                INFO: Train: Epoch  12: train loss 0.0651
2022-01-19 23:04:03,786 root                INFO: Train: Epoch  13: train loss 0.0646
2022-01-19 23:04:04,544 root                INFO: Train: Epoch  14: train loss 0.0630
2022-01-19 23:04:05,317 root                INFO: Train: Epoch  15: train loss 0.0594
2022-01-19 23:04:06,026 root                INFO: Train: Epoch  16: train loss 0.0627
2022-01-19 23:04:06,740 root                INFO: Train: Epoch  17: train loss 0.0607
2022-01-19 23:04:07,439 root                INFO: Train: Epoch  18: train loss 0.0549
2022-01-19 23:04:08,168 root                INFO: Train: Epoch  19: train loss 0.0526
2022-01-19 23:04:08,856 root                INFO: Train: Epoch  20: train loss 0.0606
2022-01-19 23:04:09,625 root                INFO: Train: Epoch  21: train loss 0.0516
2022-01-19 23:04:10,397 root                INFO: Train: Epoch  22: train loss 0.0528
2022-01-19 23:04:11,122 root                INFO: Train: Epoch  23: train loss 0.0444
2022-01-19 23:04:11,880 root                INFO: Train: Epoch  24: train loss 0.0509
2022-01-19 23:04:12,605 root                INFO: Train: Epoch  25: train loss 0.0438
2022-01-19 23:04:13,359 root                INFO: Train: Epoch  26: train loss 0.0421
2022-01-19 23:04:14,104 root                INFO: Train: Epoch  27: train loss 0.0341
2022-01-19 23:04:14,829 root                INFO: Train: Epoch  28: train loss 0.0353
2022-01-19 23:04:15,567 root                INFO: Train: Epoch  29: train loss 0.0365
2022-01-19 23:04:16,276 root                INFO: Train: Epoch  30: train loss 0.0335
2022-01-19 23:04:16,980 root                INFO: Train: Epoch  31: train loss 0.0310
2022-01-19 23:04:17,709 root                INFO: Train: Epoch  32: train loss 0.0326
2022-01-19 23:04:18,482 root                INFO: Train: Epoch  33: train loss 0.0247
2022-01-19 23:04:19,225 root                INFO: Train: Epoch  34: train loss 0.0360
2022-01-19 23:04:19,939 root                INFO: Train: Epoch  35: train loss 0.0333
2022-01-19 23:04:20,695 root                INFO: Train: Epoch  36: train loss 0.0249
2022-01-19 23:04:21,421 root                INFO: Train: Epoch  37: train loss 0.0290
2022-01-19 23:04:22,151 root                INFO: Train: Epoch  38: train loss 0.0266
2022-01-19 23:04:22,906 root                INFO: Train: Epoch  39: train loss 0.0302
2022-01-19 23:04:23,651 root                INFO: Train: Epoch  40: train loss 0.0303
2022-01-19 23:04:24,387 root                INFO: Train: Epoch  41: train loss 0.0282
2022-01-19 23:04:25,158 root                INFO: Train: Epoch  42: train loss 0.0287
2022-01-19 23:04:25,905 root                INFO: Train: Epoch  43: train loss 0.0214
2022-01-19 23:04:26,772 root                INFO: Train: Epoch  44: train loss 0.0216
2022-01-19 23:04:27,513 root                INFO: Train: Epoch  45: train loss 0.0228
2022-01-19 23:04:28,202 root                INFO: Train: Epoch  46: train loss 0.0221
2022-01-19 23:04:28,946 root                INFO: Train: Epoch  47: train loss 0.0242
2022-01-19 23:04:29,674 root                INFO: Train: Epoch  48: train loss 0.0219
2022-01-19 23:04:30,372 root                INFO: Train: Epoch  49: train loss 0.0204
2022-01-19 23:04:31,113 root                INFO: Train: Epoch  50: train loss 0.0216
2022-01-19 23:04:31,872 root                INFO: Train: Epoch  51: train loss 0.0231
2022-01-19 23:04:32,613 root                INFO: Train: Epoch  52: train loss 0.0264
2022-01-19 23:04:33,302 root                INFO: Train: Epoch  53: train loss 0.0272
2022-01-19 23:04:33,993 root                INFO: Train: Epoch  54: train loss 0.0187
2022-01-19 23:04:34,703 root                INFO: Train: Epoch  55: train loss 0.0252
2022-01-19 23:04:35,410 root                INFO: Train: Epoch  56: train loss 0.0214
2022-01-19 23:04:36,131 root                INFO: Train: Epoch  57: train loss 0.0221
2022-01-19 23:04:36,833 root                INFO: Train: Epoch  58: train loss 0.0153
2022-01-19 23:04:37,578 root                INFO: Train: Epoch  59: train loss 0.0222
2022-01-19 23:04:38,357 root                INFO: Train: Epoch  60: train loss 0.0196
2022-01-19 23:04:39,073 root                INFO: Train: Epoch  61: train loss 0.0259
2022-01-19 23:04:39,758 root                INFO: Train: Epoch  62: train loss 0.0196
2022-01-19 23:04:40,447 root                INFO: Train: Epoch  63: train loss 0.0258
2022-01-19 23:04:41,203 root                INFO: Train: Epoch  64: train loss 0.0146
2022-01-19 23:04:41,958 root                INFO: Train: Epoch  65: train loss 0.0209
2022-01-19 23:04:42,633 root                INFO: Train: Epoch  66: train loss 0.0180
2022-01-19 23:04:43,300 root                INFO: Train: Epoch  67: train loss 0.0160
2022-01-19 23:04:43,989 root                INFO: Train: Epoch  68: train loss 0.0216
2022-01-19 23:04:44,679 root                INFO: Train: Epoch  69: train loss 0.0216
2022-01-19 23:04:45,423 root                INFO: Train: Epoch  70: train loss 0.0257
2022-01-19 23:04:46,137 root                INFO: Train: Epoch  71: train loss 0.0161
2022-01-19 23:04:46,813 root                INFO: Train: Epoch  72: train loss 0.0164
2022-01-19 23:04:47,483 root                INFO: Train: Epoch  73: train loss 0.0214
2022-01-19 23:04:48,157 root                INFO: Train: Epoch  74: train loss 0.0196
2022-01-19 23:04:48,868 root                INFO: Train: Epoch  75: train loss 0.0163
2022-01-19 23:04:49,586 root                INFO: Train: Epoch  76: train loss 0.0212
2022-01-19 23:04:50,257 root                INFO: Train: Epoch  77: train loss 0.0178
2022-01-19 23:04:50,939 root                INFO: Train: Epoch  78: train loss 0.0168
2022-01-19 23:04:51,660 root                INFO: Train: Epoch  79: train loss 0.0172
2022-01-19 23:04:52,395 root                INFO: Train: Epoch  80: train loss 0.0158
2022-01-19 23:04:53,139 root                INFO: Train: Epoch  81: train loss 0.0146
2022-01-19 23:04:53,815 root                INFO: Train: Epoch  82: train loss 0.0115
2022-01-19 23:04:54,507 root                INFO: Train: Epoch  83: train loss 0.0179
2022-01-19 23:04:55,183 root                INFO: Train: Epoch  84: train loss 0.0147
2022-01-19 23:04:55,859 root                INFO: Train: Epoch  85: train loss 0.0175
2022-01-19 23:04:56,610 root                INFO: Train: Epoch  86: train loss 0.0168
2022-01-19 23:04:57,293 root                INFO: Train: Epoch  87: train loss 0.0191
2022-01-19 23:04:57,945 root                INFO: Train: Epoch  88: train loss 0.0150
2022-01-19 23:04:58,647 root                INFO: Train: Epoch  89: train loss 0.0109
2022-01-19 23:04:59,390 root                INFO: Train: Epoch  90: train loss 0.0189
2022-01-19 23:05:00,148 root                INFO: Train: Epoch  91: train loss 0.0163
2022-01-19 23:05:00,859 root                INFO: Train: Epoch  92: train loss 0.0130
2022-01-19 23:05:01,582 root                INFO: Train: Epoch  93: train loss 0.0144
2022-01-19 23:05:02,292 root                INFO: Train: Epoch  94: train loss 0.0157
2022-01-19 23:05:02,989 root                INFO: Train: Epoch  95: train loss 0.0143
2022-01-19 23:05:03,685 root                INFO: Train: Epoch  96: train loss 0.0166
2022-01-19 23:05:04,419 root                INFO: Train: Epoch  97: train loss 0.0183
2022-01-19 23:05:05,117 root                INFO: Train: Epoch  98: train loss 0.0102
2022-01-19 23:05:05,800 root                INFO: Train: Epoch  99: train loss 0.0149
2022-01-19 23:05:06,524 root                INFO: Train: Epoch 100: train loss 0.0171
2022-01-19 23:05:07,230 root                INFO: Train: Epoch 101: train loss 0.0122
2022-01-19 23:05:07,918 root                INFO: Train: Epoch 102: train loss 0.0113
2022-01-19 23:05:08,595 root                INFO: Train: Epoch 103: train loss 0.0195
2022-01-19 23:05:09,262 root                INFO: Train: Epoch 104: train loss 0.0135
2022-01-19 23:05:09,960 root                INFO: Train: Epoch 105: train loss 0.0109
2022-01-19 23:05:10,670 root                INFO: Train: Epoch 106: train loss 0.0118
2022-01-19 23:05:11,374 root                INFO: Train: Epoch 107: train loss 0.0136
2022-01-19 23:05:12,049 root                INFO: Train: Epoch 108: train loss 0.0128
2022-01-19 23:05:12,712 root                INFO: Train: Epoch 109: train loss 0.0140
2022-01-19 23:05:13,416 root                INFO: Train: Epoch 110: train loss 0.0129
2022-01-19 23:05:14,155 root                INFO: Train: Epoch 111: train loss 0.0145
2022-01-19 23:05:14,974 root                INFO: Train: Epoch 112: train loss 0.0134
2022-01-19 23:05:15,671 root                INFO: Train: Epoch 113: train loss 0.0154
2022-01-19 23:05:16,383 root                INFO: Train: Epoch 114: train loss 0.0111
2022-01-19 23:05:17,075 root                INFO: Train: Epoch 115: train loss 0.0204
2022-01-19 23:05:17,812 root                INFO: Train: Epoch 116: train loss 0.0117
2022-01-19 23:05:18,545 root                INFO: Train: Epoch 117: train loss 0.0129
2022-01-19 23:05:19,301 root                INFO: Train: Epoch 118: train loss 0.0164
2022-01-19 23:05:20,074 root                INFO: Train: Epoch 119: train loss 0.0118
2022-01-19 23:05:20,819 root                INFO: Train: Epoch 120: train loss 0.0086
2022-01-19 23:05:21,522 root                INFO: Train: Epoch 121: train loss 0.0130
2022-01-19 23:05:22,485 root                INFO: Train: Epoch 122: train loss 0.0145
2022-01-19 23:05:23,356 root                INFO: Train: Epoch 123: train loss 0.0127
2022-01-19 23:05:24,075 root                INFO: Train: Epoch 124: train loss 0.0161
2022-01-19 23:05:24,775 root                INFO: Train: Epoch 125: train loss 0.0166
2022-01-19 23:05:25,526 root                INFO: Train: Epoch 126: train loss 0.0104
2022-01-19 23:05:26,263 root                INFO: Train: Epoch 127: train loss 0.0118
2022-01-19 23:05:27,008 root                INFO: Train: Epoch 128: train loss 0.0205
2022-01-19 23:05:27,785 root                INFO: Train: Epoch 129: train loss 0.0137
2022-01-19 23:05:28,548 root                INFO: Train: Epoch 130: train loss 0.0118
2022-01-19 23:05:29,240 root                INFO: Train: Epoch 131: train loss 0.0161
2022-01-19 23:05:29,956 root                INFO: Train: Epoch 132: train loss 0.0194
2022-01-19 23:05:30,685 root                INFO: Train: Epoch 133: train loss 0.0165
2022-01-19 23:05:31,458 root                INFO: Train: Epoch 134: train loss 0.0132
2022-01-19 23:05:32,143 root                INFO: Train: Epoch 135: train loss 0.0130
2022-01-19 23:05:32,804 root                INFO: Train: Epoch 136: train loss 0.0118
2022-01-19 23:05:33,521 root                INFO: Train: Epoch 137: train loss 0.0184
2022-01-19 23:05:34,298 root                INFO: Train: Epoch 138: train loss 0.0115
2022-01-19 23:05:35,059 root                INFO: Train: Epoch 139: train loss 0.0082
2022-01-19 23:05:35,749 root                INFO: Train: Epoch 140: train loss 0.0121
2022-01-19 23:05:36,423 root                INFO: Train: Epoch 141: train loss 0.0128
2022-01-19 23:05:37,186 root                INFO: Train: Epoch 142: train loss 0.0128
2022-01-19 23:05:38,049 root                INFO: Train: Epoch 143: train loss 0.0089
2022-01-19 23:05:38,866 root                INFO: Train: Epoch 144: train loss 0.0193
2022-01-19 23:05:39,660 root                INFO: Train: Epoch 145: train loss 0.0122
2022-01-19 23:05:40,457 root                INFO: Train: Epoch 146: train loss 0.0107
2022-01-19 23:05:41,147 root                INFO: Train: Epoch 147: train loss 0.0106
2022-01-19 23:05:41,881 root                INFO: Train: Epoch 148: train loss 0.0134
2022-01-19 23:05:42,618 root                INFO: Train: Epoch 149: train loss 0.0117
2022-01-19 23:05:43,408 root                INFO: Train: Epoch 150: train loss 0.0129
2022-01-19 23:05:44,108 root                INFO: Train: Epoch 151: train loss 0.0139
2022-01-19 23:05:44,811 root                INFO: Train: Epoch 152: train loss 0.0148
2022-01-19 23:05:45,562 root                INFO: Train: Epoch 153: train loss 0.0098
2022-01-19 23:05:46,306 root                INFO: Train: Epoch 154: train loss 0.0140
2022-01-19 23:05:47,007 root                INFO: Train: Epoch 155: train loss 0.0114
2022-01-19 23:05:47,670 root                INFO: Train: Epoch 156: train loss 0.0187
2022-01-19 23:05:48,392 root                INFO: Train: Epoch 157: train loss 0.0145
2022-01-19 23:05:49,136 root                INFO: Train: Epoch 158: train loss 0.0086
2022-01-19 23:05:49,842 root                INFO: Train: Epoch 159: train loss 0.0218
2022-01-19 23:05:50,558 root                INFO: Train: Epoch 160: train loss 0.0157
2022-01-19 23:05:51,220 root                INFO: Train: Epoch 161: train loss 0.0125
2022-01-19 23:05:51,875 root                INFO: Train: Epoch 162: train loss 0.0132
2022-01-19 23:05:52,585 root                INFO: Train: Epoch 163: train loss 0.0175
2022-01-19 23:05:53,291 root                INFO: Train: Epoch 164: train loss 0.0128
2022-01-19 23:05:54,008 root                INFO: Train: Epoch 165: train loss 0.0127
2022-01-19 23:05:54,698 root                INFO: Train: Epoch 166: train loss 0.0119
2022-01-19 23:05:55,433 root                INFO: Train: Epoch 167: train loss 0.0120
2022-01-19 23:05:56,139 root                INFO: Train: Epoch 168: train loss 0.0121
2022-01-19 23:05:56,832 root                INFO: Train: Epoch 169: train loss 0.0186
2022-01-19 23:05:57,603 root                INFO: Train: Epoch 170: train loss 0.0080
2022-01-19 23:05:58,348 root                INFO: Train: Epoch 171: train loss 0.0116
2022-01-19 23:05:59,125 root                INFO: Train: Epoch 172: train loss 0.0085
2022-01-19 23:05:59,889 root                INFO: Train: Epoch 173: train loss 0.0107
2022-01-19 23:06:00,611 root                INFO: Train: Epoch 174: train loss 0.0130
2022-01-19 23:06:01,350 root                INFO: Train: Epoch 175: train loss 0.0100
2022-01-19 23:06:02,087 root                INFO: Train: Epoch 176: train loss 0.0094
2022-01-19 23:06:02,795 root                INFO: Train: Epoch 177: train loss 0.0125
2022-01-19 23:06:03,502 root                INFO: Train: Epoch 178: train loss 0.0114
2022-01-19 23:06:04,185 root                INFO: Train: Epoch 179: train loss 0.0062
2022-01-19 23:06:04,886 root                INFO: Train: Epoch 180: train loss 0.0082
2022-01-19 23:06:05,630 root                INFO: Train: Epoch 181: train loss 0.0123
2022-01-19 23:06:06,384 root                INFO: Train: Epoch 182: train loss 0.0089
2022-01-19 23:06:07,059 root                INFO: Train: Epoch 183: train loss 0.0090
2022-01-19 23:06:07,767 root                INFO: Train: Epoch 184: train loss 0.0065
2022-01-19 23:06:08,467 root                INFO: Train: Epoch 185: train loss 0.0095
2022-01-19 23:06:09,152 root                INFO: Train: Epoch 186: train loss 0.0063
2022-01-19 23:06:09,877 root                INFO: Train: Epoch 187: train loss 0.0096
2022-01-19 23:06:10,632 root                INFO: Train: Epoch 188: train loss 0.0081
2022-01-19 23:06:11,334 root                INFO: Train: Epoch 189: train loss 0.0105
2022-01-19 23:06:12,049 root                INFO: Train: Epoch 190: train loss 0.0069
2022-01-19 23:06:12,778 root                INFO: Train: Epoch 191: train loss 0.0117
2022-01-19 23:06:13,580 root                INFO: Train: Epoch 192: train loss 0.0122
2022-01-19 23:06:14,375 root                INFO: Train: Epoch 193: train loss 0.0126
2022-01-19 23:06:15,068 root                INFO: Train: Epoch 194: train loss 0.0093
2022-01-19 23:06:15,757 root                INFO: Train: Epoch 195: train loss 0.0117
2022-01-19 23:06:16,481 root                INFO: Train: Epoch 196: train loss 0.0067
2022-01-19 23:06:18,583 root                INFO: Valid: Epoch 196: kendall tau 0.6923; loss 0.1891
2022-01-19 23:06:19,314 root                INFO: Train: Epoch 197: train loss 0.0094
2022-01-19 23:06:21,553 root                INFO: Valid: Epoch 197: kendall tau 0.6904; loss 0.1884
2022-01-19 23:06:22,324 root                INFO: Train: Epoch 198: train loss 0.0111
2022-01-19 23:06:24,610 root                INFO: Valid: Epoch 198: kendall tau 0.6881; loss 0.193
2022-01-19 23:06:25,370 root                INFO: Train: Epoch 199: train loss 0.0113
2022-01-19 23:06:27,494 root                INFO: Valid: Epoch 199: kendall tau 0.6857; loss 0.1937
2022-01-19 23:06:28,247 root                INFO: Train: Epoch 200: train loss 0.0142
2022-01-19 23:06:30,480 root                INFO: Valid: Epoch 200: kendall tau 0.6897; loss 0.2013
2022-01-19 23:06:30,487 root                INFO: Epoch 200: Save checkpoint to nb1shot1_ablation_scale/true/0.1_0.01/1/2021/200.ckpt
2022-01-19 23:06:32,925 root                INFO: [0.14285714285714285, 0.4722222222222222, 0.5694444444444444, 0.5659340659340659, 0.700960219478738, 0.8491083676268861, 1.0]
2022-01-19 23:06:32,925 root                INFO: [15, 3]
