2022-01-20 16:04:09,606 root                INFO: GPU device = 2
2022-01-20 16:04:09,607 root                INFO: Load pkl cache from nasbench301_train.pkl and nasbench301_valid.pkl
2022-01-20 16:04:10,515 root                INFO: Config: {'arch_network_cfg': {'arch_embedder_cfg': {'take_adj_as_input': True, 'gcn_kwargs': {'residual_only': 2}, 'gcn_out_dims': [64, 64, 64, 64, 64], 'hidden_dim': 32, 'node_dim': 32, 'op_dim': 32, 'use_bn': False, 'final_concat': False, 'other_node_zero': False, 'num_time_steps': 4, 'fb_conversion_dims': [64, 64], 'backward_gcn_out_dims': [64, 64, 64, 64, 64], 'updateopemb_method': 'concat_ofb', 'updateopemb_dims': [64], 'share_skip_and_outskip': True, 'detach_vinfo': False, 'updateopemb_scale': 0.1, 'updateopemb_detach_opemb': True, 'updateopemb_detach_finfo': True, 'mask_nonparametrized_ops': True, 'symmetry_breaking_method': 'param_zs_add', 'concat_param_zs_as_opemb_dimension': 5, 'concat_param_zs_as_opemb_scale': 1.0}, 'arch_embedder_type': 'cellss-fbflow', 'compare_loss_type': 'margin_linear', 'compare_margin': 0.1, 'mlp_dropout': 0.1, 'mlp_hiddens': [200], 'optimizer': {'lr': 0.001, 'type': 'Adam'}, 'scheduler': None}, 'arch_network_type': 'pointwise_comparator', 'batch_size': 128, 'choose_pair_criterion': 'random', 'compare': True, 'compare_threshold': 0.0, 'epochs': 200, 'max_compare_ratio': 16.0}
2022-01-20 16:04:13,868 root                INFO: Combined args: Namespace(arch_network_type='pointwise_comparator', batch_size=128, cfg_file='cfgs/nb301_cfgs/gates_true_masktrue.yaml', choose_pair_criterion='random', compare=True, compare_threshold=0.0, epochs=200, eval_only_last=1, gpu=2, load=None, max_compare_ratio=16.0, num_workers=4, report_freq=200, save_every=200, save_predict=None, seed=202121, test_funcs=None, test_only=False, train_dir='nb301_ablation_mask/true/true_0.1/1/202121', train_pkl='../mynas/data/nasbench-301/nasbench301_train_mtx_1.pkl', train_ratio=0.1, valid_pkl='../mynas/data/nasbench-301/nasbench301_valid_mtx.pkl')
2022-01-20 16:04:13,878 root                INFO: Train dataset ratio: 0.100
2022-01-20 16:04:13,878 root                INFO: Number of architectures: train: 589; valid: 51072
2022-01-20 16:04:30,869 root                INFO: Train: Epoch   1: train loss 0.0981
2022-01-20 16:04:32,456 root                INFO: Train: Epoch   2: train loss 0.0852
2022-01-20 16:04:34,078 root                INFO: Train: Epoch   3: train loss 0.0617
2022-01-20 16:04:35,746 root                INFO: Train: Epoch   4: train loss 0.0459
2022-01-20 16:04:37,409 root                INFO: Train: Epoch   5: train loss 0.0406
2022-01-20 16:04:39,035 root                INFO: Train: Epoch   6: train loss 0.0362
2022-01-20 16:04:40,654 root                INFO: Train: Epoch   7: train loss 0.0345
2022-01-20 16:04:42,249 root                INFO: Train: Epoch   8: train loss 0.0327
2022-01-20 16:04:43,886 root                INFO: Train: Epoch   9: train loss 0.0318
2022-01-20 16:04:45,584 root                INFO: Train: Epoch  10: train loss 0.0292
2022-01-20 16:04:47,232 root                INFO: Train: Epoch  11: train loss 0.0293
2022-01-20 16:04:48,836 root                INFO: Train: Epoch  12: train loss 0.0284
2022-01-20 16:04:50,483 root                INFO: Train: Epoch  13: train loss 0.0276
2022-01-20 16:04:52,070 root                INFO: Train: Epoch  14: train loss 0.0274
2022-01-20 16:04:53,751 root                INFO: Train: Epoch  15: train loss 0.0280
2022-01-20 16:04:55,389 root                INFO: Train: Epoch  16: train loss 0.0267
2022-01-20 16:04:56,969 root                INFO: Train: Epoch  17: train loss 0.0267
2022-01-20 16:04:58,552 root                INFO: Train: Epoch  18: train loss 0.0246
2022-01-20 16:05:00,202 root                INFO: Train: Epoch  19: train loss 0.0253
2022-01-20 16:05:01,838 root                INFO: Train: Epoch  20: train loss 0.0233
2022-01-20 16:05:03,449 root                INFO: Train: Epoch  21: train loss 0.0240
2022-01-20 16:05:05,205 root                INFO: Train: Epoch  22: train loss 0.0240
2022-01-20 16:05:07,031 root                INFO: Train: Epoch  23: train loss 0.0230
2022-01-20 16:05:08,858 root                INFO: Train: Epoch  24: train loss 0.0232
2022-01-20 16:05:10,686 root                INFO: Train: Epoch  25: train loss 0.0220
2022-01-20 16:05:12,587 root                INFO: Train: Epoch  26: train loss 0.0216
2022-01-20 16:05:14,469 root                INFO: Train: Epoch  27: train loss 0.0213
2022-01-20 16:05:16,307 root                INFO: Train: Epoch  28: train loss 0.0198
2022-01-20 16:05:18,133 root                INFO: Train: Epoch  29: train loss 0.0203
2022-01-20 16:05:19,976 root                INFO: Train: Epoch  30: train loss 0.0210
2022-01-20 16:05:21,784 root                INFO: Train: Epoch  31: train loss 0.0199
2022-01-20 16:05:23,652 root                INFO: Train: Epoch  32: train loss 0.0195
2022-01-20 16:05:25,572 root                INFO: Train: Epoch  33: train loss 0.0203
2022-01-20 16:05:27,455 root                INFO: Train: Epoch  34: train loss 0.0189
2022-01-20 16:05:29,298 root                INFO: Train: Epoch  35: train loss 0.0176
2022-01-20 16:05:31,091 root                INFO: Train: Epoch  36: train loss 0.0179
2022-01-20 16:05:32,891 root                INFO: Train: Epoch  37: train loss 0.0169
2022-01-20 16:05:34,664 root                INFO: Train: Epoch  38: train loss 0.0162
2022-01-20 16:05:36,493 root                INFO: Train: Epoch  39: train loss 0.0174
2022-01-20 16:05:38,260 root                INFO: Train: Epoch  40: train loss 0.0165
2022-01-20 16:05:40,070 root                INFO: Train: Epoch  41: train loss 0.0160
2022-01-20 16:05:41,858 root                INFO: Train: Epoch  42: train loss 0.0166
2022-01-20 16:05:43,671 root                INFO: Train: Epoch  43: train loss 0.0166
2022-01-20 16:05:45,483 root                INFO: Train: Epoch  44: train loss 0.0170
2022-01-20 16:05:47,351 root                INFO: Train: Epoch  45: train loss 0.0174
2022-01-20 16:05:49,167 root                INFO: Train: Epoch  46: train loss 0.0149
2022-01-20 16:05:50,963 root                INFO: Train: Epoch  47: train loss 0.0146
2022-01-20 16:05:52,797 root                INFO: Train: Epoch  48: train loss 0.0149
2022-01-20 16:05:54,646 root                INFO: Train: Epoch  49: train loss 0.0153
2022-01-20 16:05:56,513 root                INFO: Train: Epoch  50: train loss 0.0146
2022-01-20 16:05:58,408 root                INFO: Train: Epoch  51: train loss 0.0141
2022-01-20 16:06:00,294 root                INFO: Train: Epoch  52: train loss 0.0141
2022-01-20 16:06:02,140 root                INFO: Train: Epoch  53: train loss 0.0137
2022-01-20 16:06:03,993 root                INFO: Train: Epoch  54: train loss 0.0147
2022-01-20 16:06:05,824 root                INFO: Train: Epoch  55: train loss 0.0145
2022-01-20 16:06:07,667 root                INFO: Train: Epoch  56: train loss 0.0140
2022-01-20 16:06:09,487 root                INFO: Train: Epoch  57: train loss 0.0143
2022-01-20 16:06:11,325 root                INFO: Train: Epoch  58: train loss 0.0133
2022-01-20 16:06:13,176 root                INFO: Train: Epoch  59: train loss 0.0126
2022-01-20 16:06:14,985 root                INFO: Train: Epoch  60: train loss 0.0129
2022-01-20 16:06:16,796 root                INFO: Train: Epoch  61: train loss 0.0126
2022-01-20 16:06:18,571 root                INFO: Train: Epoch  62: train loss 0.0118
2022-01-20 16:06:20,377 root                INFO: Train: Epoch  63: train loss 0.0123
2022-01-20 16:06:22,194 root                INFO: Train: Epoch  64: train loss 0.0116
2022-01-20 16:06:24,029 root                INFO: Train: Epoch  65: train loss 0.0111
2022-01-20 16:06:25,874 root                INFO: Train: Epoch  66: train loss 0.0120
2022-01-20 16:06:27,733 root                INFO: Train: Epoch  67: train loss 0.0134
2022-01-20 16:06:29,554 root                INFO: Train: Epoch  68: train loss 0.0131
2022-01-20 16:06:31,392 root                INFO: Train: Epoch  69: train loss 0.0127
2022-01-20 16:06:33,223 root                INFO: Train: Epoch  70: train loss 0.0146
2022-01-20 16:06:35,083 root                INFO: Train: Epoch  71: train loss 0.0131
2022-01-20 16:06:36,901 root                INFO: Train: Epoch  72: train loss 0.0125
2022-01-20 16:06:38,756 root                INFO: Train: Epoch  73: train loss 0.0123
2022-01-20 16:06:40,641 root                INFO: Train: Epoch  74: train loss 0.0125
2022-01-20 16:06:42,540 root                INFO: Train: Epoch  75: train loss 0.0129
2022-01-20 16:06:44,387 root                INFO: Train: Epoch  76: train loss 0.0128
2022-01-20 16:06:46,211 root                INFO: Train: Epoch  77: train loss 0.0122
2022-01-20 16:06:48,027 root                INFO: Train: Epoch  78: train loss 0.0113
2022-01-20 16:06:49,828 root                INFO: Train: Epoch  79: train loss 0.0111
2022-01-20 16:06:51,489 root                INFO: Train: Epoch  80: train loss 0.0102
2022-01-20 16:06:53,139 root                INFO: Train: Epoch  81: train loss 0.0102
2022-01-20 16:06:54,753 root                INFO: Train: Epoch  82: train loss 0.0104
2022-01-20 16:06:56,398 root                INFO: Train: Epoch  83: train loss 0.0105
2022-01-20 16:06:58,028 root                INFO: Train: Epoch  84: train loss 0.0100
2022-01-20 16:06:59,655 root                INFO: Train: Epoch  85: train loss 0.0094
2022-01-20 16:07:01,292 root                INFO: Train: Epoch  86: train loss 0.0098
2022-01-20 16:07:02,928 root                INFO: Train: Epoch  87: train loss 0.0098
2022-01-20 16:07:04,568 root                INFO: Train: Epoch  88: train loss 0.0105
2022-01-20 16:07:06,226 root                INFO: Train: Epoch  89: train loss 0.0098
2022-01-20 16:07:07,877 root                INFO: Train: Epoch  90: train loss 0.0101
2022-01-20 16:07:09,527 root                INFO: Train: Epoch  91: train loss 0.0097
2022-01-20 16:07:11,170 root                INFO: Train: Epoch  92: train loss 0.0111
2022-01-20 16:07:12,811 root                INFO: Train: Epoch  93: train loss 0.0099
2022-01-20 16:07:14,424 root                INFO: Train: Epoch  94: train loss 0.0101
2022-01-20 16:07:16,049 root                INFO: Train: Epoch  95: train loss 0.0096
2022-01-20 16:07:17,637 root                INFO: Train: Epoch  96: train loss 0.0095
2022-01-20 16:07:19,257 root                INFO: Train: Epoch  97: train loss 0.0102
2022-01-20 16:07:20,881 root                INFO: Train: Epoch  98: train loss 0.0105
2022-01-20 16:07:22,520 root                INFO: Train: Epoch  99: train loss 0.0102
2022-01-20 16:07:24,241 root                INFO: Train: Epoch 100: train loss 0.0103
2022-01-20 16:07:26,009 root                INFO: Train: Epoch 101: train loss 0.0094
2022-01-20 16:07:27,635 root                INFO: Train: Epoch 102: train loss 0.0086
2022-01-20 16:07:29,315 root                INFO: Train: Epoch 103: train loss 0.0092
2022-01-20 16:07:31,006 root                INFO: Train: Epoch 104: train loss 0.0079
2022-01-20 16:07:32,776 root                INFO: Train: Epoch 105: train loss 0.0086
2022-01-20 16:07:34,604 root                INFO: Train: Epoch 106: train loss 0.0081
2022-01-20 16:07:36,408 root                INFO: Train: Epoch 107: train loss 0.0088
2022-01-20 16:07:38,244 root                INFO: Train: Epoch 108: train loss 0.0098
2022-01-20 16:07:40,118 root                INFO: Train: Epoch 109: train loss 0.0108
2022-01-20 16:07:41,939 root                INFO: Train: Epoch 110: train loss 0.0086
2022-01-20 16:07:43,780 root                INFO: Train: Epoch 111: train loss 0.0092
2022-01-20 16:07:45,592 root                INFO: Train: Epoch 112: train loss 0.0110
2022-01-20 16:07:47,411 root                INFO: Train: Epoch 113: train loss 0.0097
2022-01-20 16:07:49,268 root                INFO: Train: Epoch 114: train loss 0.0097
2022-01-20 16:07:51,114 root                INFO: Train: Epoch 115: train loss 0.0093
2022-01-20 16:07:52,949 root                INFO: Train: Epoch 116: train loss 0.0097
2022-01-20 16:07:54,813 root                INFO: Train: Epoch 117: train loss 0.0085
2022-01-20 16:07:56,703 root                INFO: Train: Epoch 118: train loss 0.0096
2022-01-20 16:07:58,576 root                INFO: Train: Epoch 119: train loss 0.0100
2022-01-20 16:08:00,407 root                INFO: Train: Epoch 120: train loss 0.0080
2022-01-20 16:08:02,264 root                INFO: Train: Epoch 121: train loss 0.0085
2022-01-20 16:08:04,065 root                INFO: Train: Epoch 122: train loss 0.0083
2022-01-20 16:08:05,896 root                INFO: Train: Epoch 123: train loss 0.0082
2022-01-20 16:08:07,757 root                INFO: Train: Epoch 124: train loss 0.0084
2022-01-20 16:08:09,612 root                INFO: Train: Epoch 125: train loss 0.0086
2022-01-20 16:08:11,475 root                INFO: Train: Epoch 126: train loss 0.0080
2022-01-20 16:08:13,299 root                INFO: Train: Epoch 127: train loss 0.0085
2022-01-20 16:08:15,189 root                INFO: Train: Epoch 128: train loss 0.0087
2022-01-20 16:08:17,058 root                INFO: Train: Epoch 129: train loss 0.0083
2022-01-20 16:08:18,918 root                INFO: Train: Epoch 130: train loss 0.0080
2022-01-20 16:08:20,755 root                INFO: Train: Epoch 131: train loss 0.0078
2022-01-20 16:08:22,614 root                INFO: Train: Epoch 132: train loss 0.0079
2022-01-20 16:08:24,430 root                INFO: Train: Epoch 133: train loss 0.0075
2022-01-20 16:08:26,263 root                INFO: Train: Epoch 134: train loss 0.0077
2022-01-20 16:08:28,106 root                INFO: Train: Epoch 135: train loss 0.0081
2022-01-20 16:08:29,938 root                INFO: Train: Epoch 136: train loss 0.0089
2022-01-20 16:08:31,753 root                INFO: Train: Epoch 137: train loss 0.0094
2022-01-20 16:08:33,577 root                INFO: Train: Epoch 138: train loss 0.0088
2022-01-20 16:08:35,408 root                INFO: Train: Epoch 139: train loss 0.0094
2022-01-20 16:08:37,281 root                INFO: Train: Epoch 140: train loss 0.0082
2022-01-20 16:08:39,121 root                INFO: Train: Epoch 141: train loss 0.0080
2022-01-20 16:08:40,938 root                INFO: Train: Epoch 142: train loss 0.0074
2022-01-20 16:08:42,764 root                INFO: Train: Epoch 143: train loss 0.0073
2022-01-20 16:08:44,570 root                INFO: Train: Epoch 144: train loss 0.0073
2022-01-20 16:08:46,387 root                INFO: Train: Epoch 145: train loss 0.0076
2022-01-20 16:08:48,201 root                INFO: Train: Epoch 146: train loss 0.0078
2022-01-20 16:08:50,015 root                INFO: Train: Epoch 147: train loss 0.0083
2022-01-20 16:08:51,867 root                INFO: Train: Epoch 148: train loss 0.0079
2022-01-20 16:08:53,689 root                INFO: Train: Epoch 149: train loss 0.0079
2022-01-20 16:08:55,517 root                INFO: Train: Epoch 150: train loss 0.0070
2022-01-20 16:08:57,374 root                INFO: Train: Epoch 151: train loss 0.0071
2022-01-20 16:08:59,196 root                INFO: Train: Epoch 152: train loss 0.0071
2022-01-20 16:09:01,035 root                INFO: Train: Epoch 153: train loss 0.0078
2022-01-20 16:09:02,876 root                INFO: Train: Epoch 154: train loss 0.0080
2022-01-20 16:09:04,701 root                INFO: Train: Epoch 155: train loss 0.0081
2022-01-20 16:09:06,547 root                INFO: Train: Epoch 156: train loss 0.0088
2022-01-20 16:09:08,370 root                INFO: Train: Epoch 157: train loss 0.0082
2022-01-20 16:09:10,164 root                INFO: Train: Epoch 158: train loss 0.0082
2022-01-20 16:09:11,979 root                INFO: Train: Epoch 159: train loss 0.0083
2022-01-20 16:09:13,766 root                INFO: Train: Epoch 160: train loss 0.0073
2022-01-20 16:09:15,559 root                INFO: Train: Epoch 161: train loss 0.0085
2022-01-20 16:09:17,381 root                INFO: Train: Epoch 162: train loss 0.0073
2022-01-20 16:09:19,191 root                INFO: Train: Epoch 163: train loss 0.0076
2022-01-20 16:09:21,002 root                INFO: Train: Epoch 164: train loss 0.0076
2022-01-20 16:09:22,784 root                INFO: Train: Epoch 165: train loss 0.0077
2022-01-20 16:09:24,598 root                INFO: Train: Epoch 166: train loss 0.0072
2022-01-20 16:09:26,417 root                INFO: Train: Epoch 167: train loss 0.0073
2022-01-20 16:09:28,218 root                INFO: Train: Epoch 168: train loss 0.0068
2022-01-20 16:09:30,034 root                INFO: Train: Epoch 169: train loss 0.0068
2022-01-20 16:09:31,839 root                INFO: Train: Epoch 170: train loss 0.0064
2022-01-20 16:09:33,636 root                INFO: Train: Epoch 171: train loss 0.0063
2022-01-20 16:09:35,467 root                INFO: Train: Epoch 172: train loss 0.0066
2022-01-20 16:09:37,313 root                INFO: Train: Epoch 173: train loss 0.0058
2022-01-20 16:09:39,150 root                INFO: Train: Epoch 174: train loss 0.0066
2022-01-20 16:09:40,974 root                INFO: Train: Epoch 175: train loss 0.0067
2022-01-20 16:09:42,791 root                INFO: Train: Epoch 176: train loss 0.0065
2022-01-20 16:09:44,595 root                INFO: Train: Epoch 177: train loss 0.0063
2022-01-20 16:09:46,430 root                INFO: Train: Epoch 178: train loss 0.0067
2022-01-20 16:09:48,250 root                INFO: Train: Epoch 179: train loss 0.0058
2022-01-20 16:09:50,053 root                INFO: Train: Epoch 180: train loss 0.0064
2022-01-20 16:09:51,830 root                INFO: Train: Epoch 181: train loss 0.0069
2022-01-20 16:09:53,621 root                INFO: Train: Epoch 182: train loss 0.0070
2022-01-20 16:09:55,415 root                INFO: Train: Epoch 183: train loss 0.0063
2022-01-20 16:09:57,204 root                INFO: Train: Epoch 184: train loss 0.0065
2022-01-20 16:09:58,997 root                INFO: Train: Epoch 185: train loss 0.0069
2022-01-20 16:10:00,819 root                INFO: Train: Epoch 186: train loss 0.0068
2022-01-20 16:10:02,631 root                INFO: Train: Epoch 187: train loss 0.0066
2022-01-20 16:10:04,458 root                INFO: Train: Epoch 188: train loss 0.0060
2022-01-20 16:10:06,313 root                INFO: Train: Epoch 189: train loss 0.0063
2022-01-20 16:10:08,158 root                INFO: Train: Epoch 190: train loss 0.0059
2022-01-20 16:10:09,993 root                INFO: Train: Epoch 191: train loss 0.0060
2022-01-20 16:10:11,840 root                INFO: Train: Epoch 192: train loss 0.0061
2022-01-20 16:10:13,661 root                INFO: Train: Epoch 193: train loss 0.0060
2022-01-20 16:10:15,497 root                INFO: Train: Epoch 194: train loss 0.0056
2022-01-20 16:10:17,320 root                INFO: Train: Epoch 195: train loss 0.0059
2022-01-20 16:10:19,173 root                INFO: Train: Epoch 196: train loss 0.0058
2022-01-20 16:10:21,019 root                INFO: Train: Epoch 197: train loss 0.0070
2022-01-20 16:10:22,820 root                INFO: Train: Epoch 198: train loss 0.0069
2022-01-20 16:10:24,611 root                INFO: Train: Epoch 199: train loss 0.0067
2022-01-20 16:10:26,285 root                INFO: Train: Epoch 200: train loss 0.0066
2022-01-20 16:10:42,315 root                INFO: Valid: Epoch 200: kendall tau 0.7187; loss 0.2575
2022-01-20 16:10:42,320 root                INFO: Epoch 200: Save checkpoint to nb301_ablation_mask/true/true_0.1/1/202121/200.ckpt
2022-01-20 16:10:58,681 root                INFO: [0.058823529411764705, 0.14901960784313725, 0.21568627450980393, 0.6294555424990208, 0.777364401801449, 0.8601973684210527, 1.0]
2022-01-20 16:10:58,681 root                INFO: [44, 44]
