2022-01-19 23:23:09,795 root                INFO: GPU device = 6
2022-01-19 23:23:09,796 root                INFO: Load pkl cache from nasbench101.pkl and nasbench101_valid.pkl
2022-01-19 23:23:10,224 root                INFO: Config: {'arch_network_cfg': {'arch_embedder_cfg': {'b_use_bn': False, 'backward_gcn_out_dims': [128, 128, 128, 128, 128], 'concat_param_zs_as_opemb_dimension': 7, 'concat_param_zs_as_opemb_scale': 0.1, 'detach_vinfo': False, 'fb_conversion_dims': [128, 128], 'gcn_kwargs': {'plus_I': True, 'residual_only': 1}, 'gcn_out_dims': [128, 128, 128, 128, 128], 'hid_dim': 96, 'mask_nonparametrized_ops': False, 'node_embedding_dim': 48, 'num_time_steps': 3, 'op_embedding_dim': 48, 'symmetry_breaking_method': 'param_zs_add', 'updateopemb_detach_finfo': True, 'updateopemb_detach_opemb': True, 'updateopemb_dims': [128], 'updateopemb_method': 'concat_ofb', 'updateopemb_scale': 0.1}, 'arch_embedder_type': 'nb101-fbflow', 'compare_loss_type': 'margin_linear', 'compare_margin': 0.1, 'mlp_dropout': 0.1, 'mlp_hiddens': [200], 'optimizer': {'lr': 0.001, 'type': 'Adam'}, 'scheduler': None}, 'batch_size': 512, 'choose_pair_criterion': 'random', 'compare': True, 'compare_threshold': 0.0, 'epochs': 200, 'max_compare_ratio': 4.0}
2022-01-19 23:23:14,146 root                INFO: Combined args: Namespace(batch_size=512, cfg_file='cfgs/nb101_cfgs/gates_true_scale0.1.yaml', choose_pair_criterion='random', compare=True, compare_threshold=0.0, epochs=200, eval_only_last=5, gpu=6, load=None, max_compare_ratio=4.0, num_workers=4, report_freq=200, save_every=200, save_predict=None, seed=21, test_funcs=None, test_only=False, train_dir='nb1shot1_ablation_scale/true/0.1_1/12/21', train_pkl='../mynas/data/nasbench-1shot1/nasbench101_train_12.pkl', train_ratio=1.0, valid_pkl='../mynas/data/nasbench-1shot1/nasbench101_valid.pkl')
2022-01-19 23:23:14,147 root                INFO: Train dataset ratio: 1.000
2022-01-19 23:23:14,147 root                INFO: Number of architectures: train: 7290; valid: 7290
2022-01-19 23:23:19,734 root                INFO: Train: Epoch   1: train loss 0.0647
2022-01-19 23:23:23,382 root                INFO: Train: Epoch   2: train loss 0.0408
2022-01-19 23:23:26,826 root                INFO: Train: Epoch   3: train loss 0.0316
2022-01-19 23:23:30,349 root                INFO: Train: Epoch   4: train loss 0.0263
2022-01-19 23:23:33,811 root                INFO: Train: Epoch   5: train loss 0.0234
2022-01-19 23:23:37,335 root                INFO: Train: Epoch   6: train loss 0.0216
2022-01-19 23:23:40,897 root                INFO: Train: Epoch   7: train loss 0.0203
2022-01-19 23:23:44,413 root                INFO: Train: Epoch   8: train loss 0.0202
2022-01-19 23:23:47,902 root                INFO: Train: Epoch   9: train loss 0.0191
2022-01-19 23:23:51,481 root                INFO: Train: Epoch  10: train loss 0.0183
2022-01-19 23:23:54,999 root                INFO: Train: Epoch  11: train loss 0.0201
2022-01-19 23:23:58,533 root                INFO: Train: Epoch  12: train loss 0.0177
2022-01-19 23:24:02,162 root                INFO: Train: Epoch  13: train loss 0.0174
2022-01-19 23:24:05,607 root                INFO: Train: Epoch  14: train loss 0.0172
2022-01-19 23:24:09,017 root                INFO: Train: Epoch  15: train loss 0.0168
2022-01-19 23:24:12,486 root                INFO: Train: Epoch  16: train loss 0.0170
2022-01-19 23:24:15,873 root                INFO: Train: Epoch  17: train loss 0.0166
2022-01-19 23:24:19,250 root                INFO: Train: Epoch  18: train loss 0.0164
2022-01-19 23:24:22,695 root                INFO: Train: Epoch  19: train loss 0.0157
2022-01-19 23:24:26,110 root                INFO: Train: Epoch  20: train loss 0.0163
2022-01-19 23:24:29,797 root                INFO: Train: Epoch  21: train loss 0.0161
2022-01-19 23:24:33,727 root                INFO: Train: Epoch  22: train loss 0.0157
2022-01-19 23:24:37,354 root                INFO: Train: Epoch  23: train loss 0.0168
2022-01-19 23:24:41,015 root                INFO: Train: Epoch  24: train loss 0.0163
2022-01-19 23:24:44,564 root                INFO: Train: Epoch  25: train loss 0.0153
2022-01-19 23:24:48,210 root                INFO: Train: Epoch  26: train loss 0.0152
2022-01-19 23:24:51,862 root                INFO: Train: Epoch  27: train loss 0.0153
2022-01-19 23:24:55,521 root                INFO: Train: Epoch  28: train loss 0.0151
2022-01-19 23:24:59,038 root                INFO: Train: Epoch  29: train loss 0.0151
2022-01-19 23:25:02,623 root                INFO: Train: Epoch  30: train loss 0.0146
2022-01-19 23:25:06,251 root                INFO: Train: Epoch  31: train loss 0.0151
2022-01-19 23:25:09,873 root                INFO: Train: Epoch  32: train loss 0.0153
2022-01-19 23:25:13,508 root                INFO: Train: Epoch  33: train loss 0.0149
2022-01-19 23:25:17,107 root                INFO: Train: Epoch  34: train loss 0.0144
2022-01-19 23:25:20,754 root                INFO: Train: Epoch  35: train loss 0.0148
2022-01-19 23:25:24,345 root                INFO: Train: Epoch  36: train loss 0.0145
2022-01-19 23:25:27,977 root                INFO: Train: Epoch  37: train loss 0.0147
2022-01-19 23:25:31,584 root                INFO: Train: Epoch  38: train loss 0.0147
2022-01-19 23:25:35,146 root                INFO: Train: Epoch  39: train loss 0.0142
2022-01-19 23:25:38,829 root                INFO: Train: Epoch  40: train loss 0.0144
2022-01-19 23:25:42,488 root                INFO: Train: Epoch  41: train loss 0.0147
2022-01-19 23:25:46,237 root                INFO: Train: Epoch  42: train loss 0.0144
2022-01-19 23:25:49,874 root                INFO: Train: Epoch  43: train loss 0.0148
2022-01-19 23:25:53,690 root                INFO: Train: Epoch  44: train loss 0.0146
2022-01-19 23:25:57,462 root                INFO: Train: Epoch  45: train loss 0.0143
2022-01-19 23:26:01,013 root                INFO: Train: Epoch  46: train loss 0.0145
2022-01-19 23:26:04,783 root                INFO: Train: Epoch  47: train loss 0.0139
2022-01-19 23:26:08,474 root                INFO: Train: Epoch  48: train loss 0.0135
2022-01-19 23:26:11,959 root                INFO: Train: Epoch  49: train loss 0.0146
2022-01-19 23:26:15,509 root                INFO: Train: Epoch  50: train loss 0.0144
2022-01-19 23:26:19,099 root                INFO: Train: Epoch  51: train loss 0.0135
2022-01-19 23:26:22,615 root                INFO: Train: Epoch  52: train loss 0.0136
2022-01-19 23:26:26,265 root                INFO: Train: Epoch  53: train loss 0.0140
2022-01-19 23:26:29,898 root                INFO: Train: Epoch  54: train loss 0.0137
2022-01-19 23:26:33,359 root                INFO: Train: Epoch  55: train loss 0.0144
2022-01-19 23:26:36,866 root                INFO: Train: Epoch  56: train loss 0.0133
2022-01-19 23:26:40,526 root                INFO: Train: Epoch  57: train loss 0.0141
2022-01-19 23:26:44,213 root                INFO: Train: Epoch  58: train loss 0.0142
2022-01-19 23:26:47,722 root                INFO: Train: Epoch  59: train loss 0.0138
2022-01-19 23:26:51,273 root                INFO: Train: Epoch  60: train loss 0.0139
2022-01-19 23:26:54,762 root                INFO: Train: Epoch  61: train loss 0.0136
2022-01-19 23:26:58,304 root                INFO: Train: Epoch  62: train loss 0.0139
2022-01-19 23:27:01,921 root                INFO: Train: Epoch  63: train loss 0.0147
2022-01-19 23:27:05,566 root                INFO: Train: Epoch  64: train loss 0.0136
2022-01-19 23:27:09,204 root                INFO: Train: Epoch  65: train loss 0.0139
2022-01-19 23:27:12,716 root                INFO: Train: Epoch  66: train loss 0.0139
2022-01-19 23:27:16,341 root                INFO: Train: Epoch  67: train loss 0.0143
2022-01-19 23:27:19,949 root                INFO: Train: Epoch  68: train loss 0.0135
2022-01-19 23:27:23,545 root                INFO: Train: Epoch  69: train loss 0.0137
2022-01-19 23:27:27,121 root                INFO: Train: Epoch  70: train loss 0.0135
2022-01-19 23:27:30,778 root                INFO: Train: Epoch  71: train loss 0.0137
2022-01-19 23:27:34,351 root                INFO: Train: Epoch  72: train loss 0.0140
2022-01-19 23:27:38,240 root                INFO: Train: Epoch  73: train loss 0.0138
2022-01-19 23:27:41,902 root                INFO: Train: Epoch  74: train loss 0.0135
2022-01-19 23:27:45,564 root                INFO: Train: Epoch  75: train loss 0.0139
2022-01-19 23:27:49,192 root                INFO: Train: Epoch  76: train loss 0.0133
2022-01-19 23:27:52,805 root                INFO: Train: Epoch  77: train loss 0.0136
2022-01-19 23:27:56,380 root                INFO: Train: Epoch  78: train loss 0.0130
2022-01-19 23:27:59,821 root                INFO: Train: Epoch  79: train loss 0.0136
2022-01-19 23:28:03,261 root                INFO: Train: Epoch  80: train loss 0.0134
2022-01-19 23:28:06,731 root                INFO: Train: Epoch  81: train loss 0.0130
2022-01-19 23:28:10,456 root                INFO: Train: Epoch  82: train loss 0.0138
2022-01-19 23:28:14,002 root                INFO: Train: Epoch  83: train loss 0.0140
2022-01-19 23:28:17,581 root                INFO: Train: Epoch  84: train loss 0.0134
2022-01-19 23:28:21,225 root                INFO: Train: Epoch  85: train loss 0.0133
2022-01-19 23:28:24,787 root                INFO: Train: Epoch  86: train loss 0.0125
2022-01-19 23:28:28,292 root                INFO: Train: Epoch  87: train loss 0.0126
2022-01-19 23:28:31,793 root                INFO: Train: Epoch  88: train loss 0.0126
2022-01-19 23:28:35,496 root                INFO: Train: Epoch  89: train loss 0.0131
2022-01-19 23:28:39,098 root                INFO: Train: Epoch  90: train loss 0.0142
2022-01-19 23:28:42,614 root                INFO: Train: Epoch  91: train loss 0.0137
2022-01-19 23:28:46,294 root                INFO: Train: Epoch  92: train loss 0.0136
2022-01-19 23:28:49,918 root                INFO: Train: Epoch  93: train loss 0.0137
2022-01-19 23:28:53,401 root                INFO: Train: Epoch  94: train loss 0.0130
2022-01-19 23:28:56,868 root                INFO: Train: Epoch  95: train loss 0.0128
2022-01-19 23:29:00,490 root                INFO: Train: Epoch  96: train loss 0.0126
2022-01-19 23:29:04,013 root                INFO: Train: Epoch  97: train loss 0.0131
2022-01-19 23:29:07,531 root                INFO: Train: Epoch  98: train loss 0.0133
2022-01-19 23:29:10,997 root                INFO: Train: Epoch  99: train loss 0.0132
2022-01-19 23:29:14,496 root                INFO: Train: Epoch 100: train loss 0.0133
2022-01-19 23:29:18,216 root                INFO: Train: Epoch 101: train loss 0.0132
2022-01-19 23:29:21,834 root                INFO: Train: Epoch 102: train loss 0.0132
2022-01-19 23:29:25,325 root                INFO: Train: Epoch 103: train loss 0.0133
2022-01-19 23:29:28,874 root                INFO: Train: Epoch 104: train loss 0.0134
2022-01-19 23:29:32,440 root                INFO: Train: Epoch 105: train loss 0.0128
2022-01-19 23:29:35,993 root                INFO: Train: Epoch 106: train loss 0.0132
2022-01-19 23:29:39,468 root                INFO: Train: Epoch 107: train loss 0.0129
2022-01-19 23:29:42,924 root                INFO: Train: Epoch 108: train loss 0.0137
2022-01-19 23:29:46,452 root                INFO: Train: Epoch 109: train loss 0.0130
2022-01-19 23:29:49,913 root                INFO: Train: Epoch 110: train loss 0.0131
2022-01-19 23:29:53,668 root                INFO: Train: Epoch 111: train loss 0.0127
2022-01-19 23:29:57,117 root                INFO: Train: Epoch 112: train loss 0.0134
2022-01-19 23:30:00,556 root                INFO: Train: Epoch 113: train loss 0.0126
2022-01-19 23:30:04,054 root                INFO: Train: Epoch 114: train loss 0.0133
2022-01-19 23:30:07,590 root                INFO: Train: Epoch 115: train loss 0.0127
2022-01-19 23:30:11,180 root                INFO: Train: Epoch 116: train loss 0.0131
2022-01-19 23:30:14,680 root                INFO: Train: Epoch 117: train loss 0.0130
2022-01-19 23:30:18,167 root                INFO: Train: Epoch 118: train loss 0.0125
2022-01-19 23:30:21,619 root                INFO: Train: Epoch 119: train loss 0.0124
2022-01-19 23:30:25,351 root                INFO: Train: Epoch 120: train loss 0.0133
2022-01-19 23:30:28,864 root                INFO: Train: Epoch 121: train loss 0.0129
2022-01-19 23:30:32,444 root                INFO: Train: Epoch 122: train loss 0.0126
2022-01-19 23:30:35,913 root                INFO: Train: Epoch 123: train loss 0.0126
2022-01-19 23:30:39,555 root                INFO: Train: Epoch 124: train loss 0.0131
2022-01-19 23:30:43,094 root                INFO: Train: Epoch 125: train loss 0.0127
2022-01-19 23:30:46,590 root                INFO: Train: Epoch 126: train loss 0.0129
2022-01-19 23:30:50,222 root                INFO: Train: Epoch 127: train loss 0.0131
2022-01-19 23:30:53,722 root                INFO: Train: Epoch 128: train loss 0.0132
2022-01-19 23:30:57,228 root                INFO: Train: Epoch 129: train loss 0.0124
2022-01-19 23:31:01,015 root                INFO: Train: Epoch 130: train loss 0.0125
2022-01-19 23:31:04,523 root                INFO: Train: Epoch 131: train loss 0.0130
2022-01-19 23:31:08,194 root                INFO: Train: Epoch 132: train loss 0.0129
2022-01-19 23:31:11,754 root                INFO: Train: Epoch 133: train loss 0.0129
2022-01-19 23:31:15,142 root                INFO: Train: Epoch 134: train loss 0.0130
2022-01-19 23:31:18,541 root                INFO: Train: Epoch 135: train loss 0.0121
2022-01-19 23:31:22,013 root                INFO: Train: Epoch 136: train loss 0.0123
2022-01-19 23:31:25,583 root                INFO: Train: Epoch 137: train loss 0.0133
2022-01-19 23:31:29,148 root                INFO: Train: Epoch 138: train loss 0.0120
2022-01-19 23:31:32,896 root                INFO: Train: Epoch 139: train loss 0.0121
2022-01-19 23:31:36,427 root                INFO: Train: Epoch 140: train loss 0.0130
2022-01-19 23:31:39,904 root                INFO: Train: Epoch 141: train loss 0.0126
2022-01-19 23:31:43,545 root                INFO: Train: Epoch 142: train loss 0.0124
2022-01-19 23:31:47,110 root                INFO: Train: Epoch 143: train loss 0.0129
2022-01-19 23:31:50,653 root                INFO: Train: Epoch 144: train loss 0.0126
2022-01-19 23:31:54,163 root                INFO: Train: Epoch 145: train loss 0.0125
2022-01-19 23:31:57,548 root                INFO: Train: Epoch 146: train loss 0.0128
2022-01-19 23:32:01,014 root                INFO: Train: Epoch 147: train loss 0.0125
2022-01-19 23:32:04,432 root                INFO: Train: Epoch 148: train loss 0.0129
2022-01-19 23:32:08,248 root                INFO: Train: Epoch 149: train loss 0.0129
2022-01-19 23:32:11,804 root                INFO: Train: Epoch 150: train loss 0.0121
2022-01-19 23:32:15,284 root                INFO: Train: Epoch 151: train loss 0.0127
2022-01-19 23:32:18,719 root                INFO: Train: Epoch 152: train loss 0.0125
2022-01-19 23:32:22,129 root                INFO: Train: Epoch 153: train loss 0.0127
2022-01-19 23:32:25,517 root                INFO: Train: Epoch 154: train loss 0.0124
2022-01-19 23:32:28,998 root                INFO: Train: Epoch 155: train loss 0.0134
2022-01-19 23:32:32,452 root                INFO: Train: Epoch 156: train loss 0.0124
2022-01-19 23:32:35,970 root                INFO: Train: Epoch 157: train loss 0.0124
2022-01-19 23:32:39,423 root                INFO: Train: Epoch 158: train loss 0.0126
2022-01-19 23:32:42,923 root                INFO: Train: Epoch 159: train loss 0.0119
2022-01-19 23:32:46,495 root                INFO: Train: Epoch 160: train loss 0.0124
2022-01-19 23:32:49,893 root                INFO: Train: Epoch 161: train loss 0.0127
2022-01-19 23:32:53,311 root                INFO: Train: Epoch 162: train loss 0.0121
2022-01-19 23:32:56,794 root                INFO: Train: Epoch 163: train loss 0.0125
2022-01-19 23:33:00,283 root                INFO: Train: Epoch 164: train loss 0.0130
2022-01-19 23:33:03,875 root                INFO: Train: Epoch 165: train loss 0.0125
2022-01-19 23:33:07,491 root                INFO: Train: Epoch 166: train loss 0.0122
2022-01-19 23:33:10,966 root                INFO: Train: Epoch 167: train loss 0.0125
2022-01-19 23:33:14,455 root                INFO: Train: Epoch 168: train loss 0.0120
2022-01-19 23:33:17,885 root                INFO: Train: Epoch 169: train loss 0.0124
2022-01-19 23:33:21,337 root                INFO: Train: Epoch 170: train loss 0.0120
2022-01-19 23:33:24,990 root                INFO: Train: Epoch 171: train loss 0.0123
2022-01-19 23:33:28,473 root                INFO: Train: Epoch 172: train loss 0.0126
2022-01-19 23:33:31,967 root                INFO: Train: Epoch 173: train loss 0.0120
2022-01-19 23:33:35,488 root                INFO: Train: Epoch 174: train loss 0.0122
2022-01-19 23:33:38,997 root                INFO: Train: Epoch 175: train loss 0.0125
2022-01-19 23:33:42,577 root                INFO: Train: Epoch 176: train loss 0.0122
2022-01-19 23:33:46,126 root                INFO: Train: Epoch 177: train loss 0.0121
2022-01-19 23:33:49,695 root                INFO: Train: Epoch 178: train loss 0.0118
2022-01-19 23:33:53,256 root                INFO: Train: Epoch 179: train loss 0.0124
2022-01-19 23:33:56,747 root                INFO: Train: Epoch 180: train loss 0.0125
2022-01-19 23:34:00,401 root                INFO: Train: Epoch 181: train loss 0.0126
2022-01-19 23:34:03,890 root                INFO: Train: Epoch 182: train loss 0.0124
2022-01-19 23:34:07,329 root                INFO: Train: Epoch 183: train loss 0.0121
2022-01-19 23:34:11,057 root                INFO: Train: Epoch 184: train loss 0.0125
2022-01-19 23:34:14,540 root                INFO: Train: Epoch 185: train loss 0.0124
2022-01-19 23:34:18,005 root                INFO: Train: Epoch 186: train loss 0.0124
2022-01-19 23:34:21,469 root                INFO: Train: Epoch 187: train loss 0.0126
2022-01-19 23:34:24,923 root                INFO: Train: Epoch 188: train loss 0.0127
2022-01-19 23:34:28,557 root                INFO: Train: Epoch 189: train loss 0.0121
2022-01-19 23:34:32,241 root                INFO: Train: Epoch 190: train loss 0.0122
2022-01-19 23:34:35,794 root                INFO: Train: Epoch 191: train loss 0.0119
2022-01-19 23:34:39,289 root                INFO: Train: Epoch 192: train loss 0.0121
2022-01-19 23:34:42,750 root                INFO: Train: Epoch 193: train loss 0.0123
2022-01-19 23:34:46,327 root                INFO: Train: Epoch 194: train loss 0.0120
2022-01-19 23:34:49,883 root                INFO: Train: Epoch 195: train loss 0.0116
2022-01-19 23:34:53,298 root                INFO: Train: Epoch 196: train loss 0.0122
2022-01-19 23:34:55,248 root                INFO: Valid: Epoch 196: kendall tau 0.8250; loss 0.2743
2022-01-19 23:34:58,802 root                INFO: Train: Epoch 197: train loss 0.0120
2022-01-19 23:35:00,794 root                INFO: Valid: Epoch 197: kendall tau 0.8271; loss 0.2734
2022-01-19 23:35:04,385 root                INFO: Train: Epoch 198: train loss 0.0120
2022-01-19 23:35:06,329 root                INFO: Valid: Epoch 198: kendall tau 0.8254; loss 0.2749
2022-01-19 23:35:09,887 root                INFO: Train: Epoch 199: train loss 0.0119
2022-01-19 23:35:11,863 root                INFO: Valid: Epoch 199: kendall tau 0.8248; loss 0.2818
2022-01-19 23:35:15,303 root                INFO: Train: Epoch 200: train loss 0.0123
2022-01-19 23:35:17,210 root                INFO: Valid: Epoch 200: kendall tau 0.8236; loss 0.2874
2022-01-19 23:35:17,216 root                INFO: Epoch 200: Save checkpoint to nb1shot1_ablation_scale/true/0.1_1/12/21/200.ckpt
2022-01-19 23:35:19,137 root                INFO: [0.2857142857142857, 0.5277777777777778, 0.5833333333333334, 0.6813186813186813, 0.7942386831275721, 0.918244170096022, 1.0]
2022-01-19 23:35:19,138 root                INFO: [2, 2]
