2022-01-19 23:34:03,778 root                INFO: GPU device = 5
2022-01-19 23:34:03,778 root                INFO: Load pkl cache from nasbench101.pkl and nasbench101_valid.pkl
2022-01-19 23:34:04,221 root                INFO: Config: {'arch_network_cfg': {'arch_embedder_cfg': {'b_use_bn': False, 'backward_gcn_out_dims': [128, 128, 128, 128, 128], 'concat_param_zs_as_opemb_dimension': 7, 'concat_param_zs_as_opemb_scale': 0.1, 'detach_vinfo': False, 'fb_conversion_dims': [128, 128], 'gcn_kwargs': {'plus_I': True, 'residual_only': 1}, 'gcn_out_dims': [128, 128, 128, 128, 128], 'hid_dim': 96, 'mask_nonparametrized_ops': False, 'node_embedding_dim': 48, 'num_time_steps': 3, 'op_embedding_dim': 48, 'symmetry_breaking_method': 'param_zs_add', 'updateopemb_detach_finfo': True, 'updateopemb_detach_opemb': True, 'updateopemb_dims': [128], 'updateopemb_method': 'concat_ofb', 'updateopemb_scale': 0.1}, 'arch_embedder_type': 'nb101-fbflow', 'compare_loss_type': 'margin_linear', 'compare_margin': 0.1, 'mlp_dropout': 0.1, 'mlp_hiddens': [200], 'optimizer': {'lr': 0.001, 'type': 'Adam'}, 'scheduler': None}, 'batch_size': 512, 'choose_pair_criterion': 'random', 'compare': True, 'compare_threshold': 0.0, 'epochs': 200, 'max_compare_ratio': 4.0}
2022-01-19 23:34:08,253 root                INFO: Combined args: Namespace(batch_size=512, cfg_file='cfgs/nb101_cfgs/gates_true_scale0.1.yaml', choose_pair_criterion='random', compare=True, compare_threshold=0.0, epochs=200, eval_only_last=5, gpu=5, load=None, max_compare_ratio=4.0, num_workers=4, report_freq=200, save_every=200, save_predict=None, seed=202121, test_funcs=None, test_only=False, train_dir='nb1shot1_ablation_scale/true/0.1_1/123/202121', train_pkl='../mynas/data/nasbench-1shot1/nasbench101_train_123.pkl', train_ratio=1.0, valid_pkl='../mynas/data/nasbench-1shot1/nasbench101_valid.pkl')
2022-01-19 23:34:08,254 root                INFO: Train dataset ratio: 1.000
2022-01-19 23:34:08,254 root                INFO: Number of architectures: train: 7290; valid: 7290
2022-01-19 23:34:14,035 root                INFO: Train: Epoch   1: train loss 0.0694
2022-01-19 23:34:17,917 root                INFO: Train: Epoch   2: train loss 0.0398
2022-01-19 23:34:21,553 root                INFO: Train: Epoch   3: train loss 0.0319
2022-01-19 23:34:25,134 root                INFO: Train: Epoch   4: train loss 0.0287
2022-01-19 23:34:28,897 root                INFO: Train: Epoch   5: train loss 0.0242
2022-01-19 23:34:32,427 root                INFO: Train: Epoch   6: train loss 0.0232
2022-01-19 23:34:35,966 root                INFO: Train: Epoch   7: train loss 0.0208
2022-01-19 23:34:39,782 root                INFO: Train: Epoch   8: train loss 0.0191
2022-01-19 23:34:43,734 root                INFO: Train: Epoch   9: train loss 0.0194
2022-01-19 23:34:47,686 root                INFO: Train: Epoch  10: train loss 0.0183
2022-01-19 23:34:51,341 root                INFO: Train: Epoch  11: train loss 0.0179
2022-01-19 23:34:55,293 root                INFO: Train: Epoch  12: train loss 0.0183
2022-01-19 23:34:58,975 root                INFO: Train: Epoch  13: train loss 0.0177
2022-01-19 23:35:02,755 root                INFO: Train: Epoch  14: train loss 0.0171
2022-01-19 23:35:06,350 root                INFO: Train: Epoch  15: train loss 0.0172
2022-01-19 23:35:10,100 root                INFO: Train: Epoch  16: train loss 0.0167
2022-01-19 23:35:13,798 root                INFO: Train: Epoch  17: train loss 0.0165
2022-01-19 23:35:17,411 root                INFO: Train: Epoch  18: train loss 0.0168
2022-01-19 23:35:21,177 root                INFO: Train: Epoch  19: train loss 0.0160
2022-01-19 23:35:24,818 root                INFO: Train: Epoch  20: train loss 0.0161
2022-01-19 23:35:28,642 root                INFO: Train: Epoch  21: train loss 0.0155
2022-01-19 23:35:32,429 root                INFO: Train: Epoch  22: train loss 0.0152
2022-01-19 23:35:36,452 root                INFO: Train: Epoch  23: train loss 0.0148
2022-01-19 23:35:40,611 root                INFO: Train: Epoch  24: train loss 0.0150
2022-01-19 23:35:44,455 root                INFO: Train: Epoch  25: train loss 0.0157
2022-01-19 23:35:48,233 root                INFO: Train: Epoch  26: train loss 0.0164
2022-01-19 23:35:52,148 root                INFO: Train: Epoch  27: train loss 0.0153
2022-01-19 23:35:55,873 root                INFO: Train: Epoch  28: train loss 0.0151
2022-01-19 23:35:59,694 root                INFO: Train: Epoch  29: train loss 0.0153
2022-01-19 23:36:03,491 root                INFO: Train: Epoch  30: train loss 0.0159
2022-01-19 23:36:07,384 root                INFO: Train: Epoch  31: train loss 0.0155
2022-01-19 23:36:11,271 root                INFO: Train: Epoch  32: train loss 0.0158
2022-01-19 23:36:15,392 root                INFO: Train: Epoch  33: train loss 0.0150
2022-01-19 23:36:19,202 root                INFO: Train: Epoch  34: train loss 0.0147
2022-01-19 23:36:22,845 root                INFO: Train: Epoch  35: train loss 0.0149
2022-01-19 23:36:26,581 root                INFO: Train: Epoch  36: train loss 0.0149
2022-01-19 23:36:30,493 root                INFO: Train: Epoch  37: train loss 0.0160
2022-01-19 23:36:34,214 root                INFO: Train: Epoch  38: train loss 0.0149
2022-01-19 23:36:37,971 root                INFO: Train: Epoch  39: train loss 0.0143
2022-01-19 23:36:41,716 root                INFO: Train: Epoch  40: train loss 0.0147
2022-01-19 23:36:45,320 root                INFO: Train: Epoch  41: train loss 0.0139
2022-01-19 23:36:48,851 root                INFO: Train: Epoch  42: train loss 0.0148
2022-01-19 23:36:52,365 root                INFO: Train: Epoch  43: train loss 0.0146
2022-01-19 23:36:55,974 root                INFO: Train: Epoch  44: train loss 0.0149
2022-01-19 23:36:59,554 root                INFO: Train: Epoch  45: train loss 0.0152
2022-01-19 23:37:03,026 root                INFO: Train: Epoch  46: train loss 0.0148
2022-01-19 23:37:06,461 root                INFO: Train: Epoch  47: train loss 0.0144
2022-01-19 23:37:09,916 root                INFO: Train: Epoch  48: train loss 0.0141
2022-01-19 23:37:13,317 root                INFO: Train: Epoch  49: train loss 0.0140
2022-01-19 23:37:16,722 root                INFO: Train: Epoch  50: train loss 0.0146
2022-01-19 23:37:20,126 root                INFO: Train: Epoch  51: train loss 0.0145
2022-01-19 23:37:23,548 root                INFO: Train: Epoch  52: train loss 0.0146
2022-01-19 23:37:26,917 root                INFO: Train: Epoch  53: train loss 0.0140
2022-01-19 23:37:30,330 root                INFO: Train: Epoch  54: train loss 0.0137
2022-01-19 23:37:33,718 root                INFO: Train: Epoch  55: train loss 0.0141
2022-01-19 23:37:37,275 root                INFO: Train: Epoch  56: train loss 0.0144
2022-01-19 23:37:40,771 root                INFO: Train: Epoch  57: train loss 0.0141
2022-01-19 23:37:44,268 root                INFO: Train: Epoch  58: train loss 0.0139
2022-01-19 23:37:47,670 root                INFO: Train: Epoch  59: train loss 0.0136
2022-01-19 23:37:51,108 root                INFO: Train: Epoch  60: train loss 0.0137
2022-01-19 23:37:54,496 root                INFO: Train: Epoch  61: train loss 0.0142
2022-01-19 23:37:57,860 root                INFO: Train: Epoch  62: train loss 0.0142
2022-01-19 23:38:01,218 root                INFO: Train: Epoch  63: train loss 0.0139
2022-01-19 23:38:04,512 root                INFO: Train: Epoch  64: train loss 0.0141
2022-01-19 23:38:07,854 root                INFO: Train: Epoch  65: train loss 0.0140
2022-01-19 23:38:11,297 root                INFO: Train: Epoch  66: train loss 0.0138
2022-01-19 23:38:14,638 root                INFO: Train: Epoch  67: train loss 0.0135
2022-01-19 23:38:18,089 root                INFO: Train: Epoch  68: train loss 0.0132
2022-01-19 23:38:21,449 root                INFO: Train: Epoch  69: train loss 0.0135
2022-01-19 23:38:24,804 root                INFO: Train: Epoch  70: train loss 0.0146
2022-01-19 23:38:28,129 root                INFO: Train: Epoch  71: train loss 0.0138
2022-01-19 23:38:31,463 root                INFO: Train: Epoch  72: train loss 0.0140
2022-01-19 23:38:34,848 root                INFO: Train: Epoch  73: train loss 0.0137
2022-01-19 23:38:38,242 root                INFO: Train: Epoch  74: train loss 0.0137
2022-01-19 23:38:41,714 root                INFO: Train: Epoch  75: train loss 0.0134
2022-01-19 23:38:45,246 root                INFO: Train: Epoch  76: train loss 0.0135
2022-01-19 23:38:48,768 root                INFO: Train: Epoch  77: train loss 0.0132
2022-01-19 23:38:52,250 root                INFO: Train: Epoch  78: train loss 0.0129
2022-01-19 23:38:55,706 root                INFO: Train: Epoch  79: train loss 0.0135
2022-01-19 23:38:59,191 root                INFO: Train: Epoch  80: train loss 0.0138
2022-01-19 23:39:02,637 root                INFO: Train: Epoch  81: train loss 0.0137
2022-01-19 23:39:06,086 root                INFO: Train: Epoch  82: train loss 0.0138
2022-01-19 23:39:09,530 root                INFO: Train: Epoch  83: train loss 0.0142
2022-01-19 23:39:12,948 root                INFO: Train: Epoch  84: train loss 0.0129
2022-01-19 23:39:16,594 root                INFO: Train: Epoch  85: train loss 0.0128
2022-01-19 23:39:19,974 root                INFO: Train: Epoch  86: train loss 0.0134
2022-01-19 23:39:23,590 root                INFO: Train: Epoch  87: train loss 0.0134
2022-01-19 23:39:27,122 root                INFO: Train: Epoch  88: train loss 0.0131
2022-01-19 23:39:30,534 root                INFO: Train: Epoch  89: train loss 0.0127
2022-01-19 23:39:34,021 root                INFO: Train: Epoch  90: train loss 0.0133
2022-01-19 23:39:37,507 root                INFO: Train: Epoch  91: train loss 0.0132
2022-01-19 23:39:41,120 root                INFO: Train: Epoch  92: train loss 0.0134
2022-01-19 23:39:44,591 root                INFO: Train: Epoch  93: train loss 0.0134
2022-01-19 23:39:48,239 root                INFO: Train: Epoch  94: train loss 0.0134
2022-01-19 23:39:51,551 root                INFO: Train: Epoch  95: train loss 0.0128
2022-01-19 23:39:55,032 root                INFO: Train: Epoch  96: train loss 0.0129
2022-01-19 23:39:58,532 root                INFO: Train: Epoch  97: train loss 0.0128
2022-01-19 23:40:02,148 root                INFO: Train: Epoch  98: train loss 0.0134
2022-01-19 23:40:05,717 root                INFO: Train: Epoch  99: train loss 0.0130
2022-01-19 23:40:09,144 root                INFO: Train: Epoch 100: train loss 0.0131
2022-01-19 23:40:12,595 root                INFO: Train: Epoch 101: train loss 0.0130
2022-01-19 23:40:16,098 root                INFO: Train: Epoch 102: train loss 0.0130
2022-01-19 23:40:19,537 root                INFO: Train: Epoch 103: train loss 0.0130
2022-01-19 23:40:23,094 root                INFO: Train: Epoch 104: train loss 0.0132
2022-01-19 23:40:26,812 root                INFO: Train: Epoch 105: train loss 0.0126
2022-01-19 23:40:30,380 root                INFO: Train: Epoch 106: train loss 0.0127
2022-01-19 23:40:33,965 root                INFO: Train: Epoch 107: train loss 0.0131
2022-01-19 23:40:37,559 root                INFO: Train: Epoch 108: train loss 0.0130
2022-01-19 23:40:41,073 root                INFO: Train: Epoch 109: train loss 0.0125
2022-01-19 23:40:44,603 root                INFO: Train: Epoch 110: train loss 0.0129
2022-01-19 23:40:48,020 root                INFO: Train: Epoch 111: train loss 0.0131
2022-01-19 23:40:51,554 root                INFO: Train: Epoch 112: train loss 0.0126
2022-01-19 23:40:55,345 root                INFO: Train: Epoch 113: train loss 0.0129
2022-01-19 23:40:58,970 root                INFO: Train: Epoch 114: train loss 0.0129
2022-01-19 23:41:02,433 root                INFO: Train: Epoch 115: train loss 0.0125
2022-01-19 23:41:05,863 root                INFO: Train: Epoch 116: train loss 0.0124
2022-01-19 23:41:09,397 root                INFO: Train: Epoch 117: train loss 0.0121
2022-01-19 23:41:13,088 root                INFO: Train: Epoch 118: train loss 0.0134
2022-01-19 23:41:16,603 root                INFO: Train: Epoch 119: train loss 0.0132
2022-01-19 23:41:20,137 root                INFO: Train: Epoch 120: train loss 0.0127
2022-01-19 23:41:23,759 root                INFO: Train: Epoch 121: train loss 0.0131
2022-01-19 23:41:27,409 root                INFO: Train: Epoch 122: train loss 0.0127
2022-01-19 23:41:31,270 root                INFO: Train: Epoch 123: train loss 0.0132
2022-01-19 23:41:34,867 root                INFO: Train: Epoch 124: train loss 0.0124
2022-01-19 23:41:38,396 root                INFO: Train: Epoch 125: train loss 0.0122
2022-01-19 23:41:42,042 root                INFO: Train: Epoch 126: train loss 0.0127
2022-01-19 23:41:45,714 root                INFO: Train: Epoch 127: train loss 0.0124
2022-01-19 23:41:49,222 root                INFO: Train: Epoch 128: train loss 0.0127
2022-01-19 23:41:52,765 root                INFO: Train: Epoch 129: train loss 0.0126
2022-01-19 23:41:56,190 root                INFO: Train: Epoch 130: train loss 0.0119
2022-01-19 23:41:59,711 root                INFO: Train: Epoch 131: train loss 0.0125
2022-01-19 23:42:03,266 root                INFO: Train: Epoch 132: train loss 0.0127
2022-01-19 23:42:06,782 root                INFO: Train: Epoch 133: train loss 0.0131
2022-01-19 23:42:10,446 root                INFO: Train: Epoch 134: train loss 0.0132
2022-01-19 23:42:13,926 root                INFO: Train: Epoch 135: train loss 0.0122
2022-01-19 23:42:17,477 root                INFO: Train: Epoch 136: train loss 0.0130
2022-01-19 23:42:20,980 root                INFO: Train: Epoch 137: train loss 0.0129
2022-01-19 23:42:24,519 root                INFO: Train: Epoch 138: train loss 0.0128
2022-01-19 23:42:27,964 root                INFO: Train: Epoch 139: train loss 0.0124
2022-01-19 23:42:31,476 root                INFO: Train: Epoch 140: train loss 0.0120
2022-01-19 23:42:34,927 root                INFO: Train: Epoch 141: train loss 0.0124
2022-01-19 23:42:38,306 root                INFO: Train: Epoch 142: train loss 0.0133
2022-01-19 23:42:41,823 root                INFO: Train: Epoch 143: train loss 0.0125
2022-01-19 23:42:45,199 root                INFO: Train: Epoch 144: train loss 0.0126
2022-01-19 23:42:48,867 root                INFO: Train: Epoch 145: train loss 0.0127
2022-01-19 23:42:52,246 root                INFO: Train: Epoch 146: train loss 0.0125
2022-01-19 23:42:55,669 root                INFO: Train: Epoch 147: train loss 0.0123
2022-01-19 23:42:59,221 root                INFO: Train: Epoch 148: train loss 0.0127
2022-01-19 23:43:02,673 root                INFO: Train: Epoch 149: train loss 0.0128
2022-01-19 23:43:06,236 root                INFO: Train: Epoch 150: train loss 0.0126
2022-01-19 23:43:09,509 root                INFO: Train: Epoch 151: train loss 0.0124
2022-01-19 23:43:13,018 root                INFO: Train: Epoch 152: train loss 0.0125
2022-01-19 23:43:16,333 root                INFO: Train: Epoch 153: train loss 0.0120
2022-01-19 23:43:19,787 root                INFO: Train: Epoch 154: train loss 0.0123
2022-01-19 23:43:23,339 root                INFO: Train: Epoch 155: train loss 0.0126
2022-01-19 23:43:26,726 root                INFO: Train: Epoch 156: train loss 0.0119
2022-01-19 23:43:30,220 root                INFO: Train: Epoch 157: train loss 0.0119
2022-01-19 23:43:33,580 root                INFO: Train: Epoch 158: train loss 0.0127
2022-01-19 23:43:37,184 root                INFO: Train: Epoch 159: train loss 0.0121
2022-01-19 23:43:40,708 root                INFO: Train: Epoch 160: train loss 0.0122
2022-01-19 23:43:44,143 root                INFO: Train: Epoch 161: train loss 0.0127
2022-01-19 23:43:47,580 root                INFO: Train: Epoch 162: train loss 0.0122
2022-01-19 23:43:51,193 root                INFO: Train: Epoch 163: train loss 0.0120
2022-01-19 23:43:54,827 root                INFO: Train: Epoch 164: train loss 0.0119
2022-01-19 23:43:58,225 root                INFO: Train: Epoch 165: train loss 0.0125
2022-01-19 23:44:01,727 root                INFO: Train: Epoch 166: train loss 0.0122
2022-01-19 23:44:05,294 root                INFO: Train: Epoch 167: train loss 0.0124
2022-01-19 23:44:08,759 root                INFO: Train: Epoch 168: train loss 0.0125
2022-01-19 23:44:12,199 root                INFO: Train: Epoch 169: train loss 0.0123
2022-01-19 23:44:15,645 root                INFO: Train: Epoch 170: train loss 0.0124
2022-01-19 23:44:19,166 root                INFO: Train: Epoch 171: train loss 0.0122
2022-01-19 23:44:22,799 root                INFO: Train: Epoch 172: train loss 0.0121
2022-01-19 23:44:26,334 root                INFO: Train: Epoch 173: train loss 0.0122
2022-01-19 23:44:29,976 root                INFO: Train: Epoch 174: train loss 0.0119
2022-01-19 23:44:33,482 root                INFO: Train: Epoch 175: train loss 0.0119
2022-01-19 23:44:36,957 root                INFO: Train: Epoch 176: train loss 0.0118
2022-01-19 23:44:40,540 root                INFO: Train: Epoch 177: train loss 0.0122
2022-01-19 23:44:43,921 root                INFO: Train: Epoch 178: train loss 0.0125
2022-01-19 23:44:47,333 root                INFO: Train: Epoch 179: train loss 0.0127
2022-01-19 23:44:50,787 root                INFO: Train: Epoch 180: train loss 0.0124
2022-01-19 23:44:54,283 root                INFO: Train: Epoch 181: train loss 0.0126
2022-01-19 23:44:57,871 root                INFO: Train: Epoch 182: train loss 0.0125
2022-01-19 23:45:01,695 root                INFO: Train: Epoch 183: train loss 0.0129
2022-01-19 23:45:05,159 root                INFO: Train: Epoch 184: train loss 0.0119
2022-01-19 23:45:08,557 root                INFO: Train: Epoch 185: train loss 0.0119
2022-01-19 23:45:12,065 root                INFO: Train: Epoch 186: train loss 0.0119
2022-01-19 23:45:15,520 root                INFO: Train: Epoch 187: train loss 0.0118
2022-01-19 23:45:18,969 root                INFO: Train: Epoch 188: train loss 0.0119
2022-01-19 23:45:22,455 root                INFO: Train: Epoch 189: train loss 0.0127
2022-01-19 23:45:25,956 root                INFO: Train: Epoch 190: train loss 0.0122
2022-01-19 23:45:29,377 root                INFO: Train: Epoch 191: train loss 0.0119
2022-01-19 23:45:33,044 root                INFO: Train: Epoch 192: train loss 0.0120
2022-01-19 23:45:36,608 root                INFO: Train: Epoch 193: train loss 0.0118
2022-01-19 23:45:40,098 root                INFO: Train: Epoch 194: train loss 0.0126
2022-01-19 23:45:43,588 root                INFO: Train: Epoch 195: train loss 0.0118
2022-01-19 23:45:47,229 root                INFO: Train: Epoch 196: train loss 0.0113
2022-01-19 23:45:49,138 root                INFO: Valid: Epoch 196: kendall tau 0.8319; loss 0.2566
2022-01-19 23:45:52,569 root                INFO: Train: Epoch 197: train loss 0.0119
2022-01-19 23:45:54,492 root                INFO: Valid: Epoch 197: kendall tau 0.8165; loss 0.2517
2022-01-19 23:45:58,027 root                INFO: Train: Epoch 198: train loss 0.0123
2022-01-19 23:45:59,984 root                INFO: Valid: Epoch 198: kendall tau 0.8224; loss 0.2551
2022-01-19 23:46:03,724 root                INFO: Train: Epoch 199: train loss 0.0120
2022-01-19 23:46:05,885 root                INFO: Valid: Epoch 199: kendall tau 0.8316; loss 0.2654
2022-01-19 23:46:09,326 root                INFO: Train: Epoch 200: train loss 0.0113
2022-01-19 23:46:11,343 root                INFO: Valid: Epoch 200: kendall tau 0.8319; loss 0.2517
2022-01-19 23:46:11,351 root                INFO: Epoch 200: Save checkpoint to nb1shot1_ablation_scale/true/0.1_1/123/202121/200.ckpt
2022-01-19 23:46:13,188 root                INFO: [0.2857142857142857, 0.5277777777777778, 0.5833333333333334, 0.7252747252747253, 0.8052126200274349, 0.918244170096022, 1.0]
2022-01-19 23:46:13,188 root                INFO: [3, 3]
