2022-01-20 15:53:44,924 root                INFO: GPU device = 2
2022-01-20 15:53:44,924 root                INFO: Load pkl cache from nasbench301_train.pkl and nasbench301_valid.pkl
2022-01-20 15:53:45,884 root                INFO: Config: {'arch_network_cfg': {'arch_embedder_cfg': {'take_adj_as_input': True, 'gcn_kwargs': {'residual_only': 2}, 'gcn_out_dims': [64, 64, 64, 64, 64], 'hidden_dim': 32, 'node_dim': 32, 'op_dim': 32, 'use_bn': False, 'final_concat': False, 'other_node_zero': False, 'num_time_steps': 4, 'fb_conversion_dims': [64, 64], 'backward_gcn_out_dims': [64, 64, 64, 64, 64], 'updateopemb_method': 'concat_ofb', 'updateopemb_dims': [64], 'share_skip_and_outskip': True, 'detach_vinfo': False, 'updateopemb_scale': 0.1, 'updateopemb_detach_opemb': True, 'updateopemb_detach_finfo': True, 'mask_nonparametrized_ops': True, 'symmetry_breaking_method': 'param_zs_add', 'concat_param_zs_as_opemb_dimension': 5, 'concat_param_zs_as_opemb_scale': 1.0}, 'arch_embedder_type': 'cellss-fbflow', 'compare_loss_type': 'margin_linear', 'compare_margin': 0.1, 'mlp_dropout': 0.1, 'mlp_hiddens': [200], 'optimizer': {'lr': 0.001, 'type': 'Adam'}, 'scheduler': None}, 'arch_network_type': 'pointwise_comparator', 'batch_size': 128, 'choose_pair_criterion': 'random', 'compare': True, 'compare_threshold': 0.0, 'epochs': 200, 'max_compare_ratio': 16.0}
2022-01-20 15:53:49,001 root                INFO: Combined args: Namespace(arch_network_type='pointwise_comparator', batch_size=128, cfg_file='cfgs/nb301_cfgs/gates_true_masktrue.yaml', choose_pair_criterion='random', compare=True, compare_threshold=0.0, epochs=200, eval_only_last=1, gpu=2, load=None, max_compare_ratio=16.0, num_workers=4, report_freq=200, save_every=200, save_predict=None, seed=2021, test_funcs=None, test_only=False, train_dir='nb301_ablation_mask/true/true_0.005/123/2021', train_pkl='../mynas/data/nasbench-301/nasbench301_train_mtx_123.pkl', train_ratio=0.005, valid_pkl='../mynas/data/nasbench-301/nasbench301_valid_mtx.pkl')
2022-01-20 15:53:49,011 root                INFO: Train dataset ratio: 0.005
2022-01-20 15:53:49,012 root                INFO: Number of architectures: train: 29; valid: 51072
2022-01-20 15:54:04,383 root                INFO: Train: Epoch   1: train loss 0.1001
2022-01-20 15:54:04,883 root                INFO: Train: Epoch   2: train loss 0.0988
2022-01-20 15:54:05,418 root                INFO: Train: Epoch   3: train loss 0.0971
2022-01-20 15:54:05,938 root                INFO: Train: Epoch   4: train loss 0.0945
2022-01-20 15:54:06,444 root                INFO: Train: Epoch   5: train loss 0.0913
2022-01-20 15:54:06,931 root                INFO: Train: Epoch   6: train loss 0.0872
2022-01-20 15:54:07,429 root                INFO: Train: Epoch   7: train loss 0.0805
2022-01-20 15:54:07,937 root                INFO: Train: Epoch   8: train loss 0.0741
2022-01-20 15:54:08,448 root                INFO: Train: Epoch   9: train loss 0.0634
2022-01-20 15:54:08,950 root                INFO: Train: Epoch  10: train loss 0.0556
2022-01-20 15:54:09,465 root                INFO: Train: Epoch  11: train loss 0.0492
2022-01-20 15:54:09,961 root                INFO: Train: Epoch  12: train loss 0.0426
2022-01-20 15:54:10,445 root                INFO: Train: Epoch  13: train loss 0.0381
2022-01-20 15:54:10,927 root                INFO: Train: Epoch  14: train loss 0.0360
2022-01-20 15:54:11,448 root                INFO: Train: Epoch  15: train loss 0.0331
2022-01-20 15:54:11,923 root                INFO: Train: Epoch  16: train loss 0.0330
2022-01-20 15:54:12,425 root                INFO: Train: Epoch  17: train loss 0.0305
2022-01-20 15:54:12,931 root                INFO: Train: Epoch  18: train loss 0.0282
2022-01-20 15:54:13,488 root                INFO: Train: Epoch  19: train loss 0.0279
2022-01-20 15:54:13,987 root                INFO: Train: Epoch  20: train loss 0.0255
2022-01-20 15:54:14,482 root                INFO: Train: Epoch  21: train loss 0.0246
2022-01-20 15:54:14,979 root                INFO: Train: Epoch  22: train loss 0.0228
2022-01-20 15:54:15,463 root                INFO: Train: Epoch  23: train loss 0.0210
2022-01-20 15:54:16,040 root                INFO: Train: Epoch  24: train loss 0.0196
2022-01-20 15:54:16,534 root                INFO: Train: Epoch  25: train loss 0.0176
2022-01-20 15:54:17,056 root                INFO: Train: Epoch  26: train loss 0.0173
2022-01-20 15:54:17,598 root                INFO: Train: Epoch  27: train loss 0.0162
2022-01-20 15:54:18,130 root                INFO: Train: Epoch  28: train loss 0.0126
2022-01-20 15:54:18,664 root                INFO: Train: Epoch  29: train loss 0.0140
2022-01-20 15:54:19,198 root                INFO: Train: Epoch  30: train loss 0.0135
2022-01-20 15:54:19,724 root                INFO: Train: Epoch  31: train loss 0.0120
2022-01-20 15:54:20,271 root                INFO: Train: Epoch  32: train loss 0.0114
2022-01-20 15:54:20,810 root                INFO: Train: Epoch  33: train loss 0.0113
2022-01-20 15:54:21,333 root                INFO: Train: Epoch  34: train loss 0.0093
2022-01-20 15:54:21,837 root                INFO: Train: Epoch  35: train loss 0.0102
2022-01-20 15:54:22,348 root                INFO: Train: Epoch  36: train loss 0.0103
2022-01-20 15:54:22,860 root                INFO: Train: Epoch  37: train loss 0.0096
2022-01-20 15:54:23,322 root                INFO: Train: Epoch  38: train loss 0.0090
2022-01-20 15:54:23,804 root                INFO: Train: Epoch  39: train loss 0.0081
2022-01-20 15:54:24,270 root                INFO: Train: Epoch  40: train loss 0.0071
2022-01-20 15:54:24,753 root                INFO: Train: Epoch  41: train loss 0.0087
2022-01-20 15:54:25,222 root                INFO: Train: Epoch  42: train loss 0.0078
2022-01-20 15:54:25,698 root                INFO: Train: Epoch  43: train loss 0.0073
2022-01-20 15:54:26,192 root                INFO: Train: Epoch  44: train loss 0.0092
2022-01-20 15:54:26,638 root                INFO: Train: Epoch  45: train loss 0.0067
2022-01-20 15:54:27,119 root                INFO: Train: Epoch  46: train loss 0.0063
2022-01-20 15:54:27,662 root                INFO: Train: Epoch  47: train loss 0.0081
2022-01-20 15:54:28,226 root                INFO: Train: Epoch  48: train loss 0.0050
2022-01-20 15:54:28,753 root                INFO: Train: Epoch  49: train loss 0.0055
2022-01-20 15:54:29,257 root                INFO: Train: Epoch  50: train loss 0.0066
2022-01-20 15:54:29,776 root                INFO: Train: Epoch  51: train loss 0.0052
2022-01-20 15:54:30,291 root                INFO: Train: Epoch  52: train loss 0.0029
2022-01-20 15:54:30,826 root                INFO: Train: Epoch  53: train loss 0.0047
2022-01-20 15:54:31,358 root                INFO: Train: Epoch  54: train loss 0.0039
2022-01-20 15:54:31,897 root                INFO: Train: Epoch  55: train loss 0.0047
2022-01-20 15:54:32,424 root                INFO: Train: Epoch  56: train loss 0.0033
2022-01-20 15:54:33,003 root                INFO: Train: Epoch  57: train loss 0.0037
2022-01-20 15:54:33,545 root                INFO: Train: Epoch  58: train loss 0.0039
2022-01-20 15:54:34,092 root                INFO: Train: Epoch  59: train loss 0.0037
2022-01-20 15:54:34,626 root                INFO: Train: Epoch  60: train loss 0.0028
2022-01-20 15:54:35,158 root                INFO: Train: Epoch  61: train loss 0.0034
2022-01-20 15:54:35,699 root                INFO: Train: Epoch  62: train loss 0.0033
2022-01-20 15:54:36,247 root                INFO: Train: Epoch  63: train loss 0.0027
2022-01-20 15:54:36,753 root                INFO: Train: Epoch  64: train loss 0.0035
2022-01-20 15:54:37,305 root                INFO: Train: Epoch  65: train loss 0.0037
2022-01-20 15:54:37,842 root                INFO: Train: Epoch  66: train loss 0.0025
2022-01-20 15:54:38,373 root                INFO: Train: Epoch  67: train loss 0.0022
2022-01-20 15:54:38,891 root                INFO: Train: Epoch  68: train loss 0.0024
2022-01-20 15:54:39,441 root                INFO: Train: Epoch  69: train loss 0.0026
2022-01-20 15:54:39,997 root                INFO: Train: Epoch  70: train loss 0.0019
2022-01-20 15:54:40,540 root                INFO: Train: Epoch  71: train loss 0.0021
2022-01-20 15:54:41,039 root                INFO: Train: Epoch  72: train loss 0.0031
2022-01-20 15:54:41,584 root                INFO: Train: Epoch  73: train loss 0.0018
2022-01-20 15:54:42,138 root                INFO: Train: Epoch  74: train loss 0.0025
2022-01-20 15:54:42,715 root                INFO: Train: Epoch  75: train loss 0.0016
2022-01-20 15:54:43,253 root                INFO: Train: Epoch  76: train loss 0.0015
2022-01-20 15:54:43,836 root                INFO: Train: Epoch  77: train loss 0.0009
2022-01-20 15:54:44,411 root                INFO: Train: Epoch  78: train loss 0.0021
2022-01-20 15:54:44,979 root                INFO: Train: Epoch  79: train loss 0.0016
2022-01-20 15:54:45,535 root                INFO: Train: Epoch  80: train loss 0.0014
2022-01-20 15:54:46,117 root                INFO: Train: Epoch  81: train loss 0.0018
2022-01-20 15:54:46,727 root                INFO: Train: Epoch  82: train loss 0.0013
2022-01-20 15:54:47,338 root                INFO: Train: Epoch  83: train loss 0.0021
2022-01-20 15:54:47,940 root                INFO: Train: Epoch  84: train loss 0.0019
2022-01-20 15:54:48,552 root                INFO: Train: Epoch  85: train loss 0.0013
2022-01-20 15:54:49,158 root                INFO: Train: Epoch  86: train loss 0.0015
2022-01-20 15:54:49,773 root                INFO: Train: Epoch  87: train loss 0.0020
2022-01-20 15:54:50,337 root                INFO: Train: Epoch  88: train loss 0.0027
2022-01-20 15:54:50,938 root                INFO: Train: Epoch  89: train loss 0.0021
2022-01-20 15:54:51,521 root                INFO: Train: Epoch  90: train loss 0.0045
2022-01-20 15:54:52,093 root                INFO: Train: Epoch  91: train loss 0.0029
2022-01-20 15:54:52,681 root                INFO: Train: Epoch  92: train loss 0.0010
2022-01-20 15:54:53,266 root                INFO: Train: Epoch  93: train loss 0.0017
2022-01-20 15:54:53,890 root                INFO: Train: Epoch  94: train loss 0.0023
2022-01-20 15:54:54,492 root                INFO: Train: Epoch  95: train loss 0.0022
2022-01-20 15:54:55,070 root                INFO: Train: Epoch  96: train loss 0.0019
2022-01-20 15:54:55,672 root                INFO: Train: Epoch  97: train loss 0.0025
2022-01-20 15:54:56,295 root                INFO: Train: Epoch  98: train loss 0.0025
2022-01-20 15:54:56,895 root                INFO: Train: Epoch  99: train loss 0.0027
2022-01-20 15:54:57,458 root                INFO: Train: Epoch 100: train loss 0.0021
2022-01-20 15:54:58,084 root                INFO: Train: Epoch 101: train loss 0.0010
2022-01-20 15:54:58,664 root                INFO: Train: Epoch 102: train loss 0.0016
2022-01-20 15:54:59,271 root                INFO: Train: Epoch 103: train loss 0.0020
2022-01-20 15:54:59,838 root                INFO: Train: Epoch 104: train loss 0.0010
2022-01-20 15:55:00,446 root                INFO: Train: Epoch 105: train loss 0.0015
2022-01-20 15:55:01,027 root                INFO: Train: Epoch 106: train loss 0.0018
2022-01-20 15:55:01,618 root                INFO: Train: Epoch 107: train loss 0.0015
2022-01-20 15:55:02,200 root                INFO: Train: Epoch 108: train loss 0.0020
2022-01-20 15:55:02,840 root                INFO: Train: Epoch 109: train loss 0.0010
2022-01-20 15:55:03,407 root                INFO: Train: Epoch 110: train loss 0.0007
2022-01-20 15:55:04,029 root                INFO: Train: Epoch 111: train loss 0.0006
2022-01-20 15:55:04,614 root                INFO: Train: Epoch 112: train loss 0.0011
2022-01-20 15:55:05,229 root                INFO: Train: Epoch 113: train loss 0.0007
2022-01-20 15:55:05,856 root                INFO: Train: Epoch 114: train loss 0.0007
2022-01-20 15:55:06,391 root                INFO: Train: Epoch 115: train loss 0.0011
2022-01-20 15:55:06,955 root                INFO: Train: Epoch 116: train loss 0.0009
2022-01-20 15:55:07,551 root                INFO: Train: Epoch 117: train loss 0.0030
2022-01-20 15:55:08,136 root                INFO: Train: Epoch 118: train loss 0.0016
2022-01-20 15:55:08,661 root                INFO: Train: Epoch 119: train loss 0.0017
2022-01-20 15:55:09,216 root                INFO: Train: Epoch 120: train loss 0.0014
2022-01-20 15:55:09,795 root                INFO: Train: Epoch 121: train loss 0.0011
2022-01-20 15:55:10,365 root                INFO: Train: Epoch 122: train loss 0.0022
2022-01-20 15:55:10,903 root                INFO: Train: Epoch 123: train loss 0.0012
2022-01-20 15:55:11,483 root                INFO: Train: Epoch 124: train loss 0.0021
2022-01-20 15:55:12,066 root                INFO: Train: Epoch 125: train loss 0.0009
2022-01-20 15:55:12,649 root                INFO: Train: Epoch 126: train loss 0.0009
2022-01-20 15:55:13,209 root                INFO: Train: Epoch 127: train loss 0.0019
2022-01-20 15:55:13,785 root                INFO: Train: Epoch 128: train loss 0.0017
2022-01-20 15:55:14,369 root                INFO: Train: Epoch 129: train loss 0.0007
2022-01-20 15:55:14,925 root                INFO: Train: Epoch 130: train loss 0.0024
2022-01-20 15:55:15,487 root                INFO: Train: Epoch 131: train loss 0.0015
2022-01-20 15:55:16,049 root                INFO: Train: Epoch 132: train loss 0.0021
2022-01-20 15:55:16,640 root                INFO: Train: Epoch 133: train loss 0.0015
2022-01-20 15:55:17,206 root                INFO: Train: Epoch 134: train loss 0.0011
2022-01-20 15:55:17,770 root                INFO: Train: Epoch 135: train loss 0.0015
2022-01-20 15:55:18,313 root                INFO: Train: Epoch 136: train loss 0.0015
2022-01-20 15:55:18,890 root                INFO: Train: Epoch 137: train loss 0.0011
2022-01-20 15:55:19,442 root                INFO: Train: Epoch 138: train loss 0.0007
2022-01-20 15:55:19,996 root                INFO: Train: Epoch 139: train loss 0.0014
2022-01-20 15:55:20,601 root                INFO: Train: Epoch 140: train loss 0.0015
2022-01-20 15:55:21,189 root                INFO: Train: Epoch 141: train loss 0.0022
2022-01-20 15:55:21,761 root                INFO: Train: Epoch 142: train loss 0.0018
2022-01-20 15:55:22,350 root                INFO: Train: Epoch 143: train loss 0.0009
2022-01-20 15:55:22,917 root                INFO: Train: Epoch 144: train loss 0.0011
2022-01-20 15:55:23,499 root                INFO: Train: Epoch 145: train loss 0.0009
2022-01-20 15:55:24,108 root                INFO: Train: Epoch 146: train loss 0.0007
2022-01-20 15:55:24,679 root                INFO: Train: Epoch 147: train loss 0.0007
2022-01-20 15:55:25,244 root                INFO: Train: Epoch 148: train loss 0.0007
2022-01-20 15:55:25,821 root                INFO: Train: Epoch 149: train loss 0.0030
2022-01-20 15:55:26,378 root                INFO: Train: Epoch 150: train loss 0.0012
2022-01-20 15:55:26,939 root                INFO: Train: Epoch 151: train loss 0.0026
2022-01-20 15:55:27,515 root                INFO: Train: Epoch 152: train loss 0.0043
2022-01-20 15:55:28,094 root                INFO: Train: Epoch 153: train loss 0.0024
2022-01-20 15:55:28,682 root                INFO: Train: Epoch 154: train loss 0.0014
2022-01-20 15:55:29,288 root                INFO: Train: Epoch 155: train loss 0.0015
2022-01-20 15:55:29,877 root                INFO: Train: Epoch 156: train loss 0.0025
2022-01-20 15:55:30,443 root                INFO: Train: Epoch 157: train loss 0.0012
2022-01-20 15:55:31,015 root                INFO: Train: Epoch 158: train loss 0.0011
2022-01-20 15:55:31,626 root                INFO: Train: Epoch 159: train loss 0.0021
2022-01-20 15:55:32,177 root                INFO: Train: Epoch 160: train loss 0.0014
2022-01-20 15:55:32,760 root                INFO: Train: Epoch 161: train loss 0.0011
2022-01-20 15:55:33,314 root                INFO: Train: Epoch 162: train loss 0.0023
2022-01-20 15:55:33,890 root                INFO: Train: Epoch 163: train loss 0.0011
2022-01-20 15:55:34,482 root                INFO: Train: Epoch 164: train loss 0.0007
2022-01-20 15:55:35,036 root                INFO: Train: Epoch 165: train loss 0.0006
2022-01-20 15:55:35,600 root                INFO: Train: Epoch 166: train loss 0.0021
2022-01-20 15:55:36,158 root                INFO: Train: Epoch 167: train loss 0.0013
2022-01-20 15:55:36,748 root                INFO: Train: Epoch 168: train loss 0.0011
2022-01-20 15:55:37,326 root                INFO: Train: Epoch 169: train loss 0.0013
2022-01-20 15:55:37,881 root                INFO: Train: Epoch 170: train loss 0.0012
2022-01-20 15:55:38,442 root                INFO: Train: Epoch 171: train loss 0.0006
2022-01-20 15:55:39,006 root                INFO: Train: Epoch 172: train loss 0.0004
2022-01-20 15:55:39,575 root                INFO: Train: Epoch 173: train loss 0.0008
2022-01-20 15:55:40,140 root                INFO: Train: Epoch 174: train loss 0.0009
2022-01-20 15:55:40,692 root                INFO: Train: Epoch 175: train loss 0.0006
2022-01-20 15:55:41,244 root                INFO: Train: Epoch 176: train loss 0.0009
2022-01-20 15:55:41,826 root                INFO: Train: Epoch 177: train loss 0.0012
2022-01-20 15:55:42,410 root                INFO: Train: Epoch 178: train loss 0.0009
2022-01-20 15:55:42,983 root                INFO: Train: Epoch 179: train loss 0.0006
2022-01-20 15:55:43,511 root                INFO: Train: Epoch 180: train loss 0.0006
2022-01-20 15:55:44,124 root                INFO: Train: Epoch 181: train loss 0.0011
2022-01-20 15:55:44,748 root                INFO: Train: Epoch 182: train loss 0.0005
2022-01-20 15:55:45,352 root                INFO: Train: Epoch 183: train loss 0.0016
2022-01-20 15:55:45,921 root                INFO: Train: Epoch 184: train loss 0.0004
2022-01-20 15:55:46,507 root                INFO: Train: Epoch 185: train loss 0.0004
2022-01-20 15:55:47,110 root                INFO: Train: Epoch 186: train loss 0.0006
2022-01-20 15:55:47,706 root                INFO: Train: Epoch 187: train loss 0.0003
2022-01-20 15:55:48,296 root                INFO: Train: Epoch 188: train loss 0.0018
2022-01-20 15:55:48,841 root                INFO: Train: Epoch 189: train loss 0.0002
2022-01-20 15:55:49,474 root                INFO: Train: Epoch 190: train loss 0.0004
2022-01-20 15:55:50,049 root                INFO: Train: Epoch 191: train loss 0.0007
2022-01-20 15:55:50,659 root                INFO: Train: Epoch 192: train loss 0.0006
2022-01-20 15:55:51,227 root                INFO: Train: Epoch 193: train loss 0.0005
2022-01-20 15:55:51,850 root                INFO: Train: Epoch 194: train loss 0.0001
2022-01-20 15:55:52,414 root                INFO: Train: Epoch 195: train loss 0.0005
2022-01-20 15:55:52,935 root                INFO: Train: Epoch 196: train loss 0.0011
2022-01-20 15:55:53,450 root                INFO: Train: Epoch 197: train loss 0.0007
2022-01-20 15:55:54,009 root                INFO: Train: Epoch 198: train loss 0.0005
2022-01-20 15:55:54,532 root                INFO: Train: Epoch 199: train loss 0.0012
2022-01-20 15:55:55,051 root                INFO: Train: Epoch 200: train loss 0.0005
2022-01-20 15:56:11,022 root                INFO: Valid: Epoch 200: kendall tau 0.6113; loss 0.2028
2022-01-20 15:56:11,027 root                INFO: Epoch 200: Save checkpoint to nb301_ablation_mask/true/true_0.005/123/2021/200.ckpt
2022-01-20 15:56:27,039 root                INFO: [0.0196078431372549, 0.09019607843137255, 0.15294117647058825, 0.5103799451625538, 0.6496964950068533, 0.8049812030075187, 1.0]
2022-01-20 15:56:27,040 root                INFO: [142, 142]
