2022-01-20 15:48:37,297 root                INFO: GPU device = 7
2022-01-20 15:48:37,298 root                INFO: Load pkl cache from nasbench301_train.pkl and nasbench301_valid.pkl
2022-01-20 15:48:38,126 root                INFO: Config: {'arch_network_cfg': {'arch_embedder_cfg': {'take_adj_as_input': True, 'gcn_kwargs': {'residual_only': 2}, 'gcn_out_dims': [64, 64, 64, 64, 64], 'hidden_dim': 32, 'node_dim': 32, 'op_dim': 32, 'use_bn': False, 'final_concat': False, 'other_node_zero': False, 'num_time_steps': 4, 'fb_conversion_dims': [64, 64], 'backward_gcn_out_dims': [64, 64, 64, 64, 64], 'updateopemb_method': 'concat_ofb', 'updateopemb_dims': [64], 'share_skip_and_outskip': True, 'detach_vinfo': False, 'updateopemb_scale': 0.1, 'updateopemb_detach_opemb': True, 'updateopemb_detach_finfo': True, 'mask_nonparametrized_ops': True, 'symmetry_breaking_method': 'param_zs_add', 'concat_param_zs_as_opemb_dimension': 5, 'concat_param_zs_as_opemb_scale': 1.0}, 'arch_embedder_type': 'cellss-fbflow', 'compare_loss_type': 'margin_linear', 'compare_margin': 0.1, 'mlp_dropout': 0.1, 'mlp_hiddens': [200], 'optimizer': {'lr': 0.001, 'type': 'Adam'}, 'scheduler': None}, 'arch_network_type': 'pointwise_comparator', 'batch_size': 128, 'choose_pair_criterion': 'random', 'compare': True, 'compare_threshold': 0.0, 'epochs': 200, 'max_compare_ratio': 16.0}
2022-01-20 15:48:41,275 root                INFO: Combined args: Namespace(arch_network_type='pointwise_comparator', batch_size=128, cfg_file='cfgs/nb301_cfgs/gates_true_masktrue.yaml', choose_pair_criterion='random', compare=True, compare_threshold=0.0, epochs=200, eval_only_last=1, gpu=7, load=None, max_compare_ratio=16.0, num_workers=4, report_freq=200, save_every=200, save_predict=None, seed=21, test_funcs=None, test_only=False, train_dir='nb301_ablation_mask/true/true_0.001/12/21', train_pkl='../mynas/data/nasbench-301/nasbench301_train_mtx_12.pkl', train_ratio=0.001, valid_pkl='../mynas/data/nasbench-301/nasbench301_valid_mtx.pkl')
2022-01-20 15:48:41,283 root                INFO: Train dataset ratio: 0.001
2022-01-20 15:48:41,284 root                INFO: Number of architectures: train: 5; valid: 51072
2022-01-20 15:48:57,117 root                INFO: Train: Epoch   1: train loss 0.0988
2022-01-20 15:48:57,680 root                INFO: Train: Epoch   2: train loss 0.0947
2022-01-20 15:48:58,277 root                INFO: Train: Epoch   3: train loss 0.0913
2022-01-20 15:48:58,853 root                INFO: Train: Epoch   4: train loss 0.0948
2022-01-20 15:48:59,422 root                INFO: Train: Epoch   5: train loss 0.0804
2022-01-20 15:48:59,996 root                INFO: Train: Epoch   6: train loss 0.0781
2022-01-20 15:49:00,545 root                INFO: Train: Epoch   7: train loss 0.0699
2022-01-20 15:49:01,100 root                INFO: Train: Epoch   8: train loss 0.0695
2022-01-20 15:49:01,668 root                INFO: Train: Epoch   9: train loss 0.0396
2022-01-20 15:49:02,221 root                INFO: Train: Epoch  10: train loss 0.0370
2022-01-20 15:49:02,794 root                INFO: Train: Epoch  11: train loss 0.0213
2022-01-20 15:49:03,391 root                INFO: Train: Epoch  12: train loss 0.0202
2022-01-20 15:49:03,990 root                INFO: Train: Epoch  13: train loss 0.0145
2022-01-20 15:49:04,571 root                INFO: Train: Epoch  14: train loss 0.0177
2022-01-20 15:49:05,179 root                INFO: Train: Epoch  15: train loss 0.0046
2022-01-20 15:49:05,775 root                INFO: Train: Epoch  16: train loss 0.0049
2022-01-20 15:49:06,370 root                INFO: Train: Epoch  17: train loss 0.0000
2022-01-20 15:49:06,946 root                INFO: Train: Epoch  18: train loss 0.0011
2022-01-20 15:49:07,538 root                INFO: Train: Epoch  19: train loss 0.0026
2022-01-20 15:49:08,138 root                INFO: Train: Epoch  20: train loss 0.0000
2022-01-20 15:49:08,722 root                INFO: Train: Epoch  21: train loss 0.0049
2022-01-20 15:49:09,296 root                INFO: Train: Epoch  22: train loss 0.0000
2022-01-20 15:49:09,924 root                INFO: Train: Epoch  23: train loss 0.0000
2022-01-20 15:49:10,522 root                INFO: Train: Epoch  24: train loss 0.0000
2022-01-20 15:49:11,135 root                INFO: Train: Epoch  25: train loss 0.0000
2022-01-20 15:49:11,785 root                INFO: Train: Epoch  26: train loss 0.0000
2022-01-20 15:49:12,396 root                INFO: Train: Epoch  27: train loss 0.0000
2022-01-20 15:49:13,026 root                INFO: Train: Epoch  28: train loss 0.0000
2022-01-20 15:49:13,660 root                INFO: Train: Epoch  29: train loss 0.0000
2022-01-20 15:49:14,287 root                INFO: Train: Epoch  30: train loss 0.0000
2022-01-20 15:49:14,883 root                INFO: Train: Epoch  31: train loss 0.0000
2022-01-20 15:49:15,444 root                INFO: Train: Epoch  32: train loss 0.0000
2022-01-20 15:49:16,030 root                INFO: Train: Epoch  33: train loss 0.0000
2022-01-20 15:49:16,664 root                INFO: Train: Epoch  34: train loss 0.0000
2022-01-20 15:49:17,232 root                INFO: Train: Epoch  35: train loss 0.0000
2022-01-20 15:49:17,807 root                INFO: Train: Epoch  36: train loss 0.0000
2022-01-20 15:49:18,437 root                INFO: Train: Epoch  37: train loss 0.0000
2022-01-20 15:49:19,010 root                INFO: Train: Epoch  38: train loss 0.0000
2022-01-20 15:49:19,646 root                INFO: Train: Epoch  39: train loss 0.0000
2022-01-20 15:49:20,224 root                INFO: Train: Epoch  40: train loss 0.0000
2022-01-20 15:49:20,798 root                INFO: Train: Epoch  41: train loss 0.0000
2022-01-20 15:49:21,383 root                INFO: Train: Epoch  42: train loss 0.0000
2022-01-20 15:49:21,970 root                INFO: Train: Epoch  43: train loss 0.0000
2022-01-20 15:49:22,542 root                INFO: Train: Epoch  44: train loss 0.0000
2022-01-20 15:49:23,132 root                INFO: Train: Epoch  45: train loss 0.0000
2022-01-20 15:49:23,698 root                INFO: Train: Epoch  46: train loss 0.0000
2022-01-20 15:49:24,282 root                INFO: Train: Epoch  47: train loss 0.0000
2022-01-20 15:49:24,909 root                INFO: Train: Epoch  48: train loss 0.0000
2022-01-20 15:49:25,503 root                INFO: Train: Epoch  49: train loss 0.0000
2022-01-20 15:49:26,066 root                INFO: Train: Epoch  50: train loss 0.0000
2022-01-20 15:49:26,662 root                INFO: Train: Epoch  51: train loss 0.0000
2022-01-20 15:49:27,246 root                INFO: Train: Epoch  52: train loss 0.0000
2022-01-20 15:49:27,829 root                INFO: Train: Epoch  53: train loss 0.0000
2022-01-20 15:49:28,485 root                INFO: Train: Epoch  54: train loss 0.0000
2022-01-20 15:49:29,077 root                INFO: Train: Epoch  55: train loss 0.0000
2022-01-20 15:49:29,698 root                INFO: Train: Epoch  56: train loss 0.0000
2022-01-20 15:49:30,291 root                INFO: Train: Epoch  57: train loss 0.0000
2022-01-20 15:49:30,881 root                INFO: Train: Epoch  58: train loss 0.0000
2022-01-20 15:49:31,495 root                INFO: Train: Epoch  59: train loss 0.0000
2022-01-20 15:49:32,114 root                INFO: Train: Epoch  60: train loss 0.0000
2022-01-20 15:49:32,723 root                INFO: Train: Epoch  61: train loss 0.0000
2022-01-20 15:49:33,332 root                INFO: Train: Epoch  62: train loss 0.0000
2022-01-20 15:49:33,929 root                INFO: Train: Epoch  63: train loss 0.0000
2022-01-20 15:49:34,540 root                INFO: Train: Epoch  64: train loss 0.0000
2022-01-20 15:49:35,151 root                INFO: Train: Epoch  65: train loss 0.0000
2022-01-20 15:49:35,743 root                INFO: Train: Epoch  66: train loss 0.0000
2022-01-20 15:49:36,383 root                INFO: Train: Epoch  67: train loss 0.0000
2022-01-20 15:49:36,980 root                INFO: Train: Epoch  68: train loss 0.0000
2022-01-20 15:49:37,570 root                INFO: Train: Epoch  69: train loss 0.0000
2022-01-20 15:49:38,182 root                INFO: Train: Epoch  70: train loss 0.0000
2022-01-20 15:49:38,779 root                INFO: Train: Epoch  71: train loss 0.0000
2022-01-20 15:49:39,428 root                INFO: Train: Epoch  72: train loss 0.0000
2022-01-20 15:49:40,044 root                INFO: Train: Epoch  73: train loss 0.0000
2022-01-20 15:49:40,643 root                INFO: Train: Epoch  74: train loss 0.0000
2022-01-20 15:49:41,277 root                INFO: Train: Epoch  75: train loss 0.0000
2022-01-20 15:49:41,894 root                INFO: Train: Epoch  76: train loss 0.0000
2022-01-20 15:49:42,481 root                INFO: Train: Epoch  77: train loss 0.0000
2022-01-20 15:49:43,096 root                INFO: Train: Epoch  78: train loss 0.0000
2022-01-20 15:49:43,680 root                INFO: Train: Epoch  79: train loss 0.0000
2022-01-20 15:49:44,281 root                INFO: Train: Epoch  80: train loss 0.0000
2022-01-20 15:49:44,922 root                INFO: Train: Epoch  81: train loss 0.0000
2022-01-20 15:49:45,497 root                INFO: Train: Epoch  82: train loss 0.0000
2022-01-20 15:49:46,104 root                INFO: Train: Epoch  83: train loss 0.0000
2022-01-20 15:49:46,703 root                INFO: Train: Epoch  84: train loss 0.0000
2022-01-20 15:49:47,348 root                INFO: Train: Epoch  85: train loss 0.0000
2022-01-20 15:49:47,969 root                INFO: Train: Epoch  86: train loss 0.0000
2022-01-20 15:49:48,567 root                INFO: Train: Epoch  87: train loss 0.0000
2022-01-20 15:49:49,192 root                INFO: Train: Epoch  88: train loss 0.0000
2022-01-20 15:49:49,865 root                INFO: Train: Epoch  89: train loss 0.0000
2022-01-20 15:49:50,479 root                INFO: Train: Epoch  90: train loss 0.0000
2022-01-20 15:49:51,096 root                INFO: Train: Epoch  91: train loss 0.0000
2022-01-20 15:49:51,776 root                INFO: Train: Epoch  92: train loss 0.0000
2022-01-20 15:49:52,595 root                INFO: Train: Epoch  93: train loss 0.0000
2022-01-20 15:49:53,370 root                INFO: Train: Epoch  94: train loss 0.0000
2022-01-20 15:49:54,171 root                INFO: Train: Epoch  95: train loss 0.0000
2022-01-20 15:49:54,920 root                INFO: Train: Epoch  96: train loss 0.0000
2022-01-20 15:49:55,650 root                INFO: Train: Epoch  97: train loss 0.0000
2022-01-20 15:49:56,281 root                INFO: Train: Epoch  98: train loss 0.0000
2022-01-20 15:49:56,886 root                INFO: Train: Epoch  99: train loss 0.0000
2022-01-20 15:49:57,486 root                INFO: Train: Epoch 100: train loss 0.0000
2022-01-20 15:49:58,122 root                INFO: Train: Epoch 101: train loss 0.0000
2022-01-20 15:49:58,706 root                INFO: Train: Epoch 102: train loss 0.0000
2022-01-20 15:49:59,310 root                INFO: Train: Epoch 103: train loss 0.0000
2022-01-20 15:49:59,930 root                INFO: Train: Epoch 104: train loss 0.0000
2022-01-20 15:50:00,546 root                INFO: Train: Epoch 105: train loss 0.0000
2022-01-20 15:50:01,138 root                INFO: Train: Epoch 106: train loss 0.0000
2022-01-20 15:50:01,738 root                INFO: Train: Epoch 107: train loss 0.0037
2022-01-20 15:50:02,330 root                INFO: Train: Epoch 108: train loss 0.0000
2022-01-20 15:50:02,932 root                INFO: Train: Epoch 109: train loss 0.0000
2022-01-20 15:50:03,545 root                INFO: Train: Epoch 110: train loss 0.0000
2022-01-20 15:50:04,132 root                INFO: Train: Epoch 111: train loss 0.0000
2022-01-20 15:50:04,780 root                INFO: Train: Epoch 112: train loss 0.0000
2022-01-20 15:50:05,472 root                INFO: Train: Epoch 113: train loss 0.0000
2022-01-20 15:50:06,084 root                INFO: Train: Epoch 114: train loss 0.0000
2022-01-20 15:50:06,645 root                INFO: Train: Epoch 115: train loss 0.0000
2022-01-20 15:50:07,245 root                INFO: Train: Epoch 116: train loss 0.0000
2022-01-20 15:50:07,828 root                INFO: Train: Epoch 117: train loss 0.0000
2022-01-20 15:50:08,385 root                INFO: Train: Epoch 118: train loss 0.0214
2022-01-20 15:50:08,953 root                INFO: Train: Epoch 119: train loss 0.0000
2022-01-20 15:50:09,554 root                INFO: Train: Epoch 120: train loss 0.0000
2022-01-20 15:50:10,125 root                INFO: Train: Epoch 121: train loss 0.0000
2022-01-20 15:50:10,751 root                INFO: Train: Epoch 122: train loss 0.0000
2022-01-20 15:50:11,312 root                INFO: Train: Epoch 123: train loss 0.0000
2022-01-20 15:50:11,887 root                INFO: Train: Epoch 124: train loss 0.0000
2022-01-20 15:50:12,453 root                INFO: Train: Epoch 125: train loss 0.0000
2022-01-20 15:50:13,073 root                INFO: Train: Epoch 126: train loss 0.0000
2022-01-20 15:50:13,646 root                INFO: Train: Epoch 127: train loss 0.0000
2022-01-20 15:50:14,243 root                INFO: Train: Epoch 128: train loss 0.0000
2022-01-20 15:50:14,821 root                INFO: Train: Epoch 129: train loss 0.0000
2022-01-20 15:50:15,408 root                INFO: Train: Epoch 130: train loss 0.0153
2022-01-20 15:50:15,964 root                INFO: Train: Epoch 131: train loss 0.0000
2022-01-20 15:50:16,554 root                INFO: Train: Epoch 132: train loss 0.0000
2022-01-20 15:50:17,125 root                INFO: Train: Epoch 133: train loss 0.0000
2022-01-20 15:50:17,702 root                INFO: Train: Epoch 134: train loss 0.0000
2022-01-20 15:50:18,283 root                INFO: Train: Epoch 135: train loss 0.0000
2022-01-20 15:50:18,860 root                INFO: Train: Epoch 136: train loss 0.0000
2022-01-20 15:50:19,429 root                INFO: Train: Epoch 137: train loss 0.0000
2022-01-20 15:50:19,998 root                INFO: Train: Epoch 138: train loss 0.0000
2022-01-20 15:50:20,574 root                INFO: Train: Epoch 139: train loss 0.0000
2022-01-20 15:50:21,180 root                INFO: Train: Epoch 140: train loss 0.0000
2022-01-20 15:50:21,785 root                INFO: Train: Epoch 141: train loss 0.0000
2022-01-20 15:50:22,389 root                INFO: Train: Epoch 142: train loss 0.0000
2022-01-20 15:50:23,019 root                INFO: Train: Epoch 143: train loss 0.0000
2022-01-20 15:50:23,596 root                INFO: Train: Epoch 144: train loss 0.0000
2022-01-20 15:50:24,164 root                INFO: Train: Epoch 145: train loss 0.0000
2022-01-20 15:50:24,725 root                INFO: Train: Epoch 146: train loss 0.0000
2022-01-20 15:50:25,325 root                INFO: Train: Epoch 147: train loss 0.0000
2022-01-20 15:50:25,915 root                INFO: Train: Epoch 148: train loss 0.0000
2022-01-20 15:50:26,509 root                INFO: Train: Epoch 149: train loss 0.0000
2022-01-20 15:50:27,077 root                INFO: Train: Epoch 150: train loss 0.0000
2022-01-20 15:50:27,663 root                INFO: Train: Epoch 151: train loss 0.0000
2022-01-20 15:50:28,225 root                INFO: Train: Epoch 152: train loss 0.0000
2022-01-20 15:50:28,829 root                INFO: Train: Epoch 153: train loss 0.0000
2022-01-20 15:50:29,423 root                INFO: Train: Epoch 154: train loss 0.0000
2022-01-20 15:50:29,997 root                INFO: Train: Epoch 155: train loss 0.0000
2022-01-20 15:50:30,591 root                INFO: Train: Epoch 156: train loss 0.0129
2022-01-20 15:50:31,218 root                INFO: Train: Epoch 157: train loss 0.0000
2022-01-20 15:50:31,815 root                INFO: Train: Epoch 158: train loss 0.0000
2022-01-20 15:50:32,379 root                INFO: Train: Epoch 159: train loss 0.0000
2022-01-20 15:50:32,919 root                INFO: Train: Epoch 160: train loss 0.0000
2022-01-20 15:50:33,436 root                INFO: Train: Epoch 161: train loss 0.0000
2022-01-20 15:50:33,926 root                INFO: Train: Epoch 162: train loss 0.0000
2022-01-20 15:50:34,445 root                INFO: Train: Epoch 163: train loss 0.0000
2022-01-20 15:50:35,026 root                INFO: Train: Epoch 164: train loss 0.0000
2022-01-20 15:50:35,600 root                INFO: Train: Epoch 165: train loss 0.0000
2022-01-20 15:50:36,188 root                INFO: Train: Epoch 166: train loss 0.0000
2022-01-20 15:50:36,744 root                INFO: Train: Epoch 167: train loss 0.0000
2022-01-20 15:50:37,334 root                INFO: Train: Epoch 168: train loss 0.0000
2022-01-20 15:50:37,875 root                INFO: Train: Epoch 169: train loss 0.0000
2022-01-20 15:50:38,407 root                INFO: Train: Epoch 170: train loss 0.0000
2022-01-20 15:50:38,911 root                INFO: Train: Epoch 171: train loss 0.0000
2022-01-20 15:50:39,429 root                INFO: Train: Epoch 172: train loss 0.0000
2022-01-20 15:50:39,980 root                INFO: Train: Epoch 173: train loss 0.0000
2022-01-20 15:50:40,497 root                INFO: Train: Epoch 174: train loss 0.0000
2022-01-20 15:50:40,975 root                INFO: Train: Epoch 175: train loss 0.0000
2022-01-20 15:50:41,446 root                INFO: Train: Epoch 176: train loss 0.0000
2022-01-20 15:50:41,922 root                INFO: Train: Epoch 177: train loss 0.0000
2022-01-20 15:50:42,418 root                INFO: Train: Epoch 178: train loss 0.0000
2022-01-20 15:50:42,964 root                INFO: Train: Epoch 179: train loss 0.0000
2022-01-20 15:50:43,533 root                INFO: Train: Epoch 180: train loss 0.0000
2022-01-20 15:50:44,051 root                INFO: Train: Epoch 181: train loss 0.0000
2022-01-20 15:50:44,579 root                INFO: Train: Epoch 182: train loss 0.0000
2022-01-20 15:50:45,070 root                INFO: Train: Epoch 183: train loss 0.0000
2022-01-20 15:50:45,602 root                INFO: Train: Epoch 184: train loss 0.0000
2022-01-20 15:50:46,154 root                INFO: Train: Epoch 185: train loss 0.0000
2022-01-20 15:50:46,684 root                INFO: Train: Epoch 186: train loss 0.0000
2022-01-20 15:50:47,215 root                INFO: Train: Epoch 187: train loss 0.0000
2022-01-20 15:50:47,807 root                INFO: Train: Epoch 188: train loss 0.0000
2022-01-20 15:50:48,378 root                INFO: Train: Epoch 189: train loss 0.0000
2022-01-20 15:50:48,948 root                INFO: Train: Epoch 190: train loss 0.0015
2022-01-20 15:50:49,478 root                INFO: Train: Epoch 191: train loss 0.0000
2022-01-20 15:50:50,004 root                INFO: Train: Epoch 192: train loss 0.0000
2022-01-20 15:50:50,532 root                INFO: Train: Epoch 193: train loss 0.0000
2022-01-20 15:50:51,050 root                INFO: Train: Epoch 194: train loss 0.0000
2022-01-20 15:50:51,567 root                INFO: Train: Epoch 195: train loss 0.0000
2022-01-20 15:50:52,108 root                INFO: Train: Epoch 196: train loss 0.0000
2022-01-20 15:50:52,655 root                INFO: Train: Epoch 197: train loss 0.0000
2022-01-20 15:50:53,198 root                INFO: Train: Epoch 198: train loss 0.0000
2022-01-20 15:50:53,722 root                INFO: Train: Epoch 199: train loss 0.0000
2022-01-20 15:50:54,260 root                INFO: Train: Epoch 200: train loss 0.0000
2022-01-20 15:51:10,670 root                INFO: Valid: Epoch 200: kendall tau 0.3128; loss 0.04567
2022-01-20 15:51:10,675 root                INFO: Epoch 200: Save checkpoint to nb301_ablation_mask/true/true_0.001/12/21/200.ckpt
2022-01-20 15:51:27,408 root                INFO: [0.0, 0.0, 0.00784313725490196, 0.1245593419506463, 0.306637947914627, 0.6560150375939849, 1.0]
2022-01-20 15:51:27,409 root                INFO: [2216, 2216]
