2022-01-20 15:59:39,728 root                INFO: GPU device = 2
2022-01-20 15:59:39,728 root                INFO: Load pkl cache from nasbench301_train.pkl and nasbench301_valid.pkl
2022-01-20 15:59:40,580 root                INFO: Config: {'arch_network_cfg': {'arch_embedder_cfg': {'take_adj_as_input': True, 'gcn_kwargs': {'residual_only': 2}, 'gcn_out_dims': [64, 64, 64, 64, 64], 'hidden_dim': 32, 'node_dim': 32, 'op_dim': 32, 'use_bn': False, 'final_concat': False, 'other_node_zero': False, 'num_time_steps': 4, 'fb_conversion_dims': [64, 64], 'backward_gcn_out_dims': [64, 64, 64, 64, 64], 'updateopemb_method': 'concat_ofb', 'updateopemb_dims': [64], 'share_skip_and_outskip': True, 'detach_vinfo': False, 'updateopemb_scale': 0.1, 'updateopemb_detach_opemb': True, 'updateopemb_detach_finfo': True, 'mask_nonparametrized_ops': True, 'symmetry_breaking_method': 'param_zs_add', 'concat_param_zs_as_opemb_dimension': 5, 'concat_param_zs_as_opemb_scale': 1.0}, 'arch_embedder_type': 'cellss-fbflow', 'compare_loss_type': 'margin_linear', 'compare_margin': 0.1, 'mlp_dropout': 0.1, 'mlp_hiddens': [200], 'optimizer': {'lr': 0.001, 'type': 'Adam'}, 'scheduler': None}, 'arch_network_type': 'pointwise_comparator', 'batch_size': 128, 'choose_pair_criterion': 'random', 'compare': True, 'compare_threshold': 0.0, 'epochs': 200, 'max_compare_ratio': 16.0}
2022-01-20 15:59:43,753 root                INFO: Combined args: Namespace(arch_network_type='pointwise_comparator', batch_size=128, cfg_file='cfgs/nb301_cfgs/gates_true_masktrue.yaml', choose_pair_criterion='random', compare=True, compare_threshold=0.0, epochs=200, eval_only_last=1, gpu=2, load=None, max_compare_ratio=16.0, num_workers=4, report_freq=200, save_every=200, save_predict=None, seed=202121, test_funcs=None, test_only=False, train_dir='nb301_ablation_mask/true/true_0.05/12/202121', train_pkl='../mynas/data/nasbench-301/nasbench301_train_mtx_12.pkl', train_ratio=0.05, valid_pkl='../mynas/data/nasbench-301/nasbench301_valid_mtx.pkl')
2022-01-20 15:59:43,763 root                INFO: Train dataset ratio: 0.050
2022-01-20 15:59:43,763 root                INFO: Number of architectures: train: 294; valid: 51072
2022-01-20 16:00:00,096 root                INFO: Train: Epoch   1: train loss 0.0995
2022-01-20 16:00:01,113 root                INFO: Train: Epoch   2: train loss 0.0962
2022-01-20 16:00:02,170 root                INFO: Train: Epoch   3: train loss 0.0871
2022-01-20 16:00:03,252 root                INFO: Train: Epoch   4: train loss 0.0687
2022-01-20 16:00:04,278 root                INFO: Train: Epoch   5: train loss 0.0557
2022-01-20 16:00:05,356 root                INFO: Train: Epoch   6: train loss 0.0458
2022-01-20 16:00:06,374 root                INFO: Train: Epoch   7: train loss 0.0411
2022-01-20 16:00:07,404 root                INFO: Train: Epoch   8: train loss 0.0398
2022-01-20 16:00:08,393 root                INFO: Train: Epoch   9: train loss 0.0359
2022-01-20 16:00:09,440 root                INFO: Train: Epoch  10: train loss 0.0323
2022-01-20 16:00:10,462 root                INFO: Train: Epoch  11: train loss 0.0325
2022-01-20 16:00:11,442 root                INFO: Train: Epoch  12: train loss 0.0301
2022-01-20 16:00:12,458 root                INFO: Train: Epoch  13: train loss 0.0325
2022-01-20 16:00:13,483 root                INFO: Train: Epoch  14: train loss 0.0282
2022-01-20 16:00:14,510 root                INFO: Train: Epoch  15: train loss 0.0283
2022-01-20 16:00:15,521 root                INFO: Train: Epoch  16: train loss 0.0273
2022-01-20 16:00:16,515 root                INFO: Train: Epoch  17: train loss 0.0261
2022-01-20 16:00:17,545 root                INFO: Train: Epoch  18: train loss 0.0282
2022-01-20 16:00:18,558 root                INFO: Train: Epoch  19: train loss 0.0256
2022-01-20 16:00:19,576 root                INFO: Train: Epoch  20: train loss 0.0265
2022-01-20 16:00:20,594 root                INFO: Train: Epoch  21: train loss 0.0236
2022-01-20 16:00:21,636 root                INFO: Train: Epoch  22: train loss 0.0250
2022-01-20 16:00:22,695 root                INFO: Train: Epoch  23: train loss 0.0253
2022-01-20 16:00:23,714 root                INFO: Train: Epoch  24: train loss 0.0248
2022-01-20 16:00:24,708 root                INFO: Train: Epoch  25: train loss 0.0233
2022-01-20 16:00:25,724 root                INFO: Train: Epoch  26: train loss 0.0253
2022-01-20 16:00:26,729 root                INFO: Train: Epoch  27: train loss 0.0233
2022-01-20 16:00:27,759 root                INFO: Train: Epoch  28: train loss 0.0218
2022-01-20 16:00:28,764 root                INFO: Train: Epoch  29: train loss 0.0227
2022-01-20 16:00:29,738 root                INFO: Train: Epoch  30: train loss 0.0217
2022-01-20 16:00:30,742 root                INFO: Train: Epoch  31: train loss 0.0225
2022-01-20 16:00:31,751 root                INFO: Train: Epoch  32: train loss 0.0206
2022-01-20 16:00:32,747 root                INFO: Train: Epoch  33: train loss 0.0200
2022-01-20 16:00:33,752 root                INFO: Train: Epoch  34: train loss 0.0214
2022-01-20 16:00:34,723 root                INFO: Train: Epoch  35: train loss 0.0219
2022-01-20 16:00:35,714 root                INFO: Train: Epoch  36: train loss 0.0216
2022-01-20 16:00:36,739 root                INFO: Train: Epoch  37: train loss 0.0211
2022-01-20 16:00:37,760 root                INFO: Train: Epoch  38: train loss 0.0207
2022-01-20 16:00:38,755 root                INFO: Train: Epoch  39: train loss 0.0208
2022-01-20 16:00:39,733 root                INFO: Train: Epoch  40: train loss 0.0213
2022-01-20 16:00:40,757 root                INFO: Train: Epoch  41: train loss 0.0182
2022-01-20 16:00:41,805 root                INFO: Train: Epoch  42: train loss 0.0204
2022-01-20 16:00:42,816 root                INFO: Train: Epoch  43: train loss 0.0198
2022-01-20 16:00:43,824 root                INFO: Train: Epoch  44: train loss 0.0180
2022-01-20 16:00:44,857 root                INFO: Train: Epoch  45: train loss 0.0194
2022-01-20 16:00:45,928 root                INFO: Train: Epoch  46: train loss 0.0192
2022-01-20 16:00:46,981 root                INFO: Train: Epoch  47: train loss 0.0176
2022-01-20 16:00:47,941 root                INFO: Train: Epoch  48: train loss 0.0186
2022-01-20 16:00:48,928 root                INFO: Train: Epoch  49: train loss 0.0178
2022-01-20 16:00:49,955 root                INFO: Train: Epoch  50: train loss 0.0172
2022-01-20 16:00:50,980 root                INFO: Train: Epoch  51: train loss 0.0163
2022-01-20 16:00:51,999 root                INFO: Train: Epoch  52: train loss 0.0169
2022-01-20 16:00:52,969 root                INFO: Train: Epoch  53: train loss 0.0167
2022-01-20 16:00:53,997 root                INFO: Train: Epoch  54: train loss 0.0160
2022-01-20 16:00:55,037 root                INFO: Train: Epoch  55: train loss 0.0168
2022-01-20 16:00:56,061 root                INFO: Train: Epoch  56: train loss 0.0153
2022-01-20 16:00:57,048 root                INFO: Train: Epoch  57: train loss 0.0180
2022-01-20 16:00:58,030 root                INFO: Train: Epoch  58: train loss 0.0146
2022-01-20 16:00:59,049 root                INFO: Train: Epoch  59: train loss 0.0155
2022-01-20 16:01:00,101 root                INFO: Train: Epoch  60: train loss 0.0143
2022-01-20 16:01:01,117 root                INFO: Train: Epoch  61: train loss 0.0148
2022-01-20 16:01:02,145 root                INFO: Train: Epoch  62: train loss 0.0134
2022-01-20 16:01:03,169 root                INFO: Train: Epoch  63: train loss 0.0139
2022-01-20 16:01:04,167 root                INFO: Train: Epoch  64: train loss 0.0135
2022-01-20 16:01:05,196 root                INFO: Train: Epoch  65: train loss 0.0149
2022-01-20 16:01:06,197 root                INFO: Train: Epoch  66: train loss 0.0143
2022-01-20 16:01:07,234 root                INFO: Train: Epoch  67: train loss 0.0138
2022-01-20 16:01:08,279 root                INFO: Train: Epoch  68: train loss 0.0147
2022-01-20 16:01:09,311 root                INFO: Train: Epoch  69: train loss 0.0128
2022-01-20 16:01:10,358 root                INFO: Train: Epoch  70: train loss 0.0139
2022-01-20 16:01:11,366 root                INFO: Train: Epoch  71: train loss 0.0125
2022-01-20 16:01:12,407 root                INFO: Train: Epoch  72: train loss 0.0124
2022-01-20 16:01:13,462 root                INFO: Train: Epoch  73: train loss 0.0143
2022-01-20 16:01:14,511 root                INFO: Train: Epoch  74: train loss 0.0145
2022-01-20 16:01:15,518 root                INFO: Train: Epoch  75: train loss 0.0112
2022-01-20 16:01:16,483 root                INFO: Train: Epoch  76: train loss 0.0153
2022-01-20 16:01:17,523 root                INFO: Train: Epoch  77: train loss 0.0131
2022-01-20 16:01:18,556 root                INFO: Train: Epoch  78: train loss 0.0122
2022-01-20 16:01:19,592 root                INFO: Train: Epoch  79: train loss 0.0126
2022-01-20 16:01:20,583 root                INFO: Train: Epoch  80: train loss 0.0118
2022-01-20 16:01:21,593 root                INFO: Train: Epoch  81: train loss 0.0111
2022-01-20 16:01:22,639 root                INFO: Train: Epoch  82: train loss 0.0114
2022-01-20 16:01:23,639 root                INFO: Train: Epoch  83: train loss 0.0117
2022-01-20 16:01:24,624 root                INFO: Train: Epoch  84: train loss 0.0103
2022-01-20 16:01:25,566 root                INFO: Train: Epoch  85: train loss 0.0116
2022-01-20 16:01:26,566 root                INFO: Train: Epoch  86: train loss 0.0099
2022-01-20 16:01:27,540 root                INFO: Train: Epoch  87: train loss 0.0094
2022-01-20 16:01:28,522 root                INFO: Train: Epoch  88: train loss 0.0101
2022-01-20 16:01:29,480 root                INFO: Train: Epoch  89: train loss 0.0096
2022-01-20 16:01:30,527 root                INFO: Train: Epoch  90: train loss 0.0109
2022-01-20 16:01:31,554 root                INFO: Train: Epoch  91: train loss 0.0097
2022-01-20 16:01:32,583 root                INFO: Train: Epoch  92: train loss 0.0113
2022-01-20 16:01:33,605 root                INFO: Train: Epoch  93: train loss 0.0107
2022-01-20 16:01:34,750 root                INFO: Train: Epoch  94: train loss 0.0084
2022-01-20 16:01:35,951 root                INFO: Train: Epoch  95: train loss 0.0090
2022-01-20 16:01:37,190 root                INFO: Train: Epoch  96: train loss 0.0098
2022-01-20 16:01:38,437 root                INFO: Train: Epoch  97: train loss 0.0097
2022-01-20 16:01:39,651 root                INFO: Train: Epoch  98: train loss 0.0096
2022-01-20 16:01:40,827 root                INFO: Train: Epoch  99: train loss 0.0091
2022-01-20 16:01:41,995 root                INFO: Train: Epoch 100: train loss 0.0104
2022-01-20 16:01:43,117 root                INFO: Train: Epoch 101: train loss 0.0095
2022-01-20 16:01:44,255 root                INFO: Train: Epoch 102: train loss 0.0113
2022-01-20 16:01:45,378 root                INFO: Train: Epoch 103: train loss 0.0094
2022-01-20 16:01:46,533 root                INFO: Train: Epoch 104: train loss 0.0103
2022-01-20 16:01:47,692 root                INFO: Train: Epoch 105: train loss 0.0087
2022-01-20 16:01:48,826 root                INFO: Train: Epoch 106: train loss 0.0096
2022-01-20 16:01:49,959 root                INFO: Train: Epoch 107: train loss 0.0086
2022-01-20 16:01:51,079 root                INFO: Train: Epoch 108: train loss 0.0083
2022-01-20 16:01:52,216 root                INFO: Train: Epoch 109: train loss 0.0091
2022-01-20 16:01:53,353 root                INFO: Train: Epoch 110: train loss 0.0095
2022-01-20 16:01:54,478 root                INFO: Train: Epoch 111: train loss 0.0097
2022-01-20 16:01:55,620 root                INFO: Train: Epoch 112: train loss 0.0095
2022-01-20 16:01:56,775 root                INFO: Train: Epoch 113: train loss 0.0087
2022-01-20 16:01:57,922 root                INFO: Train: Epoch 114: train loss 0.0099
2022-01-20 16:01:59,062 root                INFO: Train: Epoch 115: train loss 0.0108
2022-01-20 16:02:00,220 root                INFO: Train: Epoch 116: train loss 0.0116
2022-01-20 16:02:01,321 root                INFO: Train: Epoch 117: train loss 0.0102
2022-01-20 16:02:02,316 root                INFO: Train: Epoch 118: train loss 0.0118
2022-01-20 16:02:03,332 root                INFO: Train: Epoch 119: train loss 0.0110
2022-01-20 16:02:04,351 root                INFO: Train: Epoch 120: train loss 0.0113
2022-01-20 16:02:05,379 root                INFO: Train: Epoch 121: train loss 0.0112
2022-01-20 16:02:06,384 root                INFO: Train: Epoch 122: train loss 0.0101
2022-01-20 16:02:07,370 root                INFO: Train: Epoch 123: train loss 0.0081
2022-01-20 16:02:08,338 root                INFO: Train: Epoch 124: train loss 0.0100
2022-01-20 16:02:09,362 root                INFO: Train: Epoch 125: train loss 0.0098
2022-01-20 16:02:10,370 root                INFO: Train: Epoch 126: train loss 0.0086
2022-01-20 16:02:11,363 root                INFO: Train: Epoch 127: train loss 0.0079
2022-01-20 16:02:12,360 root                INFO: Train: Epoch 128: train loss 0.0087
2022-01-20 16:02:13,319 root                INFO: Train: Epoch 129: train loss 0.0081
2022-01-20 16:02:14,275 root                INFO: Train: Epoch 130: train loss 0.0079
2022-01-20 16:02:15,269 root                INFO: Train: Epoch 131: train loss 0.0075
2022-01-20 16:02:16,228 root                INFO: Train: Epoch 132: train loss 0.0065
2022-01-20 16:02:17,261 root                INFO: Train: Epoch 133: train loss 0.0077
2022-01-20 16:02:18,237 root                INFO: Train: Epoch 134: train loss 0.0076
2022-01-20 16:02:19,216 root                INFO: Train: Epoch 135: train loss 0.0070
2022-01-20 16:02:20,224 root                INFO: Train: Epoch 136: train loss 0.0083
2022-01-20 16:02:21,205 root                INFO: Train: Epoch 137: train loss 0.0078
2022-01-20 16:02:22,185 root                INFO: Train: Epoch 138: train loss 0.0074
2022-01-20 16:02:23,172 root                INFO: Train: Epoch 139: train loss 0.0073
2022-01-20 16:02:24,264 root                INFO: Train: Epoch 140: train loss 0.0071
2022-01-20 16:02:25,378 root                INFO: Train: Epoch 141: train loss 0.0072
2022-01-20 16:02:26,505 root                INFO: Train: Epoch 142: train loss 0.0076
2022-01-20 16:02:27,580 root                INFO: Train: Epoch 143: train loss 0.0074
2022-01-20 16:02:28,698 root                INFO: Train: Epoch 144: train loss 0.0078
2022-01-20 16:02:29,816 root                INFO: Train: Epoch 145: train loss 0.0063
2022-01-20 16:02:30,922 root                INFO: Train: Epoch 146: train loss 0.0079
2022-01-20 16:02:32,024 root                INFO: Train: Epoch 147: train loss 0.0080
2022-01-20 16:02:33,165 root                INFO: Train: Epoch 148: train loss 0.0072
2022-01-20 16:02:34,296 root                INFO: Train: Epoch 149: train loss 0.0073
2022-01-20 16:02:35,445 root                INFO: Train: Epoch 150: train loss 0.0078
2022-01-20 16:02:36,567 root                INFO: Train: Epoch 151: train loss 0.0065
2022-01-20 16:02:37,713 root                INFO: Train: Epoch 152: train loss 0.0070
2022-01-20 16:02:38,866 root                INFO: Train: Epoch 153: train loss 0.0075
2022-01-20 16:02:40,013 root                INFO: Train: Epoch 154: train loss 0.0065
2022-01-20 16:02:41,121 root                INFO: Train: Epoch 155: train loss 0.0061
2022-01-20 16:02:42,238 root                INFO: Train: Epoch 156: train loss 0.0075
2022-01-20 16:02:43,358 root                INFO: Train: Epoch 157: train loss 0.0055
2022-01-20 16:02:44,445 root                INFO: Train: Epoch 158: train loss 0.0071
2022-01-20 16:02:45,576 root                INFO: Train: Epoch 159: train loss 0.0075
2022-01-20 16:02:46,675 root                INFO: Train: Epoch 160: train loss 0.0070
2022-01-20 16:02:47,781 root                INFO: Train: Epoch 161: train loss 0.0081
2022-01-20 16:02:48,917 root                INFO: Train: Epoch 162: train loss 0.0075
2022-01-20 16:02:50,040 root                INFO: Train: Epoch 163: train loss 0.0067
2022-01-20 16:02:51,201 root                INFO: Train: Epoch 164: train loss 0.0072
2022-01-20 16:02:52,362 root                INFO: Train: Epoch 165: train loss 0.0062
2022-01-20 16:02:53,507 root                INFO: Train: Epoch 166: train loss 0.0059
2022-01-20 16:02:54,679 root                INFO: Train: Epoch 167: train loss 0.0051
2022-01-20 16:02:55,825 root                INFO: Train: Epoch 168: train loss 0.0062
2022-01-20 16:02:56,969 root                INFO: Train: Epoch 169: train loss 0.0067
2022-01-20 16:02:58,094 root                INFO: Train: Epoch 170: train loss 0.0060
2022-01-20 16:02:59,204 root                INFO: Train: Epoch 171: train loss 0.0066
2022-01-20 16:03:00,327 root                INFO: Train: Epoch 172: train loss 0.0076
2022-01-20 16:03:01,412 root                INFO: Train: Epoch 173: train loss 0.0083
2022-01-20 16:03:02,484 root                INFO: Train: Epoch 174: train loss 0.0069
2022-01-20 16:03:03,597 root                INFO: Train: Epoch 175: train loss 0.0070
2022-01-20 16:03:04,702 root                INFO: Train: Epoch 176: train loss 0.0066
2022-01-20 16:03:05,823 root                INFO: Train: Epoch 177: train loss 0.0082
2022-01-20 16:03:06,949 root                INFO: Train: Epoch 178: train loss 0.0062
2022-01-20 16:03:08,054 root                INFO: Train: Epoch 179: train loss 0.0063
2022-01-20 16:03:09,165 root                INFO: Train: Epoch 180: train loss 0.0061
2022-01-20 16:03:10,275 root                INFO: Train: Epoch 181: train loss 0.0067
2022-01-20 16:03:11,367 root                INFO: Train: Epoch 182: train loss 0.0077
2022-01-20 16:03:12,452 root                INFO: Train: Epoch 183: train loss 0.0060
2022-01-20 16:03:13,549 root                INFO: Train: Epoch 184: train loss 0.0066
2022-01-20 16:03:14,668 root                INFO: Train: Epoch 185: train loss 0.0060
2022-01-20 16:03:15,802 root                INFO: Train: Epoch 186: train loss 0.0054
2022-01-20 16:03:16,941 root                INFO: Train: Epoch 187: train loss 0.0058
2022-01-20 16:03:18,066 root                INFO: Train: Epoch 188: train loss 0.0068
2022-01-20 16:03:19,220 root                INFO: Train: Epoch 189: train loss 0.0048
2022-01-20 16:03:20,330 root                INFO: Train: Epoch 190: train loss 0.0054
2022-01-20 16:03:21,478 root                INFO: Train: Epoch 191: train loss 0.0057
2022-01-20 16:03:22,603 root                INFO: Train: Epoch 192: train loss 0.0064
2022-01-20 16:03:23,739 root                INFO: Train: Epoch 193: train loss 0.0075
2022-01-20 16:03:24,874 root                INFO: Train: Epoch 194: train loss 0.0082
2022-01-20 16:03:26,003 root                INFO: Train: Epoch 195: train loss 0.0065
2022-01-20 16:03:27,118 root                INFO: Train: Epoch 196: train loss 0.0072
2022-01-20 16:03:28,242 root                INFO: Train: Epoch 197: train loss 0.0063
2022-01-20 16:03:29,359 root                INFO: Train: Epoch 198: train loss 0.0059
2022-01-20 16:03:30,501 root                INFO: Train: Epoch 199: train loss 0.0060
2022-01-20 16:03:31,627 root                INFO: Train: Epoch 200: train loss 0.0058
2022-01-20 16:03:48,718 root                INFO: Valid: Epoch 200: kendall tau 0.7112; loss 0.2297
2022-01-20 16:03:48,724 root                INFO: Epoch 200: Save checkpoint to nb301_ablation_mask/true/true_0.05/12/202121/200.ckpt
2022-01-20 16:04:05,456 root                INFO: [0.058823529411764705, 0.16862745098039217, 0.24509803921568626, 0.6133960047003525, 0.7652242020755825, 0.8559680451127819, 1.0]
2022-01-20 16:04:05,456 root                INFO: [141, 141]
