2022-01-19 23:16:36,272 root                INFO: GPU device = 7
2022-01-19 23:16:36,272 root                INFO: Load pkl cache from nasbench101.pkl and nasbench101_valid.pkl
2022-01-19 23:16:36,740 root                INFO: Config: {'arch_network_cfg': {'arch_embedder_cfg': {'b_use_bn': False, 'backward_gcn_out_dims': [128, 128, 128, 128, 128], 'concat_param_zs_as_opemb_dimension': 7, 'concat_param_zs_as_opemb_scale': 0.1, 'detach_vinfo': False, 'fb_conversion_dims': [128, 128], 'gcn_kwargs': {'plus_I': True, 'residual_only': 1}, 'gcn_out_dims': [128, 128, 128, 128, 128], 'hid_dim': 96, 'mask_nonparametrized_ops': False, 'node_embedding_dim': 48, 'num_time_steps': 3, 'op_embedding_dim': 48, 'symmetry_breaking_method': 'param_zs_add', 'updateopemb_detach_finfo': True, 'updateopemb_detach_opemb': True, 'updateopemb_dims': [128], 'updateopemb_method': 'concat_ofb', 'updateopemb_scale': 0.1}, 'arch_embedder_type': 'nb101-fbflow', 'compare_loss_type': 'margin_linear', 'compare_margin': 0.1, 'mlp_dropout': 0.1, 'mlp_hiddens': [200], 'optimizer': {'lr': 0.001, 'type': 'Adam'}, 'scheduler': None}, 'batch_size': 512, 'choose_pair_criterion': 'random', 'compare': True, 'compare_threshold': 0.0, 'epochs': 200, 'max_compare_ratio': 4.0}
2022-01-19 23:16:40,701 root                INFO: Combined args: Namespace(batch_size=512, cfg_file='cfgs/nb101_cfgs/gates_true_scale0.1.yaml', choose_pair_criterion='random', compare=True, compare_threshold=0.0, epochs=200, eval_only_last=5, gpu=7, load=None, max_compare_ratio=4.0, num_workers=4, report_freq=200, save_every=200, save_predict=None, seed=21, test_funcs=None, test_only=False, train_dir='nb1shot1_ablation_scale/true/0.1_0.5/123/21', train_pkl='../mynas/data/nasbench-1shot1/nasbench101_train_123.pkl', train_ratio=0.5, valid_pkl='../mynas/data/nasbench-1shot1/nasbench101_valid.pkl')
2022-01-19 23:16:40,708 root                INFO: Train dataset ratio: 0.500
2022-01-19 23:16:40,709 root                INFO: Number of architectures: train: 3645; valid: 7290
2022-01-19 23:16:45,090 root                INFO: Train: Epoch   1: train loss 0.0760
2022-01-19 23:16:47,106 root                INFO: Train: Epoch   2: train loss 0.0539
2022-01-19 23:16:49,295 root                INFO: Train: Epoch   3: train loss 0.0417
2022-01-19 23:16:51,675 root                INFO: Train: Epoch   4: train loss 0.0371
2022-01-19 23:16:53,839 root                INFO: Train: Epoch   5: train loss 0.0324
2022-01-19 23:16:56,173 root                INFO: Train: Epoch   6: train loss 0.0297
2022-01-19 23:16:58,181 root                INFO: Train: Epoch   7: train loss 0.0327
2022-01-19 23:17:00,513 root                INFO: Train: Epoch   8: train loss 0.0294
2022-01-19 23:17:02,855 root                INFO: Train: Epoch   9: train loss 0.0275
2022-01-19 23:17:04,868 root                INFO: Train: Epoch  10: train loss 0.0247
2022-01-19 23:17:07,043 root                INFO: Train: Epoch  11: train loss 0.0232
2022-01-19 23:17:09,208 root                INFO: Train: Epoch  12: train loss 0.0222
2022-01-19 23:17:11,215 root                INFO: Train: Epoch  13: train loss 0.0220
2022-01-19 23:17:13,459 root                INFO: Train: Epoch  14: train loss 0.0218
2022-01-19 23:17:15,623 root                INFO: Train: Epoch  15: train loss 0.0199
2022-01-19 23:17:17,551 root                INFO: Train: Epoch  16: train loss 0.0217
2022-01-19 23:17:19,719 root                INFO: Train: Epoch  17: train loss 0.0200
2022-01-19 23:17:21,521 root                INFO: Train: Epoch  18: train loss 0.0197
2022-01-19 23:17:23,559 root                INFO: Train: Epoch  19: train loss 0.0195
2022-01-19 23:17:25,523 root                INFO: Train: Epoch  20: train loss 0.0199
2022-01-19 23:17:27,316 root                INFO: Train: Epoch  21: train loss 0.0187
2022-01-19 23:17:29,422 root                INFO: Train: Epoch  22: train loss 0.0183
2022-01-19 23:17:31,492 root                INFO: Train: Epoch  23: train loss 0.0179
2022-01-19 23:17:33,403 root                INFO: Train: Epoch  24: train loss 0.0188
2022-01-19 23:17:35,438 root                INFO: Train: Epoch  25: train loss 0.0179
2022-01-19 23:17:37,387 root                INFO: Train: Epoch  26: train loss 0.0182
2022-01-19 23:17:39,462 root                INFO: Train: Epoch  27: train loss 0.0180
2022-01-19 23:17:41,647 root                INFO: Train: Epoch  28: train loss 0.0177
2022-01-19 23:17:43,506 root                INFO: Train: Epoch  29: train loss 0.0177
2022-01-19 23:17:45,577 root                INFO: Train: Epoch  30: train loss 0.0180
2022-01-19 23:17:47,419 root                INFO: Train: Epoch  31: train loss 0.0188
2022-01-19 23:17:49,546 root                INFO: Train: Epoch  32: train loss 0.0170
2022-01-19 23:17:51,631 root                INFO: Train: Epoch  33: train loss 0.0162
2022-01-19 23:17:53,457 root                INFO: Train: Epoch  34: train loss 0.0176
2022-01-19 23:17:55,469 root                INFO: Train: Epoch  35: train loss 0.0166
2022-01-19 23:17:57,354 root                INFO: Train: Epoch  36: train loss 0.0166
2022-01-19 23:17:59,443 root                INFO: Train: Epoch  37: train loss 0.0166
2022-01-19 23:18:01,558 root                INFO: Train: Epoch  38: train loss 0.0166
2022-01-19 23:18:03,560 root                INFO: Train: Epoch  39: train loss 0.0179
2022-01-19 23:18:05,786 root                INFO: Train: Epoch  40: train loss 0.0162
2022-01-19 23:18:07,769 root                INFO: Train: Epoch  41: train loss 0.0149
2022-01-19 23:18:09,855 root                INFO: Train: Epoch  42: train loss 0.0160
2022-01-19 23:18:12,015 root                INFO: Train: Epoch  43: train loss 0.0162
2022-01-19 23:18:14,030 root                INFO: Train: Epoch  44: train loss 0.0168
2022-01-19 23:18:16,279 root                INFO: Train: Epoch  45: train loss 0.0161
2022-01-19 23:18:18,186 root                INFO: Train: Epoch  46: train loss 0.0167
2022-01-19 23:18:20,296 root                INFO: Train: Epoch  47: train loss 0.0156
2022-01-19 23:18:22,384 root                INFO: Train: Epoch  48: train loss 0.0158
2022-01-19 23:18:24,376 root                INFO: Train: Epoch  49: train loss 0.0161
2022-01-19 23:18:26,456 root                INFO: Train: Epoch  50: train loss 0.0159
2022-01-19 23:18:28,400 root                INFO: Train: Epoch  51: train loss 0.0149
2022-01-19 23:18:30,361 root                INFO: Train: Epoch  52: train loss 0.0160
2022-01-19 23:18:32,444 root                INFO: Train: Epoch  53: train loss 0.0157
2022-01-19 23:18:34,247 root                INFO: Train: Epoch  54: train loss 0.0153
2022-01-19 23:18:36,282 root                INFO: Train: Epoch  55: train loss 0.0154
2022-01-19 23:18:38,050 root                INFO: Train: Epoch  56: train loss 0.0152
2022-01-19 23:18:40,068 root                INFO: Train: Epoch  57: train loss 0.0156
2022-01-19 23:18:42,171 root                INFO: Train: Epoch  58: train loss 0.0153
2022-01-19 23:18:44,004 root                INFO: Train: Epoch  59: train loss 0.0147
2022-01-19 23:18:46,156 root                INFO: Train: Epoch  60: train loss 0.0152
2022-01-19 23:18:47,993 root                INFO: Train: Epoch  61: train loss 0.0161
2022-01-19 23:18:49,993 root                INFO: Train: Epoch  62: train loss 0.0177
2022-01-19 23:18:52,046 root                INFO: Train: Epoch  63: train loss 0.0171
2022-01-19 23:18:54,004 root                INFO: Train: Epoch  64: train loss 0.0158
2022-01-19 23:18:56,242 root                INFO: Train: Epoch  65: train loss 0.0157
2022-01-19 23:18:58,179 root                INFO: Train: Epoch  66: train loss 0.0170
2022-01-19 23:19:00,223 root                INFO: Train: Epoch  67: train loss 0.0144
2022-01-19 23:19:02,548 root                INFO: Train: Epoch  68: train loss 0.0154
2022-01-19 23:19:04,443 root                INFO: Train: Epoch  69: train loss 0.0160
2022-01-19 23:19:06,602 root                INFO: Train: Epoch  70: train loss 0.0159
2022-01-19 23:19:08,553 root                INFO: Train: Epoch  71: train loss 0.0161
2022-01-19 23:19:10,572 root                INFO: Train: Epoch  72: train loss 0.0148
2022-01-19 23:19:12,694 root                INFO: Train: Epoch  73: train loss 0.0153
2022-01-19 23:19:14,493 root                INFO: Train: Epoch  74: train loss 0.0150
2022-01-19 23:19:16,527 root                INFO: Train: Epoch  75: train loss 0.0145
2022-01-19 23:19:18,370 root                INFO: Train: Epoch  76: train loss 0.0144
2022-01-19 23:19:20,481 root                INFO: Train: Epoch  77: train loss 0.0148
2022-01-19 23:19:22,668 root                INFO: Train: Epoch  78: train loss 0.0148
2022-01-19 23:19:24,567 root                INFO: Train: Epoch  79: train loss 0.0152
2022-01-19 23:19:26,688 root                INFO: Train: Epoch  80: train loss 0.0146
2022-01-19 23:19:28,503 root                INFO: Train: Epoch  81: train loss 0.0138
2022-01-19 23:19:30,575 root                INFO: Train: Epoch  82: train loss 0.0141
2022-01-19 23:19:32,559 root                INFO: Train: Epoch  83: train loss 0.0146
2022-01-19 23:19:34,497 root                INFO: Train: Epoch  84: train loss 0.0143
2022-01-19 23:19:36,633 root                INFO: Train: Epoch  85: train loss 0.0145
2022-01-19 23:19:38,580 root                INFO: Train: Epoch  86: train loss 0.0148
2022-01-19 23:19:40,667 root                INFO: Train: Epoch  87: train loss 0.0156
2022-01-19 23:19:42,714 root                INFO: Train: Epoch  88: train loss 0.0148
2022-01-19 23:19:44,697 root                INFO: Train: Epoch  89: train loss 0.0142
2022-01-19 23:19:46,846 root                INFO: Train: Epoch  90: train loss 0.0155
2022-01-19 23:19:48,836 root                INFO: Train: Epoch  91: train loss 0.0152
2022-01-19 23:19:50,976 root                INFO: Train: Epoch  92: train loss 0.0151
2022-01-19 23:19:53,245 root                INFO: Train: Epoch  93: train loss 0.0159
2022-01-19 23:19:55,137 root                INFO: Train: Epoch  94: train loss 0.0152
2022-01-19 23:19:57,193 root                INFO: Train: Epoch  95: train loss 0.0145
2022-01-19 23:19:59,152 root                INFO: Train: Epoch  96: train loss 0.0136
2022-01-19 23:20:01,091 root                INFO: Train: Epoch  97: train loss 0.0141
2022-01-19 23:20:03,157 root                INFO: Train: Epoch  98: train loss 0.0139
2022-01-19 23:20:04,927 root                INFO: Train: Epoch  99: train loss 0.0145
2022-01-19 23:20:07,081 root                INFO: Train: Epoch 100: train loss 0.0141
2022-01-19 23:20:09,044 root                INFO: Train: Epoch 101: train loss 0.0140
2022-01-19 23:20:11,078 root                INFO: Train: Epoch 102: train loss 0.0146
2022-01-19 23:20:13,176 root                INFO: Train: Epoch 103: train loss 0.0137
2022-01-19 23:20:15,014 root                INFO: Train: Epoch 104: train loss 0.0137
2022-01-19 23:20:17,090 root                INFO: Train: Epoch 105: train loss 0.0141
2022-01-19 23:20:18,868 root                INFO: Train: Epoch 106: train loss 0.0137
2022-01-19 23:20:20,959 root                INFO: Train: Epoch 107: train loss 0.0130
2022-01-19 23:20:22,959 root                INFO: Train: Epoch 108: train loss 0.0132
2022-01-19 23:20:24,819 root                INFO: Train: Epoch 109: train loss 0.0142
2022-01-19 23:20:26,830 root                INFO: Train: Epoch 110: train loss 0.0148
2022-01-19 23:20:28,697 root                INFO: Train: Epoch 111: train loss 0.0145
2022-01-19 23:20:30,829 root                INFO: Train: Epoch 112: train loss 0.0138
2022-01-19 23:20:32,935 root                INFO: Train: Epoch 113: train loss 0.0144
2022-01-19 23:20:34,855 root                INFO: Train: Epoch 114: train loss 0.0143
2022-01-19 23:20:36,949 root                INFO: Train: Epoch 115: train loss 0.0150
2022-01-19 23:20:38,941 root                INFO: Train: Epoch 116: train loss 0.0141
2022-01-19 23:20:40,988 root                INFO: Train: Epoch 117: train loss 0.0145
2022-01-19 23:20:42,992 root                INFO: Train: Epoch 118: train loss 0.0148
2022-01-19 23:20:44,818 root                INFO: Train: Epoch 119: train loss 0.0147
2022-01-19 23:20:46,814 root                INFO: Train: Epoch 120: train loss 0.0149
2022-01-19 23:20:48,677 root                INFO: Train: Epoch 121: train loss 0.0144
2022-01-19 23:20:50,617 root                INFO: Train: Epoch 122: train loss 0.0139
2022-01-19 23:20:52,744 root                INFO: Train: Epoch 123: train loss 0.0147
2022-01-19 23:20:54,561 root                INFO: Train: Epoch 124: train loss 0.0146
2022-01-19 23:20:56,762 root                INFO: Train: Epoch 125: train loss 0.0138
2022-01-19 23:20:58,921 root                INFO: Train: Epoch 126: train loss 0.0143
2022-01-19 23:21:00,844 root                INFO: Train: Epoch 127: train loss 0.0140
2022-01-19 23:21:02,919 root                INFO: Train: Epoch 128: train loss 0.0137
2022-01-19 23:21:04,827 root                INFO: Train: Epoch 129: train loss 0.0137
2022-01-19 23:21:06,932 root                INFO: Train: Epoch 130: train loss 0.0141
2022-01-19 23:21:08,699 root                INFO: Train: Epoch 131: train loss 0.0140
2022-01-19 23:21:10,705 root                INFO: Train: Epoch 132: train loss 0.0136
2022-01-19 23:21:12,738 root                INFO: Train: Epoch 133: train loss 0.0134
2022-01-19 23:21:14,591 root                INFO: Train: Epoch 134: train loss 0.0131
2022-01-19 23:21:16,718 root                INFO: Train: Epoch 135: train loss 0.0140
2022-01-19 23:21:18,747 root                INFO: Train: Epoch 136: train loss 0.0135
2022-01-19 23:21:20,575 root                INFO: Train: Epoch 137: train loss 0.0138
2022-01-19 23:21:22,553 root                INFO: Train: Epoch 138: train loss 0.0136
2022-01-19 23:21:24,433 root                INFO: Train: Epoch 139: train loss 0.0141
2022-01-19 23:21:26,485 root                INFO: Train: Epoch 140: train loss 0.0126
2022-01-19 23:21:28,574 root                INFO: Train: Epoch 141: train loss 0.0137
2022-01-19 23:21:30,431 root                INFO: Train: Epoch 142: train loss 0.0137
2022-01-19 23:21:32,569 root                INFO: Train: Epoch 143: train loss 0.0138
2022-01-19 23:21:34,447 root                INFO: Train: Epoch 144: train loss 0.0146
2022-01-19 23:21:36,420 root                INFO: Train: Epoch 145: train loss 0.0138
2022-01-19 23:21:38,555 root                INFO: Train: Epoch 146: train loss 0.0145
2022-01-19 23:21:40,358 root                INFO: Train: Epoch 147: train loss 0.0147
2022-01-19 23:21:42,440 root                INFO: Train: Epoch 148: train loss 0.0139
2022-01-19 23:21:44,255 root                INFO: Train: Epoch 149: train loss 0.0137
2022-01-19 23:21:46,463 root                INFO: Train: Epoch 150: train loss 0.0129
2022-01-19 23:21:48,559 root                INFO: Train: Epoch 151: train loss 0.0135
2022-01-19 23:21:50,613 root                INFO: Train: Epoch 152: train loss 0.0136
2022-01-19 23:21:52,747 root                INFO: Train: Epoch 153: train loss 0.0136
2022-01-19 23:21:54,681 root                INFO: Train: Epoch 154: train loss 0.0147
2022-01-19 23:21:56,879 root                INFO: Train: Epoch 155: train loss 0.0147
2022-01-19 23:21:58,995 root                INFO: Train: Epoch 156: train loss 0.0141
2022-01-19 23:22:00,904 root                INFO: Train: Epoch 157: train loss 0.0132
2022-01-19 23:22:03,006 root                INFO: Train: Epoch 158: train loss 0.0136
2022-01-19 23:22:04,859 root                INFO: Train: Epoch 159: train loss 0.0136
2022-01-19 23:22:06,851 root                INFO: Train: Epoch 160: train loss 0.0128
2022-01-19 23:22:08,817 root                INFO: Train: Epoch 161: train loss 0.0126
2022-01-19 23:22:10,744 root                INFO: Train: Epoch 162: train loss 0.0129
2022-01-19 23:22:12,770 root                INFO: Train: Epoch 163: train loss 0.0139
2022-01-19 23:22:14,756 root                INFO: Train: Epoch 164: train loss 0.0131
2022-01-19 23:22:16,856 root                INFO: Train: Epoch 165: train loss 0.0135
2022-01-19 23:22:18,966 root                INFO: Train: Epoch 166: train loss 0.0125
2022-01-19 23:22:20,954 root                INFO: Train: Epoch 167: train loss 0.0137
2022-01-19 23:22:23,177 root                INFO: Train: Epoch 168: train loss 0.0126
2022-01-19 23:22:25,202 root                INFO: Train: Epoch 169: train loss 0.0134
2022-01-19 23:22:27,325 root                INFO: Train: Epoch 170: train loss 0.0132
2022-01-19 23:22:29,637 root                INFO: Train: Epoch 171: train loss 0.0127
2022-01-19 23:22:31,647 root                INFO: Train: Epoch 172: train loss 0.0129
2022-01-19 23:22:33,877 root                INFO: Train: Epoch 173: train loss 0.0127
2022-01-19 23:22:36,038 root                INFO: Train: Epoch 174: train loss 0.0136
2022-01-19 23:22:38,162 root                INFO: Train: Epoch 175: train loss 0.0128
2022-01-19 23:22:40,497 root                INFO: Train: Epoch 176: train loss 0.0127
2022-01-19 23:22:42,514 root                INFO: Train: Epoch 177: train loss 0.0130
2022-01-19 23:22:44,742 root                INFO: Train: Epoch 178: train loss 0.0128
2022-01-19 23:22:46,739 root                INFO: Train: Epoch 179: train loss 0.0132
2022-01-19 23:22:48,802 root                INFO: Train: Epoch 180: train loss 0.0137
2022-01-19 23:22:51,018 root                INFO: Train: Epoch 181: train loss 0.0134
2022-01-19 23:22:52,966 root                INFO: Train: Epoch 182: train loss 0.0133
2022-01-19 23:22:55,106 root                INFO: Train: Epoch 183: train loss 0.0136
2022-01-19 23:22:57,003 root                INFO: Train: Epoch 184: train loss 0.0129
2022-01-19 23:22:59,017 root                INFO: Train: Epoch 185: train loss 0.0128
2022-01-19 23:23:01,101 root                INFO: Train: Epoch 186: train loss 0.0134
2022-01-19 23:23:02,867 root                INFO: Train: Epoch 187: train loss 0.0134
2022-01-19 23:23:04,995 root                INFO: Train: Epoch 188: train loss 0.0131
2022-01-19 23:23:07,078 root                INFO: Train: Epoch 189: train loss 0.0128
2022-01-19 23:23:09,043 root                INFO: Train: Epoch 190: train loss 0.0134
2022-01-19 23:23:11,134 root                INFO: Train: Epoch 191: train loss 0.0122
2022-01-19 23:23:13,058 root                INFO: Train: Epoch 192: train loss 0.0130
2022-01-19 23:23:15,134 root                INFO: Train: Epoch 193: train loss 0.0129
2022-01-19 23:23:17,216 root                INFO: Train: Epoch 194: train loss 0.0126
2022-01-19 23:23:19,070 root                INFO: Train: Epoch 195: train loss 0.0128
2022-01-19 23:23:21,097 root                INFO: Train: Epoch 196: train loss 0.0132
2022-01-19 23:23:23,026 root                INFO: Valid: Epoch 196: kendall tau 0.8270; loss 0.2609
2022-01-19 23:23:25,139 root                INFO: Train: Epoch 197: train loss 0.0139
2022-01-19 23:23:27,121 root                INFO: Valid: Epoch 197: kendall tau 0.8008; loss 0.2483
2022-01-19 23:23:29,222 root                INFO: Train: Epoch 198: train loss 0.0126
2022-01-19 23:23:31,108 root                INFO: Valid: Epoch 198: kendall tau 0.8153; loss 0.2525
2022-01-19 23:23:32,996 root                INFO: Train: Epoch 199: train loss 0.0129
2022-01-19 23:23:34,936 root                INFO: Valid: Epoch 199: kendall tau 0.8164; loss 0.2536
2022-01-19 23:23:36,876 root                INFO: Train: Epoch 200: train loss 0.0128
2022-01-19 23:23:38,676 root                INFO: Valid: Epoch 200: kendall tau 0.8086; loss 0.2494
2022-01-19 23:23:38,682 root                INFO: Epoch 200: Save checkpoint to nb1shot1_ablation_scale/true/0.1_0.5/123/21/200.ckpt
2022-01-19 23:23:40,596 root                INFO: [0.14285714285714285, 0.5277777777777778, 0.5694444444444444, 0.6538461538461539, 0.7681755829903978, 0.9102880658436214, 1.0]
2022-01-19 23:23:40,596 root                INFO: [2, 2]
