2022-01-21 17:42:02,108 root                INFO: GPU device = 1
2022-01-21 17:42:02,108 root                INFO: Load pkl cache from nasbench301_train.pkl and nasbench301_valid.pkl
2022-01-21 17:42:02,668 root                INFO: Config: {'arch_network_cfg': {'arch_embedder_cfg': {'take_adj_as_input': True, 'gcn_kwargs': {'residual_only': 2}, 'gcn_out_dims': [64, 64, 64, 64, 64], 'hidden_dim': 32, 'node_dim': 32, 'op_dim': 32, 'use_bn': False, 'final_concat': False, 'other_node_zero': False, 'num_time_steps': 2, 'fb_conversion_dims': [64, 64], 'backward_gcn_out_dims': [64, 64, 64, 64, 64], 'updateopemb_method': 'concat_ofb', 'updateopemb_dims': [64], 'share_skip_and_outskip': True, 'detach_vinfo': False, 'updateopemb_scale': 0.1, 'updateopemb_detach_opemb': True, 'updateopemb_detach_finfo': True, 'mask_nonparametrized_ops': True, 'symmetry_breaking_method': 'param_zs_add', 'concat_param_zs_as_opemb_dimension': 5, 'concat_param_zs_as_opemb_scale': 1.0}, 'arch_embedder_type': 'cellss-fbflow-anytime', 'compare_loss_type': 'margin_linear', 'compare_margin': 0.1, 'mlp_dropout': 0.1, 'mlp_hiddens': [200], 'mlp_out_dim': 1, 'optimizer': {'lr': 0.001, 'type': 'Adam'}, 'scheduler': None}, 'arch_network_type': 'pointwise_comparator', 'batch_size': 128, 'choose_pair_criterion': 'random', 'compare': False, 'compare_threshold': 0.0, 'epochs': 200, 'max_compare_ratio': 16.0}
2022-01-21 17:42:06,437 root                INFO: Combined args: Namespace(arch_network_type='pointwise_comparator', batch_size=128, cfg_file='cfgs/nb301_cfgs/tagates_anytime.yaml', choose_pair_criterion='random', compare=False, compare_threshold=0.0, epochs=200, eval_only_last=1, gpu=1, load=None, max_compare_ratio=16.0, num_workers=4, report_freq=200, save_every=200, save_predict=None, seed=2021, test_funcs=None, test_only=False, train_dir='nb301_anytime_tagates/tagates_0.1/1/2021', train_pkl='../mynas/data/nasbench-301/nasbench301_train_mtx_anytime_1.pkl', train_ratio=0.1, valid_pkl='../mynas/data/nasbench-301/nasbench301_valid_mtx_anytime.pkl')
2022-01-21 17:42:06,444 root                INFO: Train dataset ratio: 0.100
2022-01-21 17:42:06,445 root                INFO: Number of architectures: train: 589; valid: 51072
2022-01-21 17:42:20,059 root                INFO: Train: Epoch   1: train loss 0.3093
2022-01-21 17:42:20,809 root                INFO: Train: Epoch   2: train loss 0.1939
2022-01-21 17:42:21,562 root                INFO: Train: Epoch   3: train loss 0.0198
2022-01-21 17:42:22,311 root                INFO: Train: Epoch   4: train loss 0.0158
2022-01-21 17:42:23,050 root                INFO: Train: Epoch   5: train loss 0.0183
2022-01-21 17:42:23,828 root                INFO: Train: Epoch   6: train loss 0.0184
2022-01-21 17:42:24,577 root                INFO: Train: Epoch   7: train loss 0.0184
2022-01-21 17:42:25,308 root                INFO: Train: Epoch   8: train loss 0.0184
2022-01-21 17:42:26,035 root                INFO: Train: Epoch   9: train loss 0.0184
2022-01-21 17:42:26,793 root                INFO: Train: Epoch  10: train loss 0.0184
2022-01-21 17:42:27,530 root                INFO: Train: Epoch  11: train loss 0.0184
2022-01-21 17:42:28,234 root                INFO: Train: Epoch  12: train loss 0.0184
2022-01-21 17:42:28,961 root                INFO: Train: Epoch  13: train loss 0.0184
2022-01-21 17:42:29,698 root                INFO: Train: Epoch  14: train loss 0.0184
2022-01-21 17:42:30,462 root                INFO: Train: Epoch  15: train loss 0.0184
2022-01-21 17:42:31,197 root                INFO: Train: Epoch  16: train loss 0.0184
2022-01-21 17:42:31,926 root                INFO: Train: Epoch  17: train loss 0.0184
2022-01-21 17:42:32,649 root                INFO: Train: Epoch  18: train loss 0.0184
2022-01-21 17:42:33,412 root                INFO: Train: Epoch  19: train loss 0.0184
2022-01-21 17:42:34,147 root                INFO: Train: Epoch  20: train loss 0.0184
2022-01-21 17:42:34,861 root                INFO: Train: Epoch  21: train loss 0.0184
2022-01-21 17:42:35,587 root                INFO: Train: Epoch  22: train loss 0.0184
2022-01-21 17:42:36,322 root                INFO: Train: Epoch  23: train loss 0.0184
2022-01-21 17:42:37,029 root                INFO: Train: Epoch  24: train loss 0.0183
2022-01-21 17:42:37,768 root                INFO: Train: Epoch  25: train loss 0.0181
2022-01-21 17:42:38,547 root                INFO: Train: Epoch  26: train loss 0.0145
2022-01-21 17:42:39,283 root                INFO: Train: Epoch  27: train loss 0.0130
2022-01-21 17:42:40,012 root                INFO: Train: Epoch  28: train loss 0.0129
2022-01-21 17:42:40,715 root                INFO: Train: Epoch  29: train loss 0.0099
2022-01-21 17:42:41,444 root                INFO: Train: Epoch  30: train loss 0.0084
2022-01-21 17:42:42,192 root                INFO: Train: Epoch  31: train loss 0.0068
2022-01-21 17:42:42,901 root                INFO: Train: Epoch  32: train loss 0.0048
2022-01-21 17:42:43,609 root                INFO: Train: Epoch  33: train loss 0.0022
2022-01-21 17:42:44,332 root                INFO: Train: Epoch  34: train loss 0.0021
2022-01-21 17:42:45,060 root                INFO: Train: Epoch  35: train loss 0.0015
2022-01-21 17:42:45,784 root                INFO: Train: Epoch  36: train loss 0.0014
2022-01-21 17:42:46,509 root                INFO: Train: Epoch  37: train loss 0.0012
2022-01-21 17:42:47,234 root                INFO: Train: Epoch  38: train loss 0.0012
2022-01-21 17:42:47,968 root                INFO: Train: Epoch  39: train loss 0.0010
2022-01-21 17:42:48,715 root                INFO: Train: Epoch  40: train loss 0.0010
2022-01-21 17:42:49,427 root                INFO: Train: Epoch  41: train loss 0.0010
2022-01-21 17:42:50,169 root                INFO: Train: Epoch  42: train loss 0.0009
2022-01-21 17:42:51,043 root                INFO: Train: Epoch  43: train loss 0.0008
2022-01-21 17:42:51,798 root                INFO: Train: Epoch  44: train loss 0.0007
2022-01-21 17:42:52,522 root                INFO: Train: Epoch  45: train loss 0.0007
2022-01-21 17:42:53,257 root                INFO: Train: Epoch  46: train loss 0.0007
2022-01-21 17:42:53,961 root                INFO: Train: Epoch  47: train loss 0.0006
2022-01-21 17:42:54,669 root                INFO: Train: Epoch  48: train loss 0.0006
2022-01-21 17:42:55,386 root                INFO: Train: Epoch  49: train loss 0.0005
2022-01-21 17:42:56,112 root                INFO: Train: Epoch  50: train loss 0.0005
2022-01-21 17:42:56,838 root                INFO: Train: Epoch  51: train loss 0.0005
2022-01-21 17:42:57,631 root                INFO: Train: Epoch  52: train loss 0.0005
2022-01-21 17:42:58,414 root                INFO: Train: Epoch  53: train loss 0.0005
2022-01-21 17:42:59,181 root                INFO: Train: Epoch  54: train loss 0.0004
2022-01-21 17:42:59,931 root                INFO: Train: Epoch  55: train loss 0.0004
2022-01-21 17:43:00,643 root                INFO: Train: Epoch  56: train loss 0.0004
2022-01-21 17:43:01,382 root                INFO: Train: Epoch  57: train loss 0.0003
2022-01-21 17:43:02,164 root                INFO: Train: Epoch  58: train loss 0.0004
2022-01-21 17:43:02,953 root                INFO: Train: Epoch  59: train loss 0.0003
2022-01-21 17:43:03,699 root                INFO: Train: Epoch  60: train loss 0.0003
2022-01-21 17:43:04,457 root                INFO: Train: Epoch  61: train loss 0.0003
2022-01-21 17:43:05,198 root                INFO: Train: Epoch  62: train loss 0.0003
2022-01-21 17:43:05,955 root                INFO: Train: Epoch  63: train loss 0.0003
2022-01-21 17:43:06,659 root                INFO: Train: Epoch  64: train loss 0.0003
2022-01-21 17:43:07,405 root                INFO: Train: Epoch  65: train loss 0.0003
2022-01-21 17:43:08,129 root                INFO: Train: Epoch  66: train loss 0.0003
2022-01-21 17:43:08,842 root                INFO: Train: Epoch  67: train loss 0.0003
2022-01-21 17:43:09,581 root                INFO: Train: Epoch  68: train loss 0.0003
2022-01-21 17:43:10,335 root                INFO: Train: Epoch  69: train loss 0.0003
2022-01-21 17:43:11,080 root                INFO: Train: Epoch  70: train loss 0.0003
2022-01-21 17:43:11,807 root                INFO: Train: Epoch  71: train loss 0.0003
2022-01-21 17:43:12,564 root                INFO: Train: Epoch  72: train loss 0.0003
2022-01-21 17:43:13,312 root                INFO: Train: Epoch  73: train loss 0.0003
2022-01-21 17:43:14,080 root                INFO: Train: Epoch  74: train loss 0.0003
2022-01-21 17:43:14,832 root                INFO: Train: Epoch  75: train loss 0.0003
2022-01-21 17:43:15,579 root                INFO: Train: Epoch  76: train loss 0.0003
2022-01-21 17:43:16,344 root                INFO: Train: Epoch  77: train loss 0.0003
2022-01-21 17:43:17,097 root                INFO: Train: Epoch  78: train loss 0.0003
2022-01-21 17:43:17,875 root                INFO: Train: Epoch  79: train loss 0.0003
2022-01-21 17:43:18,618 root                INFO: Train: Epoch  80: train loss 0.0003
2022-01-21 17:43:19,373 root                INFO: Train: Epoch  81: train loss 0.0003
2022-01-21 17:43:20,135 root                INFO: Train: Epoch  82: train loss 0.0003
2022-01-21 17:43:20,863 root                INFO: Train: Epoch  83: train loss 0.0003
2022-01-21 17:43:21,602 root                INFO: Train: Epoch  84: train loss 0.0002
2022-01-21 17:43:22,361 root                INFO: Train: Epoch  85: train loss 0.0003
2022-01-21 17:43:23,101 root                INFO: Train: Epoch  86: train loss 0.0003
2022-01-21 17:43:23,833 root                INFO: Train: Epoch  87: train loss 0.0002
2022-01-21 17:43:24,554 root                INFO: Train: Epoch  88: train loss 0.0003
2022-01-21 17:43:25,299 root                INFO: Train: Epoch  89: train loss 0.0003
2022-01-21 17:43:26,005 root                INFO: Train: Epoch  90: train loss 0.0002
2022-01-21 17:43:26,732 root                INFO: Train: Epoch  91: train loss 0.0003
2022-01-21 17:43:27,446 root                INFO: Train: Epoch  92: train loss 0.0002
2022-01-21 17:43:28,197 root                INFO: Train: Epoch  93: train loss 0.0002
2022-01-21 17:43:28,935 root                INFO: Train: Epoch  94: train loss 0.0003
2022-01-21 17:43:29,653 root                INFO: Train: Epoch  95: train loss 0.0003
2022-01-21 17:43:30,407 root                INFO: Train: Epoch  96: train loss 0.0003
2022-01-21 17:43:31,139 root                INFO: Train: Epoch  97: train loss 0.0002
2022-01-21 17:43:31,873 root                INFO: Train: Epoch  98: train loss 0.0002
2022-01-21 17:43:32,606 root                INFO: Train: Epoch  99: train loss 0.0002
2022-01-21 17:43:33,343 root                INFO: Train: Epoch 100: train loss 0.0002
2022-01-21 17:43:34,080 root                INFO: Train: Epoch 101: train loss 0.0002
2022-01-21 17:43:34,788 root                INFO: Train: Epoch 102: train loss 0.0002
2022-01-21 17:43:35,526 root                INFO: Train: Epoch 103: train loss 0.0002
2022-01-21 17:43:36,267 root                INFO: Train: Epoch 104: train loss 0.0002
2022-01-21 17:43:37,017 root                INFO: Train: Epoch 105: train loss 0.0002
2022-01-21 17:43:37,778 root                INFO: Train: Epoch 106: train loss 0.0002
2022-01-21 17:43:38,538 root                INFO: Train: Epoch 107: train loss 0.0002
2022-01-21 17:43:39,276 root                INFO: Train: Epoch 108: train loss 0.0002
2022-01-21 17:43:40,008 root                INFO: Train: Epoch 109: train loss 0.0002
2022-01-21 17:43:40,750 root                INFO: Train: Epoch 110: train loss 0.0002
2022-01-21 17:43:41,473 root                INFO: Train: Epoch 111: train loss 0.0002
2022-01-21 17:43:42,211 root                INFO: Train: Epoch 112: train loss 0.0002
2022-01-21 17:43:42,931 root                INFO: Train: Epoch 113: train loss 0.0002
2022-01-21 17:43:43,667 root                INFO: Train: Epoch 114: train loss 0.0002
2022-01-21 17:43:44,370 root                INFO: Train: Epoch 115: train loss 0.0002
2022-01-21 17:43:45,088 root                INFO: Train: Epoch 116: train loss 0.0002
2022-01-21 17:43:45,802 root                INFO: Train: Epoch 117: train loss 0.0002
2022-01-21 17:43:46,509 root                INFO: Train: Epoch 118: train loss 0.0002
2022-01-21 17:43:47,235 root                INFO: Train: Epoch 119: train loss 0.0002
2022-01-21 17:43:47,958 root                INFO: Train: Epoch 120: train loss 0.0002
2022-01-21 17:43:48,729 root                INFO: Train: Epoch 121: train loss 0.0002
2022-01-21 17:43:49,465 root                INFO: Train: Epoch 122: train loss 0.0003
2022-01-21 17:43:50,161 root                INFO: Train: Epoch 123: train loss 0.0002
2022-01-21 17:43:50,858 root                INFO: Train: Epoch 124: train loss 0.0002
2022-01-21 17:43:51,578 root                INFO: Train: Epoch 125: train loss 0.0002
2022-01-21 17:43:52,291 root                INFO: Train: Epoch 126: train loss 0.0002
2022-01-21 17:43:52,995 root                INFO: Train: Epoch 127: train loss 0.0002
2022-01-21 17:43:53,696 root                INFO: Train: Epoch 128: train loss 0.0002
2022-01-21 17:43:54,414 root                INFO: Train: Epoch 129: train loss 0.0002
2022-01-21 17:43:55,119 root                INFO: Train: Epoch 130: train loss 0.0002
2022-01-21 17:43:55,835 root                INFO: Train: Epoch 131: train loss 0.0002
2022-01-21 17:43:56,545 root                INFO: Train: Epoch 132: train loss 0.0002
2022-01-21 17:43:57,257 root                INFO: Train: Epoch 133: train loss 0.0002
2022-01-21 17:43:57,953 root                INFO: Train: Epoch 134: train loss 0.0002
2022-01-21 17:43:58,655 root                INFO: Train: Epoch 135: train loss 0.0002
2022-01-21 17:43:59,364 root                INFO: Train: Epoch 136: train loss 0.0002
2022-01-21 17:44:00,081 root                INFO: Train: Epoch 137: train loss 0.0002
2022-01-21 17:44:00,774 root                INFO: Train: Epoch 138: train loss 0.0002
2022-01-21 17:44:01,488 root                INFO: Train: Epoch 139: train loss 0.0002
2022-01-21 17:44:02,227 root                INFO: Train: Epoch 140: train loss 0.0002
2022-01-21 17:44:02,948 root                INFO: Train: Epoch 141: train loss 0.0002
2022-01-21 17:44:03,685 root                INFO: Train: Epoch 142: train loss 0.0002
2022-01-21 17:44:04,401 root                INFO: Train: Epoch 143: train loss 0.0002
2022-01-21 17:44:05,103 root                INFO: Train: Epoch 144: train loss 0.0002
2022-01-21 17:44:05,829 root                INFO: Train: Epoch 145: train loss 0.0002
2022-01-21 17:44:06,548 root                INFO: Train: Epoch 146: train loss 0.0002
2022-01-21 17:44:07,227 root                INFO: Train: Epoch 147: train loss 0.0002
2022-01-21 17:44:07,944 root                INFO: Train: Epoch 148: train loss 0.0002
2022-01-21 17:44:08,630 root                INFO: Train: Epoch 149: train loss 0.0002
2022-01-21 17:44:09,294 root                INFO: Train: Epoch 150: train loss 0.0002
2022-01-21 17:44:09,987 root                INFO: Train: Epoch 151: train loss 0.0002
2022-01-21 17:44:10,690 root                INFO: Train: Epoch 152: train loss 0.0002
2022-01-21 17:44:11,381 root                INFO: Train: Epoch 153: train loss 0.0002
2022-01-21 17:44:12,102 root                INFO: Train: Epoch 154: train loss 0.0002
2022-01-21 17:44:12,772 root                INFO: Train: Epoch 155: train loss 0.0002
2022-01-21 17:44:13,447 root                INFO: Train: Epoch 156: train loss 0.0002
2022-01-21 17:44:14,131 root                INFO: Train: Epoch 157: train loss 0.0001
2022-01-21 17:44:14,835 root                INFO: Train: Epoch 158: train loss 0.0002
2022-01-21 17:44:15,510 root                INFO: Train: Epoch 159: train loss 0.0002
2022-01-21 17:44:16,184 root                INFO: Train: Epoch 160: train loss 0.0002
2022-01-21 17:44:16,871 root                INFO: Train: Epoch 161: train loss 0.0002
2022-01-21 17:44:17,547 root                INFO: Train: Epoch 162: train loss 0.0002
2022-01-21 17:44:18,224 root                INFO: Train: Epoch 163: train loss 0.0002
2022-01-21 17:44:18,925 root                INFO: Train: Epoch 164: train loss 0.0002
2022-01-21 17:44:19,638 root                INFO: Train: Epoch 165: train loss 0.0002
2022-01-21 17:44:20,347 root                INFO: Train: Epoch 166: train loss 0.0002
2022-01-21 17:44:21,056 root                INFO: Train: Epoch 167: train loss 0.0002
2022-01-21 17:44:21,741 root                INFO: Train: Epoch 168: train loss 0.0002
2022-01-21 17:44:22,435 root                INFO: Train: Epoch 169: train loss 0.0002
2022-01-21 17:44:23,099 root                INFO: Train: Epoch 170: train loss 0.0002
2022-01-21 17:44:23,746 root                INFO: Train: Epoch 171: train loss 0.0002
2022-01-21 17:44:24,392 root                INFO: Train: Epoch 172: train loss 0.0002
2022-01-21 17:44:25,037 root                INFO: Train: Epoch 173: train loss 0.0002
2022-01-21 17:44:25,675 root                INFO: Train: Epoch 174: train loss 0.0002
2022-01-21 17:44:26,335 root                INFO: Train: Epoch 175: train loss 0.0002
2022-01-21 17:44:26,982 root                INFO: Train: Epoch 176: train loss 0.0002
2022-01-21 17:44:27,753 root                INFO: Train: Epoch 177: train loss 0.0002
2022-01-21 17:44:28,433 root                INFO: Train: Epoch 178: train loss 0.0002
2022-01-21 17:44:29,097 root                INFO: Train: Epoch 179: train loss 0.0002
2022-01-21 17:44:29,744 root                INFO: Train: Epoch 180: train loss 0.0002
2022-01-21 17:44:30,386 root                INFO: Train: Epoch 181: train loss 0.0002
2022-01-21 17:44:31,060 root                INFO: Train: Epoch 182: train loss 0.0002
2022-01-21 17:44:31,754 root                INFO: Train: Epoch 183: train loss 0.0002
2022-01-21 17:44:32,423 root                INFO: Train: Epoch 184: train loss 0.0002
2022-01-21 17:44:33,116 root                INFO: Train: Epoch 185: train loss 0.0002
2022-01-21 17:44:33,796 root                INFO: Train: Epoch 186: train loss 0.0001
2022-01-21 17:44:34,483 root                INFO: Train: Epoch 187: train loss 0.0002
2022-01-21 17:44:35,127 root                INFO: Train: Epoch 188: train loss 0.0002
2022-01-21 17:44:35,781 root                INFO: Train: Epoch 189: train loss 0.0002
2022-01-21 17:44:36,450 root                INFO: Train: Epoch 190: train loss 0.0002
2022-01-21 17:44:37,125 root                INFO: Train: Epoch 191: train loss 0.0002
2022-01-21 17:44:37,785 root                INFO: Train: Epoch 192: train loss 0.0002
2022-01-21 17:44:38,470 root                INFO: Train: Epoch 193: train loss 0.0002
2022-01-21 17:44:39,153 root                INFO: Train: Epoch 194: train loss 0.0002
2022-01-21 17:44:39,828 root                INFO: Train: Epoch 195: train loss 0.0002
2022-01-21 17:44:40,521 root                INFO: Train: Epoch 196: train loss 0.0002
2022-01-21 17:44:41,186 root                INFO: Train: Epoch 197: train loss 0.0002
2022-01-21 17:44:41,850 root                INFO: Train: Epoch 198: train loss 0.0002
2022-01-21 17:44:42,502 root                INFO: Train: Epoch 199: train loss 0.0002
2022-01-21 17:44:43,202 root                INFO: Train: Epoch 200: train loss 0.0002
2022-01-21 17:44:57,592 root                INFO: Valid: Epoch 200: kendall tau 0.6875 0.6787; loss 5.732e-05 3.538e-05
2022-01-21 17:44:57,599 root                INFO: Epoch 200: Save checkpoint to nb301_anytime_tagates/tagates_0.1/1/2021/200.ckpt
2022-01-21 17:45:12,257 root                INFO: [0.23529411764705882, 0.403921568627451, 0.5058823529411764, 0.6486486486486487, 0.7219502643430585, 0.8350172305764411, 1.0]
2022-01-21 17:45:12,257 root                INFO: [0.058823529411764705, 0.21176470588235294, 0.3156862745098039, 0.5620838229533882, 0.6784805169375367, 0.8379934210526315, 1.0]
2022-01-21 17:45:12,257 root                INFO: [19, 19]
2022-01-21 17:45:12,257 root                INFO: [61, 61]
2022-01-21 22:19:51,680 root                INFO: GPU device = 7
2022-01-21 22:19:51,681 root                INFO: Load pkl cache from nasbench301_train.pkl and nasbench301_valid.pkl
2022-01-21 22:19:52,328 root                INFO: Config: {'arch_network_cfg': {'arch_embedder_cfg': {'take_adj_as_input': True, 'gcn_kwargs': {'residual_only': 2}, 'gcn_out_dims': [64, 64, 64, 64, 64], 'hidden_dim': 32, 'node_dim': 32, 'op_dim': 32, 'use_bn': False, 'final_concat': False, 'other_node_zero': False, 'num_time_steps': 2, 'fb_conversion_dims': [64, 64], 'backward_gcn_out_dims': [64, 64, 64, 64, 64], 'updateopemb_method': 'concat_ofb', 'updateopemb_dims': [64], 'share_skip_and_outskip': True, 'detach_vinfo': False, 'updateopemb_scale': 0.1, 'updateopemb_detach_opemb': True, 'updateopemb_detach_finfo': True, 'mask_nonparametrized_ops': True, 'symmetry_breaking_method': 'param_zs_add', 'concat_param_zs_as_opemb_dimension': 5, 'concat_param_zs_as_opemb_scale': 1.0}, 'arch_embedder_type': 'cellss-fbflow-anytime', 'compare_loss_type': 'margin_linear', 'compare_margin': 0.1, 'mlp_dropout': 0.1, 'mlp_hiddens': [200], 'mlp_out_dim': 1, 'optimizer': {'lr': 0.0001, 'type': 'Adam'}, 'scheduler': None}, 'arch_network_type': 'pointwise_comparator', 'batch_size': 128, 'choose_pair_criterion': 'random', 'compare': False, 'compare_threshold': 0.0, 'epochs': 200, 'max_compare_ratio': 16.0}
2022-01-21 22:19:56,327 root                INFO: Combined args: Namespace(arch_network_type='pointwise_comparator', batch_size=128, cfg_file='cfgs/nb301_cfgs/tagates_anytime.yaml', choose_pair_criterion='random', compare=False, compare_threshold=0.0, epochs=200, eval_only_last=1, gpu=7, load=None, max_compare_ratio=16.0, num_workers=4, report_freq=200, save_every=200, save_predict=None, seed=2021, test_funcs=None, test_only=False, train_dir='nb301_anytime_tagates/tagates_0.1/1/2021', train_pkl='../mynas/data/nasbench-301/nasbench301_train_mtx_anytime_1.pkl', train_ratio=0.1, valid_pkl='../mynas/data/nasbench-301/nasbench301_valid_mtx_anytime.pkl')
2022-01-21 22:19:56,335 root                INFO: Train dataset ratio: 0.100
2022-01-21 22:19:56,335 root                INFO: Number of architectures: train: 589; valid: 51072
2022-01-21 22:20:10,426 root                INFO: Train: Epoch   1: train loss 0.3283
2022-01-21 22:20:11,353 root                INFO: Train: Epoch   2: train loss 0.3236
2022-01-21 22:20:12,247 root                INFO: Train: Epoch   3: train loss 0.3183
2022-01-21 22:20:13,114 root                INFO: Train: Epoch   4: train loss 0.3116
2022-01-21 22:20:14,019 root                INFO: Train: Epoch   5: train loss 0.3038
2022-01-21 22:20:14,939 root                INFO: Train: Epoch   6: train loss 0.2938
2022-01-21 22:20:15,807 root                INFO: Train: Epoch   7: train loss 0.2811
2022-01-21 22:20:16,668 root                INFO: Train: Epoch   8: train loss 0.2652
2022-01-21 22:20:17,592 root                INFO: Train: Epoch   9: train loss 0.2454
2022-01-21 22:20:18,556 root                INFO: Train: Epoch  10: train loss 0.2203
2022-01-21 22:20:19,388 root                INFO: Train: Epoch  11: train loss 0.1895
2022-01-21 22:20:20,290 root                INFO: Train: Epoch  12: train loss 0.1532
2022-01-21 22:20:21,135 root                INFO: Train: Epoch  13: train loss 0.1128
2022-01-21 22:20:21,969 root                INFO: Train: Epoch  14: train loss 0.0718
2022-01-21 22:20:22,905 root                INFO: Train: Epoch  15: train loss 0.0375
2022-01-21 22:20:23,734 root                INFO: Train: Epoch  16: train loss 0.0146
2022-01-21 22:20:24,517 root                INFO: Train: Epoch  17: train loss 0.0041
2022-01-21 22:20:25,313 root                INFO: Train: Epoch  18: train loss 0.0011
2022-01-21 22:20:26,164 root                INFO: Train: Epoch  19: train loss 0.0012
2022-01-21 22:20:26,999 root                INFO: Train: Epoch  20: train loss 0.0016
2022-01-21 22:20:27,786 root                INFO: Train: Epoch  21: train loss 0.0018
2022-01-21 22:20:28,578 root                INFO: Train: Epoch  22: train loss 0.0017
2022-01-21 22:20:29,348 root                INFO: Train: Epoch  23: train loss 0.0014
2022-01-21 22:20:30,156 root                INFO: Train: Epoch  24: train loss 0.0012
2022-01-21 22:20:30,971 root                INFO: Train: Epoch  25: train loss 0.0009
2022-01-21 22:20:31,856 root                INFO: Train: Epoch  26: train loss 0.0009
2022-01-21 22:20:32,703 root                INFO: Train: Epoch  27: train loss 0.0008
2022-01-21 22:20:33,572 root                INFO: Train: Epoch  28: train loss 0.0008
2022-01-21 22:20:34,442 root                INFO: Train: Epoch  29: train loss 0.0008
2022-01-21 22:20:35,358 root                INFO: Train: Epoch  30: train loss 0.0008
2022-01-21 22:20:36,215 root                INFO: Train: Epoch  31: train loss 0.0008
2022-01-21 22:20:37,099 root                INFO: Train: Epoch  32: train loss 0.0008
2022-01-21 22:20:37,983 root                INFO: Train: Epoch  33: train loss 0.0008
2022-01-21 22:20:38,816 root                INFO: Train: Epoch  34: train loss 0.0008
2022-01-21 22:20:39,653 root                INFO: Train: Epoch  35: train loss 0.0008
2022-01-21 22:20:40,533 root                INFO: Train: Epoch  36: train loss 0.0008
2022-01-21 22:20:41,397 root                INFO: Train: Epoch  37: train loss 0.0008
2022-01-21 22:20:42,285 root                INFO: Train: Epoch  38: train loss 0.0008
2022-01-21 22:20:43,180 root                INFO: Train: Epoch  39: train loss 0.0008
2022-01-21 22:20:44,058 root                INFO: Train: Epoch  40: train loss 0.0008
2022-01-21 22:20:45,033 root                INFO: Train: Epoch  41: train loss 0.0008
2022-01-21 22:20:45,969 root                INFO: Train: Epoch  42: train loss 0.0007
2022-01-21 22:20:47,053 root                INFO: Train: Epoch  43: train loss 0.0007
2022-01-21 22:20:47,835 root                INFO: Train: Epoch  44: train loss 0.0008
2022-01-21 22:20:48,681 root                INFO: Train: Epoch  45: train loss 0.0008
2022-01-21 22:20:49,562 root                INFO: Train: Epoch  46: train loss 0.0008
2022-01-21 22:20:50,435 root                INFO: Train: Epoch  47: train loss 0.0008
2022-01-21 22:20:51,329 root                INFO: Train: Epoch  48: train loss 0.0008
2022-01-21 22:20:52,182 root                INFO: Train: Epoch  49: train loss 0.0008
2022-01-21 22:20:52,997 root                INFO: Train: Epoch  50: train loss 0.0008
2022-01-21 22:20:53,867 root                INFO: Train: Epoch  51: train loss 0.0007
2022-01-21 22:20:54,728 root                INFO: Train: Epoch  52: train loss 0.0008
2022-01-21 22:20:55,644 root                INFO: Train: Epoch  53: train loss 0.0008
2022-01-21 22:20:56,484 root                INFO: Train: Epoch  54: train loss 0.0008
2022-01-21 22:20:57,327 root                INFO: Train: Epoch  55: train loss 0.0007
2022-01-21 22:20:58,182 root                INFO: Train: Epoch  56: train loss 0.0008
2022-01-21 22:20:59,018 root                INFO: Train: Epoch  57: train loss 0.0007
2022-01-21 22:20:59,834 root                INFO: Train: Epoch  58: train loss 0.0007
2022-01-21 22:21:00,691 root                INFO: Train: Epoch  59: train loss 0.0008
2022-01-21 22:21:01,511 root                INFO: Train: Epoch  60: train loss 0.0008
2022-01-21 22:21:02,360 root                INFO: Train: Epoch  61: train loss 0.0008
2022-01-21 22:21:03,170 root                INFO: Train: Epoch  62: train loss 0.0007
2022-01-21 22:21:04,047 root                INFO: Train: Epoch  63: train loss 0.0007
2022-01-21 22:21:04,926 root                INFO: Train: Epoch  64: train loss 0.0007
2022-01-21 22:21:05,840 root                INFO: Train: Epoch  65: train loss 0.0007
2022-01-21 22:21:06,743 root                INFO: Train: Epoch  66: train loss 0.0007
2022-01-21 22:21:07,589 root                INFO: Train: Epoch  67: train loss 0.0007
2022-01-21 22:21:08,421 root                INFO: Train: Epoch  68: train loss 0.0007
2022-01-21 22:21:09,263 root                INFO: Train: Epoch  69: train loss 0.0007
2022-01-21 22:21:10,190 root                INFO: Train: Epoch  70: train loss 0.0007
2022-01-21 22:21:11,058 root                INFO: Train: Epoch  71: train loss 0.0007
2022-01-21 22:21:11,998 root                INFO: Train: Epoch  72: train loss 0.0007
2022-01-21 22:21:12,950 root                INFO: Train: Epoch  73: train loss 0.0008
2022-01-21 22:21:13,836 root                INFO: Train: Epoch  74: train loss 0.0007
2022-01-21 22:21:14,673 root                INFO: Train: Epoch  75: train loss 0.0007
2022-01-21 22:21:15,515 root                INFO: Train: Epoch  76: train loss 0.0007
2022-01-21 22:21:16,369 root                INFO: Train: Epoch  77: train loss 0.0007
2022-01-21 22:21:17,235 root                INFO: Train: Epoch  78: train loss 0.0007
2022-01-21 22:21:18,067 root                INFO: Train: Epoch  79: train loss 0.0007
2022-01-21 22:21:18,891 root                INFO: Train: Epoch  80: train loss 0.0007
2022-01-21 22:21:19,742 root                INFO: Train: Epoch  81: train loss 0.0007
2022-01-21 22:21:20,593 root                INFO: Train: Epoch  82: train loss 0.0007
2022-01-21 22:21:21,469 root                INFO: Train: Epoch  83: train loss 0.0007
2022-01-21 22:21:22,302 root                INFO: Train: Epoch  84: train loss 0.0007
2022-01-21 22:21:23,172 root                INFO: Train: Epoch  85: train loss 0.0007
2022-01-21 22:21:24,161 root                INFO: Train: Epoch  86: train loss 0.0007
2022-01-21 22:21:25,102 root                INFO: Train: Epoch  87: train loss 0.0007
2022-01-21 22:21:25,992 root                INFO: Train: Epoch  88: train loss 0.0007
2022-01-21 22:21:26,832 root                INFO: Train: Epoch  89: train loss 0.0007
2022-01-21 22:21:27,703 root                INFO: Train: Epoch  90: train loss 0.0007
2022-01-21 22:21:28,600 root                INFO: Train: Epoch  91: train loss 0.0007
2022-01-21 22:21:29,458 root                INFO: Train: Epoch  92: train loss 0.0007
2022-01-21 22:21:30,359 root                INFO: Train: Epoch  93: train loss 0.0007
2022-01-21 22:21:31,182 root                INFO: Train: Epoch  94: train loss 0.0007
2022-01-21 22:21:32,033 root                INFO: Train: Epoch  95: train loss 0.0007
2022-01-21 22:21:32,919 root                INFO: Train: Epoch  96: train loss 0.0007
2022-01-21 22:21:33,808 root                INFO: Train: Epoch  97: train loss 0.0007
2022-01-21 22:21:34,702 root                INFO: Train: Epoch  98: train loss 0.0007
2022-01-21 22:21:35,502 root                INFO: Train: Epoch  99: train loss 0.0007
2022-01-21 22:21:36,355 root                INFO: Train: Epoch 100: train loss 0.0007
2022-01-21 22:21:37,199 root                INFO: Train: Epoch 101: train loss 0.0006
2022-01-21 22:21:38,013 root                INFO: Train: Epoch 102: train loss 0.0007
2022-01-21 22:21:38,881 root                INFO: Train: Epoch 103: train loss 0.0007
2022-01-21 22:21:39,722 root                INFO: Train: Epoch 104: train loss 0.0007
2022-01-21 22:21:40,534 root                INFO: Train: Epoch 105: train loss 0.0007
2022-01-21 22:21:41,338 root                INFO: Train: Epoch 106: train loss 0.0006
2022-01-21 22:21:42,165 root                INFO: Train: Epoch 107: train loss 0.0007
2022-01-21 22:21:43,010 root                INFO: Train: Epoch 108: train loss 0.0007
2022-01-21 22:21:43,808 root                INFO: Train: Epoch 109: train loss 0.0007
2022-01-21 22:21:44,616 root                INFO: Train: Epoch 110: train loss 0.0006
2022-01-21 22:21:45,394 root                INFO: Train: Epoch 111: train loss 0.0006
2022-01-21 22:21:46,198 root                INFO: Train: Epoch 112: train loss 0.0006
2022-01-21 22:21:46,998 root                INFO: Train: Epoch 113: train loss 0.0006
2022-01-21 22:21:47,833 root                INFO: Train: Epoch 114: train loss 0.0006
2022-01-21 22:21:48,611 root                INFO: Train: Epoch 115: train loss 0.0006
2022-01-21 22:21:49,456 root                INFO: Train: Epoch 116: train loss 0.0006
2022-01-21 22:21:50,256 root                INFO: Train: Epoch 117: train loss 0.0006
2022-01-21 22:21:51,077 root                INFO: Train: Epoch 118: train loss 0.0006
2022-01-21 22:21:51,887 root                INFO: Train: Epoch 119: train loss 0.0006
2022-01-21 22:21:52,695 root                INFO: Train: Epoch 120: train loss 0.0006
2022-01-21 22:21:53,483 root                INFO: Train: Epoch 121: train loss 0.0006
2022-01-21 22:21:54,290 root                INFO: Train: Epoch 122: train loss 0.0006
2022-01-21 22:21:55,093 root                INFO: Train: Epoch 123: train loss 0.0006
2022-01-21 22:21:55,917 root                INFO: Train: Epoch 124: train loss 0.0006
2022-01-21 22:21:56,667 root                INFO: Train: Epoch 125: train loss 0.0006
2022-01-21 22:21:57,484 root                INFO: Train: Epoch 126: train loss 0.0005
2022-01-21 22:21:58,275 root                INFO: Train: Epoch 127: train loss 0.0005
2022-01-21 22:21:59,053 root                INFO: Train: Epoch 128: train loss 0.0006
2022-01-21 22:21:59,845 root                INFO: Train: Epoch 129: train loss 0.0006
2022-01-21 22:22:00,624 root                INFO: Train: Epoch 130: train loss 0.0005
2022-01-21 22:22:01,393 root                INFO: Train: Epoch 131: train loss 0.0005
2022-01-21 22:22:02,234 root                INFO: Train: Epoch 132: train loss 0.0006
2022-01-21 22:22:03,047 root                INFO: Train: Epoch 133: train loss 0.0006
2022-01-21 22:22:03,836 root                INFO: Train: Epoch 134: train loss 0.0005
2022-01-21 22:22:04,623 root                INFO: Train: Epoch 135: train loss 0.0005
2022-01-21 22:22:05,407 root                INFO: Train: Epoch 136: train loss 0.0006
2022-01-21 22:22:06,165 root                INFO: Train: Epoch 137: train loss 0.0005
2022-01-21 22:22:06,935 root                INFO: Train: Epoch 138: train loss 0.0005
2022-01-21 22:22:07,700 root                INFO: Train: Epoch 139: train loss 0.0005
2022-01-21 22:22:08,527 root                INFO: Train: Epoch 140: train loss 0.0005
2022-01-21 22:22:09,331 root                INFO: Train: Epoch 141: train loss 0.0005
2022-01-21 22:22:10,144 root                INFO: Train: Epoch 142: train loss 0.0005
2022-01-21 22:22:10,909 root                INFO: Train: Epoch 143: train loss 0.0005
2022-01-21 22:22:11,697 root                INFO: Train: Epoch 144: train loss 0.0005
2022-01-21 22:22:12,470 root                INFO: Train: Epoch 145: train loss 0.0005
2022-01-21 22:22:13,273 root                INFO: Train: Epoch 146: train loss 0.0004
2022-01-21 22:22:14,024 root                INFO: Train: Epoch 147: train loss 0.0005
2022-01-21 22:22:14,844 root                INFO: Train: Epoch 148: train loss 0.0005
2022-01-21 22:22:15,613 root                INFO: Train: Epoch 149: train loss 0.0004
2022-01-21 22:22:16,384 root                INFO: Train: Epoch 150: train loss 0.0005
2022-01-21 22:22:17,145 root                INFO: Train: Epoch 151: train loss 0.0004
2022-01-21 22:22:17,905 root                INFO: Train: Epoch 152: train loss 0.0004
2022-01-21 22:22:18,690 root                INFO: Train: Epoch 153: train loss 0.0004
2022-01-21 22:22:19,460 root                INFO: Train: Epoch 154: train loss 0.0004
2022-01-21 22:22:20,198 root                INFO: Train: Epoch 155: train loss 0.0004
2022-01-21 22:22:20,944 root                INFO: Train: Epoch 156: train loss 0.0004
2022-01-21 22:22:21,661 root                INFO: Train: Epoch 157: train loss 0.0004
2022-01-21 22:22:22,405 root                INFO: Train: Epoch 158: train loss 0.0004
2022-01-21 22:22:23,148 root                INFO: Train: Epoch 159: train loss 0.0004
2022-01-21 22:22:23,922 root                INFO: Train: Epoch 160: train loss 0.0004
2022-01-21 22:22:24,709 root                INFO: Train: Epoch 161: train loss 0.0004
2022-01-21 22:22:25,481 root                INFO: Train: Epoch 162: train loss 0.0004
2022-01-21 22:22:26,282 root                INFO: Train: Epoch 163: train loss 0.0004
2022-01-21 22:22:27,067 root                INFO: Train: Epoch 164: train loss 0.0004
2022-01-21 22:22:27,876 root                INFO: Train: Epoch 165: train loss 0.0004
2022-01-21 22:22:28,657 root                INFO: Train: Epoch 166: train loss 0.0004
2022-01-21 22:22:29,417 root                INFO: Train: Epoch 167: train loss 0.0004
2022-01-21 22:22:30,162 root                INFO: Train: Epoch 168: train loss 0.0004
2022-01-21 22:22:30,944 root                INFO: Train: Epoch 169: train loss 0.0004
2022-01-21 22:22:31,687 root                INFO: Train: Epoch 170: train loss 0.0004
2022-01-21 22:22:32,431 root                INFO: Train: Epoch 171: train loss 0.0004
2022-01-21 22:22:33,206 root                INFO: Train: Epoch 172: train loss 0.0004
2022-01-21 22:22:33,971 root                INFO: Train: Epoch 173: train loss 0.0004
2022-01-21 22:22:34,745 root                INFO: Train: Epoch 174: train loss 0.0004
2022-01-21 22:22:35,540 root                INFO: Train: Epoch 175: train loss 0.0004
2022-01-21 22:22:36,302 root                INFO: Train: Epoch 176: train loss 0.0004
2022-01-21 22:22:37,109 root                INFO: Train: Epoch 177: train loss 0.0004
2022-01-21 22:22:37,831 root                INFO: Train: Epoch 178: train loss 0.0004
2022-01-21 22:22:38,545 root                INFO: Train: Epoch 179: train loss 0.0004
2022-01-21 22:22:39,288 root                INFO: Train: Epoch 180: train loss 0.0004
2022-01-21 22:22:40,022 root                INFO: Train: Epoch 181: train loss 0.0004
2022-01-21 22:22:40,746 root                INFO: Train: Epoch 182: train loss 0.0004
2022-01-21 22:22:41,475 root                INFO: Train: Epoch 183: train loss 0.0004
2022-01-21 22:22:42,185 root                INFO: Train: Epoch 184: train loss 0.0004
2022-01-21 22:22:42,913 root                INFO: Train: Epoch 185: train loss 0.0004
2022-01-21 22:22:43,640 root                INFO: Train: Epoch 186: train loss 0.0004
2022-01-21 22:22:44,344 root                INFO: Train: Epoch 187: train loss 0.0004
2022-01-21 22:22:45,061 root                INFO: Train: Epoch 188: train loss 0.0004
2022-01-21 22:22:45,781 root                INFO: Train: Epoch 189: train loss 0.0004
2022-01-21 22:22:46,573 root                INFO: Train: Epoch 190: train loss 0.0004
2022-01-21 22:22:47,289 root                INFO: Train: Epoch 191: train loss 0.0004
2022-01-21 22:22:47,994 root                INFO: Train: Epoch 192: train loss 0.0004
2022-01-21 22:22:48,670 root                INFO: Train: Epoch 193: train loss 0.0004
2022-01-21 22:22:49,333 root                INFO: Train: Epoch 194: train loss 0.0003
2022-01-21 22:22:50,028 root                INFO: Train: Epoch 195: train loss 0.0004
2022-01-21 22:22:50,722 root                INFO: Train: Epoch 196: train loss 0.0003
2022-01-21 22:22:51,421 root                INFO: Train: Epoch 197: train loss 0.0003
2022-01-21 22:22:52,114 root                INFO: Train: Epoch 198: train loss 0.0003
2022-01-21 22:22:52,817 root                INFO: Train: Epoch 199: train loss 0.0004
2022-01-21 22:22:53,520 root                INFO: Train: Epoch 200: train loss 0.0004
2022-01-21 22:23:07,710 root                INFO: Valid: Epoch 200: kendall tau 0.4800 0.4638; loss 0.0001266 7.258e-05
2022-01-21 22:23:07,716 root                INFO: Epoch 200: Save checkpoint to nb301_anytime_tagates/tagates_0.1/1/2021/200.ckpt
2022-01-21 22:23:21,885 root                INFO: [0.0196078431372549, 0.20784313725490197, 0.27647058823529413, 0.5162553858206033, 0.5441550812610143, 0.7388784461152882, 1.0]
2022-01-21 22:23:21,885 root                INFO: [0.0, 0.1450980392156863, 0.23137254901960785, 0.5276145710928319, 0.5384766007440768, 0.7262687969924813, 1.0]
2022-01-21 22:23:21,885 root                INFO: [52, 52]
2022-01-21 22:23:21,885 root                INFO: [76, 76]
