2022-01-21 15:45:37,871 root                INFO: GPU device = 5
2022-01-21 15:45:37,872 root                INFO: Load pkl cache from nasbench101.pkl and nasbench101_valid.pkl
2022-01-21 15:45:38,257 root                INFO: Config: {'arch_network_cfg': {'arch_embedder_cfg': {'gcn_kwargs': {'plus_I': True, 'residual_only': 1}, 'gcn_out_dims': [128, 128, 128, 128, 128], 'backward_gcn_out_dims': [128, 128, 128, 128, 128], 'hid_dim': 96, 'node_embedding_dim': 48, 'op_embedding_dim': 48, 'num_time_steps': 2, 'fb_conversion_dims': [128, 128], 'updateopemb_method': 'concat_ofb', 'updateopemb_dims': [128], 'updateopemb_scale': 0.1, 'b_use_bn': False, 'detach_vinfo': False, 'updateopemb_detach_opemb': True, 'updateopemb_detach_finfo': True, 'symmetry_breaking_method': 'param_zs_add', 'concat_param_zs_as_opemb_dimension': 7, 'concat_param_zs_as_opemb_scale': 1.0, 'mask_nonparametrized_ops': False}, 'arch_embedder_type': 'nb101-fbflow-anytime', 'compare_loss_type': 'margin_linear', 'compare_margin': 0.1, 'mlp_dropout': 0.1, 'mlp_hiddens': [200], 'mlp_out_dim': 1, 'optimizer': {'lr': 0.001, 'type': 'Adam'}, 'scheduler': None}, 'batch_size': 512, 'choose_pair_criterion': 'random', 'compare': False, 'compare_threshold': 0.0, 'epochs': 400, 'max_compare_ratio': 4.0}
2022-01-21 15:45:50,903 root                INFO: Combined args: Namespace(batch_size=512, cfg_file='cfgs/nb101_cfgs/tagates_anytime.yaml', choose_pair_criterion='random', compare=False, compare_threshold=0.0, epochs=400, eval_only_last=200, gpu=5, load=None, max_compare_ratio=4.0, num_workers=4, report_freq=200, save_every=200, save_predict=None, seed=202121, test_funcs=None, test_only=False, train_dir='nb1shot1_anytime_tagates/tagates_0.1/1/202121', train_pkl='../mynas/data/nasbench-1shot1/nasbench101_anytime_train_1.pkl', train_ratio=0.1, valid_pkl='../mynas/data/nasbench-1shot1/nasbench101_anytime_valid.pkl')
2022-01-21 15:45:50,917 root                INFO: Train dataset ratio: 0.100
2022-01-21 15:45:50,918 root                INFO: Number of architectures: train: 729; valid: 7290
2022-01-21 15:45:54,529 root                INFO: Train: Epoch   1: train loss 0.2137
2022-01-21 15:45:55,271 root                INFO: Train: Epoch   2: train loss 0.1766
2022-01-21 15:45:56,597 root                INFO: Train: Epoch   3: train loss 0.1279
2022-01-21 15:45:57,944 root                INFO: Train: Epoch   4: train loss 0.0633
2022-01-21 15:45:59,298 root                INFO: Train: Epoch   5: train loss 0.0343
2022-01-21 15:46:00,407 root                INFO: Train: Epoch   6: train loss 0.0413
2022-01-21 15:47:20,649 root                INFO: GPU device = 5
2022-01-21 15:47:20,649 root                INFO: Load pkl cache from nasbench101.pkl and nasbench101_valid.pkl
2022-01-21 15:47:21,036 root                INFO: Config: {'arch_network_cfg': {'arch_embedder_cfg': {'gcn_kwargs': {'plus_I': True, 'residual_only': 1}, 'gcn_out_dims': [128, 128, 128, 128, 128], 'backward_gcn_out_dims': [128, 128, 128, 128, 128], 'hid_dim': 96, 'node_embedding_dim': 48, 'op_embedding_dim': 48, 'num_time_steps': 2, 'fb_conversion_dims': [128, 128], 'updateopemb_method': 'concat_ofb', 'updateopemb_dims': [128], 'updateopemb_scale': 0.1, 'b_use_bn': False, 'detach_vinfo': False, 'updateopemb_detach_opemb': True, 'updateopemb_detach_finfo': True, 'symmetry_breaking_method': 'param_zs_add', 'concat_param_zs_as_opemb_dimension': 7, 'concat_param_zs_as_opemb_scale': 1.0, 'mask_nonparametrized_ops': False}, 'arch_embedder_type': 'nb101-fbflow-anytime', 'compare_loss_type': 'margin_linear', 'compare_margin': 0.1, 'mlp_dropout': 0.1, 'mlp_hiddens': [200], 'mlp_out_dim': 1, 'optimizer': {'lr': 0.001, 'type': 'Adam'}, 'scheduler': None}, 'batch_size': 512, 'choose_pair_criterion': 'random', 'compare': False, 'compare_threshold': 0.0, 'epochs': 200, 'max_compare_ratio': 4.0}
2022-01-21 15:47:33,665 root                INFO: Combined args: Namespace(batch_size=512, cfg_file='cfgs/nb101_cfgs/tagates_anytime.yaml', choose_pair_criterion='random', compare=False, compare_threshold=0.0, epochs=200, eval_only_last=200, gpu=5, load=None, max_compare_ratio=4.0, num_workers=4, report_freq=200, save_every=200, save_predict=None, seed=202121, test_funcs=None, test_only=False, train_dir='nb1shot1_anytime_tagates/tagates_0.1/1/202121', train_pkl='../mynas/data/nasbench-1shot1/nasbench101_anytime_train_1.pkl', train_ratio=0.1, valid_pkl='../mynas/data/nasbench-1shot1/nasbench101_anytime_valid.pkl')
2022-01-21 15:47:33,674 root                INFO: Train dataset ratio: 0.100
2022-01-21 15:47:33,674 root                INFO: Number of architectures: train: 729; valid: 7290
2022-01-21 15:47:36,840 root                INFO: Train: Epoch   1: train loss 0.2137
2022-01-21 15:47:39,074 root                INFO: Valid: Epoch   1: kendall tau 0.3346 0.2101; loss 0.02719 0.1306
2022-01-21 15:47:39,786 root                INFO: Train: Epoch   2: train loss 0.1766
2022-01-21 15:47:41,809 root                INFO: Valid: Epoch   2: kendall tau 0.3172 0.2387; loss 0.021 0.1013
2022-01-21 15:47:42,526 root                INFO: Train: Epoch   3: train loss 0.1277
2022-01-21 15:47:44,630 root                INFO: Valid: Epoch   3: kendall tau 0.3033 0.2487; loss 0.01827 0.05897
2022-01-21 15:47:45,279 root                INFO: Train: Epoch   4: train loss 0.0636
2022-01-21 15:47:47,155 root                INFO: Valid: Epoch   4: kendall tau 0.2944 0.2577; loss 0.04408 0.01337
2022-01-21 15:47:47,804 root                INFO: Train: Epoch   5: train loss 0.0335
2022-01-21 15:47:50,035 root                INFO: Valid: Epoch   5: kendall tau 0.2940 0.2656; loss 0.06446 0.01099
2022-01-21 15:47:50,755 root                INFO: Train: Epoch   6: train loss 0.0415
2022-01-21 15:47:52,953 root                INFO: Valid: Epoch   6: kendall tau 0.3030 0.2757; loss 0.0405 0.0131
2022-01-21 15:47:53,554 root                INFO: Train: Epoch   7: train loss 0.0244
2022-01-21 15:47:55,768 root                INFO: Valid: Epoch   7: kendall tau 0.3225 0.2865; loss 0.01919 0.01154
2022-01-21 15:47:56,462 root                INFO: Train: Epoch   8: train loss 0.0177
2022-01-21 15:47:58,641 root                INFO: Valid: Epoch   8: kendall tau 0.3295 0.2999; loss 0.01857 0.00976
2022-01-21 15:47:59,309 root                INFO: Train: Epoch   9: train loss 0.0245
2022-01-21 15:48:01,272 root                INFO: Valid: Epoch   9: kendall tau 0.3186 0.3157; loss 0.01889 0.008793
2022-01-21 15:48:01,980 root                INFO: Train: Epoch  10: train loss 0.0237
2022-01-21 15:48:04,166 root                INFO: Valid: Epoch  10: kendall tau 0.3149 0.3458; loss 0.0179 0.008468
2022-01-21 15:48:04,781 root                INFO: Train: Epoch  11: train loss 0.0188
2022-01-21 15:48:06,641 root                INFO: Valid: Epoch  11: kendall tau 0.3088 0.3694; loss 0.01834 0.008408
2022-01-21 15:48:07,382 root                INFO: Train: Epoch  12: train loss 0.0150
2022-01-21 15:48:09,540 root                INFO: Valid: Epoch  12: kendall tau 0.3063 0.3871; loss 0.021 0.008467
2022-01-21 15:48:10,177 root                INFO: Train: Epoch  13: train loss 0.0139
2022-01-21 15:48:12,104 root                INFO: Valid: Epoch  13: kendall tau 0.3044 0.4020; loss 0.02477 0.008514
2022-01-21 15:48:12,801 root                INFO: Train: Epoch  14: train loss 0.0144
2022-01-21 15:48:15,217 root                INFO: Valid: Epoch  14: kendall tau 0.3029 0.4171; loss 0.02684 0.008325
2022-01-21 15:48:15,973 root                INFO: Train: Epoch  15: train loss 0.0148
2022-01-21 15:48:18,338 root                INFO: Valid: Epoch  15: kendall tau 0.3004 0.4331; loss 0.02627 0.008124
2022-01-21 15:48:18,970 root                INFO: Train: Epoch  16: train loss 0.0143
2022-01-21 15:48:20,950 root                INFO: Valid: Epoch  16: kendall tau 0.2966 0.4496; loss 0.02438 0.008268
2022-01-21 15:48:21,544 root                INFO: Train: Epoch  17: train loss 0.0142
2022-01-21 15:48:23,754 root                INFO: Valid: Epoch  17: kendall tau 0.2928 0.4643; loss 0.02284 0.008525
2022-01-21 15:48:24,348 root                INFO: Train: Epoch  18: train loss 0.0142
2022-01-21 15:48:26,294 root                INFO: Valid: Epoch  18: kendall tau 0.2887 0.4759; loss 0.02222 0.008389
2022-01-21 15:48:26,947 root                INFO: Train: Epoch  19: train loss 0.0139
2022-01-21 15:48:29,174 root                INFO: Valid: Epoch  19: kendall tau 0.2847 0.4846; loss 0.02236 0.008051
2022-01-21 15:48:29,754 root                INFO: Train: Epoch  20: train loss 0.0134
2022-01-21 15:48:31,772 root                INFO: Valid: Epoch  20: kendall tau 0.2810 0.4918; loss 0.02283 0.008027
2022-01-21 15:48:32,281 root                INFO: Train: Epoch  21: train loss 0.0131
2022-01-21 15:48:34,647 root                INFO: Valid: Epoch  21: kendall tau 0.2777 0.4986; loss 0.02305 0.008311
2022-01-21 15:48:35,259 root                INFO: Train: Epoch  22: train loss 0.0129
2022-01-21 15:48:37,308 root                INFO: Valid: Epoch  22: kendall tau 0.2741 0.5056; loss 0.02269 0.00854
2022-01-21 15:48:37,851 root                INFO: Train: Epoch  23: train loss 0.0129
2022-01-21 15:48:40,028 root                INFO: Valid: Epoch  23: kendall tau 0.2705 0.5130; loss 0.02186 0.008522
2022-01-21 15:48:40,585 root                INFO: Train: Epoch  24: train loss 0.0131
2022-01-21 15:48:42,673 root                INFO: Valid: Epoch  24: kendall tau 0.2676 0.5206; loss 0.021 0.008345
2022-01-21 15:48:43,256 root                INFO: Train: Epoch  25: train loss 0.0129
2022-01-21 15:48:45,628 root                INFO: Valid: Epoch  25: kendall tau 0.2655 0.5278; loss 0.0204 0.008165
2022-01-21 15:48:46,232 root                INFO: Train: Epoch  26: train loss 0.0130
2022-01-21 15:48:48,294 root                INFO: Valid: Epoch  26: kendall tau 0.2640 0.5343; loss 0.02024 0.00807
2022-01-21 15:48:49,098 root                INFO: Train: Epoch  27: train loss 0.0129
2022-01-21 15:48:51,308 root                INFO: Valid: Epoch  27: kendall tau 0.2629 0.5404; loss 0.02039 0.008031
2022-01-21 15:48:51,933 root                INFO: Train: Epoch  28: train loss 0.0128
2022-01-21 15:48:54,283 root                INFO: Valid: Epoch  28: kendall tau 0.2621 0.5460; loss 0.02088 0.00805
2022-01-21 15:48:54,833 root                INFO: Train: Epoch  29: train loss 0.0127
2022-01-21 15:48:56,846 root                INFO: Valid: Epoch  29: kendall tau 0.2615 0.5514; loss 0.02145 0.008062
2022-01-21 15:48:57,425 root                INFO: Train: Epoch  30: train loss 0.0125
2022-01-21 15:48:59,641 root                INFO: Valid: Epoch  30: kendall tau 0.2616 0.5572; loss 0.02182 0.008008
2022-01-21 15:49:00,204 root                INFO: Train: Epoch  31: train loss 0.0126
2022-01-21 15:49:02,074 root                INFO: Valid: Epoch  31: kendall tau 0.2623 0.5633; loss 0.02191 0.00791
2022-01-21 15:49:02,798 root                INFO: Train: Epoch  32: train loss 0.0124
2022-01-21 15:49:04,955 root                INFO: Valid: Epoch  32: kendall tau 0.2636 0.5699; loss 0.0217 0.007797
2022-01-21 15:49:05,785 root                INFO: Train: Epoch  33: train loss 0.0124
2022-01-21 15:49:07,955 root                INFO: Valid: Epoch  33: kendall tau 0.2647 0.5766; loss 0.02157 0.007737
2022-01-21 15:49:08,735 root                INFO: Train: Epoch  34: train loss 0.0123
2022-01-21 15:49:10,780 root                INFO: Valid: Epoch  34: kendall tau 0.2655 0.5834; loss 0.02185 0.007743
2022-01-21 15:49:11,506 root                INFO: Train: Epoch  35: train loss 0.0124
2022-01-21 15:49:13,715 root                INFO: Valid: Epoch  35: kendall tau 0.2664 0.5904; loss 0.02205 0.007763
2022-01-21 15:49:14,623 root                INFO: Train: Epoch  36: train loss 0.0123
2022-01-21 15:49:16,747 root                INFO: Valid: Epoch  36: kendall tau 0.2682 0.5980; loss 0.02198 0.007749
2022-01-21 15:49:17,567 root                INFO: Train: Epoch  37: train loss 0.0121
2022-01-21 15:49:19,674 root                INFO: Valid: Epoch  37: kendall tau 0.2704 0.6060; loss 0.02177 0.007725
2022-01-21 15:49:20,313 root                INFO: Train: Epoch  38: train loss 0.0122
2022-01-21 15:49:22,347 root                INFO: Valid: Epoch  38: kendall tau 0.2730 0.6143; loss 0.02152 0.007695
2022-01-21 15:49:22,950 root                INFO: Train: Epoch  39: train loss 0.0120
2022-01-21 15:49:25,146 root                INFO: Valid: Epoch  39: kendall tau 0.2752 0.6226; loss 0.02125 0.007659
2022-01-21 15:49:25,758 root                INFO: Train: Epoch  40: train loss 0.0118
2022-01-21 15:49:27,826 root                INFO: Valid: Epoch  40: kendall tau 0.2767 0.6307; loss 0.02113 0.007646
2022-01-21 15:49:28,390 root                INFO: Train: Epoch  41: train loss 0.0120
2022-01-21 15:49:30,554 root                INFO: Valid: Epoch  41: kendall tau 0.2778 0.6378; loss 0.02108 0.007636
2022-01-21 15:49:31,151 root                INFO: Train: Epoch  42: train loss 0.0117
2022-01-21 15:49:33,391 root                INFO: Valid: Epoch  42: kendall tau 0.2786 0.6431; loss 0.02109 0.007621
2022-01-21 15:49:34,115 root                INFO: Train: Epoch  43: train loss 0.0116
2022-01-21 15:49:36,069 root                INFO: Valid: Epoch  43: kendall tau 0.2788 0.6451; loss 0.0214 0.007665
2022-01-21 15:49:36,750 root                INFO: Train: Epoch  44: train loss 0.0116
2022-01-21 15:49:38,915 root                INFO: Valid: Epoch  44: kendall tau 0.2814 0.6439; loss 0.02151 0.007655
2022-01-21 15:49:39,554 root                INFO: Train: Epoch  45: train loss 0.0114
2022-01-21 15:49:41,671 root                INFO: Valid: Epoch  45: kendall tau 0.2877 0.6419; loss 0.02096 0.007482
2022-01-21 15:49:42,306 root                INFO: Train: Epoch  46: train loss 0.0114
2022-01-21 15:49:44,453 root                INFO: Valid: Epoch  46: kendall tau 0.2941 0.6380; loss 0.02034 0.007335
2022-01-21 15:49:44,980 root                INFO: Train: Epoch  47: train loss 0.0110
2022-01-21 15:49:46,962 root                INFO: Valid: Epoch  47: kendall tau 0.2946 0.6289; loss 0.02058 0.007358
2022-01-21 15:49:47,563 root                INFO: Train: Epoch  48: train loss 0.0111
2022-01-21 15:49:49,667 root                INFO: Valid: Epoch  48: kendall tau 0.2951 0.6175; loss 0.021 0.007454
2022-01-21 15:49:50,222 root                INFO: Train: Epoch  49: train loss 0.0110
2022-01-21 15:49:52,256 root                INFO: Valid: Epoch  49: kendall tau 0.3021 0.6096; loss 0.02046 0.007373
2022-01-21 15:49:52,919 root                INFO: Train: Epoch  50: train loss 0.0111
2022-01-21 15:49:55,243 root                INFO: Valid: Epoch  50: kendall tau 0.3113 0.6049; loss 0.01985 0.007302
2022-01-21 15:49:55,878 root                INFO: Train: Epoch  51: train loss 0.0110
2022-01-21 15:49:57,831 root                INFO: Valid: Epoch  51: kendall tau 0.3218 0.6012; loss 0.01913 0.00724
2022-01-21 15:49:58,499 root                INFO: Train: Epoch  52: train loss 0.0109
2022-01-21 15:50:00,690 root                INFO: Valid: Epoch  52: kendall tau 0.3219 0.5893; loss 0.01954 0.007322
2022-01-21 15:50:01,456 root                INFO: Train: Epoch  53: train loss 0.0106
2022-01-21 15:50:03,596 root                INFO: Valid: Epoch  53: kendall tau 0.3238 0.5799; loss 0.02009 0.00749
2022-01-21 15:50:04,858 root                INFO: Train: Epoch  54: train loss 0.0108
2022-01-21 15:50:06,794 root                INFO: Valid: Epoch  54: kendall tau 0.3403 0.5823; loss 0.01919 0.007355
2022-01-21 15:50:07,435 root                INFO: Train: Epoch  55: train loss 0.0105
2022-01-21 15:50:09,791 root                INFO: Valid: Epoch  55: kendall tau 0.3601 0.5870; loss 0.01809 0.007262
2022-01-21 15:50:10,403 root                INFO: Train: Epoch  56: train loss 0.0105
2022-01-21 15:50:12,420 root                INFO: Valid: Epoch  56: kendall tau 0.3689 0.5848; loss 0.01815 0.007304
2022-01-21 15:50:13,047 root                INFO: Train: Epoch  57: train loss 0.0106
2022-01-21 15:50:15,553 root                INFO: Valid: Epoch  57: kendall tau 0.3740 0.5800; loss 0.01851 0.007433
2022-01-21 15:50:16,157 root                INFO: Train: Epoch  58: train loss 0.0105
2022-01-21 15:50:18,106 root                INFO: Valid: Epoch  58: kendall tau 0.3859 0.5776; loss 0.01781 0.007358
2022-01-21 15:50:18,689 root                INFO: Train: Epoch  59: train loss 0.0103
2022-01-21 15:50:20,856 root                INFO: Valid: Epoch  59: kendall tau 0.3956 0.5738; loss 0.01745 0.007351
2022-01-21 15:50:21,568 root                INFO: Train: Epoch  60: train loss 0.0102
2022-01-21 15:50:23,583 root                INFO: Valid: Epoch  60: kendall tau 0.4006 0.5683; loss 0.01744 0.0074
2022-01-21 15:50:24,360 root                INFO: Train: Epoch  61: train loss 0.0103
2022-01-21 15:50:26,599 root                INFO: Valid: Epoch  61: kendall tau 0.4064 0.5615; loss 0.0171 0.007385
2022-01-21 15:50:27,222 root                INFO: Train: Epoch  62: train loss 0.0101
2022-01-21 15:50:29,259 root                INFO: Valid: Epoch  62: kendall tau 0.4131 0.5538; loss 0.01645 0.007345
2022-01-21 15:50:30,106 root                INFO: Train: Epoch  63: train loss 0.0101
2022-01-21 15:50:32,107 root                INFO: Valid: Epoch  63: kendall tau 0.4119 0.5438; loss 0.01642 0.007367
2022-01-21 15:50:32,656 root                INFO: Train: Epoch  64: train loss 0.0101
2022-01-21 15:50:34,846 root                INFO: Valid: Epoch  64: kendall tau 0.4080 0.5339; loss 0.01666 0.007482
2022-01-21 15:50:35,420 root                INFO: Train: Epoch  65: train loss 0.0100
2022-01-21 15:50:37,298 root                INFO: Valid: Epoch  65: kendall tau 0.4125 0.5263; loss 0.01555 0.007311
2022-01-21 15:50:37,874 root                INFO: Train: Epoch  66: train loss 0.0098
2022-01-21 15:50:40,000 root                INFO: Valid: Epoch  66: kendall tau 0.4074 0.5167; loss 0.01572 0.007319
2022-01-21 15:50:40,594 root                INFO: Train: Epoch  67: train loss 0.0096
2022-01-21 15:50:42,607 root                INFO: Valid: Epoch  67: kendall tau 0.4007 0.5067; loss 0.01633 0.007481
2022-01-21 15:50:43,197 root                INFO: Train: Epoch  68: train loss 0.0096
2022-01-21 15:50:45,407 root                INFO: Valid: Epoch  68: kendall tau 0.4044 0.4967; loss 0.01506 0.007255
2022-01-21 15:50:46,006 root                INFO: Train: Epoch  69: train loss 0.0094
2022-01-21 15:50:47,972 root                INFO: Valid: Epoch  69: kendall tau 0.4020 0.4811; loss 0.01497 0.007327
2022-01-21 15:50:48,719 root                INFO: Train: Epoch  70: train loss 0.0092
2022-01-21 15:50:50,921 root                INFO: Valid: Epoch  70: kendall tau 0.4021 0.4628; loss 0.01545 0.007623
2022-01-21 15:50:51,696 root                INFO: Train: Epoch  71: train loss 0.0091
2022-01-21 15:50:53,921 root                INFO: Valid: Epoch  71: kendall tau 0.4134 0.4547; loss 0.01392 0.007204
2022-01-21 15:50:54,757 root                INFO: Train: Epoch  72: train loss 0.0090
2022-01-21 15:50:56,902 root                INFO: Valid: Epoch  72: kendall tau 0.4171 0.4432; loss 0.01423 0.007277
2022-01-21 15:50:57,753 root                INFO: Train: Epoch  73: train loss 0.0087
2022-01-21 15:51:00,047 root                INFO: Valid: Epoch  73: kendall tau 0.4203 0.4466; loss 0.01382 0.007049
2022-01-21 15:51:00,842 root                INFO: Train: Epoch  74: train loss 0.0084
2022-01-21 15:51:02,811 root                INFO: Valid: Epoch  74: kendall tau 0.4226 0.4605; loss 0.01343 0.006711
2022-01-21 15:51:03,425 root                INFO: Train: Epoch  75: train loss 0.0083
2022-01-21 15:51:05,698 root                INFO: Valid: Epoch  75: kendall tau 0.4275 0.4614; loss 0.01518 0.006816
2022-01-21 15:51:06,286 root                INFO: Train: Epoch  76: train loss 0.0083
2022-01-21 15:51:08,218 root                INFO: Valid: Epoch  76: kendall tau 0.4421 0.4596; loss 0.0131 0.006376
2022-01-21 15:51:08,811 root                INFO: Train: Epoch  77: train loss 0.0080
2022-01-21 15:51:11,042 root                INFO: Valid: Epoch  77: kendall tau 0.4434 0.4607; loss 0.01227 0.006242
2022-01-21 15:51:11,590 root                INFO: Train: Epoch  78: train loss 0.0078
2022-01-21 15:51:13,483 root                INFO: Valid: Epoch  78: kendall tau 0.4405 0.4453; loss 0.01562 0.007091
2022-01-21 15:51:14,069 root                INFO: Train: Epoch  79: train loss 0.0081
2022-01-21 15:51:16,271 root                INFO: Valid: Epoch  79: kendall tau 0.4418 0.4506; loss 0.01375 0.006511
2022-01-21 15:51:16,876 root                INFO: Train: Epoch  80: train loss 0.0075
2022-01-21 15:51:18,775 root                INFO: Valid: Epoch  80: kendall tau 0.4405 0.4620; loss 0.01208 0.006007
2022-01-21 15:51:19,658 root                INFO: Train: Epoch  81: train loss 0.0074
2022-01-21 15:51:21,811 root                INFO: Valid: Epoch  81: kendall tau 0.4396 0.4572; loss 0.01388 0.006186
2022-01-21 15:51:22,462 root                INFO: Train: Epoch  82: train loss 0.0071
2022-01-21 15:51:24,812 root                INFO: Valid: Epoch  82: kendall tau 0.4348 0.4595; loss 0.01462 0.00619
2022-01-21 15:51:25,424 root                INFO: Train: Epoch  83: train loss 0.0071
2022-01-21 15:51:27,460 root                INFO: Valid: Epoch  83: kendall tau 0.4291 0.4667; loss 0.01334 0.005983
2022-01-21 15:51:28,034 root                INFO: Train: Epoch  84: train loss 0.0070
2022-01-21 15:51:30,289 root                INFO: Valid: Epoch  84: kendall tau 0.4328 0.4517; loss 0.01463 0.005938
2022-01-21 15:51:30,826 root                INFO: Train: Epoch  85: train loss 0.0070
2022-01-21 15:51:32,727 root                INFO: Valid: Epoch  85: kendall tau 0.4346 0.4434; loss 0.01508 0.006023
2022-01-21 15:51:33,313 root                INFO: Train: Epoch  86: train loss 0.0071
2022-01-21 15:51:35,671 root                INFO: Valid: Epoch  86: kendall tau 0.4311 0.4501; loss 0.01361 0.005642
2022-01-21 15:51:36,218 root                INFO: Train: Epoch  87: train loss 0.0068
2022-01-21 15:51:38,167 root                INFO: Valid: Epoch  87: kendall tau 0.4278 0.4498; loss 0.014 0.005741
2022-01-21 15:51:38,778 root                INFO: Train: Epoch  88: train loss 0.0067
2022-01-21 15:51:40,930 root                INFO: Valid: Epoch  88: kendall tau 0.4256 0.4569; loss 0.01496 0.005841
2022-01-21 15:51:41,515 root                INFO: Train: Epoch  89: train loss 0.0066
2022-01-21 15:51:43,336 root                INFO: Valid: Epoch  89: kendall tau 0.4252 0.4702; loss 0.01462 0.005486
2022-01-21 15:51:43,954 root                INFO: Train: Epoch  90: train loss 0.0065
2022-01-21 15:51:46,106 root                INFO: Valid: Epoch  90: kendall tau 0.4269 0.4595; loss 0.01434 0.005471
2022-01-21 15:51:46,681 root                INFO: Train: Epoch  91: train loss 0.0064
2022-01-21 15:51:48,940 root                INFO: Valid: Epoch  91: kendall tau 0.4298 0.3598; loss 0.01414 0.006256
2022-01-21 15:51:49,611 root                INFO: Train: Epoch  92: train loss 0.0064
2022-01-21 15:51:51,589 root                INFO: Valid: Epoch  92: kendall tau 0.4300 0.4064; loss 0.01385 0.00546
2022-01-21 15:51:52,080 root                INFO: Train: Epoch  93: train loss 0.0064
2022-01-21 15:51:54,290 root                INFO: Valid: Epoch  93: kendall tau 0.4294 0.4279; loss 0.01421 0.005465
2022-01-21 15:51:54,865 root                INFO: Train: Epoch  94: train loss 0.0060
2022-01-21 15:51:56,942 root                INFO: Valid: Epoch  94: kendall tau 0.4260 0.4354; loss 0.01447 0.005806
2022-01-21 15:51:57,557 root                INFO: Train: Epoch  95: train loss 0.0062
2022-01-21 15:51:59,800 root                INFO: Valid: Epoch  95: kendall tau 0.4323 0.3835; loss 0.01532 0.006161
2022-01-21 15:52:00,512 root                INFO: Train: Epoch  96: train loss 0.0061
2022-01-21 15:52:02,582 root                INFO: Valid: Epoch  96: kendall tau 0.4358 0.3976; loss 0.01422 0.005675
2022-01-21 15:52:03,155 root                INFO: Train: Epoch  97: train loss 0.0059
2022-01-21 15:52:05,310 root                INFO: Valid: Epoch  97: kendall tau 0.4341 0.4305; loss 0.01305 0.005167
2022-01-21 15:52:05,877 root                INFO: Train: Epoch  98: train loss 0.0059
2022-01-21 15:52:07,954 root                INFO: Valid: Epoch  98: kendall tau 0.4289 0.3813; loss 0.01473 0.006046
2022-01-21 15:52:08,644 root                INFO: Train: Epoch  99: train loss 0.0058
2022-01-21 15:52:11,046 root                INFO: Valid: Epoch  99: kendall tau 0.4244 0.4280; loss 0.0145 0.005884
2022-01-21 15:52:11,579 root                INFO: Train: Epoch 100: train loss 0.0057
2022-01-21 15:52:13,477 root                INFO: Valid: Epoch 100: kendall tau 0.4269 0.4851; loss 0.01337 0.005928
2022-01-21 15:52:14,129 root                INFO: Train: Epoch 101: train loss 0.0059
2022-01-21 15:52:16,438 root                INFO: Valid: Epoch 101: kendall tau 0.4340 0.1924; loss 0.01547 0.008846
2022-01-21 15:52:17,001 root                INFO: Train: Epoch 102: train loss 0.0068
2022-01-21 15:52:18,898 root                INFO: Valid: Epoch 102: kendall tau 0.4420 0.5210; loss 0.01249 0.006247
2022-01-21 15:52:19,637 root                INFO: Train: Epoch 103: train loss 0.0073
2022-01-21 15:52:21,626 root                INFO: Valid: Epoch 103: kendall tau 0.4560 0.5527; loss 0.01417 0.005452
2022-01-21 15:52:22,211 root                INFO: Train: Epoch 104: train loss 0.0065
2022-01-21 15:52:24,275 root                INFO: Valid: Epoch 104: kendall tau 0.4721 0.5643; loss 0.01645 0.005884
2022-01-21 15:52:24,834 root                INFO: Train: Epoch 105: train loss 0.0068
2022-01-21 15:52:26,866 root                INFO: Valid: Epoch 105: kendall tau 0.4726 0.5683; loss 0.01248 0.004981
2022-01-21 15:52:27,502 root                INFO: Train: Epoch 106: train loss 0.0064
2022-01-21 15:52:29,783 root                INFO: Valid: Epoch 106: kendall tau 0.4647 0.5734; loss 0.0115 0.004789
2022-01-21 15:52:30,395 root                INFO: Train: Epoch 107: train loss 0.0068
2022-01-21 15:52:32,264 root                INFO: Valid: Epoch 107: kendall tau 0.4513 0.5811; loss 0.01302 0.005119
2022-01-21 15:52:32,906 root                INFO: Train: Epoch 108: train loss 0.0058
2022-01-21 15:52:35,108 root                INFO: Valid: Epoch 108: kendall tau 0.4326 0.5800; loss 0.01528 0.005473
2022-01-21 15:52:35,700 root                INFO: Train: Epoch 109: train loss 0.0059
2022-01-21 15:52:37,739 root                INFO: Valid: Epoch 109: kendall tau 0.4180 0.5678; loss 0.01445 0.005262
2022-01-21 15:52:38,353 root                INFO: Train: Epoch 110: train loss 0.0060
2022-01-21 15:52:40,508 root                INFO: Valid: Epoch 110: kendall tau 0.4177 0.5556; loss 0.01394 0.004983
2022-01-21 15:52:41,057 root                INFO: Train: Epoch 111: train loss 0.0058
2022-01-21 15:52:43,199 root                INFO: Valid: Epoch 111: kendall tau 0.4248 0.5460; loss 0.01485 0.005184
2022-01-21 15:52:43,824 root                INFO: Train: Epoch 112: train loss 0.0055
2022-01-21 15:52:45,939 root                INFO: Valid: Epoch 112: kendall tau 0.4268 0.5315; loss 0.01448 0.005284
2022-01-21 15:52:46,645 root                INFO: Train: Epoch 113: train loss 0.0055
2022-01-21 15:52:48,585 root                INFO: Valid: Epoch 113: kendall tau 0.4276 0.5173; loss 0.01383 0.005274
2022-01-21 15:52:49,166 root                INFO: Train: Epoch 114: train loss 0.0056
2022-01-21 15:52:51,278 root                INFO: Valid: Epoch 114: kendall tau 0.4251 0.5080; loss 0.01404 0.005417
2022-01-21 15:52:51,915 root                INFO: Train: Epoch 115: train loss 0.0054
2022-01-21 15:52:54,104 root                INFO: Valid: Epoch 115: kendall tau 0.4219 0.5043; loss 0.01449 0.005535
2022-01-21 15:52:54,705 root                INFO: Train: Epoch 116: train loss 0.0054
2022-01-21 15:52:56,795 root                INFO: Valid: Epoch 116: kendall tau 0.4247 0.5075; loss 0.01412 0.005322
2022-01-21 15:52:57,393 root                INFO: Train: Epoch 117: train loss 0.0052
2022-01-21 15:52:59,842 root                INFO: Valid: Epoch 117: kendall tau 0.4276 0.5128; loss 0.01302 0.004973
2022-01-21 15:53:00,464 root                INFO: Train: Epoch 118: train loss 0.0053
2022-01-21 15:53:02,760 root                INFO: Valid: Epoch 118: kendall tau 0.4318 0.5214; loss 0.01403 0.005265
2022-01-21 15:53:03,309 root                INFO: Train: Epoch 119: train loss 0.0051
2022-01-21 15:53:05,495 root                INFO: Valid: Epoch 119: kendall tau 0.4398 0.5206; loss 0.01491 0.006347
2022-01-21 15:53:06,078 root                INFO: Train: Epoch 120: train loss 0.0055
2022-01-21 15:53:08,250 root                INFO: Valid: Epoch 120: kendall tau 0.4478 0.5377; loss 0.01225 0.004948
2022-01-21 15:53:08,838 root                INFO: Train: Epoch 121: train loss 0.0051
2022-01-21 15:53:11,354 root                INFO: Valid: Epoch 121: kendall tau 0.4528 0.5530; loss 0.01209 0.004882
2022-01-21 15:53:12,464 root                INFO: Train: Epoch 122: train loss 0.0050
2022-01-21 15:53:14,727 root                INFO: Valid: Epoch 122: kendall tau 0.4550 0.5626; loss 0.01448 0.005527
2022-01-21 15:53:15,637 root                INFO: Train: Epoch 123: train loss 0.0050
2022-01-21 15:53:18,024 root                INFO: Valid: Epoch 123: kendall tau 0.4560 0.5598; loss 0.01312 0.005306
2022-01-21 15:53:18,858 root                INFO: Train: Epoch 124: train loss 0.0047
2022-01-21 15:53:20,861 root                INFO: Valid: Epoch 124: kendall tau 0.4528 0.5532; loss 0.01136 0.005024
2022-01-21 15:53:21,435 root                INFO: Train: Epoch 125: train loss 0.0051
2022-01-21 15:53:23,585 root                INFO: Valid: Epoch 125: kendall tau 0.4473 0.5526; loss 0.01366 0.005724
2022-01-21 15:53:24,180 root                INFO: Train: Epoch 126: train loss 0.0047
2022-01-21 15:53:26,247 root                INFO: Valid: Epoch 126: kendall tau 0.4433 0.5400; loss 0.0148 0.006405
2022-01-21 15:53:26,946 root                INFO: Train: Epoch 127: train loss 0.0049
2022-01-21 15:53:29,259 root                INFO: Valid: Epoch 127: kendall tau 0.4408 0.5453; loss 0.01179 0.005495
2022-01-21 15:53:29,935 root                INFO: Train: Epoch 128: train loss 0.0052
2022-01-21 15:53:32,010 root                INFO: Valid: Epoch 128: kendall tau 0.4405 0.5498; loss 0.01339 0.005737
2022-01-21 15:53:32,890 root                INFO: Train: Epoch 129: train loss 0.0046
2022-01-21 15:53:35,043 root                INFO: Valid: Epoch 129: kendall tau 0.4457 0.5498; loss 0.01611 0.006839
2022-01-21 15:53:35,640 root                INFO: Train: Epoch 130: train loss 0.0052
2022-01-21 15:53:37,821 root                INFO: Valid: Epoch 130: kendall tau 0.4508 0.5690; loss 0.01189 0.005457
2022-01-21 15:53:38,476 root                INFO: Train: Epoch 131: train loss 0.0050
2022-01-21 15:53:40,574 root                INFO: Valid: Epoch 131: kendall tau 0.4525 0.5811; loss 0.01193 0.005627
2022-01-21 15:53:41,151 root                INFO: Train: Epoch 132: train loss 0.0047
2022-01-21 15:53:43,309 root                INFO: Valid: Epoch 132: kendall tau 0.4544 0.5908; loss 0.01532 0.006661
2022-01-21 15:53:43,882 root                INFO: Train: Epoch 133: train loss 0.0050
2022-01-21 15:53:45,870 root                INFO: Valid: Epoch 133: kendall tau 0.4548 0.5916; loss 0.01252 0.006137
2022-01-21 15:53:46,493 root                INFO: Train: Epoch 134: train loss 0.0045
2022-01-21 15:53:48,773 root                INFO: Valid: Epoch 134: kendall tau 0.4596 0.5854; loss 0.01165 0.005558
2022-01-21 15:53:49,374 root                INFO: Train: Epoch 135: train loss 0.0046
2022-01-21 15:53:51,623 root                INFO: Valid: Epoch 135: kendall tau 0.4563 0.5897; loss 0.01276 0.005651
2022-01-21 15:53:52,292 root                INFO: Train: Epoch 136: train loss 0.0044
2022-01-21 15:53:54,735 root                INFO: Valid: Epoch 136: kendall tau 0.4515 0.5998; loss 0.01373 0.005909
2022-01-21 15:53:55,505 root                INFO: Train: Epoch 137: train loss 0.0043
2022-01-21 15:53:57,587 root                INFO: Valid: Epoch 137: kendall tau 0.4553 0.6012; loss 0.01365 0.006515
2022-01-21 15:53:58,383 root                INFO: Train: Epoch 138: train loss 0.0042
2022-01-21 15:54:00,666 root                INFO: Valid: Epoch 138: kendall tau 0.4651 0.5936; loss 0.01231 0.006402
2022-01-21 15:54:01,301 root                INFO: Train: Epoch 139: train loss 0.0041
2022-01-21 15:54:03,861 root                INFO: Valid: Epoch 139: kendall tau 0.4746 0.5789; loss 0.01144 0.006382
2022-01-21 15:54:04,574 root                INFO: Train: Epoch 140: train loss 0.0043
2022-01-21 15:54:06,548 root                INFO: Valid: Epoch 140: kendall tau 0.4765 0.5880; loss 0.01137 0.006874
2022-01-21 15:54:07,208 root                INFO: Train: Epoch 141: train loss 0.0040
2022-01-21 15:54:09,659 root                INFO: Valid: Epoch 141: kendall tau 0.4738 0.6026; loss 0.01268 0.007348
2022-01-21 15:54:10,233 root                INFO: Train: Epoch 142: train loss 0.0040
2022-01-21 15:54:12,262 root                INFO: Valid: Epoch 142: kendall tau 0.4718 0.6108; loss 0.01265 0.007641
2022-01-21 15:54:12,852 root                INFO: Train: Epoch 143: train loss 0.0042
2022-01-21 15:54:15,196 root                INFO: Valid: Epoch 143: kendall tau 0.4698 0.6110; loss 0.01237 0.007127
2022-01-21 15:54:15,715 root                INFO: Train: Epoch 144: train loss 0.0041
2022-01-21 15:54:17,677 root                INFO: Valid: Epoch 144: kendall tau 0.4715 0.6074; loss 0.01247 0.005996
2022-01-21 15:54:18,251 root                INFO: Train: Epoch 145: train loss 0.0041
2022-01-21 15:54:20,431 root                INFO: Valid: Epoch 145: kendall tau 0.4691 0.6031; loss 0.011 0.007115
2022-01-21 15:54:20,992 root                INFO: Train: Epoch 146: train loss 0.0042
2022-01-21 15:54:22,971 root                INFO: Valid: Epoch 146: kendall tau 0.4629 0.6028; loss 0.01237 0.008247
2022-01-21 15:54:23,618 root                INFO: Train: Epoch 147: train loss 0.0039
2022-01-21 15:54:25,763 root                INFO: Valid: Epoch 147: kendall tau 0.4618 0.6020; loss 0.0153 0.006897
2022-01-21 15:54:26,586 root                INFO: Train: Epoch 148: train loss 0.0047
2022-01-21 15:54:28,636 root                INFO: Valid: Epoch 148: kendall tau 0.4653 0.6060; loss 0.01219 0.007419
2022-01-21 15:54:29,261 root                INFO: Train: Epoch 149: train loss 0.0040
2022-01-21 15:54:31,402 root                INFO: Valid: Epoch 149: kendall tau 0.4636 0.6089; loss 0.01086 0.01023
2022-01-21 15:54:32,061 root                INFO: Train: Epoch 150: train loss 0.0057
2022-01-21 15:54:34,555 root                INFO: Valid: Epoch 150: kendall tau 0.4651 0.6253; loss 0.01497 0.006418
2022-01-21 15:54:35,376 root                INFO: Train: Epoch 151: train loss 0.0046
2022-01-21 15:54:37,906 root                INFO: Valid: Epoch 151: kendall tau 0.4671 0.6270; loss 0.01337 0.006135
2022-01-21 15:54:38,508 root                INFO: Train: Epoch 152: train loss 0.0044
2022-01-21 15:54:40,751 root                INFO: Valid: Epoch 152: kendall tau 0.4696 0.6220; loss 0.01068 0.006056
2022-01-21 15:54:41,346 root                INFO: Train: Epoch 153: train loss 0.0042
2022-01-21 15:54:43,271 root                INFO: Valid: Epoch 153: kendall tau 0.4684 0.6275; loss 0.01219 0.005867
2022-01-21 15:54:43,875 root                INFO: Train: Epoch 154: train loss 0.0039
2022-01-21 15:54:46,008 root                INFO: Valid: Epoch 154: kendall tau 0.4677 0.6298; loss 0.01357 0.006003
2022-01-21 15:54:46,651 root                INFO: Train: Epoch 155: train loss 0.0039
2022-01-21 15:54:48,562 root                INFO: Valid: Epoch 155: kendall tau 0.4697 0.6258; loss 0.01177 0.006389
2022-01-21 15:54:49,106 root                INFO: Train: Epoch 156: train loss 0.0038
2022-01-21 15:54:51,555 root                INFO: Valid: Epoch 156: kendall tau 0.4706 0.6247; loss 0.01169 0.006653
2022-01-21 15:54:52,183 root                INFO: Train: Epoch 157: train loss 0.0038
2022-01-21 15:54:54,321 root                INFO: Valid: Epoch 157: kendall tau 0.4703 0.6262; loss 0.01281 0.00665
2022-01-21 15:54:55,042 root                INFO: Train: Epoch 158: train loss 0.0037
2022-01-21 15:54:57,488 root                INFO: Valid: Epoch 158: kendall tau 0.4720 0.6277; loss 0.01271 0.00685
2022-01-21 15:54:58,326 root                INFO: Train: Epoch 159: train loss 0.0037
2022-01-21 15:55:00,504 root                INFO: Valid: Epoch 159: kendall tau 0.4761 0.6311; loss 0.01192 0.006668
2022-01-21 15:55:01,435 root                INFO: Train: Epoch 160: train loss 0.0037
2022-01-21 15:55:03,421 root                INFO: Valid: Epoch 160: kendall tau 0.4766 0.6361; loss 0.01209 0.006426
2022-01-21 15:55:04,082 root                INFO: Train: Epoch 161: train loss 0.0036
2022-01-21 15:55:06,448 root                INFO: Valid: Epoch 161: kendall tau 0.4748 0.6404; loss 0.01253 0.006242
2022-01-21 15:55:07,119 root                INFO: Train: Epoch 162: train loss 0.0036
2022-01-21 15:55:09,084 root                INFO: Valid: Epoch 162: kendall tau 0.4732 0.6401; loss 0.01184 0.006253
2022-01-21 15:55:09,657 root                INFO: Train: Epoch 163: train loss 0.0036
2022-01-21 15:55:11,920 root                INFO: Valid: Epoch 163: kendall tau 0.4664 0.6391; loss 0.01263 0.006069
2022-01-21 15:55:12,510 root                INFO: Train: Epoch 164: train loss 0.0035
2022-01-21 15:55:14,515 root                INFO: Valid: Epoch 164: kendall tau 0.4621 0.6395; loss 0.01368 0.006168
2022-01-21 15:55:15,121 root                INFO: Train: Epoch 165: train loss 0.0037
2022-01-21 15:55:17,630 root                INFO: Valid: Epoch 165: kendall tau 0.4644 0.6403; loss 0.01277 0.006305
2022-01-21 15:55:18,263 root                INFO: Train: Epoch 166: train loss 0.0036
2022-01-21 15:55:20,258 root                INFO: Valid: Epoch 166: kendall tau 0.4685 0.6409; loss 0.01241 0.006208
2022-01-21 15:55:20,870 root                INFO: Train: Epoch 167: train loss 0.0036
2022-01-21 15:55:23,095 root                INFO: Valid: Epoch 167: kendall tau 0.4714 0.6428; loss 0.01228 0.006317
2022-01-21 15:55:23,607 root                INFO: Train: Epoch 168: train loss 0.0036
2022-01-21 15:55:25,611 root                INFO: Valid: Epoch 168: kendall tau 0.4747 0.6452; loss 0.01172 0.006673
2022-01-21 15:55:26,161 root                INFO: Train: Epoch 169: train loss 0.0035
2022-01-21 15:55:28,335 root                INFO: Valid: Epoch 169: kendall tau 0.4749 0.6476; loss 0.01269 0.006524
2022-01-21 15:55:28,922 root                INFO: Train: Epoch 170: train loss 0.0035
2022-01-21 15:55:30,808 root                INFO: Valid: Epoch 170: kendall tau 0.4769 0.6485; loss 0.0127 0.006327
2022-01-21 15:55:31,413 root                INFO: Train: Epoch 171: train loss 0.0036
2022-01-21 15:55:33,655 root                INFO: Valid: Epoch 171: kendall tau 0.4782 0.6523; loss 0.01138 0.006678
2022-01-21 15:55:34,204 root                INFO: Train: Epoch 172: train loss 0.0036
2022-01-21 15:55:36,276 root                INFO: Valid: Epoch 172: kendall tau 0.4725 0.6540; loss 0.01217 0.006848
2022-01-21 15:55:36,801 root                INFO: Train: Epoch 173: train loss 0.0035
2022-01-21 15:55:39,062 root                INFO: Valid: Epoch 173: kendall tau 0.4708 0.6554; loss 0.01321 0.00645
2022-01-21 15:55:39,609 root                INFO: Train: Epoch 174: train loss 0.0035
2022-01-21 15:55:41,538 root                INFO: Valid: Epoch 174: kendall tau 0.4755 0.6525; loss 0.01119 0.007181
2022-01-21 15:55:42,109 root                INFO: Train: Epoch 175: train loss 0.0035
2022-01-21 15:55:44,423 root                INFO: Valid: Epoch 175: kendall tau 0.4737 0.6533; loss 0.01241 0.006645
2022-01-21 15:55:45,047 root                INFO: Train: Epoch 176: train loss 0.0034
2022-01-21 15:55:47,266 root                INFO: Valid: Epoch 176: kendall tau 0.4742 0.6565; loss 0.01372 0.006162
2022-01-21 15:55:48,054 root                INFO: Train: Epoch 177: train loss 0.0035
2022-01-21 15:55:50,044 root                INFO: Valid: Epoch 177: kendall tau 0.4815 0.6542; loss 0.01102 0.006409
2022-01-21 15:55:50,602 root                INFO: Train: Epoch 178: train loss 0.0035
2022-01-21 15:55:52,722 root                INFO: Valid: Epoch 178: kendall tau 0.4788 0.6568; loss 0.0121 0.005987
2022-01-21 15:55:53,252 root                INFO: Train: Epoch 179: train loss 0.0033
2022-01-21 15:55:55,264 root                INFO: Valid: Epoch 179: kendall tau 0.4763 0.6551; loss 0.01267 0.00607
2022-01-21 15:55:55,835 root                INFO: Train: Epoch 180: train loss 0.0034
2022-01-21 15:55:57,964 root                INFO: Valid: Epoch 180: kendall tau 0.4759 0.6533; loss 0.01166 0.006525
2022-01-21 15:55:58,632 root                INFO: Train: Epoch 181: train loss 0.0033
2022-01-21 15:56:00,571 root                INFO: Valid: Epoch 181: kendall tau 0.4711 0.6528; loss 0.01271 0.00624
2022-01-21 15:56:01,258 root                INFO: Train: Epoch 182: train loss 0.0033
2022-01-21 15:56:03,570 root                INFO: Valid: Epoch 182: kendall tau 0.4721 0.6536; loss 0.012 0.006723
2022-01-21 15:56:04,326 root                INFO: Train: Epoch 183: train loss 0.0033
2022-01-21 15:56:06,738 root                INFO: Valid: Epoch 183: kendall tau 0.4757 0.6548; loss 0.01147 0.006841
2022-01-21 15:56:07,565 root                INFO: Train: Epoch 184: train loss 0.0032
2022-01-21 15:56:09,679 root                INFO: Valid: Epoch 184: kendall tau 0.4771 0.6575; loss 0.01283 0.006247
2022-01-21 15:56:10,370 root                INFO: Train: Epoch 185: train loss 0.0034
2022-01-21 15:56:12,654 root                INFO: Valid: Epoch 185: kendall tau 0.4867 0.6570; loss 0.01103 0.008123
2022-01-21 15:56:13,316 root                INFO: Train: Epoch 186: train loss 0.0041
2022-01-21 15:56:15,286 root                INFO: Valid: Epoch 186: kendall tau 0.4826 0.6644; loss 0.01394 0.007319
2022-01-21 15:56:15,945 root                INFO: Train: Epoch 187: train loss 0.0038
2022-01-21 15:56:18,125 root                INFO: Valid: Epoch 187: kendall tau 0.4821 0.6638; loss 0.01374 0.006721
2022-01-21 15:56:18,723 root                INFO: Train: Epoch 188: train loss 0.0037
2022-01-21 15:56:20,739 root                INFO: Valid: Epoch 188: kendall tau 0.4822 0.6599; loss 0.01041 0.00757
2022-01-21 15:56:21,337 root                INFO: Train: Epoch 189: train loss 0.0042
2022-01-21 15:56:23,491 root                INFO: Valid: Epoch 189: kendall tau 0.4740 0.6603; loss 0.01372 0.006523
2022-01-21 15:56:24,101 root                INFO: Train: Epoch 190: train loss 0.0047
2022-01-21 15:56:26,000 root                INFO: Valid: Epoch 190: kendall tau 0.4750 0.6571; loss 0.01272 0.00633
2022-01-21 15:56:26,526 root                INFO: Train: Epoch 191: train loss 0.0039
2022-01-21 15:56:28,775 root                INFO: Valid: Epoch 191: kendall tau 0.4786 0.6503; loss 0.01103 0.007592
2022-01-21 15:56:29,388 root                INFO: Train: Epoch 192: train loss 0.0047
2022-01-21 15:56:31,372 root                INFO: Valid: Epoch 192: kendall tau 0.4814 0.6589; loss 0.01381 0.005816
2022-01-21 15:56:31,926 root                INFO: Train: Epoch 193: train loss 0.0037
2022-01-21 15:56:34,044 root                INFO: Valid: Epoch 193: kendall tau 0.4924 0.6607; loss 0.01255 0.005621
2022-01-21 15:56:34,581 root                INFO: Train: Epoch 194: train loss 0.0036
2022-01-21 15:56:36,601 root                INFO: Valid: Epoch 194: kendall tau 0.5028 0.6576; loss 0.009984 0.005666
2022-01-21 15:56:37,306 root                INFO: Train: Epoch 195: train loss 0.0038
2022-01-21 15:56:39,509 root                INFO: Valid: Epoch 195: kendall tau 0.4955 0.6599; loss 0.01211 0.006209
2022-01-21 15:56:40,126 root                INFO: Train: Epoch 196: train loss 0.0034
2022-01-21 15:56:42,637 root                INFO: Valid: Epoch 196: kendall tau 0.4921 0.6627; loss 0.01466 0.006365
2022-01-21 15:56:43,219 root                INFO: Train: Epoch 197: train loss 0.0038
2022-01-21 15:56:45,176 root                INFO: Valid: Epoch 197: kendall tau 0.5035 0.6494; loss 0.01087 0.005704
2022-01-21 15:56:45,721 root                INFO: Train: Epoch 198: train loss 0.0034
2022-01-21 15:56:47,722 root                INFO: Valid: Epoch 198: kendall tau 0.5030 0.6459; loss 0.01022 0.00618
2022-01-21 15:56:48,237 root                INFO: Train: Epoch 199: train loss 0.0033
2022-01-21 15:56:50,085 root                INFO: Valid: Epoch 199: kendall tau 0.4880 0.6549; loss 0.0131 0.007013
2022-01-21 15:56:50,633 root                INFO: Train: Epoch 200: train loss 0.0034
2022-01-21 15:56:52,542 root                INFO: Valid: Epoch 200: kendall tau 0.4862 0.6548; loss 0.0127 0.006958
2022-01-21 15:56:52,548 root                INFO: Epoch 200: Save checkpoint to nb1shot1_anytime_tagates/tagates_0.1/1/202121/200.ckpt
2022-01-21 15:56:54,312 root                INFO: [0.0, 0.05555555555555555, 0.06944444444444445, 0.22802197802197802, 0.34156378600823045, 0.7473251028806585, 1.0]
2022-01-21 15:56:54,313 root                INFO: [0.0, 0.25, 0.3194444444444444, 0.554945054945055, 0.6131687242798354, 0.8447187928669411, 1.0]
2022-01-21 15:56:54,313 root                INFO: [23, 23]
2022-01-21 15:56:54,313 root                INFO: [26, 9]
