2022-01-19 23:23:44,512 root                INFO: GPU device = 7
2022-01-19 23:23:44,512 root                INFO: Load pkl cache from nasbench101.pkl and nasbench101_valid.pkl
2022-01-19 23:23:44,968 root                INFO: Config: {'arch_network_cfg': {'arch_embedder_cfg': {'b_use_bn': False, 'backward_gcn_out_dims': [128, 128, 128, 128, 128], 'concat_param_zs_as_opemb_dimension': 7, 'concat_param_zs_as_opemb_scale': 0.1, 'detach_vinfo': False, 'fb_conversion_dims': [128, 128], 'gcn_kwargs': {'plus_I': True, 'residual_only': 1}, 'gcn_out_dims': [128, 128, 128, 128, 128], 'hid_dim': 96, 'mask_nonparametrized_ops': False, 'node_embedding_dim': 48, 'num_time_steps': 3, 'op_embedding_dim': 48, 'symmetry_breaking_method': 'param_zs_add', 'updateopemb_detach_finfo': True, 'updateopemb_detach_opemb': True, 'updateopemb_dims': [128], 'updateopemb_method': 'concat_ofb', 'updateopemb_scale': 0.1}, 'arch_embedder_type': 'nb101-fbflow', 'compare_loss_type': 'margin_linear', 'compare_margin': 0.1, 'mlp_dropout': 0.1, 'mlp_hiddens': [200], 'optimizer': {'lr': 0.001, 'type': 'Adam'}, 'scheduler': None}, 'batch_size': 512, 'choose_pair_criterion': 'random', 'compare': True, 'compare_threshold': 0.0, 'epochs': 200, 'max_compare_ratio': 4.0}
2022-01-19 23:23:48,936 root                INFO: Combined args: Namespace(batch_size=512, cfg_file='cfgs/nb101_cfgs/gates_true_scale0.1.yaml', choose_pair_criterion='random', compare=True, compare_threshold=0.0, epochs=200, eval_only_last=5, gpu=7, load=None, max_compare_ratio=4.0, num_workers=4, report_freq=200, save_every=200, save_predict=None, seed=202121, test_funcs=None, test_only=False, train_dir='nb1shot1_ablation_scale/true/0.1_1/12/202121', train_pkl='../mynas/data/nasbench-1shot1/nasbench101_train_12.pkl', train_ratio=1.0, valid_pkl='../mynas/data/nasbench-1shot1/nasbench101_valid.pkl')
2022-01-19 23:23:48,936 root                INFO: Train dataset ratio: 1.000
2022-01-19 23:23:48,937 root                INFO: Number of architectures: train: 7290; valid: 7290
2022-01-19 23:23:54,646 root                INFO: Train: Epoch   1: train loss 0.0692
2022-01-19 23:23:58,413 root                INFO: Train: Epoch   2: train loss 0.0408
2022-01-19 23:24:02,065 root                INFO: Train: Epoch   3: train loss 0.0307
2022-01-19 23:24:05,764 root                INFO: Train: Epoch   4: train loss 0.0281
2022-01-19 23:24:09,351 root                INFO: Train: Epoch   5: train loss 0.0255
2022-01-19 23:24:12,934 root                INFO: Train: Epoch   6: train loss 0.0224
2022-01-19 23:24:16,521 root                INFO: Train: Epoch   7: train loss 0.0218
2022-01-19 23:24:19,984 root                INFO: Train: Epoch   8: train loss 0.0195
2022-01-19 23:24:23,638 root                INFO: Train: Epoch   9: train loss 0.0185
2022-01-19 23:24:27,421 root                INFO: Train: Epoch  10: train loss 0.0182
2022-01-19 23:24:31,115 root                INFO: Train: Epoch  11: train loss 0.0173
2022-01-19 23:24:35,080 root                INFO: Train: Epoch  12: train loss 0.0181
2022-01-19 23:24:38,787 root                INFO: Train: Epoch  13: train loss 0.0188
2022-01-19 23:24:42,548 root                INFO: Train: Epoch  14: train loss 0.0180
2022-01-19 23:24:46,084 root                INFO: Train: Epoch  15: train loss 0.0173
2022-01-19 23:24:49,707 root                INFO: Train: Epoch  16: train loss 0.0171
2022-01-19 23:24:53,485 root                INFO: Train: Epoch  17: train loss 0.0169
2022-01-19 23:24:56,953 root                INFO: Train: Epoch  18: train loss 0.0170
2022-01-19 23:25:00,503 root                INFO: Train: Epoch  19: train loss 0.0161
2022-01-19 23:25:03,958 root                INFO: Train: Epoch  20: train loss 0.0157
2022-01-19 23:25:07,505 root                INFO: Train: Epoch  21: train loss 0.0164
2022-01-19 23:25:10,853 root                INFO: Train: Epoch  22: train loss 0.0161
2022-01-19 23:25:14,484 root                INFO: Train: Epoch  23: train loss 0.0153
2022-01-19 23:25:18,118 root                INFO: Train: Epoch  24: train loss 0.0160
2022-01-19 23:25:21,835 root                INFO: Train: Epoch  25: train loss 0.0154
2022-01-19 23:25:25,471 root                INFO: Train: Epoch  26: train loss 0.0158
2022-01-19 23:25:29,180 root                INFO: Train: Epoch  27: train loss 0.0153
2022-01-19 23:25:32,747 root                INFO: Train: Epoch  28: train loss 0.0146
2022-01-19 23:25:36,261 root                INFO: Train: Epoch  29: train loss 0.0148
2022-01-19 23:25:39,817 root                INFO: Train: Epoch  30: train loss 0.0156
2022-01-19 23:25:43,536 root                INFO: Train: Epoch  31: train loss 0.0155
2022-01-19 23:25:47,305 root                INFO: Train: Epoch  32: train loss 0.0151
2022-01-19 23:25:51,150 root                INFO: Train: Epoch  33: train loss 0.0152
2022-01-19 23:25:54,711 root                INFO: Train: Epoch  34: train loss 0.0151
2022-01-19 23:25:58,287 root                INFO: Train: Epoch  35: train loss 0.0150
2022-01-19 23:26:01,712 root                INFO: Train: Epoch  36: train loss 0.0148
2022-01-19 23:26:05,389 root                INFO: Train: Epoch  37: train loss 0.0145
2022-01-19 23:26:09,040 root                INFO: Train: Epoch  38: train loss 0.0151
2022-01-19 23:26:12,705 root                INFO: Train: Epoch  39: train loss 0.0142
2022-01-19 23:26:16,413 root                INFO: Train: Epoch  40: train loss 0.0142
2022-01-19 23:26:20,016 root                INFO: Train: Epoch  41: train loss 0.0146
2022-01-19 23:26:23,904 root                INFO: Train: Epoch  42: train loss 0.0145
2022-01-19 23:26:27,430 root                INFO: Train: Epoch  43: train loss 0.0150
2022-01-19 23:26:30,985 root                INFO: Train: Epoch  44: train loss 0.0150
2022-01-19 23:26:34,626 root                INFO: Train: Epoch  45: train loss 0.0146
2022-01-19 23:26:38,221 root                INFO: Train: Epoch  46: train loss 0.0148
2022-01-19 23:26:41,906 root                INFO: Train: Epoch  47: train loss 0.0144
2022-01-19 23:26:45,541 root                INFO: Train: Epoch  48: train loss 0.0148
2022-01-19 23:26:49,119 root                INFO: Train: Epoch  49: train loss 0.0140
2022-01-19 23:26:52,685 root                INFO: Train: Epoch  50: train loss 0.0144
2022-01-19 23:26:56,125 root                INFO: Train: Epoch  51: train loss 0.0139
2022-01-19 23:26:59,825 root                INFO: Train: Epoch  52: train loss 0.0137
2022-01-19 23:27:03,369 root                INFO: Train: Epoch  53: train loss 0.0134
2022-01-19 23:27:06,831 root                INFO: Train: Epoch  54: train loss 0.0140
2022-01-19 23:27:10,361 root                INFO: Train: Epoch  55: train loss 0.0136
2022-01-19 23:27:13,873 root                INFO: Train: Epoch  56: train loss 0.0142
2022-01-19 23:27:17,392 root                INFO: Train: Epoch  57: train loss 0.0139
2022-01-19 23:27:20,885 root                INFO: Train: Epoch  58: train loss 0.0135
2022-01-19 23:27:24,368 root                INFO: Train: Epoch  59: train loss 0.0138
2022-01-19 23:27:27,907 root                INFO: Train: Epoch  60: train loss 0.0138
2022-01-19 23:27:31,553 root                INFO: Train: Epoch  61: train loss 0.0136
2022-01-19 23:27:35,106 root                INFO: Train: Epoch  62: train loss 0.0136
2022-01-19 23:27:38,617 root                INFO: Train: Epoch  63: train loss 0.0141
2022-01-19 23:27:42,207 root                INFO: Train: Epoch  64: train loss 0.0139
2022-01-19 23:27:45,691 root                INFO: Train: Epoch  65: train loss 0.0138
2022-01-19 23:27:49,256 root                INFO: Train: Epoch  66: train loss 0.0136
2022-01-19 23:27:52,667 root                INFO: Train: Epoch  67: train loss 0.0139
2022-01-19 23:27:56,234 root                INFO: Train: Epoch  68: train loss 0.0134
2022-01-19 23:27:59,680 root                INFO: Train: Epoch  69: train loss 0.0132
2022-01-19 23:28:03,218 root                INFO: Train: Epoch  70: train loss 0.0138
2022-01-19 23:28:06,955 root                INFO: Train: Epoch  71: train loss 0.0135
2022-01-19 23:28:10,475 root                INFO: Train: Epoch  72: train loss 0.0138
2022-01-19 23:28:13,856 root                INFO: Train: Epoch  73: train loss 0.0128
2022-01-19 23:28:17,302 root                INFO: Train: Epoch  74: train loss 0.0138
2022-01-19 23:28:20,762 root                INFO: Train: Epoch  75: train loss 0.0136
2022-01-19 23:28:24,162 root                INFO: Train: Epoch  76: train loss 0.0138
2022-01-19 23:28:27,636 root                INFO: Train: Epoch  77: train loss 0.0139
2022-01-19 23:28:31,063 root                INFO: Train: Epoch  78: train loss 0.0134
2022-01-19 23:28:34,483 root                INFO: Train: Epoch  79: train loss 0.0132
2022-01-19 23:28:38,117 root                INFO: Train: Epoch  80: train loss 0.0133
2022-01-19 23:28:41,575 root                INFO: Train: Epoch  81: train loss 0.0141
2022-01-19 23:28:45,106 root                INFO: Train: Epoch  82: train loss 0.0136
2022-01-19 23:28:48,501 root                INFO: Train: Epoch  83: train loss 0.0130
2022-01-19 23:28:52,056 root                INFO: Train: Epoch  84: train loss 0.0134
2022-01-19 23:28:55,628 root                INFO: Train: Epoch  85: train loss 0.0134
2022-01-19 23:28:59,049 root                INFO: Train: Epoch  86: train loss 0.0133
2022-01-19 23:29:02,445 root                INFO: Train: Epoch  87: train loss 0.0134
2022-01-19 23:29:05,882 root                INFO: Train: Epoch  88: train loss 0.0131
2022-01-19 23:29:09,275 root                INFO: Train: Epoch  89: train loss 0.0135
2022-01-19 23:29:12,960 root                INFO: Train: Epoch  90: train loss 0.0137
2022-01-19 23:29:16,388 root                INFO: Train: Epoch  91: train loss 0.0135
2022-01-19 23:29:19,835 root                INFO: Train: Epoch  92: train loss 0.0129
2022-01-19 23:29:23,334 root                INFO: Train: Epoch  93: train loss 0.0130
2022-01-19 23:29:26,771 root                INFO: Train: Epoch  94: train loss 0.0131
2022-01-19 23:29:30,261 root                INFO: Train: Epoch  95: train loss 0.0131
2022-01-19 23:29:33,754 root                INFO: Train: Epoch  96: train loss 0.0137
2022-01-19 23:29:37,174 root                INFO: Train: Epoch  97: train loss 0.0133
2022-01-19 23:29:40,794 root                INFO: Train: Epoch  98: train loss 0.0136
2022-01-19 23:29:44,435 root                INFO: Train: Epoch  99: train loss 0.0134
2022-01-19 23:29:47,903 root                INFO: Train: Epoch 100: train loss 0.0128
2022-01-19 23:29:51,445 root                INFO: Train: Epoch 101: train loss 0.0128
2022-01-19 23:29:55,263 root                INFO: Train: Epoch 102: train loss 0.0136
2022-01-19 23:29:58,981 root                INFO: Train: Epoch 103: train loss 0.0130
2022-01-19 23:30:02,780 root                INFO: Train: Epoch 104: train loss 0.0128
2022-01-19 23:30:06,536 root                INFO: Train: Epoch 105: train loss 0.0129
2022-01-19 23:30:10,062 root                INFO: Train: Epoch 106: train loss 0.0127
2022-01-19 23:30:13,704 root                INFO: Train: Epoch 107: train loss 0.0129
2022-01-19 23:30:17,289 root                INFO: Train: Epoch 108: train loss 0.0129
2022-01-19 23:30:20,977 root                INFO: Train: Epoch 109: train loss 0.0129
2022-01-19 23:30:24,533 root                INFO: Train: Epoch 110: train loss 0.0131
2022-01-19 23:30:28,152 root                INFO: Train: Epoch 111: train loss 0.0130
2022-01-19 23:30:31,751 root                INFO: Train: Epoch 112: train loss 0.0131
2022-01-19 23:30:35,324 root                INFO: Train: Epoch 113: train loss 0.0128
2022-01-19 23:30:38,775 root                INFO: Train: Epoch 114: train loss 0.0126
2022-01-19 23:30:42,328 root                INFO: Train: Epoch 115: train loss 0.0131
2022-01-19 23:30:45,798 root                INFO: Train: Epoch 116: train loss 0.0133
2022-01-19 23:30:49,088 root                INFO: Train: Epoch 117: train loss 0.0127
2022-01-19 23:30:52,732 root                INFO: Train: Epoch 118: train loss 0.0128
2022-01-19 23:30:56,237 root                INFO: Train: Epoch 119: train loss 0.0130
2022-01-19 23:30:59,653 root                INFO: Train: Epoch 120: train loss 0.0127
2022-01-19 23:31:03,203 root                INFO: Train: Epoch 121: train loss 0.0134
2022-01-19 23:31:06,541 root                INFO: Train: Epoch 122: train loss 0.0134
2022-01-19 23:31:09,939 root                INFO: Train: Epoch 123: train loss 0.0124
2022-01-19 23:31:13,406 root                INFO: Train: Epoch 124: train loss 0.0123
2022-01-19 23:31:16,766 root                INFO: Train: Epoch 125: train loss 0.0127
2022-01-19 23:31:20,186 root                INFO: Train: Epoch 126: train loss 0.0126
2022-01-19 23:31:23,884 root                INFO: Train: Epoch 127: train loss 0.0127
2022-01-19 23:31:27,540 root                INFO: Train: Epoch 128: train loss 0.0126
2022-01-19 23:31:31,043 root                INFO: Train: Epoch 129: train loss 0.0128
2022-01-19 23:31:34,492 root                INFO: Train: Epoch 130: train loss 0.0127
2022-01-19 23:31:37,973 root                INFO: Train: Epoch 131: train loss 0.0126
2022-01-19 23:31:41,423 root                INFO: Train: Epoch 132: train loss 0.0131
2022-01-19 23:31:44,904 root                INFO: Train: Epoch 133: train loss 0.0128
2022-01-19 23:31:48,414 root                INFO: Train: Epoch 134: train loss 0.0126
2022-01-19 23:31:51,816 root                INFO: Train: Epoch 135: train loss 0.0128
2022-01-19 23:31:55,242 root                INFO: Train: Epoch 136: train loss 0.0130
2022-01-19 23:31:58,983 root                INFO: Train: Epoch 137: train loss 0.0129
2022-01-19 23:32:02,466 root                INFO: Train: Epoch 138: train loss 0.0129
2022-01-19 23:32:06,038 root                INFO: Train: Epoch 139: train loss 0.0127
2022-01-19 23:32:09,549 root                INFO: Train: Epoch 140: train loss 0.0128
2022-01-19 23:32:13,071 root                INFO: Train: Epoch 141: train loss 0.0126
2022-01-19 23:32:16,661 root                INFO: Train: Epoch 142: train loss 0.0123
2022-01-19 23:32:20,149 root                INFO: Train: Epoch 143: train loss 0.0131
2022-01-19 23:32:23,589 root                INFO: Train: Epoch 144: train loss 0.0129
2022-01-19 23:32:27,008 root                INFO: Train: Epoch 145: train loss 0.0123
2022-01-19 23:32:30,600 root                INFO: Train: Epoch 146: train loss 0.0122
2022-01-19 23:32:34,210 root                INFO: Train: Epoch 147: train loss 0.0130
2022-01-19 23:32:37,934 root                INFO: Train: Epoch 148: train loss 0.0128
2022-01-19 23:32:41,496 root                INFO: Train: Epoch 149: train loss 0.0128
2022-01-19 23:32:45,056 root                INFO: Train: Epoch 150: train loss 0.0126
2022-01-19 23:32:48,641 root                INFO: Train: Epoch 151: train loss 0.0127
2022-01-19 23:32:52,238 root                INFO: Train: Epoch 152: train loss 0.0120
2022-01-19 23:32:55,933 root                INFO: Train: Epoch 153: train loss 0.0128
2022-01-19 23:32:59,583 root                INFO: Train: Epoch 154: train loss 0.0127
2022-01-19 23:33:03,366 root                INFO: Train: Epoch 155: train loss 0.0129
2022-01-19 23:33:07,160 root                INFO: Train: Epoch 156: train loss 0.0121
2022-01-19 23:33:10,649 root                INFO: Train: Epoch 157: train loss 0.0128
2022-01-19 23:33:14,155 root                INFO: Train: Epoch 158: train loss 0.0125
2022-01-19 23:33:17,579 root                INFO: Train: Epoch 159: train loss 0.0130
2022-01-19 23:33:21,201 root                INFO: Train: Epoch 160: train loss 0.0126
2022-01-19 23:33:24,665 root                INFO: Train: Epoch 161: train loss 0.0121
2022-01-19 23:33:28,158 root                INFO: Train: Epoch 162: train loss 0.0124
2022-01-19 23:33:31,713 root                INFO: Train: Epoch 163: train loss 0.0127
2022-01-19 23:33:35,289 root                INFO: Train: Epoch 164: train loss 0.0121
2022-01-19 23:33:38,871 root                INFO: Train: Epoch 165: train loss 0.0124
2022-01-19 23:33:42,575 root                INFO: Train: Epoch 166: train loss 0.0124
2022-01-19 23:33:46,177 root                INFO: Train: Epoch 167: train loss 0.0128
2022-01-19 23:33:49,671 root                INFO: Train: Epoch 168: train loss 0.0126
2022-01-19 23:33:53,073 root                INFO: Train: Epoch 169: train loss 0.0126
2022-01-19 23:33:56,467 root                INFO: Train: Epoch 170: train loss 0.0123
2022-01-19 23:33:59,932 root                INFO: Train: Epoch 171: train loss 0.0123
2022-01-19 23:34:03,534 root                INFO: Train: Epoch 172: train loss 0.0124
2022-01-19 23:34:07,032 root                INFO: Train: Epoch 173: train loss 0.0126
2022-01-19 23:34:10,593 root                INFO: Train: Epoch 174: train loss 0.0123
2022-01-19 23:34:14,267 root                INFO: Train: Epoch 175: train loss 0.0123
2022-01-19 23:34:17,923 root                INFO: Train: Epoch 176: train loss 0.0121
2022-01-19 23:34:21,423 root                INFO: Train: Epoch 177: train loss 0.0124
2022-01-19 23:34:25,014 root                INFO: Train: Epoch 178: train loss 0.0120
2022-01-19 23:34:28,778 root                INFO: Train: Epoch 179: train loss 0.0128
2022-01-19 23:34:32,300 root                INFO: Train: Epoch 180: train loss 0.0124
2022-01-19 23:34:35,806 root                INFO: Train: Epoch 181: train loss 0.0129
2022-01-19 23:34:39,278 root                INFO: Train: Epoch 182: train loss 0.0123
2022-01-19 23:34:42,740 root                INFO: Train: Epoch 183: train loss 0.0125
2022-01-19 23:34:46,242 root                INFO: Train: Epoch 184: train loss 0.0124
2022-01-19 23:34:49,990 root                INFO: Train: Epoch 185: train loss 0.0121
2022-01-19 23:34:53,529 root                INFO: Train: Epoch 186: train loss 0.0121
2022-01-19 23:34:57,034 root                INFO: Train: Epoch 187: train loss 0.0121
2022-01-19 23:35:00,496 root                INFO: Train: Epoch 188: train loss 0.0119
2022-01-19 23:35:03,964 root                INFO: Train: Epoch 189: train loss 0.0125
2022-01-19 23:35:07,448 root                INFO: Train: Epoch 190: train loss 0.0121
2022-01-19 23:35:10,969 root                INFO: Train: Epoch 191: train loss 0.0123
2022-01-19 23:35:14,374 root                INFO: Train: Epoch 192: train loss 0.0117
2022-01-19 23:35:17,859 root                INFO: Train: Epoch 193: train loss 0.0122
2022-01-19 23:35:21,450 root                INFO: Train: Epoch 194: train loss 0.0122
2022-01-19 23:35:24,968 root                INFO: Train: Epoch 195: train loss 0.0122
2022-01-19 23:35:28,598 root                INFO: Train: Epoch 196: train loss 0.0121
2022-01-19 23:35:30,510 root                INFO: Valid: Epoch 196: kendall tau 0.8216; loss 0.2682
2022-01-19 23:35:34,030 root                INFO: Train: Epoch 197: train loss 0.0123
2022-01-19 23:35:36,162 root                INFO: Valid: Epoch 197: kendall tau 0.8249; loss 0.2458
2022-01-19 23:35:39,735 root                INFO: Train: Epoch 198: train loss 0.0121
2022-01-19 23:35:41,705 root                INFO: Valid: Epoch 198: kendall tau 0.8206; loss 0.26
2022-01-19 23:35:45,243 root                INFO: Train: Epoch 199: train loss 0.0129
2022-01-19 23:35:47,285 root                INFO: Valid: Epoch 199: kendall tau 0.8181; loss 0.2513
2022-01-19 23:35:51,078 root                INFO: Train: Epoch 200: train loss 0.0122
2022-01-19 23:35:53,111 root                INFO: Valid: Epoch 200: kendall tau 0.8302; loss 0.257
2022-01-19 23:35:53,118 root                INFO: Epoch 200: Save checkpoint to nb1shot1_ablation_scale/true/0.1_1/12/202121/200.ckpt
2022-01-19 23:35:55,179 root                INFO: [0.2857142857142857, 0.5, 0.5694444444444444, 0.7060439560439561, 0.8024691358024691, 0.9234567901234568, 1.0]
2022-01-19 23:35:55,179 root                INFO: [1, 1]
