2022-01-21 17:36:14,688 root                INFO: GPU device = 1
2022-01-21 17:36:14,688 root                INFO: Load pkl cache from nasbench301_train.pkl and nasbench301_valid.pkl
2022-01-21 17:36:15,268 root                INFO: Config: {'arch_network_cfg': {'arch_embedder_cfg': {'take_adj_as_input': True, 'gcn_kwargs': {'residual_only': 2}, 'gcn_out_dims': [64, 64, 64, 64, 64], 'hidden_dim': 32, 'node_dim': 32, 'op_dim': 32, 'use_bn': False, 'final_concat': False, 'other_node_zero': False, 'num_time_steps': 2, 'fb_conversion_dims': [64, 64], 'backward_gcn_out_dims': [64, 64, 64, 64, 64], 'updateopemb_method': 'concat_ofb', 'updateopemb_dims': [64], 'share_skip_and_outskip': True, 'detach_vinfo': False, 'updateopemb_scale': 0.1, 'updateopemb_detach_opemb': True, 'updateopemb_detach_finfo': True, 'mask_nonparametrized_ops': True, 'symmetry_breaking_method': 'param_zs_add', 'concat_param_zs_as_opemb_dimension': 5, 'concat_param_zs_as_opemb_scale': 1.0}, 'arch_embedder_type': 'cellss-fbflow-anytime', 'compare_loss_type': 'margin_linear', 'compare_margin': 0.1, 'mlp_dropout': 0.1, 'mlp_hiddens': [200], 'mlp_out_dim': 1, 'optimizer': {'lr': 0.001, 'type': 'Adam'}, 'scheduler': None}, 'arch_network_type': 'pointwise_comparator', 'batch_size': 128, 'choose_pair_criterion': 'random', 'compare': False, 'compare_threshold': 0.0, 'epochs': 200, 'max_compare_ratio': 16.0}
2022-01-21 17:36:18,419 root                INFO: Combined args: Namespace(arch_network_type='pointwise_comparator', batch_size=128, cfg_file='cfgs/nb301_cfgs/tagates_anytime.yaml', choose_pair_criterion='random', compare=False, compare_threshold=0.0, epochs=200, eval_only_last=1, gpu=1, load=None, max_compare_ratio=16.0, num_workers=4, report_freq=200, save_every=200, save_predict=None, seed=202121, test_funcs=None, test_only=False, train_dir='nb301_anytime_tagates/tagates_0.01/1/202121', train_pkl='../mynas/data/nasbench-301/nasbench301_train_mtx_anytime_1.pkl', train_ratio=0.01, valid_pkl='../mynas/data/nasbench-301/nasbench301_valid_mtx_anytime.pkl')
2022-01-21 17:36:18,427 root                INFO: Train dataset ratio: 0.010
2022-01-21 17:36:18,428 root                INFO: Number of architectures: train: 58; valid: 51072
2022-01-21 17:36:31,716 root                INFO: Train: Epoch   1: train loss 0.3436
2022-01-21 17:36:32,274 root                INFO: Train: Epoch   2: train loss 0.3360
2022-01-21 17:36:32,869 root                INFO: Train: Epoch   3: train loss 0.3288
2022-01-21 17:36:33,459 root                INFO: Train: Epoch   4: train loss 0.3201
2022-01-21 17:36:34,034 root                INFO: Train: Epoch   5: train loss 0.3090
2022-01-21 17:36:34,638 root                INFO: Train: Epoch   6: train loss 0.2959
2022-01-21 17:36:35,207 root                INFO: Train: Epoch   7: train loss 0.2776
2022-01-21 17:36:35,781 root                INFO: Train: Epoch   8: train loss 0.2565
2022-01-21 17:36:36,369 root                INFO: Train: Epoch   9: train loss 0.2275
2022-01-21 17:36:36,935 root                INFO: Train: Epoch  10: train loss 0.1932
2022-01-21 17:36:37,503 root                INFO: Train: Epoch  11: train loss 0.1528
2022-01-21 17:36:38,109 root                INFO: Train: Epoch  12: train loss 0.1073
2022-01-21 17:36:38,704 root                INFO: Train: Epoch  13: train loss 0.0635
2022-01-21 17:36:39,280 root                INFO: Train: Epoch  14: train loss 0.0274
2022-01-21 17:36:39,842 root                INFO: Train: Epoch  15: train loss 0.0095
2022-01-21 17:36:40,400 root                INFO: Train: Epoch  16: train loss 0.0063
2022-01-21 17:36:40,977 root                INFO: Train: Epoch  17: train loss 0.0100
2022-01-21 17:36:41,567 root                INFO: Train: Epoch  18: train loss 0.0140
2022-01-21 17:36:42,150 root                INFO: Train: Epoch  19: train loss 0.0162
2022-01-21 17:36:42,746 root                INFO: Train: Epoch  20: train loss 0.0175
2022-01-21 17:36:43,329 root                INFO: Train: Epoch  21: train loss 0.0181
2022-01-21 17:36:43,908 root                INFO: Train: Epoch  22: train loss 0.0183
2022-01-21 17:36:44,506 root                INFO: Train: Epoch  23: train loss 0.0185
2022-01-21 17:36:45,085 root                INFO: Train: Epoch  24: train loss 0.0185
2022-01-21 17:36:45,656 root                INFO: Train: Epoch  25: train loss 0.0186
2022-01-21 17:36:46,264 root                INFO: Train: Epoch  26: train loss 0.0186
2022-01-21 17:36:46,825 root                INFO: Train: Epoch  27: train loss 0.0186
2022-01-21 17:36:47,386 root                INFO: Train: Epoch  28: train loss 0.0186
2022-01-21 17:36:47,941 root                INFO: Train: Epoch  29: train loss 0.0186
2022-01-21 17:36:48,515 root                INFO: Train: Epoch  30: train loss 0.0186
2022-01-21 17:36:49,119 root                INFO: Train: Epoch  31: train loss 0.0186
2022-01-21 17:36:49,689 root                INFO: Train: Epoch  32: train loss 0.0186
2022-01-21 17:36:50,247 root                INFO: Train: Epoch  33: train loss 0.0186
2022-01-21 17:36:50,823 root                INFO: Train: Epoch  34: train loss 0.0186
2022-01-21 17:36:51,403 root                INFO: Train: Epoch  35: train loss 0.0186
2022-01-21 17:36:51,999 root                INFO: Train: Epoch  36: train loss 0.0186
2022-01-21 17:36:52,577 root                INFO: Train: Epoch  37: train loss 0.0186
2022-01-21 17:36:53,192 root                INFO: Train: Epoch  38: train loss 0.0186
2022-01-21 17:36:53,791 root                INFO: Train: Epoch  39: train loss 0.0186
2022-01-21 17:36:54,387 root                INFO: Train: Epoch  40: train loss 0.0186
2022-01-21 17:36:54,987 root                INFO: Train: Epoch  41: train loss 0.0186
2022-01-21 17:36:55,561 root                INFO: Train: Epoch  42: train loss 0.0186
2022-01-21 17:36:56,157 root                INFO: Train: Epoch  43: train loss 0.0186
2022-01-21 17:36:56,738 root                INFO: Train: Epoch  44: train loss 0.0186
2022-01-21 17:36:57,331 root                INFO: Train: Epoch  45: train loss 0.0186
2022-01-21 17:36:57,937 root                INFO: Train: Epoch  46: train loss 0.0186
2022-01-21 17:36:58,485 root                INFO: Train: Epoch  47: train loss 0.0186
2022-01-21 17:36:59,049 root                INFO: Train: Epoch  48: train loss 0.0186
2022-01-21 17:36:59,620 root                INFO: Train: Epoch  49: train loss 0.0186
2022-01-21 17:37:00,194 root                INFO: Train: Epoch  50: train loss 0.0186
2022-01-21 17:37:00,750 root                INFO: Train: Epoch  51: train loss 0.0186
2022-01-21 17:37:01,313 root                INFO: Train: Epoch  52: train loss 0.0186
2022-01-21 17:37:01,882 root                INFO: Train: Epoch  53: train loss 0.0186
2022-01-21 17:37:02,474 root                INFO: Train: Epoch  54: train loss 0.0186
2022-01-21 17:37:03,012 root                INFO: Train: Epoch  55: train loss 0.0186
2022-01-21 17:37:03,546 root                INFO: Train: Epoch  56: train loss 0.0186
2022-01-21 17:37:04,125 root                INFO: Train: Epoch  57: train loss 0.0186
2022-01-21 17:37:04,671 root                INFO: Train: Epoch  58: train loss 0.0186
2022-01-21 17:37:05,204 root                INFO: Train: Epoch  59: train loss 0.0186
2022-01-21 17:37:05,738 root                INFO: Train: Epoch  60: train loss 0.0186
2022-01-21 17:37:06,304 root                INFO: Train: Epoch  61: train loss 0.0186
2022-01-21 17:37:06,848 root                INFO: Train: Epoch  62: train loss 0.0186
2022-01-21 17:37:07,374 root                INFO: Train: Epoch  63: train loss 0.0186
2022-01-21 17:37:07,937 root                INFO: Train: Epoch  64: train loss 0.0186
2022-01-21 17:37:08,526 root                INFO: Train: Epoch  65: train loss 0.0186
2022-01-21 17:37:09,103 root                INFO: Train: Epoch  66: train loss 0.0186
2022-01-21 17:37:09,665 root                INFO: Train: Epoch  67: train loss 0.0186
2022-01-21 17:37:10,224 root                INFO: Train: Epoch  68: train loss 0.0186
2022-01-21 17:37:10,768 root                INFO: Train: Epoch  69: train loss 0.0186
2022-01-21 17:37:11,312 root                INFO: Train: Epoch  70: train loss 0.0186
2022-01-21 17:37:11,915 root                INFO: Train: Epoch  71: train loss 0.0186
2022-01-21 17:37:12,466 root                INFO: Train: Epoch  72: train loss 0.0186
2022-01-21 17:37:13,005 root                INFO: Train: Epoch  73: train loss 0.0186
2022-01-21 17:37:13,602 root                INFO: Train: Epoch  74: train loss 0.0186
2022-01-21 17:37:14,174 root                INFO: Train: Epoch  75: train loss 0.0186
2022-01-21 17:37:14,736 root                INFO: Train: Epoch  76: train loss 0.0186
2022-01-21 17:37:15,292 root                INFO: Train: Epoch  77: train loss 0.0186
2022-01-21 17:37:15,842 root                INFO: Train: Epoch  78: train loss 0.0186
2022-01-21 17:37:16,384 root                INFO: Train: Epoch  79: train loss 0.0186
2022-01-21 17:37:16,919 root                INFO: Train: Epoch  80: train loss 0.0186
2022-01-21 17:37:17,457 root                INFO: Train: Epoch  81: train loss 0.0186
2022-01-21 17:37:18,041 root                INFO: Train: Epoch  82: train loss 0.0186
2022-01-21 17:37:18,573 root                INFO: Train: Epoch  83: train loss 0.0186
2022-01-21 17:37:19,101 root                INFO: Train: Epoch  84: train loss 0.0186
2022-01-21 17:37:19,635 root                INFO: Train: Epoch  85: train loss 0.0186
2022-01-21 17:37:20,137 root                INFO: Train: Epoch  86: train loss 0.0186
2022-01-21 17:37:20,672 root                INFO: Train: Epoch  87: train loss 0.0186
2022-01-21 17:37:21,233 root                INFO: Train: Epoch  88: train loss 0.0186
2022-01-21 17:37:21,758 root                INFO: Train: Epoch  89: train loss 0.0186
2022-01-21 17:37:22,278 root                INFO: Train: Epoch  90: train loss 0.0186
2022-01-21 17:37:22,830 root                INFO: Train: Epoch  91: train loss 0.0186
2022-01-21 17:37:23,378 root                INFO: Train: Epoch  92: train loss 0.0186
2022-01-21 17:37:23,943 root                INFO: Train: Epoch  93: train loss 0.0186
2022-01-21 17:37:24,499 root                INFO: Train: Epoch  94: train loss 0.0186
2022-01-21 17:37:25,077 root                INFO: Train: Epoch  95: train loss 0.0186
2022-01-21 17:37:25,612 root                INFO: Train: Epoch  96: train loss 0.0186
2022-01-21 17:37:26,171 root                INFO: Train: Epoch  97: train loss 0.0186
2022-01-21 17:37:26,758 root                INFO: Train: Epoch  98: train loss 0.0186
2022-01-21 17:37:27,329 root                INFO: Train: Epoch  99: train loss 0.0186
2022-01-21 17:37:27,863 root                INFO: Train: Epoch 100: train loss 0.0186
2022-01-21 17:37:28,409 root                INFO: Train: Epoch 101: train loss 0.0186
2022-01-21 17:37:28,942 root                INFO: Train: Epoch 102: train loss 0.0186
2022-01-21 17:37:29,523 root                INFO: Train: Epoch 103: train loss 0.0186
2022-01-21 17:37:30,056 root                INFO: Train: Epoch 104: train loss 0.0186
2022-01-21 17:37:30,589 root                INFO: Train: Epoch 105: train loss 0.0186
2022-01-21 17:37:31,144 root                INFO: Train: Epoch 106: train loss 0.0186
2022-01-21 17:37:31,712 root                INFO: Train: Epoch 107: train loss 0.0186
2022-01-21 17:37:32,255 root                INFO: Train: Epoch 108: train loss 0.0186
2022-01-21 17:37:32,813 root                INFO: Train: Epoch 109: train loss 0.0186
2022-01-21 17:37:33,394 root                INFO: Train: Epoch 110: train loss 0.0186
2022-01-21 17:37:33,924 root                INFO: Train: Epoch 111: train loss 0.0186
2022-01-21 17:37:34,481 root                INFO: Train: Epoch 112: train loss 0.0186
2022-01-21 17:37:35,066 root                INFO: Train: Epoch 113: train loss 0.0186
2022-01-21 17:37:35,642 root                INFO: Train: Epoch 114: train loss 0.0186
2022-01-21 17:37:36,257 root                INFO: Train: Epoch 115: train loss 0.0186
2022-01-21 17:37:36,879 root                INFO: Train: Epoch 116: train loss 0.0186
2022-01-21 17:37:37,501 root                INFO: Train: Epoch 117: train loss 0.0186
2022-01-21 17:37:38,087 root                INFO: Train: Epoch 118: train loss 0.0186
2022-01-21 17:37:38,661 root                INFO: Train: Epoch 119: train loss 0.0186
2022-01-21 17:37:39,259 root                INFO: Train: Epoch 120: train loss 0.0186
2022-01-21 17:37:39,844 root                INFO: Train: Epoch 121: train loss 0.0186
2022-01-21 17:37:40,436 root                INFO: Train: Epoch 122: train loss 0.0186
2022-01-21 17:37:41,040 root                INFO: Train: Epoch 123: train loss 0.0186
2022-01-21 17:37:41,635 root                INFO: Train: Epoch 124: train loss 0.0186
2022-01-21 17:37:42,243 root                INFO: Train: Epoch 125: train loss 0.0186
2022-01-21 17:37:42,854 root                INFO: Train: Epoch 126: train loss 0.0186
2022-01-21 17:37:43,453 root                INFO: Train: Epoch 127: train loss 0.0186
2022-01-21 17:37:44,056 root                INFO: Train: Epoch 128: train loss 0.0186
2022-01-21 17:37:44,659 root                INFO: Train: Epoch 129: train loss 0.0186
2022-01-21 17:37:45,254 root                INFO: Train: Epoch 130: train loss 0.0186
2022-01-21 17:37:45,832 root                INFO: Train: Epoch 131: train loss 0.0186
2022-01-21 17:37:46,406 root                INFO: Train: Epoch 132: train loss 0.0186
2022-01-21 17:37:46,973 root                INFO: Train: Epoch 133: train loss 0.0186
2022-01-21 17:37:47,541 root                INFO: Train: Epoch 134: train loss 0.0186
2022-01-21 17:37:48,097 root                INFO: Train: Epoch 135: train loss 0.0186
2022-01-21 17:37:48,658 root                INFO: Train: Epoch 136: train loss 0.0186
2022-01-21 17:37:49,203 root                INFO: Train: Epoch 137: train loss 0.0186
2022-01-21 17:37:49,787 root                INFO: Train: Epoch 138: train loss 0.0186
2022-01-21 17:37:50,347 root                INFO: Train: Epoch 139: train loss 0.0186
2022-01-21 17:37:50,934 root                INFO: Train: Epoch 140: train loss 0.0186
2022-01-21 17:37:51,517 root                INFO: Train: Epoch 141: train loss 0.0186
2022-01-21 17:37:52,075 root                INFO: Train: Epoch 142: train loss 0.0186
2022-01-21 17:37:52,656 root                INFO: Train: Epoch 143: train loss 0.0186
2022-01-21 17:37:53,245 root                INFO: Train: Epoch 144: train loss 0.0186
2022-01-21 17:37:53,836 root                INFO: Train: Epoch 145: train loss 0.0186
2022-01-21 17:37:54,417 root                INFO: Train: Epoch 146: train loss 0.0186
2022-01-21 17:37:55,026 root                INFO: Train: Epoch 147: train loss 0.0186
2022-01-21 17:37:55,604 root                INFO: Train: Epoch 148: train loss 0.0186
2022-01-21 17:37:56,200 root                INFO: Train: Epoch 149: train loss 0.0186
2022-01-21 17:37:56,794 root                INFO: Train: Epoch 150: train loss 0.0186
2022-01-21 17:37:57,379 root                INFO: Train: Epoch 151: train loss 0.0186
2022-01-21 17:37:57,969 root                INFO: Train: Epoch 152: train loss 0.0186
2022-01-21 17:37:58,552 root                INFO: Train: Epoch 153: train loss 0.0186
2022-01-21 17:37:59,151 root                INFO: Train: Epoch 154: train loss 0.0186
2022-01-21 17:37:59,767 root                INFO: Train: Epoch 155: train loss 0.0186
2022-01-21 17:38:00,370 root                INFO: Train: Epoch 156: train loss 0.0186
2022-01-21 17:38:00,948 root                INFO: Train: Epoch 157: train loss 0.0186
2022-01-21 17:38:01,525 root                INFO: Train: Epoch 158: train loss 0.0186
2022-01-21 17:38:02,085 root                INFO: Train: Epoch 159: train loss 0.0186
2022-01-21 17:38:02,633 root                INFO: Train: Epoch 160: train loss 0.0186
2022-01-21 17:38:03,245 root                INFO: Train: Epoch 161: train loss 0.0186
2022-01-21 17:38:03,835 root                INFO: Train: Epoch 162: train loss 0.0186
2022-01-21 17:38:04,443 root                INFO: Train: Epoch 163: train loss 0.0186
2022-01-21 17:38:05,022 root                INFO: Train: Epoch 164: train loss 0.0186
2022-01-21 17:38:05,617 root                INFO: Train: Epoch 165: train loss 0.0186
2022-01-21 17:38:06,206 root                INFO: Train: Epoch 166: train loss 0.0186
2022-01-21 17:38:06,802 root                INFO: Train: Epoch 167: train loss 0.0186
2022-01-21 17:38:07,409 root                INFO: Train: Epoch 168: train loss 0.0186
2022-01-21 17:38:07,994 root                INFO: Train: Epoch 169: train loss 0.0186
2022-01-21 17:38:08,594 root                INFO: Train: Epoch 170: train loss 0.0186
2022-01-21 17:38:09,161 root                INFO: Train: Epoch 171: train loss 0.0186
2022-01-21 17:38:09,761 root                INFO: Train: Epoch 172: train loss 0.0186
2022-01-21 17:38:10,336 root                INFO: Train: Epoch 173: train loss 0.0186
2022-01-21 17:38:10,890 root                INFO: Train: Epoch 174: train loss 0.0186
2022-01-21 17:38:11,443 root                INFO: Train: Epoch 175: train loss 0.0186
2022-01-21 17:38:12,024 root                INFO: Train: Epoch 176: train loss 0.0186
2022-01-21 17:38:12,595 root                INFO: Train: Epoch 177: train loss 0.0186
2022-01-21 17:38:13,162 root                INFO: Train: Epoch 178: train loss 0.0186
2022-01-21 17:38:13,721 root                INFO: Train: Epoch 179: train loss 0.0186
2022-01-21 17:38:14,290 root                INFO: Train: Epoch 180: train loss 0.0186
2022-01-21 17:38:14,866 root                INFO: Train: Epoch 181: train loss 0.0186
2022-01-21 17:38:15,435 root                INFO: Train: Epoch 182: train loss 0.0186
2022-01-21 17:38:16,003 root                INFO: Train: Epoch 183: train loss 0.0186
2022-01-21 17:38:16,576 root                INFO: Train: Epoch 184: train loss 0.0186
2022-01-21 17:38:17,145 root                INFO: Train: Epoch 185: train loss 0.0186
2022-01-21 17:38:17,737 root                INFO: Train: Epoch 186: train loss 0.0186
2022-01-21 17:38:18,290 root                INFO: Train: Epoch 187: train loss 0.0186
2022-01-21 17:38:18,812 root                INFO: Train: Epoch 188: train loss 0.0186
2022-01-21 17:38:19,356 root                INFO: Train: Epoch 189: train loss 0.0186
2022-01-21 17:38:19,903 root                INFO: Train: Epoch 190: train loss 0.0186
2022-01-21 17:38:20,433 root                INFO: Train: Epoch 191: train loss 0.0186
2022-01-21 17:38:20,961 root                INFO: Train: Epoch 192: train loss 0.0186
2022-01-21 17:38:21,499 root                INFO: Train: Epoch 193: train loss 0.0186
2022-01-21 17:38:22,036 root                INFO: Train: Epoch 194: train loss 0.0186
2022-01-21 17:38:22,623 root                INFO: Train: Epoch 195: train loss 0.0186
2022-01-21 17:38:23,157 root                INFO: Train: Epoch 196: train loss 0.0186
2022-01-21 17:38:23,689 root                INFO: Train: Epoch 197: train loss 0.0186
2022-01-21 17:38:24,199 root                INFO: Train: Epoch 198: train loss 0.0186
2022-01-21 17:38:24,690 root                INFO: Train: Epoch 199: train loss 0.0186
2022-01-21 17:38:25,178 root                INFO: Train: Epoch 200: train loss 0.0186
2022-01-21 17:38:39,423 root                INFO: Valid: Epoch 200: kendall tau 0.0654 0.0677; loss 0.01372 0.004756
2022-01-21 17:38:39,429 root                INFO: Epoch 200: Save checkpoint to nb301_anytime_tagates/tagates_0.01/1/202121/200.ckpt
2022-01-21 17:38:53,290 root                INFO: [0.0, 0.0, 0.0, 0.0426948687818253, 0.13961229684746426, 0.6231986215538847, 1.0]
2022-01-21 17:38:53,290 root                INFO: [0.0, 0.0, 0.0, 0.07638072855464159, 0.16761308008615625, 0.6268405388471178, 1.0]
2022-01-21 17:38:53,290 root                INFO: [16242, 16242]
2022-01-21 17:38:53,290 root                INFO: [16241, 879]
2022-01-21 22:11:59,900 root                INFO: GPU device = 1
2022-01-21 22:11:59,900 root                INFO: Load pkl cache from nasbench301_train.pkl and nasbench301_valid.pkl
2022-01-21 22:12:00,576 root                INFO: Config: {'arch_network_cfg': {'arch_embedder_cfg': {'take_adj_as_input': True, 'gcn_kwargs': {'residual_only': 2}, 'gcn_out_dims': [64, 64, 64, 64, 64], 'hidden_dim': 32, 'node_dim': 32, 'op_dim': 32, 'use_bn': False, 'final_concat': False, 'other_node_zero': False, 'num_time_steps': 2, 'fb_conversion_dims': [64, 64], 'backward_gcn_out_dims': [64, 64, 64, 64, 64], 'updateopemb_method': 'concat_ofb', 'updateopemb_dims': [64], 'share_skip_and_outskip': True, 'detach_vinfo': False, 'updateopemb_scale': 0.1, 'updateopemb_detach_opemb': True, 'updateopemb_detach_finfo': True, 'mask_nonparametrized_ops': True, 'symmetry_breaking_method': 'param_zs_add', 'concat_param_zs_as_opemb_dimension': 5, 'concat_param_zs_as_opemb_scale': 1.0}, 'arch_embedder_type': 'cellss-fbflow-anytime', 'compare_loss_type': 'margin_linear', 'compare_margin': 0.1, 'mlp_dropout': 0.1, 'mlp_hiddens': [200], 'mlp_out_dim': 1, 'optimizer': {'lr': 0.0001, 'type': 'Adam'}, 'scheduler': None}, 'arch_network_type': 'pointwise_comparator', 'batch_size': 128, 'choose_pair_criterion': 'random', 'compare': False, 'compare_threshold': 0.0, 'epochs': 200, 'max_compare_ratio': 16.0}
2022-01-21 22:12:04,812 root                INFO: Combined args: Namespace(arch_network_type='pointwise_comparator', batch_size=128, cfg_file='cfgs/nb301_cfgs/tagates_anytime.yaml', choose_pair_criterion='random', compare=False, compare_threshold=0.0, epochs=200, eval_only_last=1, gpu=1, load=None, max_compare_ratio=16.0, num_workers=4, report_freq=200, save_every=200, save_predict=None, seed=202121, test_funcs=None, test_only=False, train_dir='nb301_anytime_tagates/tagates_0.01/1/202121', train_pkl='../mynas/data/nasbench-301/nasbench301_train_mtx_anytime_1.pkl', train_ratio=0.01, valid_pkl='../mynas/data/nasbench-301/nasbench301_valid_mtx_anytime.pkl')
2022-01-21 22:12:04,822 root                INFO: Train dataset ratio: 0.010
2022-01-21 22:12:04,823 root                INFO: Number of architectures: train: 58; valid: 51072
2022-01-21 22:12:18,678 root                INFO: Train: Epoch   1: train loss 0.3436
2022-01-21 22:12:19,327 root                INFO: Train: Epoch   2: train loss 0.3427
2022-01-21 22:12:19,953 root                INFO: Train: Epoch   3: train loss 0.3418
2022-01-21 22:12:20,570 root                INFO: Train: Epoch   4: train loss 0.3411
2022-01-21 22:12:21,272 root                INFO: Train: Epoch   5: train loss 0.3403
2022-01-21 22:12:21,907 root                INFO: Train: Epoch   6: train loss 0.3400
2022-01-21 22:12:22,578 root                INFO: Train: Epoch   7: train loss 0.3387
2022-01-21 22:12:23,253 root                INFO: Train: Epoch   8: train loss 0.3384
2022-01-21 22:12:23,984 root                INFO: Train: Epoch   9: train loss 0.3374
2022-01-21 22:12:24,655 root                INFO: Train: Epoch  10: train loss 0.3370
2022-01-21 22:12:25,293 root                INFO: Train: Epoch  11: train loss 0.3362
2022-01-21 22:12:25,894 root                INFO: Train: Epoch  12: train loss 0.3353
2022-01-21 22:12:26,566 root                INFO: Train: Epoch  13: train loss 0.3347
2022-01-21 22:12:27,175 root                INFO: Train: Epoch  14: train loss 0.3332
2022-01-21 22:12:27,804 root                INFO: Train: Epoch  15: train loss 0.3326
2022-01-21 22:12:28,530 root                INFO: Train: Epoch  16: train loss 0.3315
2022-01-21 22:12:29,288 root                INFO: Train: Epoch  17: train loss 0.3308
2022-01-21 22:12:30,170 root                INFO: Train: Epoch  18: train loss 0.3295
2022-01-21 22:12:30,945 root                INFO: Train: Epoch  19: train loss 0.3288
2022-01-21 22:12:31,762 root                INFO: Train: Epoch  20: train loss 0.3276
2022-01-21 22:12:32,477 root                INFO: Train: Epoch  21: train loss 0.3272
2022-01-21 22:12:33,308 root                INFO: Train: Epoch  22: train loss 0.3259
2022-01-21 22:12:34,153 root                INFO: Train: Epoch  23: train loss 0.3251
2022-01-21 22:12:34,992 root                INFO: Train: Epoch  24: train loss 0.3234
2022-01-21 22:12:35,868 root                INFO: Train: Epoch  25: train loss 0.3224
2022-01-21 22:12:36,706 root                INFO: Train: Epoch  26: train loss 0.3205
2022-01-21 22:12:37,614 root                INFO: Train: Epoch  27: train loss 0.3196
2022-01-21 22:12:38,501 root                INFO: Train: Epoch  28: train loss 0.3178
2022-01-21 22:12:39,406 root                INFO: Train: Epoch  29: train loss 0.3160
2022-01-21 22:12:40,313 root                INFO: Train: Epoch  30: train loss 0.3154
2022-01-21 22:12:41,303 root                INFO: Train: Epoch  31: train loss 0.3137
2022-01-21 22:12:42,004 root                INFO: Train: Epoch  32: train loss 0.3115
2022-01-21 22:12:42,633 root                INFO: Train: Epoch  33: train loss 0.3095
2022-01-21 22:12:43,353 root                INFO: Train: Epoch  34: train loss 0.3072
2022-01-21 22:12:44,167 root                INFO: Train: Epoch  35: train loss 0.3056
2022-01-21 22:12:44,927 root                INFO: Train: Epoch  36: train loss 0.3038
2022-01-21 22:12:45,698 root                INFO: Train: Epoch  37: train loss 0.3019
2022-01-21 22:12:46,631 root                INFO: Train: Epoch  38: train loss 0.2992
2022-01-21 22:12:47,592 root                INFO: Train: Epoch  39: train loss 0.2967
2022-01-21 22:12:48,495 root                INFO: Train: Epoch  40: train loss 0.2940
2022-01-21 22:12:49,519 root                INFO: Train: Epoch  41: train loss 0.2914
2022-01-21 22:12:50,245 root                INFO: Train: Epoch  42: train loss 0.2893
2022-01-21 22:12:51,171 root                INFO: Train: Epoch  43: train loss 0.2855
2022-01-21 22:12:51,922 root                INFO: Train: Epoch  44: train loss 0.2827
2022-01-21 22:12:52,634 root                INFO: Train: Epoch  45: train loss 0.2786
2022-01-21 22:12:53,457 root                INFO: Train: Epoch  46: train loss 0.2760
2022-01-21 22:12:54,214 root                INFO: Train: Epoch  47: train loss 0.2717
2022-01-21 22:12:54,973 root                INFO: Train: Epoch  48: train loss 0.2680
2022-01-21 22:12:55,760 root                INFO: Train: Epoch  49: train loss 0.2648
2022-01-21 22:12:56,593 root                INFO: Train: Epoch  50: train loss 0.2604
2022-01-21 22:12:57,437 root                INFO: Train: Epoch  51: train loss 0.2544
2022-01-21 22:12:58,239 root                INFO: Train: Epoch  52: train loss 0.2495
2022-01-21 22:12:58,986 root                INFO: Train: Epoch  53: train loss 0.2456
2022-01-21 22:12:59,963 root                INFO: Train: Epoch  54: train loss 0.2394
2022-01-21 22:13:00,717 root                INFO: Train: Epoch  55: train loss 0.2354
2022-01-21 22:13:01,397 root                INFO: Train: Epoch  56: train loss 0.2288
2022-01-21 22:13:02,231 root                INFO: Train: Epoch  57: train loss 0.2228
2022-01-21 22:13:03,177 root                INFO: Train: Epoch  58: train loss 0.2173
2022-01-21 22:13:03,909 root                INFO: Train: Epoch  59: train loss 0.2108
2022-01-21 22:13:04,767 root                INFO: Train: Epoch  60: train loss 0.2026
2022-01-21 22:13:05,680 root                INFO: Train: Epoch  61: train loss 0.1948
2022-01-21 22:13:06,392 root                INFO: Train: Epoch  62: train loss 0.1890
2022-01-21 22:13:07,256 root                INFO: Train: Epoch  63: train loss 0.1804
2022-01-21 22:13:08,012 root                INFO: Train: Epoch  64: train loss 0.1736
2022-01-21 22:13:08,869 root                INFO: Train: Epoch  65: train loss 0.1652
2022-01-21 22:13:09,704 root                INFO: Train: Epoch  66: train loss 0.1581
2022-01-21 22:13:10,414 root                INFO: Train: Epoch  67: train loss 0.1499
2022-01-21 22:13:11,086 root                INFO: Train: Epoch  68: train loss 0.1400
2022-01-21 22:13:11,826 root                INFO: Train: Epoch  69: train loss 0.1318
2022-01-21 22:13:12,504 root                INFO: Train: Epoch  70: train loss 0.1225
2022-01-21 22:13:13,167 root                INFO: Train: Epoch  71: train loss 0.1143
2022-01-21 22:13:13,917 root                INFO: Train: Epoch  72: train loss 0.1075
2022-01-21 22:13:14,606 root                INFO: Train: Epoch  73: train loss 0.0999
2022-01-21 22:13:15,324 root                INFO: Train: Epoch  74: train loss 0.0890
2022-01-21 22:13:15,956 root                INFO: Train: Epoch  75: train loss 0.0821
2022-01-21 22:13:16,670 root                INFO: Train: Epoch  76: train loss 0.0739
2022-01-21 22:13:17,334 root                INFO: Train: Epoch  77: train loss 0.0660
2022-01-21 22:13:17,951 root                INFO: Train: Epoch  78: train loss 0.0585
2022-01-21 22:13:18,638 root                INFO: Train: Epoch  79: train loss 0.0521
2022-01-21 22:13:19,335 root                INFO: Train: Epoch  80: train loss 0.0454
2022-01-21 22:13:20,039 root                INFO: Train: Epoch  81: train loss 0.0407
2022-01-21 22:13:20,733 root                INFO: Train: Epoch  82: train loss 0.0342
2022-01-21 22:13:21,394 root                INFO: Train: Epoch  83: train loss 0.0290
2022-01-21 22:13:22,017 root                INFO: Train: Epoch  84: train loss 0.0254
2022-01-21 22:13:22,665 root                INFO: Train: Epoch  85: train loss 0.0222
2022-01-21 22:13:23,272 root                INFO: Train: Epoch  86: train loss 0.0176
2022-01-21 22:13:23,890 root                INFO: Train: Epoch  87: train loss 0.0151
2022-01-21 22:13:24,543 root                INFO: Train: Epoch  88: train loss 0.0131
2022-01-21 22:13:25,209 root                INFO: Train: Epoch  89: train loss 0.0106
2022-01-21 22:13:25,863 root                INFO: Train: Epoch  90: train loss 0.0094
2022-01-21 22:13:26,722 root                INFO: Train: Epoch  91: train loss 0.0080
2022-01-21 22:13:27,532 root                INFO: Train: Epoch  92: train loss 0.0068
2022-01-21 22:13:28,310 root                INFO: Train: Epoch  93: train loss 0.0060
2022-01-21 22:13:28,980 root                INFO: Train: Epoch  94: train loss 0.0051
2022-01-21 22:13:29,650 root                INFO: Train: Epoch  95: train loss 0.0049
2022-01-21 22:13:30,305 root                INFO: Train: Epoch  96: train loss 0.0046
2022-01-21 22:13:30,980 root                INFO: Train: Epoch  97: train loss 0.0044
2022-01-21 22:13:31,620 root                INFO: Train: Epoch  98: train loss 0.0041
2022-01-21 22:13:32,238 root                INFO: Train: Epoch  99: train loss 0.0039
2022-01-21 22:13:32,890 root                INFO: Train: Epoch 100: train loss 0.0038
2022-01-21 22:13:33,563 root                INFO: Train: Epoch 101: train loss 0.0039
2022-01-21 22:13:34,252 root                INFO: Train: Epoch 102: train loss 0.0040
2022-01-21 22:13:34,867 root                INFO: Train: Epoch 103: train loss 0.0040
2022-01-21 22:13:35,522 root                INFO: Train: Epoch 104: train loss 0.0039
2022-01-21 22:13:36,146 root                INFO: Train: Epoch 105: train loss 0.0039
2022-01-21 22:13:36,844 root                INFO: Train: Epoch 106: train loss 0.0039
2022-01-21 22:13:37,593 root                INFO: Train: Epoch 107: train loss 0.0038
2022-01-21 22:13:38,280 root                INFO: Train: Epoch 108: train loss 0.0040
2022-01-21 22:13:38,910 root                INFO: Train: Epoch 109: train loss 0.0039
2022-01-21 22:13:39,579 root                INFO: Train: Epoch 110: train loss 0.0040
2022-01-21 22:13:40,215 root                INFO: Train: Epoch 111: train loss 0.0035
2022-01-21 22:13:40,824 root                INFO: Train: Epoch 112: train loss 0.0036
2022-01-21 22:13:41,511 root                INFO: Train: Epoch 113: train loss 0.0035
2022-01-21 22:13:42,211 root                INFO: Train: Epoch 114: train loss 0.0036
2022-01-21 22:13:42,819 root                INFO: Train: Epoch 115: train loss 0.0035
2022-01-21 22:13:43,472 root                INFO: Train: Epoch 116: train loss 0.0033
2022-01-21 22:13:44,172 root                INFO: Train: Epoch 117: train loss 0.0031
2022-01-21 22:13:44,779 root                INFO: Train: Epoch 118: train loss 0.0028
2022-01-21 22:13:45,414 root                INFO: Train: Epoch 119: train loss 0.0028
2022-01-21 22:13:46,001 root                INFO: Train: Epoch 120: train loss 0.0027
2022-01-21 22:13:46,605 root                INFO: Train: Epoch 121: train loss 0.0028
2022-01-21 22:13:47,324 root                INFO: Train: Epoch 122: train loss 0.0025
2022-01-21 22:13:47,906 root                INFO: Train: Epoch 123: train loss 0.0024
2022-01-21 22:13:48,546 root                INFO: Train: Epoch 124: train loss 0.0021
2022-01-21 22:13:49,253 root                INFO: Train: Epoch 125: train loss 0.0022
2022-01-21 22:13:49,920 root                INFO: Train: Epoch 126: train loss 0.0021
2022-01-21 22:13:50,535 root                INFO: Train: Epoch 127: train loss 0.0019
2022-01-21 22:13:51,177 root                INFO: Train: Epoch 128: train loss 0.0018
2022-01-21 22:13:51,860 root                INFO: Train: Epoch 129: train loss 0.0016
2022-01-21 22:13:52,527 root                INFO: Train: Epoch 130: train loss 0.0017
2022-01-21 22:13:53,162 root                INFO: Train: Epoch 131: train loss 0.0016
2022-01-21 22:13:53,796 root                INFO: Train: Epoch 132: train loss 0.0015
2022-01-21 22:13:54,416 root                INFO: Train: Epoch 133: train loss 0.0012
2022-01-21 22:13:55,065 root                INFO: Train: Epoch 134: train loss 0.0014
2022-01-21 22:13:55,722 root                INFO: Train: Epoch 135: train loss 0.0013
2022-01-21 22:13:56,382 root                INFO: Train: Epoch 136: train loss 0.0013
2022-01-21 22:13:57,050 root                INFO: Train: Epoch 137: train loss 0.0013
2022-01-21 22:13:57,736 root                INFO: Train: Epoch 138: train loss 0.0011
2022-01-21 22:13:58,431 root                INFO: Train: Epoch 139: train loss 0.0012
2022-01-21 22:13:59,250 root                INFO: Train: Epoch 140: train loss 0.0011
2022-01-21 22:13:59,918 root                INFO: Train: Epoch 141: train loss 0.0012
2022-01-21 22:14:00,615 root                INFO: Train: Epoch 142: train loss 0.0010
2022-01-21 22:14:01,287 root                INFO: Train: Epoch 143: train loss 0.0010
2022-01-21 22:14:01,998 root                INFO: Train: Epoch 144: train loss 0.0010
2022-01-21 22:14:02,715 root                INFO: Train: Epoch 145: train loss 0.0010
2022-01-21 22:14:03,430 root                INFO: Train: Epoch 146: train loss 0.0010
2022-01-21 22:14:04,169 root                INFO: Train: Epoch 147: train loss 0.0009
2022-01-21 22:14:04,871 root                INFO: Train: Epoch 148: train loss 0.0010
2022-01-21 22:14:05,575 root                INFO: Train: Epoch 149: train loss 0.0008
2022-01-21 22:14:06,333 root                INFO: Train: Epoch 150: train loss 0.0009
2022-01-21 22:14:06,985 root                INFO: Train: Epoch 151: train loss 0.0008
2022-01-21 22:14:07,691 root                INFO: Train: Epoch 152: train loss 0.0009
2022-01-21 22:14:08,324 root                INFO: Train: Epoch 153: train loss 0.0009
2022-01-21 22:14:08,996 root                INFO: Train: Epoch 154: train loss 0.0008
2022-01-21 22:14:09,683 root                INFO: Train: Epoch 155: train loss 0.0007
2022-01-21 22:14:10,371 root                INFO: Train: Epoch 156: train loss 0.0009
2022-01-21 22:14:11,093 root                INFO: Train: Epoch 157: train loss 0.0009
2022-01-21 22:14:11,785 root                INFO: Train: Epoch 158: train loss 0.0008
2022-01-21 22:14:12,481 root                INFO: Train: Epoch 159: train loss 0.0008
2022-01-21 22:14:13,099 root                INFO: Train: Epoch 160: train loss 0.0009
2022-01-21 22:14:13,881 root                INFO: Train: Epoch 161: train loss 0.0007
2022-01-21 22:14:14,470 root                INFO: Train: Epoch 162: train loss 0.0009
2022-01-21 22:14:15,197 root                INFO: Train: Epoch 163: train loss 0.0008
2022-01-21 22:14:15,889 root                INFO: Train: Epoch 164: train loss 0.0008
2022-01-21 22:14:16,545 root                INFO: Train: Epoch 165: train loss 0.0009
2022-01-21 22:14:17,207 root                INFO: Train: Epoch 166: train loss 0.0010
2022-01-21 22:14:17,867 root                INFO: Train: Epoch 167: train loss 0.0008
2022-01-21 22:14:18,515 root                INFO: Train: Epoch 168: train loss 0.0008
2022-01-21 22:14:19,232 root                INFO: Train: Epoch 169: train loss 0.0009
2022-01-21 22:14:19,956 root                INFO: Train: Epoch 170: train loss 0.0008
2022-01-21 22:14:20,865 root                INFO: Train: Epoch 171: train loss 0.0007
2022-01-21 22:14:21,794 root                INFO: Train: Epoch 172: train loss 0.0008
2022-01-21 22:14:22,742 root                INFO: Train: Epoch 173: train loss 0.0008
2022-01-21 22:14:23,859 root                INFO: Train: Epoch 174: train loss 0.0008
2022-01-21 22:14:24,929 root                INFO: Train: Epoch 175: train loss 0.0009
2022-01-21 22:14:25,905 root                INFO: Train: Epoch 176: train loss 0.0009
2022-01-21 22:14:26,787 root                INFO: Train: Epoch 177: train loss 0.0008
2022-01-21 22:14:27,643 root                INFO: Train: Epoch 178: train loss 0.0007
2022-01-21 22:14:28,465 root                INFO: Train: Epoch 179: train loss 0.0007
2022-01-21 22:14:29,399 root                INFO: Train: Epoch 180: train loss 0.0008
2022-01-21 22:14:30,357 root                INFO: Train: Epoch 181: train loss 0.0008
2022-01-21 22:14:31,300 root                INFO: Train: Epoch 182: train loss 0.0008
2022-01-21 22:14:32,240 root                INFO: Train: Epoch 183: train loss 0.0007
2022-01-21 22:14:33,293 root                INFO: Train: Epoch 184: train loss 0.0008
2022-01-21 22:14:34,370 root                INFO: Train: Epoch 185: train loss 0.0009
2022-01-21 22:14:35,380 root                INFO: Train: Epoch 186: train loss 0.0007
2022-01-21 22:14:36,329 root                INFO: Train: Epoch 187: train loss 0.0007
2022-01-21 22:14:37,251 root                INFO: Train: Epoch 188: train loss 0.0008
2022-01-21 22:14:38,262 root                INFO: Train: Epoch 189: train loss 0.0009
2022-01-21 22:14:39,297 root                INFO: Train: Epoch 190: train loss 0.0008
2022-01-21 22:14:40,201 root                INFO: Train: Epoch 191: train loss 0.0008
2022-01-21 22:14:41,058 root                INFO: Train: Epoch 192: train loss 0.0008
2022-01-21 22:14:42,090 root                INFO: Train: Epoch 193: train loss 0.0008
2022-01-21 22:14:43,029 root                INFO: Train: Epoch 194: train loss 0.0008
2022-01-21 22:14:43,950 root                INFO: Train: Epoch 195: train loss 0.0009
2022-01-21 22:14:44,926 root                INFO: Train: Epoch 196: train loss 0.0007
2022-01-21 22:14:45,906 root                INFO: Train: Epoch 197: train loss 0.0008
2022-01-21 22:14:46,895 root                INFO: Train: Epoch 198: train loss 0.0007
2022-01-21 22:14:47,849 root                INFO: Train: Epoch 199: train loss 0.0007
2022-01-21 22:14:48,801 root                INFO: Train: Epoch 200: train loss 0.0009
2022-01-21 22:15:04,200 root                INFO: Valid: Epoch 200: kendall tau 0.2196 0.2303; loss 0.000398 0.0002504
2022-01-21 22:15:04,207 root                INFO: Epoch 200: Save checkpoint to nb301_anytime_tagates/tagates_0.01/1/202121/200.ckpt
2022-01-21 22:15:19,411 root                INFO: [0.0, 0.0, 0.0, 0.0254602428515472, 0.12629723908361074, 0.6192434210526315, 1.0]
2022-01-21 22:15:19,411 root                INFO: [0.0, 0.0, 0.0, 0.027810419114766942, 0.13432543567652241, 0.615953947368421, 1.0]
2022-01-21 22:15:19,411 root                INFO: [3910, 3394]
2022-01-21 22:15:19,411 root                INFO: [2772, 2772]
