2022-01-21 17:36:00,982 root                INFO: GPU device = 6
2022-01-21 17:36:00,983 root                INFO: Load pkl cache from nasbench301_train.pkl and nasbench301_valid.pkl
2022-01-21 17:36:01,536 root                INFO: Config: {'arch_network_cfg': {'arch_embedder_cfg': {'take_adj_as_input': True, 'gcn_kwargs': {'residual_only': 2}, 'gcn_out_dims': [64, 64, 64, 64, 64], 'hidden_dim': 32, 'node_dim': 32, 'op_dim': 32, 'use_bn': False, 'final_concat': False, 'other_node_zero': False, 'num_time_steps': 2, 'fb_conversion_dims': [64, 64], 'backward_gcn_out_dims': [64, 64, 64, 64, 64], 'updateopemb_method': 'concat_ofb', 'updateopemb_dims': [64], 'share_skip_and_outskip': True, 'detach_vinfo': False, 'updateopemb_scale': 0.1, 'updateopemb_detach_opemb': True, 'updateopemb_detach_finfo': True, 'mask_nonparametrized_ops': True, 'symmetry_breaking_method': 'param_zs_add', 'concat_param_zs_as_opemb_dimension': 5, 'concat_param_zs_as_opemb_scale': 1.0}, 'arch_embedder_type': 'cellss-fbflow-anytime', 'compare_loss_type': 'margin_linear', 'compare_margin': 0.1, 'mlp_dropout': 0.1, 'mlp_hiddens': [200], 'mlp_out_dim': 1, 'optimizer': {'lr': 0.001, 'type': 'Adam'}, 'scheduler': None}, 'arch_network_type': 'pointwise_comparator', 'batch_size': 128, 'choose_pair_criterion': 'random', 'compare': False, 'compare_threshold': 0.0, 'epochs': 200, 'max_compare_ratio': 16.0}
2022-01-21 17:36:04,693 root                INFO: Combined args: Namespace(arch_network_type='pointwise_comparator', batch_size=128, cfg_file='cfgs/nb301_cfgs/tagates_anytime.yaml', choose_pair_criterion='random', compare=False, compare_threshold=0.0, epochs=200, eval_only_last=1, gpu=6, load=None, max_compare_ratio=16.0, num_workers=4, report_freq=200, save_every=200, save_predict=None, seed=21, test_funcs=None, test_only=False, train_dir='nb301_anytime_tagates/tagates_0.01/1/21', train_pkl='../mynas/data/nasbench-301/nasbench301_train_mtx_anytime_1.pkl', train_ratio=0.01, valid_pkl='../mynas/data/nasbench-301/nasbench301_valid_mtx_anytime.pkl')
2022-01-21 17:36:04,701 root                INFO: Train dataset ratio: 0.010
2022-01-21 17:36:04,701 root                INFO: Number of architectures: train: 58; valid: 51072
2022-01-21 17:36:17,860 root                INFO: Train: Epoch   1: train loss 0.3286
2022-01-21 17:36:18,237 root                INFO: Train: Epoch   2: train loss 0.3166
2022-01-21 17:36:18,639 root                INFO: Train: Epoch   3: train loss 0.3044
2022-01-21 17:36:19,163 root                INFO: Train: Epoch   4: train loss 0.2886
2022-01-21 17:36:19,659 root                INFO: Train: Epoch   5: train loss 0.2711
2022-01-21 17:36:20,081 root                INFO: Train: Epoch   6: train loss 0.2487
2022-01-21 17:36:20,483 root                INFO: Train: Epoch   7: train loss 0.2205
2022-01-21 17:36:20,881 root                INFO: Train: Epoch   8: train loss 0.1868
2022-01-21 17:36:21,267 root                INFO: Train: Epoch   9: train loss 0.1460
2022-01-21 17:36:21,675 root                INFO: Train: Epoch  10: train loss 0.0989
2022-01-21 17:36:22,070 root                INFO: Train: Epoch  11: train loss 0.0545
2022-01-21 17:36:22,459 root                INFO: Train: Epoch  12: train loss 0.0190
2022-01-21 17:36:22,890 root                INFO: Train: Epoch  13: train loss 0.0030
2022-01-21 17:36:23,300 root                INFO: Train: Epoch  14: train loss 0.0030
2022-01-21 17:36:23,716 root                INFO: Train: Epoch  15: train loss 0.0083
2022-01-21 17:36:24,121 root                INFO: Train: Epoch  16: train loss 0.0131
2022-01-21 17:36:24,529 root                INFO: Train: Epoch  17: train loss 0.0156
2022-01-21 17:36:24,936 root                INFO: Train: Epoch  18: train loss 0.0171
2022-01-21 17:36:25,350 root                INFO: Train: Epoch  19: train loss 0.0178
2022-01-21 17:36:25,778 root                INFO: Train: Epoch  20: train loss 0.0182
2022-01-21 17:36:26,200 root                INFO: Train: Epoch  21: train loss 0.0184
2022-01-21 17:36:26,667 root                INFO: Train: Epoch  22: train loss 0.0185
2022-01-21 17:36:27,106 root                INFO: Train: Epoch  23: train loss 0.0185
2022-01-21 17:36:27,521 root                INFO: Train: Epoch  24: train loss 0.0186
2022-01-21 17:36:27,967 root                INFO: Train: Epoch  25: train loss 0.0186
2022-01-21 17:36:28,370 root                INFO: Train: Epoch  26: train loss 0.0186
2022-01-21 17:36:28,846 root                INFO: Train: Epoch  27: train loss 0.0186
2022-01-21 17:36:29,267 root                INFO: Train: Epoch  28: train loss 0.0186
2022-01-21 17:36:29,693 root                INFO: Train: Epoch  29: train loss 0.0186
2022-01-21 17:36:30,102 root                INFO: Train: Epoch  30: train loss 0.0186
2022-01-21 17:36:30,534 root                INFO: Train: Epoch  31: train loss 0.0186
2022-01-21 17:36:30,946 root                INFO: Train: Epoch  32: train loss 0.0186
2022-01-21 17:36:31,378 root                INFO: Train: Epoch  33: train loss 0.0186
2022-01-21 17:36:31,799 root                INFO: Train: Epoch  34: train loss 0.0186
2022-01-21 17:36:32,223 root                INFO: Train: Epoch  35: train loss 0.0186
2022-01-21 17:36:32,688 root                INFO: Train: Epoch  36: train loss 0.0186
2022-01-21 17:36:33,118 root                INFO: Train: Epoch  37: train loss 0.0186
2022-01-21 17:36:33,527 root                INFO: Train: Epoch  38: train loss 0.0186
2022-01-21 17:36:33,981 root                INFO: Train: Epoch  39: train loss 0.0186
2022-01-21 17:36:34,462 root                INFO: Train: Epoch  40: train loss 0.0186
2022-01-21 17:36:34,917 root                INFO: Train: Epoch  41: train loss 0.0186
2022-01-21 17:36:35,345 root                INFO: Train: Epoch  42: train loss 0.0186
2022-01-21 17:36:35,787 root                INFO: Train: Epoch  43: train loss 0.0186
2022-01-21 17:36:36,226 root                INFO: Train: Epoch  44: train loss 0.0186
2022-01-21 17:36:36,677 root                INFO: Train: Epoch  45: train loss 0.0186
2022-01-21 17:36:37,127 root                INFO: Train: Epoch  46: train loss 0.0186
2022-01-21 17:36:37,571 root                INFO: Train: Epoch  47: train loss 0.0186
2022-01-21 17:36:38,019 root                INFO: Train: Epoch  48: train loss 0.0186
2022-01-21 17:36:38,481 root                INFO: Train: Epoch  49: train loss 0.0186
2022-01-21 17:36:38,982 root                INFO: Train: Epoch  50: train loss 0.0186
2022-01-21 17:36:39,389 root                INFO: Train: Epoch  51: train loss 0.0186
2022-01-21 17:36:39,825 root                INFO: Train: Epoch  52: train loss 0.0186
2022-01-21 17:36:40,241 root                INFO: Train: Epoch  53: train loss 0.0186
2022-01-21 17:36:40,671 root                INFO: Train: Epoch  54: train loss 0.0186
2022-01-21 17:36:41,089 root                INFO: Train: Epoch  55: train loss 0.0186
2022-01-21 17:36:41,536 root                INFO: Train: Epoch  56: train loss 0.0186
2022-01-21 17:36:41,990 root                INFO: Train: Epoch  57: train loss 0.0186
2022-01-21 17:36:42,439 root                INFO: Train: Epoch  58: train loss 0.0186
2022-01-21 17:36:42,889 root                INFO: Train: Epoch  59: train loss 0.0186
2022-01-21 17:36:43,323 root                INFO: Train: Epoch  60: train loss 0.0186
2022-01-21 17:36:43,759 root                INFO: Train: Epoch  61: train loss 0.0186
2022-01-21 17:36:44,217 root                INFO: Train: Epoch  62: train loss 0.0186
2022-01-21 17:36:44,648 root                INFO: Train: Epoch  63: train loss 0.0186
2022-01-21 17:36:45,104 root                INFO: Train: Epoch  64: train loss 0.0186
2022-01-21 17:36:45,529 root                INFO: Train: Epoch  65: train loss 0.0186
2022-01-21 17:36:46,001 root                INFO: Train: Epoch  66: train loss 0.0186
2022-01-21 17:36:46,434 root                INFO: Train: Epoch  67: train loss 0.0186
2022-01-21 17:36:46,867 root                INFO: Train: Epoch  68: train loss 0.0186
2022-01-21 17:36:47,321 root                INFO: Train: Epoch  69: train loss 0.0186
2022-01-21 17:36:47,735 root                INFO: Train: Epoch  70: train loss 0.0186
2022-01-21 17:36:48,192 root                INFO: Train: Epoch  71: train loss 0.0186
2022-01-21 17:36:48,645 root                INFO: Train: Epoch  72: train loss 0.0186
2022-01-21 17:36:49,070 root                INFO: Train: Epoch  73: train loss 0.0186
2022-01-21 17:36:49,518 root                INFO: Train: Epoch  74: train loss 0.0186
2022-01-21 17:36:49,979 root                INFO: Train: Epoch  75: train loss 0.0186
2022-01-21 17:36:50,405 root                INFO: Train: Epoch  76: train loss 0.0186
2022-01-21 17:36:50,842 root                INFO: Train: Epoch  77: train loss 0.0186
2022-01-21 17:36:51,278 root                INFO: Train: Epoch  78: train loss 0.0186
2022-01-21 17:36:51,702 root                INFO: Train: Epoch  79: train loss 0.0186
2022-01-21 17:36:52,172 root                INFO: Train: Epoch  80: train loss 0.0186
2022-01-21 17:36:52,627 root                INFO: Train: Epoch  81: train loss 0.0186
2022-01-21 17:36:53,073 root                INFO: Train: Epoch  82: train loss 0.0186
2022-01-21 17:36:53,539 root                INFO: Train: Epoch  83: train loss 0.0186
2022-01-21 17:36:54,010 root                INFO: Train: Epoch  84: train loss 0.0186
2022-01-21 17:36:54,442 root                INFO: Train: Epoch  85: train loss 0.0186
2022-01-21 17:36:54,893 root                INFO: Train: Epoch  86: train loss 0.0186
2022-01-21 17:36:55,319 root                INFO: Train: Epoch  87: train loss 0.0186
2022-01-21 17:36:55,773 root                INFO: Train: Epoch  88: train loss 0.0186
2022-01-21 17:36:56,219 root                INFO: Train: Epoch  89: train loss 0.0186
2022-01-21 17:36:56,660 root                INFO: Train: Epoch  90: train loss 0.0186
2022-01-21 17:36:57,115 root                INFO: Train: Epoch  91: train loss 0.0186
2022-01-21 17:36:57,566 root                INFO: Train: Epoch  92: train loss 0.0186
2022-01-21 17:36:57,999 root                INFO: Train: Epoch  93: train loss 0.0186
2022-01-21 17:36:58,434 root                INFO: Train: Epoch  94: train loss 0.0186
2022-01-21 17:36:58,866 root                INFO: Train: Epoch  95: train loss 0.0186
2022-01-21 17:36:59,291 root                INFO: Train: Epoch  96: train loss 0.0186
2022-01-21 17:36:59,737 root                INFO: Train: Epoch  97: train loss 0.0186
2022-01-21 17:37:00,158 root                INFO: Train: Epoch  98: train loss 0.0186
2022-01-21 17:37:00,618 root                INFO: Train: Epoch  99: train loss 0.0186
2022-01-21 17:37:01,083 root                INFO: Train: Epoch 100: train loss 0.0186
2022-01-21 17:37:01,517 root                INFO: Train: Epoch 101: train loss 0.0186
2022-01-21 17:37:01,960 root                INFO: Train: Epoch 102: train loss 0.0186
2022-01-21 17:37:02,384 root                INFO: Train: Epoch 103: train loss 0.0186
2022-01-21 17:37:02,832 root                INFO: Train: Epoch 104: train loss 0.0186
2022-01-21 17:37:03,243 root                INFO: Train: Epoch 105: train loss 0.0186
2022-01-21 17:37:03,689 root                INFO: Train: Epoch 106: train loss 0.0186
2022-01-21 17:37:04,134 root                INFO: Train: Epoch 107: train loss 0.0186
2022-01-21 17:37:04,567 root                INFO: Train: Epoch 108: train loss 0.0186
2022-01-21 17:37:04,985 root                INFO: Train: Epoch 109: train loss 0.0186
2022-01-21 17:37:05,409 root                INFO: Train: Epoch 110: train loss 0.0186
2022-01-21 17:37:05,848 root                INFO: Train: Epoch 111: train loss 0.0186
2022-01-21 17:37:06,262 root                INFO: Train: Epoch 112: train loss 0.0186
2022-01-21 17:37:06,671 root                INFO: Train: Epoch 113: train loss 0.0186
2022-01-21 17:37:07,087 root                INFO: Train: Epoch 114: train loss 0.0186
2022-01-21 17:37:07,520 root                INFO: Train: Epoch 115: train loss 0.0186
2022-01-21 17:37:07,948 root                INFO: Train: Epoch 116: train loss 0.0186
2022-01-21 17:37:08,377 root                INFO: Train: Epoch 117: train loss 0.0186
2022-01-21 17:37:08,826 root                INFO: Train: Epoch 118: train loss 0.0186
2022-01-21 17:37:09,280 root                INFO: Train: Epoch 119: train loss 0.0186
2022-01-21 17:37:09,716 root                INFO: Train: Epoch 120: train loss 0.0186
2022-01-21 17:37:10,163 root                INFO: Train: Epoch 121: train loss 0.0186
2022-01-21 17:37:10,578 root                INFO: Train: Epoch 122: train loss 0.0186
2022-01-21 17:37:10,989 root                INFO: Train: Epoch 123: train loss 0.0186
2022-01-21 17:37:11,419 root                INFO: Train: Epoch 124: train loss 0.0186
2022-01-21 17:37:11,865 root                INFO: Train: Epoch 125: train loss 0.0186
2022-01-21 17:37:12,325 root                INFO: Train: Epoch 126: train loss 0.0186
2022-01-21 17:37:12,738 root                INFO: Train: Epoch 127: train loss 0.0186
2022-01-21 17:37:13,201 root                INFO: Train: Epoch 128: train loss 0.0186
2022-01-21 17:37:13,611 root                INFO: Train: Epoch 129: train loss 0.0186
2022-01-21 17:37:14,026 root                INFO: Train: Epoch 130: train loss 0.0186
2022-01-21 17:37:14,441 root                INFO: Train: Epoch 131: train loss 0.0186
2022-01-21 17:37:14,881 root                INFO: Train: Epoch 132: train loss 0.0186
2022-01-21 17:37:15,314 root                INFO: Train: Epoch 133: train loss 0.0186
2022-01-21 17:37:15,745 root                INFO: Train: Epoch 134: train loss 0.0186
2022-01-21 17:37:16,188 root                INFO: Train: Epoch 135: train loss 0.0186
2022-01-21 17:37:16,606 root                INFO: Train: Epoch 136: train loss 0.0186
2022-01-21 17:37:17,012 root                INFO: Train: Epoch 137: train loss 0.0186
2022-01-21 17:37:17,423 root                INFO: Train: Epoch 138: train loss 0.0186
2022-01-21 17:37:17,860 root                INFO: Train: Epoch 139: train loss 0.0186
2022-01-21 17:37:18,280 root                INFO: Train: Epoch 140: train loss 0.0186
2022-01-21 17:37:18,711 root                INFO: Train: Epoch 141: train loss 0.0186
2022-01-21 17:37:19,109 root                INFO: Train: Epoch 142: train loss 0.0186
2022-01-21 17:37:19,540 root                INFO: Train: Epoch 143: train loss 0.0186
2022-01-21 17:37:19,958 root                INFO: Train: Epoch 144: train loss 0.0186
2022-01-21 17:37:20,376 root                INFO: Train: Epoch 145: train loss 0.0186
2022-01-21 17:37:20,830 root                INFO: Train: Epoch 146: train loss 0.0186
2022-01-21 17:37:21,252 root                INFO: Train: Epoch 147: train loss 0.0186
2022-01-21 17:37:21,675 root                INFO: Train: Epoch 148: train loss 0.0186
2022-01-21 17:37:22,092 root                INFO: Train: Epoch 149: train loss 0.0186
2022-01-21 17:37:22,499 root                INFO: Train: Epoch 150: train loss 0.0186
2022-01-21 17:37:22,930 root                INFO: Train: Epoch 151: train loss 0.0186
2022-01-21 17:37:23,352 root                INFO: Train: Epoch 152: train loss 0.0186
2022-01-21 17:37:23,766 root                INFO: Train: Epoch 153: train loss 0.0186
2022-01-21 17:37:24,200 root                INFO: Train: Epoch 154: train loss 0.0186
2022-01-21 17:37:24,642 root                INFO: Train: Epoch 155: train loss 0.0186
2022-01-21 17:37:25,088 root                INFO: Train: Epoch 156: train loss 0.0186
2022-01-21 17:37:25,503 root                INFO: Train: Epoch 157: train loss 0.0186
2022-01-21 17:37:25,949 root                INFO: Train: Epoch 158: train loss 0.0186
2022-01-21 17:37:26,399 root                INFO: Train: Epoch 159: train loss 0.0186
2022-01-21 17:37:26,828 root                INFO: Train: Epoch 160: train loss 0.0186
2022-01-21 17:37:27,317 root                INFO: Train: Epoch 161: train loss 0.0186
2022-01-21 17:37:27,734 root                INFO: Train: Epoch 162: train loss 0.0186
2022-01-21 17:37:28,129 root                INFO: Train: Epoch 163: train loss 0.0186
2022-01-21 17:37:28,535 root                INFO: Train: Epoch 164: train loss 0.0186
2022-01-21 17:37:28,973 root                INFO: Train: Epoch 165: train loss 0.0186
2022-01-21 17:37:29,428 root                INFO: Train: Epoch 166: train loss 0.0186
2022-01-21 17:37:29,836 root                INFO: Train: Epoch 167: train loss 0.0186
2022-01-21 17:37:30,240 root                INFO: Train: Epoch 168: train loss 0.0186
2022-01-21 17:37:30,681 root                INFO: Train: Epoch 169: train loss 0.0186
2022-01-21 17:37:31,107 root                INFO: Train: Epoch 170: train loss 0.0186
2022-01-21 17:37:31,530 root                INFO: Train: Epoch 171: train loss 0.0186
2022-01-21 17:37:31,957 root                INFO: Train: Epoch 172: train loss 0.0186
2022-01-21 17:37:32,396 root                INFO: Train: Epoch 173: train loss 0.0186
2022-01-21 17:37:32,853 root                INFO: Train: Epoch 174: train loss 0.0186
2022-01-21 17:37:33,270 root                INFO: Train: Epoch 175: train loss 0.0186
2022-01-21 17:37:33,692 root                INFO: Train: Epoch 176: train loss 0.0186
2022-01-21 17:37:34,101 root                INFO: Train: Epoch 177: train loss 0.0186
2022-01-21 17:37:34,608 root                INFO: Train: Epoch 178: train loss 0.0186
2022-01-21 17:37:35,051 root                INFO: Train: Epoch 179: train loss 0.0186
2022-01-21 17:37:35,507 root                INFO: Train: Epoch 180: train loss 0.0186
2022-01-21 17:37:35,995 root                INFO: Train: Epoch 181: train loss 0.0186
2022-01-21 17:37:36,542 root                INFO: Train: Epoch 182: train loss 0.0186
2022-01-21 17:37:37,053 root                INFO: Train: Epoch 183: train loss 0.0186
2022-01-21 17:37:37,547 root                INFO: Train: Epoch 184: train loss 0.0186
2022-01-21 17:37:37,999 root                INFO: Train: Epoch 185: train loss 0.0186
2022-01-21 17:37:38,450 root                INFO: Train: Epoch 186: train loss 0.0186
2022-01-21 17:37:38,935 root                INFO: Train: Epoch 187: train loss 0.0186
2022-01-21 17:37:39,426 root                INFO: Train: Epoch 188: train loss 0.0186
2022-01-21 17:37:39,899 root                INFO: Train: Epoch 189: train loss 0.0186
2022-01-21 17:37:40,375 root                INFO: Train: Epoch 190: train loss 0.0186
2022-01-21 17:37:40,871 root                INFO: Train: Epoch 191: train loss 0.0186
2022-01-21 17:37:41,386 root                INFO: Train: Epoch 192: train loss 0.0186
2022-01-21 17:37:41,886 root                INFO: Train: Epoch 193: train loss 0.0186
2022-01-21 17:37:42,393 root                INFO: Train: Epoch 194: train loss 0.0186
2022-01-21 17:37:42,872 root                INFO: Train: Epoch 195: train loss 0.0186
2022-01-21 17:37:43,373 root                INFO: Train: Epoch 196: train loss 0.0186
2022-01-21 17:37:43,874 root                INFO: Train: Epoch 197: train loss 0.0186
2022-01-21 17:37:44,366 root                INFO: Train: Epoch 198: train loss 0.0186
2022-01-21 17:37:44,881 root                INFO: Train: Epoch 199: train loss 0.0186
2022-01-21 17:37:45,376 root                INFO: Train: Epoch 200: train loss 0.0186
2022-01-21 17:38:00,003 root                INFO: Valid: Epoch 200: kendall tau 0.2038 0.0665; loss 0.01372 0.004756
2022-01-21 17:38:00,009 root                INFO: Epoch 200: Save checkpoint to nb301_anytime_tagates/tagates_0.01/1/21/200.ckpt
2022-01-21 17:38:14,154 root                INFO: [0.0, 0.0, 0.00196078431372549, 0.1245593419506463, 0.25122381045623654, 0.6171679197994987, 1.0]
2022-01-21 17:38:14,154 root                INFO: [0.0, 0.0, 0.0, 0.07677242459851155, 0.16917955747013902, 0.6268013784461153, 1.0]
2022-01-21 17:38:14,155 root                INFO: [13000, 13000]
2022-01-21 17:38:14,155 root                INFO: [16244, 817]
2022-01-21 22:11:55,126 root                INFO: GPU device = 4
2022-01-21 22:11:55,127 root                INFO: Load pkl cache from nasbench301_train.pkl and nasbench301_valid.pkl
2022-01-21 22:11:55,688 root                INFO: Config: {'arch_network_cfg': {'arch_embedder_cfg': {'take_adj_as_input': True, 'gcn_kwargs': {'residual_only': 2}, 'gcn_out_dims': [64, 64, 64, 64, 64], 'hidden_dim': 32, 'node_dim': 32, 'op_dim': 32, 'use_bn': False, 'final_concat': False, 'other_node_zero': False, 'num_time_steps': 2, 'fb_conversion_dims': [64, 64], 'backward_gcn_out_dims': [64, 64, 64, 64, 64], 'updateopemb_method': 'concat_ofb', 'updateopemb_dims': [64], 'share_skip_and_outskip': True, 'detach_vinfo': False, 'updateopemb_scale': 0.1, 'updateopemb_detach_opemb': True, 'updateopemb_detach_finfo': True, 'mask_nonparametrized_ops': True, 'symmetry_breaking_method': 'param_zs_add', 'concat_param_zs_as_opemb_dimension': 5, 'concat_param_zs_as_opemb_scale': 1.0}, 'arch_embedder_type': 'cellss-fbflow-anytime', 'compare_loss_type': 'margin_linear', 'compare_margin': 0.1, 'mlp_dropout': 0.1, 'mlp_hiddens': [200], 'mlp_out_dim': 1, 'optimizer': {'lr': 0.0001, 'type': 'Adam'}, 'scheduler': None}, 'arch_network_type': 'pointwise_comparator', 'batch_size': 128, 'choose_pair_criterion': 'random', 'compare': False, 'compare_threshold': 0.0, 'epochs': 200, 'max_compare_ratio': 16.0}
2022-01-21 22:12:00,338 root                INFO: Combined args: Namespace(arch_network_type='pointwise_comparator', batch_size=128, cfg_file='cfgs/nb301_cfgs/tagates_anytime.yaml', choose_pair_criterion='random', compare=False, compare_threshold=0.0, epochs=200, eval_only_last=1, gpu=4, load=None, max_compare_ratio=16.0, num_workers=4, report_freq=200, save_every=200, save_predict=None, seed=21, test_funcs=None, test_only=False, train_dir='nb301_anytime_tagates/tagates_0.01/1/21', train_pkl='../mynas/data/nasbench-301/nasbench301_train_mtx_anytime_1.pkl', train_ratio=0.01, valid_pkl='../mynas/data/nasbench-301/nasbench301_valid_mtx_anytime.pkl')
2022-01-21 22:12:00,347 root                INFO: Train dataset ratio: 0.010
2022-01-21 22:12:00,347 root                INFO: Number of architectures: train: 58; valid: 51072
2022-01-21 22:12:14,808 root                INFO: Train: Epoch   1: train loss 0.3286
2022-01-21 22:12:15,709 root                INFO: Train: Epoch   2: train loss 0.3275
2022-01-21 22:12:16,581 root                INFO: Train: Epoch   3: train loss 0.3268
2022-01-21 22:12:17,504 root                INFO: Train: Epoch   4: train loss 0.3249
2022-01-21 22:12:18,382 root                INFO: Train: Epoch   5: train loss 0.3243
2022-01-21 22:12:19,320 root                INFO: Train: Epoch   6: train loss 0.3226
2022-01-21 22:12:20,256 root                INFO: Train: Epoch   7: train loss 0.3212
2022-01-21 22:12:21,169 root                INFO: Train: Epoch   8: train loss 0.3197
2022-01-21 22:12:22,156 root                INFO: Train: Epoch   9: train loss 0.3187
2022-01-21 22:12:23,105 root                INFO: Train: Epoch  10: train loss 0.3172
2022-01-21 22:12:24,035 root                INFO: Train: Epoch  11: train loss 0.3159
2022-01-21 22:12:24,931 root                INFO: Train: Epoch  12: train loss 0.3147
2022-01-21 22:12:25,851 root                INFO: Train: Epoch  13: train loss 0.3135
2022-01-21 22:12:26,733 root                INFO: Train: Epoch  14: train loss 0.3115
2022-01-21 22:12:27,692 root                INFO: Train: Epoch  15: train loss 0.3103
2022-01-21 22:12:28,660 root                INFO: Train: Epoch  16: train loss 0.3087
2022-01-21 22:12:29,645 root                INFO: Train: Epoch  17: train loss 0.3071
2022-01-21 22:12:30,530 root                INFO: Train: Epoch  18: train loss 0.3059
2022-01-21 22:12:31,447 root                INFO: Train: Epoch  19: train loss 0.3040
2022-01-21 22:12:32,550 root                INFO: Train: Epoch  20: train loss 0.3024
2022-01-21 22:12:33,473 root                INFO: Train: Epoch  21: train loss 0.3002
2022-01-21 22:12:34,332 root                INFO: Train: Epoch  22: train loss 0.2990
2022-01-21 22:12:35,176 root                INFO: Train: Epoch  23: train loss 0.2971
2022-01-21 22:12:36,059 root                INFO: Train: Epoch  24: train loss 0.2951
2022-01-21 22:12:36,947 root                INFO: Train: Epoch  25: train loss 0.2932
2022-01-21 22:12:37,851 root                INFO: Train: Epoch  26: train loss 0.2909
2022-01-21 22:12:38,952 root                INFO: Train: Epoch  27: train loss 0.2892
2022-01-21 22:12:39,825 root                INFO: Train: Epoch  28: train loss 0.2864
2022-01-21 22:12:40,754 root                INFO: Train: Epoch  29: train loss 0.2836
2022-01-21 22:12:41,680 root                INFO: Train: Epoch  30: train loss 0.2816
2022-01-21 22:12:42,592 root                INFO: Train: Epoch  31: train loss 0.2788
2022-01-21 22:12:43,637 root                INFO: Train: Epoch  32: train loss 0.2773
2022-01-21 22:12:44,581 root                INFO: Train: Epoch  33: train loss 0.2738
2022-01-21 22:12:45,619 root                INFO: Train: Epoch  34: train loss 0.2713
2022-01-21 22:12:46,578 root                INFO: Train: Epoch  35: train loss 0.2677
2022-01-21 22:12:47,594 root                INFO: Train: Epoch  36: train loss 0.2655
2022-01-21 22:12:48,603 root                INFO: Train: Epoch  37: train loss 0.2622
2022-01-21 22:12:49,641 root                INFO: Train: Epoch  38: train loss 0.2580
2022-01-21 22:12:50,587 root                INFO: Train: Epoch  39: train loss 0.2550
2022-01-21 22:12:51,639 root                INFO: Train: Epoch  40: train loss 0.2520
2022-01-21 22:12:52,793 root                INFO: Train: Epoch  41: train loss 0.2468
2022-01-21 22:12:53,778 root                INFO: Train: Epoch  42: train loss 0.2433
2022-01-21 22:12:54,933 root                INFO: Train: Epoch  43: train loss 0.2394
2022-01-21 22:12:56,100 root                INFO: Train: Epoch  44: train loss 0.2350
2022-01-21 22:12:57,309 root                INFO: Train: Epoch  45: train loss 0.2303
2022-01-21 22:12:58,347 root                INFO: Train: Epoch  46: train loss 0.2261
2022-01-21 22:12:59,523 root                INFO: Train: Epoch  47: train loss 0.2206
2022-01-21 22:13:00,592 root                INFO: Train: Epoch  48: train loss 0.2155
2022-01-21 22:13:01,705 root                INFO: Train: Epoch  49: train loss 0.2106
2022-01-21 22:13:02,817 root                INFO: Train: Epoch  50: train loss 0.2044
2022-01-21 22:13:03,919 root                INFO: Train: Epoch  51: train loss 0.1984
2022-01-21 22:13:04,959 root                INFO: Train: Epoch  52: train loss 0.1927
2022-01-21 22:13:06,062 root                INFO: Train: Epoch  53: train loss 0.1877
2022-01-21 22:13:07,060 root                INFO: Train: Epoch  54: train loss 0.1809
2022-01-21 22:13:08,147 root                INFO: Train: Epoch  55: train loss 0.1724
2022-01-21 22:13:09,211 root                INFO: Train: Epoch  56: train loss 0.1669
2022-01-21 22:13:10,202 root                INFO: Train: Epoch  57: train loss 0.1588
2022-01-21 22:13:11,210 root                INFO: Train: Epoch  58: train loss 0.1520
2022-01-21 22:13:12,215 root                INFO: Train: Epoch  59: train loss 0.1429
2022-01-21 22:13:13,331 root                INFO: Train: Epoch  60: train loss 0.1358
2022-01-21 22:13:14,332 root                INFO: Train: Epoch  61: train loss 0.1303
2022-01-21 22:13:15,392 root                INFO: Train: Epoch  62: train loss 0.1200
2022-01-21 22:13:16,437 root                INFO: Train: Epoch  63: train loss 0.1140
2022-01-21 22:13:17,619 root                INFO: Train: Epoch  64: train loss 0.1041
2022-01-21 22:13:18,616 root                INFO: Train: Epoch  65: train loss 0.0958
2022-01-21 22:13:19,594 root                INFO: Train: Epoch  66: train loss 0.0882
2022-01-21 22:13:20,522 root                INFO: Train: Epoch  67: train loss 0.0804
2022-01-21 22:13:21,490 root                INFO: Train: Epoch  68: train loss 0.0724
2022-01-21 22:13:22,346 root                INFO: Train: Epoch  69: train loss 0.0660
2022-01-21 22:13:23,373 root                INFO: Train: Epoch  70: train loss 0.0588
2022-01-21 22:13:24,212 root                INFO: Train: Epoch  71: train loss 0.0529
2022-01-21 22:13:25,173 root                INFO: Train: Epoch  72: train loss 0.0456
2022-01-21 22:13:26,282 root                INFO: Train: Epoch  73: train loss 0.0404
2022-01-21 22:13:27,184 root                INFO: Train: Epoch  74: train loss 0.0335
2022-01-21 22:13:28,086 root                INFO: Train: Epoch  75: train loss 0.0285
2022-01-21 22:13:29,043 root                INFO: Train: Epoch  76: train loss 0.0236
2022-01-21 22:13:30,003 root                INFO: Train: Epoch  77: train loss 0.0200
2022-01-21 22:13:31,018 root                INFO: Train: Epoch  78: train loss 0.0159
2022-01-21 22:13:31,965 root                INFO: Train: Epoch  79: train loss 0.0139
2022-01-21 22:13:32,847 root                INFO: Train: Epoch  80: train loss 0.0104
2022-01-21 22:13:33,751 root                INFO: Train: Epoch  81: train loss 0.0085
2022-01-21 22:13:34,698 root                INFO: Train: Epoch  82: train loss 0.0059
2022-01-21 22:13:35,557 root                INFO: Train: Epoch  83: train loss 0.0050
2022-01-21 22:13:36,493 root                INFO: Train: Epoch  84: train loss 0.0038
2022-01-21 22:13:37,328 root                INFO: Train: Epoch  85: train loss 0.0035
2022-01-21 22:13:38,263 root                INFO: Train: Epoch  86: train loss 0.0022
2022-01-21 22:13:39,179 root                INFO: Train: Epoch  87: train loss 0.0018
2022-01-21 22:13:40,135 root                INFO: Train: Epoch  88: train loss 0.0015
2022-01-21 22:13:41,047 root                INFO: Train: Epoch  89: train loss 0.0014
2022-01-21 22:13:41,987 root                INFO: Train: Epoch  90: train loss 0.0012
2022-01-21 22:13:42,931 root                INFO: Train: Epoch  91: train loss 0.0012
2022-01-21 22:13:43,774 root                INFO: Train: Epoch  92: train loss 0.0012
2022-01-21 22:13:44,633 root                INFO: Train: Epoch  93: train loss 0.0011
2022-01-21 22:13:45,479 root                INFO: Train: Epoch  94: train loss 0.0013
2022-01-21 22:13:46,374 root                INFO: Train: Epoch  95: train loss 0.0013
2022-01-21 22:13:47,301 root                INFO: Train: Epoch  96: train loss 0.0015
2022-01-21 22:13:48,181 root                INFO: Train: Epoch  97: train loss 0.0015
2022-01-21 22:13:49,114 root                INFO: Train: Epoch  98: train loss 0.0016
2022-01-21 22:13:50,037 root                INFO: Train: Epoch  99: train loss 0.0016
2022-01-21 22:13:50,925 root                INFO: Train: Epoch 100: train loss 0.0018
2022-01-21 22:13:51,841 root                INFO: Train: Epoch 101: train loss 0.0019
2022-01-21 22:13:52,726 root                INFO: Train: Epoch 102: train loss 0.0017
2022-01-21 22:13:53,669 root                INFO: Train: Epoch 103: train loss 0.0018
2022-01-21 22:13:54,562 root                INFO: Train: Epoch 104: train loss 0.0017
2022-01-21 22:13:55,566 root                INFO: Train: Epoch 105: train loss 0.0016
2022-01-21 22:13:56,694 root                INFO: Train: Epoch 106: train loss 0.0017
2022-01-21 22:13:57,897 root                INFO: Train: Epoch 107: train loss 0.0019
2022-01-21 22:13:59,055 root                INFO: Train: Epoch 108: train loss 0.0017
2022-01-21 22:14:00,062 root                INFO: Train: Epoch 109: train loss 0.0017
2022-01-21 22:14:01,077 root                INFO: Train: Epoch 110: train loss 0.0017
2022-01-21 22:14:02,000 root                INFO: Train: Epoch 111: train loss 0.0016
2022-01-21 22:14:02,934 root                INFO: Train: Epoch 112: train loss 0.0016
2022-01-21 22:14:03,968 root                INFO: Train: Epoch 113: train loss 0.0016
2022-01-21 22:14:04,935 root                INFO: Train: Epoch 114: train loss 0.0015
2022-01-21 22:14:05,930 root                INFO: Train: Epoch 115: train loss 0.0013
2022-01-21 22:14:06,974 root                INFO: Train: Epoch 116: train loss 0.0012
2022-01-21 22:14:08,124 root                INFO: Train: Epoch 117: train loss 0.0013
2022-01-21 22:14:09,107 root                INFO: Train: Epoch 118: train loss 0.0013
2022-01-21 22:14:10,074 root                INFO: Train: Epoch 119: train loss 0.0010
2022-01-21 22:14:10,994 root                INFO: Train: Epoch 120: train loss 0.0012
2022-01-21 22:14:11,905 root                INFO: Train: Epoch 121: train loss 0.0011
2022-01-21 22:14:12,968 root                INFO: Train: Epoch 122: train loss 0.0010
2022-01-21 22:14:13,963 root                INFO: Train: Epoch 123: train loss 0.0009
2022-01-21 22:14:14,834 root                INFO: Train: Epoch 124: train loss 0.0009
2022-01-21 22:14:15,852 root                INFO: Train: Epoch 125: train loss 0.0011
2022-01-21 22:14:16,815 root                INFO: Train: Epoch 126: train loss 0.0009
2022-01-21 22:14:17,873 root                INFO: Train: Epoch 127: train loss 0.0009
2022-01-21 22:14:18,895 root                INFO: Train: Epoch 128: train loss 0.0009
2022-01-21 22:14:19,846 root                INFO: Train: Epoch 129: train loss 0.0009
2022-01-21 22:14:20,910 root                INFO: Train: Epoch 130: train loss 0.0008
2022-01-21 22:14:22,151 root                INFO: Train: Epoch 131: train loss 0.0010
2022-01-21 22:14:23,307 root                INFO: Train: Epoch 132: train loss 0.0008
2022-01-21 22:14:24,383 root                INFO: Train: Epoch 133: train loss 0.0009
2022-01-21 22:14:25,487 root                INFO: Train: Epoch 134: train loss 0.0010
2022-01-21 22:14:26,529 root                INFO: Train: Epoch 135: train loss 0.0010
2022-01-21 22:14:27,515 root                INFO: Train: Epoch 136: train loss 0.0009
2022-01-21 22:14:28,586 root                INFO: Train: Epoch 137: train loss 0.0009
2022-01-21 22:14:29,617 root                INFO: Train: Epoch 138: train loss 0.0011
2022-01-21 22:14:30,664 root                INFO: Train: Epoch 139: train loss 0.0008
2022-01-21 22:14:31,707 root                INFO: Train: Epoch 140: train loss 0.0009
2022-01-21 22:14:32,763 root                INFO: Train: Epoch 141: train loss 0.0010
2022-01-21 22:14:33,824 root                INFO: Train: Epoch 142: train loss 0.0008
2022-01-21 22:14:34,932 root                INFO: Train: Epoch 143: train loss 0.0010
2022-01-21 22:14:36,056 root                INFO: Train: Epoch 144: train loss 0.0010
2022-01-21 22:14:37,093 root                INFO: Train: Epoch 145: train loss 0.0009
2022-01-21 22:14:38,179 root                INFO: Train: Epoch 146: train loss 0.0010
2022-01-21 22:14:39,306 root                INFO: Train: Epoch 147: train loss 0.0009
2022-01-21 22:14:40,436 root                INFO: Train: Epoch 148: train loss 0.0010
2022-01-21 22:14:41,485 root                INFO: Train: Epoch 149: train loss 0.0010
2022-01-21 22:14:42,574 root                INFO: Train: Epoch 150: train loss 0.0009
2022-01-21 22:14:43,712 root                INFO: Train: Epoch 151: train loss 0.0008
2022-01-21 22:14:44,906 root                INFO: Train: Epoch 152: train loss 0.0009
2022-01-21 22:14:45,996 root                INFO: Train: Epoch 153: train loss 0.0011
2022-01-21 22:14:47,100 root                INFO: Train: Epoch 154: train loss 0.0009
2022-01-21 22:14:48,144 root                INFO: Train: Epoch 155: train loss 0.0010
2022-01-21 22:14:49,272 root                INFO: Train: Epoch 156: train loss 0.0009
2022-01-21 22:14:50,266 root                INFO: Train: Epoch 157: train loss 0.0009
2022-01-21 22:14:51,184 root                INFO: Train: Epoch 158: train loss 0.0009
2022-01-21 22:14:52,087 root                INFO: Train: Epoch 159: train loss 0.0009
2022-01-21 22:14:52,961 root                INFO: Train: Epoch 160: train loss 0.0008
2022-01-21 22:14:53,877 root                INFO: Train: Epoch 161: train loss 0.0008
2022-01-21 22:14:54,765 root                INFO: Train: Epoch 162: train loss 0.0008
2022-01-21 22:14:55,587 root                INFO: Train: Epoch 163: train loss 0.0010
2022-01-21 22:14:56,454 root                INFO: Train: Epoch 164: train loss 0.0010
2022-01-21 22:14:57,193 root                INFO: Train: Epoch 165: train loss 0.0009
2022-01-21 22:14:57,978 root                INFO: Train: Epoch 166: train loss 0.0009
2022-01-21 22:14:58,812 root                INFO: Train: Epoch 167: train loss 0.0009
2022-01-21 22:14:59,589 root                INFO: Train: Epoch 168: train loss 0.0009
2022-01-21 22:15:00,406 root                INFO: Train: Epoch 169: train loss 0.0009
2022-01-21 22:15:01,172 root                INFO: Train: Epoch 170: train loss 0.0009
2022-01-21 22:15:02,038 root                INFO: Train: Epoch 171: train loss 0.0009
2022-01-21 22:15:02,884 root                INFO: Train: Epoch 172: train loss 0.0009
2022-01-21 22:15:03,708 root                INFO: Train: Epoch 173: train loss 0.0009
2022-01-21 22:15:04,586 root                INFO: Train: Epoch 174: train loss 0.0009
2022-01-21 22:15:05,500 root                INFO: Train: Epoch 175: train loss 0.0009
2022-01-21 22:15:06,322 root                INFO: Train: Epoch 176: train loss 0.0009
2022-01-21 22:15:07,115 root                INFO: Train: Epoch 177: train loss 0.0009
2022-01-21 22:15:07,833 root                INFO: Train: Epoch 178: train loss 0.0009
2022-01-21 22:15:08,594 root                INFO: Train: Epoch 179: train loss 0.0009
2022-01-21 22:15:09,323 root                INFO: Train: Epoch 180: train loss 0.0009
2022-01-21 22:15:10,067 root                INFO: Train: Epoch 181: train loss 0.0010
2022-01-21 22:15:10,862 root                INFO: Train: Epoch 182: train loss 0.0008
2022-01-21 22:15:11,638 root                INFO: Train: Epoch 183: train loss 0.0009
2022-01-21 22:15:12,354 root                INFO: Train: Epoch 184: train loss 0.0009
2022-01-21 22:15:13,182 root                INFO: Train: Epoch 185: train loss 0.0007
2022-01-21 22:15:13,955 root                INFO: Train: Epoch 186: train loss 0.0009
2022-01-21 22:15:14,732 root                INFO: Train: Epoch 187: train loss 0.0009
2022-01-21 22:15:15,515 root                INFO: Train: Epoch 188: train loss 0.0009
2022-01-21 22:15:16,263 root                INFO: Train: Epoch 189: train loss 0.0010
2022-01-21 22:15:17,073 root                INFO: Train: Epoch 190: train loss 0.0008
2022-01-21 22:15:17,815 root                INFO: Train: Epoch 191: train loss 0.0009
2022-01-21 22:15:18,564 root                INFO: Train: Epoch 192: train loss 0.0008
2022-01-21 22:15:19,299 root                INFO: Train: Epoch 193: train loss 0.0009
2022-01-21 22:15:20,028 root                INFO: Train: Epoch 194: train loss 0.0008
2022-01-21 22:15:20,836 root                INFO: Train: Epoch 195: train loss 0.0009
2022-01-21 22:15:21,556 root                INFO: Train: Epoch 196: train loss 0.0009
2022-01-21 22:15:22,311 root                INFO: Train: Epoch 197: train loss 0.0008
2022-01-21 22:15:22,986 root                INFO: Train: Epoch 198: train loss 0.0009
2022-01-21 22:15:23,713 root                INFO: Train: Epoch 199: train loss 0.0010
2022-01-21 22:15:24,398 root                INFO: Train: Epoch 200: train loss 0.0009
2022-01-21 22:15:39,105 root                INFO: Valid: Epoch 200: kendall tau 0.2320 0.1725; loss 0.0004453 0.0003022
2022-01-21 22:15:39,112 root                INFO: Epoch 200: Save checkpoint to nb301_anytime_tagates/tagates_0.01/1/21/200.ckpt
2022-01-21 22:15:53,707 root                INFO: [0.0, 0.0, 0.0, 0.033294163728946335, 0.14372429998041902, 0.6306782581453634, 1.0]
2022-01-21 22:15:53,708 root                INFO: [0.0, 0.0, 0.0, 0.01527614571092832, 0.09849226551791658, 0.599624060150376, 1.0]
2022-01-21 22:15:53,708 root                INFO: [3383, 3383]
2022-01-21 22:15:53,708 root                INFO: [3707, 3707]
