2022-01-19 23:22:47,968 root                INFO: GPU device = 4
2022-01-19 23:22:47,969 root                INFO: Load pkl cache from nasbench101.pkl and nasbench101_valid.pkl
2022-01-19 23:22:48,397 root                INFO: Config: {'arch_network_cfg': {'arch_embedder_cfg': {'b_use_bn': False, 'backward_gcn_out_dims': [128, 128, 128, 128, 128], 'concat_param_zs_as_opemb_dimension': 7, 'concat_param_zs_as_opemb_scale': 0.1, 'detach_vinfo': False, 'fb_conversion_dims': [128, 128], 'gcn_kwargs': {'plus_I': True, 'residual_only': 1}, 'gcn_out_dims': [128, 128, 128, 128, 128], 'hid_dim': 96, 'mask_nonparametrized_ops': False, 'node_embedding_dim': 48, 'num_time_steps': 3, 'op_embedding_dim': 48, 'symmetry_breaking_method': 'param_zs_add', 'updateopemb_detach_finfo': True, 'updateopemb_detach_opemb': True, 'updateopemb_dims': [128], 'updateopemb_method': 'concat_ofb', 'updateopemb_scale': 0.1}, 'arch_embedder_type': 'nb101-fbflow', 'compare_loss_type': 'margin_linear', 'compare_margin': 0.1, 'mlp_dropout': 0.1, 'mlp_hiddens': [200], 'optimizer': {'lr': 0.001, 'type': 'Adam'}, 'scheduler': None}, 'batch_size': 512, 'choose_pair_criterion': 'random', 'compare': True, 'compare_threshold': 0.0, 'epochs': 200, 'max_compare_ratio': 4.0}
2022-01-19 23:22:52,385 root                INFO: Combined args: Namespace(batch_size=512, cfg_file='cfgs/nb101_cfgs/gates_true_scale0.1.yaml', choose_pair_criterion='random', compare=True, compare_threshold=0.0, epochs=200, eval_only_last=5, gpu=4, load=None, max_compare_ratio=4.0, num_workers=4, report_freq=200, save_every=200, save_predict=None, seed=202121, test_funcs=None, test_only=False, train_dir='nb1shot1_ablation_scale/true/0.1_1/1/202121', train_pkl='../mynas/data/nasbench-1shot1/nasbench101_train_1.pkl', train_ratio=1.0, valid_pkl='../mynas/data/nasbench-1shot1/nasbench101_valid.pkl')
2022-01-19 23:22:52,385 root                INFO: Train dataset ratio: 1.000
2022-01-19 23:22:52,386 root                INFO: Number of architectures: train: 7290; valid: 7290
2022-01-19 23:22:57,966 root                INFO: Train: Epoch   1: train loss 0.0699
2022-01-19 23:23:01,648 root                INFO: Train: Epoch   2: train loss 0.0399
2022-01-19 23:23:05,217 root                INFO: Train: Epoch   3: train loss 0.0316
2022-01-19 23:23:08,837 root                INFO: Train: Epoch   4: train loss 0.0304
2022-01-19 23:23:12,364 root                INFO: Train: Epoch   5: train loss 0.0255
2022-01-19 23:23:16,038 root                INFO: Train: Epoch   6: train loss 0.0224
2022-01-19 23:23:19,615 root                INFO: Train: Epoch   7: train loss 0.0207
2022-01-19 23:23:23,222 root                INFO: Train: Epoch   8: train loss 0.0209
2022-01-19 23:23:26,757 root                INFO: Train: Epoch   9: train loss 0.0189
2022-01-19 23:23:30,300 root                INFO: Train: Epoch  10: train loss 0.0182
2022-01-19 23:23:33,779 root                INFO: Train: Epoch  11: train loss 0.0198
2022-01-19 23:23:37,466 root                INFO: Train: Epoch  12: train loss 0.0192
2022-01-19 23:23:41,132 root                INFO: Train: Epoch  13: train loss 0.0171
2022-01-19 23:23:44,833 root                INFO: Train: Epoch  14: train loss 0.0182
2022-01-19 23:23:48,449 root                INFO: Train: Epoch  15: train loss 0.0169
2022-01-19 23:23:52,184 root                INFO: Train: Epoch  16: train loss 0.0167
2022-01-19 23:23:55,809 root                INFO: Train: Epoch  17: train loss 0.0169
2022-01-19 23:23:59,532 root                INFO: Train: Epoch  18: train loss 0.0171
2022-01-19 23:24:03,090 root                INFO: Train: Epoch  19: train loss 0.0165
2022-01-19 23:24:06,676 root                INFO: Train: Epoch  20: train loss 0.0162
2022-01-19 23:24:10,338 root                INFO: Train: Epoch  21: train loss 0.0163
2022-01-19 23:24:14,088 root                INFO: Train: Epoch  22: train loss 0.0157
2022-01-19 23:24:17,920 root                INFO: Train: Epoch  23: train loss 0.0164
2022-01-19 23:24:21,538 root                INFO: Train: Epoch  24: train loss 0.0169
2022-01-19 23:24:25,223 root                INFO: Train: Epoch  25: train loss 0.0156
2022-01-19 23:24:28,760 root                INFO: Train: Epoch  26: train loss 0.0156
2022-01-19 23:24:32,283 root                INFO: Train: Epoch  27: train loss 0.0151
2022-01-19 23:24:36,026 root                INFO: Train: Epoch  28: train loss 0.0152
2022-01-19 23:24:39,574 root                INFO: Train: Epoch  29: train loss 0.0152
2022-01-19 23:24:43,140 root                INFO: Train: Epoch  30: train loss 0.0152
2022-01-19 23:24:46,704 root                INFO: Train: Epoch  31: train loss 0.0150
2022-01-19 23:24:50,241 root                INFO: Train: Epoch  32: train loss 0.0155
2022-01-19 23:24:54,179 root                INFO: Train: Epoch  33: train loss 0.0157
2022-01-19 23:24:57,574 root                INFO: Train: Epoch  34: train loss 0.0148
2022-01-19 23:25:01,236 root                INFO: Train: Epoch  35: train loss 0.0150
2022-01-19 23:25:04,815 root                INFO: Train: Epoch  36: train loss 0.0146
2022-01-19 23:25:08,621 root                INFO: Train: Epoch  37: train loss 0.0149
2022-01-19 23:25:12,211 root                INFO: Train: Epoch  38: train loss 0.0141
2022-01-19 23:25:15,995 root                INFO: Train: Epoch  39: train loss 0.0147
2022-01-19 23:25:19,620 root                INFO: Train: Epoch  40: train loss 0.0151
2022-01-19 23:25:23,325 root                INFO: Train: Epoch  41: train loss 0.0147
2022-01-19 23:25:27,135 root                INFO: Train: Epoch  42: train loss 0.0149
2022-01-19 23:25:30,770 root                INFO: Train: Epoch  43: train loss 0.0142
2022-01-19 23:25:34,491 root                INFO: Train: Epoch  44: train loss 0.0146
2022-01-19 23:25:38,048 root                INFO: Train: Epoch  45: train loss 0.0147
2022-01-19 23:25:41,756 root                INFO: Train: Epoch  46: train loss 0.0152
2022-01-19 23:25:45,365 root                INFO: Train: Epoch  47: train loss 0.0146
2022-01-19 23:25:48,831 root                INFO: Train: Epoch  48: train loss 0.0147
2022-01-19 23:25:52,285 root                INFO: Train: Epoch  49: train loss 0.0146
2022-01-19 23:25:55,980 root                INFO: Train: Epoch  50: train loss 0.0144
2022-01-19 23:25:59,624 root                INFO: Train: Epoch  51: train loss 0.0144
2022-01-19 23:26:03,199 root                INFO: Train: Epoch  52: train loss 0.0144
2022-01-19 23:26:06,715 root                INFO: Train: Epoch  53: train loss 0.0149
2022-01-19 23:26:10,097 root                INFO: Train: Epoch  54: train loss 0.0149
2022-01-19 23:26:13,549 root                INFO: Train: Epoch  55: train loss 0.0142
2022-01-19 23:26:17,149 root                INFO: Train: Epoch  56: train loss 0.0144
2022-01-19 23:26:20,782 root                INFO: Train: Epoch  57: train loss 0.0139
2022-01-19 23:26:24,400 root                INFO: Train: Epoch  58: train loss 0.0143
2022-01-19 23:26:28,042 root                INFO: Train: Epoch  59: train loss 0.0137
2022-01-19 23:26:31,644 root                INFO: Train: Epoch  60: train loss 0.0137
2022-01-19 23:26:35,561 root                INFO: Train: Epoch  61: train loss 0.0143
2022-01-19 23:26:39,270 root                INFO: Train: Epoch  62: train loss 0.0138
2022-01-19 23:26:42,873 root                INFO: Train: Epoch  63: train loss 0.0135
2022-01-19 23:26:46,347 root                INFO: Train: Epoch  64: train loss 0.0141
2022-01-19 23:26:49,960 root                INFO: Train: Epoch  65: train loss 0.0135
2022-01-19 23:26:53,595 root                INFO: Train: Epoch  66: train loss 0.0139
2022-01-19 23:26:57,275 root                INFO: Train: Epoch  67: train loss 0.0141
2022-01-19 23:27:00,809 root                INFO: Train: Epoch  68: train loss 0.0139
2022-01-19 23:27:04,345 root                INFO: Train: Epoch  69: train loss 0.0140
2022-01-19 23:27:07,905 root                INFO: Train: Epoch  70: train loss 0.0140
2022-01-19 23:27:11,559 root                INFO: Train: Epoch  71: train loss 0.0133
2022-01-19 23:27:15,118 root                INFO: Train: Epoch  72: train loss 0.0139
2022-01-19 23:27:18,710 root                INFO: Train: Epoch  73: train loss 0.0136
2022-01-19 23:27:22,458 root                INFO: Train: Epoch  74: train loss 0.0143
2022-01-19 23:27:26,100 root                INFO: Train: Epoch  75: train loss 0.0139
2022-01-19 23:27:29,675 root                INFO: Train: Epoch  76: train loss 0.0135
2022-01-19 23:27:33,203 root                INFO: Train: Epoch  77: train loss 0.0136
2022-01-19 23:27:36,809 root                INFO: Train: Epoch  78: train loss 0.0135
2022-01-19 23:27:40,393 root                INFO: Train: Epoch  79: train loss 0.0138
2022-01-19 23:27:44,141 root                INFO: Train: Epoch  80: train loss 0.0132
2022-01-19 23:27:47,866 root                INFO: Train: Epoch  81: train loss 0.0138
2022-01-19 23:27:51,404 root                INFO: Train: Epoch  82: train loss 0.0135
2022-01-19 23:27:54,931 root                INFO: Train: Epoch  83: train loss 0.0135
2022-01-19 23:27:58,501 root                INFO: Train: Epoch  84: train loss 0.0132
2022-01-19 23:28:02,069 root                INFO: Train: Epoch  85: train loss 0.0138
2022-01-19 23:28:05,664 root                INFO: Train: Epoch  86: train loss 0.0139
2022-01-19 23:28:09,146 root                INFO: Train: Epoch  87: train loss 0.0139
2022-01-19 23:28:12,614 root                INFO: Train: Epoch  88: train loss 0.0136
2022-01-19 23:28:16,087 root                INFO: Train: Epoch  89: train loss 0.0138
2022-01-19 23:28:19,803 root                INFO: Train: Epoch  90: train loss 0.0127
2022-01-19 23:28:23,281 root                INFO: Train: Epoch  91: train loss 0.0129
2022-01-19 23:28:26,704 root                INFO: Train: Epoch  92: train loss 0.0136
2022-01-19 23:28:30,278 root                INFO: Train: Epoch  93: train loss 0.0128
2022-01-19 23:28:33,699 root                INFO: Train: Epoch  94: train loss 0.0130
2022-01-19 23:28:37,105 root                INFO: Train: Epoch  95: train loss 0.0133
2022-01-19 23:28:40,697 root                INFO: Train: Epoch  96: train loss 0.0136
2022-01-19 23:28:44,305 root                INFO: Train: Epoch  97: train loss 0.0129
2022-01-19 23:28:47,798 root                INFO: Train: Epoch  98: train loss 0.0139
2022-01-19 23:28:51,439 root                INFO: Train: Epoch  99: train loss 0.0132
2022-01-19 23:28:55,008 root                INFO: Train: Epoch 100: train loss 0.0132
2022-01-19 23:28:58,629 root                INFO: Train: Epoch 101: train loss 0.0137
2022-01-19 23:29:02,170 root                INFO: Train: Epoch 102: train loss 0.0132
2022-01-19 23:29:05,687 root                INFO: Train: Epoch 103: train loss 0.0129
2022-01-19 23:29:09,281 root                INFO: Train: Epoch 104: train loss 0.0129
2022-01-19 23:29:12,923 root                INFO: Train: Epoch 105: train loss 0.0134
2022-01-19 23:29:16,448 root                INFO: Train: Epoch 106: train loss 0.0136
2022-01-19 23:29:19,835 root                INFO: Train: Epoch 107: train loss 0.0128
2022-01-19 23:29:23,308 root                INFO: Train: Epoch 108: train loss 0.0127
2022-01-19 23:29:27,035 root                INFO: Train: Epoch 109: train loss 0.0129
2022-01-19 23:29:30,684 root                INFO: Train: Epoch 110: train loss 0.0129
2022-01-19 23:29:34,129 root                INFO: Train: Epoch 111: train loss 0.0127
2022-01-19 23:29:37,571 root                INFO: Train: Epoch 112: train loss 0.0129
2022-01-19 23:29:41,085 root                INFO: Train: Epoch 113: train loss 0.0126
2022-01-19 23:29:44,497 root                INFO: Train: Epoch 114: train loss 0.0128
2022-01-19 23:29:47,968 root                INFO: Train: Epoch 115: train loss 0.0130
2022-01-19 23:29:51,273 root                INFO: Train: Epoch 116: train loss 0.0131
2022-01-19 23:29:54,688 root                INFO: Train: Epoch 117: train loss 0.0126
2022-01-19 23:29:58,287 root                INFO: Train: Epoch 118: train loss 0.0132
2022-01-19 23:30:01,766 root                INFO: Train: Epoch 119: train loss 0.0129
2022-01-19 23:30:05,221 root                INFO: Train: Epoch 120: train loss 0.0132
2022-01-19 23:30:08,678 root                INFO: Train: Epoch 121: train loss 0.0125
2022-01-19 23:30:12,104 root                INFO: Train: Epoch 122: train loss 0.0129
2022-01-19 23:30:15,571 root                INFO: Train: Epoch 123: train loss 0.0129
2022-01-19 23:30:19,049 root                INFO: Train: Epoch 124: train loss 0.0124
2022-01-19 23:30:22,510 root                INFO: Train: Epoch 125: train loss 0.0128
2022-01-19 23:30:25,977 root                INFO: Train: Epoch 126: train loss 0.0126
2022-01-19 23:30:29,403 root                INFO: Train: Epoch 127: train loss 0.0132
2022-01-19 23:30:33,162 root                INFO: Train: Epoch 128: train loss 0.0131
2022-01-19 23:30:36,740 root                INFO: Train: Epoch 129: train loss 0.0129
2022-01-19 23:30:40,244 root                INFO: Train: Epoch 130: train loss 0.0129
2022-01-19 23:30:43,787 root                INFO: Train: Epoch 131: train loss 0.0123
2022-01-19 23:30:47,170 root                INFO: Train: Epoch 132: train loss 0.0124
2022-01-19 23:30:50,772 root                INFO: Train: Epoch 133: train loss 0.0126
2022-01-19 23:30:54,125 root                INFO: Train: Epoch 134: train loss 0.0133
2022-01-19 23:30:57,571 root                INFO: Train: Epoch 135: train loss 0.0123
2022-01-19 23:31:01,029 root                INFO: Train: Epoch 136: train loss 0.0124
2022-01-19 23:31:04,671 root                INFO: Train: Epoch 137: train loss 0.0127
2022-01-19 23:31:08,077 root                INFO: Train: Epoch 138: train loss 0.0129
2022-01-19 23:31:11,510 root                INFO: Train: Epoch 139: train loss 0.0129
2022-01-19 23:31:14,973 root                INFO: Train: Epoch 140: train loss 0.0126
2022-01-19 23:31:18,370 root                INFO: Train: Epoch 141: train loss 0.0124
2022-01-19 23:31:22,032 root                INFO: Train: Epoch 142: train loss 0.0124
2022-01-19 23:31:25,519 root                INFO: Train: Epoch 143: train loss 0.0127
2022-01-19 23:31:29,078 root                INFO: Train: Epoch 144: train loss 0.0130
2022-01-19 23:31:32,514 root                INFO: Train: Epoch 145: train loss 0.0129
2022-01-19 23:31:36,006 root                INFO: Train: Epoch 146: train loss 0.0122
2022-01-19 23:31:39,823 root                INFO: Train: Epoch 147: train loss 0.0126
2022-01-19 23:31:43,397 root                INFO: Train: Epoch 148: train loss 0.0130
2022-01-19 23:31:46,869 root                INFO: Train: Epoch 149: train loss 0.0125
2022-01-19 23:31:50,372 root                INFO: Train: Epoch 150: train loss 0.0125
2022-01-19 23:31:53,863 root                INFO: Train: Epoch 151: train loss 0.0129
2022-01-19 23:31:57,415 root                INFO: Train: Epoch 152: train loss 0.0130
2022-01-19 23:32:00,920 root                INFO: Train: Epoch 153: train loss 0.0126
2022-01-19 23:32:04,404 root                INFO: Train: Epoch 154: train loss 0.0118
2022-01-19 23:32:08,020 root                INFO: Train: Epoch 155: train loss 0.0124
2022-01-19 23:32:11,853 root                INFO: Train: Epoch 156: train loss 0.0126
2022-01-19 23:32:15,302 root                INFO: Train: Epoch 157: train loss 0.0125
2022-01-19 23:32:18,859 root                INFO: Train: Epoch 158: train loss 0.0126
2022-01-19 23:32:22,521 root                INFO: Train: Epoch 159: train loss 0.0124
2022-01-19 23:32:26,043 root                INFO: Train: Epoch 160: train loss 0.0125
2022-01-19 23:32:29,593 root                INFO: Train: Epoch 161: train loss 0.0123
2022-01-19 23:32:33,133 root                INFO: Train: Epoch 162: train loss 0.0127
2022-01-19 23:32:36,846 root                INFO: Train: Epoch 163: train loss 0.0125
2022-01-19 23:32:40,451 root                INFO: Train: Epoch 164: train loss 0.0127
2022-01-19 23:32:43,888 root                INFO: Train: Epoch 165: train loss 0.0124
2022-01-19 23:32:47,614 root                INFO: Train: Epoch 166: train loss 0.0130
2022-01-19 23:32:51,190 root                INFO: Train: Epoch 167: train loss 0.0122
2022-01-19 23:32:54,769 root                INFO: Train: Epoch 168: train loss 0.0128
2022-01-19 23:32:58,263 root                INFO: Train: Epoch 169: train loss 0.0126
2022-01-19 23:33:01,836 root                INFO: Train: Epoch 170: train loss 0.0121
2022-01-19 23:33:05,500 root                INFO: Train: Epoch 171: train loss 0.0128
2022-01-19 23:33:09,286 root                INFO: Train: Epoch 172: train loss 0.0124
2022-01-19 23:33:12,754 root                INFO: Train: Epoch 173: train loss 0.0123
2022-01-19 23:33:16,432 root                INFO: Train: Epoch 174: train loss 0.0124
2022-01-19 23:33:20,118 root                INFO: Train: Epoch 175: train loss 0.0127
2022-01-19 23:33:23,567 root                INFO: Train: Epoch 176: train loss 0.0120
2022-01-19 23:33:27,047 root                INFO: Train: Epoch 177: train loss 0.0121
2022-01-19 23:33:30,686 root                INFO: Train: Epoch 178: train loss 0.0126
2022-01-19 23:33:34,100 root                INFO: Train: Epoch 179: train loss 0.0118
2022-01-19 23:33:37,563 root                INFO: Train: Epoch 180: train loss 0.0120
2022-01-19 23:33:41,101 root                INFO: Train: Epoch 181: train loss 0.0115
2022-01-19 23:33:44,640 root                INFO: Train: Epoch 182: train loss 0.0124
2022-01-19 23:33:48,068 root                INFO: Train: Epoch 183: train loss 0.0120
2022-01-19 23:33:51,710 root                INFO: Train: Epoch 184: train loss 0.0122
2022-01-19 23:33:55,538 root                INFO: Train: Epoch 185: train loss 0.0122
2022-01-19 23:33:59,073 root                INFO: Train: Epoch 186: train loss 0.0120
2022-01-19 23:34:02,634 root                INFO: Train: Epoch 187: train loss 0.0124
2022-01-19 23:34:06,267 root                INFO: Train: Epoch 188: train loss 0.0125
2022-01-19 23:34:09,913 root                INFO: Train: Epoch 189: train loss 0.0123
2022-01-19 23:34:13,455 root                INFO: Train: Epoch 190: train loss 0.0122
2022-01-19 23:34:17,067 root                INFO: Train: Epoch 191: train loss 0.0122
2022-01-19 23:34:20,695 root                INFO: Train: Epoch 192: train loss 0.0118
2022-01-19 23:34:24,299 root                INFO: Train: Epoch 193: train loss 0.0123
2022-01-19 23:34:28,217 root                INFO: Train: Epoch 194: train loss 0.0125
2022-01-19 23:34:31,697 root                INFO: Train: Epoch 195: train loss 0.0118
2022-01-19 23:34:35,185 root                INFO: Train: Epoch 196: train loss 0.0120
2022-01-19 23:34:37,239 root                INFO: Valid: Epoch 196: kendall tau 0.8133; loss 0.2577
2022-01-19 23:34:40,755 root                INFO: Train: Epoch 197: train loss 0.0129
2022-01-19 23:34:42,655 root                INFO: Valid: Epoch 197: kendall tau 0.8252; loss 0.2461
2022-01-19 23:34:46,051 root                INFO: Train: Epoch 198: train loss 0.0120
2022-01-19 23:34:48,014 root                INFO: Valid: Epoch 198: kendall tau 0.8162; loss 0.2367
2022-01-19 23:34:51,588 root                INFO: Train: Epoch 199: train loss 0.0118
2022-01-19 23:34:53,618 root                INFO: Valid: Epoch 199: kendall tau 0.8182; loss 0.2561
2022-01-19 23:34:57,303 root                INFO: Train: Epoch 200: train loss 0.0120
2022-01-19 23:34:59,320 root                INFO: Valid: Epoch 200: kendall tau 0.8264; loss 0.2413
2022-01-19 23:34:59,326 root                INFO: Epoch 200: Save checkpoint to nb1shot1_ablation_scale/true/0.1_1/1/202121/200.ckpt
2022-01-19 23:35:01,249 root                INFO: [0.2857142857142857, 0.5, 0.5555555555555556, 0.6978021978021978, 0.7901234567901234, 0.9165980795610426, 1.0]
2022-01-19 23:35:01,249 root                INFO: [3, 3]
