2022-01-20 15:53:15,562 root                INFO: GPU device = 0
2022-01-20 15:53:15,563 root                INFO: Load pkl cache from nasbench301_train.pkl and nasbench301_valid.pkl
2022-01-20 15:53:16,437 root                INFO: Config: {'arch_network_cfg': {'arch_embedder_cfg': {'take_adj_as_input': True, 'gcn_kwargs': {'residual_only': 2}, 'gcn_out_dims': [64, 64, 64, 64, 64], 'hidden_dim': 32, 'node_dim': 32, 'op_dim': 32, 'use_bn': False, 'final_concat': False, 'other_node_zero': False, 'num_time_steps': 4, 'fb_conversion_dims': [64, 64], 'backward_gcn_out_dims': [64, 64, 64, 64, 64], 'updateopemb_method': 'concat_ofb', 'updateopemb_dims': [64], 'share_skip_and_outskip': True, 'detach_vinfo': False, 'updateopemb_scale': 0.1, 'updateopemb_detach_opemb': True, 'updateopemb_detach_finfo': True, 'mask_nonparametrized_ops': True, 'symmetry_breaking_method': 'param_zs_add', 'concat_param_zs_as_opemb_dimension': 5, 'concat_param_zs_as_opemb_scale': 1.0}, 'arch_embedder_type': 'cellss-fbflow', 'compare_loss_type': 'margin_linear', 'compare_margin': 0.1, 'mlp_dropout': 0.1, 'mlp_hiddens': [200], 'optimizer': {'lr': 0.001, 'type': 'Adam'}, 'scheduler': None}, 'arch_network_type': 'pointwise_comparator', 'batch_size': 128, 'choose_pair_criterion': 'random', 'compare': True, 'compare_threshold': 0.0, 'epochs': 200, 'max_compare_ratio': 16.0}
2022-01-20 15:53:19,603 root                INFO: Combined args: Namespace(arch_network_type='pointwise_comparator', batch_size=128, cfg_file='cfgs/nb301_cfgs/gates_true_masktrue.yaml', choose_pair_criterion='random', compare=True, compare_threshold=0.0, epochs=200, eval_only_last=1, gpu=0, load=None, max_compare_ratio=16.0, num_workers=4, report_freq=200, save_every=200, save_predict=None, seed=2021, test_funcs=None, test_only=False, train_dir='nb301_ablation_mask/true/true_0.005/12/2021', train_pkl='../mynas/data/nasbench-301/nasbench301_train_mtx_12.pkl', train_ratio=0.005, valid_pkl='../mynas/data/nasbench-301/nasbench301_valid_mtx.pkl')
2022-01-20 15:53:19,612 root                INFO: Train dataset ratio: 0.005
2022-01-20 15:53:19,613 root                INFO: Number of architectures: train: 29; valid: 51072
2022-01-20 15:53:34,507 root                INFO: Train: Epoch   1: train loss 0.1001
2022-01-20 15:53:35,001 root                INFO: Train: Epoch   2: train loss 0.0986
2022-01-20 15:53:35,496 root                INFO: Train: Epoch   3: train loss 0.0963
2022-01-20 15:53:35,992 root                INFO: Train: Epoch   4: train loss 0.0950
2022-01-20 15:53:36,651 root                INFO: Train: Epoch   5: train loss 0.0903
2022-01-20 15:53:37,279 root                INFO: Train: Epoch   6: train loss 0.0877
2022-01-20 15:53:37,952 root                INFO: Train: Epoch   7: train loss 0.0822
2022-01-20 15:53:38,603 root                INFO: Train: Epoch   8: train loss 0.0751
2022-01-20 15:53:39,271 root                INFO: Train: Epoch   9: train loss 0.0670
2022-01-20 15:53:39,913 root                INFO: Train: Epoch  10: train loss 0.0588
2022-01-20 15:53:40,534 root                INFO: Train: Epoch  11: train loss 0.0489
2022-01-20 15:53:41,186 root                INFO: Train: Epoch  12: train loss 0.0433
2022-01-20 15:53:41,809 root                INFO: Train: Epoch  13: train loss 0.0389
2022-01-20 15:53:42,396 root                INFO: Train: Epoch  14: train loss 0.0345
2022-01-20 15:53:42,933 root                INFO: Train: Epoch  15: train loss 0.0313
2022-01-20 15:53:43,489 root                INFO: Train: Epoch  16: train loss 0.0294
2022-01-20 15:53:44,012 root                INFO: Train: Epoch  17: train loss 0.0289
2022-01-20 15:53:44,605 root                INFO: Train: Epoch  18: train loss 0.0234
2022-01-20 15:53:45,151 root                INFO: Train: Epoch  19: train loss 0.0211
2022-01-20 15:53:45,713 root                INFO: Train: Epoch  20: train loss 0.0221
2022-01-20 15:53:46,316 root                INFO: Train: Epoch  21: train loss 0.0202
2022-01-20 15:53:47,005 root                INFO: Train: Epoch  22: train loss 0.0166
2022-01-20 15:53:47,686 root                INFO: Train: Epoch  23: train loss 0.0163
2022-01-20 15:53:48,333 root                INFO: Train: Epoch  24: train loss 0.0141
2022-01-20 15:53:48,986 root                INFO: Train: Epoch  25: train loss 0.0140
2022-01-20 15:53:49,630 root                INFO: Train: Epoch  26: train loss 0.0132
2022-01-20 15:53:50,322 root                INFO: Train: Epoch  27: train loss 0.0132
2022-01-20 15:53:50,976 root                INFO: Train: Epoch  28: train loss 0.0112
2022-01-20 15:53:51,639 root                INFO: Train: Epoch  29: train loss 0.0119
2022-01-20 15:53:52,332 root                INFO: Train: Epoch  30: train loss 0.0119
2022-01-20 15:53:53,000 root                INFO: Train: Epoch  31: train loss 0.0101
2022-01-20 15:53:53,677 root                INFO: Train: Epoch  32: train loss 0.0097
2022-01-20 15:53:54,353 root                INFO: Train: Epoch  33: train loss 0.0106
2022-01-20 15:53:55,077 root                INFO: Train: Epoch  34: train loss 0.0081
2022-01-20 15:53:55,716 root                INFO: Train: Epoch  35: train loss 0.0079
2022-01-20 15:53:56,374 root                INFO: Train: Epoch  36: train loss 0.0083
2022-01-20 15:53:57,065 root                INFO: Train: Epoch  37: train loss 0.0100
2022-01-20 15:53:57,730 root                INFO: Train: Epoch  38: train loss 0.0073
2022-01-20 15:53:58,378 root                INFO: Train: Epoch  39: train loss 0.0081
2022-01-20 15:53:59,028 root                INFO: Train: Epoch  40: train loss 0.0077
2022-01-20 15:53:59,714 root                INFO: Train: Epoch  41: train loss 0.0073
2022-01-20 15:54:00,367 root                INFO: Train: Epoch  42: train loss 0.0067
2022-01-20 15:54:01,024 root                INFO: Train: Epoch  43: train loss 0.0065
2022-01-20 15:54:01,698 root                INFO: Train: Epoch  44: train loss 0.0062
2022-01-20 15:54:02,334 root                INFO: Train: Epoch  45: train loss 0.0066
2022-01-20 15:54:02,943 root                INFO: Train: Epoch  46: train loss 0.0053
2022-01-20 15:54:03,579 root                INFO: Train: Epoch  47: train loss 0.0054
2022-01-20 15:54:04,214 root                INFO: Train: Epoch  48: train loss 0.0057
2022-01-20 15:54:04,862 root                INFO: Train: Epoch  49: train loss 0.0057
2022-01-20 15:54:05,520 root                INFO: Train: Epoch  50: train loss 0.0047
2022-01-20 15:54:06,188 root                INFO: Train: Epoch  51: train loss 0.0045
2022-01-20 15:54:06,837 root                INFO: Train: Epoch  52: train loss 0.0044
2022-01-20 15:54:07,485 root                INFO: Train: Epoch  53: train loss 0.0047
2022-01-20 15:54:08,166 root                INFO: Train: Epoch  54: train loss 0.0051
2022-01-20 15:54:08,805 root                INFO: Train: Epoch  55: train loss 0.0039
2022-01-20 15:54:09,443 root                INFO: Train: Epoch  56: train loss 0.0034
2022-01-20 15:54:10,096 root                INFO: Train: Epoch  57: train loss 0.0037
2022-01-20 15:54:10,766 root                INFO: Train: Epoch  58: train loss 0.0023
2022-01-20 15:54:11,431 root                INFO: Train: Epoch  59: train loss 0.0032
2022-01-20 15:54:12,087 root                INFO: Train: Epoch  60: train loss 0.0033
2022-01-20 15:54:12,737 root                INFO: Train: Epoch  61: train loss 0.0030
2022-01-20 15:54:13,393 root                INFO: Train: Epoch  62: train loss 0.0037
2022-01-20 15:54:14,077 root                INFO: Train: Epoch  63: train loss 0.0034
2022-01-20 15:54:14,718 root                INFO: Train: Epoch  64: train loss 0.0027
2022-01-20 15:54:15,343 root                INFO: Train: Epoch  65: train loss 0.0040
2022-01-20 15:54:16,045 root                INFO: Train: Epoch  66: train loss 0.0030
2022-01-20 15:54:16,703 root                INFO: Train: Epoch  67: train loss 0.0044
2022-01-20 15:54:17,363 root                INFO: Train: Epoch  68: train loss 0.0026
2022-01-20 15:54:18,045 root                INFO: Train: Epoch  69: train loss 0.0025
2022-01-20 15:54:18,712 root                INFO: Train: Epoch  70: train loss 0.0035
2022-01-20 15:54:19,454 root                INFO: Train: Epoch  71: train loss 0.0014
2022-01-20 15:54:20,172 root                INFO: Train: Epoch  72: train loss 0.0020
2022-01-20 15:54:20,895 root                INFO: Train: Epoch  73: train loss 0.0033
2022-01-20 15:54:21,571 root                INFO: Train: Epoch  74: train loss 0.0023
2022-01-20 15:54:22,264 root                INFO: Train: Epoch  75: train loss 0.0012
2022-01-20 15:54:22,889 root                INFO: Train: Epoch  76: train loss 0.0017
2022-01-20 15:54:23,381 root                INFO: Train: Epoch  77: train loss 0.0022
2022-01-20 15:54:23,871 root                INFO: Train: Epoch  78: train loss 0.0011
2022-01-20 15:54:24,368 root                INFO: Train: Epoch  79: train loss 0.0013
2022-01-20 15:54:24,890 root                INFO: Train: Epoch  80: train loss 0.0017
2022-01-20 15:54:25,392 root                INFO: Train: Epoch  81: train loss 0.0012
2022-01-20 15:54:25,903 root                INFO: Train: Epoch  82: train loss 0.0019
2022-01-20 15:54:26,411 root                INFO: Train: Epoch  83: train loss 0.0012
2022-01-20 15:54:26,914 root                INFO: Train: Epoch  84: train loss 0.0018
2022-01-20 15:54:27,567 root                INFO: Train: Epoch  85: train loss 0.0016
2022-01-20 15:54:28,280 root                INFO: Train: Epoch  86: train loss 0.0012
2022-01-20 15:54:28,951 root                INFO: Train: Epoch  87: train loss 0.0028
2022-01-20 15:54:29,708 root                INFO: Train: Epoch  88: train loss 0.0022
2022-01-20 15:54:30,417 root                INFO: Train: Epoch  89: train loss 0.0024
2022-01-20 15:54:31,155 root                INFO: Train: Epoch  90: train loss 0.0018
2022-01-20 15:54:31,858 root                INFO: Train: Epoch  91: train loss 0.0014
2022-01-20 15:54:32,579 root                INFO: Train: Epoch  92: train loss 0.0017
2022-01-20 15:54:33,324 root                INFO: Train: Epoch  93: train loss 0.0016
2022-01-20 15:54:34,072 root                INFO: Train: Epoch  94: train loss 0.0017
2022-01-20 15:54:34,795 root                INFO: Train: Epoch  95: train loss 0.0011
2022-01-20 15:54:35,520 root                INFO: Train: Epoch  96: train loss 0.0021
2022-01-20 15:54:36,233 root                INFO: Train: Epoch  97: train loss 0.0011
2022-01-20 15:54:36,955 root                INFO: Train: Epoch  98: train loss 0.0010
2022-01-20 15:54:37,648 root                INFO: Train: Epoch  99: train loss 0.0014
2022-01-20 15:54:38,386 root                INFO: Train: Epoch 100: train loss 0.0015
2022-01-20 15:54:39,087 root                INFO: Train: Epoch 101: train loss 0.0013
2022-01-20 15:54:39,822 root                INFO: Train: Epoch 102: train loss 0.0022
2022-01-20 15:54:40,549 root                INFO: Train: Epoch 103: train loss 0.0015
2022-01-20 15:54:41,257 root                INFO: Train: Epoch 104: train loss 0.0024
2022-01-20 15:54:42,018 root                INFO: Train: Epoch 105: train loss 0.0020
2022-01-20 15:54:42,747 root                INFO: Train: Epoch 106: train loss 0.0015
2022-01-20 15:54:43,457 root                INFO: Train: Epoch 107: train loss 0.0013
2022-01-20 15:54:44,151 root                INFO: Train: Epoch 108: train loss 0.0016
2022-01-20 15:54:44,894 root                INFO: Train: Epoch 109: train loss 0.0015
2022-01-20 15:54:45,627 root                INFO: Train: Epoch 110: train loss 0.0007
2022-01-20 15:54:46,328 root                INFO: Train: Epoch 111: train loss 0.0015
2022-01-20 15:54:47,050 root                INFO: Train: Epoch 112: train loss 0.0009
2022-01-20 15:54:47,754 root                INFO: Train: Epoch 113: train loss 0.0017
2022-01-20 15:54:48,538 root                INFO: Train: Epoch 114: train loss 0.0011
2022-01-20 15:54:49,245 root                INFO: Train: Epoch 115: train loss 0.0019
2022-01-20 15:54:49,973 root                INFO: Train: Epoch 116: train loss 0.0009
2022-01-20 15:54:50,696 root                INFO: Train: Epoch 117: train loss 0.0010
2022-01-20 15:54:51,465 root                INFO: Train: Epoch 118: train loss 0.0013
2022-01-20 15:54:52,219 root                INFO: Train: Epoch 119: train loss 0.0013
2022-01-20 15:54:52,961 root                INFO: Train: Epoch 120: train loss 0.0020
2022-01-20 15:54:53,761 root                INFO: Train: Epoch 121: train loss 0.0010
2022-01-20 15:54:54,503 root                INFO: Train: Epoch 122: train loss 0.0013
2022-01-20 15:54:55,219 root                INFO: Train: Epoch 123: train loss 0.0017
2022-01-20 15:54:55,973 root                INFO: Train: Epoch 124: train loss 0.0013
2022-01-20 15:54:56,697 root                INFO: Train: Epoch 125: train loss 0.0031
2022-01-20 15:54:57,416 root                INFO: Train: Epoch 126: train loss 0.0028
2022-01-20 15:54:58,166 root                INFO: Train: Epoch 127: train loss 0.0026
2022-01-20 15:54:58,907 root                INFO: Train: Epoch 128: train loss 0.0010
2022-01-20 15:54:59,665 root                INFO: Train: Epoch 129: train loss 0.0017
2022-01-20 15:55:00,508 root                INFO: Train: Epoch 130: train loss 0.0030
2022-01-20 15:55:01,229 root                INFO: Train: Epoch 131: train loss 0.0023
2022-01-20 15:55:01,996 root                INFO: Train: Epoch 132: train loss 0.0020
2022-01-20 15:55:02,833 root                INFO: Train: Epoch 133: train loss 0.0024
2022-01-20 15:55:03,582 root                INFO: Train: Epoch 134: train loss 0.0041
2022-01-20 15:55:04,374 root                INFO: Train: Epoch 135: train loss 0.0013
2022-01-20 15:55:05,119 root                INFO: Train: Epoch 136: train loss 0.0014
2022-01-20 15:55:05,866 root                INFO: Train: Epoch 137: train loss 0.0025
2022-01-20 15:55:06,639 root                INFO: Train: Epoch 138: train loss 0.0017
2022-01-20 15:55:07,362 root                INFO: Train: Epoch 139: train loss 0.0014
2022-01-20 15:55:08,079 root                INFO: Train: Epoch 140: train loss 0.0012
2022-01-20 15:55:08,774 root                INFO: Train: Epoch 141: train loss 0.0013
2022-01-20 15:55:09,502 root                INFO: Train: Epoch 142: train loss 0.0012
2022-01-20 15:55:10,255 root                INFO: Train: Epoch 143: train loss 0.0019
2022-01-20 15:55:11,017 root                INFO: Train: Epoch 144: train loss 0.0027
2022-01-20 15:55:11,776 root                INFO: Train: Epoch 145: train loss 0.0011
2022-01-20 15:55:12,543 root                INFO: Train: Epoch 146: train loss 0.0015
2022-01-20 15:55:13,313 root                INFO: Train: Epoch 147: train loss 0.0021
2022-01-20 15:55:14,061 root                INFO: Train: Epoch 148: train loss 0.0007
2022-01-20 15:55:14,825 root                INFO: Train: Epoch 149: train loss 0.0012
2022-01-20 15:55:15,553 root                INFO: Train: Epoch 150: train loss 0.0014
2022-01-20 15:55:16,255 root                INFO: Train: Epoch 151: train loss 0.0015
2022-01-20 15:55:16,961 root                INFO: Train: Epoch 152: train loss 0.0015
2022-01-20 15:55:17,710 root                INFO: Train: Epoch 153: train loss 0.0014
2022-01-20 15:55:18,440 root                INFO: Train: Epoch 154: train loss 0.0011
2022-01-20 15:55:19,163 root                INFO: Train: Epoch 155: train loss 0.0014
2022-01-20 15:55:19,897 root                INFO: Train: Epoch 156: train loss 0.0024
2022-01-20 15:55:20,641 root                INFO: Train: Epoch 157: train loss 0.0041
2022-01-20 15:55:21,419 root                INFO: Train: Epoch 158: train loss 0.0033
2022-01-20 15:55:22,149 root                INFO: Train: Epoch 159: train loss 0.0018
2022-01-20 15:55:22,870 root                INFO: Train: Epoch 160: train loss 0.0018
2022-01-20 15:55:23,596 root                INFO: Train: Epoch 161: train loss 0.0016
2022-01-20 15:55:24,333 root                INFO: Train: Epoch 162: train loss 0.0018
2022-01-20 15:55:25,075 root                INFO: Train: Epoch 163: train loss 0.0017
2022-01-20 15:55:25,800 root                INFO: Train: Epoch 164: train loss 0.0009
2022-01-20 15:55:26,560 root                INFO: Train: Epoch 165: train loss 0.0021
2022-01-20 15:55:27,294 root                INFO: Train: Epoch 166: train loss 0.0013
2022-01-20 15:55:28,034 root                INFO: Train: Epoch 167: train loss 0.0013
2022-01-20 15:55:28,757 root                INFO: Train: Epoch 168: train loss 0.0013
2022-01-20 15:55:29,464 root                INFO: Train: Epoch 169: train loss 0.0012
2022-01-20 15:55:30,172 root                INFO: Train: Epoch 170: train loss 0.0015
2022-01-20 15:55:30,916 root                INFO: Train: Epoch 171: train loss 0.0026
2022-01-20 15:55:31,664 root                INFO: Train: Epoch 172: train loss 0.0018
2022-01-20 15:55:32,395 root                INFO: Train: Epoch 173: train loss 0.0011
2022-01-20 15:55:33,107 root                INFO: Train: Epoch 174: train loss 0.0010
2022-01-20 15:55:33,781 root                INFO: Train: Epoch 175: train loss 0.0008
2022-01-20 15:55:34,508 root                INFO: Train: Epoch 176: train loss 0.0007
2022-01-20 15:55:35,204 root                INFO: Train: Epoch 177: train loss 0.0015
2022-01-20 15:55:35,908 root                INFO: Train: Epoch 178: train loss 0.0021
2022-01-20 15:55:36,602 root                INFO: Train: Epoch 179: train loss 0.0015
2022-01-20 15:55:37,308 root                INFO: Train: Epoch 180: train loss 0.0006
2022-01-20 15:55:37,999 root                INFO: Train: Epoch 181: train loss 0.0009
2022-01-20 15:55:38,686 root                INFO: Train: Epoch 182: train loss 0.0018
2022-01-20 15:55:39,382 root                INFO: Train: Epoch 183: train loss 0.0007
2022-01-20 15:55:40,087 root                INFO: Train: Epoch 184: train loss 0.0018
2022-01-20 15:55:40,781 root                INFO: Train: Epoch 185: train loss 0.0015
2022-01-20 15:55:41,470 root                INFO: Train: Epoch 186: train loss 0.0010
2022-01-20 15:55:42,169 root                INFO: Train: Epoch 187: train loss 0.0009
2022-01-20 15:55:42,893 root                INFO: Train: Epoch 188: train loss 0.0007
2022-01-20 15:55:43,683 root                INFO: Train: Epoch 189: train loss 0.0018
2022-01-20 15:55:44,387 root                INFO: Train: Epoch 190: train loss 0.0002
2022-01-20 15:55:45,090 root                INFO: Train: Epoch 191: train loss 0.0020
2022-01-20 15:55:45,802 root                INFO: Train: Epoch 192: train loss 0.0004
2022-01-20 15:55:46,538 root                INFO: Train: Epoch 193: train loss 0.0008
2022-01-20 15:55:47,276 root                INFO: Train: Epoch 194: train loss 0.0016
2022-01-20 15:55:47,986 root                INFO: Train: Epoch 195: train loss 0.0015
2022-01-20 15:55:48,749 root                INFO: Train: Epoch 196: train loss 0.0007
2022-01-20 15:55:49,470 root                INFO: Train: Epoch 197: train loss 0.0010
2022-01-20 15:55:50,214 root                INFO: Train: Epoch 198: train loss 0.0001
2022-01-20 15:55:50,910 root                INFO: Train: Epoch 199: train loss 0.0003
2022-01-20 15:55:51,593 root                INFO: Train: Epoch 200: train loss 0.0020
2022-01-20 15:56:08,234 root                INFO: Valid: Epoch 200: kendall tau 0.5407; loss 0.104
2022-01-20 15:56:08,240 root                INFO: Epoch 200: Save checkpoint to nb301_ablation_mask/true/true_0.005/12/2021/200.ckpt
2022-01-20 15:56:24,978 root                INFO: [0.0, 0.06274509803921569, 0.10980392156862745, 0.4332158245201723, 0.5895829253965146, 0.7722822681704261, 1.0]
2022-01-20 15:56:24,979 root                INFO: [532, 532]
