2022-01-19 23:16:04,130 root                INFO: GPU device = 3
2022-01-19 23:16:04,130 root                INFO: Load pkl cache from nasbench101.pkl and nasbench101_valid.pkl
2022-01-19 23:16:04,453 root                INFO: Config: {'arch_network_cfg': {'arch_embedder_cfg': {'b_use_bn': False, 'backward_gcn_out_dims': [128, 128, 128, 128, 128], 'concat_param_zs_as_opemb_dimension': 7, 'concat_param_zs_as_opemb_scale': 0.1, 'detach_vinfo': False, 'fb_conversion_dims': [128, 128], 'gcn_kwargs': {'plus_I': True, 'residual_only': 1}, 'gcn_out_dims': [128, 128, 128, 128, 128], 'hid_dim': 96, 'mask_nonparametrized_ops': False, 'node_embedding_dim': 48, 'num_time_steps': 3, 'op_embedding_dim': 48, 'symmetry_breaking_method': 'param_zs_add', 'updateopemb_detach_finfo': True, 'updateopemb_detach_opemb': True, 'updateopemb_dims': [128], 'updateopemb_method': 'concat_ofb', 'updateopemb_scale': 0.1}, 'arch_embedder_type': 'nb101-fbflow', 'compare_loss_type': 'margin_linear', 'compare_margin': 0.1, 'mlp_dropout': 0.1, 'mlp_hiddens': [200], 'optimizer': {'lr': 0.001, 'type': 'Adam'}, 'scheduler': None}, 'batch_size': 512, 'choose_pair_criterion': 'random', 'compare': True, 'compare_threshold': 0.0, 'epochs': 200, 'max_compare_ratio': 4.0}
2022-01-19 23:16:07,864 root                INFO: Combined args: Namespace(batch_size=512, cfg_file='cfgs/nb101_cfgs/gates_true_scale0.1.yaml', choose_pair_criterion='random', compare=True, compare_threshold=0.0, epochs=200, eval_only_last=5, gpu=3, load=None, max_compare_ratio=4.0, num_workers=4, report_freq=200, save_every=200, save_predict=None, seed=202121, test_funcs=None, test_only=False, train_dir='nb1shot1_ablation_scale/true/0.1_0.5/12/202121', train_pkl='../mynas/data/nasbench-1shot1/nasbench101_train_12.pkl', train_ratio=0.5, valid_pkl='../mynas/data/nasbench-1shot1/nasbench101_valid.pkl')
2022-01-19 23:16:07,869 root                INFO: Train dataset ratio: 0.500
2022-01-19 23:16:07,869 root                INFO: Number of architectures: train: 3645; valid: 7290
2022-01-19 23:16:11,811 root                INFO: Train: Epoch   1: train loss 0.0853
2022-01-19 23:16:13,616 root                INFO: Train: Epoch   2: train loss 0.0542
2022-01-19 23:16:15,499 root                INFO: Train: Epoch   3: train loss 0.0448
2022-01-19 23:16:17,299 root                INFO: Train: Epoch   4: train loss 0.0362
2022-01-19 23:16:19,036 root                INFO: Train: Epoch   5: train loss 0.0319
2022-01-19 23:16:20,974 root                INFO: Train: Epoch   6: train loss 0.0328
2022-01-19 23:16:22,927 root                INFO: Train: Epoch   7: train loss 0.0302
2022-01-19 23:16:24,779 root                INFO: Train: Epoch   8: train loss 0.0282
2022-01-19 23:16:26,956 root                INFO: Train: Epoch   9: train loss 0.0257
2022-01-19 23:16:28,709 root                INFO: Train: Epoch  10: train loss 0.0257
2022-01-19 23:16:30,613 root                INFO: Train: Epoch  11: train loss 0.0244
2022-01-19 23:16:32,376 root                INFO: Train: Epoch  12: train loss 0.0227
2022-01-19 23:16:34,254 root                INFO: Train: Epoch  13: train loss 0.0210
2022-01-19 23:16:36,145 root                INFO: Train: Epoch  14: train loss 0.0218
2022-01-19 23:16:37,901 root                INFO: Train: Epoch  15: train loss 0.0204
2022-01-19 23:16:39,802 root                INFO: Train: Epoch  16: train loss 0.0199
2022-01-19 23:16:41,756 root                INFO: Train: Epoch  17: train loss 0.0197
2022-01-19 23:16:43,516 root                INFO: Train: Epoch  18: train loss 0.0208
2022-01-19 23:16:45,477 root                INFO: Train: Epoch  19: train loss 0.0219
2022-01-19 23:16:47,341 root                INFO: Train: Epoch  20: train loss 0.0197
2022-01-19 23:16:49,337 root                INFO: Train: Epoch  21: train loss 0.0195
2022-01-19 23:16:51,321 root                INFO: Train: Epoch  22: train loss 0.0200
2022-01-19 23:16:53,074 root                INFO: Train: Epoch  23: train loss 0.0185
2022-01-19 23:16:54,886 root                INFO: Train: Epoch  24: train loss 0.0188
2022-01-19 23:16:56,591 root                INFO: Train: Epoch  25: train loss 0.0184
2022-01-19 23:16:58,497 root                INFO: Train: Epoch  26: train loss 0.0177
2022-01-19 23:17:00,438 root                INFO: Train: Epoch  27: train loss 0.0184
2022-01-19 23:17:02,197 root                INFO: Train: Epoch  28: train loss 0.0180
2022-01-19 23:17:04,115 root                INFO: Train: Epoch  29: train loss 0.0173
2022-01-19 23:17:05,857 root                INFO: Train: Epoch  30: train loss 0.0172
2022-01-19 23:17:07,672 root                INFO: Train: Epoch  31: train loss 0.0168
2022-01-19 23:17:09,567 root                INFO: Train: Epoch  32: train loss 0.0166
2022-01-19 23:17:11,317 root                INFO: Train: Epoch  33: train loss 0.0164
2022-01-19 23:17:13,301 root                INFO: Train: Epoch  34: train loss 0.0165
2022-01-19 23:17:15,082 root                INFO: Train: Epoch  35: train loss 0.0159
2022-01-19 23:17:16,957 root                INFO: Train: Epoch  36: train loss 0.0168
2022-01-19 23:17:18,913 root                INFO: Train: Epoch  37: train loss 0.0168
2022-01-19 23:17:20,794 root                INFO: Train: Epoch  38: train loss 0.0172
2022-01-19 23:17:22,980 root                INFO: Train: Epoch  39: train loss 0.0175
2022-01-19 23:17:25,074 root                INFO: Train: Epoch  40: train loss 0.0175
2022-01-19 23:17:26,995 root                INFO: Train: Epoch  41: train loss 0.0158
2022-01-19 23:17:29,155 root                INFO: Train: Epoch  42: train loss 0.0165
2022-01-19 23:17:30,909 root                INFO: Train: Epoch  43: train loss 0.0162
2022-01-19 23:17:32,697 root                INFO: Train: Epoch  44: train loss 0.0174
2022-01-19 23:17:34,484 root                INFO: Train: Epoch  45: train loss 0.0163
2022-01-19 23:17:36,274 root                INFO: Train: Epoch  46: train loss 0.0163
2022-01-19 23:17:38,210 root                INFO: Train: Epoch  47: train loss 0.0153
2022-01-19 23:17:40,087 root                INFO: Train: Epoch  48: train loss 0.0159
2022-01-19 23:17:42,078 root                INFO: Train: Epoch  49: train loss 0.0159
2022-01-19 23:17:44,200 root                INFO: Train: Epoch  50: train loss 0.0152
2022-01-19 23:17:46,030 root                INFO: Train: Epoch  51: train loss 0.0163
2022-01-19 23:17:47,891 root                INFO: Train: Epoch  52: train loss 0.0156
2022-01-19 23:17:49,765 root                INFO: Train: Epoch  53: train loss 0.0174
2022-01-19 23:17:51,543 root                INFO: Train: Epoch  54: train loss 0.0169
2022-01-19 23:17:53,425 root                INFO: Train: Epoch  55: train loss 0.0153
2022-01-19 23:17:55,266 root                INFO: Train: Epoch  56: train loss 0.0155
2022-01-19 23:17:57,183 root                INFO: Train: Epoch  57: train loss 0.0161
2022-01-19 23:17:59,259 root                INFO: Train: Epoch  58: train loss 0.0152
2022-01-19 23:18:01,050 root                INFO: Train: Epoch  59: train loss 0.0156
2022-01-19 23:18:03,018 root                INFO: Train: Epoch  60: train loss 0.0164
2022-01-19 23:18:04,759 root                INFO: Train: Epoch  61: train loss 0.0168
2022-01-19 23:18:06,654 root                INFO: Train: Epoch  62: train loss 0.0160
2022-01-19 23:18:08,530 root                INFO: Train: Epoch  63: train loss 0.0151
2022-01-19 23:18:10,232 root                INFO: Train: Epoch  64: train loss 0.0155
2022-01-19 23:18:12,084 root                INFO: Train: Epoch  65: train loss 0.0154
2022-01-19 23:18:13,793 root                INFO: Train: Epoch  66: train loss 0.0151
2022-01-19 23:18:15,724 root                INFO: Train: Epoch  67: train loss 0.0155
2022-01-19 23:18:17,717 root                INFO: Train: Epoch  68: train loss 0.0144
2022-01-19 23:18:19,647 root                INFO: Train: Epoch  69: train loss 0.0148
2022-01-19 23:18:21,559 root                INFO: Train: Epoch  70: train loss 0.0150
2022-01-19 23:18:23,388 root                INFO: Train: Epoch  71: train loss 0.0148
2022-01-19 23:18:25,219 root                INFO: Train: Epoch  72: train loss 0.0163
2022-01-19 23:18:27,240 root                INFO: Train: Epoch  73: train loss 0.0154
2022-01-19 23:18:28,946 root                INFO: Train: Epoch  74: train loss 0.0150
2022-01-19 23:18:30,981 root                INFO: Train: Epoch  75: train loss 0.0149
2022-01-19 23:18:32,742 root                INFO: Train: Epoch  76: train loss 0.0157
2022-01-19 23:18:34,678 root                INFO: Train: Epoch  77: train loss 0.0149
2022-01-19 23:18:36,547 root                INFO: Train: Epoch  78: train loss 0.0161
2022-01-19 23:18:38,471 root                INFO: Train: Epoch  79: train loss 0.0152
2022-01-19 23:18:40,458 root                INFO: Train: Epoch  80: train loss 0.0150
2022-01-19 23:18:42,461 root                INFO: Train: Epoch  81: train loss 0.0158
2022-01-19 23:18:44,454 root                INFO: Train: Epoch  82: train loss 0.0149
2022-01-19 23:18:46,412 root                INFO: Train: Epoch  83: train loss 0.0156
2022-01-19 23:18:48,197 root                INFO: Train: Epoch  84: train loss 0.0153
2022-01-19 23:18:50,044 root                INFO: Train: Epoch  85: train loss 0.0144
2022-01-19 23:18:51,762 root                INFO: Train: Epoch  86: train loss 0.0161
2022-01-19 23:18:53,663 root                INFO: Train: Epoch  87: train loss 0.0152
2022-01-19 23:18:55,725 root                INFO: Train: Epoch  88: train loss 0.0144
2022-01-19 23:18:57,532 root                INFO: Train: Epoch  89: train loss 0.0145
2022-01-19 23:18:59,518 root                INFO: Train: Epoch  90: train loss 0.0149
2022-01-19 23:19:01,327 root                INFO: Train: Epoch  91: train loss 0.0147
2022-01-19 23:19:03,262 root                INFO: Train: Epoch  92: train loss 0.0145
2022-01-19 23:19:05,279 root                INFO: Train: Epoch  93: train loss 0.0142
2022-01-19 23:19:07,085 root                INFO: Train: Epoch  94: train loss 0.0151
2022-01-19 23:19:09,108 root                INFO: Train: Epoch  95: train loss 0.0140
2022-01-19 23:19:11,132 root                INFO: Train: Epoch  96: train loss 0.0141
2022-01-19 23:19:12,811 root                INFO: Train: Epoch  97: train loss 0.0144
2022-01-19 23:19:14,716 root                INFO: Train: Epoch  98: train loss 0.0151
2022-01-19 23:19:16,549 root                INFO: Train: Epoch  99: train loss 0.0150
2022-01-19 23:19:18,498 root                INFO: Train: Epoch 100: train loss 0.0146
2022-01-19 23:19:20,303 root                INFO: Train: Epoch 101: train loss 0.0141
2022-01-19 23:19:22,305 root                INFO: Train: Epoch 102: train loss 0.0149
2022-01-19 23:19:24,443 root                INFO: Train: Epoch 103: train loss 0.0141
2022-01-19 23:19:26,244 root                INFO: Train: Epoch 104: train loss 0.0154
2022-01-19 23:19:28,201 root                INFO: Train: Epoch 105: train loss 0.0148
2022-01-19 23:19:30,141 root                INFO: Train: Epoch 106: train loss 0.0147
2022-01-19 23:19:31,986 root                INFO: Train: Epoch 107: train loss 0.0141
2022-01-19 23:19:33,907 root                INFO: Train: Epoch 108: train loss 0.0143
2022-01-19 23:19:35,731 root                INFO: Train: Epoch 109: train loss 0.0152
2022-01-19 23:19:37,540 root                INFO: Train: Epoch 110: train loss 0.0145
2022-01-19 23:19:39,462 root                INFO: Train: Epoch 111: train loss 0.0140
2022-01-19 23:19:41,183 root                INFO: Train: Epoch 112: train loss 0.0142
2022-01-19 23:19:43,167 root                INFO: Train: Epoch 113: train loss 0.0151
2022-01-19 23:19:45,095 root                INFO: Train: Epoch 114: train loss 0.0140
2022-01-19 23:19:46,885 root                INFO: Train: Epoch 115: train loss 0.0138
2022-01-19 23:19:48,899 root                INFO: Train: Epoch 116: train loss 0.0141
2022-01-19 23:19:50,823 root                INFO: Train: Epoch 117: train loss 0.0142
2022-01-19 23:19:52,807 root                INFO: Train: Epoch 118: train loss 0.0136
2022-01-19 23:19:54,699 root                INFO: Train: Epoch 119: train loss 0.0142
2022-01-19 23:19:56,506 root                INFO: Train: Epoch 120: train loss 0.0133
2022-01-19 23:19:58,308 root                INFO: Train: Epoch 121: train loss 0.0141
2022-01-19 23:20:00,056 root                INFO: Train: Epoch 122: train loss 0.0140
2022-01-19 23:20:01,901 root                INFO: Train: Epoch 123: train loss 0.0150
2022-01-19 23:20:03,820 root                INFO: Train: Epoch 124: train loss 0.0139
2022-01-19 23:20:05,534 root                INFO: Train: Epoch 125: train loss 0.0145
2022-01-19 23:20:07,488 root                INFO: Train: Epoch 126: train loss 0.0137
2022-01-19 23:20:09,412 root                INFO: Train: Epoch 127: train loss 0.0138
2022-01-19 23:20:11,278 root                INFO: Train: Epoch 128: train loss 0.0134
2022-01-19 23:20:13,204 root                INFO: Train: Epoch 129: train loss 0.0138
2022-01-19 23:20:15,021 root                INFO: Train: Epoch 130: train loss 0.0137
2022-01-19 23:20:17,133 root                INFO: Train: Epoch 131: train loss 0.0133
2022-01-19 23:20:19,194 root                INFO: Train: Epoch 132: train loss 0.0138
2022-01-19 23:20:21,057 root                INFO: Train: Epoch 133: train loss 0.0138
2022-01-19 23:20:22,912 root                INFO: Train: Epoch 134: train loss 0.0138
2022-01-19 23:20:24,695 root                INFO: Train: Epoch 135: train loss 0.0137
2022-01-19 23:20:26,522 root                INFO: Train: Epoch 136: train loss 0.0140
2022-01-19 23:20:28,405 root                INFO: Train: Epoch 137: train loss 0.0135
2022-01-19 23:20:30,129 root                INFO: Train: Epoch 138: train loss 0.0140
2022-01-19 23:20:32,005 root                INFO: Train: Epoch 139: train loss 0.0133
2022-01-19 23:20:33,907 root                INFO: Train: Epoch 140: train loss 0.0135
2022-01-19 23:20:35,857 root                INFO: Train: Epoch 141: train loss 0.0138
2022-01-19 23:20:37,758 root                INFO: Train: Epoch 142: train loss 0.0139
2022-01-19 23:20:39,614 root                INFO: Train: Epoch 143: train loss 0.0137
2022-01-19 23:20:41,551 root                INFO: Train: Epoch 144: train loss 0.0136
2022-01-19 23:20:43,585 root                INFO: Train: Epoch 145: train loss 0.0143
2022-01-19 23:20:45,277 root                INFO: Train: Epoch 146: train loss 0.0140
2022-01-19 23:20:47,266 root                INFO: Train: Epoch 147: train loss 0.0134
2022-01-19 23:20:48,985 root                INFO: Train: Epoch 148: train loss 0.0141
2022-01-19 23:20:50,929 root                INFO: Train: Epoch 149: train loss 0.0142
2022-01-19 23:20:52,863 root                INFO: Train: Epoch 150: train loss 0.0145
2022-01-19 23:20:54,734 root                INFO: Train: Epoch 151: train loss 0.0132
2022-01-19 23:20:56,804 root                INFO: Train: Epoch 152: train loss 0.0138
2022-01-19 23:20:58,802 root                INFO: Train: Epoch 153: train loss 0.0140
2022-01-19 23:21:00,753 root                INFO: Train: Epoch 154: train loss 0.0147
2022-01-19 23:21:02,804 root                INFO: Train: Epoch 155: train loss 0.0141
2022-01-19 23:21:04,844 root                INFO: Train: Epoch 156: train loss 0.0137
2022-01-19 23:21:06,809 root                INFO: Train: Epoch 157: train loss 0.0135
2022-01-19 23:21:08,877 root                INFO: Train: Epoch 158: train loss 0.0143
2022-01-19 23:21:10,663 root                INFO: Train: Epoch 159: train loss 0.0129
2022-01-19 23:21:12,663 root                INFO: Train: Epoch 160: train loss 0.0134
2022-01-19 23:21:14,463 root                INFO: Train: Epoch 161: train loss 0.0133
2022-01-19 23:21:16,291 root                INFO: Train: Epoch 162: train loss 0.0139
2022-01-19 23:21:18,083 root                INFO: Train: Epoch 163: train loss 0.0132
2022-01-19 23:21:19,935 root                INFO: Train: Epoch 164: train loss 0.0140
2022-01-19 23:21:21,894 root                INFO: Train: Epoch 165: train loss 0.0135
2022-01-19 23:21:23,653 root                INFO: Train: Epoch 166: train loss 0.0129
2022-01-19 23:21:25,655 root                INFO: Train: Epoch 167: train loss 0.0137
2022-01-19 23:21:27,678 root                INFO: Train: Epoch 168: train loss 0.0135
2022-01-19 23:21:29,718 root                INFO: Train: Epoch 169: train loss 0.0137
2022-01-19 23:21:31,754 root                INFO: Train: Epoch 170: train loss 0.0135
2022-01-19 23:21:33,542 root                INFO: Train: Epoch 171: train loss 0.0143
2022-01-19 23:21:35,587 root                INFO: Train: Epoch 172: train loss 0.0133
2022-01-19 23:21:37,573 root                INFO: Train: Epoch 173: train loss 0.0129
2022-01-19 23:21:39,442 root                INFO: Train: Epoch 174: train loss 0.0131
2022-01-19 23:21:41,333 root                INFO: Train: Epoch 175: train loss 0.0139
2022-01-19 23:21:43,196 root                INFO: Train: Epoch 176: train loss 0.0139
2022-01-19 23:21:45,023 root                INFO: Train: Epoch 177: train loss 0.0137
2022-01-19 23:21:46,965 root                INFO: Train: Epoch 178: train loss 0.0139
2022-01-19 23:21:48,650 root                INFO: Train: Epoch 179: train loss 0.0138
2022-01-19 23:21:50,713 root                INFO: Train: Epoch 180: train loss 0.0141
2022-01-19 23:21:52,515 root                INFO: Train: Epoch 181: train loss 0.0132
2022-01-19 23:21:54,579 root                INFO: Train: Epoch 182: train loss 0.0137
2022-01-19 23:21:56,599 root                INFO: Train: Epoch 183: train loss 0.0133
2022-01-19 23:21:58,542 root                INFO: Train: Epoch 184: train loss 0.0140
2022-01-19 23:22:00,544 root                INFO: Train: Epoch 185: train loss 0.0137
2022-01-19 23:22:02,318 root                INFO: Train: Epoch 186: train loss 0.0131
2022-01-19 23:22:04,214 root                INFO: Train: Epoch 187: train loss 0.0131
2022-01-19 23:22:06,151 root                INFO: Train: Epoch 188: train loss 0.0135
2022-01-19 23:22:08,022 root                INFO: Train: Epoch 189: train loss 0.0128
2022-01-19 23:22:10,037 root                INFO: Train: Epoch 190: train loss 0.0131
2022-01-19 23:22:11,998 root                INFO: Train: Epoch 191: train loss 0.0134
2022-01-19 23:22:13,939 root                INFO: Train: Epoch 192: train loss 0.0131
2022-01-19 23:22:15,862 root                INFO: Train: Epoch 193: train loss 0.0132
2022-01-19 23:22:17,605 root                INFO: Train: Epoch 194: train loss 0.0129
2022-01-19 23:22:19,529 root                INFO: Train: Epoch 195: train loss 0.0136
2022-01-19 23:22:21,212 root                INFO: Train: Epoch 196: train loss 0.0133
2022-01-19 23:22:23,006 root                INFO: Valid: Epoch 196: kendall tau 0.8198; loss 0.2349
2022-01-19 23:22:24,742 root                INFO: Train: Epoch 197: train loss 0.0128
2022-01-19 23:22:26,465 root                INFO: Valid: Epoch 197: kendall tau 0.8098; loss 0.2514
2022-01-19 23:22:28,347 root                INFO: Train: Epoch 198: train loss 0.0130
2022-01-19 23:22:30,113 root                INFO: Valid: Epoch 198: kendall tau 0.8030; loss 0.2447
2022-01-19 23:22:31,946 root                INFO: Train: Epoch 199: train loss 0.0125
2022-01-19 23:22:33,613 root                INFO: Valid: Epoch 199: kendall tau 0.8204; loss 0.2327
2022-01-19 23:22:35,476 root                INFO: Train: Epoch 200: train loss 0.0127
2022-01-19 23:22:37,212 root                INFO: Valid: Epoch 200: kendall tau 0.8160; loss 0.2421
2022-01-19 23:22:37,218 root                INFO: Epoch 200: Save checkpoint to nb1shot1_ablation_scale/true/0.1_0.5/12/202121/200.ckpt
2022-01-19 23:22:38,912 root                INFO: [0.2857142857142857, 0.5277777777777778, 0.5555555555555556, 0.7032967032967034, 0.7969821673525377, 0.9130315500685872, 1.0]
2022-01-19 23:22:38,912 root                INFO: [1, 1]
