2022-01-21 15:45:39,437 root                INFO: GPU device = 7
2022-01-21 15:45:39,438 root                INFO: Load pkl cache from nasbench101.pkl and nasbench101_valid.pkl
2022-01-21 15:45:39,797 root                INFO: Config: {'arch_network_cfg': {'arch_embedder_cfg': {'gcn_kwargs': {'plus_I': True, 'residual_only': 1}, 'gcn_out_dims': [128, 128, 128, 128, 128], 'backward_gcn_out_dims': [128, 128, 128, 128, 128], 'hid_dim': 96, 'node_embedding_dim': 48, 'op_embedding_dim': 48, 'num_time_steps': 2, 'fb_conversion_dims': [128, 128], 'updateopemb_method': 'concat_ofb', 'updateopemb_dims': [128], 'updateopemb_scale': 0.1, 'b_use_bn': False, 'detach_vinfo': False, 'updateopemb_detach_opemb': True, 'updateopemb_detach_finfo': True, 'symmetry_breaking_method': 'param_zs_add', 'concat_param_zs_as_opemb_dimension': 7, 'concat_param_zs_as_opemb_scale': 1.0, 'mask_nonparametrized_ops': False}, 'arch_embedder_type': 'nb101-fbflow-anytime', 'compare_loss_type': 'margin_linear', 'compare_margin': 0.1, 'mlp_dropout': 0.1, 'mlp_hiddens': [200], 'mlp_out_dim': 1, 'optimizer': {'lr': 0.001, 'type': 'Adam'}, 'scheduler': None}, 'batch_size': 512, 'choose_pair_criterion': 'random', 'compare': False, 'compare_threshold': 0.0, 'epochs': 400, 'max_compare_ratio': 4.0}
2022-01-21 15:45:53,551 root                INFO: Combined args: Namespace(batch_size=512, cfg_file='cfgs/nb101_cfgs/tagates_anytime.yaml', choose_pair_criterion='random', compare=False, compare_threshold=0.0, epochs=400, eval_only_last=200, gpu=7, load=None, max_compare_ratio=4.0, num_workers=4, report_freq=200, save_every=200, save_predict=None, seed=21, test_funcs=None, test_only=False, train_dir='nb1shot1_anytime_tagates/tagates_0.01/123/21', train_pkl='../mynas/data/nasbench-1shot1/nasbench101_anytime_train_123.pkl', train_ratio=0.01, valid_pkl='../mynas/data/nasbench-1shot1/nasbench101_anytime_valid.pkl')
2022-01-21 15:45:53,566 root                INFO: Train dataset ratio: 0.010
2022-01-21 15:45:53,567 root                INFO: Number of architectures: train: 72; valid: 7290
2022-01-21 15:45:58,518 root                INFO: Train: Epoch   1: train loss 0.2345
2022-01-21 15:46:00,452 root                INFO: Train: Epoch   2: train loss 0.2139
2022-01-21 15:47:17,571 root                INFO: GPU device = 7
2022-01-21 15:47:17,572 root                INFO: Load pkl cache from nasbench101.pkl and nasbench101_valid.pkl
2022-01-21 15:47:17,951 root                INFO: Config: {'arch_network_cfg': {'arch_embedder_cfg': {'gcn_kwargs': {'plus_I': True, 'residual_only': 1}, 'gcn_out_dims': [128, 128, 128, 128, 128], 'backward_gcn_out_dims': [128, 128, 128, 128, 128], 'hid_dim': 96, 'node_embedding_dim': 48, 'op_embedding_dim': 48, 'num_time_steps': 2, 'fb_conversion_dims': [128, 128], 'updateopemb_method': 'concat_ofb', 'updateopemb_dims': [128], 'updateopemb_scale': 0.1, 'b_use_bn': False, 'detach_vinfo': False, 'updateopemb_detach_opemb': True, 'updateopemb_detach_finfo': True, 'symmetry_breaking_method': 'param_zs_add', 'concat_param_zs_as_opemb_dimension': 7, 'concat_param_zs_as_opemb_scale': 1.0, 'mask_nonparametrized_ops': False}, 'arch_embedder_type': 'nb101-fbflow-anytime', 'compare_loss_type': 'margin_linear', 'compare_margin': 0.1, 'mlp_dropout': 0.1, 'mlp_hiddens': [200], 'mlp_out_dim': 1, 'optimizer': {'lr': 0.001, 'type': 'Adam'}, 'scheduler': None}, 'batch_size': 512, 'choose_pair_criterion': 'random', 'compare': False, 'compare_threshold': 0.0, 'epochs': 200, 'max_compare_ratio': 4.0}
2022-01-21 15:47:32,814 root                INFO: Combined args: Namespace(batch_size=512, cfg_file='cfgs/nb101_cfgs/tagates_anytime.yaml', choose_pair_criterion='random', compare=False, compare_threshold=0.0, epochs=200, eval_only_last=200, gpu=7, load=None, max_compare_ratio=4.0, num_workers=4, report_freq=200, save_every=200, save_predict=None, seed=21, test_funcs=None, test_only=False, train_dir='nb1shot1_anytime_tagates/tagates_0.01/123/21', train_pkl='../mynas/data/nasbench-1shot1/nasbench101_anytime_train_123.pkl', train_ratio=0.01, valid_pkl='../mynas/data/nasbench-1shot1/nasbench101_anytime_valid.pkl')
2022-01-21 15:47:32,828 root                INFO: Train dataset ratio: 0.010
2022-01-21 15:47:32,829 root                INFO: Number of architectures: train: 72; valid: 7290
2022-01-21 15:47:36,125 root                INFO: Train: Epoch   1: train loss 0.2345
2022-01-21 15:47:38,132 root                INFO: Valid: Epoch   1: kendall tau 0.2576 0.3784; loss 0.02969 0.1596
2022-01-21 15:47:38,938 root                INFO: Train: Epoch   2: train loss 0.2138
2022-01-21 15:47:40,962 root                INFO: Valid: Epoch   2: kendall tau 0.3064 0.3791; loss 0.02717 0.1441
2022-01-21 15:47:41,458 root                INFO: Train: Epoch   3: train loss 0.1924
2022-01-21 15:47:43,906 root                INFO: Valid: Epoch   3: kendall tau 0.2961 0.3675; loss 0.02386 0.1274
2022-01-21 15:47:44,465 root                INFO: Train: Epoch   4: train loss 0.1671
2022-01-21 15:47:46,544 root                INFO: Valid: Epoch   4: kendall tau 0.2937 0.3702; loss 0.02007 0.1069
2022-01-21 15:47:46,996 root                INFO: Train: Epoch   5: train loss 0.1360
2022-01-21 15:47:48,957 root                INFO: Valid: Epoch   5: kendall tau 0.2964 0.3725; loss 0.01745 0.08048
2022-01-21 15:47:49,553 root                INFO: Train: Epoch   6: train loss 0.0978
2022-01-21 15:47:51,595 root                INFO: Valid: Epoch   6: kendall tau 0.2959 0.3739; loss 0.02158 0.04855
2022-01-21 15:47:52,176 root                INFO: Train: Epoch   7: train loss 0.0581
2022-01-21 15:47:54,188 root                INFO: Valid: Epoch   7: kendall tau 0.2952 0.3783; loss 0.03987 0.01941
2022-01-21 15:47:54,837 root                INFO: Train: Epoch   8: train loss 0.0389
2022-01-21 15:47:56,749 root                INFO: Valid: Epoch   8: kendall tau 0.2985 0.3843; loss 0.05851 0.008577
2022-01-21 15:47:57,430 root                INFO: Train: Epoch   9: train loss 0.0445
2022-01-21 15:47:59,467 root                INFO: Valid: Epoch   9: kendall tau 0.3034 0.3907; loss 0.05977 0.01004
2022-01-21 15:48:00,083 root                INFO: Train: Epoch  10: train loss 0.0471
2022-01-21 15:48:02,199 root                INFO: Valid: Epoch  10: kendall tau 0.3061 0.3956; loss 0.04639 0.01199
2022-01-21 15:48:02,737 root                INFO: Train: Epoch  11: train loss 0.0373
2022-01-21 15:48:04,617 root                INFO: Valid: Epoch  11: kendall tau 0.3061 0.3997; loss 0.02863 0.01248
2022-01-21 15:48:05,253 root                INFO: Train: Epoch  12: train loss 0.0238
2022-01-21 15:48:07,110 root                INFO: Valid: Epoch  12: kendall tau 0.3065 0.4034; loss 0.01811 0.01208
2022-01-21 15:48:07,771 root                INFO: Train: Epoch  13: train loss 0.0189
2022-01-21 15:48:09,846 root                INFO: Valid: Epoch  13: kendall tau 0.3112 0.4070; loss 0.01847 0.01142
2022-01-21 15:48:10,586 root                INFO: Train: Epoch  14: train loss 0.0252
2022-01-21 15:48:12,454 root                INFO: Valid: Epoch  14: kendall tau 0.3003 0.4106; loss 0.02104 0.01073
2022-01-21 15:48:13,185 root                INFO: Train: Epoch  15: train loss 0.0299
2022-01-21 15:48:15,215 root                INFO: Valid: Epoch  15: kendall tau 0.2992 0.4142; loss 0.02102 0.01006
2022-01-21 15:48:15,863 root                INFO: Train: Epoch  16: train loss 0.0292
2022-01-21 15:48:17,801 root                INFO: Valid: Epoch  16: kendall tau 0.3177 0.4182; loss 0.01931 0.009461
2022-01-21 15:48:18,356 root                INFO: Train: Epoch  17: train loss 0.0265
2022-01-21 15:48:20,291 root                INFO: Valid: Epoch  17: kendall tau 0.3278 0.4223; loss 0.01768 0.008984
2022-01-21 15:48:20,850 root                INFO: Train: Epoch  18: train loss 0.0202
2022-01-21 15:48:22,651 root                INFO: Valid: Epoch  18: kendall tau 0.3310 0.4266; loss 0.017 0.008654
2022-01-21 15:48:23,293 root                INFO: Train: Epoch  19: train loss 0.0167
2022-01-21 15:48:25,344 root                INFO: Valid: Epoch  19: kendall tau 0.3344 0.4307; loss 0.01737 0.008441
2022-01-21 15:48:26,036 root                INFO: Train: Epoch  20: train loss 0.0156
2022-01-21 15:48:27,889 root                INFO: Valid: Epoch  20: kendall tau 0.3367 0.4349; loss 0.01852 0.008304
2022-01-21 15:48:28,415 root                INFO: Train: Epoch  21: train loss 0.0143
2022-01-21 15:48:30,421 root                INFO: Valid: Epoch  21: kendall tau 0.3391 0.4390; loss 0.02004 0.008227
2022-01-21 15:48:31,088 root                INFO: Train: Epoch  22: train loss 0.0143
2022-01-21 15:48:32,982 root                INFO: Valid: Epoch  22: kendall tau 0.3415 0.4427; loss 0.0214 0.008211
2022-01-21 15:48:33,669 root                INFO: Train: Epoch  23: train loss 0.0147
2022-01-21 15:48:35,669 root                INFO: Valid: Epoch  23: kendall tau 0.3436 0.4459; loss 0.02225 0.008285
2022-01-21 15:48:36,397 root                INFO: Train: Epoch  24: train loss 0.0155
2022-01-21 15:48:38,495 root                INFO: Valid: Epoch  24: kendall tau 0.3448 0.4485; loss 0.02246 0.008477
2022-01-21 15:48:39,234 root                INFO: Train: Epoch  25: train loss 0.0154
2022-01-21 15:48:41,320 root                INFO: Valid: Epoch  25: kendall tau 0.3455 0.4506; loss 0.02217 0.008766
2022-01-21 15:48:41,975 root                INFO: Train: Epoch  26: train loss 0.0151
2022-01-21 15:48:43,813 root                INFO: Valid: Epoch  26: kendall tau 0.3461 0.4522; loss 0.02168 0.009053
2022-01-21 15:48:44,412 root                INFO: Train: Epoch  27: train loss 0.0154
2022-01-21 15:48:46,470 root                INFO: Valid: Epoch  27: kendall tau 0.3469 0.4533; loss 0.02118 0.009244
2022-01-21 15:48:47,221 root                INFO: Train: Epoch  28: train loss 0.0151
2022-01-21 15:48:49,050 root                INFO: Valid: Epoch  28: kendall tau 0.3476 0.4544; loss 0.02078 0.009244
2022-01-21 15:48:49,607 root                INFO: Train: Epoch  29: train loss 0.0145
2022-01-21 15:48:51,702 root                INFO: Valid: Epoch  29: kendall tau 0.3482 0.4552; loss 0.02049 0.009071
2022-01-21 15:48:52,164 root                INFO: Train: Epoch  30: train loss 0.0152
2022-01-21 15:48:54,190 root                INFO: Valid: Epoch  30: kendall tau 0.3487 0.4555; loss 0.02035 0.008779
2022-01-21 15:48:54,638 root                INFO: Train: Epoch  31: train loss 0.0137
2022-01-21 15:48:56,838 root                INFO: Valid: Epoch  31: kendall tau 0.3493 0.4558; loss 0.02031 0.008489
2022-01-21 15:48:57,384 root                INFO: Train: Epoch  32: train loss 0.0142
2022-01-21 15:48:59,257 root                INFO: Valid: Epoch  32: kendall tau 0.3498 0.4560; loss 0.0202 0.008306
2022-01-21 15:48:59,906 root                INFO: Train: Epoch  33: train loss 0.0138
2022-01-21 15:49:01,759 root                INFO: Valid: Epoch  33: kendall tau 0.3504 0.4560; loss 0.02002 0.008229
2022-01-21 15:49:02,729 root                INFO: Train: Epoch  34: train loss 0.0140
2022-01-21 15:49:04,633 root                INFO: Valid: Epoch  34: kendall tau 0.3510 0.4560; loss 0.01973 0.008231
2022-01-21 15:49:05,311 root                INFO: Train: Epoch  35: train loss 0.0135
2022-01-21 15:49:07,285 root                INFO: Valid: Epoch  35: kendall tau 0.3518 0.4560; loss 0.01932 0.008271
2022-01-21 15:49:07,739 root                INFO: Train: Epoch  36: train loss 0.0132
2022-01-21 15:49:09,806 root                INFO: Valid: Epoch  36: kendall tau 0.3524 0.4560; loss 0.01884 0.008309
2022-01-21 15:49:10,264 root                INFO: Train: Epoch  37: train loss 0.0129
2022-01-21 15:49:12,801 root                INFO: Valid: Epoch  37: kendall tau 0.3529 0.4559; loss 0.01835 0.008335
2022-01-21 15:49:13,196 root                INFO: Train: Epoch  38: train loss 0.0127
2022-01-21 15:49:15,239 root                INFO: Valid: Epoch  38: kendall tau 0.3532 0.4559; loss 0.01794 0.008351
2022-01-21 15:49:15,881 root                INFO: Train: Epoch  39: train loss 0.0127
2022-01-21 15:49:18,053 root                INFO: Valid: Epoch  39: kendall tau 0.3534 0.4559; loss 0.01761 0.008364
2022-01-21 15:49:18,727 root                INFO: Train: Epoch  40: train loss 0.0127
2022-01-21 15:49:20,738 root                INFO: Valid: Epoch  40: kendall tau 0.3535 0.4557; loss 0.01738 0.008383
2022-01-21 15:49:21,549 root                INFO: Train: Epoch  41: train loss 0.0130
2022-01-21 15:49:23,546 root                INFO: Valid: Epoch  41: kendall tau 0.3535 0.4557; loss 0.01725 0.008416
2022-01-21 15:49:24,304 root                INFO: Train: Epoch  42: train loss 0.0125
2022-01-21 15:49:26,337 root                INFO: Valid: Epoch  42: kendall tau 0.3535 0.4556; loss 0.01719 0.008459
2022-01-21 15:49:27,164 root                INFO: Train: Epoch  43: train loss 0.0126
2022-01-21 15:49:29,221 root                INFO: Valid: Epoch  43: kendall tau 0.3533 0.4556; loss 0.01723 0.008528
2022-01-21 15:49:29,821 root                INFO: Train: Epoch  44: train loss 0.0125
2022-01-21 15:49:31,792 root                INFO: Valid: Epoch  44: kendall tau 0.3531 0.4556; loss 0.01732 0.008609
2022-01-21 15:49:32,370 root                INFO: Train: Epoch  45: train loss 0.0129
2022-01-21 15:49:34,428 root                INFO: Valid: Epoch  45: kendall tau 0.3530 0.4558; loss 0.01746 0.008683
2022-01-21 15:49:35,080 root                INFO: Train: Epoch  46: train loss 0.0125
2022-01-21 15:49:36,929 root                INFO: Valid: Epoch  46: kendall tau 0.3528 0.4559; loss 0.01758 0.008722
2022-01-21 15:49:37,614 root                INFO: Train: Epoch  47: train loss 0.0125
2022-01-21 15:49:39,687 root                INFO: Valid: Epoch  47: kendall tau 0.3527 0.4560; loss 0.01769 0.008727
2022-01-21 15:49:40,381 root                INFO: Train: Epoch  48: train loss 0.0126
2022-01-21 15:49:42,170 root                INFO: Valid: Epoch  48: kendall tau 0.3527 0.4560; loss 0.01774 0.008675
2022-01-21 15:49:42,950 root                INFO: Train: Epoch  49: train loss 0.0127
2022-01-21 15:49:44,953 root                INFO: Valid: Epoch  49: kendall tau 0.3524 0.4564; loss 0.01777 0.008606
2022-01-21 15:49:45,564 root                INFO: Train: Epoch  50: train loss 0.0122
2022-01-21 15:49:47,444 root                INFO: Valid: Epoch  50: kendall tau 0.3519 0.4569; loss 0.01774 0.008516
2022-01-21 15:49:47,983 root                INFO: Train: Epoch  51: train loss 0.0121
2022-01-21 15:49:50,003 root                INFO: Valid: Epoch  51: kendall tau 0.3515 0.4576; loss 0.01777 0.008456
2022-01-21 15:49:50,494 root                INFO: Train: Epoch  52: train loss 0.0122
2022-01-21 15:49:52,469 root                INFO: Valid: Epoch  52: kendall tau 0.3513 0.4584; loss 0.01783 0.008412
2022-01-21 15:49:52,945 root                INFO: Train: Epoch  53: train loss 0.0122
2022-01-21 15:49:55,060 root                INFO: Valid: Epoch  53: kendall tau 0.3513 0.4593; loss 0.0179 0.008377
2022-01-21 15:49:55,668 root                INFO: Train: Epoch  54: train loss 0.0119
2022-01-21 15:49:57,524 root                INFO: Valid: Epoch  54: kendall tau 0.3513 0.4605; loss 0.01805 0.008361
2022-01-21 15:49:58,168 root                INFO: Train: Epoch  55: train loss 0.0120
2022-01-21 15:50:00,255 root                INFO: Valid: Epoch  55: kendall tau 0.3513 0.4621; loss 0.01829 0.00836
2022-01-21 15:50:00,971 root                INFO: Train: Epoch  56: train loss 0.0118
2022-01-21 15:50:03,003 root                INFO: Valid: Epoch  56: kendall tau 0.3514 0.4642; loss 0.01859 0.008369
2022-01-21 15:50:03,487 root                INFO: Train: Epoch  57: train loss 0.0120
2022-01-21 15:50:05,863 root                INFO: Valid: Epoch  57: kendall tau 0.3513 0.4663; loss 0.01875 0.008349
2022-01-21 15:50:06,334 root                INFO: Train: Epoch  58: train loss 0.0114
2022-01-21 15:50:08,493 root                INFO: Valid: Epoch  58: kendall tau 0.3511 0.4681; loss 0.01873 0.008301
2022-01-21 15:50:08,878 root                INFO: Train: Epoch  59: train loss 0.0121
2022-01-21 15:50:10,840 root                INFO: Valid: Epoch  59: kendall tau 0.3509 0.4699; loss 0.01866 0.008251
2022-01-21 15:50:11,270 root                INFO: Train: Epoch  60: train loss 0.0114
2022-01-21 15:50:13,232 root                INFO: Valid: Epoch  60: kendall tau 0.3507 0.4720; loss 0.01862 0.008208
2022-01-21 15:50:13,811 root                INFO: Train: Epoch  61: train loss 0.0119
2022-01-21 15:50:15,884 root                INFO: Valid: Epoch  61: kendall tau 0.3503 0.4745; loss 0.01857 0.008165
2022-01-21 15:50:16,471 root                INFO: Train: Epoch  62: train loss 0.0116
2022-01-21 15:50:18,368 root                INFO: Valid: Epoch  62: kendall tau 0.3498 0.4774; loss 0.01857 0.008127
2022-01-21 15:50:18,877 root                INFO: Train: Epoch  63: train loss 0.0118
2022-01-21 15:50:21,312 root                INFO: Valid: Epoch  63: kendall tau 0.3496 0.4816; loss 0.01871 0.008114
2022-01-21 15:50:21,950 root                INFO: Train: Epoch  64: train loss 0.0113
2022-01-21 15:50:23,852 root                INFO: Valid: Epoch  64: kendall tau 0.3489 0.4859; loss 0.01876 0.008094
2022-01-21 15:50:24,499 root                INFO: Train: Epoch  65: train loss 0.0113
2022-01-21 15:50:26,748 root                INFO: Valid: Epoch  65: kendall tau 0.3481 0.4903; loss 0.01884 0.008097
2022-01-21 15:50:27,512 root                INFO: Train: Epoch  66: train loss 0.0111
2022-01-21 15:50:29,509 root                INFO: Valid: Epoch  66: kendall tau 0.3467 0.4943; loss 0.01886 0.008091
2022-01-21 15:50:30,044 root                INFO: Train: Epoch  67: train loss 0.0115
2022-01-21 15:50:32,197 root                INFO: Valid: Epoch  67: kendall tau 0.3444 0.4983; loss 0.01877 0.008043
2022-01-21 15:50:32,645 root                INFO: Train: Epoch  68: train loss 0.0109
2022-01-21 15:50:34,515 root                INFO: Valid: Epoch  68: kendall tau 0.3414 0.5014; loss 0.01868 0.007976
2022-01-21 15:50:35,013 root                INFO: Train: Epoch  69: train loss 0.0110
2022-01-21 15:50:37,097 root                INFO: Valid: Epoch  69: kendall tau 0.3387 0.5048; loss 0.01887 0.008022
2022-01-21 15:50:37,677 root                INFO: Train: Epoch  70: train loss 0.0105
2022-01-21 15:50:39,584 root                INFO: Valid: Epoch  70: kendall tau 0.3351 0.5074; loss 0.01906 0.008061
2022-01-21 15:50:40,106 root                INFO: Train: Epoch  71: train loss 0.0106
2022-01-21 15:50:42,076 root                INFO: Valid: Epoch  71: kendall tau 0.3307 0.5085; loss 0.0193 0.008134
2022-01-21 15:50:42,606 root                INFO: Train: Epoch  72: train loss 0.0106
2022-01-21 15:50:44,437 root                INFO: Valid: Epoch  72: kendall tau 0.3252 0.5062; loss 0.01954 0.008184
2022-01-21 15:50:44,941 root                INFO: Train: Epoch  73: train loss 0.0103
2022-01-21 15:50:47,238 root                INFO: Valid: Epoch  73: kendall tau 0.3173 0.4997; loss 0.01957 0.008121
2022-01-21 15:50:47,882 root                INFO: Train: Epoch  74: train loss 0.0100
2022-01-21 15:50:49,832 root                INFO: Valid: Epoch  74: kendall tau 0.3097 0.4914; loss 0.01986 0.008152
2022-01-21 15:50:50,632 root                INFO: Train: Epoch  75: train loss 0.0103
2022-01-21 15:50:52,725 root                INFO: Valid: Epoch  75: kendall tau 0.3020 0.4819; loss 0.02031 0.008241
2022-01-21 15:50:53,511 root                INFO: Train: Epoch  76: train loss 0.0100
2022-01-21 15:50:55,473 root                INFO: Valid: Epoch  76: kendall tau 0.2945 0.4694; loss 0.02057 0.008266
2022-01-21 15:50:55,949 root                INFO: Train: Epoch  77: train loss 0.0105
2022-01-21 15:50:58,092 root                INFO: Valid: Epoch  77: kendall tau 0.2884 0.4584; loss 0.02128 0.008473
2022-01-21 15:50:58,508 root                INFO: Train: Epoch  78: train loss 0.0097
2022-01-21 15:51:00,302 root                INFO: Valid: Epoch  78: kendall tau 0.2826 0.4442; loss 0.02131 0.00843
2022-01-21 15:51:00,807 root                INFO: Train: Epoch  79: train loss 0.0095
2022-01-21 15:51:02,978 root                INFO: Valid: Epoch  79: kendall tau 0.2782 0.4305; loss 0.02108 0.008316
2022-01-21 15:51:03,485 root                INFO: Train: Epoch  80: train loss 0.0092
2022-01-21 15:51:05,329 root                INFO: Valid: Epoch  80: kendall tau 0.2769 0.4229; loss 0.0215 0.008461
2022-01-21 15:51:06,058 root                INFO: Train: Epoch  81: train loss 0.0096
2022-01-21 15:51:08,046 root                INFO: Valid: Epoch  81: kendall tau 0.2789 0.4184; loss 0.02207 0.008626
2022-01-21 15:51:08,681 root                INFO: Train: Epoch  82: train loss 0.0093
2022-01-21 15:51:10,522 root                INFO: Valid: Epoch  82: kendall tau 0.2817 0.4084; loss 0.02138 0.008332
2022-01-21 15:51:11,038 root                INFO: Train: Epoch  83: train loss 0.0093
2022-01-21 15:51:13,062 root                INFO: Valid: Epoch  83: kendall tau 0.2876 0.4066; loss 0.02148 0.008328
2022-01-21 15:51:13,731 root                INFO: Train: Epoch  84: train loss 0.0088
2022-01-21 15:51:15,728 root                INFO: Valid: Epoch  84: kendall tau 0.2948 0.4259; loss 0.02241 0.008923
2022-01-21 15:51:16,438 root                INFO: Train: Epoch  85: train loss 0.0090
2022-01-21 15:51:18,422 root                INFO: Valid: Epoch  85: kendall tau 0.2944 0.4186; loss 0.02007 0.008213
2022-01-21 15:51:19,244 root                INFO: Train: Epoch  86: train loss 0.0088
2022-01-21 15:51:21,225 root                INFO: Valid: Epoch  86: kendall tau 0.3002 0.4343; loss 0.02057 0.008475
2022-01-21 15:51:21,771 root                INFO: Train: Epoch  87: train loss 0.0083
2022-01-21 15:51:23,824 root                INFO: Valid: Epoch  87: kendall tau 0.3067 0.4483; loss 0.02174 0.008706
2022-01-21 15:51:24,485 root                INFO: Train: Epoch  88: train loss 0.0084
2022-01-21 15:51:26,544 root                INFO: Valid: Epoch  88: kendall tau 0.3090 0.4404; loss 0.02009 0.007904
2022-01-21 15:51:27,089 root                INFO: Train: Epoch  89: train loss 0.0084
2022-01-21 15:51:29,178 root                INFO: Valid: Epoch  89: kendall tau 0.3144 0.4645; loss 0.02152 0.008374
2022-01-21 15:51:29,842 root                INFO: Train: Epoch  90: train loss 0.0081
2022-01-21 15:51:31,673 root                INFO: Valid: Epoch  90: kendall tau 0.3152 0.4698; loss 0.01998 0.007961
2022-01-21 15:51:32,325 root                INFO: Train: Epoch  91: train loss 0.0081
2022-01-21 15:51:34,453 root                INFO: Valid: Epoch  91: kendall tau 0.3186 0.4820; loss 0.01985 0.007884
2022-01-21 15:51:35,172 root                INFO: Train: Epoch  92: train loss 0.0081
2022-01-21 15:51:37,161 root                INFO: Valid: Epoch  92: kendall tau 0.3248 0.5002; loss 0.02095 0.008072
2022-01-21 15:51:37,867 root                INFO: Train: Epoch  93: train loss 0.0073
2022-01-21 15:51:40,199 root                INFO: Valid: Epoch  93: kendall tau 0.3278 0.5029; loss 0.02011 0.007574
2022-01-21 15:51:40,917 root                INFO: Train: Epoch  94: train loss 0.0076
2022-01-21 15:51:42,901 root                INFO: Valid: Epoch  94: kendall tau 0.3305 0.5099; loss 0.01994 0.007315
2022-01-21 15:51:43,442 root                INFO: Train: Epoch  95: train loss 0.0074
2022-01-21 15:51:45,316 root                INFO: Valid: Epoch  95: kendall tau 0.3346 0.5254; loss 0.0213 0.007548
2022-01-21 15:51:45,742 root                INFO: Train: Epoch  96: train loss 0.0078
2022-01-21 15:51:47,986 root                INFO: Valid: Epoch  96: kendall tau 0.3316 0.5220; loss 0.0189 0.00717
2022-01-21 15:51:48,465 root                INFO: Train: Epoch  97: train loss 0.0075
2022-01-21 15:51:50,718 root                INFO: Valid: Epoch  97: kendall tau 0.3351 0.5328; loss 0.02001 0.007304
2022-01-21 15:51:51,206 root                INFO: Train: Epoch  98: train loss 0.0075
2022-01-21 15:51:53,594 root                INFO: Valid: Epoch  98: kendall tau 0.3359 0.5404; loss 0.02045 0.007249
2022-01-21 15:51:54,201 root                INFO: Train: Epoch  99: train loss 0.0067
2022-01-21 15:51:56,274 root                INFO: Valid: Epoch  99: kendall tau 0.3345 0.5438; loss 0.01954 0.006984
2022-01-21 15:51:57,070 root                INFO: Train: Epoch 100: train loss 0.0072
2022-01-21 15:51:59,145 root                INFO: Valid: Epoch 100: kendall tau 0.3339 0.5506; loss 0.01938 0.006904
2022-01-21 15:51:59,894 root                INFO: Train: Epoch 101: train loss 0.0070
2022-01-21 15:52:01,853 root                INFO: Valid: Epoch 101: kendall tau 0.3338 0.5565; loss 0.02006 0.00701
2022-01-21 15:52:02,520 root                INFO: Train: Epoch 102: train loss 0.0067
2022-01-21 15:52:04,513 root                INFO: Valid: Epoch 102: kendall tau 0.3338 0.5531; loss 0.01942 0.006951
2022-01-21 15:52:05,165 root                INFO: Train: Epoch 103: train loss 0.0070
2022-01-21 15:52:07,007 root                INFO: Valid: Epoch 103: kendall tau 0.3363 0.5472; loss 0.01919 0.006906
2022-01-21 15:52:07,554 root                INFO: Train: Epoch 104: train loss 0.0070
2022-01-21 15:52:09,681 root                INFO: Valid: Epoch 104: kendall tau 0.3400 0.5419; loss 0.01988 0.006965
2022-01-21 15:52:10,273 root                INFO: Train: Epoch 105: train loss 0.0064
2022-01-21 15:52:12,217 root                INFO: Valid: Epoch 105: kendall tau 0.3424 0.5266; loss 0.01941 0.006947
2022-01-21 15:52:12,771 root                INFO: Train: Epoch 106: train loss 0.0066
2022-01-21 15:52:14,888 root                INFO: Valid: Epoch 106: kendall tau 0.3445 0.5170; loss 0.01945 0.007052
2022-01-21 15:52:15,475 root                INFO: Train: Epoch 107: train loss 0.0063
2022-01-21 15:52:17,378 root                INFO: Valid: Epoch 107: kendall tau 0.3475 0.5105; loss 0.01942 0.007122
2022-01-21 15:52:18,063 root                INFO: Train: Epoch 108: train loss 0.0060
2022-01-21 15:52:20,048 root                INFO: Valid: Epoch 108: kendall tau 0.3507 0.4893; loss 0.01785 0.006828
2022-01-21 15:52:20,601 root                INFO: Train: Epoch 109: train loss 0.0065
2022-01-21 15:52:22,618 root                INFO: Valid: Epoch 109: kendall tau 0.3536 0.5015; loss 0.01969 0.007296
2022-01-21 15:52:23,173 root                INFO: Train: Epoch 110: train loss 0.0057
2022-01-21 15:52:25,209 root                INFO: Valid: Epoch 110: kendall tau 0.3564 0.4941; loss 0.01884 0.0071
2022-01-21 15:52:25,729 root                INFO: Train: Epoch 111: train loss 0.0055
2022-01-21 15:52:27,538 root                INFO: Valid: Epoch 111: kendall tau 0.3588 0.4720; loss 0.01678 0.006646
2022-01-21 15:52:28,279 root                INFO: Train: Epoch 112: train loss 0.0055
2022-01-21 15:52:30,300 root                INFO: Valid: Epoch 112: kendall tau 0.3600 0.4941; loss 0.0193 0.007457
2022-01-21 15:52:30,934 root                INFO: Train: Epoch 113: train loss 0.0055
2022-01-21 15:52:32,921 root                INFO: Valid: Epoch 113: kendall tau 0.3622 0.4919; loss 0.01798 0.007089
2022-01-21 15:52:33,570 root                INFO: Train: Epoch 114: train loss 0.0050
2022-01-21 15:52:35,579 root                INFO: Valid: Epoch 114: kendall tau 0.3642 0.4824; loss 0.01632 0.006488
2022-01-21 15:52:36,403 root                INFO: Train: Epoch 115: train loss 0.0055
2022-01-21 15:52:38,373 root                INFO: Valid: Epoch 115: kendall tau 0.3647 0.4945; loss 0.01813 0.006875
2022-01-21 15:52:38,811 root                INFO: Train: Epoch 116: train loss 0.0051
2022-01-21 15:52:40,941 root                INFO: Valid: Epoch 116: kendall tau 0.3644 0.4941; loss 0.01864 0.006961
2022-01-21 15:52:41,354 root                INFO: Train: Epoch 117: train loss 0.0055
2022-01-21 15:52:43,332 root                INFO: Valid: Epoch 117: kendall tau 0.3644 0.4842; loss 0.01683 0.006379
2022-01-21 15:52:43,857 root                INFO: Train: Epoch 118: train loss 0.0050
2022-01-21 15:52:45,908 root                INFO: Valid: Epoch 118: kendall tau 0.3637 0.4880; loss 0.01755 0.006554
2022-01-21 15:52:46,444 root                INFO: Train: Epoch 119: train loss 0.0052
2022-01-21 15:52:48,273 root                INFO: Valid: Epoch 119: kendall tau 0.3617 0.4894; loss 0.01868 0.006953
2022-01-21 15:52:48,875 root                INFO: Train: Epoch 120: train loss 0.0049
2022-01-21 15:52:50,932 root                INFO: Valid: Epoch 120: kendall tau 0.3605 0.4867; loss 0.01775 0.006573
2022-01-21 15:52:51,437 root                INFO: Train: Epoch 121: train loss 0.0047
2022-01-21 15:52:53,327 root                INFO: Valid: Epoch 121: kendall tau 0.3592 0.4824; loss 0.01687 0.006271
2022-01-21 15:52:53,812 root                INFO: Train: Epoch 122: train loss 0.0050
2022-01-21 15:52:55,901 root                INFO: Valid: Epoch 122: kendall tau 0.3584 0.4713; loss 0.01858 0.006827
2022-01-21 15:52:56,493 root                INFO: Train: Epoch 123: train loss 0.0045
2022-01-21 15:52:58,384 root                INFO: Valid: Epoch 123: kendall tau 0.3582 0.4560; loss 0.0186 0.006768
2022-01-21 15:52:58,962 root                INFO: Train: Epoch 124: train loss 0.0041
2022-01-21 15:53:01,021 root                INFO: Valid: Epoch 124: kendall tau 0.3573 0.4439; loss 0.0178 0.006526
2022-01-21 15:53:01,589 root                INFO: Train: Epoch 125: train loss 0.0041
2022-01-21 15:53:03,536 root                INFO: Valid: Epoch 125: kendall tau 0.3548 0.4356; loss 0.0185 0.006907
2022-01-21 15:53:04,005 root                INFO: Train: Epoch 126: train loss 0.0038
2022-01-21 15:53:05,995 root                INFO: Valid: Epoch 126: kendall tau 0.3515 0.4370; loss 0.01833 0.006788
2022-01-21 15:53:06,613 root                INFO: Train: Epoch 127: train loss 0.0040
2022-01-21 15:53:08,709 root                INFO: Valid: Epoch 127: kendall tau 0.3484 0.4417; loss 0.01779 0.006563
2022-01-21 15:53:09,391 root                INFO: Train: Epoch 128: train loss 0.0040
2022-01-21 15:53:11,688 root                INFO: Valid: Epoch 128: kendall tau 0.3465 0.4399; loss 0.0201 0.007556
2022-01-21 15:53:12,440 root                INFO: Train: Epoch 129: train loss 0.0037
2022-01-21 15:53:14,492 root                INFO: Valid: Epoch 129: kendall tau 0.3449 0.4429; loss 0.01894 0.006835
2022-01-21 15:53:15,234 root                INFO: Train: Epoch 130: train loss 0.0037
2022-01-21 15:53:17,084 root                INFO: Valid: Epoch 130: kendall tau 0.3432 0.4490; loss 0.01791 0.006419
2022-01-21 15:53:17,727 root                INFO: Train: Epoch 131: train loss 0.0041
2022-01-21 15:53:19,796 root                INFO: Valid: Epoch 131: kendall tau 0.3430 0.4610; loss 0.0197 0.007128
2022-01-21 15:53:20,479 root                INFO: Train: Epoch 132: train loss 0.0036
2022-01-21 15:53:22,415 root                INFO: Valid: Epoch 132: kendall tau 0.3420 0.4779; loss 0.01945 0.007295
2022-01-21 15:53:22,962 root                INFO: Train: Epoch 133: train loss 0.0034
2022-01-21 15:53:24,981 root                INFO: Valid: Epoch 133: kendall tau 0.3406 0.4957; loss 0.01784 0.00711
2022-01-21 15:53:25,639 root                INFO: Train: Epoch 134: train loss 0.0036
2022-01-21 15:53:27,635 root                INFO: Valid: Epoch 134: kendall tau 0.3426 0.4929; loss 0.02014 0.00762
2022-01-21 15:53:28,216 root                INFO: Train: Epoch 135: train loss 0.0038
2022-01-21 15:53:30,178 root                INFO: Valid: Epoch 135: kendall tau 0.3427 0.4903; loss 0.01989 0.007565
2022-01-21 15:53:30,746 root                INFO: Train: Epoch 136: train loss 0.0032
2022-01-21 15:53:32,689 root                INFO: Valid: Epoch 136: kendall tau 0.3414 0.4850; loss 0.01833 0.00705
2022-01-21 15:53:33,276 root                INFO: Train: Epoch 137: train loss 0.0034
2022-01-21 15:53:35,307 root                INFO: Valid: Epoch 137: kendall tau 0.3422 0.4774; loss 0.01889 0.006937
2022-01-21 15:53:35,983 root                INFO: Train: Epoch 138: train loss 0.0031
2022-01-21 15:53:37,773 root                INFO: Valid: Epoch 138: kendall tau 0.3429 0.4704; loss 0.02015 0.007136
2022-01-21 15:53:38,423 root                INFO: Train: Epoch 139: train loss 0.0029
2022-01-21 15:53:40,377 root                INFO: Valid: Epoch 139: kendall tau 0.3419 0.4735; loss 0.01985 0.006792
2022-01-21 15:53:40,953 root                INFO: Train: Epoch 140: train loss 0.0030
2022-01-21 15:53:42,886 root                INFO: Valid: Epoch 140: kendall tau 0.3393 0.4788; loss 0.01852 0.006334
2022-01-21 15:53:43,449 root                INFO: Train: Epoch 141: train loss 0.0029
2022-01-21 15:53:45,329 root                INFO: Valid: Epoch 141: kendall tau 0.3370 0.4834; loss 0.01849 0.00641
2022-01-21 15:53:45,968 root                INFO: Train: Epoch 142: train loss 0.0030
2022-01-21 15:53:47,788 root                INFO: Valid: Epoch 142: kendall tau 0.3361 0.4783; loss 0.02096 0.007173
2022-01-21 15:53:48,377 root                INFO: Train: Epoch 143: train loss 0.0031
2022-01-21 15:53:50,580 root                INFO: Valid: Epoch 143: kendall tau 0.3347 0.4933; loss 0.0186 0.006123
2022-01-21 15:53:51,163 root                INFO: Train: Epoch 144: train loss 0.0028
2022-01-21 15:53:53,130 root                INFO: Valid: Epoch 144: kendall tau 0.3342 0.4963; loss 0.01857 0.005855
2022-01-21 15:53:53,617 root                INFO: Train: Epoch 145: train loss 0.0027
2022-01-21 15:53:55,685 root                INFO: Valid: Epoch 145: kendall tau 0.3339 0.4970; loss 0.02026 0.006157
2022-01-21 15:53:56,222 root                INFO: Train: Epoch 146: train loss 0.0024
2022-01-21 15:53:58,090 root                INFO: Valid: Epoch 146: kendall tau 0.3332 0.5003; loss 0.02047 0.006179
2022-01-21 15:53:58,591 root                INFO: Train: Epoch 147: train loss 0.0029
2022-01-21 15:54:00,574 root                INFO: Valid: Epoch 147: kendall tau 0.3330 0.5055; loss 0.01938 0.00571
2022-01-21 15:54:01,089 root                INFO: Train: Epoch 148: train loss 0.0027
2022-01-21 15:54:03,071 root                INFO: Valid: Epoch 148: kendall tau 0.3326 0.5089; loss 0.01965 0.005819
2022-01-21 15:54:03,522 root                INFO: Train: Epoch 149: train loss 0.0027
2022-01-21 15:54:05,576 root                INFO: Valid: Epoch 149: kendall tau 0.3316 0.5069; loss 0.02123 0.006488
2022-01-21 15:54:06,058 root                INFO: Train: Epoch 150: train loss 0.0029
2022-01-21 15:54:08,018 root                INFO: Valid: Epoch 150: kendall tau 0.3332 0.5171; loss 0.01934 0.006083
2022-01-21 15:54:08,614 root                INFO: Train: Epoch 151: train loss 0.0026
2022-01-21 15:54:10,745 root                INFO: Valid: Epoch 151: kendall tau 0.3325 0.5235; loss 0.01941 0.005939
2022-01-21 15:54:11,532 root                INFO: Train: Epoch 152: train loss 0.0023
2022-01-21 15:54:13,306 root                INFO: Valid: Epoch 152: kendall tau 0.3289 0.5208; loss 0.02114 0.006057
2022-01-21 15:54:14,221 root                INFO: Train: Epoch 153: train loss 0.0024
2022-01-21 15:54:16,450 root                INFO: Valid: Epoch 153: kendall tau 0.3260 0.5266; loss 0.02063 0.005812
2022-01-21 15:54:17,447 root                INFO: Train: Epoch 154: train loss 0.0023
2022-01-21 15:54:19,305 root                INFO: Valid: Epoch 154: kendall tau 0.3228 0.5329; loss 0.01949 0.005711
2022-01-21 15:54:20,098 root                INFO: Train: Epoch 155: train loss 0.0025
2022-01-21 15:54:22,235 root                INFO: Valid: Epoch 155: kendall tau 0.3147 0.5262; loss 0.02128 0.006015
2022-01-21 15:54:22,991 root                INFO: Train: Epoch 156: train loss 0.0021
2022-01-21 15:54:24,915 root                INFO: Valid: Epoch 156: kendall tau 0.3104 0.5240; loss 0.02145 0.006284
2022-01-21 15:54:25,469 root                INFO: Train: Epoch 157: train loss 0.0022
2022-01-21 15:54:27,486 root                INFO: Valid: Epoch 157: kendall tau 0.3095 0.5273; loss 0.01971 0.006064
2022-01-21 15:54:28,001 root                INFO: Train: Epoch 158: train loss 0.0023
2022-01-21 15:54:29,824 root                INFO: Valid: Epoch 158: kendall tau 0.3046 0.5203; loss 0.0215 0.006151
2022-01-21 15:54:30,409 root                INFO: Train: Epoch 159: train loss 0.0022
2022-01-21 15:54:32,413 root                INFO: Valid: Epoch 159: kendall tau 0.3029 0.5217; loss 0.02143 0.005855
2022-01-21 15:54:33,220 root                INFO: Train: Epoch 160: train loss 0.0020
2022-01-21 15:54:35,078 root                INFO: Valid: Epoch 160: kendall tau 0.3027 0.5263; loss 0.02069 0.005604
2022-01-21 15:54:35,998 root                INFO: Train: Epoch 161: train loss 0.0020
2022-01-21 15:54:37,974 root                INFO: Valid: Epoch 161: kendall tau 0.3002 0.5258; loss 0.0214 0.005582
2022-01-21 15:54:38,683 root                INFO: Train: Epoch 162: train loss 0.0019
2022-01-21 15:54:40,609 root                INFO: Valid: Epoch 162: kendall tau 0.2974 0.5236; loss 0.02264 0.005839
2022-01-21 15:54:41,167 root                INFO: Train: Epoch 163: train loss 0.0017
2022-01-21 15:54:43,242 root                INFO: Valid: Epoch 163: kendall tau 0.2968 0.5230; loss 0.02174 0.005937
2022-01-21 15:54:43,830 root                INFO: Train: Epoch 164: train loss 0.0019
2022-01-21 15:54:45,714 root                INFO: Valid: Epoch 164: kendall tau 0.2954 0.5273; loss 0.02014 0.005723
2022-01-21 15:54:46,220 root                INFO: Train: Epoch 165: train loss 0.0021
2022-01-21 15:54:48,332 root                INFO: Valid: Epoch 165: kendall tau 0.2888 0.5207; loss 0.02323 0.006112
2022-01-21 15:54:48,895 root                INFO: Train: Epoch 166: train loss 0.0018
2022-01-21 15:54:50,987 root                INFO: Valid: Epoch 166: kendall tau 0.2882 0.5274; loss 0.02222 0.005762
2022-01-21 15:54:51,421 root                INFO: Train: Epoch 167: train loss 0.0016
2022-01-21 15:54:53,517 root                INFO: Valid: Epoch 167: kendall tau 0.2880 0.5349; loss 0.02048 0.005537
2022-01-21 15:54:54,027 root                INFO: Train: Epoch 168: train loss 0.0020
2022-01-21 15:54:55,911 root                INFO: Valid: Epoch 168: kendall tau 0.2802 0.5275; loss 0.02272 0.005873
2022-01-21 15:54:56,483 root                INFO: Train: Epoch 169: train loss 0.0015
2022-01-21 15:54:58,801 root                INFO: Valid: Epoch 169: kendall tau 0.2758 0.5251; loss 0.02326 0.006119
2022-01-21 15:54:59,451 root                INFO: Train: Epoch 170: train loss 0.0016
2022-01-21 15:55:01,338 root                INFO: Valid: Epoch 170: kendall tau 0.2792 0.5368; loss 0.02007 0.006014
2022-01-21 15:55:01,920 root                INFO: Train: Epoch 171: train loss 0.0023
2022-01-21 15:55:04,134 root                INFO: Valid: Epoch 171: kendall tau 0.2699 0.5310; loss 0.02569 0.006515
2022-01-21 15:55:04,847 root                INFO: Train: Epoch 172: train loss 0.0022
2022-01-21 15:55:06,896 root                INFO: Valid: Epoch 172: kendall tau 0.2745 0.5415; loss 0.02287 0.005949
2022-01-21 15:55:07,573 root                INFO: Train: Epoch 173: train loss 0.0015
2022-01-21 15:55:09,598 root                INFO: Valid: Epoch 173: kendall tau 0.2813 0.5529; loss 0.01941 0.006007
2022-01-21 15:55:10,223 root                INFO: Train: Epoch 174: train loss 0.0027
2022-01-21 15:55:12,249 root                INFO: Valid: Epoch 174: kendall tau 0.2740 0.5477; loss 0.02483 0.006029
2022-01-21 15:55:12,880 root                INFO: Train: Epoch 175: train loss 0.0020
2022-01-21 15:55:15,298 root                INFO: Valid: Epoch 175: kendall tau 0.2722 0.5481; loss 0.02587 0.006256
2022-01-21 15:55:15,769 root                INFO: Train: Epoch 176: train loss 0.0021
2022-01-21 15:55:17,771 root                INFO: Valid: Epoch 176: kendall tau 0.2797 0.5559; loss 0.02076 0.005951
2022-01-21 15:55:18,283 root                INFO: Train: Epoch 177: train loss 0.0017
2022-01-21 15:55:20,852 root                INFO: Valid: Epoch 177: kendall tau 0.2799 0.5591; loss 0.01941 0.006157
2022-01-21 15:55:21,414 root                INFO: Train: Epoch 178: train loss 0.0023
2022-01-21 15:55:23,421 root                INFO: Valid: Epoch 178: kendall tau 0.2737 0.5532; loss 0.02392 0.006398
2022-01-21 15:55:23,883 root                INFO: Train: Epoch 179: train loss 0.0017
2022-01-21 15:55:25,855 root                INFO: Valid: Epoch 179: kendall tau 0.2690 0.5517; loss 0.02589 0.006596
2022-01-21 15:55:26,343 root                INFO: Train: Epoch 180: train loss 0.0019
2022-01-21 15:55:28,297 root                INFO: Valid: Epoch 180: kendall tau 0.2737 0.5581; loss 0.02234 0.006639
2022-01-21 15:55:28,908 root                INFO: Train: Epoch 181: train loss 0.0012
2022-01-21 15:55:31,018 root                INFO: Valid: Epoch 181: kendall tau 0.2750 0.5602; loss 0.02063 0.006734
2022-01-21 15:55:31,552 root                INFO: Train: Epoch 182: train loss 0.0023
2022-01-21 15:55:33,644 root                INFO: Valid: Epoch 182: kendall tau 0.2677 0.5573; loss 0.02421 0.006389
2022-01-21 15:55:34,109 root                INFO: Train: Epoch 183: train loss 0.0014
2022-01-21 15:55:36,262 root                INFO: Valid: Epoch 183: kendall tau 0.2639 0.5567; loss 0.02527 0.006537
2022-01-21 15:55:36,707 root                INFO: Train: Epoch 184: train loss 0.0020
2022-01-21 15:55:38,685 root                INFO: Valid: Epoch 184: kendall tau 0.2696 0.5637; loss 0.02176 0.006315
2022-01-21 15:55:39,170 root                INFO: Train: Epoch 185: train loss 0.0012
2022-01-21 15:55:41,558 root                INFO: Valid: Epoch 185: kendall tau 0.2721 0.5686; loss 0.01946 0.006741
2022-01-21 15:55:42,063 root                INFO: Train: Epoch 186: train loss 0.0022
2022-01-21 15:55:44,073 root                INFO: Valid: Epoch 186: kendall tau 0.2663 0.5681; loss 0.02329 0.006981
2022-01-21 15:55:44,715 root                INFO: Train: Epoch 187: train loss 0.0012
2022-01-21 15:55:46,931 root                INFO: Valid: Epoch 187: kendall tau 0.2593 0.5676; loss 0.02631 0.007264
2022-01-21 15:55:47,435 root                INFO: Train: Epoch 188: train loss 0.0021
2022-01-21 15:55:49,369 root                INFO: Valid: Epoch 188: kendall tau 0.2642 0.5741; loss 0.02321 0.007606
2022-01-21 15:55:49,830 root                INFO: Train: Epoch 189: train loss 0.0010
2022-01-21 15:55:51,858 root                INFO: Valid: Epoch 189: kendall tau 0.2686 0.5759; loss 0.02047 0.0078
2022-01-21 15:55:52,453 root                INFO: Train: Epoch 190: train loss 0.0019
2022-01-21 15:55:54,472 root                INFO: Valid: Epoch 190: kendall tau 0.2620 0.5689; loss 0.02282 0.00693
2022-01-21 15:55:55,199 root                INFO: Train: Epoch 191: train loss 0.0011
2022-01-21 15:55:57,190 root                INFO: Valid: Epoch 191: kendall tau 0.2551 0.5621; loss 0.02526 0.006712
2022-01-21 15:55:57,733 root                INFO: Train: Epoch 192: train loss 0.0015
2022-01-21 15:55:59,660 root                INFO: Valid: Epoch 192: kendall tau 0.2548 0.5618; loss 0.02482 0.006691
2022-01-21 15:56:00,090 root                INFO: Train: Epoch 193: train loss 0.0014
2022-01-21 15:56:02,015 root                INFO: Valid: Epoch 193: kendall tau 0.2591 0.5665; loss 0.0225 0.007059
2022-01-21 15:56:02,571 root                INFO: Train: Epoch 194: train loss 0.0012
2022-01-21 15:56:04,369 root                INFO: Valid: Epoch 194: kendall tau 0.2581 0.5669; loss 0.02228 0.007235
2022-01-21 15:56:04,923 root                INFO: Train: Epoch 195: train loss 0.0014
2022-01-21 15:56:06,878 root                INFO: Valid: Epoch 195: kendall tau 0.2498 0.5658; loss 0.02546 0.007091
2022-01-21 15:56:07,551 root                INFO: Train: Epoch 196: train loss 0.0011
2022-01-21 15:56:09,572 root                INFO: Valid: Epoch 196: kendall tau 0.2442 0.5669; loss 0.02663 0.006946
2022-01-21 15:56:10,176 root                INFO: Train: Epoch 197: train loss 0.0012
2022-01-21 15:56:12,142 root                INFO: Valid: Epoch 197: kendall tau 0.2479 0.5735; loss 0.0238 0.006836
2022-01-21 15:56:12,767 root                INFO: Train: Epoch 198: train loss 0.0011
2022-01-21 15:56:14,798 root                INFO: Valid: Epoch 198: kendall tau 0.2510 0.5783; loss 0.02178 0.006824
2022-01-21 15:56:15,338 root                INFO: Train: Epoch 199: train loss 0.0011
2022-01-21 15:56:17,814 root                INFO: Valid: Epoch 199: kendall tau 0.2463 0.5782; loss 0.02304 0.006793
2022-01-21 15:56:18,326 root                INFO: Train: Epoch 200: train loss 0.0010
2022-01-21 15:56:20,145 root                INFO: Valid: Epoch 200: kendall tau 0.2398 0.5759; loss 0.02538 0.006922
2022-01-21 15:56:20,152 root                INFO: Epoch 200: Save checkpoint to nb1shot1_anytime_tagates/tagates_0.01/123/21/200.ckpt
2022-01-21 15:56:22,089 root                INFO: [0.0, 0.05555555555555555, 0.027777777777777776, 0.12362637362637363, 0.18930041152263374, 0.6087791495198902, 1.0]
2022-01-21 15:56:22,090 root                INFO: [0.0, 0.19444444444444445, 0.2916666666666667, 0.4368131868131868, 0.551440329218107, 0.7956104252400549, 1.0]
2022-01-21 15:56:22,090 root                INFO: [20, 20]
2022-01-21 15:56:22,090 root                INFO: [23, 23]
