2022-01-19 23:01:37,796 root                INFO: GPU device = 1
2022-01-19 23:01:37,796 root                INFO: Load pkl cache from nasbench101.pkl and nasbench101_valid.pkl
2022-01-19 23:01:38,212 root                INFO: Config: {'arch_network_cfg': {'arch_embedder_cfg': {'b_use_bn': False, 'backward_gcn_out_dims': [128, 128, 128, 128, 128], 'concat_param_zs_as_opemb_dimension': 7, 'concat_param_zs_as_opemb_scale': 0.1, 'detach_vinfo': False, 'fb_conversion_dims': [128, 128], 'gcn_kwargs': {'plus_I': True, 'residual_only': 1}, 'gcn_out_dims': [128, 128, 128, 128, 128], 'hid_dim': 96, 'mask_nonparametrized_ops': False, 'node_embedding_dim': 48, 'num_time_steps': 3, 'op_embedding_dim': 48, 'symmetry_breaking_method': 'param_zs_add', 'updateopemb_detach_finfo': True, 'updateopemb_detach_opemb': True, 'updateopemb_dims': [128], 'updateopemb_method': 'concat_ofb', 'updateopemb_scale': 0.1}, 'arch_embedder_type': 'nb101-fbflow', 'compare_loss_type': 'margin_linear', 'compare_margin': 0.1, 'mlp_dropout': 0.1, 'mlp_hiddens': [200], 'optimizer': {'lr': 0.001, 'type': 'Adam'}, 'scheduler': None}, 'batch_size': 512, 'choose_pair_criterion': 'random', 'compare': True, 'compare_threshold': 0.0, 'epochs': 200, 'max_compare_ratio': 4.0}
2022-01-19 23:01:42,344 root                INFO: Combined args: Namespace(batch_size=512, cfg_file='cfgs/nb101_cfgs/gates_true_scale0.1.yaml', choose_pair_criterion='random', compare=True, compare_threshold=0.0, epochs=200, eval_only_last=5, gpu=1, load=None, max_compare_ratio=4.0, num_workers=4, report_freq=200, save_every=200, save_predict=None, seed=202121, test_funcs=None, test_only=False, train_dir='nb1shot1_ablation_scale/true/0.1_0.005/12/202121', train_pkl='../mynas/data/nasbench-1shot1/nasbench101_train_12.pkl', train_ratio=0.005, valid_pkl='../mynas/data/nasbench-1shot1/nasbench101_valid.pkl')
2022-01-19 23:01:42,354 root                INFO: Train dataset ratio: 0.005
2022-01-19 23:01:42,354 root                INFO: Number of architectures: train: 36; valid: 7290
2022-01-19 23:01:45,106 root                INFO: Train: Epoch   1: train loss 0.1005
2022-01-19 23:01:45,753 root                INFO: Train: Epoch   2: train loss 0.0984
2022-01-19 23:01:46,440 root                INFO: Train: Epoch   3: train loss 0.0961
2022-01-19 23:01:47,098 root                INFO: Train: Epoch   4: train loss 0.0930
2022-01-19 23:01:47,750 root                INFO: Train: Epoch   5: train loss 0.0819
2022-01-19 23:01:48,372 root                INFO: Train: Epoch   6: train loss 0.0799
2022-01-19 23:01:49,002 root                INFO: Train: Epoch   7: train loss 0.0713
2022-01-19 23:01:49,608 root                INFO: Train: Epoch   8: train loss 0.0871
2022-01-19 23:01:50,243 root                INFO: Train: Epoch   9: train loss 0.0674
2022-01-19 23:01:50,895 root                INFO: Train: Epoch  10: train loss 0.0746
2022-01-19 23:01:51,569 root                INFO: Train: Epoch  11: train loss 0.0796
2022-01-19 23:01:52,195 root                INFO: Train: Epoch  12: train loss 0.0741
2022-01-19 23:01:52,874 root                INFO: Train: Epoch  13: train loss 0.0747
2022-01-19 23:01:53,516 root                INFO: Train: Epoch  14: train loss 0.0714
2022-01-19 23:01:54,129 root                INFO: Train: Epoch  15: train loss 0.0780
2022-01-19 23:01:54,754 root                INFO: Train: Epoch  16: train loss 0.0577
2022-01-19 23:01:55,434 root                INFO: Train: Epoch  17: train loss 0.0723
2022-01-19 23:01:56,094 root                INFO: Train: Epoch  18: train loss 0.0634
2022-01-19 23:01:56,752 root                INFO: Train: Epoch  19: train loss 0.0627
2022-01-19 23:01:57,376 root                INFO: Train: Epoch  20: train loss 0.0706
2022-01-19 23:01:57,986 root                INFO: Train: Epoch  21: train loss 0.0636
2022-01-19 23:01:58,632 root                INFO: Train: Epoch  22: train loss 0.0629
2022-01-19 23:01:59,265 root                INFO: Train: Epoch  23: train loss 0.0600
2022-01-19 23:01:59,956 root                INFO: Train: Epoch  24: train loss 0.0567
2022-01-19 23:02:00,584 root                INFO: Train: Epoch  25: train loss 0.0542
2022-01-19 23:02:01,229 root                INFO: Train: Epoch  26: train loss 0.0488
2022-01-19 23:02:01,913 root                INFO: Train: Epoch  27: train loss 0.0423
2022-01-19 23:02:02,501 root                INFO: Train: Epoch  28: train loss 0.0420
2022-01-19 23:02:03,116 root                INFO: Train: Epoch  29: train loss 0.0442
2022-01-19 23:02:03,753 root                INFO: Train: Epoch  30: train loss 0.0424
2022-01-19 23:02:04,436 root                INFO: Train: Epoch  31: train loss 0.0374
2022-01-19 23:02:05,068 root                INFO: Train: Epoch  32: train loss 0.0403
2022-01-19 23:02:05,662 root                INFO: Train: Epoch  33: train loss 0.0424
2022-01-19 23:02:06,280 root                INFO: Train: Epoch  34: train loss 0.0414
2022-01-19 23:02:06,922 root                INFO: Train: Epoch  35: train loss 0.0415
2022-01-19 23:02:07,513 root                INFO: Train: Epoch  36: train loss 0.0283
2022-01-19 23:02:08,121 root                INFO: Train: Epoch  37: train loss 0.0443
2022-01-19 23:02:08,754 root                INFO: Train: Epoch  38: train loss 0.0255
2022-01-19 23:02:09,420 root                INFO: Train: Epoch  39: train loss 0.0315
2022-01-19 23:02:10,145 root                INFO: Train: Epoch  40: train loss 0.0306
2022-01-19 23:02:10,785 root                INFO: Train: Epoch  41: train loss 0.0343
2022-01-19 23:02:11,374 root                INFO: Train: Epoch  42: train loss 0.0401
2022-01-19 23:02:12,008 root                INFO: Train: Epoch  43: train loss 0.0230
2022-01-19 23:02:12,689 root                INFO: Train: Epoch  44: train loss 0.0454
2022-01-19 23:02:13,306 root                INFO: Train: Epoch  45: train loss 0.0343
2022-01-19 23:02:13,930 root                INFO: Train: Epoch  46: train loss 0.0306
2022-01-19 23:02:14,569 root                INFO: Train: Epoch  47: train loss 0.0262
2022-01-19 23:02:15,185 root                INFO: Train: Epoch  48: train loss 0.0346
2022-01-19 23:02:15,849 root                INFO: Train: Epoch  49: train loss 0.0331
2022-01-19 23:02:16,504 root                INFO: Train: Epoch  50: train loss 0.0224
2022-01-19 23:02:17,134 root                INFO: Train: Epoch  51: train loss 0.0285
2022-01-19 23:02:17,773 root                INFO: Train: Epoch  52: train loss 0.0369
2022-01-19 23:02:18,421 root                INFO: Train: Epoch  53: train loss 0.0340
2022-01-19 23:02:19,244 root                INFO: Train: Epoch  54: train loss 0.0298
2022-01-19 23:02:19,873 root                INFO: Train: Epoch  55: train loss 0.0267
2022-01-19 23:02:20,526 root                INFO: Train: Epoch  56: train loss 0.0266
2022-01-19 23:02:21,269 root                INFO: Train: Epoch  57: train loss 0.0303
2022-01-19 23:02:21,896 root                INFO: Train: Epoch  58: train loss 0.0317
2022-01-19 23:02:22,515 root                INFO: Train: Epoch  59: train loss 0.0250
2022-01-19 23:02:23,156 root                INFO: Train: Epoch  60: train loss 0.0241
2022-01-19 23:02:23,788 root                INFO: Train: Epoch  61: train loss 0.0275
2022-01-19 23:02:24,401 root                INFO: Train: Epoch  62: train loss 0.0262
2022-01-19 23:02:25,074 root                INFO: Train: Epoch  63: train loss 0.0195
2022-01-19 23:02:25,727 root                INFO: Train: Epoch  64: train loss 0.0305
2022-01-19 23:02:26,366 root                INFO: Train: Epoch  65: train loss 0.0208
2022-01-19 23:02:27,062 root                INFO: Train: Epoch  66: train loss 0.0240
2022-01-19 23:02:27,680 root                INFO: Train: Epoch  67: train loss 0.0229
2022-01-19 23:02:28,346 root                INFO: Train: Epoch  68: train loss 0.0207
2022-01-19 23:02:29,001 root                INFO: Train: Epoch  69: train loss 0.0186
2022-01-19 23:02:29,615 root                INFO: Train: Epoch  70: train loss 0.0230
2022-01-19 23:02:30,260 root                INFO: Train: Epoch  71: train loss 0.0147
2022-01-19 23:02:30,921 root                INFO: Train: Epoch  72: train loss 0.0240
2022-01-19 23:02:31,597 root                INFO: Train: Epoch  73: train loss 0.0216
2022-01-19 23:02:32,249 root                INFO: Train: Epoch  74: train loss 0.0253
2022-01-19 23:02:32,918 root                INFO: Train: Epoch  75: train loss 0.0200
2022-01-19 23:02:33,638 root                INFO: Train: Epoch  76: train loss 0.0208
2022-01-19 23:02:34,322 root                INFO: Train: Epoch  77: train loss 0.0236
2022-01-19 23:02:34,979 root                INFO: Train: Epoch  78: train loss 0.0262
2022-01-19 23:02:35,635 root                INFO: Train: Epoch  79: train loss 0.0277
2022-01-19 23:02:36,283 root                INFO: Train: Epoch  80: train loss 0.0268
2022-01-19 23:02:36,932 root                INFO: Train: Epoch  81: train loss 0.0267
2022-01-19 23:02:37,654 root                INFO: Train: Epoch  82: train loss 0.0222
2022-01-19 23:02:38,426 root                INFO: Train: Epoch  83: train loss 0.0235
2022-01-19 23:02:39,118 root                INFO: Train: Epoch  84: train loss 0.0214
2022-01-19 23:02:39,775 root                INFO: Train: Epoch  85: train loss 0.0169
2022-01-19 23:02:40,442 root                INFO: Train: Epoch  86: train loss 0.0165
2022-01-19 23:02:41,079 root                INFO: Train: Epoch  87: train loss 0.0219
2022-01-19 23:02:41,746 root                INFO: Train: Epoch  88: train loss 0.0148
2022-01-19 23:02:42,378 root                INFO: Train: Epoch  89: train loss 0.0140
2022-01-19 23:02:43,072 root                INFO: Train: Epoch  90: train loss 0.0086
2022-01-19 23:02:43,743 root                INFO: Train: Epoch  91: train loss 0.0178
2022-01-19 23:02:44,451 root                INFO: Train: Epoch  92: train loss 0.0205
2022-01-19 23:02:45,097 root                INFO: Train: Epoch  93: train loss 0.0184
2022-01-19 23:02:45,769 root                INFO: Train: Epoch  94: train loss 0.0213
2022-01-19 23:02:46,535 root                INFO: Train: Epoch  95: train loss 0.0210
2022-01-19 23:02:47,178 root                INFO: Train: Epoch  96: train loss 0.0163
2022-01-19 23:02:47,812 root                INFO: Train: Epoch  97: train loss 0.0129
2022-01-19 23:02:48,493 root                INFO: Train: Epoch  98: train loss 0.0119
2022-01-19 23:02:49,213 root                INFO: Train: Epoch  99: train loss 0.0181
2022-01-19 23:02:49,860 root                INFO: Train: Epoch 100: train loss 0.0168
2022-01-19 23:02:50,526 root                INFO: Train: Epoch 101: train loss 0.0186
2022-01-19 23:02:51,183 root                INFO: Train: Epoch 102: train loss 0.0136
2022-01-19 23:02:51,882 root                INFO: Train: Epoch 103: train loss 0.0092
2022-01-19 23:02:52,569 root                INFO: Train: Epoch 104: train loss 0.0154
2022-01-19 23:02:53,216 root                INFO: Train: Epoch 105: train loss 0.0118
2022-01-19 23:02:53,916 root                INFO: Train: Epoch 106: train loss 0.0152
2022-01-19 23:02:54,622 root                INFO: Train: Epoch 107: train loss 0.0137
2022-01-19 23:02:55,252 root                INFO: Train: Epoch 108: train loss 0.0127
2022-01-19 23:02:55,920 root                INFO: Train: Epoch 109: train loss 0.0151
2022-01-19 23:02:56,633 root                INFO: Train: Epoch 110: train loss 0.0155
2022-01-19 23:02:57,376 root                INFO: Train: Epoch 111: train loss 0.0164
2022-01-19 23:02:58,064 root                INFO: Train: Epoch 112: train loss 0.0155
2022-01-19 23:02:58,724 root                INFO: Train: Epoch 113: train loss 0.0120
2022-01-19 23:02:59,402 root                INFO: Train: Epoch 114: train loss 0.0106
2022-01-19 23:03:00,053 root                INFO: Train: Epoch 115: train loss 0.0133
2022-01-19 23:03:00,800 root                INFO: Train: Epoch 116: train loss 0.0104
2022-01-19 23:03:01,459 root                INFO: Train: Epoch 117: train loss 0.0172
2022-01-19 23:03:02,088 root                INFO: Train: Epoch 118: train loss 0.0143
2022-01-19 23:03:02,732 root                INFO: Train: Epoch 119: train loss 0.0070
2022-01-19 23:03:03,378 root                INFO: Train: Epoch 120: train loss 0.0103
2022-01-19 23:03:04,047 root                INFO: Train: Epoch 121: train loss 0.0103
2022-01-19 23:03:04,765 root                INFO: Train: Epoch 122: train loss 0.0150
2022-01-19 23:03:05,433 root                INFO: Train: Epoch 123: train loss 0.0121
2022-01-19 23:03:06,105 root                INFO: Train: Epoch 124: train loss 0.0091
2022-01-19 23:03:06,773 root                INFO: Train: Epoch 125: train loss 0.0104
2022-01-19 23:03:07,434 root                INFO: Train: Epoch 126: train loss 0.0121
2022-01-19 23:03:08,160 root                INFO: Train: Epoch 127: train loss 0.0127
2022-01-19 23:03:08,845 root                INFO: Train: Epoch 128: train loss 0.0149
2022-01-19 23:03:09,524 root                INFO: Train: Epoch 129: train loss 0.0152
2022-01-19 23:03:10,278 root                INFO: Train: Epoch 130: train loss 0.0125
2022-01-19 23:03:10,959 root                INFO: Train: Epoch 131: train loss 0.0126
2022-01-19 23:03:11,698 root                INFO: Train: Epoch 132: train loss 0.0123
2022-01-19 23:03:12,393 root                INFO: Train: Epoch 133: train loss 0.0153
2022-01-19 23:03:13,048 root                INFO: Train: Epoch 134: train loss 0.0222
2022-01-19 23:03:13,802 root                INFO: Train: Epoch 135: train loss 0.0193
2022-01-19 23:03:14,549 root                INFO: Train: Epoch 136: train loss 0.0256
2022-01-19 23:03:15,328 root                INFO: Train: Epoch 137: train loss 0.0308
2022-01-19 23:03:16,044 root                INFO: Train: Epoch 138: train loss 0.0141
2022-01-19 23:03:16,767 root                INFO: Train: Epoch 139: train loss 0.0111
2022-01-19 23:03:17,480 root                INFO: Train: Epoch 140: train loss 0.0099
2022-01-19 23:03:18,178 root                INFO: Train: Epoch 141: train loss 0.0250
2022-01-19 23:03:18,920 root                INFO: Train: Epoch 142: train loss 0.0177
2022-01-19 23:03:19,638 root                INFO: Train: Epoch 143: train loss 0.0152
2022-01-19 23:03:20,334 root                INFO: Train: Epoch 144: train loss 0.0204
2022-01-19 23:03:20,990 root                INFO: Train: Epoch 145: train loss 0.0133
2022-01-19 23:03:21,674 root                INFO: Train: Epoch 146: train loss 0.0124
2022-01-19 23:03:22,345 root                INFO: Train: Epoch 147: train loss 0.0189
2022-01-19 23:03:23,057 root                INFO: Train: Epoch 148: train loss 0.0147
2022-01-19 23:03:23,798 root                INFO: Train: Epoch 149: train loss 0.0127
2022-01-19 23:03:24,476 root                INFO: Train: Epoch 150: train loss 0.0139
2022-01-19 23:03:25,156 root                INFO: Train: Epoch 151: train loss 0.0102
2022-01-19 23:03:25,939 root                INFO: Train: Epoch 152: train loss 0.0170
2022-01-19 23:03:26,650 root                INFO: Train: Epoch 153: train loss 0.0138
2022-01-19 23:03:27,331 root                INFO: Train: Epoch 154: train loss 0.0101
2022-01-19 23:03:28,096 root                INFO: Train: Epoch 155: train loss 0.0094
2022-01-19 23:03:28,797 root                INFO: Train: Epoch 156: train loss 0.0073
2022-01-19 23:03:29,595 root                INFO: Train: Epoch 157: train loss 0.0149
2022-01-19 23:03:30,327 root                INFO: Train: Epoch 158: train loss 0.0117
2022-01-19 23:03:31,018 root                INFO: Train: Epoch 159: train loss 0.0118
2022-01-19 23:03:31,697 root                INFO: Train: Epoch 160: train loss 0.0080
2022-01-19 23:03:32,369 root                INFO: Train: Epoch 161: train loss 0.0060
2022-01-19 23:03:33,173 root                INFO: Train: Epoch 162: train loss 0.0071
2022-01-19 23:03:33,897 root                INFO: Train: Epoch 163: train loss 0.0103
2022-01-19 23:03:34,585 root                INFO: Train: Epoch 164: train loss 0.0079
2022-01-19 23:03:35,291 root                INFO: Train: Epoch 165: train loss 0.0044
2022-01-19 23:03:35,993 root                INFO: Train: Epoch 166: train loss 0.0113
2022-01-19 23:03:36,670 root                INFO: Train: Epoch 167: train loss 0.0146
2022-01-19 23:03:37,389 root                INFO: Train: Epoch 168: train loss 0.0066
2022-01-19 23:03:38,135 root                INFO: Train: Epoch 169: train loss 0.0083
2022-01-19 23:03:38,811 root                INFO: Train: Epoch 170: train loss 0.0060
2022-01-19 23:03:39,471 root                INFO: Train: Epoch 171: train loss 0.0081
2022-01-19 23:03:40,174 root                INFO: Train: Epoch 172: train loss 0.0049
2022-01-19 23:03:40,877 root                INFO: Train: Epoch 173: train loss 0.0061
2022-01-19 23:03:41,625 root                INFO: Train: Epoch 174: train loss 0.0072
2022-01-19 23:03:42,339 root                INFO: Train: Epoch 175: train loss 0.0082
2022-01-19 23:03:43,019 root                INFO: Train: Epoch 176: train loss 0.0080
2022-01-19 23:03:43,736 root                INFO: Train: Epoch 177: train loss 0.0086
2022-01-19 23:03:44,426 root                INFO: Train: Epoch 178: train loss 0.0078
2022-01-19 23:03:45,153 root                INFO: Train: Epoch 179: train loss 0.0098
2022-01-19 23:03:45,897 root                INFO: Train: Epoch 180: train loss 0.0086
2022-01-19 23:03:46,580 root                INFO: Train: Epoch 181: train loss 0.0066
2022-01-19 23:03:47,312 root                INFO: Train: Epoch 182: train loss 0.0017
2022-01-19 23:03:48,014 root                INFO: Train: Epoch 183: train loss 0.0035
2022-01-19 23:03:48,720 root                INFO: Train: Epoch 184: train loss 0.0079
2022-01-19 23:03:49,456 root                INFO: Train: Epoch 185: train loss 0.0119
2022-01-19 23:03:50,137 root                INFO: Train: Epoch 186: train loss 0.0066
2022-01-19 23:03:50,868 root                INFO: Train: Epoch 187: train loss 0.0058
2022-01-19 23:03:51,575 root                INFO: Train: Epoch 188: train loss 0.0100
2022-01-19 23:03:52,338 root                INFO: Train: Epoch 189: train loss 0.0052
2022-01-19 23:03:53,199 root                INFO: Train: Epoch 190: train loss 0.0120
2022-01-19 23:03:54,005 root                INFO: Train: Epoch 191: train loss 0.0129
2022-01-19 23:03:54,911 root                INFO: Train: Epoch 192: train loss 0.0080
2022-01-19 23:03:55,717 root                INFO: Train: Epoch 193: train loss 0.0125
2022-01-19 23:03:56,509 root                INFO: Train: Epoch 194: train loss 0.0119
2022-01-19 23:03:57,318 root                INFO: Train: Epoch 195: train loss 0.0118
2022-01-19 23:03:58,054 root                INFO: Train: Epoch 196: train loss 0.0056
2022-01-19 23:04:00,518 root                INFO: Valid: Epoch 196: kendall tau 0.5728; loss 0.1559
2022-01-19 23:04:01,330 root                INFO: Train: Epoch 197: train loss 0.0030
2022-01-19 23:04:03,512 root                INFO: Valid: Epoch 197: kendall tau 0.5640; loss 0.152
2022-01-19 23:04:04,224 root                INFO: Train: Epoch 198: train loss 0.0061
2022-01-19 23:04:06,717 root                INFO: Valid: Epoch 198: kendall tau 0.5563; loss 0.1501
2022-01-19 23:04:07,404 root                INFO: Train: Epoch 199: train loss 0.0082
2022-01-19 23:04:09,461 root                INFO: Valid: Epoch 199: kendall tau 0.5525; loss 0.1539
2022-01-19 23:04:10,192 root                INFO: Train: Epoch 200: train loss 0.0124
2022-01-19 23:04:12,276 root                INFO: Valid: Epoch 200: kendall tau 0.5595; loss 0.1626
2022-01-19 23:04:12,284 root                INFO: Epoch 200: Save checkpoint to nb1shot1_ablation_scale/true/0.1_0.005/12/202121/200.ckpt
2022-01-19 23:04:14,418 root                INFO: [0.0, 0.3333333333333333, 0.4722222222222222, 0.4368131868131868, 0.4732510288065844, 0.7791495198902606, 1.0]
2022-01-19 23:04:14,418 root                INFO: [20, 6]
