2022-01-19 23:15:57,674 root                INFO: GPU device = 1
2022-01-19 23:15:57,674 root                INFO: Load pkl cache from nasbench101.pkl and nasbench101_valid.pkl
2022-01-19 23:15:58,152 root                INFO: Config: {'arch_network_cfg': {'arch_embedder_cfg': {'b_use_bn': False, 'backward_gcn_out_dims': [128, 128, 128, 128, 128], 'concat_param_zs_as_opemb_dimension': 7, 'concat_param_zs_as_opemb_scale': 0.1, 'detach_vinfo': False, 'fb_conversion_dims': [128, 128], 'gcn_kwargs': {'plus_I': True, 'residual_only': 1}, 'gcn_out_dims': [128, 128, 128, 128, 128], 'hid_dim': 96, 'mask_nonparametrized_ops': False, 'node_embedding_dim': 48, 'num_time_steps': 3, 'op_embedding_dim': 48, 'symmetry_breaking_method': 'param_zs_add', 'updateopemb_detach_finfo': True, 'updateopemb_detach_opemb': True, 'updateopemb_dims': [128], 'updateopemb_method': 'concat_ofb', 'updateopemb_scale': 0.1}, 'arch_embedder_type': 'nb101-fbflow', 'compare_loss_type': 'margin_linear', 'compare_margin': 0.1, 'mlp_dropout': 0.1, 'mlp_hiddens': [200], 'optimizer': {'lr': 0.001, 'type': 'Adam'}, 'scheduler': None}, 'batch_size': 512, 'choose_pair_criterion': 'random', 'compare': True, 'compare_threshold': 0.0, 'epochs': 200, 'max_compare_ratio': 4.0}
2022-01-19 23:16:02,328 root                INFO: Combined args: Namespace(batch_size=512, cfg_file='cfgs/nb101_cfgs/gates_true_scale0.1.yaml', choose_pair_criterion='random', compare=True, compare_threshold=0.0, epochs=200, eval_only_last=5, gpu=1, load=None, max_compare_ratio=4.0, num_workers=4, report_freq=200, save_every=200, save_predict=None, seed=2021, test_funcs=None, test_only=False, train_dir='nb1shot1_ablation_scale/true/0.1_0.5/12/2021', train_pkl='../mynas/data/nasbench-1shot1/nasbench101_train_12.pkl', train_ratio=0.5, valid_pkl='../mynas/data/nasbench-1shot1/nasbench101_valid.pkl')
2022-01-19 23:16:02,334 root                INFO: Train dataset ratio: 0.500
2022-01-19 23:16:02,334 root                INFO: Number of architectures: train: 3645; valid: 7290
2022-01-19 23:16:06,665 root                INFO: Train: Epoch   1: train loss 0.0817
2022-01-19 23:16:08,734 root                INFO: Train: Epoch   2: train loss 0.0552
2022-01-19 23:16:10,972 root                INFO: Train: Epoch   3: train loss 0.0468
2022-01-19 23:16:13,131 root                INFO: Train: Epoch   4: train loss 0.0366
2022-01-19 23:16:15,151 root                INFO: Train: Epoch   5: train loss 0.0334
2022-01-19 23:16:17,309 root                INFO: Train: Epoch   6: train loss 0.0314
2022-01-19 23:16:19,444 root                INFO: Train: Epoch   7: train loss 0.0294
2022-01-19 23:16:21,549 root                INFO: Train: Epoch   8: train loss 0.0270
2022-01-19 23:16:23,754 root                INFO: Train: Epoch   9: train loss 0.0254
2022-01-19 23:16:25,770 root                INFO: Train: Epoch  10: train loss 0.0233
2022-01-19 23:16:28,028 root                INFO: Train: Epoch  11: train loss 0.0232
2022-01-19 23:16:30,197 root                INFO: Train: Epoch  12: train loss 0.0221
2022-01-19 23:16:32,191 root                INFO: Train: Epoch  13: train loss 0.0209
2022-01-19 23:16:34,350 root                INFO: Train: Epoch  14: train loss 0.0204
2022-01-19 23:16:36,369 root                INFO: Train: Epoch  15: train loss 0.0214
2022-01-19 23:16:38,496 root                INFO: Train: Epoch  16: train loss 0.0198
2022-01-19 23:16:40,650 root                INFO: Train: Epoch  17: train loss 0.0200
2022-01-19 23:16:42,852 root                INFO: Train: Epoch  18: train loss 0.0211
2022-01-19 23:16:45,120 root                INFO: Train: Epoch  19: train loss 0.0202
2022-01-19 23:16:47,360 root                INFO: Train: Epoch  20: train loss 0.0189
2022-01-19 23:16:49,510 root                INFO: Train: Epoch  21: train loss 0.0183
2022-01-19 23:16:51,817 root                INFO: Train: Epoch  22: train loss 0.0181
2022-01-19 23:16:54,041 root                INFO: Train: Epoch  23: train loss 0.0186
2022-01-19 23:16:56,085 root                INFO: Train: Epoch  24: train loss 0.0176
2022-01-19 23:16:58,401 root                INFO: Train: Epoch  25: train loss 0.0193
2022-01-19 23:17:00,518 root                INFO: Train: Epoch  26: train loss 0.0180
2022-01-19 23:17:02,842 root                INFO: Train: Epoch  27: train loss 0.0187
2022-01-19 23:17:05,067 root                INFO: Train: Epoch  28: train loss 0.0178
2022-01-19 23:17:06,987 root                INFO: Train: Epoch  29: train loss 0.0189
2022-01-19 23:17:09,247 root                INFO: Train: Epoch  30: train loss 0.0173
2022-01-19 23:17:11,456 root                INFO: Train: Epoch  31: train loss 0.0181
2022-01-19 23:17:13,517 root                INFO: Train: Epoch  32: train loss 0.0192
2022-01-19 23:17:15,659 root                INFO: Train: Epoch  33: train loss 0.0191
2022-01-19 23:17:17,696 root                INFO: Train: Epoch  34: train loss 0.0185
2022-01-19 23:17:19,979 root                INFO: Train: Epoch  35: train loss 0.0179
2022-01-19 23:17:22,166 root                INFO: Train: Epoch  36: train loss 0.0180
2022-01-19 23:17:24,188 root                INFO: Train: Epoch  37: train loss 0.0190
2022-01-19 23:17:26,435 root                INFO: Train: Epoch  38: train loss 0.0176
2022-01-19 23:17:28,493 root                INFO: Train: Epoch  39: train loss 0.0172
2022-01-19 23:17:30,759 root                INFO: Train: Epoch  40: train loss 0.0168
2022-01-19 23:17:33,194 root                INFO: Train: Epoch  41: train loss 0.0162
2022-01-19 23:17:35,333 root                INFO: Train: Epoch  42: train loss 0.0168
2022-01-19 23:17:37,563 root                INFO: Train: Epoch  43: train loss 0.0159
2022-01-19 23:17:39,543 root                INFO: Train: Epoch  44: train loss 0.0165
2022-01-19 23:17:41,809 root                INFO: Train: Epoch  45: train loss 0.0161
2022-01-19 23:17:44,025 root                INFO: Train: Epoch  46: train loss 0.0161
2022-01-19 23:17:46,017 root                INFO: Train: Epoch  47: train loss 0.0157
2022-01-19 23:17:48,202 root                INFO: Train: Epoch  48: train loss 0.0155
2022-01-19 23:17:50,391 root                INFO: Train: Epoch  49: train loss 0.0165
2022-01-19 23:17:52,396 root                INFO: Train: Epoch  50: train loss 0.0159
2022-01-19 23:17:54,604 root                INFO: Train: Epoch  51: train loss 0.0156
2022-01-19 23:17:56,441 root                INFO: Train: Epoch  52: train loss 0.0159
2022-01-19 23:17:58,597 root                INFO: Train: Epoch  53: train loss 0.0148
2022-01-19 23:18:00,704 root                INFO: Train: Epoch  54: train loss 0.0159
2022-01-19 23:18:02,570 root                INFO: Train: Epoch  55: train loss 0.0169
2022-01-19 23:18:04,779 root                INFO: Train: Epoch  56: train loss 0.0153
2022-01-19 23:18:06,713 root                INFO: Train: Epoch  57: train loss 0.0157
2022-01-19 23:18:08,911 root                INFO: Train: Epoch  58: train loss 0.0161
2022-01-19 23:18:11,153 root                INFO: Train: Epoch  59: train loss 0.0159
2022-01-19 23:18:13,118 root                INFO: Train: Epoch  60: train loss 0.0158
2022-01-19 23:18:15,415 root                INFO: Train: Epoch  61: train loss 0.0151
2022-01-19 23:18:17,353 root                INFO: Train: Epoch  62: train loss 0.0152
2022-01-19 23:18:19,456 root                INFO: Train: Epoch  63: train loss 0.0163
2022-01-19 23:18:21,588 root                INFO: Train: Epoch  64: train loss 0.0161
2022-01-19 23:18:23,443 root                INFO: Train: Epoch  65: train loss 0.0160
2022-01-19 23:18:25,635 root                INFO: Train: Epoch  66: train loss 0.0148
2022-01-19 23:18:27,658 root                INFO: Train: Epoch  67: train loss 0.0151
2022-01-19 23:18:29,529 root                INFO: Train: Epoch  68: train loss 0.0156
2022-01-19 23:18:31,585 root                INFO: Train: Epoch  69: train loss 0.0147
2022-01-19 23:18:33,447 root                INFO: Train: Epoch  70: train loss 0.0152
2022-01-19 23:18:35,555 root                INFO: Train: Epoch  71: train loss 0.0158
2022-01-19 23:18:37,455 root                INFO: Train: Epoch  72: train loss 0.0154
2022-01-19 23:18:39,558 root                INFO: Train: Epoch  73: train loss 0.0154
2022-01-19 23:18:41,661 root                INFO: Train: Epoch  74: train loss 0.0150
2022-01-19 23:18:43,471 root                INFO: Train: Epoch  75: train loss 0.0147
2022-01-19 23:18:45,477 root                INFO: Train: Epoch  76: train loss 0.0147
2022-01-19 23:18:47,528 root                INFO: Train: Epoch  77: train loss 0.0152
2022-01-19 23:18:49,393 root                INFO: Train: Epoch  78: train loss 0.0153
2022-01-19 23:18:51,637 root                INFO: Train: Epoch  79: train loss 0.0146
2022-01-19 23:18:53,563 root                INFO: Train: Epoch  80: train loss 0.0152
2022-01-19 23:18:55,839 root                INFO: Train: Epoch  81: train loss 0.0150
2022-01-19 23:18:57,927 root                INFO: Train: Epoch  82: train loss 0.0153
2022-01-19 23:18:59,806 root                INFO: Train: Epoch  83: train loss 0.0149
2022-01-19 23:19:01,971 root                INFO: Train: Epoch  84: train loss 0.0149
2022-01-19 23:19:03,851 root                INFO: Train: Epoch  85: train loss 0.0150
2022-01-19 23:19:05,892 root                INFO: Train: Epoch  86: train loss 0.0156
2022-01-19 23:19:07,941 root                INFO: Train: Epoch  87: train loss 0.0156
2022-01-19 23:19:09,851 root                INFO: Train: Epoch  88: train loss 0.0149
2022-01-19 23:19:12,097 root                INFO: Train: Epoch  89: train loss 0.0145
2022-01-19 23:19:14,047 root                INFO: Train: Epoch  90: train loss 0.0154
2022-01-19 23:19:16,137 root                INFO: Train: Epoch  91: train loss 0.0154
2022-01-19 23:19:18,331 root                INFO: Train: Epoch  92: train loss 0.0151
2022-01-19 23:19:20,240 root                INFO: Train: Epoch  93: train loss 0.0150
2022-01-19 23:19:22,333 root                INFO: Train: Epoch  94: train loss 0.0148
2022-01-19 23:19:24,231 root                INFO: Train: Epoch  95: train loss 0.0143
2022-01-19 23:19:26,224 root                INFO: Train: Epoch  96: train loss 0.0147
2022-01-19 23:19:28,300 root                INFO: Train: Epoch  97: train loss 0.0145
2022-01-19 23:19:30,118 root                INFO: Train: Epoch  98: train loss 0.0154
2022-01-19 23:19:32,135 root                INFO: Train: Epoch  99: train loss 0.0147
2022-01-19 23:19:33,952 root                INFO: Train: Epoch 100: train loss 0.0153
2022-01-19 23:19:36,035 root                INFO: Train: Epoch 101: train loss 0.0153
2022-01-19 23:19:38,089 root                INFO: Train: Epoch 102: train loss 0.0146
2022-01-19 23:19:40,005 root                INFO: Train: Epoch 103: train loss 0.0171
2022-01-19 23:19:42,059 root                INFO: Train: Epoch 104: train loss 0.0153
2022-01-19 23:19:44,106 root                INFO: Train: Epoch 105: train loss 0.0162
2022-01-19 23:19:46,064 root                INFO: Train: Epoch 106: train loss 0.0151
2022-01-19 23:19:48,092 root                INFO: Train: Epoch 107: train loss 0.0157
2022-01-19 23:19:49,978 root                INFO: Train: Epoch 108: train loss 0.0148
2022-01-19 23:19:52,050 root                INFO: Train: Epoch 109: train loss 0.0143
2022-01-19 23:19:53,903 root                INFO: Train: Epoch 110: train loss 0.0156
2022-01-19 23:19:56,054 root                INFO: Train: Epoch 111: train loss 0.0152
2022-01-19 23:19:58,074 root                INFO: Train: Epoch 112: train loss 0.0151
2022-01-19 23:20:00,170 root                INFO: Train: Epoch 113: train loss 0.0137
2022-01-19 23:20:02,283 root                INFO: Train: Epoch 114: train loss 0.0143
2022-01-19 23:20:04,387 root                INFO: Train: Epoch 115: train loss 0.0144
2022-01-19 23:20:06,339 root                INFO: Train: Epoch 116: train loss 0.0147
2022-01-19 23:20:08,392 root                INFO: Train: Epoch 117: train loss 0.0151
2022-01-19 23:20:10,265 root                INFO: Train: Epoch 118: train loss 0.0147
2022-01-19 23:20:12,341 root                INFO: Train: Epoch 119: train loss 0.0147
2022-01-19 23:20:14,409 root                INFO: Train: Epoch 120: train loss 0.0150
2022-01-19 23:20:16,311 root                INFO: Train: Epoch 121: train loss 0.0143
2022-01-19 23:20:18,409 root                INFO: Train: Epoch 122: train loss 0.0140
2022-01-19 23:20:20,378 root                INFO: Train: Epoch 123: train loss 0.0144
2022-01-19 23:20:22,430 root                INFO: Train: Epoch 124: train loss 0.0144
2022-01-19 23:20:24,577 root                INFO: Train: Epoch 125: train loss 0.0150
2022-01-19 23:20:26,538 root                INFO: Train: Epoch 126: train loss 0.0145
2022-01-19 23:20:28,644 root                INFO: Train: Epoch 127: train loss 0.0136
2022-01-19 23:20:30,701 root                INFO: Train: Epoch 128: train loss 0.0138
2022-01-19 23:20:32,898 root                INFO: Train: Epoch 129: train loss 0.0139
2022-01-19 23:20:35,117 root                INFO: Train: Epoch 130: train loss 0.0144
2022-01-19 23:20:37,105 root                INFO: Train: Epoch 131: train loss 0.0145
2022-01-19 23:20:39,308 root                INFO: Train: Epoch 132: train loss 0.0147
2022-01-19 23:20:41,339 root                INFO: Train: Epoch 133: train loss 0.0141
2022-01-19 23:20:43,421 root                INFO: Train: Epoch 134: train loss 0.0144
2022-01-19 23:20:45,679 root                INFO: Train: Epoch 135: train loss 0.0156
2022-01-19 23:20:47,703 root                INFO: Train: Epoch 136: train loss 0.0155
2022-01-19 23:20:49,832 root                INFO: Train: Epoch 137: train loss 0.0156
2022-01-19 23:20:51,771 root                INFO: Train: Epoch 138: train loss 0.0146
2022-01-19 23:20:53,771 root                INFO: Train: Epoch 139: train loss 0.0150
2022-01-19 23:20:56,002 root                INFO: Train: Epoch 140: train loss 0.0138
2022-01-19 23:20:57,878 root                INFO: Train: Epoch 141: train loss 0.0151
2022-01-19 23:21:00,132 root                INFO: Train: Epoch 142: train loss 0.0139
2022-01-19 23:21:02,310 root                INFO: Train: Epoch 143: train loss 0.0148
2022-01-19 23:21:04,224 root                INFO: Train: Epoch 144: train loss 0.0138
2022-01-19 23:21:06,289 root                INFO: Train: Epoch 145: train loss 0.0139
2022-01-19 23:21:08,121 root                INFO: Train: Epoch 146: train loss 0.0135
2022-01-19 23:21:10,306 root                INFO: Train: Epoch 147: train loss 0.0147
2022-01-19 23:21:12,416 root                INFO: Train: Epoch 148: train loss 0.0140
2022-01-19 23:21:14,402 root                INFO: Train: Epoch 149: train loss 0.0148
2022-01-19 23:21:16,541 root                INFO: Train: Epoch 150: train loss 0.0136
2022-01-19 23:21:18,542 root                INFO: Train: Epoch 151: train loss 0.0142
2022-01-19 23:21:20,757 root                INFO: Train: Epoch 152: train loss 0.0136
2022-01-19 23:21:22,771 root                INFO: Train: Epoch 153: train loss 0.0146
2022-01-19 23:21:24,702 root                INFO: Train: Epoch 154: train loss 0.0137
2022-01-19 23:21:26,861 root                INFO: Train: Epoch 155: train loss 0.0146
2022-01-19 23:21:29,013 root                INFO: Train: Epoch 156: train loss 0.0149
2022-01-19 23:21:31,280 root                INFO: Train: Epoch 157: train loss 0.0140
2022-01-19 23:21:33,144 root                INFO: Train: Epoch 158: train loss 0.0150
2022-01-19 23:21:35,249 root                INFO: Train: Epoch 159: train loss 0.0145
2022-01-19 23:21:37,335 root                INFO: Train: Epoch 160: train loss 0.0130
2022-01-19 23:21:39,354 root                INFO: Train: Epoch 161: train loss 0.0142
2022-01-19 23:21:41,520 root                INFO: Train: Epoch 162: train loss 0.0145
2022-01-19 23:21:43,650 root                INFO: Train: Epoch 163: train loss 0.0140
2022-01-19 23:21:45,813 root                INFO: Train: Epoch 164: train loss 0.0132
2022-01-19 23:21:47,934 root                INFO: Train: Epoch 165: train loss 0.0140
2022-01-19 23:21:50,113 root                INFO: Train: Epoch 166: train loss 0.0145
2022-01-19 23:21:52,272 root                INFO: Train: Epoch 167: train loss 0.0146
2022-01-19 23:21:54,422 root                INFO: Train: Epoch 168: train loss 0.0139
2022-01-19 23:21:56,411 root                INFO: Train: Epoch 169: train loss 0.0133
2022-01-19 23:21:58,495 root                INFO: Train: Epoch 170: train loss 0.0136
2022-01-19 23:22:00,605 root                INFO: Train: Epoch 171: train loss 0.0138
2022-01-19 23:22:02,757 root                INFO: Train: Epoch 172: train loss 0.0144
2022-01-19 23:22:04,982 root                INFO: Train: Epoch 173: train loss 0.0131
2022-01-19 23:22:06,901 root                INFO: Train: Epoch 174: train loss 0.0138
2022-01-19 23:22:08,977 root                INFO: Train: Epoch 175: train loss 0.0134
2022-01-19 23:22:10,977 root                INFO: Train: Epoch 176: train loss 0.0131
2022-01-19 23:22:13,038 root                INFO: Train: Epoch 177: train loss 0.0135
2022-01-19 23:22:15,153 root                INFO: Train: Epoch 178: train loss 0.0133
2022-01-19 23:22:16,958 root                INFO: Train: Epoch 179: train loss 0.0138
2022-01-19 23:22:19,259 root                INFO: Train: Epoch 180: train loss 0.0135
2022-01-19 23:22:21,335 root                INFO: Train: Epoch 181: train loss 0.0144
2022-01-19 23:22:23,419 root                INFO: Train: Epoch 182: train loss 0.0142
2022-01-19 23:22:25,713 root                INFO: Train: Epoch 183: train loss 0.0134
2022-01-19 23:22:27,658 root                INFO: Train: Epoch 184: train loss 0.0130
2022-01-19 23:22:29,947 root                INFO: Train: Epoch 185: train loss 0.0139
2022-01-19 23:22:32,068 root                INFO: Train: Epoch 186: train loss 0.0136
2022-01-19 23:22:34,253 root                INFO: Train: Epoch 187: train loss 0.0133
2022-01-19 23:22:36,519 root                INFO: Train: Epoch 188: train loss 0.0135
2022-01-19 23:22:38,421 root                INFO: Train: Epoch 189: train loss 0.0133
2022-01-19 23:22:40,771 root                INFO: Train: Epoch 190: train loss 0.0141
2022-01-19 23:22:42,905 root                INFO: Train: Epoch 191: train loss 0.0140
2022-01-19 23:22:45,053 root                INFO: Train: Epoch 192: train loss 0.0131
2022-01-19 23:22:47,334 root                INFO: Train: Epoch 193: train loss 0.0132
2022-01-19 23:22:49,345 root                INFO: Train: Epoch 194: train loss 0.0139
2022-01-19 23:22:51,734 root                INFO: Train: Epoch 195: train loss 0.0135
2022-01-19 23:22:53,780 root                INFO: Train: Epoch 196: train loss 0.0134
2022-01-19 23:22:55,930 root                INFO: Valid: Epoch 196: kendall tau 0.8137; loss 0.2137
2022-01-19 23:22:57,998 root                INFO: Train: Epoch 197: train loss 0.0138
2022-01-19 23:22:59,971 root                INFO: Valid: Epoch 197: kendall tau 0.7947; loss 0.2141
2022-01-19 23:23:02,029 root                INFO: Train: Epoch 198: train loss 0.0140
2022-01-19 23:23:03,894 root                INFO: Valid: Epoch 198: kendall tau 0.7949; loss 0.2209
2022-01-19 23:23:06,069 root                INFO: Train: Epoch 199: train loss 0.0143
2022-01-19 23:23:07,964 root                INFO: Valid: Epoch 199: kendall tau 0.7913; loss 0.2108
2022-01-19 23:23:10,111 root                INFO: Train: Epoch 200: train loss 0.0147
2022-01-19 23:23:11,974 root                INFO: Valid: Epoch 200: kendall tau 0.8145; loss 0.2045
2022-01-19 23:23:11,981 root                INFO: Epoch 200: Save checkpoint to nb1shot1_ablation_scale/true/0.1_0.5/12/2021/200.ckpt
2022-01-19 23:23:13,885 root                INFO: [0.2857142857142857, 0.5277777777777778, 0.625, 0.7115384615384616, 0.7956104252400549, 0.9135802469135802, 1.0]
2022-01-19 23:23:13,885 root                INFO: [1, 1]
