2022-01-20 15:53:15,739 root                INFO: GPU device = 4
2022-01-20 15:53:15,740 root                INFO: Load pkl cache from nasbench301_train.pkl and nasbench301_valid.pkl
2022-01-20 15:53:16,697 root                INFO: Config: {'arch_network_cfg': {'arch_embedder_cfg': {'take_adj_as_input': True, 'gcn_kwargs': {'residual_only': 2}, 'gcn_out_dims': [64, 64, 64, 64, 64], 'hidden_dim': 32, 'node_dim': 32, 'op_dim': 32, 'use_bn': False, 'final_concat': False, 'other_node_zero': False, 'num_time_steps': 4, 'fb_conversion_dims': [64, 64], 'backward_gcn_out_dims': [64, 64, 64, 64, 64], 'updateopemb_method': 'concat_ofb', 'updateopemb_dims': [64], 'share_skip_and_outskip': True, 'detach_vinfo': False, 'updateopemb_scale': 0.1, 'updateopemb_detach_opemb': True, 'updateopemb_detach_finfo': True, 'mask_nonparametrized_ops': True, 'symmetry_breaking_method': 'param_zs_add', 'concat_param_zs_as_opemb_dimension': 5, 'concat_param_zs_as_opemb_scale': 1.0}, 'arch_embedder_type': 'cellss-fbflow', 'compare_loss_type': 'margin_linear', 'compare_margin': 0.1, 'mlp_dropout': 0.1, 'mlp_hiddens': [200], 'optimizer': {'lr': 0.001, 'type': 'Adam'}, 'scheduler': None}, 'arch_network_type': 'pointwise_comparator', 'batch_size': 128, 'choose_pair_criterion': 'random', 'compare': True, 'compare_threshold': 0.0, 'epochs': 200, 'max_compare_ratio': 16.0}
2022-01-20 15:53:20,190 root                INFO: Combined args: Namespace(arch_network_type='pointwise_comparator', batch_size=128, cfg_file='cfgs/nb301_cfgs/gates_true_masktrue.yaml', choose_pair_criterion='random', compare=True, compare_threshold=0.0, epochs=200, eval_only_last=1, gpu=4, load=None, max_compare_ratio=16.0, num_workers=4, report_freq=200, save_every=200, save_predict=None, seed=202121, test_funcs=None, test_only=False, train_dir='nb301_ablation_mask/true/true_0.005/12/202121', train_pkl='../mynas/data/nasbench-301/nasbench301_train_mtx_12.pkl', train_ratio=0.005, valid_pkl='../mynas/data/nasbench-301/nasbench301_valid_mtx.pkl')
2022-01-20 15:53:20,199 root                INFO: Train dataset ratio: 0.005
2022-01-20 15:53:20,200 root                INFO: Number of architectures: train: 29; valid: 51072
2022-01-20 15:53:36,563 root                INFO: Train: Epoch   1: train loss 0.1005
2022-01-20 15:53:37,089 root                INFO: Train: Epoch   2: train loss 0.0998
2022-01-20 15:53:37,649 root                INFO: Train: Epoch   3: train loss 0.0986
2022-01-20 15:53:38,201 root                INFO: Train: Epoch   4: train loss 0.0964
2022-01-20 15:53:38,735 root                INFO: Train: Epoch   5: train loss 0.0947
2022-01-20 15:53:39,273 root                INFO: Train: Epoch   6: train loss 0.0918
2022-01-20 15:53:39,845 root                INFO: Train: Epoch   7: train loss 0.0870
2022-01-20 15:53:40,387 root                INFO: Train: Epoch   8: train loss 0.0808
2022-01-20 15:53:40,937 root                INFO: Train: Epoch   9: train loss 0.0742
2022-01-20 15:53:41,498 root                INFO: Train: Epoch  10: train loss 0.0654
2022-01-20 15:53:42,045 root                INFO: Train: Epoch  11: train loss 0.0577
2022-01-20 15:53:42,547 root                INFO: Train: Epoch  12: train loss 0.0505
2022-01-20 15:53:43,048 root                INFO: Train: Epoch  13: train loss 0.0447
2022-01-20 15:53:43,542 root                INFO: Train: Epoch  14: train loss 0.0386
2022-01-20 15:53:44,060 root                INFO: Train: Epoch  15: train loss 0.0363
2022-01-20 15:53:44,621 root                INFO: Train: Epoch  16: train loss 0.0329
2022-01-20 15:53:45,157 root                INFO: Train: Epoch  17: train loss 0.0326
2022-01-20 15:53:45,707 root                INFO: Train: Epoch  18: train loss 0.0268
2022-01-20 15:53:46,230 root                INFO: Train: Epoch  19: train loss 0.0286
2022-01-20 15:53:46,790 root                INFO: Train: Epoch  20: train loss 0.0268
2022-01-20 15:53:47,354 root                INFO: Train: Epoch  21: train loss 0.0231
2022-01-20 15:53:47,910 root                INFO: Train: Epoch  22: train loss 0.0227
2022-01-20 15:53:48,430 root                INFO: Train: Epoch  23: train loss 0.0198
2022-01-20 15:53:48,968 root                INFO: Train: Epoch  24: train loss 0.0184
2022-01-20 15:53:49,527 root                INFO: Train: Epoch  25: train loss 0.0169
2022-01-20 15:53:50,077 root                INFO: Train: Epoch  26: train loss 0.0170
2022-01-20 15:53:50,604 root                INFO: Train: Epoch  27: train loss 0.0149
2022-01-20 15:53:51,193 root                INFO: Train: Epoch  28: train loss 0.0133
2022-01-20 15:53:51,700 root                INFO: Train: Epoch  29: train loss 0.0145
2022-01-20 15:53:52,237 root                INFO: Train: Epoch  30: train loss 0.0116
2022-01-20 15:53:52,786 root                INFO: Train: Epoch  31: train loss 0.0125
2022-01-20 15:53:53,320 root                INFO: Train: Epoch  32: train loss 0.0137
2022-01-20 15:53:53,886 root                INFO: Train: Epoch  33: train loss 0.0105
2022-01-20 15:53:54,396 root                INFO: Train: Epoch  34: train loss 0.0119
2022-01-20 15:53:54,893 root                INFO: Train: Epoch  35: train loss 0.0110
2022-01-20 15:53:55,445 root                INFO: Train: Epoch  36: train loss 0.0084
2022-01-20 15:53:55,960 root                INFO: Train: Epoch  37: train loss 0.0085
2022-01-20 15:53:56,513 root                INFO: Train: Epoch  38: train loss 0.0079
2022-01-20 15:53:57,074 root                INFO: Train: Epoch  39: train loss 0.0084
2022-01-20 15:53:57,592 root                INFO: Train: Epoch  40: train loss 0.0084
2022-01-20 15:53:58,149 root                INFO: Train: Epoch  41: train loss 0.0063
2022-01-20 15:53:58,688 root                INFO: Train: Epoch  42: train loss 0.0071
2022-01-20 15:53:59,220 root                INFO: Train: Epoch  43: train loss 0.0070
2022-01-20 15:53:59,751 root                INFO: Train: Epoch  44: train loss 0.0043
2022-01-20 15:54:00,291 root                INFO: Train: Epoch  45: train loss 0.0074
2022-01-20 15:54:00,826 root                INFO: Train: Epoch  46: train loss 0.0069
2022-01-20 15:54:01,370 root                INFO: Train: Epoch  47: train loss 0.0049
2022-01-20 15:54:01,948 root                INFO: Train: Epoch  48: train loss 0.0048
2022-01-20 15:54:02,464 root                INFO: Train: Epoch  49: train loss 0.0049
2022-01-20 15:54:02,987 root                INFO: Train: Epoch  50: train loss 0.0047
2022-01-20 15:54:03,540 root                INFO: Train: Epoch  51: train loss 0.0042
2022-01-20 15:54:04,113 root                INFO: Train: Epoch  52: train loss 0.0049
2022-01-20 15:54:04,648 root                INFO: Train: Epoch  53: train loss 0.0055
2022-01-20 15:54:05,201 root                INFO: Train: Epoch  54: train loss 0.0029
2022-01-20 15:54:05,764 root                INFO: Train: Epoch  55: train loss 0.0027
2022-01-20 15:54:06,285 root                INFO: Train: Epoch  56: train loss 0.0031
2022-01-20 15:54:06,832 root                INFO: Train: Epoch  57: train loss 0.0029
2022-01-20 15:54:07,385 root                INFO: Train: Epoch  58: train loss 0.0026
2022-01-20 15:54:07,937 root                INFO: Train: Epoch  59: train loss 0.0026
2022-01-20 15:54:08,492 root                INFO: Train: Epoch  60: train loss 0.0029
2022-01-20 15:54:09,039 root                INFO: Train: Epoch  61: train loss 0.0027
2022-01-20 15:54:09,580 root                INFO: Train: Epoch  62: train loss 0.0015
2022-01-20 15:54:10,131 root                INFO: Train: Epoch  63: train loss 0.0016
2022-01-20 15:54:10,648 root                INFO: Train: Epoch  64: train loss 0.0027
2022-01-20 15:54:11,205 root                INFO: Train: Epoch  65: train loss 0.0044
2022-01-20 15:54:11,753 root                INFO: Train: Epoch  66: train loss 0.0014
2022-01-20 15:54:12,285 root                INFO: Train: Epoch  67: train loss 0.0020
2022-01-20 15:54:12,818 root                INFO: Train: Epoch  68: train loss 0.0040
2022-01-20 15:54:13,458 root                INFO: Train: Epoch  69: train loss 0.0013
2022-01-20 15:54:14,038 root                INFO: Train: Epoch  70: train loss 0.0026
2022-01-20 15:54:14,558 root                INFO: Train: Epoch  71: train loss 0.0038
2022-01-20 15:54:15,105 root                INFO: Train: Epoch  72: train loss 0.0022
2022-01-20 15:54:15,637 root                INFO: Train: Epoch  73: train loss 0.0029
2022-01-20 15:54:16,241 root                INFO: Train: Epoch  74: train loss 0.0041
2022-01-20 15:54:16,782 root                INFO: Train: Epoch  75: train loss 0.0023
2022-01-20 15:54:17,352 root                INFO: Train: Epoch  76: train loss 0.0020
2022-01-20 15:54:17,910 root                INFO: Train: Epoch  77: train loss 0.0015
2022-01-20 15:54:18,494 root                INFO: Train: Epoch  78: train loss 0.0039
2022-01-20 15:54:19,078 root                INFO: Train: Epoch  79: train loss 0.0025
2022-01-20 15:54:19,673 root                INFO: Train: Epoch  80: train loss 0.0021
2022-01-20 15:54:20,247 root                INFO: Train: Epoch  81: train loss 0.0027
2022-01-20 15:54:20,810 root                INFO: Train: Epoch  82: train loss 0.0027
2022-01-20 15:54:21,370 root                INFO: Train: Epoch  83: train loss 0.0019
2022-01-20 15:54:21,938 root                INFO: Train: Epoch  84: train loss 0.0011
2022-01-20 15:54:22,506 root                INFO: Train: Epoch  85: train loss 0.0018
2022-01-20 15:54:23,024 root                INFO: Train: Epoch  86: train loss 0.0027
2022-01-20 15:54:23,509 root                INFO: Train: Epoch  87: train loss 0.0016
2022-01-20 15:54:24,002 root                INFO: Train: Epoch  88: train loss 0.0023
2022-01-20 15:54:24,489 root                INFO: Train: Epoch  89: train loss 0.0017
2022-01-20 15:54:24,998 root                INFO: Train: Epoch  90: train loss 0.0010
2022-01-20 15:54:25,477 root                INFO: Train: Epoch  91: train loss 0.0008
2022-01-20 15:54:25,975 root                INFO: Train: Epoch  92: train loss 0.0018
2022-01-20 15:54:26,471 root                INFO: Train: Epoch  93: train loss 0.0024
2022-01-20 15:54:26,987 root                INFO: Train: Epoch  94: train loss 0.0010
2022-01-20 15:54:27,587 root                INFO: Train: Epoch  95: train loss 0.0023
2022-01-20 15:54:28,158 root                INFO: Train: Epoch  96: train loss 0.0011
2022-01-20 15:54:28,737 root                INFO: Train: Epoch  97: train loss 0.0016
2022-01-20 15:54:29,311 root                INFO: Train: Epoch  98: train loss 0.0018
2022-01-20 15:54:29,864 root                INFO: Train: Epoch  99: train loss 0.0027
2022-01-20 15:54:30,458 root                INFO: Train: Epoch 100: train loss 0.0023
2022-01-20 15:54:30,994 root                INFO: Train: Epoch 101: train loss 0.0015
2022-01-20 15:54:31,564 root                INFO: Train: Epoch 102: train loss 0.0015
2022-01-20 15:54:32,129 root                INFO: Train: Epoch 103: train loss 0.0011
2022-01-20 15:54:32,750 root                INFO: Train: Epoch 104: train loss 0.0014
2022-01-20 15:54:33,308 root                INFO: Train: Epoch 105: train loss 0.0018
2022-01-20 15:54:33,846 root                INFO: Train: Epoch 106: train loss 0.0012
2022-01-20 15:54:34,430 root                INFO: Train: Epoch 107: train loss 0.0026
2022-01-20 15:54:34,996 root                INFO: Train: Epoch 108: train loss 0.0017
2022-01-20 15:54:35,578 root                INFO: Train: Epoch 109: train loss 0.0006
2022-01-20 15:54:36,141 root                INFO: Train: Epoch 110: train loss 0.0016
2022-01-20 15:54:36,711 root                INFO: Train: Epoch 111: train loss 0.0018
2022-01-20 15:54:37,305 root                INFO: Train: Epoch 112: train loss 0.0004
2022-01-20 15:54:37,877 root                INFO: Train: Epoch 113: train loss 0.0018
2022-01-20 15:54:38,448 root                INFO: Train: Epoch 114: train loss 0.0013
2022-01-20 15:54:39,026 root                INFO: Train: Epoch 115: train loss 0.0007
2022-01-20 15:54:39,598 root                INFO: Train: Epoch 116: train loss 0.0009
2022-01-20 15:54:40,184 root                INFO: Train: Epoch 117: train loss 0.0010
2022-01-20 15:54:40,761 root                INFO: Train: Epoch 118: train loss 0.0013
2022-01-20 15:54:41,318 root                INFO: Train: Epoch 119: train loss 0.0023
2022-01-20 15:54:41,870 root                INFO: Train: Epoch 120: train loss 0.0020
2022-01-20 15:54:42,484 root                INFO: Train: Epoch 121: train loss 0.0016
2022-01-20 15:54:43,097 root                INFO: Train: Epoch 122: train loss 0.0020
2022-01-20 15:54:43,706 root                INFO: Train: Epoch 123: train loss 0.0014
2022-01-20 15:54:44,295 root                INFO: Train: Epoch 124: train loss 0.0021
2022-01-20 15:54:44,942 root                INFO: Train: Epoch 125: train loss 0.0010
2022-01-20 15:54:45,504 root                INFO: Train: Epoch 126: train loss 0.0011
2022-01-20 15:54:46,178 root                INFO: Train: Epoch 127: train loss 0.0016
2022-01-20 15:54:46,949 root                INFO: Train: Epoch 128: train loss 0.0017
2022-01-20 15:54:47,638 root                INFO: Train: Epoch 129: train loss 0.0018
2022-01-20 15:54:48,349 root                INFO: Train: Epoch 130: train loss 0.0012
2022-01-20 15:54:49,057 root                INFO: Train: Epoch 131: train loss 0.0027
2022-01-20 15:54:49,713 root                INFO: Train: Epoch 132: train loss 0.0007
2022-01-20 15:54:50,342 root                INFO: Train: Epoch 133: train loss 0.0034
2022-01-20 15:54:50,964 root                INFO: Train: Epoch 134: train loss 0.0019
2022-01-20 15:54:51,567 root                INFO: Train: Epoch 135: train loss 0.0010
2022-01-20 15:54:52,199 root                INFO: Train: Epoch 136: train loss 0.0016
2022-01-20 15:54:52,802 root                INFO: Train: Epoch 137: train loss 0.0015
2022-01-20 15:54:53,441 root                INFO: Train: Epoch 138: train loss 0.0010
2022-01-20 15:54:54,107 root                INFO: Train: Epoch 139: train loss 0.0011
2022-01-20 15:54:54,744 root                INFO: Train: Epoch 140: train loss 0.0018
2022-01-20 15:54:55,366 root                INFO: Train: Epoch 141: train loss 0.0019
2022-01-20 15:54:56,011 root                INFO: Train: Epoch 142: train loss 0.0005
2022-01-20 15:54:56,607 root                INFO: Train: Epoch 143: train loss 0.0011
2022-01-20 15:54:57,245 root                INFO: Train: Epoch 144: train loss 0.0019
2022-01-20 15:54:57,899 root                INFO: Train: Epoch 145: train loss 0.0013
2022-01-20 15:54:58,534 root                INFO: Train: Epoch 146: train loss 0.0025
2022-01-20 15:54:59,169 root                INFO: Train: Epoch 147: train loss 0.0015
2022-01-20 15:54:59,809 root                INFO: Train: Epoch 148: train loss 0.0019
2022-01-20 15:55:00,466 root                INFO: Train: Epoch 149: train loss 0.0014
2022-01-20 15:55:01,104 root                INFO: Train: Epoch 150: train loss 0.0013
2022-01-20 15:55:01,737 root                INFO: Train: Epoch 151: train loss 0.0009
2022-01-20 15:55:02,379 root                INFO: Train: Epoch 152: train loss 0.0005
2022-01-20 15:55:03,006 root                INFO: Train: Epoch 153: train loss 0.0006
2022-01-20 15:55:03,650 root                INFO: Train: Epoch 154: train loss 0.0011
2022-01-20 15:55:04,282 root                INFO: Train: Epoch 155: train loss 0.0012
2022-01-20 15:55:04,906 root                INFO: Train: Epoch 156: train loss 0.0019
2022-01-20 15:55:05,579 root                INFO: Train: Epoch 157: train loss 0.0014
2022-01-20 15:55:06,208 root                INFO: Train: Epoch 158: train loss 0.0015
2022-01-20 15:55:06,824 root                INFO: Train: Epoch 159: train loss 0.0011
2022-01-20 15:55:07,433 root                INFO: Train: Epoch 160: train loss 0.0007
2022-01-20 15:55:08,010 root                INFO: Train: Epoch 161: train loss 0.0016
2022-01-20 15:55:08,598 root                INFO: Train: Epoch 162: train loss 0.0019
2022-01-20 15:55:09,236 root                INFO: Train: Epoch 163: train loss 0.0014
2022-01-20 15:55:09,850 root                INFO: Train: Epoch 164: train loss 0.0019
2022-01-20 15:55:10,443 root                INFO: Train: Epoch 165: train loss 0.0019
2022-01-20 15:55:11,053 root                INFO: Train: Epoch 166: train loss 0.0023
2022-01-20 15:55:11,659 root                INFO: Train: Epoch 167: train loss 0.0005
2022-01-20 15:55:12,262 root                INFO: Train: Epoch 168: train loss 0.0031
2022-01-20 15:55:12,891 root                INFO: Train: Epoch 169: train loss 0.0020
2022-01-20 15:55:13,504 root                INFO: Train: Epoch 170: train loss 0.0016
2022-01-20 15:55:14,124 root                INFO: Train: Epoch 171: train loss 0.0014
2022-01-20 15:55:14,683 root                INFO: Train: Epoch 172: train loss 0.0011
2022-01-20 15:55:15,296 root                INFO: Train: Epoch 173: train loss 0.0012
2022-01-20 15:55:15,920 root                INFO: Train: Epoch 174: train loss 0.0016
2022-01-20 15:55:16,528 root                INFO: Train: Epoch 175: train loss 0.0006
2022-01-20 15:55:17,149 root                INFO: Train: Epoch 176: train loss 0.0012
2022-01-20 15:55:17,768 root                INFO: Train: Epoch 177: train loss 0.0014
2022-01-20 15:55:18,359 root                INFO: Train: Epoch 178: train loss 0.0009
2022-01-20 15:55:18,966 root                INFO: Train: Epoch 179: train loss 0.0005
2022-01-20 15:55:19,569 root                INFO: Train: Epoch 180: train loss 0.0014
2022-01-20 15:55:20,200 root                INFO: Train: Epoch 181: train loss 0.0014
2022-01-20 15:55:20,809 root                INFO: Train: Epoch 182: train loss 0.0010
2022-01-20 15:55:21,409 root                INFO: Train: Epoch 183: train loss 0.0036
2022-01-20 15:55:21,998 root                INFO: Train: Epoch 184: train loss 0.0005
2022-01-20 15:55:22,639 root                INFO: Train: Epoch 185: train loss 0.0010
2022-01-20 15:55:23,238 root                INFO: Train: Epoch 186: train loss 0.0008
2022-01-20 15:55:23,878 root                INFO: Train: Epoch 187: train loss 0.0008
2022-01-20 15:55:24,465 root                INFO: Train: Epoch 188: train loss 0.0014
2022-01-20 15:55:25,079 root                INFO: Train: Epoch 189: train loss 0.0007
2022-01-20 15:55:25,644 root                INFO: Train: Epoch 190: train loss 0.0004
2022-01-20 15:55:26,260 root                INFO: Train: Epoch 191: train loss 0.0003
2022-01-20 15:55:26,869 root                INFO: Train: Epoch 192: train loss 0.0005
2022-01-20 15:55:27,492 root                INFO: Train: Epoch 193: train loss 0.0006
2022-01-20 15:55:28,078 root                INFO: Train: Epoch 194: train loss 0.0010
2022-01-20 15:55:28,698 root                INFO: Train: Epoch 195: train loss 0.0008
2022-01-20 15:55:29,297 root                INFO: Train: Epoch 196: train loss 0.0010
2022-01-20 15:55:29,907 root                INFO: Train: Epoch 197: train loss 0.0009
2022-01-20 15:55:30,536 root                INFO: Train: Epoch 198: train loss 0.0008
2022-01-20 15:55:31,126 root                INFO: Train: Epoch 199: train loss 0.0006
2022-01-20 15:55:31,721 root                INFO: Train: Epoch 200: train loss 0.0004
2022-01-20 15:55:48,098 root                INFO: Valid: Epoch 200: kendall tau 0.5151; loss 0.2315
2022-01-20 15:55:48,104 root                INFO: Epoch 200: Save checkpoint to nb301_ablation_mask/true/true_0.005/12/202121/200.ckpt
2022-01-20 15:56:04,475 root                INFO: [0.0, 0.047058823529411764, 0.08431372549019608, 0.3975714845280063, 0.5756804386136675, 0.7609649122807017, 1.0]
2022-01-20 15:56:04,475 root                INFO: [1190, 838]
