2022-01-20 15:57:26,132 root                INFO: GPU device = 5
2022-01-20 15:57:26,132 root                INFO: Load pkl cache from nasbench301_train.pkl and nasbench301_valid.pkl
2022-01-20 15:57:26,990 root                INFO: Config: {'arch_network_cfg': {'arch_embedder_cfg': {'take_adj_as_input': True, 'gcn_kwargs': {'residual_only': 2}, 'gcn_out_dims': [64, 64, 64, 64, 64], 'hidden_dim': 32, 'node_dim': 32, 'op_dim': 32, 'use_bn': False, 'final_concat': False, 'other_node_zero': False, 'num_time_steps': 4, 'fb_conversion_dims': [64, 64], 'backward_gcn_out_dims': [64, 64, 64, 64, 64], 'updateopemb_method': 'concat_ofb', 'updateopemb_dims': [64], 'share_skip_and_outskip': True, 'detach_vinfo': False, 'updateopemb_scale': 0.1, 'updateopemb_detach_opemb': True, 'updateopemb_detach_finfo': True, 'mask_nonparametrized_ops': True, 'symmetry_breaking_method': 'param_zs_add', 'concat_param_zs_as_opemb_dimension': 5, 'concat_param_zs_as_opemb_scale': 1.0}, 'arch_embedder_type': 'cellss-fbflow', 'compare_loss_type': 'margin_linear', 'compare_margin': 0.1, 'mlp_dropout': 0.1, 'mlp_hiddens': [200], 'optimizer': {'lr': 0.001, 'type': 'Adam'}, 'scheduler': None}, 'arch_network_type': 'pointwise_comparator', 'batch_size': 128, 'choose_pair_criterion': 'random', 'compare': True, 'compare_threshold': 0.0, 'epochs': 200, 'max_compare_ratio': 16.0}
2022-01-20 15:57:30,279 root                INFO: Combined args: Namespace(arch_network_type='pointwise_comparator', batch_size=128, cfg_file='cfgs/nb301_cfgs/gates_true_masktrue.yaml', choose_pair_criterion='random', compare=True, compare_threshold=0.0, epochs=200, eval_only_last=1, gpu=5, load=None, max_compare_ratio=16.0, num_workers=4, report_freq=200, save_every=200, save_predict=None, seed=21, test_funcs=None, test_only=False, train_dir='nb301_ablation_mask/true/true_0.05/1/21', train_pkl='../mynas/data/nasbench-301/nasbench301_train_mtx_1.pkl', train_ratio=0.05, valid_pkl='../mynas/data/nasbench-301/nasbench301_valid_mtx.pkl')
2022-01-20 15:57:30,287 root                INFO: Train dataset ratio: 0.050
2022-01-20 15:57:30,288 root                INFO: Number of architectures: train: 294; valid: 51072
2022-01-20 15:57:46,448 root                INFO: Train: Epoch   1: train loss 0.0994
2022-01-20 15:57:47,610 root                INFO: Train: Epoch   2: train loss 0.0928
2022-01-20 15:57:48,852 root                INFO: Train: Epoch   3: train loss 0.0803
2022-01-20 15:57:50,095 root                INFO: Train: Epoch   4: train loss 0.0620
2022-01-20 15:57:51,267 root                INFO: Train: Epoch   5: train loss 0.0534
2022-01-20 15:57:52,513 root                INFO: Train: Epoch   6: train loss 0.0471
2022-01-20 15:57:53,645 root                INFO: Train: Epoch   7: train loss 0.0430
2022-01-20 15:57:54,885 root                INFO: Train: Epoch   8: train loss 0.0412
2022-01-20 15:57:56,081 root                INFO: Train: Epoch   9: train loss 0.0360
2022-01-20 15:57:57,240 root                INFO: Train: Epoch  10: train loss 0.0370
2022-01-20 15:57:58,461 root                INFO: Train: Epoch  11: train loss 0.0362
2022-01-20 15:57:59,641 root                INFO: Train: Epoch  12: train loss 0.0345
2022-01-20 15:58:00,854 root                INFO: Train: Epoch  13: train loss 0.0322
2022-01-20 15:58:02,084 root                INFO: Train: Epoch  14: train loss 0.0330
2022-01-20 15:58:03,260 root                INFO: Train: Epoch  15: train loss 0.0309
2022-01-20 15:58:04,472 root                INFO: Train: Epoch  16: train loss 0.0320
2022-01-20 15:58:05,659 root                INFO: Train: Epoch  17: train loss 0.0305
2022-01-20 15:58:06,847 root                INFO: Train: Epoch  18: train loss 0.0303
2022-01-20 15:58:08,041 root                INFO: Train: Epoch  19: train loss 0.0292
2022-01-20 15:58:09,239 root                INFO: Train: Epoch  20: train loss 0.0290
2022-01-20 15:58:10,460 root                INFO: Train: Epoch  21: train loss 0.0270
2022-01-20 15:58:11,669 root                INFO: Train: Epoch  22: train loss 0.0264
2022-01-20 15:58:12,863 root                INFO: Train: Epoch  23: train loss 0.0267
2022-01-20 15:58:14,050 root                INFO: Train: Epoch  24: train loss 0.0245
2022-01-20 15:58:15,231 root                INFO: Train: Epoch  25: train loss 0.0244
2022-01-20 15:58:16,454 root                INFO: Train: Epoch  26: train loss 0.0248
2022-01-20 15:58:17,694 root                INFO: Train: Epoch  27: train loss 0.0246
2022-01-20 15:58:18,862 root                INFO: Train: Epoch  28: train loss 0.0216
2022-01-20 15:58:20,043 root                INFO: Train: Epoch  29: train loss 0.0222
2022-01-20 15:58:21,221 root                INFO: Train: Epoch  30: train loss 0.0213
2022-01-20 15:58:22,417 root                INFO: Train: Epoch  31: train loss 0.0243
2022-01-20 15:58:23,644 root                INFO: Train: Epoch  32: train loss 0.0237
2022-01-20 15:58:24,784 root                INFO: Train: Epoch  33: train loss 0.0223
2022-01-20 15:58:26,003 root                INFO: Train: Epoch  34: train loss 0.0223
2022-01-20 15:58:27,200 root                INFO: Train: Epoch  35: train loss 0.0205
2022-01-20 15:58:28,372 root                INFO: Train: Epoch  36: train loss 0.0198
2022-01-20 15:58:29,578 root                INFO: Train: Epoch  37: train loss 0.0190
2022-01-20 15:58:30,844 root                INFO: Train: Epoch  38: train loss 0.0185
2022-01-20 15:58:32,241 root                INFO: Train: Epoch  39: train loss 0.0175
2022-01-20 15:58:33,604 root                INFO: Train: Epoch  40: train loss 0.0174
2022-01-20 15:58:34,972 root                INFO: Train: Epoch  41: train loss 0.0184
2022-01-20 15:58:36,301 root                INFO: Train: Epoch  42: train loss 0.0180
2022-01-20 15:58:37,652 root                INFO: Train: Epoch  43: train loss 0.0177
2022-01-20 15:58:39,048 root                INFO: Train: Epoch  44: train loss 0.0178
2022-01-20 15:58:40,424 root                INFO: Train: Epoch  45: train loss 0.0169
2022-01-20 15:58:41,820 root                INFO: Train: Epoch  46: train loss 0.0203
2022-01-20 15:58:43,173 root                INFO: Train: Epoch  47: train loss 0.0162
2022-01-20 15:58:44,519 root                INFO: Train: Epoch  48: train loss 0.0169
2022-01-20 15:58:45,900 root                INFO: Train: Epoch  49: train loss 0.0165
2022-01-20 15:58:47,250 root                INFO: Train: Epoch  50: train loss 0.0201
2022-01-20 15:58:48,597 root                INFO: Train: Epoch  51: train loss 0.0179
2022-01-20 15:58:50,010 root                INFO: Train: Epoch  52: train loss 0.0197
2022-01-20 15:58:51,402 root                INFO: Train: Epoch  53: train loss 0.0164
2022-01-20 15:58:52,765 root                INFO: Train: Epoch  54: train loss 0.0176
2022-01-20 15:58:54,093 root                INFO: Train: Epoch  55: train loss 0.0164
2022-01-20 15:58:55,443 root                INFO: Train: Epoch  56: train loss 0.0157
2022-01-20 15:58:56,779 root                INFO: Train: Epoch  57: train loss 0.0154
2022-01-20 15:58:58,143 root                INFO: Train: Epoch  58: train loss 0.0148
2022-01-20 15:58:59,526 root                INFO: Train: Epoch  59: train loss 0.0150
2022-01-20 15:59:00,875 root                INFO: Train: Epoch  60: train loss 0.0138
2022-01-20 15:59:02,226 root                INFO: Train: Epoch  61: train loss 0.0135
2022-01-20 15:59:03,526 root                INFO: Train: Epoch  62: train loss 0.0132
2022-01-20 15:59:04,848 root                INFO: Train: Epoch  63: train loss 0.0141
2022-01-20 15:59:06,120 root                INFO: Train: Epoch  64: train loss 0.0129
2022-01-20 15:59:07,367 root                INFO: Train: Epoch  65: train loss 0.0130
2022-01-20 15:59:08,649 root                INFO: Train: Epoch  66: train loss 0.0129
2022-01-20 15:59:09,930 root                INFO: Train: Epoch  67: train loss 0.0145
2022-01-20 15:59:11,212 root                INFO: Train: Epoch  68: train loss 0.0131
2022-01-20 15:59:12,551 root                INFO: Train: Epoch  69: train loss 0.0137
2022-01-20 15:59:13,845 root                INFO: Train: Epoch  70: train loss 0.0129
2022-01-20 15:59:15,139 root                INFO: Train: Epoch  71: train loss 0.0134
2022-01-20 15:59:16,422 root                INFO: Train: Epoch  72: train loss 0.0136
2022-01-20 15:59:17,685 root                INFO: Train: Epoch  73: train loss 0.0133
2022-01-20 15:59:18,969 root                INFO: Train: Epoch  74: train loss 0.0125
2022-01-20 15:59:20,255 root                INFO: Train: Epoch  75: train loss 0.0127
2022-01-20 15:59:21,564 root                INFO: Train: Epoch  76: train loss 0.0109
2022-01-20 15:59:22,915 root                INFO: Train: Epoch  77: train loss 0.0123
2022-01-20 15:59:24,211 root                INFO: Train: Epoch  78: train loss 0.0120
2022-01-20 15:59:25,505 root                INFO: Train: Epoch  79: train loss 0.0124
2022-01-20 15:59:26,782 root                INFO: Train: Epoch  80: train loss 0.0124
2022-01-20 15:59:28,045 root                INFO: Train: Epoch  81: train loss 0.0109
2022-01-20 15:59:29,322 root                INFO: Train: Epoch  82: train loss 0.0137
2022-01-20 15:59:30,609 root                INFO: Train: Epoch  83: train loss 0.0129
2022-01-20 15:59:31,900 root                INFO: Train: Epoch  84: train loss 0.0117
2022-01-20 15:59:33,235 root                INFO: Train: Epoch  85: train loss 0.0106
2022-01-20 15:59:34,492 root                INFO: Train: Epoch  86: train loss 0.0119
2022-01-20 15:59:35,784 root                INFO: Train: Epoch  87: train loss 0.0109
2022-01-20 15:59:37,086 root                INFO: Train: Epoch  88: train loss 0.0107
2022-01-20 15:59:38,394 root                INFO: Train: Epoch  89: train loss 0.0108
2022-01-20 15:59:39,667 root                INFO: Train: Epoch  90: train loss 0.0107
2022-01-20 15:59:40,935 root                INFO: Train: Epoch  91: train loss 0.0097
2022-01-20 15:59:42,178 root                INFO: Train: Epoch  92: train loss 0.0112
2022-01-20 15:59:43,409 root                INFO: Train: Epoch  93: train loss 0.0101
2022-01-20 15:59:44,642 root                INFO: Train: Epoch  94: train loss 0.0098
2022-01-20 15:59:45,879 root                INFO: Train: Epoch  95: train loss 0.0098
2022-01-20 15:59:47,109 root                INFO: Train: Epoch  96: train loss 0.0110
2022-01-20 15:59:48,345 root                INFO: Train: Epoch  97: train loss 0.0112
2022-01-20 15:59:49,585 root                INFO: Train: Epoch  98: train loss 0.0098
2022-01-20 15:59:50,820 root                INFO: Train: Epoch  99: train loss 0.0103
2022-01-20 15:59:52,065 root                INFO: Train: Epoch 100: train loss 0.0092
2022-01-20 15:59:53,328 root                INFO: Train: Epoch 101: train loss 0.0095
2022-01-20 15:59:54,587 root                INFO: Train: Epoch 102: train loss 0.0100
2022-01-20 15:59:55,821 root                INFO: Train: Epoch 103: train loss 0.0094
2022-01-20 15:59:57,086 root                INFO: Train: Epoch 104: train loss 0.0090
2022-01-20 15:59:58,366 root                INFO: Train: Epoch 105: train loss 0.0086
2022-01-20 15:59:59,648 root                INFO: Train: Epoch 106: train loss 0.0091
2022-01-20 16:00:00,937 root                INFO: Train: Epoch 107: train loss 0.0100
2022-01-20 16:00:02,295 root                INFO: Train: Epoch 108: train loss 0.0084
2022-01-20 16:00:03,564 root                INFO: Train: Epoch 109: train loss 0.0097
2022-01-20 16:00:04,815 root                INFO: Train: Epoch 110: train loss 0.0090
2022-01-20 16:00:06,099 root                INFO: Train: Epoch 111: train loss 0.0088
2022-01-20 16:00:07,379 root                INFO: Train: Epoch 112: train loss 0.0085
2022-01-20 16:00:08,669 root                INFO: Train: Epoch 113: train loss 0.0074
2022-01-20 16:00:09,938 root                INFO: Train: Epoch 114: train loss 0.0085
2022-01-20 16:00:11,199 root                INFO: Train: Epoch 115: train loss 0.0089
2022-01-20 16:00:12,477 root                INFO: Train: Epoch 116: train loss 0.0093
2022-01-20 16:00:13,739 root                INFO: Train: Epoch 117: train loss 0.0099
2022-01-20 16:00:15,016 root                INFO: Train: Epoch 118: train loss 0.0085
2022-01-20 16:00:16,296 root                INFO: Train: Epoch 119: train loss 0.0082
2022-01-20 16:00:17,596 root                INFO: Train: Epoch 120: train loss 0.0085
2022-01-20 16:00:18,866 root                INFO: Train: Epoch 121: train loss 0.0091
2022-01-20 16:00:20,137 root                INFO: Train: Epoch 122: train loss 0.0092
2022-01-20 16:00:21,418 root                INFO: Train: Epoch 123: train loss 0.0104
2022-01-20 16:00:22,728 root                INFO: Train: Epoch 124: train loss 0.0095
2022-01-20 16:00:23,994 root                INFO: Train: Epoch 125: train loss 0.0093
2022-01-20 16:00:25,264 root                INFO: Train: Epoch 126: train loss 0.0085
2022-01-20 16:00:26,532 root                INFO: Train: Epoch 127: train loss 0.0080
2022-01-20 16:00:27,837 root                INFO: Train: Epoch 128: train loss 0.0085
2022-01-20 16:00:29,153 root                INFO: Train: Epoch 129: train loss 0.0086
2022-01-20 16:00:30,433 root                INFO: Train: Epoch 130: train loss 0.0073
2022-01-20 16:00:31,707 root                INFO: Train: Epoch 131: train loss 0.0072
2022-01-20 16:00:32,968 root                INFO: Train: Epoch 132: train loss 0.0078
2022-01-20 16:00:34,235 root                INFO: Train: Epoch 133: train loss 0.0081
2022-01-20 16:00:35,536 root                INFO: Train: Epoch 134: train loss 0.0073
2022-01-20 16:00:36,844 root                INFO: Train: Epoch 135: train loss 0.0076
2022-01-20 16:00:38,143 root                INFO: Train: Epoch 136: train loss 0.0083
2022-01-20 16:00:39,428 root                INFO: Train: Epoch 137: train loss 0.0071
2022-01-20 16:00:40,738 root                INFO: Train: Epoch 138: train loss 0.0084
2022-01-20 16:00:42,072 root                INFO: Train: Epoch 139: train loss 0.0084
2022-01-20 16:00:43,363 root                INFO: Train: Epoch 140: train loss 0.0082
2022-01-20 16:00:44,661 root                INFO: Train: Epoch 141: train loss 0.0083
2022-01-20 16:00:46,006 root                INFO: Train: Epoch 142: train loss 0.0075
2022-01-20 16:00:47,397 root                INFO: Train: Epoch 143: train loss 0.0078
2022-01-20 16:00:48,742 root                INFO: Train: Epoch 144: train loss 0.0086
2022-01-20 16:00:50,067 root                INFO: Train: Epoch 145: train loss 0.0089
2022-01-20 16:00:51,420 root                INFO: Train: Epoch 146: train loss 0.0077
2022-01-20 16:00:52,721 root                INFO: Train: Epoch 147: train loss 0.0075
2022-01-20 16:00:54,079 root                INFO: Train: Epoch 148: train loss 0.0079
2022-01-20 16:00:55,373 root                INFO: Train: Epoch 149: train loss 0.0075
2022-01-20 16:00:56,657 root                INFO: Train: Epoch 150: train loss 0.0072
2022-01-20 16:00:57,938 root                INFO: Train: Epoch 151: train loss 0.0082
2022-01-20 16:00:59,231 root                INFO: Train: Epoch 152: train loss 0.0072
2022-01-20 16:01:00,540 root                INFO: Train: Epoch 153: train loss 0.0071
2022-01-20 16:01:01,839 root                INFO: Train: Epoch 154: train loss 0.0074
2022-01-20 16:01:03,107 root                INFO: Train: Epoch 155: train loss 0.0080
2022-01-20 16:01:04,378 root                INFO: Train: Epoch 156: train loss 0.0066
2022-01-20 16:01:05,632 root                INFO: Train: Epoch 157: train loss 0.0077
2022-01-20 16:01:06,894 root                INFO: Train: Epoch 158: train loss 0.0056
2022-01-20 16:01:08,229 root                INFO: Train: Epoch 159: train loss 0.0066
2022-01-20 16:01:09,551 root                INFO: Train: Epoch 160: train loss 0.0083
2022-01-20 16:01:10,846 root                INFO: Train: Epoch 161: train loss 0.0068
2022-01-20 16:01:12,117 root                INFO: Train: Epoch 162: train loss 0.0073
2022-01-20 16:01:13,417 root                INFO: Train: Epoch 163: train loss 0.0090
2022-01-20 16:01:14,742 root                INFO: Train: Epoch 164: train loss 0.0082
2022-01-20 16:01:16,060 root                INFO: Train: Epoch 165: train loss 0.0085
2022-01-20 16:01:17,359 root                INFO: Train: Epoch 166: train loss 0.0093
2022-01-20 16:01:18,698 root                INFO: Train: Epoch 167: train loss 0.0065
2022-01-20 16:01:20,002 root                INFO: Train: Epoch 168: train loss 0.0067
2022-01-20 16:01:21,293 root                INFO: Train: Epoch 169: train loss 0.0066
2022-01-20 16:01:22,587 root                INFO: Train: Epoch 170: train loss 0.0067
2022-01-20 16:01:23,897 root                INFO: Train: Epoch 171: train loss 0.0057
2022-01-20 16:01:25,212 root                INFO: Train: Epoch 172: train loss 0.0059
2022-01-20 16:01:26,529 root                INFO: Train: Epoch 173: train loss 0.0060
2022-01-20 16:01:27,802 root                INFO: Train: Epoch 174: train loss 0.0060
2022-01-20 16:01:29,152 root                INFO: Train: Epoch 175: train loss 0.0060
2022-01-20 16:01:30,553 root                INFO: Train: Epoch 176: train loss 0.0058
2022-01-20 16:01:31,850 root                INFO: Train: Epoch 177: train loss 0.0070
2022-01-20 16:01:33,127 root                INFO: Train: Epoch 178: train loss 0.0063
2022-01-20 16:01:34,383 root                INFO: Train: Epoch 179: train loss 0.0055
2022-01-20 16:01:35,673 root                INFO: Train: Epoch 180: train loss 0.0065
2022-01-20 16:01:37,044 root                INFO: Train: Epoch 181: train loss 0.0062
2022-01-20 16:01:38,502 root                INFO: Train: Epoch 182: train loss 0.0071
2022-01-20 16:01:39,830 root                INFO: Train: Epoch 183: train loss 0.0058
2022-01-20 16:01:41,097 root                INFO: Train: Epoch 184: train loss 0.0062
2022-01-20 16:01:42,369 root                INFO: Train: Epoch 185: train loss 0.0068
2022-01-20 16:01:43,641 root                INFO: Train: Epoch 186: train loss 0.0061
2022-01-20 16:01:44,958 root                INFO: Train: Epoch 187: train loss 0.0077
2022-01-20 16:01:46,286 root                INFO: Train: Epoch 188: train loss 0.0063
2022-01-20 16:01:47,654 root                INFO: Train: Epoch 189: train loss 0.0063
2022-01-20 16:01:48,943 root                INFO: Train: Epoch 190: train loss 0.0060
2022-01-20 16:01:50,230 root                INFO: Train: Epoch 191: train loss 0.0070
2022-01-20 16:01:51,501 root                INFO: Train: Epoch 192: train loss 0.0070
2022-01-20 16:01:52,774 root                INFO: Train: Epoch 193: train loss 0.0073
2022-01-20 16:01:54,087 root                INFO: Train: Epoch 194: train loss 0.0071
2022-01-20 16:01:55,410 root                INFO: Train: Epoch 195: train loss 0.0070
2022-01-20 16:01:56,758 root                INFO: Train: Epoch 196: train loss 0.0058
2022-01-20 16:01:58,063 root                INFO: Train: Epoch 197: train loss 0.0061
2022-01-20 16:01:59,387 root                INFO: Train: Epoch 198: train loss 0.0061
2022-01-20 16:02:00,696 root                INFO: Train: Epoch 199: train loss 0.0064
2022-01-20 16:02:02,001 root                INFO: Train: Epoch 200: train loss 0.0067
2022-01-20 16:02:18,860 root                INFO: Valid: Epoch 200: kendall tau 0.7113; loss 0.2241
2022-01-20 16:02:18,866 root                INFO: Epoch 200: Save checkpoint to nb301_ablation_mask/true/true_0.05/1/21/200.ckpt
2022-01-20 16:02:35,542 root                INFO: [0.0392156862745098, 0.1568627450980392, 0.24705882352941178, 0.6345475910693302, 0.7736440180144899, 0.8540100250626567, 1.0]
2022-01-20 16:02:35,543 root                INFO: [205, 205]
