2022-01-20 15:57:17,860 root                INFO: GPU device = 6
2022-01-20 15:57:17,860 root                INFO: Load pkl cache from nasbench301_train.pkl and nasbench301_valid.pkl
2022-01-20 15:57:18,757 root                INFO: Config: {'arch_network_cfg': {'arch_embedder_cfg': {'take_adj_as_input': True, 'gcn_kwargs': {'residual_only': 2}, 'gcn_out_dims': [64, 64, 64, 64, 64], 'hidden_dim': 32, 'node_dim': 32, 'op_dim': 32, 'use_bn': False, 'final_concat': False, 'other_node_zero': False, 'num_time_steps': 4, 'fb_conversion_dims': [64, 64], 'backward_gcn_out_dims': [64, 64, 64, 64, 64], 'updateopemb_method': 'concat_ofb', 'updateopemb_dims': [64], 'share_skip_and_outskip': True, 'detach_vinfo': False, 'updateopemb_scale': 0.1, 'updateopemb_detach_opemb': True, 'updateopemb_detach_finfo': True, 'mask_nonparametrized_ops': True, 'symmetry_breaking_method': 'param_zs_add', 'concat_param_zs_as_opemb_dimension': 5, 'concat_param_zs_as_opemb_scale': 1.0}, 'arch_embedder_type': 'cellss-fbflow', 'compare_loss_type': 'margin_linear', 'compare_margin': 0.1, 'mlp_dropout': 0.1, 'mlp_hiddens': [200], 'optimizer': {'lr': 0.001, 'type': 'Adam'}, 'scheduler': None}, 'arch_network_type': 'pointwise_comparator', 'batch_size': 128, 'choose_pair_criterion': 'random', 'compare': True, 'compare_threshold': 0.0, 'epochs': 200, 'max_compare_ratio': 16.0}
2022-01-20 15:57:21,890 root                INFO: Combined args: Namespace(arch_network_type='pointwise_comparator', batch_size=128, cfg_file='cfgs/nb301_cfgs/gates_true_masktrue.yaml', choose_pair_criterion='random', compare=True, compare_threshold=0.0, epochs=200, eval_only_last=1, gpu=6, load=None, max_compare_ratio=16.0, num_workers=4, report_freq=200, save_every=200, save_predict=None, seed=202121, test_funcs=None, test_only=False, train_dir='nb301_ablation_mask/true/true_0.01/123/202121', train_pkl='../mynas/data/nasbench-301/nasbench301_train_mtx_123.pkl', train_ratio=0.01, valid_pkl='../mynas/data/nasbench-301/nasbench301_valid_mtx.pkl')
2022-01-20 15:57:21,904 root                INFO: Train dataset ratio: 0.010
2022-01-20 15:57:21,905 root                INFO: Number of architectures: train: 58; valid: 51072
2022-01-20 15:57:37,397 root                INFO: Train: Epoch   1: train loss 0.1003
2022-01-20 15:57:37,997 root                INFO: Train: Epoch   2: train loss 0.0986
2022-01-20 15:57:38,628 root                INFO: Train: Epoch   3: train loss 0.0973
2022-01-20 15:57:39,253 root                INFO: Train: Epoch   4: train loss 0.0965
2022-01-20 15:57:39,832 root                INFO: Train: Epoch   5: train loss 0.0932
2022-01-20 15:57:40,424 root                INFO: Train: Epoch   6: train loss 0.0895
2022-01-20 15:57:41,019 root                INFO: Train: Epoch   7: train loss 0.0838
2022-01-20 15:57:41,610 root                INFO: Train: Epoch   8: train loss 0.0783
2022-01-20 15:57:42,168 root                INFO: Train: Epoch   9: train loss 0.0694
2022-01-20 15:57:42,777 root                INFO: Train: Epoch  10: train loss 0.0614
2022-01-20 15:57:43,387 root                INFO: Train: Epoch  11: train loss 0.0579
2022-01-20 15:57:43,988 root                INFO: Train: Epoch  12: train loss 0.0521
2022-01-20 15:57:44,596 root                INFO: Train: Epoch  13: train loss 0.0511
2022-01-20 15:57:45,229 root                INFO: Train: Epoch  14: train loss 0.0484
2022-01-20 15:57:45,896 root                INFO: Train: Epoch  15: train loss 0.0479
2022-01-20 15:57:46,508 root                INFO: Train: Epoch  16: train loss 0.0410
2022-01-20 15:57:47,097 root                INFO: Train: Epoch  17: train loss 0.0366
2022-01-20 15:57:47,719 root                INFO: Train: Epoch  18: train loss 0.0364
2022-01-20 15:57:48,389 root                INFO: Train: Epoch  19: train loss 0.0304
2022-01-20 15:57:49,255 root                INFO: Train: Epoch  20: train loss 0.0277
2022-01-20 15:57:50,030 root                INFO: Train: Epoch  21: train loss 0.0299
2022-01-20 15:57:50,793 root                INFO: Train: Epoch  22: train loss 0.0297
2022-01-20 15:57:51,563 root                INFO: Train: Epoch  23: train loss 0.0273
2022-01-20 15:57:52,323 root                INFO: Train: Epoch  24: train loss 0.0231
2022-01-20 15:57:52,985 root                INFO: Train: Epoch  25: train loss 0.0223
2022-01-20 15:57:53,609 root                INFO: Train: Epoch  26: train loss 0.0213
2022-01-20 15:57:54,290 root                INFO: Train: Epoch  27: train loss 0.0194
2022-01-20 15:57:54,924 root                INFO: Train: Epoch  28: train loss 0.0179
2022-01-20 15:57:55,552 root                INFO: Train: Epoch  29: train loss 0.0177
2022-01-20 15:57:56,171 root                INFO: Train: Epoch  30: train loss 0.0191
2022-01-20 15:57:56,803 root                INFO: Train: Epoch  31: train loss 0.0191
2022-01-20 15:57:57,479 root                INFO: Train: Epoch  32: train loss 0.0165
2022-01-20 15:57:58,091 root                INFO: Train: Epoch  33: train loss 0.0144
2022-01-20 15:57:58,729 root                INFO: Train: Epoch  34: train loss 0.0151
2022-01-20 15:57:59,365 root                INFO: Train: Epoch  35: train loss 0.0135
2022-01-20 15:58:00,014 root                INFO: Train: Epoch  36: train loss 0.0148
2022-01-20 15:58:00,618 root                INFO: Train: Epoch  37: train loss 0.0166
2022-01-20 15:58:01,298 root                INFO: Train: Epoch  38: train loss 0.0130
2022-01-20 15:58:01,914 root                INFO: Train: Epoch  39: train loss 0.0136
2022-01-20 15:58:02,558 root                INFO: Train: Epoch  40: train loss 0.0119
2022-01-20 15:58:03,215 root                INFO: Train: Epoch  41: train loss 0.0118
2022-01-20 15:58:03,851 root                INFO: Train: Epoch  42: train loss 0.0126
2022-01-20 15:58:04,476 root                INFO: Train: Epoch  43: train loss 0.0101
2022-01-20 15:58:05,102 root                INFO: Train: Epoch  44: train loss 0.0125
2022-01-20 15:58:05,744 root                INFO: Train: Epoch  45: train loss 0.0100
2022-01-20 15:58:06,375 root                INFO: Train: Epoch  46: train loss 0.0109
2022-01-20 15:58:07,000 root                INFO: Train: Epoch  47: train loss 0.0092
2022-01-20 15:58:07,636 root                INFO: Train: Epoch  48: train loss 0.0115
2022-01-20 15:58:08,280 root                INFO: Train: Epoch  49: train loss 0.0085
2022-01-20 15:58:08,844 root                INFO: Train: Epoch  50: train loss 0.0095
2022-01-20 15:58:09,482 root                INFO: Train: Epoch  51: train loss 0.0100
2022-01-20 15:58:10,115 root                INFO: Train: Epoch  52: train loss 0.0088
2022-01-20 15:58:10,728 root                INFO: Train: Epoch  53: train loss 0.0075
2022-01-20 15:58:11,373 root                INFO: Train: Epoch  54: train loss 0.0082
2022-01-20 15:58:12,020 root                INFO: Train: Epoch  55: train loss 0.0078
2022-01-20 15:58:12,631 root                INFO: Train: Epoch  56: train loss 0.0068
2022-01-20 15:58:13,248 root                INFO: Train: Epoch  57: train loss 0.0094
2022-01-20 15:58:13,869 root                INFO: Train: Epoch  58: train loss 0.0064
2022-01-20 15:58:14,523 root                INFO: Train: Epoch  59: train loss 0.0074
2022-01-20 15:58:15,138 root                INFO: Train: Epoch  60: train loss 0.0073
2022-01-20 15:58:15,798 root                INFO: Train: Epoch  61: train loss 0.0070
2022-01-20 15:58:16,424 root                INFO: Train: Epoch  62: train loss 0.0075
2022-01-20 15:58:17,074 root                INFO: Train: Epoch  63: train loss 0.0068
2022-01-20 15:58:17,705 root                INFO: Train: Epoch  64: train loss 0.0063
2022-01-20 15:58:18,340 root                INFO: Train: Epoch  65: train loss 0.0069
2022-01-20 15:58:18,948 root                INFO: Train: Epoch  66: train loss 0.0057
2022-01-20 15:58:19,554 root                INFO: Train: Epoch  67: train loss 0.0057
2022-01-20 15:58:20,176 root                INFO: Train: Epoch  68: train loss 0.0065
2022-01-20 15:58:20,793 root                INFO: Train: Epoch  69: train loss 0.0048
2022-01-20 15:58:21,404 root                INFO: Train: Epoch  70: train loss 0.0052
2022-01-20 15:58:22,049 root                INFO: Train: Epoch  71: train loss 0.0061
2022-01-20 15:58:22,689 root                INFO: Train: Epoch  72: train loss 0.0048
2022-01-20 15:58:23,273 root                INFO: Train: Epoch  73: train loss 0.0047
2022-01-20 15:58:23,921 root                INFO: Train: Epoch  74: train loss 0.0060
2022-01-20 15:58:24,548 root                INFO: Train: Epoch  75: train loss 0.0059
2022-01-20 15:58:25,166 root                INFO: Train: Epoch  76: train loss 0.0050
2022-01-20 15:58:25,766 root                INFO: Train: Epoch  77: train loss 0.0056
2022-01-20 15:58:26,398 root                INFO: Train: Epoch  78: train loss 0.0059
2022-01-20 15:58:27,000 root                INFO: Train: Epoch  79: train loss 0.0051
2022-01-20 15:58:27,656 root                INFO: Train: Epoch  80: train loss 0.0049
2022-01-20 15:58:28,267 root                INFO: Train: Epoch  81: train loss 0.0048
2022-01-20 15:58:28,906 root                INFO: Train: Epoch  82: train loss 0.0052
2022-01-20 15:58:29,501 root                INFO: Train: Epoch  83: train loss 0.0054
2022-01-20 15:58:30,136 root                INFO: Train: Epoch  84: train loss 0.0043
2022-01-20 15:58:30,783 root                INFO: Train: Epoch  85: train loss 0.0036
2022-01-20 15:58:31,435 root                INFO: Train: Epoch  86: train loss 0.0044
2022-01-20 15:58:32,053 root                INFO: Train: Epoch  87: train loss 0.0050
2022-01-20 15:58:32,757 root                INFO: Train: Epoch  88: train loss 0.0038
2022-01-20 15:58:33,356 root                INFO: Train: Epoch  89: train loss 0.0025
2022-01-20 15:58:34,033 root                INFO: Train: Epoch  90: train loss 0.0035
2022-01-20 15:58:34,646 root                INFO: Train: Epoch  91: train loss 0.0037
2022-01-20 15:58:35,295 root                INFO: Train: Epoch  92: train loss 0.0052
2022-01-20 15:58:35,906 root                INFO: Train: Epoch  93: train loss 0.0036
2022-01-20 15:58:36,576 root                INFO: Train: Epoch  94: train loss 0.0033
2022-01-20 15:58:37,213 root                INFO: Train: Epoch  95: train loss 0.0059
2022-01-20 15:58:37,850 root                INFO: Train: Epoch  96: train loss 0.0043
2022-01-20 15:58:38,477 root                INFO: Train: Epoch  97: train loss 0.0042
2022-01-20 15:58:39,108 root                INFO: Train: Epoch  98: train loss 0.0050
2022-01-20 15:58:39,764 root                INFO: Train: Epoch  99: train loss 0.0055
2022-01-20 15:58:40,419 root                INFO: Train: Epoch 100: train loss 0.0035
2022-01-20 15:58:41,071 root                INFO: Train: Epoch 101: train loss 0.0055
2022-01-20 15:58:41,715 root                INFO: Train: Epoch 102: train loss 0.0046
2022-01-20 15:58:42,353 root                INFO: Train: Epoch 103: train loss 0.0035
2022-01-20 15:58:42,965 root                INFO: Train: Epoch 104: train loss 0.0040
2022-01-20 15:58:43,630 root                INFO: Train: Epoch 105: train loss 0.0051
2022-01-20 15:58:44,268 root                INFO: Train: Epoch 106: train loss 0.0032
2022-01-20 15:58:44,950 root                INFO: Train: Epoch 107: train loss 0.0033
2022-01-20 15:58:45,572 root                INFO: Train: Epoch 108: train loss 0.0032
2022-01-20 15:58:46,237 root                INFO: Train: Epoch 109: train loss 0.0055
2022-01-20 15:58:46,873 root                INFO: Train: Epoch 110: train loss 0.0032
2022-01-20 15:58:47,521 root                INFO: Train: Epoch 111: train loss 0.0038
2022-01-20 15:58:48,162 root                INFO: Train: Epoch 112: train loss 0.0045
2022-01-20 15:58:48,795 root                INFO: Train: Epoch 113: train loss 0.0041
2022-01-20 15:58:49,439 root                INFO: Train: Epoch 114: train loss 0.0048
2022-01-20 15:58:50,066 root                INFO: Train: Epoch 115: train loss 0.0030
2022-01-20 15:58:50,745 root                INFO: Train: Epoch 116: train loss 0.0040
2022-01-20 15:58:51,422 root                INFO: Train: Epoch 117: train loss 0.0045
2022-01-20 15:58:52,040 root                INFO: Train: Epoch 118: train loss 0.0028
2022-01-20 15:58:52,681 root                INFO: Train: Epoch 119: train loss 0.0039
2022-01-20 15:58:53,333 root                INFO: Train: Epoch 120: train loss 0.0030
2022-01-20 15:58:53,952 root                INFO: Train: Epoch 121: train loss 0.0032
2022-01-20 15:58:54,622 root                INFO: Train: Epoch 122: train loss 0.0033
2022-01-20 15:58:55,207 root                INFO: Train: Epoch 123: train loss 0.0036
2022-01-20 15:58:55,879 root                INFO: Train: Epoch 124: train loss 0.0026
2022-01-20 15:58:56,498 root                INFO: Train: Epoch 125: train loss 0.0041
2022-01-20 15:58:57,135 root                INFO: Train: Epoch 126: train loss 0.0031
2022-01-20 15:58:57,783 root                INFO: Train: Epoch 127: train loss 0.0025
2022-01-20 15:58:58,450 root                INFO: Train: Epoch 128: train loss 0.0021
2022-01-20 15:58:59,123 root                INFO: Train: Epoch 129: train loss 0.0026
2022-01-20 15:58:59,759 root                INFO: Train: Epoch 130: train loss 0.0034
2022-01-20 15:59:00,379 root                INFO: Train: Epoch 131: train loss 0.0027
2022-01-20 15:59:00,958 root                INFO: Train: Epoch 132: train loss 0.0020
2022-01-20 15:59:01,562 root                INFO: Train: Epoch 133: train loss 0.0030
2022-01-20 15:59:02,188 root                INFO: Train: Epoch 134: train loss 0.0028
2022-01-20 15:59:02,786 root                INFO: Train: Epoch 135: train loss 0.0033
2022-01-20 15:59:03,306 root                INFO: Train: Epoch 136: train loss 0.0038
2022-01-20 15:59:03,937 root                INFO: Train: Epoch 137: train loss 0.0034
2022-01-20 15:59:04,527 root                INFO: Train: Epoch 138: train loss 0.0027
2022-01-20 15:59:05,125 root                INFO: Train: Epoch 139: train loss 0.0027
2022-01-20 15:59:05,713 root                INFO: Train: Epoch 140: train loss 0.0034
2022-01-20 15:59:06,302 root                INFO: Train: Epoch 141: train loss 0.0039
2022-01-20 15:59:06,891 root                INFO: Train: Epoch 142: train loss 0.0047
2022-01-20 15:59:07,430 root                INFO: Train: Epoch 143: train loss 0.0030
2022-01-20 15:59:08,020 root                INFO: Train: Epoch 144: train loss 0.0017
2022-01-20 15:59:08,553 root                INFO: Train: Epoch 145: train loss 0.0028
2022-01-20 15:59:09,162 root                INFO: Train: Epoch 146: train loss 0.0039
2022-01-20 15:59:09,748 root                INFO: Train: Epoch 147: train loss 0.0036
2022-01-20 15:59:10,361 root                INFO: Train: Epoch 148: train loss 0.0029
2022-01-20 15:59:10,889 root                INFO: Train: Epoch 149: train loss 0.0025
2022-01-20 15:59:11,467 root                INFO: Train: Epoch 150: train loss 0.0024
2022-01-20 15:59:12,027 root                INFO: Train: Epoch 151: train loss 0.0028
2022-01-20 15:59:12,578 root                INFO: Train: Epoch 152: train loss 0.0022
2022-01-20 15:59:13,163 root                INFO: Train: Epoch 153: train loss 0.0027
2022-01-20 15:59:13,672 root                INFO: Train: Epoch 154: train loss 0.0030
2022-01-20 15:59:14,275 root                INFO: Train: Epoch 155: train loss 0.0028
2022-01-20 15:59:14,812 root                INFO: Train: Epoch 156: train loss 0.0018
2022-01-20 15:59:15,410 root                INFO: Train: Epoch 157: train loss 0.0024
2022-01-20 15:59:15,985 root                INFO: Train: Epoch 158: train loss 0.0027
2022-01-20 15:59:16,581 root                INFO: Train: Epoch 159: train loss 0.0036
2022-01-20 15:59:17,148 root                INFO: Train: Epoch 160: train loss 0.0024
2022-01-20 15:59:17,684 root                INFO: Train: Epoch 161: train loss 0.0031
2022-01-20 15:59:18,273 root                INFO: Train: Epoch 162: train loss 0.0020
2022-01-20 15:59:18,776 root                INFO: Train: Epoch 163: train loss 0.0024
2022-01-20 15:59:19,390 root                INFO: Train: Epoch 164: train loss 0.0018
2022-01-20 15:59:19,929 root                INFO: Train: Epoch 165: train loss 0.0021
2022-01-20 15:59:20,520 root                INFO: Train: Epoch 166: train loss 0.0028
2022-01-20 15:59:21,098 root                INFO: Train: Epoch 167: train loss 0.0029
2022-01-20 15:59:21,676 root                INFO: Train: Epoch 168: train loss 0.0036
2022-01-20 15:59:22,268 root                INFO: Train: Epoch 169: train loss 0.0019
2022-01-20 15:59:22,794 root                INFO: Train: Epoch 170: train loss 0.0036
2022-01-20 15:59:23,411 root                INFO: Train: Epoch 171: train loss 0.0027
2022-01-20 15:59:23,946 root                INFO: Train: Epoch 172: train loss 0.0029
2022-01-20 15:59:24,554 root                INFO: Train: Epoch 173: train loss 0.0029
2022-01-20 15:59:25,106 root                INFO: Train: Epoch 174: train loss 0.0023
2022-01-20 15:59:25,713 root                INFO: Train: Epoch 175: train loss 0.0025
2022-01-20 15:59:26,296 root                INFO: Train: Epoch 176: train loss 0.0023
2022-01-20 15:59:26,859 root                INFO: Train: Epoch 177: train loss 0.0029
2022-01-20 15:59:27,450 root                INFO: Train: Epoch 178: train loss 0.0023
2022-01-20 15:59:28,033 root                INFO: Train: Epoch 179: train loss 0.0021
2022-01-20 15:59:28,635 root                INFO: Train: Epoch 180: train loss 0.0016
2022-01-20 15:59:29,187 root                INFO: Train: Epoch 181: train loss 0.0020
2022-01-20 15:59:29,802 root                INFO: Train: Epoch 182: train loss 0.0028
2022-01-20 15:59:30,341 root                INFO: Train: Epoch 183: train loss 0.0017
2022-01-20 15:59:30,941 root                INFO: Train: Epoch 184: train loss 0.0021
2022-01-20 15:59:31,483 root                INFO: Train: Epoch 185: train loss 0.0038
2022-01-20 15:59:32,039 root                INFO: Train: Epoch 186: train loss 0.0031
2022-01-20 15:59:32,619 root                INFO: Train: Epoch 187: train loss 0.0028
2022-01-20 15:59:33,225 root                INFO: Train: Epoch 188: train loss 0.0018
2022-01-20 15:59:33,808 root                INFO: Train: Epoch 189: train loss 0.0016
2022-01-20 15:59:34,369 root                INFO: Train: Epoch 190: train loss 0.0026
2022-01-20 15:59:34,982 root                INFO: Train: Epoch 191: train loss 0.0028
2022-01-20 15:59:35,509 root                INFO: Train: Epoch 192: train loss 0.0022
2022-01-20 15:59:36,121 root                INFO: Train: Epoch 193: train loss 0.0038
2022-01-20 15:59:36,678 root                INFO: Train: Epoch 194: train loss 0.0024
2022-01-20 15:59:37,295 root                INFO: Train: Epoch 195: train loss 0.0019
2022-01-20 15:59:37,876 root                INFO: Train: Epoch 196: train loss 0.0028
2022-01-20 15:59:38,496 root                INFO: Train: Epoch 197: train loss 0.0021
2022-01-20 15:59:39,073 root                INFO: Train: Epoch 198: train loss 0.0020
2022-01-20 15:59:39,685 root                INFO: Train: Epoch 199: train loss 0.0026
2022-01-20 15:59:40,262 root                INFO: Train: Epoch 200: train loss 0.0042
2022-01-20 15:59:57,173 root                INFO: Valid: Epoch 200: kendall tau 0.6335; loss 0.2794
2022-01-20 15:59:57,179 root                INFO: Epoch 200: Save checkpoint to nb301_ablation_mask/true/true_0.01/123/202121/200.ckpt
2022-01-20 16:00:13,952 root                INFO: [0.0196078431372549, 0.03137254901960784, 0.09411764705882353, 0.47865256560908737, 0.6553749755237909, 0.8200187969924813, 1.0]
2022-01-20 16:00:13,952 root                INFO: [449, 449]
