2022-01-21 15:56:05,298 root                INFO: GPU device = 0
2022-01-21 15:56:05,299 root                INFO: Load pkl cache from nasbench101.pkl and nasbench101_valid.pkl
2022-01-21 15:56:05,705 root                INFO: Config: {'arch_network_cfg': {'arch_embedder_cfg': {'gcn_kwargs': {'plus_I': True, 'residual_only': 1}, 'gcn_out_dims': [128, 128, 128, 128, 128], 'backward_gcn_out_dims': [128, 128, 128, 128, 128], 'hid_dim': 96, 'node_embedding_dim': 48, 'op_embedding_dim': 48, 'num_time_steps': 2, 'fb_conversion_dims': [128, 128], 'updateopemb_method': 'concat_ofb', 'updateopemb_dims': [128], 'updateopemb_scale': 0.1, 'b_use_bn': False, 'detach_vinfo': False, 'updateopemb_detach_opemb': True, 'updateopemb_detach_finfo': True, 'symmetry_breaking_method': 'param_zs_add', 'concat_param_zs_as_opemb_dimension': 7, 'concat_param_zs_as_opemb_scale': 1.0, 'mask_nonparametrized_ops': False}, 'arch_embedder_type': 'nb101-fbflow-anytime', 'compare_loss_type': 'margin_linear', 'compare_margin': 0.1, 'mlp_dropout': 0.1, 'mlp_hiddens': [200], 'mlp_out_dim': 1, 'optimizer': {'lr': 0.001, 'type': 'Adam'}, 'scheduler': None}, 'batch_size': 512, 'choose_pair_criterion': 'random', 'compare': False, 'compare_threshold': 0.0, 'epochs': 200, 'max_compare_ratio': 4.0}
2022-01-21 15:56:10,519 root                INFO: Combined args: Namespace(batch_size=512, cfg_file='cfgs/nb101_cfgs/tagates_anytime.yaml', choose_pair_criterion='random', compare=False, compare_threshold=0.0, epochs=200, eval_only_last=200, gpu=0, load=None, max_compare_ratio=4.0, num_workers=4, report_freq=200, save_every=200, save_predict=None, seed=2021, test_funcs=None, test_only=False, train_dir='nb1shot1_anytime_tagates/tagates_0.1/123/2021', train_pkl='../mynas/data/nasbench-1shot1/nasbench101_anytime_train_123.pkl', train_ratio=0.1, valid_pkl='../mynas/data/nasbench-1shot1/nasbench101_anytime_valid.pkl')
2022-01-21 15:56:10,549 root                INFO: Train dataset ratio: 0.100
2022-01-21 15:56:10,550 root                INFO: Number of architectures: train: 729; valid: 7290
2022-01-21 15:56:13,755 root                INFO: Train: Epoch   1: train loss 0.2152
2022-01-21 15:56:15,983 root                INFO: Valid: Epoch   1: kendall tau 0.2810 0.2749; loss 0.0328 0.1188
2022-01-21 15:56:16,748 root                INFO: Train: Epoch   2: train loss 0.1747
2022-01-21 15:56:18,842 root                INFO: Valid: Epoch   2: kendall tau 0.3288 0.3073; loss 0.02232 0.08531
2022-01-21 15:56:19,551 root                INFO: Train: Epoch   3: train loss 0.1103
2022-01-21 15:56:21,794 root                INFO: Valid: Epoch   3: kendall tau 0.3311 0.3274; loss 0.01947 0.03184
2022-01-21 15:56:22,521 root                INFO: Train: Epoch   4: train loss 0.0346
2022-01-21 15:56:24,848 root                INFO: Valid: Epoch   4: kendall tau 0.3337 0.3526; loss 0.06411 0.009268
2022-01-21 15:56:25,575 root                INFO: Train: Epoch   5: train loss 0.0404
2022-01-21 15:56:27,692 root                INFO: Valid: Epoch   5: kendall tau 0.3435 0.3622; loss 0.05855 0.01427
2022-01-21 15:56:28,455 root                INFO: Train: Epoch   6: train loss 0.0341
2022-01-21 15:56:30,833 root                INFO: Valid: Epoch   6: kendall tau 0.3578 0.3656; loss 0.02365 0.01315
2022-01-21 15:56:31,527 root                INFO: Train: Epoch   7: train loss 0.0145
2022-01-21 15:56:33,609 root                INFO: Valid: Epoch   7: kendall tau 0.3693 0.3682; loss 0.01711 0.01052
2022-01-21 15:56:34,260 root                INFO: Train: Epoch   8: train loss 0.0215
2022-01-21 15:56:36,457 root                INFO: Valid: Epoch   8: kendall tau 0.3697 0.3731; loss 0.01846 0.009159
2022-01-21 15:56:37,286 root                INFO: Train: Epoch   9: train loss 0.0233
2022-01-21 15:56:39,486 root                INFO: Valid: Epoch   9: kendall tau 0.3701 0.3784; loss 0.01668 0.008804
2022-01-21 15:56:40,277 root                INFO: Train: Epoch  10: train loss 0.0165
2022-01-21 15:56:42,953 root                INFO: Valid: Epoch  10: kendall tau 0.3676 0.3839; loss 0.01714 0.008949
2022-01-21 15:56:43,730 root                INFO: Train: Epoch  11: train loss 0.0115
2022-01-21 15:56:45,805 root                INFO: Valid: Epoch  11: kendall tau 0.3651 0.3889; loss 0.02165 0.009254
2022-01-21 15:56:46,475 root                INFO: Train: Epoch  12: train loss 0.0115
2022-01-21 15:56:48,472 root                INFO: Valid: Epoch  12: kendall tau 0.3659 0.3926; loss 0.02551 0.009069
2022-01-21 15:56:49,113 root                INFO: Train: Epoch  13: train loss 0.0123
2022-01-21 15:56:51,103 root                INFO: Valid: Epoch  13: kendall tau 0.3668 0.3947; loss 0.02501 0.008499
2022-01-21 15:56:51,788 root                INFO: Train: Epoch  14: train loss 0.0119
2022-01-21 15:56:53,833 root                INFO: Valid: Epoch  14: kendall tau 0.3675 0.3961; loss 0.0221 0.008504
2022-01-21 15:56:54,490 root                INFO: Train: Epoch  15: train loss 0.0113
2022-01-21 15:56:56,403 root                INFO: Valid: Epoch  15: kendall tau 0.3675 0.3981; loss 0.01995 0.008879
2022-01-21 15:56:57,048 root                INFO: Train: Epoch  16: train loss 0.0118
2022-01-21 15:56:59,160 root                INFO: Valid: Epoch  16: kendall tau 0.3667 0.4013; loss 0.01929 0.008689
2022-01-21 15:56:59,830 root                INFO: Train: Epoch  17: train loss 0.0113
2022-01-21 15:57:01,729 root                INFO: Valid: Epoch  17: kendall tau 0.3652 0.4051; loss 0.01967 0.008369
2022-01-21 15:57:02,361 root                INFO: Train: Epoch  18: train loss 0.0106
2022-01-21 15:57:04,408 root                INFO: Valid: Epoch  18: kendall tau 0.3634 0.4087; loss 0.02041 0.008603
2022-01-21 15:57:05,097 root                INFO: Train: Epoch  19: train loss 0.0103
2022-01-21 15:57:06,965 root                INFO: Valid: Epoch  19: kendall tau 0.3616 0.4127; loss 0.02069 0.009068
2022-01-21 15:57:07,628 root                INFO: Train: Epoch  20: train loss 0.0104
2022-01-21 15:57:09,572 root                INFO: Valid: Epoch  20: kendall tau 0.3601 0.4162; loss 0.02015 0.009238
2022-01-21 15:57:10,273 root                INFO: Train: Epoch  21: train loss 0.0105
2022-01-21 15:57:12,089 root                INFO: Valid: Epoch  21: kendall tau 0.3586 0.4195; loss 0.01914 0.009045
2022-01-21 15:57:12,936 root                INFO: Train: Epoch  22: train loss 0.0103
2022-01-21 15:57:14,804 root                INFO: Valid: Epoch  22: kendall tau 0.3569 0.4231; loss 0.01842 0.00878
2022-01-21 15:57:15,465 root                INFO: Train: Epoch  23: train loss 0.0103
2022-01-21 15:57:17,372 root                INFO: Valid: Epoch  23: kendall tau 0.3552 0.4268; loss 0.01831 0.008659
2022-01-21 15:57:18,021 root                INFO: Train: Epoch  24: train loss 0.0102
2022-01-21 15:57:19,850 root                INFO: Valid: Epoch  24: kendall tau 0.3532 0.4312; loss 0.01874 0.008649
2022-01-21 15:57:20,461 root                INFO: Train: Epoch  25: train loss 0.0101
2022-01-21 15:57:22,286 root                INFO: Valid: Epoch  25: kendall tau 0.3514 0.4355; loss 0.01959 0.008699
2022-01-21 15:57:22,936 root                INFO: Train: Epoch  26: train loss 0.0099
2022-01-21 15:57:24,747 root                INFO: Valid: Epoch  26: kendall tau 0.3501 0.4400; loss 0.0204 0.008693
2022-01-21 15:57:25,361 root                INFO: Train: Epoch  27: train loss 0.0100
2022-01-21 15:57:27,385 root                INFO: Valid: Epoch  27: kendall tau 0.3492 0.4453; loss 0.02053 0.00851
2022-01-21 15:57:28,030 root                INFO: Train: Epoch  28: train loss 0.0099
2022-01-21 15:57:29,969 root                INFO: Valid: Epoch  28: kendall tau 0.3489 0.4512; loss 0.02027 0.008325
2022-01-21 15:57:30,565 root                INFO: Train: Epoch  29: train loss 0.0097
2022-01-21 15:57:32,343 root                INFO: Valid: Epoch  29: kendall tau 0.3486 0.4580; loss 0.02017 0.008245
2022-01-21 15:57:32,901 root                INFO: Train: Epoch  30: train loss 0.0097
2022-01-21 15:57:34,767 root                INFO: Valid: Epoch  30: kendall tau 0.3471 0.4653; loss 0.02048 0.008253
2022-01-21 15:57:35,395 root                INFO: Train: Epoch  31: train loss 0.0097
2022-01-21 15:57:37,196 root                INFO: Valid: Epoch  31: kendall tau 0.3458 0.4738; loss 0.02069 0.008269
2022-01-21 15:57:37,844 root                INFO: Train: Epoch  32: train loss 0.0096
2022-01-21 15:57:39,759 root                INFO: Valid: Epoch  32: kendall tau 0.3452 0.4840; loss 0.02053 0.008231
2022-01-21 15:57:40,378 root                INFO: Train: Epoch  33: train loss 0.0094
2022-01-21 15:57:42,124 root                INFO: Valid: Epoch  33: kendall tau 0.3448 0.4952; loss 0.02031 0.008189
2022-01-21 15:57:42,760 root                INFO: Train: Epoch  34: train loss 0.0092
2022-01-21 15:57:44,707 root                INFO: Valid: Epoch  34: kendall tau 0.3440 0.5073; loss 0.02044 0.008238
2022-01-21 15:57:45,322 root                INFO: Train: Epoch  35: train loss 0.0093
2022-01-21 15:57:47,130 root                INFO: Valid: Epoch  35: kendall tau 0.3424 0.5210; loss 0.02079 0.008352
2022-01-21 15:57:47,760 root                INFO: Train: Epoch  36: train loss 0.0091
2022-01-21 15:57:49,678 root                INFO: Valid: Epoch  36: kendall tau 0.3415 0.5349; loss 0.02067 0.008301
2022-01-21 15:57:50,324 root                INFO: Train: Epoch  37: train loss 0.0090
2022-01-21 15:57:52,177 root                INFO: Valid: Epoch  37: kendall tau 0.3399 0.5486; loss 0.02063 0.008227
2022-01-21 15:57:52,781 root                INFO: Train: Epoch  38: train loss 0.0090
2022-01-21 15:57:54,565 root                INFO: Valid: Epoch  38: kendall tau 0.3374 0.5620; loss 0.02051 0.00809
2022-01-21 15:57:55,152 root                INFO: Train: Epoch  39: train loss 0.0088
2022-01-21 15:57:57,077 root                INFO: Valid: Epoch  39: kendall tau 0.3315 0.5740; loss 0.02089 0.008069
2022-01-21 15:57:57,712 root                INFO: Train: Epoch  40: train loss 0.0087
2022-01-21 15:57:59,517 root                INFO: Valid: Epoch  40: kendall tau 0.3244 0.5828; loss 0.02168 0.008121
2022-01-21 15:58:00,138 root                INFO: Train: Epoch  41: train loss 0.0085
2022-01-21 15:58:02,033 root                INFO: Valid: Epoch  41: kendall tau 0.3210 0.5889; loss 0.02174 0.007895
2022-01-21 15:58:02,685 root                INFO: Train: Epoch  42: train loss 0.0083
2022-01-21 15:58:04,525 root                INFO: Valid: Epoch  42: kendall tau 0.3175 0.5913; loss 0.02169 0.007692
2022-01-21 15:58:05,138 root                INFO: Train: Epoch  43: train loss 0.0084
2022-01-21 15:58:07,169 root                INFO: Valid: Epoch  43: kendall tau 0.3167 0.5820; loss 0.02177 0.007789
2022-01-21 15:58:07,808 root                INFO: Train: Epoch  44: train loss 0.0082
2022-01-21 15:58:09,613 root                INFO: Valid: Epoch  44: kendall tau 0.3240 0.5787; loss 0.02113 0.007766
2022-01-21 15:58:10,289 root                INFO: Train: Epoch  45: train loss 0.0081
2022-01-21 15:58:12,327 root                INFO: Valid: Epoch  45: kendall tau 0.3260 0.5747; loss 0.02167 0.007969
2022-01-21 15:58:12,982 root                INFO: Train: Epoch  46: train loss 0.0081
2022-01-21 15:58:14,856 root                INFO: Valid: Epoch  46: kendall tau 0.3418 0.5816; loss 0.02046 0.007568
2022-01-21 15:58:15,513 root                INFO: Train: Epoch  47: train loss 0.0081
2022-01-21 15:58:17,512 root                INFO: Valid: Epoch  47: kendall tau 0.3552 0.5854; loss 0.02013 0.007511
2022-01-21 15:58:18,201 root                INFO: Train: Epoch  48: train loss 0.0079
2022-01-21 15:58:19,975 root                INFO: Valid: Epoch  48: kendall tau 0.3664 0.5854; loss 0.02034 0.007687
2022-01-21 15:58:20,601 root                INFO: Train: Epoch  49: train loss 0.0077
2022-01-21 15:58:22,584 root                INFO: Valid: Epoch  49: kendall tau 0.3871 0.5946; loss 0.01913 0.007416
2022-01-21 15:58:23,265 root                INFO: Train: Epoch  50: train loss 0.0076
2022-01-21 15:58:25,172 root                INFO: Valid: Epoch  50: kendall tau 0.4016 0.5998; loss 0.01897 0.007465
2022-01-21 15:58:25,835 root                INFO: Train: Epoch  51: train loss 0.0076
2022-01-21 15:58:27,744 root                INFO: Valid: Epoch  51: kendall tau 0.4189 0.6011; loss 0.01799 0.007245
2022-01-21 15:58:28,384 root                INFO: Train: Epoch  52: train loss 0.0075
2022-01-21 15:58:30,311 root                INFO: Valid: Epoch  52: kendall tau 0.4241 0.5923; loss 0.01855 0.007544
2022-01-21 15:58:30,971 root                INFO: Train: Epoch  53: train loss 0.0074
2022-01-21 15:58:32,780 root                INFO: Valid: Epoch  53: kendall tau 0.4330 0.5657; loss 0.01787 0.007304
2022-01-21 15:58:33,413 root                INFO: Train: Epoch  54: train loss 0.0072
2022-01-21 15:58:35,326 root                INFO: Valid: Epoch  54: kendall tau 0.4418 0.5637; loss 0.01697 0.00757
2022-01-21 15:58:35,960 root                INFO: Train: Epoch  55: train loss 0.0071
2022-01-21 15:58:37,727 root                INFO: Valid: Epoch  55: kendall tau 0.4501 0.5631; loss 0.01645 0.007693
2022-01-21 15:58:38,337 root                INFO: Train: Epoch  56: train loss 0.0071
2022-01-21 15:58:40,278 root                INFO: Valid: Epoch  56: kendall tau 0.4571 0.5632; loss 0.01632 0.00723
2022-01-21 15:58:40,897 root                INFO: Train: Epoch  57: train loss 0.0069
2022-01-21 15:58:42,696 root                INFO: Valid: Epoch  57: kendall tau 0.4590 0.5561; loss 0.01726 0.007167
2022-01-21 15:58:43,339 root                INFO: Train: Epoch  58: train loss 0.0069
2022-01-21 15:58:45,326 root                INFO: Valid: Epoch  58: kendall tau 0.4689 0.5584; loss 0.01514 0.007001
2022-01-21 15:58:45,957 root                INFO: Train: Epoch  59: train loss 0.0068
2022-01-21 15:58:47,714 root                INFO: Valid: Epoch  59: kendall tau 0.4667 0.5506; loss 0.0152 0.007425
2022-01-21 15:58:48,338 root                INFO: Train: Epoch  60: train loss 0.0068
2022-01-21 15:58:50,224 root                INFO: Valid: Epoch  60: kendall tau 0.4674 0.5490; loss 0.01498 0.007411
2022-01-21 15:58:50,815 root                INFO: Train: Epoch  61: train loss 0.0065
2022-01-21 15:58:52,637 root                INFO: Valid: Epoch  61: kendall tau 0.4724 0.5535; loss 0.01493 0.006996
2022-01-21 15:58:53,256 root                INFO: Train: Epoch  62: train loss 0.0064
2022-01-21 15:58:55,194 root                INFO: Valid: Epoch  62: kendall tau 0.4748 0.5658; loss 0.01501 0.007028
2022-01-21 15:58:55,780 root                INFO: Train: Epoch  63: train loss 0.0062
2022-01-21 15:58:57,584 root                INFO: Valid: Epoch  63: kendall tau 0.4816 0.5776; loss 0.01247 0.006832
2022-01-21 15:58:58,177 root                INFO: Train: Epoch  64: train loss 0.0062
2022-01-21 15:59:00,043 root                INFO: Valid: Epoch  64: kendall tau 0.4807 0.5702; loss 0.01443 0.007466
2022-01-21 15:59:00,650 root                INFO: Train: Epoch  65: train loss 0.0060
2022-01-21 15:59:02,440 root                INFO: Valid: Epoch  65: kendall tau 0.4904 0.5766; loss 0.01284 0.006615
2022-01-21 15:59:03,049 root                INFO: Train: Epoch  66: train loss 0.0058
2022-01-21 15:59:04,986 root                INFO: Valid: Epoch  66: kendall tau 0.4833 0.5535; loss 0.01434 0.007392
2022-01-21 15:59:05,614 root                INFO: Train: Epoch  67: train loss 0.0057
2022-01-21 15:59:07,633 root                INFO: Valid: Epoch  67: kendall tau 0.4832 0.5421; loss 0.01374 0.007702
2022-01-21 15:59:08,250 root                INFO: Train: Epoch  68: train loss 0.0056
2022-01-21 15:59:10,101 root                INFO: Valid: Epoch  68: kendall tau 0.4874 0.5473; loss 0.01287 0.007279
2022-01-21 15:59:10,761 root                INFO: Train: Epoch  69: train loss 0.0054
2022-01-21 15:59:12,725 root                INFO: Valid: Epoch  69: kendall tau 0.4849 0.5488; loss 0.01397 0.00727
2022-01-21 15:59:13,358 root                INFO: Train: Epoch  70: train loss 0.0055
2022-01-21 15:59:15,185 root                INFO: Valid: Epoch  70: kendall tau 0.4888 0.5565; loss 0.01296 0.007003
2022-01-21 15:59:15,822 root                INFO: Train: Epoch  71: train loss 0.0053
2022-01-21 15:59:17,768 root                INFO: Valid: Epoch  71: kendall tau 0.4917 0.5527; loss 0.01252 0.007059
2022-01-21 15:59:18,401 root                INFO: Train: Epoch  72: train loss 0.0051
2022-01-21 15:59:20,260 root                INFO: Valid: Epoch  72: kendall tau 0.4894 0.5481; loss 0.01282 0.00712
2022-01-21 15:59:20,914 root                INFO: Train: Epoch  73: train loss 0.0051
2022-01-21 15:59:22,931 root                INFO: Valid: Epoch  73: kendall tau 0.4902 0.5631; loss 0.01175 0.00661
2022-01-21 15:59:23,577 root                INFO: Train: Epoch  74: train loss 0.0051
2022-01-21 15:59:25,384 root                INFO: Valid: Epoch  74: kendall tau 0.4812 0.5488; loss 0.01369 0.007043
2022-01-21 15:59:26,055 root                INFO: Train: Epoch  75: train loss 0.0050
2022-01-21 15:59:28,015 root                INFO: Valid: Epoch  75: kendall tau 0.4869 0.5653; loss 0.01154 0.006538
2022-01-21 15:59:28,670 root                INFO: Train: Epoch  76: train loss 0.0052
2022-01-21 15:59:30,488 root                INFO: Valid: Epoch  76: kendall tau 0.4791 0.5409; loss 0.01402 0.007438
2022-01-21 15:59:31,335 root                INFO: Train: Epoch  77: train loss 0.0050
2022-01-21 15:59:33,188 root                INFO: Valid: Epoch  77: kendall tau 0.4775 0.5553; loss 0.01458 0.007037
2022-01-21 15:59:33,818 root                INFO: Train: Epoch  78: train loss 0.0049
2022-01-21 15:59:35,897 root                INFO: Valid: Epoch  78: kendall tau 0.4842 0.5911; loss 0.01102 0.005955
2022-01-21 15:59:36,520 root                INFO: Train: Epoch  79: train loss 0.0050
2022-01-21 15:59:38,317 root                INFO: Valid: Epoch  79: kendall tau 0.4761 0.5538; loss 0.01433 0.007592
2022-01-21 15:59:38,966 root                INFO: Train: Epoch  80: train loss 0.0049
2022-01-21 15:59:40,856 root                INFO: Valid: Epoch  80: kendall tau 0.4817 0.5714; loss 0.01244 0.006952
2022-01-21 15:59:41,454 root                INFO: Train: Epoch  81: train loss 0.0048
2022-01-21 15:59:43,216 root                INFO: Valid: Epoch  81: kendall tau 0.4838 0.5876; loss 0.01184 0.006301
2022-01-21 15:59:43,842 root                INFO: Train: Epoch  82: train loss 0.0048
2022-01-21 15:59:45,727 root                INFO: Valid: Epoch  82: kendall tau 0.4750 0.5640; loss 0.01579 0.007193
2022-01-21 15:59:46,321 root                INFO: Train: Epoch  83: train loss 0.0050
2022-01-21 15:59:48,125 root                INFO: Valid: Epoch  83: kendall tau 0.4813 0.5550; loss 0.0131 0.007174
2022-01-21 15:59:48,759 root                INFO: Train: Epoch  84: train loss 0.0047
2022-01-21 15:59:50,702 root                INFO: Valid: Epoch  84: kendall tau 0.4845 0.5546; loss 0.01092 0.006993
2022-01-21 15:59:51,351 root                INFO: Train: Epoch  85: train loss 0.0048
2022-01-21 15:59:53,153 root                INFO: Valid: Epoch  85: kendall tau 0.4667 0.5330; loss 0.01516 0.007829
2022-01-21 15:59:53,985 root                INFO: Train: Epoch  86: train loss 0.0048
2022-01-21 15:59:55,820 root                INFO: Valid: Epoch  86: kendall tau 0.4654 0.5614; loss 0.01294 0.006448
2022-01-21 15:59:56,493 root                INFO: Train: Epoch  87: train loss 0.0047
2022-01-21 15:59:58,432 root                INFO: Valid: Epoch  87: kendall tau 0.4696 0.5708; loss 0.01195 0.006236
2022-01-21 15:59:59,060 root                INFO: Train: Epoch  88: train loss 0.0046
2022-01-21 16:00:00,904 root                INFO: Valid: Epoch  88: kendall tau 0.4681 0.5460; loss 0.01569 0.00801
2022-01-21 16:00:01,541 root                INFO: Train: Epoch  89: train loss 0.0048
2022-01-21 16:00:03,477 root                INFO: Valid: Epoch  89: kendall tau 0.4812 0.5531; loss 0.01252 0.007602
2022-01-21 16:00:04,078 root                INFO: Train: Epoch  90: train loss 0.0046
2022-01-21 16:00:05,905 root                INFO: Valid: Epoch  90: kendall tau 0.4851 0.5475; loss 0.01115 0.007483
2022-01-21 16:00:06,544 root                INFO: Train: Epoch  91: train loss 0.0046
2022-01-21 16:00:08,541 root                INFO: Valid: Epoch  91: kendall tau 0.4724 0.5028; loss 0.01446 0.00853
2022-01-21 16:00:09,191 root                INFO: Train: Epoch  92: train loss 0.0045
2022-01-21 16:00:11,045 root                INFO: Valid: Epoch  92: kendall tau 0.4680 0.5251; loss 0.01344 0.007869
2022-01-21 16:00:11,666 root                INFO: Train: Epoch  93: train loss 0.0044
2022-01-21 16:00:13,681 root                INFO: Valid: Epoch  93: kendall tau 0.4669 0.5155; loss 0.01243 0.007785
2022-01-21 16:00:14,300 root                INFO: Train: Epoch  94: train loss 0.0046
2022-01-21 16:00:16,114 root                INFO: Valid: Epoch  94: kendall tau 0.4639 0.5216; loss 0.0139 0.007992
2022-01-21 16:00:16,736 root                INFO: Train: Epoch  95: train loss 0.0044
2022-01-21 16:00:18,791 root                INFO: Valid: Epoch  95: kendall tau 0.4699 0.5866; loss 0.013 0.006632
2022-01-21 16:00:19,426 root                INFO: Train: Epoch  96: train loss 0.0044
2022-01-21 16:00:21,393 root                INFO: Valid: Epoch  96: kendall tau 0.4734 0.5854; loss 0.01238 0.006697
2022-01-21 16:00:22,042 root                INFO: Train: Epoch  97: train loss 0.0042
2022-01-21 16:00:23,850 root                INFO: Valid: Epoch  97: kendall tau 0.4683 0.5337; loss 0.01246 0.00766
2022-01-21 16:00:24,479 root                INFO: Train: Epoch  98: train loss 0.0043
2022-01-21 16:00:26,572 root                INFO: Valid: Epoch  98: kendall tau 0.4620 0.4828; loss 0.01424 0.008383
2022-01-21 16:00:27,228 root                INFO: Train: Epoch  99: train loss 0.0042
2022-01-21 16:00:29,079 root                INFO: Valid: Epoch  99: kendall tau 0.4719 0.5433; loss 0.01228 0.007124
2022-01-21 16:00:29,734 root                INFO: Train: Epoch 100: train loss 0.0042
2022-01-21 16:00:31,727 root                INFO: Valid: Epoch 100: kendall tau 0.4700 0.5533; loss 0.01369 0.007381
2022-01-21 16:00:32,328 root                INFO: Train: Epoch 101: train loss 0.0041
2022-01-21 16:00:34,215 root                INFO: Valid: Epoch 101: kendall tau 0.4694 0.5200; loss 0.01365 0.00824
2022-01-21 16:00:34,840 root                INFO: Train: Epoch 102: train loss 0.0041
2022-01-21 16:00:36,753 root                INFO: Valid: Epoch 102: kendall tau 0.4697 0.5122; loss 0.01189 0.007768
2022-01-21 16:00:37,422 root                INFO: Train: Epoch 103: train loss 0.0041
2022-01-21 16:00:39,289 root                INFO: Valid: Epoch 103: kendall tau 0.4545 0.4863; loss 0.01465 0.008243
2022-01-21 16:00:39,883 root                INFO: Train: Epoch 104: train loss 0.0040
2022-01-21 16:00:41,932 root                INFO: Valid: Epoch 104: kendall tau 0.4537 0.5225; loss 0.01387 0.007501
2022-01-21 16:00:42,589 root                INFO: Train: Epoch 105: train loss 0.0041
2022-01-21 16:00:44,433 root                INFO: Valid: Epoch 105: kendall tau 0.4629 0.5673; loss 0.01217 0.006556
2022-01-21 16:00:45,076 root                INFO: Train: Epoch 106: train loss 0.0041
2022-01-21 16:00:47,099 root                INFO: Valid: Epoch 106: kendall tau 0.4624 0.5484; loss 0.01401 0.00764
2022-01-21 16:00:47,685 root                INFO: Train: Epoch 107: train loss 0.0040
2022-01-21 16:00:49,567 root                INFO: Valid: Epoch 107: kendall tau 0.4701 0.5400; loss 0.01229 0.007336
2022-01-21 16:00:50,225 root                INFO: Train: Epoch 108: train loss 0.0039
2022-01-21 16:00:52,237 root                INFO: Valid: Epoch 108: kendall tau 0.4685 0.5103; loss 0.01285 0.00756
2022-01-21 16:00:52,936 root                INFO: Train: Epoch 109: train loss 0.0038
2022-01-21 16:00:54,901 root                INFO: Valid: Epoch 109: kendall tau 0.4618 0.4825; loss 0.01322 0.007994
2022-01-21 16:00:55,525 root                INFO: Train: Epoch 110: train loss 0.0037
2022-01-21 16:00:57,325 root                INFO: Valid: Epoch 110: kendall tau 0.4566 0.4953; loss 0.01322 0.008074
2022-01-21 16:00:57,961 root                INFO: Train: Epoch 111: train loss 0.0039
2022-01-21 16:00:59,899 root                INFO: Valid: Epoch 111: kendall tau 0.4556 0.5107; loss 0.01338 0.007832
2022-01-21 16:01:00,529 root                INFO: Train: Epoch 112: train loss 0.0038
2022-01-21 16:01:02,333 root                INFO: Valid: Epoch 112: kendall tau 0.4584 0.5149; loss 0.01299 0.007634
2022-01-21 16:01:02,972 root                INFO: Train: Epoch 113: train loss 0.0036
2022-01-21 16:01:04,918 root                INFO: Valid: Epoch 113: kendall tau 0.4533 0.4966; loss 0.01433 0.008128
2022-01-21 16:01:05,568 root                INFO: Train: Epoch 114: train loss 0.0039
2022-01-21 16:01:07,351 root                INFO: Valid: Epoch 114: kendall tau 0.4558 0.5084; loss 0.01355 0.007985
2022-01-21 16:01:07,985 root                INFO: Train: Epoch 115: train loss 0.0038
2022-01-21 16:01:09,891 root                INFO: Valid: Epoch 115: kendall tau 0.4585 0.5337; loss 0.01227 0.007522
2022-01-21 16:01:10,540 root                INFO: Train: Epoch 116: train loss 0.0037
2022-01-21 16:01:12,397 root                INFO: Valid: Epoch 116: kendall tau 0.4394 0.5522; loss 0.01575 0.007671
2022-01-21 16:01:13,020 root                INFO: Train: Epoch 117: train loss 0.0037
2022-01-21 16:01:15,028 root                INFO: Valid: Epoch 117: kendall tau 0.4396 0.5757; loss 0.01326 0.006835
2022-01-21 16:01:15,641 root                INFO: Train: Epoch 118: train loss 0.0038
2022-01-21 16:01:17,516 root                INFO: Valid: Epoch 118: kendall tau 0.4363 0.5681; loss 0.01388 0.00707
2022-01-21 16:01:18,331 root                INFO: Train: Epoch 119: train loss 0.0035
2022-01-21 16:01:20,167 root                INFO: Valid: Epoch 119: kendall tau 0.4350 0.5516; loss 0.01452 0.007612
2022-01-21 16:01:20,833 root                INFO: Train: Epoch 120: train loss 0.0036
2022-01-21 16:01:22,693 root                INFO: Valid: Epoch 120: kendall tau 0.4517 0.5460; loss 0.01137 0.007208
2022-01-21 16:01:23,289 root                INFO: Train: Epoch 121: train loss 0.0038
2022-01-21 16:01:25,040 root                INFO: Valid: Epoch 121: kendall tau 0.4476 0.5411; loss 0.01279 0.007325
2022-01-21 16:01:25,665 root                INFO: Train: Epoch 122: train loss 0.0035
2022-01-21 16:01:27,633 root                INFO: Valid: Epoch 122: kendall tau 0.4428 0.5452; loss 0.01525 0.007386
2022-01-21 16:01:28,277 root                INFO: Train: Epoch 123: train loss 0.0035
2022-01-21 16:01:30,052 root                INFO: Valid: Epoch 123: kendall tau 0.4492 0.5549; loss 0.01373 0.007021
2022-01-21 16:01:30,660 root                INFO: Train: Epoch 124: train loss 0.0034
2022-01-21 16:01:32,551 root                INFO: Valid: Epoch 124: kendall tau 0.4577 0.5604; loss 0.01266 0.007149
2022-01-21 16:01:33,203 root                INFO: Train: Epoch 125: train loss 0.0034
2022-01-21 16:01:35,070 root                INFO: Valid: Epoch 125: kendall tau 0.4527 0.5503; loss 0.0132 0.007522
2022-01-21 16:01:35,694 root                INFO: Train: Epoch 126: train loss 0.0035
2022-01-21 16:01:37,709 root                INFO: Valid: Epoch 126: kendall tau 0.4494 0.5451; loss 0.01182 0.007118
2022-01-21 16:01:38,368 root                INFO: Train: Epoch 127: train loss 0.0035
2022-01-21 16:01:40,109 root                INFO: Valid: Epoch 127: kendall tau 0.4274 0.5370; loss 0.01655 0.00752
2022-01-21 16:01:40,757 root                INFO: Train: Epoch 128: train loss 0.0036
2022-01-21 16:01:42,642 root                INFO: Valid: Epoch 128: kendall tau 0.4317 0.5355; loss 0.01571 0.007472
2022-01-21 16:01:43,293 root                INFO: Train: Epoch 129: train loss 0.0037
2022-01-21 16:01:45,158 root                INFO: Valid: Epoch 129: kendall tau 0.4468 0.5372; loss 0.01161 0.007327
2022-01-21 16:01:45,838 root                INFO: Train: Epoch 130: train loss 0.0034
2022-01-21 16:01:47,697 root                INFO: Valid: Epoch 130: kendall tau 0.4305 0.5456; loss 0.01611 0.008168
2022-01-21 16:01:48,390 root                INFO: Train: Epoch 131: train loss 0.0035
2022-01-21 16:01:50,376 root                INFO: Valid: Epoch 131: kendall tau 0.4402 0.5687; loss 0.01263 0.00719
2022-01-21 16:01:50,977 root                INFO: Train: Epoch 132: train loss 0.0033
2022-01-21 16:01:52,837 root                INFO: Valid: Epoch 132: kendall tau 0.4416 0.5769; loss 0.01371 0.007008
2022-01-21 16:01:53,485 root                INFO: Train: Epoch 133: train loss 0.0032
2022-01-21 16:01:55,475 root                INFO: Valid: Epoch 133: kendall tau 0.4462 0.5765; loss 0.01496 0.007199
2022-01-21 16:01:56,114 root                INFO: Train: Epoch 134: train loss 0.0033
2022-01-21 16:01:57,942 root                INFO: Valid: Epoch 134: kendall tau 0.4602 0.5736; loss 0.01141 0.006871
2022-01-21 16:01:58,558 root                INFO: Train: Epoch 135: train loss 0.0035
2022-01-21 16:02:00,540 root                INFO: Valid: Epoch 135: kendall tau 0.4442 0.5680; loss 0.01349 0.007383
2022-01-21 16:02:01,165 root                INFO: Train: Epoch 136: train loss 0.0031
2022-01-21 16:02:02,985 root                INFO: Valid: Epoch 136: kendall tau 0.4266 0.5487; loss 0.01432 0.0079
2022-01-21 16:02:03,658 root                INFO: Train: Epoch 137: train loss 0.0032
2022-01-21 16:02:05,596 root                INFO: Valid: Epoch 137: kendall tau 0.4260 0.5546; loss 0.01443 0.007438
2022-01-21 16:02:06,275 root                INFO: Train: Epoch 138: train loss 0.0032
2022-01-21 16:02:08,129 root                INFO: Valid: Epoch 138: kendall tau 0.4370 0.5583; loss 0.01272 0.006969
2022-01-21 16:02:08,940 root                INFO: Train: Epoch 139: train loss 0.0031
2022-01-21 16:02:10,844 root                INFO: Valid: Epoch 139: kendall tau 0.4346 0.5569; loss 0.01361 0.007231
2022-01-21 16:02:11,506 root                INFO: Train: Epoch 140: train loss 0.0030
2022-01-21 16:02:13,547 root                INFO: Valid: Epoch 140: kendall tau 0.4313 0.5670; loss 0.01519 0.007095
2022-01-21 16:02:14,184 root                INFO: Train: Epoch 141: train loss 0.0030
2022-01-21 16:02:15,998 root                INFO: Valid: Epoch 141: kendall tau 0.4467 0.5747; loss 0.0122 0.006875
2022-01-21 16:02:16,663 root                INFO: Train: Epoch 142: train loss 0.0030
2022-01-21 16:02:18,722 root                INFO: Valid: Epoch 142: kendall tau 0.4399 0.5705; loss 0.01359 0.007894
2022-01-21 16:02:19,358 root                INFO: Train: Epoch 143: train loss 0.0030
2022-01-21 16:02:21,156 root                INFO: Valid: Epoch 143: kendall tau 0.4364 0.5822; loss 0.01442 0.0069
2022-01-21 16:02:21,822 root                INFO: Train: Epoch 144: train loss 0.0031
2022-01-21 16:02:23,839 root                INFO: Valid: Epoch 144: kendall tau 0.4478 0.5864; loss 0.0121 0.006075
2022-01-21 16:02:24,490 root                INFO: Train: Epoch 145: train loss 0.0029
2022-01-21 16:02:26,263 root                INFO: Valid: Epoch 145: kendall tau 0.4306 0.5689; loss 0.01561 0.006827
2022-01-21 16:02:26,879 root                INFO: Train: Epoch 146: train loss 0.0030
2022-01-21 16:02:28,829 root                INFO: Valid: Epoch 146: kendall tau 0.4366 0.5546; loss 0.01277 0.00757
2022-01-21 16:02:29,511 root                INFO: Train: Epoch 147: train loss 0.0031
2022-01-21 16:02:31,287 root                INFO: Valid: Epoch 147: kendall tau 0.4302 0.5589; loss 0.01389 0.007113
2022-01-21 16:02:31,935 root                INFO: Train: Epoch 148: train loss 0.0027
2022-01-21 16:02:33,881 root                INFO: Valid: Epoch 148: kendall tau 0.4263 0.5739; loss 0.01413 0.006232
2022-01-21 16:02:34,514 root                INFO: Train: Epoch 149: train loss 0.0030
2022-01-21 16:02:36,337 root                INFO: Valid: Epoch 149: kendall tau 0.4332 0.5837; loss 0.01431 0.006291
2022-01-21 16:02:37,024 root                INFO: Train: Epoch 150: train loss 0.0029
2022-01-21 16:02:38,931 root                INFO: Valid: Epoch 150: kendall tau 0.4436 0.5872; loss 0.01297 0.006682
2022-01-21 16:02:39,570 root                INFO: Train: Epoch 151: train loss 0.0030
2022-01-21 16:02:41,429 root                INFO: Valid: Epoch 151: kendall tau 0.4316 0.5821; loss 0.01636 0.007242
2022-01-21 16:02:42,085 root                INFO: Train: Epoch 152: train loss 0.0037
2022-01-21 16:02:44,039 root                INFO: Valid: Epoch 152: kendall tau 0.4435 0.5924; loss 0.01403 0.007035
2022-01-21 16:02:44,669 root                INFO: Train: Epoch 153: train loss 0.0034
2022-01-21 16:02:46,525 root                INFO: Valid: Epoch 153: kendall tau 0.4581 0.6019; loss 0.0104 0.006917
2022-01-21 16:02:47,132 root                INFO: Train: Epoch 154: train loss 0.0035
2022-01-21 16:02:49,045 root                INFO: Valid: Epoch 154: kendall tau 0.4218 0.6019; loss 0.01804 0.00747
2022-01-21 16:02:49,715 root                INFO: Train: Epoch 155: train loss 0.0034
2022-01-21 16:02:51,512 root                INFO: Valid: Epoch 155: kendall tau 0.4353 0.6131; loss 0.0123 0.00583
2022-01-21 16:02:52,266 root                INFO: Train: Epoch 156: train loss 0.0033
2022-01-21 16:02:54,127 root                INFO: Valid: Epoch 156: kendall tau 0.4370 0.6096; loss 0.0127 0.005538
2022-01-21 16:02:54,769 root                INFO: Train: Epoch 157: train loss 0.0029
2022-01-21 16:02:56,667 root                INFO: Valid: Epoch 157: kendall tau 0.4257 0.5924; loss 0.01619 0.006304
2022-01-21 16:02:57,309 root                INFO: Train: Epoch 158: train loss 0.0029
2022-01-21 16:02:59,108 root                INFO: Valid: Epoch 158: kendall tau 0.4384 0.5854; loss 0.01188 0.006266
2022-01-21 16:02:59,728 root                INFO: Train: Epoch 159: train loss 0.0031
2022-01-21 16:03:01,665 root                INFO: Valid: Epoch 159: kendall tau 0.4337 0.5689; loss 0.0139 0.006349
2022-01-21 16:03:02,289 root                INFO: Train: Epoch 160: train loss 0.0027
2022-01-21 16:03:04,058 root                INFO: Valid: Epoch 160: kendall tau 0.4375 0.5702; loss 0.01521 0.006567
2022-01-21 16:03:04,698 root                INFO: Train: Epoch 161: train loss 0.0029
2022-01-21 16:03:06,699 root                INFO: Valid: Epoch 161: kendall tau 0.4559 0.5927; loss 0.01141 0.006098
2022-01-21 16:03:07,336 root                INFO: Train: Epoch 162: train loss 0.0030
2022-01-21 16:03:09,187 root                INFO: Valid: Epoch 162: kendall tau 0.4485 0.6021; loss 0.01379 0.006431
2022-01-21 16:03:09,806 root                INFO: Train: Epoch 163: train loss 0.0027
2022-01-21 16:03:11,652 root                INFO: Valid: Epoch 163: kendall tau 0.4430 0.6061; loss 0.01466 0.006515
2022-01-21 16:03:12,263 root                INFO: Train: Epoch 164: train loss 0.0028
2022-01-21 16:03:14,246 root                INFO: Valid: Epoch 164: kendall tau 0.4532 0.6109; loss 0.01191 0.006379
2022-01-21 16:03:14,877 root                INFO: Train: Epoch 165: train loss 0.0027
2022-01-21 16:03:16,772 root                INFO: Valid: Epoch 165: kendall tau 0.4523 0.6063; loss 0.01335 0.007049
2022-01-21 16:03:17,427 root                INFO: Train: Epoch 166: train loss 0.0026
2022-01-21 16:03:19,366 root                INFO: Valid: Epoch 166: kendall tau 0.4511 0.6056; loss 0.01292 0.007157
2022-01-21 16:03:19,997 root                INFO: Train: Epoch 167: train loss 0.0026
2022-01-21 16:03:21,800 root                INFO: Valid: Epoch 167: kendall tau 0.4477 0.6107; loss 0.01231 0.006669
2022-01-21 16:03:22,466 root                INFO: Train: Epoch 168: train loss 0.0027
2022-01-21 16:03:24,412 root                INFO: Valid: Epoch 168: kendall tau 0.4381 0.6057; loss 0.01463 0.006499
2022-01-21 16:03:25,033 root                INFO: Train: Epoch 169: train loss 0.0027
2022-01-21 16:03:26,865 root                INFO: Valid: Epoch 169: kendall tau 0.4433 0.6028; loss 0.01341 0.006491
2022-01-21 16:03:27,496 root                INFO: Train: Epoch 170: train loss 0.0026
2022-01-21 16:03:29,447 root                INFO: Valid: Epoch 170: kendall tau 0.4457 0.5941; loss 0.01203 0.006948
2022-01-21 16:03:30,112 root                INFO: Train: Epoch 171: train loss 0.0027
2022-01-21 16:03:31,948 root                INFO: Valid: Epoch 171: kendall tau 0.4390 0.5858; loss 0.01532 0.007342
2022-01-21 16:03:32,622 root                INFO: Train: Epoch 172: train loss 0.0028
2022-01-21 16:03:34,544 root                INFO: Valid: Epoch 172: kendall tau 0.4546 0.5965; loss 0.01192 0.006948
2022-01-21 16:03:35,188 root                INFO: Train: Epoch 173: train loss 0.0025
2022-01-21 16:03:36,952 root                INFO: Valid: Epoch 173: kendall tau 0.4542 0.6044; loss 0.01195 0.006608
2022-01-21 16:03:37,569 root                INFO: Train: Epoch 174: train loss 0.0026
2022-01-21 16:03:39,556 root                INFO: Valid: Epoch 174: kendall tau 0.4360 0.5975; loss 0.01492 0.006987
2022-01-21 16:03:40,201 root                INFO: Train: Epoch 175: train loss 0.0026
2022-01-21 16:03:42,032 root                INFO: Valid: Epoch 175: kendall tau 0.4367 0.5941; loss 0.01268 0.006774
2022-01-21 16:03:42,833 root                INFO: Train: Epoch 176: train loss 0.0026
2022-01-21 16:03:44,611 root                INFO: Valid: Epoch 176: kendall tau 0.4350 0.5896; loss 0.01385 0.006922
2022-01-21 16:03:45,252 root                INFO: Train: Epoch 177: train loss 0.0024
2022-01-21 16:03:47,273 root                INFO: Valid: Epoch 177: kendall tau 0.4435 0.5967; loss 0.01391 0.006604
2022-01-21 16:03:47,944 root                INFO: Train: Epoch 178: train loss 0.0024
2022-01-21 16:03:49,771 root                INFO: Valid: Epoch 178: kendall tau 0.4565 0.6074; loss 0.0121 0.006253
2022-01-21 16:03:50,393 root                INFO: Train: Epoch 179: train loss 0.0024
2022-01-21 16:03:52,373 root                INFO: Valid: Epoch 179: kendall tau 0.4500 0.6072; loss 0.01427 0.006768
2022-01-21 16:03:53,056 root                INFO: Train: Epoch 180: train loss 0.0026
2022-01-21 16:03:54,957 root                INFO: Valid: Epoch 180: kendall tau 0.4613 0.6136; loss 0.01194 0.006719
2022-01-21 16:03:55,629 root                INFO: Train: Epoch 181: train loss 0.0025
2022-01-21 16:03:57,544 root                INFO: Valid: Epoch 181: kendall tau 0.4558 0.6143; loss 0.01271 0.006535
2022-01-21 16:03:58,167 root                INFO: Train: Epoch 182: train loss 0.0025
2022-01-21 16:03:59,908 root                INFO: Valid: Epoch 182: kendall tau 0.4474 0.6130; loss 0.01372 0.006352
2022-01-21 16:04:00,734 root                INFO: Train: Epoch 183: train loss 0.0024
2022-01-21 16:04:02,605 root                INFO: Valid: Epoch 183: kendall tau 0.4523 0.6174; loss 0.01158 0.006207
2022-01-21 16:04:03,289 root                INFO: Train: Epoch 184: train loss 0.0026
2022-01-21 16:04:05,261 root                INFO: Valid: Epoch 184: kendall tau 0.4409 0.6029; loss 0.01493 0.00677
2022-01-21 16:04:05,890 root                INFO: Train: Epoch 185: train loss 0.0025
2022-01-21 16:04:07,725 root                INFO: Valid: Epoch 185: kendall tau 0.4562 0.6072; loss 0.01159 0.006616
2022-01-21 16:04:08,326 root                INFO: Train: Epoch 186: train loss 0.0025
2022-01-21 16:04:10,345 root                INFO: Valid: Epoch 186: kendall tau 0.4537 0.6177; loss 0.0123 0.006318
2022-01-21 16:04:11,059 root                INFO: Train: Epoch 187: train loss 0.0023
2022-01-21 16:04:12,799 root                INFO: Valid: Epoch 187: kendall tau 0.4427 0.6193; loss 0.01585 0.006352
2022-01-21 16:04:13,413 root                INFO: Train: Epoch 188: train loss 0.0026
2022-01-21 16:04:15,393 root                INFO: Valid: Epoch 188: kendall tau 0.4555 0.6222; loss 0.01193 0.00621
2022-01-21 16:04:16,006 root                INFO: Train: Epoch 189: train loss 0.0025
2022-01-21 16:04:17,870 root                INFO: Valid: Epoch 189: kendall tau 0.4568 0.6104; loss 0.01325 0.00683
2022-01-21 16:04:18,565 root                INFO: Train: Epoch 190: train loss 0.0026
2022-01-21 16:04:20,473 root                INFO: Valid: Epoch 190: kendall tau 0.4602 0.6012; loss 0.01374 0.007524
2022-01-21 16:04:21,080 root                INFO: Train: Epoch 191: train loss 0.0026
2022-01-21 16:04:23,078 root                INFO: Valid: Epoch 191: kendall tau 0.4704 0.6001; loss 0.01047 0.00702
2022-01-21 16:04:23,658 root                INFO: Train: Epoch 192: train loss 0.0027
2022-01-21 16:04:25,475 root                INFO: Valid: Epoch 192: kendall tau 0.4497 0.6133; loss 0.01418 0.006419
2022-01-21 16:04:26,099 root                INFO: Train: Epoch 193: train loss 0.0024
2022-01-21 16:04:28,155 root                INFO: Valid: Epoch 193: kendall tau 0.4491 0.6202; loss 0.01315 0.006303
2022-01-21 16:04:28,778 root                INFO: Train: Epoch 194: train loss 0.0025
2022-01-21 16:04:30,618 root                INFO: Valid: Epoch 194: kendall tau 0.4538 0.6148; loss 0.01218 0.006184
2022-01-21 16:04:31,273 root                INFO: Train: Epoch 195: train loss 0.0023
2022-01-21 16:04:33,204 root                INFO: Valid: Epoch 195: kendall tau 0.4564 0.6016; loss 0.01293 0.007063
2022-01-21 16:04:33,876 root                INFO: Train: Epoch 196: train loss 0.0025
2022-01-21 16:04:35,697 root                INFO: Valid: Epoch 196: kendall tau 0.4690 0.6002; loss 0.01073 0.006866
2022-01-21 16:04:36,299 root                INFO: Train: Epoch 197: train loss 0.0024
2022-01-21 16:04:38,239 root                INFO: Valid: Epoch 197: kendall tau 0.4635 0.6125; loss 0.01234 0.006393
2022-01-21 16:04:38,884 root                INFO: Train: Epoch 198: train loss 0.0022
2022-01-21 16:04:40,836 root                INFO: Valid: Epoch 198: kendall tau 0.4552 0.6210; loss 0.01494 0.005973
2022-01-21 16:04:41,441 root                INFO: Train: Epoch 199: train loss 0.0024
2022-01-21 16:04:43,226 root                INFO: Valid: Epoch 199: kendall tau 0.4629 0.6246; loss 0.01241 0.005992
2022-01-21 16:04:43,874 root                INFO: Train: Epoch 200: train loss 0.0022
2022-01-21 16:04:45,756 root                INFO: Valid: Epoch 200: kendall tau 0.4686 0.6257; loss 0.01185 0.00647
2022-01-21 16:04:45,763 root                INFO: Epoch 200: Save checkpoint to nb1shot1_anytime_tagates/tagates_0.1/123/2021/200.ckpt
2022-01-21 16:04:47,562 root                INFO: [0.14285714285714285, 0.1388888888888889, 0.125, 0.25824175824175827, 0.33607681755829905, 0.7363511659807956, 1.0]
2022-01-21 16:04:47,562 root                INFO: [0.14285714285714285, 0.3055555555555556, 0.4583333333333333, 0.5796703296703297, 0.6310013717421125, 0.8263374485596707, 1.0]
2022-01-21 16:04:47,562 root                INFO: [1, 1]
2022-01-21 16:04:47,562 root                INFO: [4, 4]
