2022-01-21 15:45:38,034 root                INFO: GPU device = 6
2022-01-21 15:45:38,035 root                INFO: Load pkl cache from nasbench101.pkl and nasbench101_valid.pkl
2022-01-21 15:45:38,442 root                INFO: Config: {'arch_network_cfg': {'arch_embedder_cfg': {'gcn_kwargs': {'plus_I': True, 'residual_only': 1}, 'gcn_out_dims': [128, 128, 128, 128, 128], 'backward_gcn_out_dims': [128, 128, 128, 128, 128], 'hid_dim': 96, 'node_embedding_dim': 48, 'op_embedding_dim': 48, 'num_time_steps': 2, 'fb_conversion_dims': [128, 128], 'updateopemb_method': 'concat_ofb', 'updateopemb_dims': [128], 'updateopemb_scale': 0.1, 'b_use_bn': False, 'detach_vinfo': False, 'updateopemb_detach_opemb': True, 'updateopemb_detach_finfo': True, 'symmetry_breaking_method': 'param_zs_add', 'concat_param_zs_as_opemb_dimension': 7, 'concat_param_zs_as_opemb_scale': 1.0, 'mask_nonparametrized_ops': False}, 'arch_embedder_type': 'nb101-fbflow-anytime', 'compare_loss_type': 'margin_linear', 'compare_margin': 0.1, 'mlp_dropout': 0.1, 'mlp_hiddens': [200], 'mlp_out_dim': 1, 'optimizer': {'lr': 0.001, 'type': 'Adam'}, 'scheduler': None}, 'batch_size': 512, 'choose_pair_criterion': 'random', 'compare': False, 'compare_threshold': 0.0, 'epochs': 400, 'max_compare_ratio': 4.0}
2022-01-21 15:45:50,859 root                INFO: Combined args: Namespace(batch_size=512, cfg_file='cfgs/nb101_cfgs/tagates_anytime.yaml', choose_pair_criterion='random', compare=False, compare_threshold=0.0, epochs=400, eval_only_last=200, gpu=6, load=None, max_compare_ratio=4.0, num_workers=4, report_freq=200, save_every=200, save_predict=None, seed=2021, test_funcs=None, test_only=False, train_dir='nb1shot1_anytime_tagates/tagates_0.05/12/2021', train_pkl='../mynas/data/nasbench-1shot1/nasbench101_anytime_train_12.pkl', train_ratio=0.05, valid_pkl='../mynas/data/nasbench-1shot1/nasbench101_anytime_valid.pkl')
2022-01-21 15:45:50,877 root                INFO: Train dataset ratio: 0.050
2022-01-21 15:45:50,878 root                INFO: Number of architectures: train: 364; valid: 7290
2022-01-21 15:45:54,351 root                INFO: Train: Epoch   1: train loss 0.2177
2022-01-21 15:45:55,133 root                INFO: Train: Epoch   2: train loss 0.1999
2022-01-21 15:45:55,795 root                INFO: Train: Epoch   3: train loss 0.1796
2022-01-21 15:45:57,094 root                INFO: Train: Epoch   4: train loss 0.1549
2022-01-21 15:45:59,087 root                INFO: Train: Epoch   5: train loss 0.1218
2022-01-21 15:47:17,015 root                INFO: GPU device = 6
2022-01-21 15:47:17,016 root                INFO: Load pkl cache from nasbench101.pkl and nasbench101_valid.pkl
2022-01-21 15:47:17,328 root                INFO: Config: {'arch_network_cfg': {'arch_embedder_cfg': {'gcn_kwargs': {'plus_I': True, 'residual_only': 1}, 'gcn_out_dims': [128, 128, 128, 128, 128], 'backward_gcn_out_dims': [128, 128, 128, 128, 128], 'hid_dim': 96, 'node_embedding_dim': 48, 'op_embedding_dim': 48, 'num_time_steps': 2, 'fb_conversion_dims': [128, 128], 'updateopemb_method': 'concat_ofb', 'updateopemb_dims': [128], 'updateopemb_scale': 0.1, 'b_use_bn': False, 'detach_vinfo': False, 'updateopemb_detach_opemb': True, 'updateopemb_detach_finfo': True, 'symmetry_breaking_method': 'param_zs_add', 'concat_param_zs_as_opemb_dimension': 7, 'concat_param_zs_as_opemb_scale': 1.0, 'mask_nonparametrized_ops': False}, 'arch_embedder_type': 'nb101-fbflow-anytime', 'compare_loss_type': 'margin_linear', 'compare_margin': 0.1, 'mlp_dropout': 0.1, 'mlp_hiddens': [200], 'mlp_out_dim': 1, 'optimizer': {'lr': 0.001, 'type': 'Adam'}, 'scheduler': None}, 'batch_size': 512, 'choose_pair_criterion': 'random', 'compare': False, 'compare_threshold': 0.0, 'epochs': 200, 'max_compare_ratio': 4.0}
2022-01-21 15:47:29,781 root                INFO: Combined args: Namespace(batch_size=512, cfg_file='cfgs/nb101_cfgs/tagates_anytime.yaml', choose_pair_criterion='random', compare=False, compare_threshold=0.0, epochs=200, eval_only_last=200, gpu=6, load=None, max_compare_ratio=4.0, num_workers=4, report_freq=200, save_every=200, save_predict=None, seed=2021, test_funcs=None, test_only=False, train_dir='nb1shot1_anytime_tagates/tagates_0.05/12/2021', train_pkl='../mynas/data/nasbench-1shot1/nasbench101_anytime_train_12.pkl', train_ratio=0.05, valid_pkl='../mynas/data/nasbench-1shot1/nasbench101_anytime_valid.pkl')
2022-01-21 15:47:29,795 root                INFO: Train dataset ratio: 0.050
2022-01-21 15:47:29,796 root                INFO: Number of architectures: train: 364; valid: 7290
2022-01-21 15:47:33,061 root                INFO: Train: Epoch   1: train loss 0.2177
2022-01-21 15:47:35,376 root                INFO: Valid: Epoch   1: kendall tau 0.2337 0.2549; loss 0.03647 0.1311
2022-01-21 15:47:36,087 root                INFO: Train: Epoch   2: train loss 0.1999
2022-01-21 15:47:38,031 root                INFO: Valid: Epoch   2: kendall tau 0.2814 0.2701; loss 0.0328 0.1187
2022-01-21 15:47:38,718 root                INFO: Train: Epoch   3: train loss 0.1796
2022-01-21 15:47:41,089 root                INFO: Valid: Epoch   3: kendall tau 0.3088 0.2911; loss 0.02814 0.1041
2022-01-21 15:47:41,722 root                INFO: Train: Epoch   4: train loss 0.1549
2022-01-21 15:47:43,750 root                INFO: Valid: Epoch   4: kendall tau 0.3266 0.3075; loss 0.02237 0.08503
2022-01-21 15:47:44,376 root                INFO: Train: Epoch   5: train loss 0.1216
2022-01-21 15:47:46,804 root                INFO: Valid: Epoch   5: kendall tau 0.3320 0.3131; loss 0.01742 0.05986
2022-01-21 15:47:47,399 root                INFO: Train: Epoch   6: train loss 0.0794
2022-01-21 15:47:49,756 root                INFO: Valid: Epoch   6: kendall tau 0.3295 0.3256; loss 0.01934 0.03159
2022-01-21 15:47:50,279 root                INFO: Train: Epoch   7: train loss 0.0405
2022-01-21 15:47:52,605 root                INFO: Valid: Epoch   7: kendall tau 0.3294 0.3381; loss 0.03881 0.01141
2022-01-21 15:47:53,191 root                INFO: Train: Epoch   8: train loss 0.0290
2022-01-21 15:47:55,614 root                INFO: Valid: Epoch   8: kendall tau 0.3308 0.3511; loss 0.05936 0.009095
2022-01-21 15:47:56,342 root                INFO: Train: Epoch   9: train loss 0.0408
2022-01-21 15:47:58,577 root                INFO: Valid: Epoch   9: kendall tau 0.3330 0.3581; loss 0.06148 0.01196
2022-01-21 15:47:59,106 root                INFO: Train: Epoch  10: train loss 0.0442
2022-01-21 15:48:01,331 root                INFO: Valid: Epoch  10: kendall tau 0.3369 0.3613; loss 0.04941 0.0133
2022-01-21 15:48:01,987 root                INFO: Train: Epoch  11: train loss 0.0361
2022-01-21 15:48:03,907 root                INFO: Valid: Epoch  11: kendall tau 0.3436 0.3635; loss 0.03212 0.01307
2022-01-21 15:48:04,510 root                INFO: Train: Epoch  12: train loss 0.0244
2022-01-21 15:48:06,811 root                INFO: Valid: Epoch  12: kendall tau 0.3507 0.3651; loss 0.01967 0.01199
2022-01-21 15:48:07,484 root                INFO: Train: Epoch  13: train loss 0.0167
2022-01-21 15:48:09,567 root                INFO: Valid: Epoch  13: kendall tau 0.3595 0.3662; loss 0.0166 0.01077
2022-01-21 15:48:10,357 root                INFO: Train: Epoch  14: train loss 0.0195
2022-01-21 15:48:12,830 root                INFO: Valid: Epoch  14: kendall tau 0.3640 0.3684; loss 0.01813 0.009815
2022-01-21 15:48:13,408 root                INFO: Train: Epoch  15: train loss 0.0248
2022-01-21 15:48:15,475 root                INFO: Valid: Epoch  15: kendall tau 0.3648 0.3712; loss 0.01915 0.009193
2022-01-21 15:48:16,098 root                INFO: Train: Epoch  16: train loss 0.0272
2022-01-21 15:48:18,295 root                INFO: Valid: Epoch  16: kendall tau 0.3622 0.3745; loss 0.01877 0.008845
2022-01-21 15:48:18,937 root                INFO: Train: Epoch  17: train loss 0.0262
2022-01-21 15:48:21,096 root                INFO: Valid: Epoch  17: kendall tau 0.3582 0.3782; loss 0.01774 0.008678
2022-01-21 15:48:21,646 root                INFO: Train: Epoch  18: train loss 0.0229
2022-01-21 15:48:23,816 root                INFO: Valid: Epoch  18: kendall tau 0.3536 0.3820; loss 0.01685 0.008628
2022-01-21 15:48:24,410 root                INFO: Train: Epoch  19: train loss 0.0193
2022-01-21 15:48:26,343 root                INFO: Valid: Epoch  19: kendall tau 0.3499 0.3859; loss 0.01666 0.008659
2022-01-21 15:48:26,961 root                INFO: Train: Epoch  20: train loss 0.0165
2022-01-21 15:48:29,126 root                INFO: Valid: Epoch  20: kendall tau 0.3476 0.3899; loss 0.01749 0.008748
2022-01-21 15:48:29,669 root                INFO: Train: Epoch  21: train loss 0.0147
2022-01-21 15:48:31,843 root                INFO: Valid: Epoch  21: kendall tau 0.3465 0.3938; loss 0.0193 0.008844
2022-01-21 15:48:32,335 root                INFO: Train: Epoch  22: train loss 0.0143
2022-01-21 15:48:34,677 root                INFO: Valid: Epoch  22: kendall tau 0.3461 0.3977; loss 0.02159 0.008873
2022-01-21 15:48:35,183 root                INFO: Train: Epoch  23: train loss 0.0147
2022-01-21 15:48:37,302 root                INFO: Valid: Epoch  23: kendall tau 0.3457 0.4014; loss 0.02352 0.008768
2022-01-21 15:48:37,871 root                INFO: Train: Epoch  24: train loss 0.0153
2022-01-21 15:48:39,942 root                INFO: Valid: Epoch  24: kendall tau 0.3452 0.4050; loss 0.02441 0.008545
2022-01-21 15:48:40,435 root                INFO: Train: Epoch  25: train loss 0.0154
2022-01-21 15:48:42,696 root                INFO: Valid: Epoch  25: kendall tau 0.3450 0.4084; loss 0.02421 0.008326
2022-01-21 15:48:43,279 root                INFO: Train: Epoch  26: train loss 0.0157
2022-01-21 15:48:45,256 root                INFO: Valid: Epoch  26: kendall tau 0.3452 0.4119; loss 0.0232 0.008266
2022-01-21 15:48:45,734 root                INFO: Train: Epoch  27: train loss 0.0150
2022-01-21 15:48:47,919 root                INFO: Valid: Epoch  27: kendall tau 0.3454 0.4153; loss 0.02192 0.008436
2022-01-21 15:48:48,385 root                INFO: Train: Epoch  28: train loss 0.0149
2022-01-21 15:48:50,623 root                INFO: Valid: Epoch  28: kendall tau 0.3454 0.4188; loss 0.02078 0.008725
2022-01-21 15:48:51,201 root                INFO: Train: Epoch  29: train loss 0.0149
2022-01-21 15:48:53,131 root                INFO: Valid: Epoch  29: kendall tau 0.3452 0.4224; loss 0.01997 0.008942
2022-01-21 15:48:53,801 root                INFO: Train: Epoch  30: train loss 0.0147
2022-01-21 15:48:55,923 root                INFO: Valid: Epoch  30: kendall tau 0.3446 0.4258; loss 0.01949 0.008959
2022-01-21 15:48:56,578 root                INFO: Train: Epoch  31: train loss 0.0148
2022-01-21 15:48:58,607 root                INFO: Valid: Epoch  31: kendall tau 0.3439 0.4291; loss 0.01931 0.008764
2022-01-21 15:48:59,329 root                INFO: Train: Epoch  32: train loss 0.0145
2022-01-21 15:49:01,510 root                INFO: Valid: Epoch  32: kendall tau 0.3430 0.4325; loss 0.01935 0.008479
2022-01-21 15:49:02,159 root                INFO: Train: Epoch  33: train loss 0.0142
2022-01-21 15:49:04,489 root                INFO: Valid: Epoch  33: kendall tau 0.3421 0.4359; loss 0.01958 0.008247
2022-01-21 15:49:05,247 root                INFO: Train: Epoch  34: train loss 0.0138
2022-01-21 15:49:07,691 root                INFO: Valid: Epoch  34: kendall tau 0.3410 0.4388; loss 0.01992 0.008166
2022-01-21 15:49:08,460 root                INFO: Train: Epoch  35: train loss 0.0136
2022-01-21 15:49:10,427 root                INFO: Valid: Epoch  35: kendall tau 0.3396 0.4419; loss 0.02027 0.008245
2022-01-21 15:49:10,989 root                INFO: Train: Epoch  36: train loss 0.0136
2022-01-21 15:49:13,297 root                INFO: Valid: Epoch  36: kendall tau 0.3382 0.4452; loss 0.02048 0.008403
2022-01-21 15:49:13,825 root                INFO: Train: Epoch  37: train loss 0.0136
2022-01-21 15:49:15,921 root                INFO: Valid: Epoch  37: kendall tau 0.3368 0.4485; loss 0.02046 0.008546
2022-01-21 15:49:16,445 root                INFO: Train: Epoch  38: train loss 0.0134
2022-01-21 15:49:19,280 root                INFO: Valid: Epoch  38: kendall tau 0.3355 0.4518; loss 0.02025 0.008629
2022-01-21 15:49:19,778 root                INFO: Train: Epoch  39: train loss 0.0136
2022-01-21 15:49:22,209 root                INFO: Valid: Epoch  39: kendall tau 0.3341 0.4552; loss 0.0199 0.008635
2022-01-21 15:49:22,749 root                INFO: Train: Epoch  40: train loss 0.0134
2022-01-21 15:49:25,197 root                INFO: Valid: Epoch  40: kendall tau 0.3329 0.4585; loss 0.01947 0.008574
2022-01-21 15:49:25,751 root                INFO: Train: Epoch  41: train loss 0.0133
2022-01-21 15:49:27,968 root                INFO: Valid: Epoch  41: kendall tau 0.3319 0.4618; loss 0.01903 0.008474
2022-01-21 15:49:28,453 root                INFO: Train: Epoch  42: train loss 0.0133
2022-01-21 15:49:30,819 root                INFO: Valid: Epoch  42: kendall tau 0.3309 0.4653; loss 0.01866 0.008372
2022-01-21 15:49:31,457 root                INFO: Train: Epoch  43: train loss 0.0132
2022-01-21 15:49:33,337 root                INFO: Valid: Epoch  43: kendall tau 0.3297 0.4688; loss 0.01842 0.008292
2022-01-21 15:49:33,917 root                INFO: Train: Epoch  44: train loss 0.0134
2022-01-21 15:49:36,368 root                INFO: Valid: Epoch  44: kendall tau 0.3284 0.4723; loss 0.0183 0.00824
2022-01-21 15:49:37,006 root                INFO: Train: Epoch  45: train loss 0.0135
2022-01-21 15:49:39,016 root                INFO: Valid: Epoch  45: kendall tau 0.3271 0.4758; loss 0.0183 0.008214
2022-01-21 15:49:39,566 root                INFO: Train: Epoch  46: train loss 0.0133
2022-01-21 15:49:41,615 root                INFO: Valid: Epoch  46: kendall tau 0.3258 0.4794; loss 0.01841 0.00821
2022-01-21 15:49:42,488 root                INFO: Train: Epoch  47: train loss 0.0134
2022-01-21 15:49:44,734 root                INFO: Valid: Epoch  47: kendall tau 0.3244 0.4831; loss 0.01863 0.008228
2022-01-21 15:49:45,474 root                INFO: Train: Epoch  48: train loss 0.0135
2022-01-21 15:49:47,828 root                INFO: Valid: Epoch  48: kendall tau 0.3230 0.4868; loss 0.01893 0.00826
2022-01-21 15:49:48,729 root                INFO: Train: Epoch  49: train loss 0.0130
2022-01-21 15:49:50,939 root                INFO: Valid: Epoch  49: kendall tau 0.3220 0.4907; loss 0.01929 0.008292
2022-01-21 15:49:51,789 root                INFO: Train: Epoch  50: train loss 0.0132
2022-01-21 15:49:54,194 root                INFO: Valid: Epoch  50: kendall tau 0.3208 0.4946; loss 0.01966 0.008319
2022-01-21 15:49:54,792 root                INFO: Train: Epoch  51: train loss 0.0130
2022-01-21 15:49:56,804 root                INFO: Valid: Epoch  51: kendall tau 0.3199 0.4986; loss 0.01997 0.008314
2022-01-21 15:49:57,374 root                INFO: Train: Epoch  52: train loss 0.0130
2022-01-21 15:49:59,622 root                INFO: Valid: Epoch  52: kendall tau 0.3191 0.5028; loss 0.02013 0.008263
2022-01-21 15:50:00,134 root                INFO: Train: Epoch  53: train loss 0.0129
2022-01-21 15:50:02,166 root                INFO: Valid: Epoch  53: kendall tau 0.3187 0.5071; loss 0.02012 0.008172
2022-01-21 15:50:02,638 root                INFO: Train: Epoch  54: train loss 0.0129
2022-01-21 15:50:04,906 root                INFO: Valid: Epoch  54: kendall tau 0.3187 0.5116; loss 0.02 0.008071
2022-01-21 15:50:05,423 root                INFO: Train: Epoch  55: train loss 0.0128
2022-01-21 15:50:07,512 root                INFO: Valid: Epoch  55: kendall tau 0.3189 0.5165; loss 0.01985 0.007983
2022-01-21 15:50:08,068 root                INFO: Train: Epoch  56: train loss 0.0130
2022-01-21 15:50:10,475 root                INFO: Valid: Epoch  56: kendall tau 0.3192 0.5218; loss 0.01972 0.007919
2022-01-21 15:50:11,026 root                INFO: Train: Epoch  57: train loss 0.0126
2022-01-21 15:50:13,293 root                INFO: Valid: Epoch  57: kendall tau 0.3193 0.5272; loss 0.01966 0.007879
2022-01-21 15:50:13,844 root                INFO: Train: Epoch  58: train loss 0.0124
2022-01-21 15:50:15,826 root                INFO: Valid: Epoch  58: kendall tau 0.3189 0.5328; loss 0.01972 0.007854
2022-01-21 15:50:16,379 root                INFO: Train: Epoch  59: train loss 0.0124
2022-01-21 15:50:18,566 root                INFO: Valid: Epoch  59: kendall tau 0.3182 0.5383; loss 0.0199 0.007841
2022-01-21 15:50:19,097 root                INFO: Train: Epoch  60: train loss 0.0126
2022-01-21 15:50:20,965 root                INFO: Valid: Epoch  60: kendall tau 0.3175 0.5439; loss 0.02015 0.007842
2022-01-21 15:50:21,554 root                INFO: Train: Epoch  61: train loss 0.0123
2022-01-21 15:50:23,754 root                INFO: Valid: Epoch  61: kendall tau 0.3169 0.5498; loss 0.02037 0.007846
2022-01-21 15:50:24,359 root                INFO: Train: Epoch  62: train loss 0.0124
2022-01-21 15:50:26,416 root                INFO: Valid: Epoch  62: kendall tau 0.3167 0.5560; loss 0.02046 0.007839
2022-01-21 15:50:26,952 root                INFO: Train: Epoch  63: train loss 0.0125
2022-01-21 15:50:29,262 root                INFO: Valid: Epoch  63: kendall tau 0.3174 0.5628; loss 0.02036 0.007808
2022-01-21 15:50:29,734 root                INFO: Train: Epoch  64: train loss 0.0124
2022-01-21 15:50:31,976 root                INFO: Valid: Epoch  64: kendall tau 0.3187 0.5700; loss 0.02009 0.007758
2022-01-21 15:50:32,481 root                INFO: Train: Epoch  65: train loss 0.0122
2022-01-21 15:50:34,426 root                INFO: Valid: Epoch  65: kendall tau 0.3205 0.5774; loss 0.01981 0.00771
2022-01-21 15:50:34,962 root                INFO: Train: Epoch  66: train loss 0.0123
2022-01-21 15:50:36,949 root                INFO: Valid: Epoch  66: kendall tau 0.3222 0.5851; loss 0.01966 0.00768
2022-01-21 15:50:37,468 root                INFO: Train: Epoch  67: train loss 0.0123
2022-01-21 15:50:39,547 root                INFO: Valid: Epoch  67: kendall tau 0.3232 0.5926; loss 0.01966 0.007668
2022-01-21 15:50:40,089 root                INFO: Train: Epoch  68: train loss 0.0121
2022-01-21 15:50:42,030 root                INFO: Valid: Epoch  68: kendall tau 0.3237 0.6002; loss 0.01976 0.007676
2022-01-21 15:50:42,579 root                INFO: Train: Epoch  69: train loss 0.0119
2022-01-21 15:50:44,687 root                INFO: Valid: Epoch  69: kendall tau 0.3241 0.6077; loss 0.01995 0.007712
2022-01-21 15:50:45,218 root                INFO: Train: Epoch  70: train loss 0.0117
2022-01-21 15:50:47,212 root                INFO: Valid: Epoch  70: kendall tau 0.3253 0.6153; loss 0.01993 0.007703
2022-01-21 15:50:47,835 root                INFO: Train: Epoch  71: train loss 0.0117
2022-01-21 15:50:50,171 root                INFO: Valid: Epoch  71: kendall tau 0.3271 0.6227; loss 0.01968 0.007642
2022-01-21 15:50:50,944 root                INFO: Train: Epoch  72: train loss 0.0116
2022-01-21 15:50:52,998 root                INFO: Valid: Epoch  72: kendall tau 0.3287 0.6290; loss 0.01945 0.007581
2022-01-21 15:50:53,731 root                INFO: Train: Epoch  73: train loss 0.0115
2022-01-21 15:50:55,931 root                INFO: Valid: Epoch  73: kendall tau 0.3292 0.6341; loss 0.01938 0.007552
2022-01-21 15:50:56,474 root                INFO: Train: Epoch  74: train loss 0.0114
2022-01-21 15:50:58,494 root                INFO: Valid: Epoch  74: kendall tau 0.3288 0.6375; loss 0.01945 0.007545
2022-01-21 15:50:58,991 root                INFO: Train: Epoch  75: train loss 0.0111
2022-01-21 15:51:01,182 root                INFO: Valid: Epoch  75: kendall tau 0.3275 0.6387; loss 0.01961 0.007557
2022-01-21 15:51:01,770 root                INFO: Train: Epoch  76: train loss 0.0112
2022-01-21 15:51:03,995 root                INFO: Valid: Epoch  76: kendall tau 0.3257 0.6375; loss 0.0198 0.007576
2022-01-21 15:51:04,602 root                INFO: Train: Epoch  77: train loss 0.0111
2022-01-21 15:51:06,630 root                INFO: Valid: Epoch  77: kendall tau 0.3249 0.6339; loss 0.01971 0.007527
2022-01-21 15:51:07,456 root                INFO: Train: Epoch  78: train loss 0.0111
2022-01-21 15:51:09,537 root                INFO: Valid: Epoch  78: kendall tau 0.3242 0.6284; loss 0.01948 0.007453
2022-01-21 15:51:10,094 root                INFO: Train: Epoch  79: train loss 0.0110
2022-01-21 15:51:12,329 root                INFO: Valid: Epoch  79: kendall tau 0.3219 0.6209; loss 0.0195 0.007439
2022-01-21 15:51:12,895 root                INFO: Train: Epoch  80: train loss 0.0108
2022-01-21 15:51:14,809 root                INFO: Valid: Epoch  80: kendall tau 0.3184 0.6117; loss 0.01976 0.007472
2022-01-21 15:51:15,340 root                INFO: Train: Epoch  81: train loss 0.0109
2022-01-21 15:51:17,372 root                INFO: Valid: Epoch  81: kendall tau 0.3160 0.6021; loss 0.01988 0.007484
2022-01-21 15:51:17,891 root                INFO: Train: Epoch  82: train loss 0.0108
2022-01-21 15:51:20,054 root                INFO: Valid: Epoch  82: kendall tau 0.3150 0.5927; loss 0.01966 0.00743
2022-01-21 15:51:20,530 root                INFO: Train: Epoch  83: train loss 0.0108
2022-01-21 15:51:22,990 root                INFO: Valid: Epoch  83: kendall tau 0.3147 0.5840; loss 0.01943 0.0074
2022-01-21 15:51:23,498 root                INFO: Train: Epoch  84: train loss 0.0108
2022-01-21 15:51:25,586 root                INFO: Valid: Epoch  84: kendall tau 0.3140 0.5758; loss 0.01943 0.007418
2022-01-21 15:51:26,221 root                INFO: Train: Epoch  85: train loss 0.0108
2022-01-21 15:51:28,422 root                INFO: Valid: Epoch  85: kendall tau 0.3143 0.5686; loss 0.01946 0.007454
2022-01-21 15:51:29,154 root                INFO: Train: Epoch  86: train loss 0.0107
2022-01-21 15:51:31,447 root                INFO: Valid: Epoch  86: kendall tau 0.3173 0.5629; loss 0.01911 0.007436
2022-01-21 15:51:32,049 root                INFO: Train: Epoch  87: train loss 0.0106
2022-01-21 15:51:34,459 root                INFO: Valid: Epoch  87: kendall tau 0.3213 0.5588; loss 0.01888 0.007444
2022-01-21 15:51:35,082 root                INFO: Train: Epoch  88: train loss 0.0105
2022-01-21 15:51:37,088 root                INFO: Valid: Epoch  88: kendall tau 0.3260 0.5559; loss 0.0188 0.007476
2022-01-21 15:51:37,711 root                INFO: Train: Epoch  89: train loss 0.0107
2022-01-21 15:51:39,898 root                INFO: Valid: Epoch  89: kendall tau 0.3327 0.5549; loss 0.01853 0.007477
2022-01-21 15:51:40,861 root                INFO: Train: Epoch  90: train loss 0.0105
2022-01-21 15:51:43,069 root                INFO: Valid: Epoch  90: kendall tau 0.3405 0.5550; loss 0.01823 0.007465
2022-01-21 15:51:43,809 root                INFO: Train: Epoch  91: train loss 0.0104
2022-01-21 15:51:46,165 root                INFO: Valid: Epoch  91: kendall tau 0.3488 0.5558; loss 0.018 0.007454
2022-01-21 15:51:46,926 root                INFO: Train: Epoch  92: train loss 0.0102
2022-01-21 15:51:49,123 root                INFO: Valid: Epoch  92: kendall tau 0.3551 0.5575; loss 0.01813 0.007494
2022-01-21 15:51:50,020 root                INFO: Train: Epoch  93: train loss 0.0101
2022-01-21 15:51:52,503 root                INFO: Valid: Epoch  93: kendall tau 0.3641 0.5587; loss 0.01772 0.007409
2022-01-21 15:51:53,143 root                INFO: Train: Epoch  94: train loss 0.0101
2022-01-21 15:51:55,425 root                INFO: Valid: Epoch  94: kendall tau 0.3708 0.5612; loss 0.01764 0.007371
2022-01-21 15:51:55,905 root                INFO: Train: Epoch  95: train loss 0.0100
2022-01-21 15:51:58,026 root                INFO: Valid: Epoch  95: kendall tau 0.3766 0.5641; loss 0.01766 0.007322
2022-01-21 15:51:58,508 root                INFO: Train: Epoch  96: train loss 0.0100
2022-01-21 15:52:00,808 root                INFO: Valid: Epoch  96: kendall tau 0.3821 0.5666; loss 0.01754 0.007248
2022-01-21 15:52:01,323 root                INFO: Train: Epoch  97: train loss 0.0100
2022-01-21 15:52:03,786 root                INFO: Valid: Epoch  97: kendall tau 0.3845 0.5674; loss 0.01791 0.007312
2022-01-21 15:52:04,311 root                INFO: Train: Epoch  98: train loss 0.0102
2022-01-21 15:52:06,254 root                INFO: Valid: Epoch  98: kendall tau 0.3903 0.5601; loss 0.01692 0.007191
2022-01-21 15:52:06,819 root                INFO: Train: Epoch  99: train loss 0.0099
2022-01-21 15:52:08,942 root                INFO: Valid: Epoch  99: kendall tau 0.3907 0.5538; loss 0.01728 0.007313
2022-01-21 15:52:09,902 root                INFO: Train: Epoch 100: train loss 0.0098
2022-01-21 15:52:12,230 root                INFO: Valid: Epoch 100: kendall tau 0.3918 0.5488; loss 0.01742 0.007418
2022-01-21 15:52:12,935 root                INFO: Train: Epoch 101: train loss 0.0097
2022-01-21 15:52:15,141 root                INFO: Valid: Epoch 101: kendall tau 0.3949 0.5454; loss 0.01678 0.007234
2022-01-21 15:52:15,717 root                INFO: Train: Epoch 102: train loss 0.0097
2022-01-21 15:52:17,821 root                INFO: Valid: Epoch 102: kendall tau 0.3965 0.5422; loss 0.01654 0.007112
2022-01-21 15:52:18,486 root                INFO: Train: Epoch 103: train loss 0.0094
2022-01-21 15:52:20,491 root                INFO: Valid: Epoch 103: kendall tau 0.3948 0.5368; loss 0.01728 0.0072
2022-01-21 15:52:21,147 root                INFO: Train: Epoch 104: train loss 0.0095
2022-01-21 15:52:23,550 root                INFO: Valid: Epoch 104: kendall tau 0.3943 0.5279; loss 0.0174 0.007131
2022-01-21 15:52:24,322 root                INFO: Train: Epoch 105: train loss 0.0092
2022-01-21 15:52:26,422 root                INFO: Valid: Epoch 105: kendall tau 0.3949 0.5138; loss 0.01645 0.006964
2022-01-21 15:52:27,057 root                INFO: Train: Epoch 106: train loss 0.0093
2022-01-21 15:52:29,188 root                INFO: Valid: Epoch 106: kendall tau 0.3931 0.5082; loss 0.01649 0.007244
2022-01-21 15:52:29,771 root                INFO: Train: Epoch 107: train loss 0.0091
2022-01-21 15:52:31,895 root                INFO: Valid: Epoch 107: kendall tau 0.3927 0.4989; loss 0.01625 0.007451
2022-01-21 15:52:32,451 root                INFO: Train: Epoch 108: train loss 0.0090
2022-01-21 15:52:34,696 root                INFO: Valid: Epoch 108: kendall tau 0.3938 0.4900; loss 0.01569 0.007244
2022-01-21 15:52:35,239 root                INFO: Train: Epoch 109: train loss 0.0089
2022-01-21 15:52:37,252 root                INFO: Valid: Epoch 109: kendall tau 0.3948 0.4783; loss 0.01608 0.007202
2022-01-21 15:52:37,905 root                INFO: Train: Epoch 110: train loss 0.0089
2022-01-21 15:52:40,084 root                INFO: Valid: Epoch 110: kendall tau 0.3972 0.4641; loss 0.01645 0.007157
2022-01-21 15:52:40,667 root                INFO: Train: Epoch 111: train loss 0.0086
2022-01-21 15:52:42,583 root                INFO: Valid: Epoch 111: kendall tau 0.4008 0.4508; loss 0.01548 0.006972
2022-01-21 15:52:43,220 root                INFO: Train: Epoch 112: train loss 0.0086
2022-01-21 15:52:45,402 root                INFO: Valid: Epoch 112: kendall tau 0.4032 0.4359; loss 0.01578 0.007465
2022-01-21 15:52:46,080 root                INFO: Train: Epoch 113: train loss 0.0086
2022-01-21 15:52:48,063 root                INFO: Valid: Epoch 113: kendall tau 0.4070 0.4189; loss 0.01524 0.007661
2022-01-21 15:52:48,656 root                INFO: Train: Epoch 114: train loss 0.0083
2022-01-21 15:52:50,889 root                INFO: Valid: Epoch 114: kendall tau 0.4122 0.4036; loss 0.01444 0.007474
2022-01-21 15:52:51,404 root                INFO: Train: Epoch 115: train loss 0.0081
2022-01-21 15:52:53,452 root                INFO: Valid: Epoch 115: kendall tau 0.4180 0.3866; loss 0.01531 0.007955
2022-01-21 15:52:54,170 root                INFO: Train: Epoch 116: train loss 0.0080
2022-01-21 15:52:56,345 root                INFO: Valid: Epoch 116: kendall tau 0.4248 0.3891; loss 0.01514 0.007706
2022-01-21 15:52:56,910 root                INFO: Train: Epoch 117: train loss 0.0079
2022-01-21 15:52:59,189 root                INFO: Valid: Epoch 117: kendall tau 0.4312 0.4085; loss 0.01434 0.007371
2022-01-21 15:52:59,758 root                INFO: Train: Epoch 118: train loss 0.0079
2022-01-21 15:53:01,726 root                INFO: Valid: Epoch 118: kendall tau 0.4361 0.4281; loss 0.01406 0.007304
2022-01-21 15:53:02,324 root                INFO: Train: Epoch 119: train loss 0.0079
2022-01-21 15:53:04,552 root                INFO: Valid: Epoch 119: kendall tau 0.4418 0.4452; loss 0.01414 0.007272
2022-01-21 15:53:05,057 root                INFO: Train: Epoch 120: train loss 0.0078
2022-01-21 15:53:07,026 root                INFO: Valid: Epoch 120: kendall tau 0.4481 0.4615; loss 0.01361 0.006867
2022-01-21 15:53:07,564 root                INFO: Train: Epoch 121: train loss 0.0077
2022-01-21 15:53:09,867 root                INFO: Valid: Epoch 121: kendall tau 0.4544 0.4656; loss 0.0139 0.006837
2022-01-21 15:53:10,357 root                INFO: Train: Epoch 122: train loss 0.0075
2022-01-21 15:53:12,462 root                INFO: Valid: Epoch 122: kendall tau 0.4589 0.4615; loss 0.01431 0.007057
2022-01-21 15:53:13,087 root                INFO: Train: Epoch 123: train loss 0.0075
2022-01-21 15:53:15,284 root                INFO: Valid: Epoch 123: kendall tau 0.4614 0.4588; loss 0.01346 0.007016
2022-01-21 15:53:15,812 root                INFO: Train: Epoch 124: train loss 0.0074
2022-01-21 15:53:17,864 root                INFO: Valid: Epoch 124: kendall tau 0.4623 0.4422; loss 0.01335 0.007493
2022-01-21 15:53:18,507 root                INFO: Train: Epoch 125: train loss 0.0074
2022-01-21 15:53:20,973 root                INFO: Valid: Epoch 125: kendall tau 0.4630 0.4487; loss 0.01323 0.007291
2022-01-21 15:53:21,516 root                INFO: Train: Epoch 126: train loss 0.0075
2022-01-21 15:53:23,741 root                INFO: Valid: Epoch 126: kendall tau 0.4646 0.4616; loss 0.01355 0.006999
2022-01-21 15:53:24,263 root                INFO: Train: Epoch 127: train loss 0.0073
2022-01-21 15:53:26,228 root                INFO: Valid: Epoch 127: kendall tau 0.4653 0.4605; loss 0.01328 0.0068
2022-01-21 15:53:26,750 root                INFO: Train: Epoch 128: train loss 0.0072
2022-01-21 15:53:28,962 root                INFO: Valid: Epoch 128: kendall tau 0.4662 0.4229; loss 0.01374 0.007761
2022-01-21 15:53:29,496 root                INFO: Train: Epoch 129: train loss 0.0072
2022-01-21 15:53:31,421 root                INFO: Valid: Epoch 129: kendall tau 0.4642 0.4518; loss 0.01206 0.006604
2022-01-21 15:53:31,981 root                INFO: Train: Epoch 130: train loss 0.0072
2022-01-21 15:53:34,209 root                INFO: Valid: Epoch 130: kendall tau 0.4625 0.4401; loss 0.01481 0.007489
2022-01-21 15:53:34,776 root                INFO: Train: Epoch 131: train loss 0.0073
2022-01-21 15:53:36,734 root                INFO: Valid: Epoch 131: kendall tau 0.4587 0.4572; loss 0.01386 0.006765
2022-01-21 15:53:37,246 root                INFO: Train: Epoch 132: train loss 0.0070
2022-01-21 15:53:39,266 root                INFO: Valid: Epoch 132: kendall tau 0.4537 0.4685; loss 0.01296 0.006414
2022-01-21 15:53:39,802 root                INFO: Train: Epoch 133: train loss 0.0071
2022-01-21 15:53:42,015 root                INFO: Valid: Epoch 133: kendall tau 0.4490 0.4481; loss 0.01425 0.006877
2022-01-21 15:53:42,534 root                INFO: Train: Epoch 134: train loss 0.0068
2022-01-21 15:53:44,692 root                INFO: Valid: Epoch 134: kendall tau 0.4439 0.4255; loss 0.01457 0.00724
2022-01-21 15:53:45,319 root                INFO: Train: Epoch 135: train loss 0.0069
2022-01-21 15:53:47,697 root                INFO: Valid: Epoch 135: kendall tau 0.4401 0.4333; loss 0.01341 0.006764
2022-01-21 15:53:48,428 root                INFO: Train: Epoch 136: train loss 0.0068
2022-01-21 15:53:50,530 root                INFO: Valid: Epoch 136: kendall tau 0.4393 0.4198; loss 0.0134 0.006796
2022-01-21 15:53:51,106 root                INFO: Train: Epoch 137: train loss 0.0065
2022-01-21 15:53:53,242 root                INFO: Valid: Epoch 137: kendall tau 0.4402 0.3802; loss 0.01435 0.007181
2022-01-21 15:53:53,787 root                INFO: Train: Epoch 138: train loss 0.0066
2022-01-21 15:53:56,384 root                INFO: Valid: Epoch 138: kendall tau 0.4418 0.4048; loss 0.01374 0.006647
2022-01-21 15:53:56,935 root                INFO: Train: Epoch 139: train loss 0.0065
2022-01-21 15:53:58,875 root                INFO: Valid: Epoch 139: kendall tau 0.4425 0.4092; loss 0.01353 0.006598
2022-01-21 15:53:59,484 root                INFO: Train: Epoch 140: train loss 0.0063
2022-01-21 15:54:01,865 root                INFO: Valid: Epoch 140: kendall tau 0.4426 0.3656; loss 0.01373 0.006781
2022-01-21 15:54:02,387 root                INFO: Train: Epoch 141: train loss 0.0062
2022-01-21 15:54:04,448 root                INFO: Valid: Epoch 141: kendall tau 0.4419 0.3563; loss 0.01361 0.00687
2022-01-21 15:54:05,046 root                INFO: Train: Epoch 142: train loss 0.0063
2022-01-21 15:54:07,193 root                INFO: Valid: Epoch 142: kendall tau 0.4411 0.3743; loss 0.01333 0.007127
2022-01-21 15:54:07,961 root                INFO: Train: Epoch 143: train loss 0.0061
2022-01-21 15:54:09,910 root                INFO: Valid: Epoch 143: kendall tau 0.4416 0.3847; loss 0.01334 0.007109
2022-01-21 15:54:10,707 root                INFO: Train: Epoch 144: train loss 0.0061
2022-01-21 15:54:12,864 root                INFO: Valid: Epoch 144: kendall tau 0.4426 0.3882; loss 0.01339 0.006947
2022-01-21 15:54:13,471 root                INFO: Train: Epoch 145: train loss 0.0059
2022-01-21 15:54:15,521 root                INFO: Valid: Epoch 145: kendall tau 0.4430 0.4357; loss 0.01297 0.00766
2022-01-21 15:54:16,088 root                INFO: Train: Epoch 146: train loss 0.0058
2022-01-21 15:54:18,169 root                INFO: Valid: Epoch 146: kendall tau 0.4445 0.4399; loss 0.01326 0.007783
2022-01-21 15:54:18,638 root                INFO: Train: Epoch 147: train loss 0.0057
2022-01-21 15:54:20,833 root                INFO: Valid: Epoch 147: kendall tau 0.4460 0.4408; loss 0.01318 0.007842
2022-01-21 15:54:21,328 root                INFO: Train: Epoch 148: train loss 0.0055
2022-01-21 15:54:23,306 root                INFO: Valid: Epoch 148: kendall tau 0.4471 0.4793; loss 0.01197 0.0106
2022-01-21 15:54:23,868 root                INFO: Train: Epoch 149: train loss 0.0057
2022-01-21 15:54:26,225 root                INFO: Valid: Epoch 149: kendall tau 0.4495 0.4248; loss 0.01352 0.009203
2022-01-21 15:54:26,815 root                INFO: Train: Epoch 150: train loss 0.0056
2022-01-21 15:54:28,926 root                INFO: Valid: Epoch 150: kendall tau 0.4520 0.4699; loss 0.01254 0.01122
2022-01-21 15:54:29,702 root                INFO: Train: Epoch 151: train loss 0.0054
2022-01-21 15:54:32,031 root                INFO: Valid: Epoch 151: kendall tau 0.4558 0.4986; loss 0.01196 0.01274
2022-01-21 15:54:32,951 root                INFO: Train: Epoch 152: train loss 0.0054
2022-01-21 15:54:34,861 root                INFO: Valid: Epoch 152: kendall tau 0.4585 0.4487; loss 0.01318 0.0102
2022-01-21 15:54:35,614 root                INFO: Train: Epoch 153: train loss 0.0055
2022-01-21 15:54:37,925 root                INFO: Valid: Epoch 153: kendall tau 0.4593 0.4531; loss 0.0117 0.01533
2022-01-21 15:54:38,687 root                INFO: Train: Epoch 154: train loss 0.0053
2022-01-21 15:54:40,733 root                INFO: Valid: Epoch 154: kendall tau 0.4614 0.4757; loss 0.01144 0.01702
2022-01-21 15:54:41,330 root                INFO: Train: Epoch 155: train loss 0.0053
2022-01-21 15:54:43,529 root                INFO: Valid: Epoch 155: kendall tau 0.4642 0.4917; loss 0.01247 0.01282
2022-01-21 15:54:44,140 root                INFO: Train: Epoch 156: train loss 0.0051
2022-01-21 15:54:46,060 root                INFO: Valid: Epoch 156: kendall tau 0.4673 0.5139; loss 0.01145 0.01227
2022-01-21 15:54:46,645 root                INFO: Train: Epoch 157: train loss 0.0051
2022-01-21 15:54:48,981 root                INFO: Valid: Epoch 157: kendall tau 0.4671 0.5241; loss 0.01041 0.01822
2022-01-21 15:54:49,614 root                INFO: Train: Epoch 158: train loss 0.0052
2022-01-21 15:54:51,640 root                INFO: Valid: Epoch 158: kendall tau 0.4662 0.4895; loss 0.01232 0.01517
2022-01-21 15:54:52,187 root                INFO: Train: Epoch 159: train loss 0.0050
2022-01-21 15:54:54,392 root                INFO: Valid: Epoch 159: kendall tau 0.4663 0.4871; loss 0.01135 0.02009
2022-01-21 15:54:54,926 root                INFO: Train: Epoch 160: train loss 0.0048
2022-01-21 15:54:56,907 root                INFO: Valid: Epoch 160: kendall tau 0.4689 0.5055; loss 0.01057 0.02253
2022-01-21 15:54:57,414 root                INFO: Train: Epoch 161: train loss 0.0048
2022-01-21 15:54:59,428 root                INFO: Valid: Epoch 161: kendall tau 0.4683 0.5173; loss 0.01114 0.02037
2022-01-21 15:55:00,215 root                INFO: Train: Epoch 162: train loss 0.0048
2022-01-21 15:55:02,181 root                INFO: Valid: Epoch 162: kendall tau 0.4626 0.5365; loss 0.01115 0.03289
2022-01-21 15:55:02,736 root                INFO: Train: Epoch 163: train loss 0.0048
2022-01-21 15:55:04,967 root                INFO: Valid: Epoch 163: kendall tau 0.4589 0.5212; loss 0.01265 0.02393
2022-01-21 15:55:05,497 root                INFO: Train: Epoch 164: train loss 0.0047
2022-01-21 15:55:07,369 root                INFO: Valid: Epoch 164: kendall tau 0.4613 0.5266; loss 0.01112 0.02386
2022-01-21 15:55:07,892 root                INFO: Train: Epoch 165: train loss 0.0046
2022-01-21 15:55:10,082 root                INFO: Valid: Epoch 165: kendall tau 0.4639 0.5424; loss 0.009923 0.02694
2022-01-21 15:55:10,628 root                INFO: Train: Epoch 166: train loss 0.0047
2022-01-21 15:55:12,799 root                INFO: Valid: Epoch 166: kendall tau 0.4592 0.5447; loss 0.01137 0.02165
2022-01-21 15:55:13,361 root                INFO: Train: Epoch 167: train loss 0.0046
2022-01-21 15:55:15,601 root                INFO: Valid: Epoch 167: kendall tau 0.4534 0.5505; loss 0.01205 0.02818
2022-01-21 15:55:16,176 root                INFO: Train: Epoch 168: train loss 0.0045
2022-01-21 15:55:18,321 root                INFO: Valid: Epoch 168: kendall tau 0.4521 0.5527; loss 0.01135 0.03685
2022-01-21 15:55:18,991 root                INFO: Train: Epoch 169: train loss 0.0046
2022-01-21 15:55:21,414 root                INFO: Valid: Epoch 169: kendall tau 0.4530 0.5446; loss 0.01208 0.02131
2022-01-21 15:55:22,295 root                INFO: Train: Epoch 170: train loss 0.0046
2022-01-21 15:55:24,433 root                INFO: Valid: Epoch 170: kendall tau 0.4549 0.5430; loss 0.01058 0.02571
2022-01-21 15:55:25,350 root                INFO: Train: Epoch 171: train loss 0.0044
2022-01-21 15:55:27,768 root                INFO: Valid: Epoch 171: kendall tau 0.4518 0.5402; loss 0.01037 0.03355
2022-01-21 15:55:28,657 root                INFO: Train: Epoch 172: train loss 0.0045
2022-01-21 15:55:30,976 root                INFO: Valid: Epoch 172: kendall tau 0.4446 0.5419; loss 0.01292 0.02451
2022-01-21 15:55:31,703 root                INFO: Train: Epoch 173: train loss 0.0046
2022-01-21 15:55:34,075 root                INFO: Valid: Epoch 173: kendall tau 0.4463 0.5574; loss 0.01197 0.02674
2022-01-21 15:55:34,744 root                INFO: Train: Epoch 174: train loss 0.0043
2022-01-21 15:55:36,770 root                INFO: Valid: Epoch 174: kendall tau 0.4513 0.5705; loss 0.01022 0.03507
2022-01-21 15:55:37,355 root                INFO: Train: Epoch 175: train loss 0.0045
2022-01-21 15:55:39,466 root                INFO: Valid: Epoch 175: kendall tau 0.4465 0.5727; loss 0.01157 0.02813
2022-01-21 15:55:39,952 root                INFO: Train: Epoch 176: train loss 0.0042
2022-01-21 15:55:41,930 root                INFO: Valid: Epoch 176: kendall tau 0.4407 0.5700; loss 0.01272 0.02885
2022-01-21 15:55:42,521 root                INFO: Train: Epoch 177: train loss 0.0042
2022-01-21 15:55:44,740 root                INFO: Valid: Epoch 177: kendall tau 0.4431 0.5677; loss 0.01138 0.03774
2022-01-21 15:55:45,363 root                INFO: Train: Epoch 178: train loss 0.0043
2022-01-21 15:55:47,358 root                INFO: Valid: Epoch 178: kendall tau 0.4455 0.5676; loss 0.01128 0.03143
2022-01-21 15:55:48,094 root                INFO: Train: Epoch 179: train loss 0.0041
2022-01-21 15:55:50,358 root                INFO: Valid: Epoch 179: kendall tau 0.4455 0.5653; loss 0.01141 0.02902
2022-01-21 15:55:51,039 root                INFO: Train: Epoch 180: train loss 0.0041
2022-01-21 15:55:53,013 root                INFO: Valid: Epoch 180: kendall tau 0.4435 0.5616; loss 0.0112 0.03512
2022-01-21 15:55:53,611 root                INFO: Train: Epoch 181: train loss 0.0041
2022-01-21 15:55:55,786 root                INFO: Valid: Epoch 181: kendall tau 0.4397 0.5581; loss 0.01184 0.03711
2022-01-21 15:55:56,307 root                INFO: Train: Epoch 182: train loss 0.0040
2022-01-21 15:55:58,317 root                INFO: Valid: Epoch 182: kendall tau 0.4377 0.5593; loss 0.01259 0.03115
2022-01-21 15:55:58,975 root                INFO: Train: Epoch 183: train loss 0.0040
2022-01-21 15:56:01,366 root                INFO: Valid: Epoch 183: kendall tau 0.4407 0.5616; loss 0.01128 0.03522
2022-01-21 15:56:02,150 root                INFO: Train: Epoch 184: train loss 0.0039
2022-01-21 15:56:04,326 root                INFO: Valid: Epoch 184: kendall tau 0.4390 0.5645; loss 0.01127 0.0354
2022-01-21 15:56:05,033 root                INFO: Train: Epoch 185: train loss 0.0040
2022-01-21 15:56:07,329 root                INFO: Valid: Epoch 185: kendall tau 0.4340 0.5668; loss 0.0125 0.03061
2022-01-21 15:56:08,006 root                INFO: Train: Epoch 186: train loss 0.0040
2022-01-21 15:56:09,994 root                INFO: Valid: Epoch 186: kendall tau 0.4324 0.5650; loss 0.012 0.03676
2022-01-21 15:56:10,561 root                INFO: Train: Epoch 187: train loss 0.0040
2022-01-21 15:56:12,740 root                INFO: Valid: Epoch 187: kendall tau 0.4329 0.5663; loss 0.01171 0.03758
2022-01-21 15:56:13,355 root                INFO: Train: Epoch 188: train loss 0.0038
2022-01-21 15:56:15,293 root                INFO: Valid: Epoch 188: kendall tau 0.4332 0.5718; loss 0.012 0.03242
2022-01-21 15:56:15,978 root                INFO: Train: Epoch 189: train loss 0.0038
2022-01-21 15:56:18,269 root                INFO: Valid: Epoch 189: kendall tau 0.4347 0.5695; loss 0.01147 0.0375
2022-01-21 15:56:18,856 root                INFO: Train: Epoch 190: train loss 0.0038
2022-01-21 15:56:20,950 root                INFO: Valid: Epoch 190: kendall tau 0.4332 0.5654; loss 0.01197 0.03787
2022-01-21 15:56:21,526 root                INFO: Train: Epoch 191: train loss 0.0038
2022-01-21 15:56:23,777 root                INFO: Valid: Epoch 191: kendall tau 0.4326 0.5558; loss 0.01193 0.04326
2022-01-21 15:56:24,316 root                INFO: Train: Epoch 192: train loss 0.0039
2022-01-21 15:56:26,251 root                INFO: Valid: Epoch 192: kendall tau 0.4343 0.5574; loss 0.01239 0.03397
2022-01-21 15:56:26,794 root                INFO: Train: Epoch 193: train loss 0.0039
2022-01-21 15:56:28,813 root                INFO: Valid: Epoch 193: kendall tau 0.4407 0.5520; loss 0.01049 0.04204
2022-01-21 15:56:29,653 root                INFO: Train: Epoch 194: train loss 0.0039
2022-01-21 15:56:31,642 root                INFO: Valid: Epoch 194: kendall tau 0.4365 0.5554; loss 0.01165 0.03384
2022-01-21 15:56:32,272 root                INFO: Train: Epoch 195: train loss 0.0036
2022-01-21 15:56:34,418 root                INFO: Valid: Epoch 195: kendall tau 0.4326 0.5525; loss 0.01227 0.0355
2022-01-21 15:56:35,030 root                INFO: Train: Epoch 196: train loss 0.0037
2022-01-21 15:56:36,961 root                INFO: Valid: Epoch 196: kendall tau 0.4355 0.5486; loss 0.01108 0.04542
2022-01-21 15:56:37,508 root                INFO: Train: Epoch 197: train loss 0.0038
2022-01-21 15:56:39,538 root                INFO: Valid: Epoch 197: kendall tau 0.4334 0.5554; loss 0.01228 0.02947
2022-01-21 15:56:40,173 root                INFO: Train: Epoch 198: train loss 0.0038
2022-01-21 15:56:42,648 root                INFO: Valid: Epoch 198: kendall tau 0.4373 0.5468; loss 0.0108 0.03565
2022-01-21 15:56:43,169 root                INFO: Train: Epoch 199: train loss 0.0036
2022-01-21 15:56:45,087 root                INFO: Valid: Epoch 199: kendall tau 0.4358 0.5426; loss 0.01065 0.04267
2022-01-21 15:56:45,554 root                INFO: Train: Epoch 200: train loss 0.0036
2022-01-21 15:56:47,455 root                INFO: Valid: Epoch 200: kendall tau 0.4278 0.5605; loss 0.0135 0.02674
2022-01-21 15:56:47,462 root                INFO: Epoch 200: Save checkpoint to nb1shot1_anytime_tagates/tagates_0.05/12/2021/200.ckpt
2022-01-21 15:56:49,230 root                INFO: [0.14285714285714285, 0.05555555555555555, 0.05555555555555555, 0.1565934065934066, 0.22770919067215364, 0.7212620027434842, 1.0]
2022-01-21 15:56:49,230 root                INFO: [0.14285714285714285, 0.1388888888888889, 0.2361111111111111, 0.5357142857142857, 0.5843621399176955, 0.796159122085048, 1.0]
2022-01-21 15:56:49,230 root                INFO: [5, 5]
2022-01-21 15:56:49,231 root                INFO: [6, 6]
