2022-01-19 23:12:22,787 root                INFO: GPU device = 6
2022-01-19 23:12:22,788 root                INFO: Load pkl cache from nasbench101.pkl and nasbench101_valid.pkl
2022-01-19 23:12:23,217 root                INFO: Config: {'arch_network_cfg': {'arch_embedder_cfg': {'b_use_bn': False, 'backward_gcn_out_dims': [128, 128, 128, 128, 128], 'concat_param_zs_as_opemb_dimension': 7, 'concat_param_zs_as_opemb_scale': 0.1, 'detach_vinfo': False, 'fb_conversion_dims': [128, 128], 'gcn_kwargs': {'plus_I': True, 'residual_only': 1}, 'gcn_out_dims': [128, 128, 128, 128, 128], 'hid_dim': 96, 'mask_nonparametrized_ops': False, 'node_embedding_dim': 48, 'num_time_steps': 3, 'op_embedding_dim': 48, 'symmetry_breaking_method': 'param_zs_add', 'updateopemb_detach_finfo': True, 'updateopemb_detach_opemb': True, 'updateopemb_dims': [128], 'updateopemb_method': 'concat_ofb', 'updateopemb_scale': 0.1}, 'arch_embedder_type': 'nb101-fbflow', 'compare_loss_type': 'margin_linear', 'compare_margin': 0.1, 'mlp_dropout': 0.1, 'mlp_hiddens': [200], 'optimizer': {'lr': 0.001, 'type': 'Adam'}, 'scheduler': None}, 'batch_size': 512, 'choose_pair_criterion': 'random', 'compare': True, 'compare_threshold': 0.0, 'epochs': 200, 'max_compare_ratio': 4.0}
2022-01-19 23:12:27,426 root                INFO: Combined args: Namespace(batch_size=512, cfg_file='cfgs/nb101_cfgs/gates_true_scale0.1.yaml', choose_pair_criterion='random', compare=True, compare_threshold=0.0, epochs=200, eval_only_last=5, gpu=6, load=None, max_compare_ratio=4.0, num_workers=4, report_freq=200, save_every=200, save_predict=None, seed=2021, test_funcs=None, test_only=False, train_dir='nb1shot1_ablation_scale/true/0.1_0.1/12/2021', train_pkl='../mynas/data/nasbench-1shot1/nasbench101_train_12.pkl', train_ratio=0.1, valid_pkl='../mynas/data/nasbench-1shot1/nasbench101_valid.pkl')
2022-01-19 23:12:27,436 root                INFO: Train dataset ratio: 0.100
2022-01-19 23:12:27,437 root                INFO: Number of architectures: train: 729; valid: 7290
2022-01-19 23:12:30,439 root                INFO: Train: Epoch   1: train loss 0.0991
2022-01-19 23:12:31,329 root                INFO: Train: Epoch   2: train loss 0.0896
2022-01-19 23:12:32,302 root                INFO: Train: Epoch   3: train loss 0.0744
2022-01-19 23:12:33,194 root                INFO: Train: Epoch   4: train loss 0.0611
2022-01-19 23:12:34,018 root                INFO: Train: Epoch   5: train loss 0.0569
2022-01-19 23:12:34,853 root                INFO: Train: Epoch   6: train loss 0.0575
2022-01-19 23:12:35,685 root                INFO: Train: Epoch   7: train loss 0.0538
2022-01-19 23:12:36,480 root                INFO: Train: Epoch   8: train loss 0.0515
2022-01-19 23:12:37,299 root                INFO: Train: Epoch   9: train loss 0.0486
2022-01-19 23:12:38,126 root                INFO: Train: Epoch  10: train loss 0.0454
2022-01-19 23:12:38,954 root                INFO: Train: Epoch  11: train loss 0.0460
2022-01-19 23:12:39,808 root                INFO: Train: Epoch  12: train loss 0.0434
2022-01-19 23:12:40,797 root                INFO: Train: Epoch  13: train loss 0.0389
2022-01-19 23:12:41,741 root                INFO: Train: Epoch  14: train loss 0.0358
2022-01-19 23:12:42,537 root                INFO: Train: Epoch  15: train loss 0.0359
2022-01-19 23:12:43,379 root                INFO: Train: Epoch  16: train loss 0.0351
2022-01-19 23:12:44,252 root                INFO: Train: Epoch  17: train loss 0.0331
2022-01-19 23:12:45,166 root                INFO: Train: Epoch  18: train loss 0.0319
2022-01-19 23:12:46,079 root                INFO: Train: Epoch  19: train loss 0.0346
2022-01-19 23:12:46,908 root                INFO: Train: Epoch  20: train loss 0.0302
2022-01-19 23:12:47,786 root                INFO: Train: Epoch  21: train loss 0.0301
2022-01-19 23:12:48,891 root                INFO: Train: Epoch  22: train loss 0.0278
2022-01-19 23:12:49,810 root                INFO: Train: Epoch  23: train loss 0.0267
2022-01-19 23:12:50,698 root                INFO: Train: Epoch  24: train loss 0.0299
2022-01-19 23:12:51,584 root                INFO: Train: Epoch  25: train loss 0.0284
2022-01-19 23:12:52,544 root                INFO: Train: Epoch  26: train loss 0.0256
2022-01-19 23:12:53,369 root                INFO: Train: Epoch  27: train loss 0.0259
2022-01-19 23:12:54,270 root                INFO: Train: Epoch  28: train loss 0.0258
2022-01-19 23:12:55,133 root                INFO: Train: Epoch  29: train loss 0.0266
2022-01-19 23:12:55,940 root                INFO: Train: Epoch  30: train loss 0.0247
2022-01-19 23:12:56,797 root                INFO: Train: Epoch  31: train loss 0.0229
2022-01-19 23:12:57,838 root                INFO: Train: Epoch  32: train loss 0.0241
2022-01-19 23:12:58,662 root                INFO: Train: Epoch  33: train loss 0.0236
2022-01-19 23:12:59,473 root                INFO: Train: Epoch  34: train loss 0.0228
2022-01-19 23:13:00,256 root                INFO: Train: Epoch  35: train loss 0.0225
2022-01-19 23:13:01,047 root                INFO: Train: Epoch  36: train loss 0.0209
2022-01-19 23:13:01,838 root                INFO: Train: Epoch  37: train loss 0.0247
2022-01-19 23:13:02,674 root                INFO: Train: Epoch  38: train loss 0.0205
2022-01-19 23:13:03,557 root                INFO: Train: Epoch  39: train loss 0.0217
2022-01-19 23:13:04,363 root                INFO: Train: Epoch  40: train loss 0.0208
2022-01-19 23:13:05,172 root                INFO: Train: Epoch  41: train loss 0.0196
2022-01-19 23:13:06,205 root                INFO: Train: Epoch  42: train loss 0.0208
2022-01-19 23:13:07,081 root                INFO: Train: Epoch  43: train loss 0.0193
2022-01-19 23:13:07,916 root                INFO: Train: Epoch  44: train loss 0.0229
2022-01-19 23:13:08,746 root                INFO: Train: Epoch  45: train loss 0.0236
2022-01-19 23:13:09,582 root                INFO: Train: Epoch  46: train loss 0.0215
2022-01-19 23:13:10,407 root                INFO: Train: Epoch  47: train loss 0.0226
2022-01-19 23:13:11,274 root                INFO: Train: Epoch  48: train loss 0.0221
2022-01-19 23:13:12,091 root                INFO: Train: Epoch  49: train loss 0.0195
2022-01-19 23:13:12,936 root                INFO: Train: Epoch  50: train loss 0.0231
2022-01-19 23:13:13,791 root                INFO: Train: Epoch  51: train loss 0.0232
2022-01-19 23:13:14,849 root                INFO: Train: Epoch  52: train loss 0.0228
2022-01-19 23:13:15,677 root                INFO: Train: Epoch  53: train loss 0.0230
2022-01-19 23:13:16,558 root                INFO: Train: Epoch  54: train loss 0.0246
2022-01-19 23:13:17,382 root                INFO: Train: Epoch  55: train loss 0.0225
2022-01-19 23:13:18,274 root                INFO: Train: Epoch  56: train loss 0.0224
2022-01-19 23:13:19,188 root                INFO: Train: Epoch  57: train loss 0.0213
2022-01-19 23:13:20,015 root                INFO: Train: Epoch  58: train loss 0.0211
2022-01-19 23:13:20,874 root                INFO: Train: Epoch  59: train loss 0.0199
2022-01-19 23:13:21,693 root                INFO: Train: Epoch  60: train loss 0.0187
2022-01-19 23:13:22,537 root                INFO: Train: Epoch  61: train loss 0.0194
2022-01-19 23:13:23,579 root                INFO: Train: Epoch  62: train loss 0.0199
2022-01-19 23:13:24,395 root                INFO: Train: Epoch  63: train loss 0.0196
2022-01-19 23:13:25,292 root                INFO: Train: Epoch  64: train loss 0.0198
2022-01-19 23:13:26,247 root                INFO: Train: Epoch  65: train loss 0.0203
2022-01-19 23:13:27,134 root                INFO: Train: Epoch  66: train loss 0.0196
2022-01-19 23:13:28,017 root                INFO: Train: Epoch  67: train loss 0.0192
2022-01-19 23:13:28,949 root                INFO: Train: Epoch  68: train loss 0.0210
2022-01-19 23:13:29,859 root                INFO: Train: Epoch  69: train loss 0.0180
2022-01-19 23:13:30,706 root                INFO: Train: Epoch  70: train loss 0.0172
2022-01-19 23:13:31,548 root                INFO: Train: Epoch  71: train loss 0.0195
2022-01-19 23:13:32,416 root                INFO: Train: Epoch  72: train loss 0.0168
2022-01-19 23:13:33,505 root                INFO: Train: Epoch  73: train loss 0.0184
2022-01-19 23:13:34,365 root                INFO: Train: Epoch  74: train loss 0.0198
2022-01-19 23:13:35,202 root                INFO: Train: Epoch  75: train loss 0.0165
2022-01-19 23:13:36,017 root                INFO: Train: Epoch  76: train loss 0.0175
2022-01-19 23:13:36,865 root                INFO: Train: Epoch  77: train loss 0.0168
2022-01-19 23:13:37,739 root                INFO: Train: Epoch  78: train loss 0.0162
2022-01-19 23:13:38,545 root                INFO: Train: Epoch  79: train loss 0.0196
2022-01-19 23:13:39,428 root                INFO: Train: Epoch  80: train loss 0.0185
2022-01-19 23:13:40,263 root                INFO: Train: Epoch  81: train loss 0.0186
2022-01-19 23:13:41,249 root                INFO: Train: Epoch  82: train loss 0.0164
2022-01-19 23:13:42,131 root                INFO: Train: Epoch  83: train loss 0.0191
2022-01-19 23:13:43,001 root                INFO: Train: Epoch  84: train loss 0.0165
2022-01-19 23:13:43,805 root                INFO: Train: Epoch  85: train loss 0.0167
2022-01-19 23:13:44,618 root                INFO: Train: Epoch  86: train loss 0.0172
2022-01-19 23:13:45,523 root                INFO: Train: Epoch  87: train loss 0.0162
2022-01-19 23:13:46,417 root                INFO: Train: Epoch  88: train loss 0.0174
2022-01-19 23:13:47,255 root                INFO: Train: Epoch  89: train loss 0.0157
2022-01-19 23:13:48,071 root                INFO: Train: Epoch  90: train loss 0.0178
2022-01-19 23:13:48,827 root                INFO: Train: Epoch  91: train loss 0.0174
2022-01-19 23:13:49,906 root                INFO: Train: Epoch  92: train loss 0.0162
2022-01-19 23:13:50,795 root                INFO: Train: Epoch  93: train loss 0.0178
2022-01-19 23:13:51,623 root                INFO: Train: Epoch  94: train loss 0.0167
2022-01-19 23:13:52,515 root                INFO: Train: Epoch  95: train loss 0.0186
2022-01-19 23:13:53,377 root                INFO: Train: Epoch  96: train loss 0.0175
2022-01-19 23:13:54,182 root                INFO: Train: Epoch  97: train loss 0.0175
2022-01-19 23:13:55,032 root                INFO: Train: Epoch  98: train loss 0.0160
2022-01-19 23:13:55,898 root                INFO: Train: Epoch  99: train loss 0.0171
2022-01-19 23:13:56,760 root                INFO: Train: Epoch 100: train loss 0.0162
2022-01-19 23:13:57,571 root                INFO: Train: Epoch 101: train loss 0.0173
2022-01-19 23:13:58,514 root                INFO: Train: Epoch 102: train loss 0.0165
2022-01-19 23:13:59,602 root                INFO: Train: Epoch 103: train loss 0.0171
2022-01-19 23:14:00,506 root                INFO: Train: Epoch 104: train loss 0.0167
2022-01-19 23:14:01,464 root                INFO: Train: Epoch 105: train loss 0.0173
2022-01-19 23:14:02,325 root                INFO: Train: Epoch 106: train loss 0.0169
2022-01-19 23:14:03,187 root                INFO: Train: Epoch 107: train loss 0.0162
2022-01-19 23:14:04,110 root                INFO: Train: Epoch 108: train loss 0.0157
2022-01-19 23:14:05,014 root                INFO: Train: Epoch 109: train loss 0.0163
2022-01-19 23:14:05,852 root                INFO: Train: Epoch 110: train loss 0.0165
2022-01-19 23:14:06,718 root                INFO: Train: Epoch 111: train loss 0.0179
2022-01-19 23:14:07,949 root                INFO: Train: Epoch 112: train loss 0.0164
2022-01-19 23:14:08,808 root                INFO: Train: Epoch 113: train loss 0.0162
2022-01-19 23:14:09,717 root                INFO: Train: Epoch 114: train loss 0.0157
2022-01-19 23:14:10,555 root                INFO: Train: Epoch 115: train loss 0.0178
2022-01-19 23:14:11,395 root                INFO: Train: Epoch 116: train loss 0.0161
2022-01-19 23:14:12,269 root                INFO: Train: Epoch 117: train loss 0.0179
2022-01-19 23:14:13,086 root                INFO: Train: Epoch 118: train loss 0.0159
2022-01-19 23:14:13,945 root                INFO: Train: Epoch 119: train loss 0.0163
2022-01-19 23:14:14,789 root                INFO: Train: Epoch 120: train loss 0.0189
2022-01-19 23:14:15,610 root                INFO: Train: Epoch 121: train loss 0.0173
2022-01-19 23:14:16,689 root                INFO: Train: Epoch 122: train loss 0.0176
2022-01-19 23:14:17,475 root                INFO: Train: Epoch 123: train loss 0.0179
2022-01-19 23:14:18,312 root                INFO: Train: Epoch 124: train loss 0.0166
2022-01-19 23:14:19,178 root                INFO: Train: Epoch 125: train loss 0.0186
2022-01-19 23:14:19,994 root                INFO: Train: Epoch 126: train loss 0.0182
2022-01-19 23:14:20,815 root                INFO: Train: Epoch 127: train loss 0.0164
2022-01-19 23:14:21,630 root                INFO: Train: Epoch 128: train loss 0.0199
2022-01-19 23:14:22,461 root                INFO: Train: Epoch 129: train loss 0.0179
2022-01-19 23:14:23,321 root                INFO: Train: Epoch 130: train loss 0.0164
2022-01-19 23:14:24,137 root                INFO: Train: Epoch 131: train loss 0.0169
2022-01-19 23:14:24,992 root                INFO: Train: Epoch 132: train loss 0.0169
2022-01-19 23:14:26,016 root                INFO: Train: Epoch 133: train loss 0.0187
2022-01-19 23:14:26,873 root                INFO: Train: Epoch 134: train loss 0.0155
2022-01-19 23:14:27,695 root                INFO: Train: Epoch 135: train loss 0.0168
2022-01-19 23:14:28,547 root                INFO: Train: Epoch 136: train loss 0.0158
2022-01-19 23:14:29,415 root                INFO: Train: Epoch 137: train loss 0.0161
2022-01-19 23:14:30,206 root                INFO: Train: Epoch 138: train loss 0.0169
2022-01-19 23:14:31,070 root                INFO: Train: Epoch 139: train loss 0.0172
2022-01-19 23:14:31,935 root                INFO: Train: Epoch 140: train loss 0.0142
2022-01-19 23:14:32,769 root                INFO: Train: Epoch 141: train loss 0.0160
2022-01-19 23:14:33,873 root                INFO: Train: Epoch 142: train loss 0.0178
2022-01-19 23:14:34,674 root                INFO: Train: Epoch 143: train loss 0.0160
2022-01-19 23:14:35,547 root                INFO: Train: Epoch 144: train loss 0.0169
2022-01-19 23:14:36,337 root                INFO: Train: Epoch 145: train loss 0.0155
2022-01-19 23:14:37,149 root                INFO: Train: Epoch 146: train loss 0.0162
2022-01-19 23:14:38,023 root                INFO: Train: Epoch 147: train loss 0.0153
2022-01-19 23:14:38,846 root                INFO: Train: Epoch 148: train loss 0.0174
2022-01-19 23:14:39,673 root                INFO: Train: Epoch 149: train loss 0.0143
2022-01-19 23:14:40,479 root                INFO: Train: Epoch 150: train loss 0.0146
2022-01-19 23:14:41,279 root                INFO: Train: Epoch 151: train loss 0.0161
2022-01-19 23:14:42,399 root                INFO: Train: Epoch 152: train loss 0.0167
2022-01-19 23:14:43,258 root                INFO: Train: Epoch 153: train loss 0.0162
2022-01-19 23:14:44,150 root                INFO: Train: Epoch 154: train loss 0.0164
2022-01-19 23:14:44,979 root                INFO: Train: Epoch 155: train loss 0.0152
2022-01-19 23:14:45,864 root                INFO: Train: Epoch 156: train loss 0.0149
2022-01-19 23:14:46,724 root                INFO: Train: Epoch 157: train loss 0.0156
2022-01-19 23:14:47,543 root                INFO: Train: Epoch 158: train loss 0.0152
2022-01-19 23:14:48,384 root                INFO: Train: Epoch 159: train loss 0.0148
2022-01-19 23:14:49,154 root                INFO: Train: Epoch 160: train loss 0.0140
2022-01-19 23:14:50,006 root                INFO: Train: Epoch 161: train loss 0.0149
2022-01-19 23:14:50,809 root                INFO: Train: Epoch 162: train loss 0.0170
2022-01-19 23:14:51,871 root                INFO: Train: Epoch 163: train loss 0.0150
2022-01-19 23:14:52,698 root                INFO: Train: Epoch 164: train loss 0.0145
2022-01-19 23:14:53,490 root                INFO: Train: Epoch 165: train loss 0.0140
2022-01-19 23:14:54,304 root                INFO: Train: Epoch 166: train loss 0.0145
2022-01-19 23:14:55,117 root                INFO: Train: Epoch 167: train loss 0.0145
2022-01-19 23:14:55,927 root                INFO: Train: Epoch 168: train loss 0.0156
2022-01-19 23:14:56,773 root                INFO: Train: Epoch 169: train loss 0.0160
2022-01-19 23:14:57,562 root                INFO: Train: Epoch 170: train loss 0.0152
2022-01-19 23:14:58,413 root                INFO: Train: Epoch 171: train loss 0.0159
2022-01-19 23:14:59,516 root                INFO: Train: Epoch 172: train loss 0.0144
2022-01-19 23:15:00,348 root                INFO: Train: Epoch 173: train loss 0.0159
2022-01-19 23:15:01,256 root                INFO: Train: Epoch 174: train loss 0.0165
2022-01-19 23:15:02,038 root                INFO: Train: Epoch 175: train loss 0.0154
2022-01-19 23:15:02,903 root                INFO: Train: Epoch 176: train loss 0.0150
2022-01-19 23:15:03,693 root                INFO: Train: Epoch 177: train loss 0.0150
2022-01-19 23:15:04,488 root                INFO: Train: Epoch 178: train loss 0.0158
2022-01-19 23:15:05,374 root                INFO: Train: Epoch 179: train loss 0.0143
2022-01-19 23:15:06,179 root                INFO: Train: Epoch 180: train loss 0.0163
2022-01-19 23:15:07,015 root                INFO: Train: Epoch 181: train loss 0.0160
2022-01-19 23:15:08,122 root                INFO: Train: Epoch 182: train loss 0.0138
2022-01-19 23:15:09,070 root                INFO: Train: Epoch 183: train loss 0.0144
2022-01-19 23:15:09,956 root                INFO: Train: Epoch 184: train loss 0.0145
2022-01-19 23:15:10,816 root                INFO: Train: Epoch 185: train loss 0.0151
2022-01-19 23:15:11,754 root                INFO: Train: Epoch 186: train loss 0.0134
2022-01-19 23:15:12,594 root                INFO: Train: Epoch 187: train loss 0.0143
2022-01-19 23:15:13,455 root                INFO: Train: Epoch 188: train loss 0.0148
2022-01-19 23:15:14,370 root                INFO: Train: Epoch 189: train loss 0.0142
2022-01-19 23:15:15,207 root                INFO: Train: Epoch 190: train loss 0.0145
2022-01-19 23:15:16,141 root                INFO: Train: Epoch 191: train loss 0.0149
2022-01-19 23:15:17,039 root                INFO: Train: Epoch 192: train loss 0.0132
2022-01-19 23:15:18,186 root                INFO: Train: Epoch 193: train loss 0.0130
2022-01-19 23:15:19,047 root                INFO: Train: Epoch 194: train loss 0.0160
2022-01-19 23:15:20,011 root                INFO: Train: Epoch 195: train loss 0.0132
2022-01-19 23:15:20,888 root                INFO: Train: Epoch 196: train loss 0.0139
2022-01-19 23:15:22,831 root                INFO: Valid: Epoch 196: kendall tau 0.7816; loss 0.2
2022-01-19 23:15:23,673 root                INFO: Train: Epoch 197: train loss 0.0145
2022-01-19 23:15:25,812 root                INFO: Valid: Epoch 197: kendall tau 0.7808; loss 0.1929
2022-01-19 23:15:26,715 root                INFO: Train: Epoch 198: train loss 0.0134
2022-01-19 23:15:28,777 root                INFO: Valid: Epoch 198: kendall tau 0.8023; loss 0.1772
2022-01-19 23:15:29,693 root                INFO: Train: Epoch 199: train loss 0.0145
2022-01-19 23:15:31,960 root                INFO: Valid: Epoch 199: kendall tau 0.7962; loss 0.174
2022-01-19 23:15:32,815 root                INFO: Train: Epoch 200: train loss 0.0150
2022-01-19 23:15:34,825 root                INFO: Valid: Epoch 200: kendall tau 0.7792; loss 0.185
2022-01-19 23:15:34,832 root                INFO: Epoch 200: Save checkpoint to nb1shot1_ablation_scale/true/0.1_0.1/12/2021/200.ckpt
2022-01-19 23:15:36,811 root                INFO: [0.0, 0.5555555555555556, 0.5416666666666666, 0.6236263736263736, 0.7407407407407407, 0.8982167352537723, 1.0]
2022-01-19 23:15:36,811 root                INFO: [8, 4]
