2022-01-21 15:56:13,071 root                INFO: GPU device = 1
2022-01-21 15:56:13,072 root                INFO: Load pkl cache from nasbench101.pkl and nasbench101_valid.pkl
2022-01-21 15:56:13,482 root                INFO: Config: {'arch_network_cfg': {'arch_embedder_cfg': {'gcn_kwargs': {'plus_I': True, 'residual_only': 1}, 'gcn_out_dims': [128, 128, 128, 128, 128], 'backward_gcn_out_dims': [128, 128, 128, 128, 128], 'hid_dim': 96, 'node_embedding_dim': 48, 'op_embedding_dim': 48, 'num_time_steps': 2, 'fb_conversion_dims': [128, 128], 'updateopemb_method': 'concat_ofb', 'updateopemb_dims': [128], 'updateopemb_scale': 0.1, 'b_use_bn': False, 'detach_vinfo': False, 'updateopemb_detach_opemb': True, 'updateopemb_detach_finfo': True, 'symmetry_breaking_method': 'param_zs_add', 'concat_param_zs_as_opemb_dimension': 7, 'concat_param_zs_as_opemb_scale': 1.0, 'mask_nonparametrized_ops': False}, 'arch_embedder_type': 'nb101-fbflow-anytime', 'compare_loss_type': 'margin_linear', 'compare_margin': 0.1, 'mlp_dropout': 0.1, 'mlp_hiddens': [200], 'mlp_out_dim': 1, 'optimizer': {'lr': 0.001, 'type': 'Adam'}, 'scheduler': None}, 'batch_size': 512, 'choose_pair_criterion': 'random', 'compare': False, 'compare_threshold': 0.0, 'epochs': 200, 'max_compare_ratio': 4.0}
2022-01-21 15:56:18,256 root                INFO: Combined args: Namespace(batch_size=512, cfg_file='cfgs/nb101_cfgs/tagates_anytime.yaml', choose_pair_criterion='random', compare=False, compare_threshold=0.0, epochs=200, eval_only_last=200, gpu=1, load=None, max_compare_ratio=4.0, num_workers=4, report_freq=200, save_every=200, save_predict=None, seed=21, test_funcs=None, test_only=False, train_dir='nb1shot1_anytime_tagates/tagates_0.5/1/21', train_pkl='../mynas/data/nasbench-1shot1/nasbench101_anytime_train_1.pkl', train_ratio=0.5, valid_pkl='../mynas/data/nasbench-1shot1/nasbench101_anytime_valid.pkl')
2022-01-21 15:56:18,262 root                INFO: Train dataset ratio: 0.500
2022-01-21 15:56:18,263 root                INFO: Number of architectures: train: 3645; valid: 7290
2022-01-21 15:56:21,781 root                INFO: Train: Epoch   1: train loss 0.1574
2022-01-21 15:56:23,769 root                INFO: Valid: Epoch   1: kendall tau 0.2936 0.3888; loss 0.06606 0.008488
2022-01-21 15:56:25,426 root                INFO: Train: Epoch   2: train loss 0.0296
2022-01-21 15:56:27,718 root                INFO: Valid: Epoch   2: kendall tau 0.3036 0.4159; loss 0.01892 0.009717
2022-01-21 15:56:29,415 root                INFO: Train: Epoch   3: train loss 0.0151
2022-01-21 15:56:31,748 root                INFO: Valid: Epoch   3: kendall tau 0.3317 0.4487; loss 0.0258 0.008159
2022-01-21 15:56:33,119 root                INFO: Train: Epoch   4: train loss 0.0127
2022-01-21 15:56:35,297 root                INFO: Valid: Epoch   4: kendall tau 0.3342 0.4731; loss 0.022 0.008254
2022-01-21 15:56:36,528 root                INFO: Train: Epoch   5: train loss 0.0110
2022-01-21 15:56:38,406 root                INFO: Valid: Epoch   5: kendall tau 0.3335 0.4907; loss 0.01904 0.008094
2022-01-21 15:56:39,889 root                INFO: Train: Epoch   6: train loss 0.0107
2022-01-21 15:56:42,187 root                INFO: Valid: Epoch   6: kendall tau 0.3300 0.5110; loss 0.01998 0.008555
2022-01-21 15:56:43,677 root                INFO: Train: Epoch   7: train loss 0.0103
2022-01-21 15:56:45,794 root                INFO: Valid: Epoch   7: kendall tau 0.3333 0.5357; loss 0.01961 0.007772
2022-01-21 15:56:46,990 root                INFO: Train: Epoch   8: train loss 0.0100
2022-01-21 15:56:48,900 root                INFO: Valid: Epoch   8: kendall tau 0.3364 0.5687; loss 0.02121 0.00772
2022-01-21 15:56:50,450 root                INFO: Train: Epoch   9: train loss 0.0096
2022-01-21 15:56:52,688 root                INFO: Valid: Epoch   9: kendall tau 0.3262 0.6009; loss 0.02176 0.00793
2022-01-21 15:56:53,935 root                INFO: Train: Epoch  10: train loss 0.0093
2022-01-21 15:56:56,117 root                INFO: Valid: Epoch  10: kendall tau 0.3043 0.5776; loss 0.0219 0.007857
2022-01-21 15:56:57,353 root                INFO: Train: Epoch  11: train loss 0.0090
2022-01-21 15:56:59,193 root                INFO: Valid: Epoch  11: kendall tau 0.3316 0.5658; loss 0.02141 0.007516
2022-01-21 15:57:00,577 root                INFO: Train: Epoch  12: train loss 0.0087
2022-01-21 15:57:02,398 root                INFO: Valid: Epoch  12: kendall tau 0.4156 0.5885; loss 0.01815 0.007109
2022-01-21 15:57:03,738 root                INFO: Train: Epoch  13: train loss 0.0086
2022-01-21 15:57:05,653 root                INFO: Valid: Epoch  13: kendall tau 0.4344 0.5738; loss 0.01729 0.007016
2022-01-21 15:57:06,819 root                INFO: Train: Epoch  14: train loss 0.0084
2022-01-21 15:57:08,704 root                INFO: Valid: Epoch  14: kendall tau 0.4516 0.5608; loss 0.01611 0.006981
2022-01-21 15:57:09,916 root                INFO: Train: Epoch  15: train loss 0.0082
2022-01-21 15:57:11,801 root                INFO: Valid: Epoch  15: kendall tau 0.4635 0.5614; loss 0.0155 0.00695
2022-01-21 15:57:13,005 root                INFO: Train: Epoch  16: train loss 0.0077
2022-01-21 15:57:14,972 root                INFO: Valid: Epoch  16: kendall tau 0.4402 0.5276; loss 0.0144 0.006887
2022-01-21 15:57:16,156 root                INFO: Train: Epoch  17: train loss 0.0072
2022-01-21 15:57:18,102 root                INFO: Valid: Epoch  17: kendall tau 0.4480 0.4960; loss 0.01399 0.007154
2022-01-21 15:57:19,513 root                INFO: Train: Epoch  18: train loss 0.0068
2022-01-21 15:57:21,327 root                INFO: Valid: Epoch  18: kendall tau 0.4676 0.4735; loss 0.01419 0.007501
2022-01-21 15:57:22,671 root                INFO: Train: Epoch  19: train loss 0.0066
2022-01-21 15:57:24,460 root                INFO: Valid: Epoch  19: kendall tau 0.4658 0.5136; loss 0.01313 0.006429
2022-01-21 15:57:25,846 root                INFO: Train: Epoch  20: train loss 0.0064
2022-01-21 15:57:27,673 root                INFO: Valid: Epoch  20: kendall tau 0.4773 0.5591; loss 0.01324 0.00612
2022-01-21 15:57:28,961 root                INFO: Train: Epoch  21: train loss 0.0064
2022-01-21 15:57:30,736 root                INFO: Valid: Epoch  21: kendall tau 0.4498 0.5480; loss 0.01386 0.005936
2022-01-21 15:57:32,118 root                INFO: Train: Epoch  22: train loss 0.0061
2022-01-21 15:57:34,015 root                INFO: Valid: Epoch  22: kendall tau 0.4460 0.4948; loss 0.01427 0.007357
2022-01-21 15:57:35,199 root                INFO: Train: Epoch  23: train loss 0.0060
2022-01-21 15:57:37,141 root                INFO: Valid: Epoch  23: kendall tau 0.4719 0.5777; loss 0.01226 0.005323
2022-01-21 15:57:38,542 root                INFO: Train: Epoch  24: train loss 0.0059
2022-01-21 15:57:40,367 root                INFO: Valid: Epoch  24: kendall tau 0.4651 0.5534; loss 0.01395 0.005992
2022-01-21 15:57:41,559 root                INFO: Train: Epoch  25: train loss 0.0058
2022-01-21 15:57:43,397 root                INFO: Valid: Epoch  25: kendall tau 0.4610 0.5353; loss 0.01329 0.006262
2022-01-21 15:57:44,743 root                INFO: Train: Epoch  26: train loss 0.0056
2022-01-21 15:57:46,513 root                INFO: Valid: Epoch  26: kendall tau 0.4712 0.5502; loss 0.01176 0.006143
2022-01-21 15:57:47,678 root                INFO: Train: Epoch  27: train loss 0.0055
2022-01-21 15:57:49,633 root                INFO: Valid: Epoch  27: kendall tau 0.4709 0.5611; loss 0.01239 0.00563
2022-01-21 15:57:50,789 root                INFO: Train: Epoch  28: train loss 0.0055
2022-01-21 15:57:52,683 root                INFO: Valid: Epoch  28: kendall tau 0.4550 0.5720; loss 0.0148 0.007367
2022-01-21 15:57:53,854 root                INFO: Train: Epoch  29: train loss 0.0055
2022-01-21 15:57:55,739 root                INFO: Valid: Epoch  29: kendall tau 0.4244 0.5367; loss 0.01667 0.007764
2022-01-21 15:57:56,926 root                INFO: Train: Epoch  30: train loss 0.0053
2022-01-21 15:57:58,841 root                INFO: Valid: Epoch  30: kendall tau 0.4514 0.5807; loss 0.01521 0.007453
2022-01-21 15:58:00,201 root                INFO: Train: Epoch  31: train loss 0.0053
2022-01-21 15:58:01,996 root                INFO: Valid: Epoch  31: kendall tau 0.4524 0.5830; loss 0.01354 0.006353
2022-01-21 15:58:03,367 root                INFO: Train: Epoch  32: train loss 0.0051
2022-01-21 15:58:05,161 root                INFO: Valid: Epoch  32: kendall tau 0.4450 0.5814; loss 0.01366 0.00659
2022-01-21 15:58:06,499 root                INFO: Train: Epoch  33: train loss 0.0049
2022-01-21 15:58:08,260 root                INFO: Valid: Epoch  33: kendall tau 0.4609 0.6012; loss 0.01358 0.005503
2022-01-21 15:58:09,632 root                INFO: Train: Epoch  34: train loss 0.0049
2022-01-21 15:58:11,413 root                INFO: Valid: Epoch  34: kendall tau 0.4639 0.5432; loss 0.01179 0.00668
2022-01-21 15:58:12,771 root                INFO: Train: Epoch  35: train loss 0.0046
2022-01-21 15:58:14,611 root                INFO: Valid: Epoch  35: kendall tau 0.4302 0.5917; loss 0.01265 0.004956
2022-01-21 15:58:16,039 root                INFO: Train: Epoch  36: train loss 0.0046
2022-01-21 15:58:17,873 root                INFO: Valid: Epoch  36: kendall tau 0.4697 0.6092; loss 0.01035 0.005203
2022-01-21 15:58:19,275 root                INFO: Train: Epoch  37: train loss 0.0045
2022-01-21 15:58:21,071 root                INFO: Valid: Epoch  37: kendall tau 0.4407 0.6064; loss 0.0128 0.005598
2022-01-21 15:58:22,399 root                INFO: Train: Epoch  38: train loss 0.0044
2022-01-21 15:58:24,242 root                INFO: Valid: Epoch  38: kendall tau 0.4564 0.6209; loss 0.01073 0.00553
2022-01-21 15:58:25,576 root                INFO: Train: Epoch  39: train loss 0.0047
2022-01-21 15:58:27,417 root                INFO: Valid: Epoch  39: kendall tau 0.4466 0.6082; loss 0.01331 0.005636
2022-01-21 15:58:28,737 root                INFO: Train: Epoch  40: train loss 0.0044
2022-01-21 15:58:30,585 root                INFO: Valid: Epoch  40: kendall tau 0.4433 0.6012; loss 0.01134 0.005295
2022-01-21 15:58:31,980 root                INFO: Train: Epoch  41: train loss 0.0046
2022-01-21 15:58:33,810 root                INFO: Valid: Epoch  41: kendall tau 0.4268 0.6014; loss 0.01447 0.006617
2022-01-21 15:58:35,138 root                INFO: Train: Epoch  42: train loss 0.0048
2022-01-21 15:58:36,981 root                INFO: Valid: Epoch  42: kendall tau 0.4008 0.6066; loss 0.01583 0.005686
2022-01-21 15:58:38,322 root                INFO: Train: Epoch  43: train loss 0.0045
2022-01-21 15:58:40,120 root                INFO: Valid: Epoch  43: kendall tau 0.4534 0.6191; loss 0.0106 0.005326
2022-01-21 15:58:41,557 root                INFO: Train: Epoch  44: train loss 0.0052
2022-01-21 15:58:43,383 root                INFO: Valid: Epoch  44: kendall tau 0.4491 0.6073; loss 0.009468 0.005301
2022-01-21 15:58:44,618 root                INFO: Train: Epoch  45: train loss 0.0047
2022-01-21 15:58:46,543 root                INFO: Valid: Epoch  45: kendall tau 0.4484 0.5975; loss 0.009935 0.005162
2022-01-21 15:58:47,779 root                INFO: Train: Epoch  46: train loss 0.0045
2022-01-21 15:58:49,732 root                INFO: Valid: Epoch  46: kendall tau 0.4587 0.6026; loss 0.01246 0.005455
2022-01-21 15:58:50,922 root                INFO: Train: Epoch  47: train loss 0.0044
2022-01-21 15:58:52,934 root                INFO: Valid: Epoch  47: kendall tau 0.4414 0.6029; loss 0.01595 0.006604
2022-01-21 15:58:54,141 root                INFO: Train: Epoch  48: train loss 0.0054
2022-01-21 15:58:56,001 root                INFO: Valid: Epoch  48: kendall tau 0.4689 0.6239; loss 0.01008 0.005358
2022-01-21 15:58:57,194 root                INFO: Train: Epoch  49: train loss 0.0054
2022-01-21 15:58:59,152 root                INFO: Valid: Epoch  49: kendall tau 0.4244 0.4938; loss 0.01302 0.007959
2022-01-21 15:59:00,343 root                INFO: Train: Epoch  50: train loss 0.0055
2022-01-21 15:59:02,209 root                INFO: Valid: Epoch  50: kendall tau 0.4988 0.6192; loss 0.00973 0.006408
2022-01-21 15:59:03,407 root                INFO: Train: Epoch  51: train loss 0.0046
2022-01-21 15:59:05,226 root                INFO: Valid: Epoch  51: kendall tau 0.4753 0.6406; loss 0.01151 0.004912
2022-01-21 15:59:06,521 root                INFO: Train: Epoch  52: train loss 0.0045
2022-01-21 15:59:08,277 root                INFO: Valid: Epoch  52: kendall tau 0.4367 0.6281; loss 0.01273 0.00525
2022-01-21 15:59:09,459 root                INFO: Train: Epoch  53: train loss 0.0046
2022-01-21 15:59:11,357 root                INFO: Valid: Epoch  53: kendall tau 0.4588 0.6095; loss 0.01099 0.005296
2022-01-21 15:59:12,523 root                INFO: Train: Epoch  54: train loss 0.0046
2022-01-21 15:59:14,489 root                INFO: Valid: Epoch  54: kendall tau 0.4532 0.6079; loss 0.01089 0.005193
2022-01-21 15:59:15,656 root                INFO: Train: Epoch  55: train loss 0.0044
2022-01-21 15:59:17,575 root                INFO: Valid: Epoch  55: kendall tau 0.4545 0.6159; loss 0.01111 0.005611
2022-01-21 15:59:18,919 root                INFO: Train: Epoch  56: train loss 0.0042
2022-01-21 15:59:20,644 root                INFO: Valid: Epoch  56: kendall tau 0.4600 0.6145; loss 0.01195 0.005365
2022-01-21 15:59:21,987 root                INFO: Train: Epoch  57: train loss 0.0041
2022-01-21 15:59:23,783 root                INFO: Valid: Epoch  57: kendall tau 0.4778 0.6056; loss 0.01176 0.005535
2022-01-21 15:59:25,142 root                INFO: Train: Epoch  58: train loss 0.0041
2022-01-21 15:59:26,912 root                INFO: Valid: Epoch  58: kendall tau 0.4548 0.5951; loss 0.01468 0.00658
2022-01-21 15:59:28,213 root                INFO: Train: Epoch  59: train loss 0.0046
2022-01-21 15:59:29,954 root                INFO: Valid: Epoch  59: kendall tau 0.4500 0.6001; loss 0.01429 0.005631
2022-01-21 15:59:31,281 root                INFO: Train: Epoch  60: train loss 0.0040
2022-01-21 15:59:33,137 root                INFO: Valid: Epoch  60: kendall tau 0.4759 0.6147; loss 0.0123 0.00577
2022-01-21 15:59:34,447 root                INFO: Train: Epoch  61: train loss 0.0040
2022-01-21 15:59:36,214 root                INFO: Valid: Epoch  61: kendall tau 0.4717 0.6216; loss 0.01265 0.005335
2022-01-21 15:59:37,511 root                INFO: Train: Epoch  62: train loss 0.0039
2022-01-21 15:59:39,284 root                INFO: Valid: Epoch  62: kendall tau 0.4678 0.6147; loss 0.01309 0.005424
2022-01-21 15:59:40,655 root                INFO: Train: Epoch  63: train loss 0.0039
2022-01-21 15:59:42,410 root                INFO: Valid: Epoch  63: kendall tau 0.4955 0.6194; loss 0.01017 0.006291
2022-01-21 15:59:43,735 root                INFO: Train: Epoch  64: train loss 0.0041
2022-01-21 15:59:45,555 root                INFO: Valid: Epoch  64: kendall tau 0.4885 0.6098; loss 0.01051 0.005488
2022-01-21 15:59:46,927 root                INFO: Train: Epoch  65: train loss 0.0038
2022-01-21 15:59:48,733 root                INFO: Valid: Epoch  65: kendall tau 0.4819 0.6216; loss 0.01024 0.005384
2022-01-21 15:59:50,025 root                INFO: Train: Epoch  66: train loss 0.0042
2022-01-21 15:59:51,801 root                INFO: Valid: Epoch  66: kendall tau 0.4853 0.6131; loss 0.009806 0.00501
2022-01-21 15:59:53,101 root                INFO: Train: Epoch  67: train loss 0.0040
2022-01-21 15:59:54,832 root                INFO: Valid: Epoch  67: kendall tau 0.4970 0.6283; loss 0.008919 0.005787
2022-01-21 15:59:56,163 root                INFO: Train: Epoch  68: train loss 0.0043
2022-01-21 15:59:58,015 root                INFO: Valid: Epoch  68: kendall tau 0.4871 0.6263; loss 0.00943 0.005185
2022-01-21 15:59:59,357 root                INFO: Train: Epoch  69: train loss 0.0040
2022-01-21 16:00:01,181 root                INFO: Valid: Epoch  69: kendall tau 0.4786 0.6305; loss 0.01122 0.005262
2022-01-21 16:00:02,502 root                INFO: Train: Epoch  70: train loss 0.0038
2022-01-21 16:00:04,305 root                INFO: Valid: Epoch  70: kendall tau 0.4862 0.6342; loss 0.01354 0.005793
2022-01-21 16:00:05,623 root                INFO: Train: Epoch  71: train loss 0.0041
2022-01-21 16:00:07,425 root                INFO: Valid: Epoch  71: kendall tau 0.4799 0.6419; loss 0.01275 0.005683
2022-01-21 16:00:08,706 root                INFO: Train: Epoch  72: train loss 0.0038
2022-01-21 16:00:10,502 root                INFO: Valid: Epoch  72: kendall tau 0.4914 0.6638; loss 0.01408 0.005141
2022-01-21 16:00:11,745 root                INFO: Train: Epoch  73: train loss 0.0038
2022-01-21 16:00:13,559 root                INFO: Valid: Epoch  73: kendall tau 0.4979 0.6672; loss 0.01116 0.005515
2022-01-21 16:00:14,945 root                INFO: Train: Epoch  74: train loss 0.0037
2022-01-21 16:00:16,719 root                INFO: Valid: Epoch  74: kendall tau 0.4957 0.6660; loss 0.01058 0.00503
2022-01-21 16:00:18,116 root                INFO: Train: Epoch  75: train loss 0.0038
2022-01-21 16:00:19,896 root                INFO: Valid: Epoch  75: kendall tau 0.4984 0.6616; loss 0.01067 0.005183
2022-01-21 16:00:21,110 root                INFO: Train: Epoch  76: train loss 0.0039
2022-01-21 16:00:23,008 root                INFO: Valid: Epoch  76: kendall tau 0.4905 0.6596; loss 0.01247 0.00543
2022-01-21 16:00:24,334 root                INFO: Train: Epoch  77: train loss 0.0040
2022-01-21 16:00:26,220 root                INFO: Valid: Epoch  77: kendall tau 0.4781 0.6399; loss 0.01234 0.005766
2022-01-21 16:00:27,425 root                INFO: Train: Epoch  78: train loss 0.0039
2022-01-21 16:00:29,412 root                INFO: Valid: Epoch  78: kendall tau 0.5095 0.6621; loss 0.01232 0.005143
2022-01-21 16:00:30,618 root                INFO: Train: Epoch  79: train loss 0.0038
2022-01-21 16:00:32,560 root                INFO: Valid: Epoch  79: kendall tau 0.4999 0.6675; loss 0.01116 0.005004
2022-01-21 16:00:33,825 root                INFO: Train: Epoch  80: train loss 0.0037
2022-01-21 16:00:35,720 root                INFO: Valid: Epoch  80: kendall tau 0.4840 0.6493; loss 0.0114 0.004921
2022-01-21 16:00:36,974 root                INFO: Train: Epoch  81: train loss 0.0037
2022-01-21 16:00:38,937 root                INFO: Valid: Epoch  81: kendall tau 0.5000 0.6584; loss 0.01127 0.005218
2022-01-21 16:00:40,159 root                INFO: Train: Epoch  82: train loss 0.0037
2022-01-21 16:00:42,153 root                INFO: Valid: Epoch  82: kendall tau 0.5138 0.6717; loss 0.008893 0.00522
2022-01-21 16:00:43,363 root                INFO: Train: Epoch  83: train loss 0.0038
2022-01-21 16:00:45,304 root                INFO: Valid: Epoch  83: kendall tau 0.5077 0.6650; loss 0.008549 0.006581
2022-01-21 16:00:46,528 root                INFO: Train: Epoch  84: train loss 0.0048
2022-01-21 16:00:48,482 root                INFO: Valid: Epoch  84: kendall tau 0.4938 0.6507; loss 0.008997 0.004931
2022-01-21 16:00:49,721 root                INFO: Train: Epoch  85: train loss 0.0041
2022-01-21 16:00:51,611 root                INFO: Valid: Epoch  85: kendall tau 0.5106 0.6476; loss 0.009331 0.004997
2022-01-21 16:00:52,999 root                INFO: Train: Epoch  86: train loss 0.0040
2022-01-21 16:00:54,825 root                INFO: Valid: Epoch  86: kendall tau 0.4974 0.6392; loss 0.009647 0.00542
2022-01-21 16:00:56,007 root                INFO: Train: Epoch  87: train loss 0.0038
2022-01-21 16:00:57,942 root                INFO: Valid: Epoch  87: kendall tau 0.5034 0.6332; loss 0.01079 0.00494
2022-01-21 16:00:59,251 root                INFO: Train: Epoch  88: train loss 0.0037
2022-01-21 16:01:01,046 root                INFO: Valid: Epoch  88: kendall tau 0.5121 0.6405; loss 0.01074 0.005678
2022-01-21 16:01:02,372 root                INFO: Train: Epoch  89: train loss 0.0035
2022-01-21 16:01:04,171 root                INFO: Valid: Epoch  89: kendall tau 0.5067 0.6555; loss 0.01005 0.005208
2022-01-21 16:01:05,524 root                INFO: Train: Epoch  90: train loss 0.0035
2022-01-21 16:01:07,313 root                INFO: Valid: Epoch  90: kendall tau 0.5102 0.6569; loss 0.012 0.004872
2022-01-21 16:01:08,687 root                INFO: Train: Epoch  91: train loss 0.0036
2022-01-21 16:01:10,506 root                INFO: Valid: Epoch  91: kendall tau 0.5159 0.6599; loss 0.0122 0.005323
2022-01-21 16:01:11,845 root                INFO: Train: Epoch  92: train loss 0.0036
2022-01-21 16:01:13,645 root                INFO: Valid: Epoch  92: kendall tau 0.5064 0.6660; loss 0.01127 0.005129
2022-01-21 16:01:15,016 root                INFO: Train: Epoch  93: train loss 0.0034
2022-01-21 16:01:16,844 root                INFO: Valid: Epoch  93: kendall tau 0.5031 0.6521; loss 0.01169 0.005022
2022-01-21 16:01:18,226 root                INFO: Train: Epoch  94: train loss 0.0035
2022-01-21 16:01:20,068 root                INFO: Valid: Epoch  94: kendall tau 0.5211 0.6590; loss 0.01022 0.004913
2022-01-21 16:01:21,490 root                INFO: Train: Epoch  95: train loss 0.0035
2022-01-21 16:01:23,283 root                INFO: Valid: Epoch  95: kendall tau 0.5223 0.6373; loss 0.008754 0.005272
2022-01-21 16:01:24,615 root                INFO: Train: Epoch  96: train loss 0.0036
2022-01-21 16:01:26,372 root                INFO: Valid: Epoch  96: kendall tau 0.5192 0.6438; loss 0.008614 0.005113
2022-01-21 16:01:27,686 root                INFO: Train: Epoch  97: train loss 0.0037
2022-01-21 16:01:29,445 root                INFO: Valid: Epoch  97: kendall tau 0.5112 0.6408; loss 0.009626 0.005444
2022-01-21 16:01:30,770 root                INFO: Train: Epoch  98: train loss 0.0037
2022-01-21 16:01:32,581 root                INFO: Valid: Epoch  98: kendall tau 0.5093 0.6095; loss 0.009242 0.00557
2022-01-21 16:01:33,935 root                INFO: Train: Epoch  99: train loss 0.0035
2022-01-21 16:01:35,760 root                INFO: Valid: Epoch  99: kendall tau 0.5242 0.6326; loss 0.009149 0.00592
2022-01-21 16:01:37,127 root                INFO: Train: Epoch 100: train loss 0.0037
2022-01-21 16:01:38,936 root                INFO: Valid: Epoch 100: kendall tau 0.5162 0.6444; loss 0.009146 0.0054
2022-01-21 16:01:40,298 root                INFO: Train: Epoch 101: train loss 0.0034
2022-01-21 16:01:42,165 root                INFO: Valid: Epoch 101: kendall tau 0.5242 0.6666; loss 0.01088 0.005187
2022-01-21 16:01:43,514 root                INFO: Train: Epoch 102: train loss 0.0033
2022-01-21 16:01:45,369 root                INFO: Valid: Epoch 102: kendall tau 0.5224 0.6786; loss 0.01096 0.005582
2022-01-21 16:01:46,749 root                INFO: Train: Epoch 103: train loss 0.0034
2022-01-21 16:01:48,520 root                INFO: Valid: Epoch 103: kendall tau 0.5263 0.6719; loss 0.01205 0.006052
2022-01-21 16:01:49,896 root                INFO: Train: Epoch 104: train loss 0.0033
2022-01-21 16:01:51,658 root                INFO: Valid: Epoch 104: kendall tau 0.5267 0.6673; loss 0.01021 0.005761
2022-01-21 16:01:52,849 root                INFO: Train: Epoch 105: train loss 0.0033
2022-01-21 16:01:54,744 root                INFO: Valid: Epoch 105: kendall tau 0.5252 0.6631; loss 0.01122 0.005455
2022-01-21 16:01:56,094 root                INFO: Train: Epoch 106: train loss 0.0034
2022-01-21 16:01:57,834 root                INFO: Valid: Epoch 106: kendall tau 0.5183 0.6726; loss 0.01022 0.005241
2022-01-21 16:01:59,214 root                INFO: Train: Epoch 107: train loss 0.0033
2022-01-21 16:02:01,006 root                INFO: Valid: Epoch 107: kendall tau 0.5159 0.6622; loss 0.01186 0.005552
2022-01-21 16:02:02,363 root                INFO: Train: Epoch 108: train loss 0.0033
2022-01-21 16:02:04,133 root                INFO: Valid: Epoch 108: kendall tau 0.5210 0.6745; loss 0.01123 0.00547
2022-01-21 16:02:05,421 root                INFO: Train: Epoch 109: train loss 0.0033
2022-01-21 16:02:07,140 root                INFO: Valid: Epoch 109: kendall tau 0.5141 0.6842; loss 0.01113 0.005364
2022-01-21 16:02:08,422 root                INFO: Train: Epoch 110: train loss 0.0033
2022-01-21 16:02:10,169 root                INFO: Valid: Epoch 110: kendall tau 0.5200 0.6790; loss 0.01038 0.005595
2022-01-21 16:02:11,525 root                INFO: Train: Epoch 111: train loss 0.0032
2022-01-21 16:02:13,314 root                INFO: Valid: Epoch 111: kendall tau 0.5227 0.6746; loss 0.009825 0.0056
2022-01-21 16:02:14,668 root                INFO: Train: Epoch 112: train loss 0.0032
2022-01-21 16:02:16,398 root                INFO: Valid: Epoch 112: kendall tau 0.5255 0.6912; loss 0.01104 0.00574
2022-01-21 16:02:17,725 root                INFO: Train: Epoch 113: train loss 0.0032
2022-01-21 16:02:19,540 root                INFO: Valid: Epoch 113: kendall tau 0.5176 0.6761; loss 0.01103 0.005459
2022-01-21 16:02:20,878 root                INFO: Train: Epoch 114: train loss 0.0033
2022-01-21 16:02:22,697 root                INFO: Valid: Epoch 114: kendall tau 0.5210 0.6718; loss 0.01196 0.005655
2022-01-21 16:02:24,034 root                INFO: Train: Epoch 115: train loss 0.0035
2022-01-21 16:02:25,892 root                INFO: Valid: Epoch 115: kendall tau 0.5313 0.6939; loss 0.01141 0.005815
2022-01-21 16:02:27,239 root                INFO: Train: Epoch 116: train loss 0.0034
2022-01-21 16:02:29,064 root                INFO: Valid: Epoch 116: kendall tau 0.5264 0.6852; loss 0.01065 0.005959
2022-01-21 16:02:30,422 root                INFO: Train: Epoch 117: train loss 0.0034
2022-01-21 16:02:32,190 root                INFO: Valid: Epoch 117: kendall tau 0.5295 0.6858; loss 0.0109 0.005534
2022-01-21 16:02:33,541 root                INFO: Train: Epoch 118: train loss 0.0032
2022-01-21 16:02:35,334 root                INFO: Valid: Epoch 118: kendall tau 0.5201 0.6860; loss 0.009374 0.006336
2022-01-21 16:02:36,649 root                INFO: Train: Epoch 119: train loss 0.0052
2022-01-21 16:02:38,499 root                INFO: Valid: Epoch 119: kendall tau 0.5245 0.6854; loss 0.008721 0.006066
2022-01-21 16:02:39,719 root                INFO: Train: Epoch 120: train loss 0.0049
2022-01-21 16:02:41,702 root                INFO: Valid: Epoch 120: kendall tau 0.5084 0.6554; loss 0.01012 0.005961
2022-01-21 16:02:42,902 root                INFO: Train: Epoch 121: train loss 0.0044
2022-01-21 16:02:44,834 root                INFO: Valid: Epoch 121: kendall tau 0.5246 0.6398; loss 0.008207 0.004616
2022-01-21 16:02:46,024 root                INFO: Train: Epoch 122: train loss 0.0039
2022-01-21 16:02:47,999 root                INFO: Valid: Epoch 122: kendall tau 0.5068 0.5874; loss 0.0104 0.005126
2022-01-21 16:02:49,196 root                INFO: Train: Epoch 123: train loss 0.0035
2022-01-21 16:02:51,142 root                INFO: Valid: Epoch 123: kendall tau 0.5345 0.6263; loss 0.009875 0.004951
2022-01-21 16:02:52,378 root                INFO: Train: Epoch 124: train loss 0.0034
2022-01-21 16:02:54,236 root                INFO: Valid: Epoch 124: kendall tau 0.5219 0.6630; loss 0.01093 0.005084
2022-01-21 16:02:55,423 root                INFO: Train: Epoch 125: train loss 0.0036
2022-01-21 16:02:57,323 root                INFO: Valid: Epoch 125: kendall tau 0.5390 0.6907; loss 0.01034 0.005375
2022-01-21 16:02:58,537 root                INFO: Train: Epoch 126: train loss 0.0033
2022-01-21 16:03:00,516 root                INFO: Valid: Epoch 126: kendall tau 0.5446 0.6849; loss 0.01119 0.004635
2022-01-21 16:03:01,717 root                INFO: Train: Epoch 127: train loss 0.0036
2022-01-21 16:03:03,563 root                INFO: Valid: Epoch 127: kendall tau 0.5164 0.6624; loss 0.01309 0.005199
2022-01-21 16:03:04,774 root                INFO: Train: Epoch 128: train loss 0.0037
2022-01-21 16:03:06,739 root                INFO: Valid: Epoch 128: kendall tau 0.5304 0.6824; loss 0.01067 0.005283
2022-01-21 16:03:07,952 root                INFO: Train: Epoch 129: train loss 0.0033
2022-01-21 16:03:09,806 root                INFO: Valid: Epoch 129: kendall tau 0.5153 0.6946; loss 0.01105 0.005187
2022-01-21 16:03:11,015 root                INFO: Train: Epoch 130: train loss 0.0033
2022-01-21 16:03:12,917 root                INFO: Valid: Epoch 130: kendall tau 0.5228 0.6773; loss 0.01312 0.004936
2022-01-21 16:03:14,136 root                INFO: Train: Epoch 131: train loss 0.0033
2022-01-21 16:03:16,013 root                INFO: Valid: Epoch 131: kendall tau 0.5364 0.6628; loss 0.01051 0.005102
2022-01-21 16:03:17,224 root                INFO: Train: Epoch 132: train loss 0.0032
2022-01-21 16:03:19,203 root                INFO: Valid: Epoch 132: kendall tau 0.5229 0.6763; loss 0.01079 0.005197
2022-01-21 16:03:20,428 root                INFO: Train: Epoch 133: train loss 0.0033
2022-01-21 16:03:22,309 root                INFO: Valid: Epoch 133: kendall tau 0.5226 0.6687; loss 0.01086 0.004917
2022-01-21 16:03:23,507 root                INFO: Train: Epoch 134: train loss 0.0031
2022-01-21 16:03:25,447 root                INFO: Valid: Epoch 134: kendall tau 0.5308 0.6801; loss 0.0105 0.004966
2022-01-21 16:03:26,635 root                INFO: Train: Epoch 135: train loss 0.0031
2022-01-21 16:03:28,580 root                INFO: Valid: Epoch 135: kendall tau 0.5154 0.6910; loss 0.01078 0.004798
2022-01-21 16:03:29,791 root                INFO: Train: Epoch 136: train loss 0.0031
2022-01-21 16:03:31,709 root                INFO: Valid: Epoch 136: kendall tau 0.5361 0.6939; loss 0.009664 0.004928
2022-01-21 16:03:32,935 root                INFO: Train: Epoch 137: train loss 0.0032
2022-01-21 16:03:34,828 root                INFO: Valid: Epoch 137: kendall tau 0.5440 0.6701; loss 0.009796 0.004806
2022-01-21 16:03:35,994 root                INFO: Train: Epoch 138: train loss 0.0031
2022-01-21 16:03:37,940 root                INFO: Valid: Epoch 138: kendall tau 0.5214 0.6707; loss 0.01168 0.004923
2022-01-21 16:03:39,102 root                INFO: Train: Epoch 139: train loss 0.0033
2022-01-21 16:03:41,043 root                INFO: Valid: Epoch 139: kendall tau 0.5103 0.6921; loss 0.01268 0.005495
2022-01-21 16:03:42,198 root                INFO: Train: Epoch 140: train loss 0.0033
2022-01-21 16:03:44,120 root                INFO: Valid: Epoch 140: kendall tau 0.5245 0.6963; loss 0.0109 0.00538
2022-01-21 16:03:45,282 root                INFO: Train: Epoch 141: train loss 0.0032
2022-01-21 16:03:47,124 root                INFO: Valid: Epoch 141: kendall tau 0.5260 0.6794; loss 0.01013 0.004961
2022-01-21 16:03:48,311 root                INFO: Train: Epoch 142: train loss 0.0031
2022-01-21 16:03:50,210 root                INFO: Valid: Epoch 142: kendall tau 0.5216 0.6781; loss 0.00989 0.005
2022-01-21 16:03:51,397 root                INFO: Train: Epoch 143: train loss 0.0032
2022-01-21 16:03:53,274 root                INFO: Valid: Epoch 143: kendall tau 0.5267 0.6803; loss 0.009785 0.004952
2022-01-21 16:03:54,455 root                INFO: Train: Epoch 144: train loss 0.0033
2022-01-21 16:03:56,328 root                INFO: Valid: Epoch 144: kendall tau 0.5290 0.6711; loss 0.01107 0.005205
2022-01-21 16:03:57,478 root                INFO: Train: Epoch 145: train loss 0.0035
2022-01-21 16:03:59,546 root                INFO: Valid: Epoch 145: kendall tau 0.5121 0.6740; loss 0.01271 0.00579
2022-01-21 16:04:00,693 root                INFO: Train: Epoch 146: train loss 0.0036
2022-01-21 16:04:02,571 root                INFO: Valid: Epoch 146: kendall tau 0.5273 0.6808; loss 0.01037 0.005845
2022-01-21 16:04:03,745 root                INFO: Train: Epoch 147: train loss 0.0034
2022-01-21 16:04:05,585 root                INFO: Valid: Epoch 147: kendall tau 0.5197 0.6803; loss 0.012 0.004933
2022-01-21 16:04:06,831 root                INFO: Train: Epoch 148: train loss 0.0031
2022-01-21 16:04:08,869 root                INFO: Valid: Epoch 148: kendall tau 0.5400 0.6823; loss 0.01091 0.004971
2022-01-21 16:04:10,045 root                INFO: Train: Epoch 149: train loss 0.0033
2022-01-21 16:04:11,948 root                INFO: Valid: Epoch 149: kendall tau 0.5397 0.6599; loss 0.01089 0.005376
2022-01-21 16:04:13,172 root                INFO: Train: Epoch 150: train loss 0.0031
2022-01-21 16:04:15,134 root                INFO: Valid: Epoch 150: kendall tau 0.5340 0.6805; loss 0.01009 0.005116
2022-01-21 16:04:16,310 root                INFO: Train: Epoch 151: train loss 0.0030
2022-01-21 16:04:18,170 root                INFO: Valid: Epoch 151: kendall tau 0.5148 0.6864; loss 0.01131 0.005024
2022-01-21 16:04:19,423 root                INFO: Train: Epoch 152: train loss 0.0031
2022-01-21 16:04:21,296 root                INFO: Valid: Epoch 152: kendall tau 0.5232 0.6739; loss 0.01149 0.00547
2022-01-21 16:04:22,525 root                INFO: Train: Epoch 153: train loss 0.0032
2022-01-21 16:04:24,445 root                INFO: Valid: Epoch 153: kendall tau 0.5421 0.7013; loss 0.01205 0.005531
2022-01-21 16:04:25,809 root                INFO: Train: Epoch 154: train loss 0.0032
2022-01-21 16:04:27,632 root                INFO: Valid: Epoch 154: kendall tau 0.5215 0.6755; loss 0.013 0.005292
2022-01-21 16:04:28,906 root                INFO: Train: Epoch 155: train loss 0.0031
2022-01-21 16:04:30,872 root                INFO: Valid: Epoch 155: kendall tau 0.5294 0.6821; loss 0.009912 0.005274
2022-01-21 16:04:32,226 root                INFO: Train: Epoch 156: train loss 0.0029
2022-01-21 16:04:33,991 root                INFO: Valid: Epoch 156: kendall tau 0.5271 0.6829; loss 0.01015 0.005345
2022-01-21 16:04:35,374 root                INFO: Train: Epoch 157: train loss 0.0031
2022-01-21 16:04:37,164 root                INFO: Valid: Epoch 157: kendall tau 0.5276 0.6929; loss 0.008887 0.005205
2022-01-21 16:04:38,509 root                INFO: Train: Epoch 158: train loss 0.0032
2022-01-21 16:04:40,272 root                INFO: Valid: Epoch 158: kendall tau 0.5478 0.6892; loss 0.008052 0.005183
2022-01-21 16:04:41,604 root                INFO: Train: Epoch 159: train loss 0.0032
2022-01-21 16:04:43,345 root                INFO: Valid: Epoch 159: kendall tau 0.5373 0.6800; loss 0.009225 0.005526
2022-01-21 16:04:44,700 root                INFO: Train: Epoch 160: train loss 0.0034
2022-01-21 16:04:46,540 root                INFO: Valid: Epoch 160: kendall tau 0.5357 0.6820; loss 0.01008 0.005262
2022-01-21 16:04:47,736 root                INFO: Train: Epoch 161: train loss 0.0035
2022-01-21 16:04:49,571 root                INFO: Valid: Epoch 161: kendall tau 0.5399 0.6935; loss 0.01313 0.00529
2022-01-21 16:04:50,770 root                INFO: Train: Epoch 162: train loss 0.0034
2022-01-21 16:04:52,620 root                INFO: Valid: Epoch 162: kendall tau 0.5250 0.6705; loss 0.01071 0.005517
2022-01-21 16:04:53,806 root                INFO: Train: Epoch 163: train loss 0.0031
2022-01-21 16:04:55,664 root                INFO: Valid: Epoch 163: kendall tau 0.5365 0.6801; loss 0.01046 0.005122
2022-01-21 16:04:56,851 root                INFO: Train: Epoch 164: train loss 0.0030
2022-01-21 16:04:58,739 root                INFO: Valid: Epoch 164: kendall tau 0.5422 0.7031; loss 0.009829 0.005244
2022-01-21 16:05:00,034 root                INFO: Train: Epoch 165: train loss 0.0030
2022-01-21 16:05:01,799 root                INFO: Valid: Epoch 165: kendall tau 0.5353 0.6837; loss 0.01143 0.005141
2022-01-21 16:05:02,952 root                INFO: Train: Epoch 166: train loss 0.0030
2022-01-21 16:05:04,851 root                INFO: Valid: Epoch 166: kendall tau 0.5325 0.6805; loss 0.01138 0.005459
2022-01-21 16:05:06,031 root                INFO: Train: Epoch 167: train loss 0.0030
2022-01-21 16:05:07,865 root                INFO: Valid: Epoch 167: kendall tau 0.5392 0.6914; loss 0.009143 0.005102
2022-01-21 16:05:09,208 root                INFO: Train: Epoch 168: train loss 0.0032
2022-01-21 16:05:10,957 root                INFO: Valid: Epoch 168: kendall tau 0.5268 0.6704; loss 0.009685 0.005378
2022-01-21 16:05:12,253 root                INFO: Train: Epoch 169: train loss 0.0030
2022-01-21 16:05:14,002 root                INFO: Valid: Epoch 169: kendall tau 0.5495 0.6626; loss 0.009626 0.005296
2022-01-21 16:05:15,327 root                INFO: Train: Epoch 170: train loss 0.0029
2022-01-21 16:05:17,046 root                INFO: Valid: Epoch 170: kendall tau 0.5305 0.6730; loss 0.009965 0.005528
2022-01-21 16:05:18,348 root                INFO: Train: Epoch 171: train loss 0.0029
2022-01-21 16:05:20,117 root                INFO: Valid: Epoch 171: kendall tau 0.5362 0.6977; loss 0.01123 0.005327
2022-01-21 16:05:21,439 root                INFO: Train: Epoch 172: train loss 0.0029
2022-01-21 16:05:23,146 root                INFO: Valid: Epoch 172: kendall tau 0.5438 0.6821; loss 0.009922 0.005406
2022-01-21 16:05:24,312 root                INFO: Train: Epoch 173: train loss 0.0028
2022-01-21 16:05:26,157 root                INFO: Valid: Epoch 173: kendall tau 0.5380 0.6846; loss 0.01117 0.005272
2022-01-21 16:05:27,326 root                INFO: Train: Epoch 174: train loss 0.0028
2022-01-21 16:05:29,137 root                INFO: Valid: Epoch 174: kendall tau 0.5367 0.6914; loss 0.01055 0.00539
2022-01-21 16:05:30,316 root                INFO: Train: Epoch 175: train loss 0.0028
2022-01-21 16:05:32,129 root                INFO: Valid: Epoch 175: kendall tau 0.5504 0.7078; loss 0.009494 0.005093
2022-01-21 16:05:33,293 root                INFO: Train: Epoch 176: train loss 0.0028
2022-01-21 16:05:35,149 root                INFO: Valid: Epoch 176: kendall tau 0.5414 0.6766; loss 0.0112 0.005331
2022-01-21 16:05:36,329 root                INFO: Train: Epoch 177: train loss 0.0028
2022-01-21 16:05:38,185 root                INFO: Valid: Epoch 177: kendall tau 0.5448 0.6762; loss 0.01139 0.005224
2022-01-21 16:05:39,528 root                INFO: Train: Epoch 178: train loss 0.0028
2022-01-21 16:05:41,324 root                INFO: Valid: Epoch 178: kendall tau 0.5479 0.6773; loss 0.01053 0.005348
2022-01-21 16:05:42,499 root                INFO: Train: Epoch 179: train loss 0.0027
2022-01-21 16:05:44,347 root                INFO: Valid: Epoch 179: kendall tau 0.5441 0.6770; loss 0.0105 0.005443
2022-01-21 16:05:45,541 root                INFO: Train: Epoch 180: train loss 0.0029
2022-01-21 16:05:47,444 root                INFO: Valid: Epoch 180: kendall tau 0.5394 0.6777; loss 0.01098 0.005528
2022-01-21 16:05:48,611 root                INFO: Train: Epoch 181: train loss 0.0028
2022-01-21 16:05:50,489 root                INFO: Valid: Epoch 181: kendall tau 0.5569 0.6761; loss 0.01004 0.005316
2022-01-21 16:05:51,847 root                INFO: Train: Epoch 182: train loss 0.0028
2022-01-21 16:05:53,630 root                INFO: Valid: Epoch 182: kendall tau 0.5334 0.6858; loss 0.01122 0.005471
2022-01-21 16:05:54,999 root                INFO: Train: Epoch 183: train loss 0.0029
2022-01-21 16:05:56,773 root                INFO: Valid: Epoch 183: kendall tau 0.5495 0.6683; loss 0.01109 0.005661
2022-01-21 16:05:57,981 root                INFO: Train: Epoch 184: train loss 0.0028
2022-01-21 16:05:59,810 root                INFO: Valid: Epoch 184: kendall tau 0.5488 0.6723; loss 0.009981 0.005268
2022-01-21 16:06:01,164 root                INFO: Train: Epoch 185: train loss 0.0028
2022-01-21 16:06:02,894 root                INFO: Valid: Epoch 185: kendall tau 0.5478 0.6827; loss 0.01055 0.005281
2022-01-21 16:06:04,253 root                INFO: Train: Epoch 186: train loss 0.0028
2022-01-21 16:06:06,052 root                INFO: Valid: Epoch 186: kendall tau 0.5460 0.6758; loss 0.01171 0.005591
2022-01-21 16:06:07,414 root                INFO: Train: Epoch 187: train loss 0.0027
2022-01-21 16:06:09,217 root                INFO: Valid: Epoch 187: kendall tau 0.5512 0.6897; loss 0.01044 0.005335
2022-01-21 16:06:10,562 root                INFO: Train: Epoch 188: train loss 0.0027
2022-01-21 16:06:12,324 root                INFO: Valid: Epoch 188: kendall tau 0.5507 0.6917; loss 0.009775 0.005164
2022-01-21 16:06:13,672 root                INFO: Train: Epoch 189: train loss 0.0027
2022-01-21 16:06:15,443 root                INFO: Valid: Epoch 189: kendall tau 0.5409 0.6572; loss 0.009113 0.005331
2022-01-21 16:06:16,770 root                INFO: Train: Epoch 190: train loss 0.0030
2022-01-21 16:06:18,509 root                INFO: Valid: Epoch 190: kendall tau 0.5542 0.6719; loss 0.01032 0.005036
2022-01-21 16:06:19,805 root                INFO: Train: Epoch 191: train loss 0.0034
2022-01-21 16:06:21,600 root                INFO: Valid: Epoch 191: kendall tau 0.5305 0.6837; loss 0.01167 0.005673
2022-01-21 16:06:22,775 root                INFO: Train: Epoch 192: train loss 0.0031
2022-01-21 16:06:24,592 root                INFO: Valid: Epoch 192: kendall tau 0.5498 0.6778; loss 0.01194 0.005658
2022-01-21 16:06:25,757 root                INFO: Train: Epoch 193: train loss 0.0029
2022-01-21 16:06:27,590 root                INFO: Valid: Epoch 193: kendall tau 0.5480 0.6407; loss 0.01113 0.005531
2022-01-21 16:06:28,783 root                INFO: Train: Epoch 194: train loss 0.0029
2022-01-21 16:06:30,621 root                INFO: Valid: Epoch 194: kendall tau 0.5568 0.6600; loss 0.01016 0.00529
2022-01-21 16:06:31,796 root                INFO: Train: Epoch 195: train loss 0.0028
2022-01-21 16:06:33,704 root                INFO: Valid: Epoch 195: kendall tau 0.5420 0.6615; loss 0.009734 0.005278
2022-01-21 16:06:34,890 root                INFO: Train: Epoch 196: train loss 0.0027
2022-01-21 16:06:36,768 root                INFO: Valid: Epoch 196: kendall tau 0.5514 0.6832; loss 0.0104 0.005369
2022-01-21 16:06:37,968 root                INFO: Train: Epoch 197: train loss 0.0028
2022-01-21 16:06:39,817 root                INFO: Valid: Epoch 197: kendall tau 0.5566 0.6984; loss 0.009567 0.005591
2022-01-21 16:06:41,139 root                INFO: Train: Epoch 198: train loss 0.0027
2022-01-21 16:06:42,900 root                INFO: Valid: Epoch 198: kendall tau 0.5639 0.6920; loss 0.009025 0.005068
2022-01-21 16:06:44,069 root                INFO: Train: Epoch 199: train loss 0.0027
2022-01-21 16:06:45,968 root                INFO: Valid: Epoch 199: kendall tau 0.5356 0.6455; loss 0.01024 0.005945
2022-01-21 16:06:47,239 root                INFO: Train: Epoch 200: train loss 0.0027
2022-01-21 16:06:48,968 root                INFO: Valid: Epoch 200: kendall tau 0.5657 0.6803; loss 0.01008 0.00534
2022-01-21 16:06:48,975 root                INFO: Epoch 200: Save checkpoint to nb1shot1_anytime_tagates/tagates_0.5/1/21/200.ckpt
2022-01-21 16:06:50,703 root                INFO: [0.14285714285714285, 0.1388888888888889, 0.1527777777777778, 0.3159340659340659, 0.4403292181069959, 0.786556927297668, 1.0]
2022-01-21 16:06:50,703 root                INFO: [0.14285714285714285, 0.3333333333333333, 0.4305555555555556, 0.49175824175824173, 0.5679012345679012, 0.8540466392318244, 1.0]
2022-01-21 16:06:50,704 root                INFO: [2, 2]
2022-01-21 16:06:50,704 root                INFO: [6, 6]
