2022-01-20 15:51:09,292 root                INFO: GPU device = 5
2022-01-20 15:51:09,293 root                INFO: Load pkl cache from nasbench301_train.pkl and nasbench301_valid.pkl
2022-01-20 15:51:10,350 root                INFO: Config: {'arch_network_cfg': {'arch_embedder_cfg': {'take_adj_as_input': True, 'gcn_kwargs': {'residual_only': 2}, 'gcn_out_dims': [64, 64, 64, 64, 64], 'hidden_dim': 32, 'node_dim': 32, 'op_dim': 32, 'use_bn': False, 'final_concat': False, 'other_node_zero': False, 'num_time_steps': 4, 'fb_conversion_dims': [64, 64], 'backward_gcn_out_dims': [64, 64, 64, 64, 64], 'updateopemb_method': 'concat_ofb', 'updateopemb_dims': [64], 'share_skip_and_outskip': True, 'detach_vinfo': False, 'updateopemb_scale': 0.1, 'updateopemb_detach_opemb': True, 'updateopemb_detach_finfo': True, 'mask_nonparametrized_ops': True, 'symmetry_breaking_method': 'param_zs_add', 'concat_param_zs_as_opemb_dimension': 5, 'concat_param_zs_as_opemb_scale': 1.0}, 'arch_embedder_type': 'cellss-fbflow', 'compare_loss_type': 'margin_linear', 'compare_margin': 0.1, 'mlp_dropout': 0.1, 'mlp_hiddens': [200], 'optimizer': {'lr': 0.001, 'type': 'Adam'}, 'scheduler': None}, 'arch_network_type': 'pointwise_comparator', 'batch_size': 128, 'choose_pair_criterion': 'random', 'compare': True, 'compare_threshold': 0.0, 'epochs': 200, 'max_compare_ratio': 16.0}
2022-01-20 15:51:14,122 root                INFO: Combined args: Namespace(arch_network_type='pointwise_comparator', batch_size=128, cfg_file='cfgs/nb301_cfgs/gates_true_masktrue.yaml', choose_pair_criterion='random', compare=True, compare_threshold=0.0, epochs=200, eval_only_last=1, gpu=5, load=None, max_compare_ratio=16.0, num_workers=4, report_freq=200, save_every=200, save_predict=None, seed=202121, test_funcs=None, test_only=False, train_dir='nb301_ablation_mask/true/true_0.001/123/202121', train_pkl='../mynas/data/nasbench-301/nasbench301_train_mtx_123.pkl', train_ratio=0.001, valid_pkl='../mynas/data/nasbench-301/nasbench301_valid_mtx.pkl')
2022-01-20 15:51:14,131 root                INFO: Train dataset ratio: 0.001
2022-01-20 15:51:14,132 root                INFO: Number of architectures: train: 5; valid: 51072
2022-01-20 15:51:30,249 root                INFO: Train: Epoch   1: train loss 0.0972
2022-01-20 15:51:30,909 root                INFO: Train: Epoch   2: train loss 0.1004
2022-01-20 15:51:31,568 root                INFO: Train: Epoch   3: train loss 0.0977
2022-01-20 15:51:32,145 root                INFO: Train: Epoch   4: train loss 0.0961
2022-01-20 15:51:32,769 root                INFO: Train: Epoch   5: train loss 0.0930
2022-01-20 15:51:33,357 root                INFO: Train: Epoch   6: train loss 0.0810
2022-01-20 15:51:33,892 root                INFO: Train: Epoch   7: train loss 0.0776
2022-01-20 15:51:34,476 root                INFO: Train: Epoch   8: train loss 0.0646
2022-01-20 15:51:35,023 root                INFO: Train: Epoch   9: train loss 0.0442
2022-01-20 15:51:35,587 root                INFO: Train: Epoch  10: train loss 0.0394
2022-01-20 15:51:36,267 root                INFO: Train: Epoch  11: train loss 0.0405
2022-01-20 15:51:36,825 root                INFO: Train: Epoch  12: train loss 0.0335
2022-01-20 15:51:37,385 root                INFO: Train: Epoch  13: train loss 0.0248
2022-01-20 15:51:37,987 root                INFO: Train: Epoch  14: train loss 0.0264
2022-01-20 15:51:38,553 root                INFO: Train: Epoch  15: train loss 0.0042
2022-01-20 15:51:39,123 root                INFO: Train: Epoch  16: train loss 0.0157
2022-01-20 15:51:39,775 root                INFO: Train: Epoch  17: train loss 0.0083
2022-01-20 15:51:40,436 root                INFO: Train: Epoch  18: train loss 0.0045
2022-01-20 15:51:41,089 root                INFO: Train: Epoch  19: train loss 0.0000
2022-01-20 15:51:41,709 root                INFO: Train: Epoch  20: train loss 0.0025
2022-01-20 15:51:42,273 root                INFO: Train: Epoch  21: train loss 0.0059
2022-01-20 15:51:42,842 root                INFO: Train: Epoch  22: train loss 0.0054
2022-01-20 15:51:43,398 root                INFO: Train: Epoch  23: train loss 0.0000
2022-01-20 15:51:43,949 root                INFO: Train: Epoch  24: train loss 0.0000
2022-01-20 15:51:44,517 root                INFO: Train: Epoch  25: train loss 0.0000
2022-01-20 15:51:45,139 root                INFO: Train: Epoch  26: train loss 0.0000
2022-01-20 15:51:45,830 root                INFO: Train: Epoch  27: train loss 0.0000
2022-01-20 15:51:46,490 root                INFO: Train: Epoch  28: train loss 0.0000
2022-01-20 15:51:47,137 root                INFO: Train: Epoch  29: train loss 0.0000
2022-01-20 15:51:47,786 root                INFO: Train: Epoch  30: train loss 0.0000
2022-01-20 15:51:48,455 root                INFO: Train: Epoch  31: train loss 0.0000
2022-01-20 15:51:49,067 root                INFO: Train: Epoch  32: train loss 0.0000
2022-01-20 15:51:49,634 root                INFO: Train: Epoch  33: train loss 0.0000
2022-01-20 15:51:50,262 root                INFO: Train: Epoch  34: train loss 0.0000
2022-01-20 15:51:50,870 root                INFO: Train: Epoch  35: train loss 0.0000
2022-01-20 15:51:51,444 root                INFO: Train: Epoch  36: train loss 0.0000
2022-01-20 15:51:52,047 root                INFO: Train: Epoch  37: train loss 0.0000
2022-01-20 15:51:52,631 root                INFO: Train: Epoch  38: train loss 0.0000
2022-01-20 15:51:53,216 root                INFO: Train: Epoch  39: train loss 0.0000
2022-01-20 15:51:53,812 root                INFO: Train: Epoch  40: train loss 0.0000
2022-01-20 15:51:54,409 root                INFO: Train: Epoch  41: train loss 0.0000
2022-01-20 15:51:55,023 root                INFO: Train: Epoch  42: train loss 0.0000
2022-01-20 15:51:55,630 root                INFO: Train: Epoch  43: train loss 0.0057
2022-01-20 15:51:56,239 root                INFO: Train: Epoch  44: train loss 0.0000
2022-01-20 15:51:56,856 root                INFO: Train: Epoch  45: train loss 0.0000
2022-01-20 15:51:57,497 root                INFO: Train: Epoch  46: train loss 0.0000
2022-01-20 15:51:58,104 root                INFO: Train: Epoch  47: train loss 0.0000
2022-01-20 15:51:58,723 root                INFO: Train: Epoch  48: train loss 0.0000
2022-01-20 15:51:59,339 root                INFO: Train: Epoch  49: train loss 0.0000
2022-01-20 15:51:59,970 root                INFO: Train: Epoch  50: train loss 0.0000
2022-01-20 15:52:00,570 root                INFO: Train: Epoch  51: train loss 0.0000
2022-01-20 15:52:01,171 root                INFO: Train: Epoch  52: train loss 0.0000
2022-01-20 15:52:01,822 root                INFO: Train: Epoch  53: train loss 0.0000
2022-01-20 15:52:02,430 root                INFO: Train: Epoch  54: train loss 0.0073
2022-01-20 15:52:03,036 root                INFO: Train: Epoch  55: train loss 0.0000
2022-01-20 15:52:03,621 root                INFO: Train: Epoch  56: train loss 0.0000
2022-01-20 15:52:04,269 root                INFO: Train: Epoch  57: train loss 0.0000
2022-01-20 15:52:04,885 root                INFO: Train: Epoch  58: train loss 0.0000
2022-01-20 15:52:05,497 root                INFO: Train: Epoch  59: train loss 0.0000
2022-01-20 15:52:06,110 root                INFO: Train: Epoch  60: train loss 0.0000
2022-01-20 15:52:06,713 root                INFO: Train: Epoch  61: train loss 0.0000
2022-01-20 15:52:07,315 root                INFO: Train: Epoch  62: train loss 0.0000
2022-01-20 15:52:07,912 root                INFO: Train: Epoch  63: train loss 0.0000
2022-01-20 15:52:08,493 root                INFO: Train: Epoch  64: train loss 0.0000
2022-01-20 15:52:09,123 root                INFO: Train: Epoch  65: train loss 0.0000
2022-01-20 15:52:09,720 root                INFO: Train: Epoch  66: train loss 0.0000
2022-01-20 15:52:10,331 root                INFO: Train: Epoch  67: train loss 0.0132
2022-01-20 15:52:10,961 root                INFO: Train: Epoch  68: train loss 0.0000
2022-01-20 15:52:11,544 root                INFO: Train: Epoch  69: train loss 0.0000
2022-01-20 15:52:12,153 root                INFO: Train: Epoch  70: train loss 0.0000
2022-01-20 15:52:12,781 root                INFO: Train: Epoch  71: train loss 0.0023
2022-01-20 15:52:13,389 root                INFO: Train: Epoch  72: train loss 0.0000
2022-01-20 15:52:14,006 root                INFO: Train: Epoch  73: train loss 0.0000
2022-01-20 15:52:14,598 root                INFO: Train: Epoch  74: train loss 0.0000
2022-01-20 15:52:15,195 root                INFO: Train: Epoch  75: train loss 0.0000
2022-01-20 15:52:15,792 root                INFO: Train: Epoch  76: train loss 0.0000
2022-01-20 15:52:16,374 root                INFO: Train: Epoch  77: train loss 0.0000
2022-01-20 15:52:16,996 root                INFO: Train: Epoch  78: train loss 0.0000
2022-01-20 15:52:17,564 root                INFO: Train: Epoch  79: train loss 0.0000
2022-01-20 15:52:18,209 root                INFO: Train: Epoch  80: train loss 0.0000
2022-01-20 15:52:18,793 root                INFO: Train: Epoch  81: train loss 0.0000
2022-01-20 15:52:19,409 root                INFO: Train: Epoch  82: train loss 0.0000
2022-01-20 15:52:20,034 root                INFO: Train: Epoch  83: train loss 0.0000
2022-01-20 15:52:20,623 root                INFO: Train: Epoch  84: train loss 0.0000
2022-01-20 15:52:21,221 root                INFO: Train: Epoch  85: train loss 0.0000
2022-01-20 15:52:21,859 root                INFO: Train: Epoch  86: train loss 0.0000
2022-01-20 15:52:22,469 root                INFO: Train: Epoch  87: train loss 0.0000
2022-01-20 15:52:23,084 root                INFO: Train: Epoch  88: train loss 0.0000
2022-01-20 15:52:23,677 root                INFO: Train: Epoch  89: train loss 0.0000
2022-01-20 15:52:24,260 root                INFO: Train: Epoch  90: train loss 0.0000
2022-01-20 15:52:24,869 root                INFO: Train: Epoch  91: train loss 0.0000
2022-01-20 15:52:25,479 root                INFO: Train: Epoch  92: train loss 0.0000
2022-01-20 15:52:26,093 root                INFO: Train: Epoch  93: train loss 0.0000
2022-01-20 15:52:26,706 root                INFO: Train: Epoch  94: train loss 0.0000
2022-01-20 15:52:27,328 root                INFO: Train: Epoch  95: train loss 0.0000
2022-01-20 15:52:27,949 root                INFO: Train: Epoch  96: train loss 0.0000
2022-01-20 15:52:28,542 root                INFO: Train: Epoch  97: train loss 0.0000
2022-01-20 15:52:29,168 root                INFO: Train: Epoch  98: train loss 0.0000
2022-01-20 15:52:29,813 root                INFO: Train: Epoch  99: train loss 0.0000
2022-01-20 15:52:30,422 root                INFO: Train: Epoch 100: train loss 0.0000
2022-01-20 15:52:31,047 root                INFO: Train: Epoch 101: train loss 0.0000
2022-01-20 15:52:31,651 root                INFO: Train: Epoch 102: train loss 0.0000
2022-01-20 15:52:32,247 root                INFO: Train: Epoch 103: train loss 0.0000
2022-01-20 15:52:32,834 root                INFO: Train: Epoch 104: train loss 0.0000
2022-01-20 15:52:33,418 root                INFO: Train: Epoch 105: train loss 0.0000
2022-01-20 15:52:34,029 root                INFO: Train: Epoch 106: train loss 0.0000
2022-01-20 15:52:34,708 root                INFO: Train: Epoch 107: train loss 0.0000
2022-01-20 15:52:35,320 root                INFO: Train: Epoch 108: train loss 0.0000
2022-01-20 15:52:35,914 root                INFO: Train: Epoch 109: train loss 0.0000
2022-01-20 15:52:36,511 root                INFO: Train: Epoch 110: train loss 0.0000
2022-01-20 15:52:37,147 root                INFO: Train: Epoch 111: train loss 0.0000
2022-01-20 15:52:37,783 root                INFO: Train: Epoch 112: train loss 0.0000
2022-01-20 15:52:38,430 root                INFO: Train: Epoch 113: train loss 0.0000
2022-01-20 15:52:39,031 root                INFO: Train: Epoch 114: train loss 0.0000
2022-01-20 15:52:39,674 root                INFO: Train: Epoch 115: train loss 0.0000
2022-01-20 15:52:40,297 root                INFO: Train: Epoch 116: train loss 0.0000
2022-01-20 15:52:40,913 root                INFO: Train: Epoch 117: train loss 0.0000
2022-01-20 15:52:41,502 root                INFO: Train: Epoch 118: train loss 0.0000
2022-01-20 15:52:42,106 root                INFO: Train: Epoch 119: train loss 0.0000
2022-01-20 15:52:42,707 root                INFO: Train: Epoch 120: train loss 0.0000
2022-01-20 15:52:43,286 root                INFO: Train: Epoch 121: train loss 0.0000
2022-01-20 15:52:43,839 root                INFO: Train: Epoch 122: train loss 0.0000
2022-01-20 15:52:44,420 root                INFO: Train: Epoch 123: train loss 0.0000
2022-01-20 15:52:45,001 root                INFO: Train: Epoch 124: train loss 0.0000
2022-01-20 15:52:45,564 root                INFO: Train: Epoch 125: train loss 0.0000
2022-01-20 15:52:46,152 root                INFO: Train: Epoch 126: train loss 0.0000
2022-01-20 15:52:46,717 root                INFO: Train: Epoch 127: train loss 0.0000
2022-01-20 15:52:47,268 root                INFO: Train: Epoch 128: train loss 0.0000
2022-01-20 15:52:47,853 root                INFO: Train: Epoch 129: train loss 0.0000
2022-01-20 15:52:48,446 root                INFO: Train: Epoch 130: train loss 0.0000
2022-01-20 15:52:48,998 root                INFO: Train: Epoch 131: train loss 0.0000
2022-01-20 15:52:49,575 root                INFO: Train: Epoch 132: train loss 0.0000
2022-01-20 15:52:50,182 root                INFO: Train: Epoch 133: train loss 0.0000
2022-01-20 15:52:50,763 root                INFO: Train: Epoch 134: train loss 0.0000
2022-01-20 15:52:51,337 root                INFO: Train: Epoch 135: train loss 0.0000
2022-01-20 15:52:51,935 root                INFO: Train: Epoch 136: train loss 0.0000
2022-01-20 15:52:52,503 root                INFO: Train: Epoch 137: train loss 0.0000
2022-01-20 15:52:53,069 root                INFO: Train: Epoch 138: train loss 0.0000
2022-01-20 15:52:53,666 root                INFO: Train: Epoch 139: train loss 0.0000
2022-01-20 15:52:54,223 root                INFO: Train: Epoch 140: train loss 0.0000
2022-01-20 15:52:54,837 root                INFO: Train: Epoch 141: train loss 0.0000
2022-01-20 15:52:55,394 root                INFO: Train: Epoch 142: train loss 0.0000
2022-01-20 15:52:55,992 root                INFO: Train: Epoch 143: train loss 0.0000
2022-01-20 15:52:56,525 root                INFO: Train: Epoch 144: train loss 0.0000
2022-01-20 15:52:57,122 root                INFO: Train: Epoch 145: train loss 0.0000
2022-01-20 15:52:57,656 root                INFO: Train: Epoch 146: train loss 0.0000
2022-01-20 15:52:58,208 root                INFO: Train: Epoch 147: train loss 0.0000
2022-01-20 15:52:58,759 root                INFO: Train: Epoch 148: train loss 0.0000
2022-01-20 15:52:59,289 root                INFO: Train: Epoch 149: train loss 0.0000
2022-01-20 15:52:59,895 root                INFO: Train: Epoch 150: train loss 0.0000
2022-01-20 15:53:00,432 root                INFO: Train: Epoch 151: train loss 0.0000
2022-01-20 15:53:00,976 root                INFO: Train: Epoch 152: train loss 0.0000
2022-01-20 15:53:01,523 root                INFO: Train: Epoch 153: train loss 0.0000
2022-01-20 15:53:02,084 root                INFO: Train: Epoch 154: train loss 0.0000
2022-01-20 15:53:02,631 root                INFO: Train: Epoch 155: train loss 0.0000
2022-01-20 15:53:03,157 root                INFO: Train: Epoch 156: train loss 0.0000
2022-01-20 15:53:03,717 root                INFO: Train: Epoch 157: train loss 0.0000
2022-01-20 15:53:04,260 root                INFO: Train: Epoch 158: train loss 0.0000
2022-01-20 15:53:04,814 root                INFO: Train: Epoch 159: train loss 0.0000
2022-01-20 15:53:05,381 root                INFO: Train: Epoch 160: train loss 0.0000
2022-01-20 15:53:05,980 root                INFO: Train: Epoch 161: train loss 0.0000
2022-01-20 15:53:06,532 root                INFO: Train: Epoch 162: train loss 0.0000
2022-01-20 15:53:07,090 root                INFO: Train: Epoch 163: train loss 0.0000
2022-01-20 15:53:07,651 root                INFO: Train: Epoch 164: train loss 0.0000
2022-01-20 15:53:08,192 root                INFO: Train: Epoch 165: train loss 0.0000
2022-01-20 15:53:08,712 root                INFO: Train: Epoch 166: train loss 0.0000
2022-01-20 15:53:09,249 root                INFO: Train: Epoch 167: train loss 0.0000
2022-01-20 15:53:09,829 root                INFO: Train: Epoch 168: train loss 0.0000
2022-01-20 15:53:10,372 root                INFO: Train: Epoch 169: train loss 0.0000
2022-01-20 15:53:11,001 root                INFO: Train: Epoch 170: train loss 0.0000
2022-01-20 15:53:11,673 root                INFO: Train: Epoch 171: train loss 0.0000
2022-01-20 15:53:12,314 root                INFO: Train: Epoch 172: train loss 0.0000
2022-01-20 15:53:12,951 root                INFO: Train: Epoch 173: train loss 0.0000
2022-01-20 15:53:13,491 root                INFO: Train: Epoch 174: train loss 0.0000
2022-01-20 15:53:14,029 root                INFO: Train: Epoch 175: train loss 0.0000
2022-01-20 15:53:14,590 root                INFO: Train: Epoch 176: train loss 0.0000
2022-01-20 15:53:15,185 root                INFO: Train: Epoch 177: train loss 0.0000
2022-01-20 15:53:15,767 root                INFO: Train: Epoch 178: train loss 0.0000
2022-01-20 15:53:16,314 root                INFO: Train: Epoch 179: train loss 0.0000
2022-01-20 15:53:16,872 root                INFO: Train: Epoch 180: train loss 0.0000
2022-01-20 15:53:17,475 root                INFO: Train: Epoch 181: train loss 0.0000
2022-01-20 15:53:18,046 root                INFO: Train: Epoch 182: train loss 0.0000
2022-01-20 15:53:18,583 root                INFO: Train: Epoch 183: train loss 0.0000
2022-01-20 15:53:19,151 root                INFO: Train: Epoch 184: train loss 0.0000
2022-01-20 15:53:19,707 root                INFO: Train: Epoch 185: train loss 0.0013
2022-01-20 15:53:20,446 root                INFO: Train: Epoch 186: train loss 0.0000
2022-01-20 15:53:21,314 root                INFO: Train: Epoch 187: train loss 0.0000
2022-01-20 15:53:22,058 root                INFO: Train: Epoch 188: train loss 0.0000
2022-01-20 15:53:22,733 root                INFO: Train: Epoch 189: train loss 0.0000
2022-01-20 15:53:23,369 root                INFO: Train: Epoch 190: train loss 0.0000
2022-01-20 15:53:23,943 root                INFO: Train: Epoch 191: train loss 0.0000
2022-01-20 15:53:24,532 root                INFO: Train: Epoch 192: train loss 0.0021
2022-01-20 15:53:25,097 root                INFO: Train: Epoch 193: train loss 0.0000
2022-01-20 15:53:25,660 root                INFO: Train: Epoch 194: train loss 0.0000
2022-01-20 15:53:26,257 root                INFO: Train: Epoch 195: train loss 0.0000
2022-01-20 15:53:26,858 root                INFO: Train: Epoch 196: train loss 0.0000
2022-01-20 15:53:27,568 root                INFO: Train: Epoch 197: train loss 0.0000
2022-01-20 15:53:28,362 root                INFO: Train: Epoch 198: train loss 0.0000
2022-01-20 15:53:29,163 root                INFO: Train: Epoch 199: train loss 0.0000
2022-01-20 15:53:29,946 root                INFO: Train: Epoch 200: train loss 0.0000
2022-01-20 15:53:47,102 root                INFO: Valid: Epoch 200: kendall tau 0.3996; loss 0.002663
2022-01-20 15:53:47,108 root                INFO: Epoch 200: Save checkpoint to nb301_ablation_mask/true/true_0.001/123/202121/200.ckpt
2022-01-20 15:54:04,210 root                INFO: [0.0, 0.0, 0.0392156862745098, 0.2863298080689385, 0.45819463481495987, 0.6985040726817042, 1.0]
2022-01-20 15:54:04,210 root                INFO: [1196, 478]
