2022-01-21 17:41:50,552 root                INFO: GPU device = 3
2022-01-21 17:41:50,553 root                INFO: Load pkl cache from nasbench301_train.pkl and nasbench301_valid.pkl
2022-01-21 17:41:51,126 root                INFO: Config: {'arch_network_cfg': {'arch_embedder_cfg': {'take_adj_as_input': True, 'gcn_kwargs': {'residual_only': 2}, 'gcn_out_dims': [64, 64, 64, 64, 64], 'hidden_dim': 32, 'node_dim': 32, 'op_dim': 32, 'use_bn': False, 'final_concat': False, 'other_node_zero': False, 'num_time_steps': 2, 'fb_conversion_dims': [64, 64], 'backward_gcn_out_dims': [64, 64, 64, 64, 64], 'updateopemb_method': 'concat_ofb', 'updateopemb_dims': [64], 'share_skip_and_outskip': True, 'detach_vinfo': False, 'updateopemb_scale': 0.1, 'updateopemb_detach_opemb': True, 'updateopemb_detach_finfo': True, 'mask_nonparametrized_ops': True, 'symmetry_breaking_method': 'param_zs_add', 'concat_param_zs_as_opemb_dimension': 5, 'concat_param_zs_as_opemb_scale': 1.0}, 'arch_embedder_type': 'cellss-fbflow-anytime', 'compare_loss_type': 'margin_linear', 'compare_margin': 0.1, 'mlp_dropout': 0.1, 'mlp_hiddens': [200], 'mlp_out_dim': 1, 'optimizer': {'lr': 0.001, 'type': 'Adam'}, 'scheduler': None}, 'arch_network_type': 'pointwise_comparator', 'batch_size': 128, 'choose_pair_criterion': 'random', 'compare': False, 'compare_threshold': 0.0, 'epochs': 200, 'max_compare_ratio': 16.0}
2022-01-21 17:41:54,192 root                INFO: Combined args: Namespace(arch_network_type='pointwise_comparator', batch_size=128, cfg_file='cfgs/nb301_cfgs/tagates_anytime.yaml', choose_pair_criterion='random', compare=False, compare_threshold=0.0, epochs=200, eval_only_last=1, gpu=3, load=None, max_compare_ratio=16.0, num_workers=4, report_freq=200, save_every=200, save_predict=None, seed=202121, test_funcs=None, test_only=False, train_dir='nb301_anytime_tagates/tagates_0.05/123/202121', train_pkl='../mynas/data/nasbench-301/nasbench301_train_mtx_anytime_123.pkl', train_ratio=0.05, valid_pkl='../mynas/data/nasbench-301/nasbench301_valid_mtx_anytime.pkl')
2022-01-21 17:41:54,200 root                INFO: Train dataset ratio: 0.050
2022-01-21 17:41:54,201 root                INFO: Number of architectures: train: 294; valid: 51072
2022-01-21 17:42:07,632 root                INFO: Train: Epoch   1: train loss 0.3394
2022-01-21 17:42:08,243 root                INFO: Train: Epoch   2: train loss 0.3130
2022-01-21 17:42:08,882 root                INFO: Train: Epoch   3: train loss 0.2620
2022-01-21 17:42:09,483 root                INFO: Train: Epoch   4: train loss 0.1638
2022-01-21 17:42:10,067 root                INFO: Train: Epoch   5: train loss 0.0405
2022-01-21 17:42:10,660 root                INFO: Train: Epoch   6: train loss 0.0089
2022-01-21 17:42:11,248 root                INFO: Train: Epoch   7: train loss 0.0168
2022-01-21 17:42:11,829 root                INFO: Train: Epoch   8: train loss 0.0182
2022-01-21 17:42:12,429 root                INFO: Train: Epoch   9: train loss 0.0183
2022-01-21 17:42:13,061 root                INFO: Train: Epoch  10: train loss 0.0183
2022-01-21 17:42:13,668 root                INFO: Train: Epoch  11: train loss 0.0183
2022-01-21 17:42:14,275 root                INFO: Train: Epoch  12: train loss 0.0183
2022-01-21 17:42:14,900 root                INFO: Train: Epoch  13: train loss 0.0183
2022-01-21 17:42:15,513 root                INFO: Train: Epoch  14: train loss 0.0183
2022-01-21 17:42:16,123 root                INFO: Train: Epoch  15: train loss 0.0183
2022-01-21 17:42:16,738 root                INFO: Train: Epoch  16: train loss 0.0183
2022-01-21 17:42:17,359 root                INFO: Train: Epoch  17: train loss 0.0183
2022-01-21 17:42:17,977 root                INFO: Train: Epoch  18: train loss 0.0183
2022-01-21 17:42:18,614 root                INFO: Train: Epoch  19: train loss 0.0183
2022-01-21 17:42:19,263 root                INFO: Train: Epoch  20: train loss 0.0183
2022-01-21 17:42:19,955 root                INFO: Train: Epoch  21: train loss 0.0183
2022-01-21 17:42:20,596 root                INFO: Train: Epoch  22: train loss 0.0183
2022-01-21 17:42:21,232 root                INFO: Train: Epoch  23: train loss 0.0183
2022-01-21 17:42:21,877 root                INFO: Train: Epoch  24: train loss 0.0183
2022-01-21 17:42:22,477 root                INFO: Train: Epoch  25: train loss 0.0183
2022-01-21 17:42:23,105 root                INFO: Train: Epoch  26: train loss 0.0183
2022-01-21 17:42:23,696 root                INFO: Train: Epoch  27: train loss 0.0183
2022-01-21 17:42:24,304 root                INFO: Train: Epoch  28: train loss 0.0183
2022-01-21 17:42:24,933 root                INFO: Train: Epoch  29: train loss 0.0183
2022-01-21 17:42:25,578 root                INFO: Train: Epoch  30: train loss 0.0183
2022-01-21 17:42:26,214 root                INFO: Train: Epoch  31: train loss 0.0183
2022-01-21 17:42:26,824 root                INFO: Train: Epoch  32: train loss 0.0183
2022-01-21 17:42:27,428 root                INFO: Train: Epoch  33: train loss 0.0183
2022-01-21 17:42:28,018 root                INFO: Train: Epoch  34: train loss 0.0183
2022-01-21 17:42:28,621 root                INFO: Train: Epoch  35: train loss 0.0183
2022-01-21 17:42:29,217 root                INFO: Train: Epoch  36: train loss 0.0183
2022-01-21 17:42:29,829 root                INFO: Train: Epoch  37: train loss 0.0183
2022-01-21 17:42:30,433 root                INFO: Train: Epoch  38: train loss 0.0183
2022-01-21 17:42:31,050 root                INFO: Train: Epoch  39: train loss 0.0183
2022-01-21 17:42:31,642 root                INFO: Train: Epoch  40: train loss 0.0183
2022-01-21 17:42:32,269 root                INFO: Train: Epoch  41: train loss 0.0183
2022-01-21 17:42:32,880 root                INFO: Train: Epoch  42: train loss 0.0183
2022-01-21 17:42:33,481 root                INFO: Train: Epoch  43: train loss 0.0183
2022-01-21 17:42:34,091 root                INFO: Train: Epoch  44: train loss 0.0183
2022-01-21 17:42:34,692 root                INFO: Train: Epoch  45: train loss 0.0183
2022-01-21 17:42:35,297 root                INFO: Train: Epoch  46: train loss 0.0183
2022-01-21 17:42:35,904 root                INFO: Train: Epoch  47: train loss 0.0183
2022-01-21 17:42:36,502 root                INFO: Train: Epoch  48: train loss 0.0183
2022-01-21 17:42:37,081 root                INFO: Train: Epoch  49: train loss 0.0183
2022-01-21 17:42:37,701 root                INFO: Train: Epoch  50: train loss 0.0183
2022-01-21 17:42:38,315 root                INFO: Train: Epoch  51: train loss 0.0183
2022-01-21 17:42:38,961 root                INFO: Train: Epoch  52: train loss 0.0183
2022-01-21 17:42:39,602 root                INFO: Train: Epoch  53: train loss 0.0183
2022-01-21 17:42:40,207 root                INFO: Train: Epoch  54: train loss 0.0183
2022-01-21 17:42:40,804 root                INFO: Train: Epoch  55: train loss 0.0183
2022-01-21 17:42:41,392 root                INFO: Train: Epoch  56: train loss 0.0183
2022-01-21 17:42:41,974 root                INFO: Train: Epoch  57: train loss 0.0183
2022-01-21 17:42:42,559 root                INFO: Train: Epoch  58: train loss 0.0183
2022-01-21 17:42:43,146 root                INFO: Train: Epoch  59: train loss 0.0183
2022-01-21 17:42:43,741 root                INFO: Train: Epoch  60: train loss 0.0183
2022-01-21 17:42:44,350 root                INFO: Train: Epoch  61: train loss 0.0183
2022-01-21 17:42:44,974 root                INFO: Train: Epoch  62: train loss 0.0183
2022-01-21 17:42:45,582 root                INFO: Train: Epoch  63: train loss 0.0183
2022-01-21 17:42:46,203 root                INFO: Train: Epoch  64: train loss 0.0183
2022-01-21 17:42:46,813 root                INFO: Train: Epoch  65: train loss 0.0183
2022-01-21 17:42:47,445 root                INFO: Train: Epoch  66: train loss 0.0183
2022-01-21 17:42:48,042 root                INFO: Train: Epoch  67: train loss 0.0183
2022-01-21 17:42:48,661 root                INFO: Train: Epoch  68: train loss 0.0183
2022-01-21 17:42:49,266 root                INFO: Train: Epoch  69: train loss 0.0183
2022-01-21 17:42:49,875 root                INFO: Train: Epoch  70: train loss 0.0183
2022-01-21 17:42:50,479 root                INFO: Train: Epoch  71: train loss 0.0183
2022-01-21 17:42:51,069 root                INFO: Train: Epoch  72: train loss 0.0183
2022-01-21 17:42:51,664 root                INFO: Train: Epoch  73: train loss 0.0183
2022-01-21 17:42:52,278 root                INFO: Train: Epoch  74: train loss 0.0183
2022-01-21 17:42:52,879 root                INFO: Train: Epoch  75: train loss 0.0183
2022-01-21 17:42:53,461 root                INFO: Train: Epoch  76: train loss 0.0183
2022-01-21 17:42:54,056 root                INFO: Train: Epoch  77: train loss 0.0183
2022-01-21 17:42:54,630 root                INFO: Train: Epoch  78: train loss 0.0183
2022-01-21 17:42:55,215 root                INFO: Train: Epoch  79: train loss 0.0183
2022-01-21 17:42:55,811 root                INFO: Train: Epoch  80: train loss 0.0183
2022-01-21 17:42:56,387 root                INFO: Train: Epoch  81: train loss 0.0183
2022-01-21 17:42:56,963 root                INFO: Train: Epoch  82: train loss 0.0183
2022-01-21 17:42:57,598 root                INFO: Train: Epoch  83: train loss 0.0183
2022-01-21 17:42:58,248 root                INFO: Train: Epoch  84: train loss 0.0183
2022-01-21 17:42:58,878 root                INFO: Train: Epoch  85: train loss 0.0183
2022-01-21 17:42:59,474 root                INFO: Train: Epoch  86: train loss 0.0183
2022-01-21 17:43:00,077 root                INFO: Train: Epoch  87: train loss 0.0183
2022-01-21 17:43:00,677 root                INFO: Train: Epoch  88: train loss 0.0183
2022-01-21 17:43:01,257 root                INFO: Train: Epoch  89: train loss 0.0183
2022-01-21 17:43:01,855 root                INFO: Train: Epoch  90: train loss 0.0183
2022-01-21 17:43:02,518 root                INFO: Train: Epoch  91: train loss 0.0183
2022-01-21 17:43:03,140 root                INFO: Train: Epoch  92: train loss 0.0183
2022-01-21 17:43:03,750 root                INFO: Train: Epoch  93: train loss 0.0183
2022-01-21 17:43:04,333 root                INFO: Train: Epoch  94: train loss 0.0183
2022-01-21 17:43:04,913 root                INFO: Train: Epoch  95: train loss 0.0183
2022-01-21 17:43:05,497 root                INFO: Train: Epoch  96: train loss 0.0183
2022-01-21 17:43:06,089 root                INFO: Train: Epoch  97: train loss 0.0183
2022-01-21 17:43:06,677 root                INFO: Train: Epoch  98: train loss 0.0183
2022-01-21 17:43:07,286 root                INFO: Train: Epoch  99: train loss 0.0183
2022-01-21 17:43:07,888 root                INFO: Train: Epoch 100: train loss 0.0183
2022-01-21 17:43:08,468 root                INFO: Train: Epoch 101: train loss 0.0183
2022-01-21 17:43:09,054 root                INFO: Train: Epoch 102: train loss 0.0183
2022-01-21 17:43:09,652 root                INFO: Train: Epoch 103: train loss 0.0183
2022-01-21 17:43:10,239 root                INFO: Train: Epoch 104: train loss 0.0183
2022-01-21 17:43:10,857 root                INFO: Train: Epoch 105: train loss 0.0183
2022-01-21 17:43:11,462 root                INFO: Train: Epoch 106: train loss 0.0183
2022-01-21 17:43:12,062 root                INFO: Train: Epoch 107: train loss 0.0183
2022-01-21 17:43:12,645 root                INFO: Train: Epoch 108: train loss 0.0183
2022-01-21 17:43:13,237 root                INFO: Train: Epoch 109: train loss 0.0183
2022-01-21 17:43:13,826 root                INFO: Train: Epoch 110: train loss 0.0183
2022-01-21 17:43:14,431 root                INFO: Train: Epoch 111: train loss 0.0183
2022-01-21 17:43:15,061 root                INFO: Train: Epoch 112: train loss 0.0183
2022-01-21 17:43:15,661 root                INFO: Train: Epoch 113: train loss 0.0183
2022-01-21 17:43:16,274 root                INFO: Train: Epoch 114: train loss 0.0183
2022-01-21 17:43:16,913 root                INFO: Train: Epoch 115: train loss 0.0183
2022-01-21 17:43:17,533 root                INFO: Train: Epoch 116: train loss 0.0183
2022-01-21 17:43:18,114 root                INFO: Train: Epoch 117: train loss 0.0183
2022-01-21 17:43:18,716 root                INFO: Train: Epoch 118: train loss 0.0183
2022-01-21 17:43:19,327 root                INFO: Train: Epoch 119: train loss 0.0183
2022-01-21 17:43:19,941 root                INFO: Train: Epoch 120: train loss 0.0183
2022-01-21 17:43:20,559 root                INFO: Train: Epoch 121: train loss 0.0183
2022-01-21 17:43:21,136 root                INFO: Train: Epoch 122: train loss 0.0183
2022-01-21 17:43:21,715 root                INFO: Train: Epoch 123: train loss 0.0183
2022-01-21 17:43:22,329 root                INFO: Train: Epoch 124: train loss 0.0183
2022-01-21 17:43:22,906 root                INFO: Train: Epoch 125: train loss 0.0183
2022-01-21 17:43:23,480 root                INFO: Train: Epoch 126: train loss 0.0183
2022-01-21 17:43:24,068 root                INFO: Train: Epoch 127: train loss 0.0183
2022-01-21 17:43:24,646 root                INFO: Train: Epoch 128: train loss 0.0183
2022-01-21 17:43:25,236 root                INFO: Train: Epoch 129: train loss 0.0183
2022-01-21 17:43:25,793 root                INFO: Train: Epoch 130: train loss 0.0183
2022-01-21 17:43:26,367 root                INFO: Train: Epoch 131: train loss 0.0183
2022-01-21 17:43:26,927 root                INFO: Train: Epoch 132: train loss 0.0183
2022-01-21 17:43:27,508 root                INFO: Train: Epoch 133: train loss 0.0183
2022-01-21 17:43:28,124 root                INFO: Train: Epoch 134: train loss 0.0183
2022-01-21 17:43:28,718 root                INFO: Train: Epoch 135: train loss 0.0183
2022-01-21 17:43:29,297 root                INFO: Train: Epoch 136: train loss 0.0183
2022-01-21 17:43:29,874 root                INFO: Train: Epoch 137: train loss 0.0183
2022-01-21 17:43:30,501 root                INFO: Train: Epoch 138: train loss 0.0183
2022-01-21 17:43:31,102 root                INFO: Train: Epoch 139: train loss 0.0183
2022-01-21 17:43:31,669 root                INFO: Train: Epoch 140: train loss 0.0183
2022-01-21 17:43:32,245 root                INFO: Train: Epoch 141: train loss 0.0183
2022-01-21 17:43:32,821 root                INFO: Train: Epoch 142: train loss 0.0183
2022-01-21 17:43:33,412 root                INFO: Train: Epoch 143: train loss 0.0183
2022-01-21 17:43:33,990 root                INFO: Train: Epoch 144: train loss 0.0183
2022-01-21 17:43:34,552 root                INFO: Train: Epoch 145: train loss 0.0183
2022-01-21 17:43:35,141 root                INFO: Train: Epoch 146: train loss 0.0183
2022-01-21 17:43:35,736 root                INFO: Train: Epoch 147: train loss 0.0183
2022-01-21 17:43:36,452 root                INFO: Train: Epoch 148: train loss 0.0183
2022-01-21 17:43:37,129 root                INFO: Train: Epoch 149: train loss 0.0183
2022-01-21 17:43:37,783 root                INFO: Train: Epoch 150: train loss 0.0183
2022-01-21 17:43:38,457 root                INFO: Train: Epoch 151: train loss 0.0183
2022-01-21 17:43:39,119 root                INFO: Train: Epoch 152: train loss 0.0183
2022-01-21 17:43:39,723 root                INFO: Train: Epoch 153: train loss 0.0183
2022-01-21 17:43:40,289 root                INFO: Train: Epoch 154: train loss 0.0183
2022-01-21 17:43:40,881 root                INFO: Train: Epoch 155: train loss 0.0183
2022-01-21 17:43:41,470 root                INFO: Train: Epoch 156: train loss 0.0183
2022-01-21 17:43:42,062 root                INFO: Train: Epoch 157: train loss 0.0183
2022-01-21 17:43:42,657 root                INFO: Train: Epoch 158: train loss 0.0183
2022-01-21 17:43:43,240 root                INFO: Train: Epoch 159: train loss 0.0183
2022-01-21 17:43:43,820 root                INFO: Train: Epoch 160: train loss 0.0183
2022-01-21 17:43:44,398 root                INFO: Train: Epoch 161: train loss 0.0183
2022-01-21 17:43:45,017 root                INFO: Train: Epoch 162: train loss 0.0183
2022-01-21 17:43:45,631 root                INFO: Train: Epoch 163: train loss 0.0183
2022-01-21 17:43:46,230 root                INFO: Train: Epoch 164: train loss 0.0183
2022-01-21 17:43:46,862 root                INFO: Train: Epoch 165: train loss 0.0183
2022-01-21 17:43:47,437 root                INFO: Train: Epoch 166: train loss 0.0183
2022-01-21 17:43:48,042 root                INFO: Train: Epoch 167: train loss 0.0183
2022-01-21 17:43:48,655 root                INFO: Train: Epoch 168: train loss 0.0183
2022-01-21 17:43:49,221 root                INFO: Train: Epoch 169: train loss 0.0183
2022-01-21 17:43:49,794 root                INFO: Train: Epoch 170: train loss 0.0183
2022-01-21 17:43:50,372 root                INFO: Train: Epoch 171: train loss 0.0183
2022-01-21 17:43:50,931 root                INFO: Train: Epoch 172: train loss 0.0183
2022-01-21 17:43:51,521 root                INFO: Train: Epoch 173: train loss 0.0183
2022-01-21 17:43:52,115 root                INFO: Train: Epoch 174: train loss 0.0183
2022-01-21 17:43:52,678 root                INFO: Train: Epoch 175: train loss 0.0183
2022-01-21 17:43:53,250 root                INFO: Train: Epoch 176: train loss 0.0183
2022-01-21 17:43:53,802 root                INFO: Train: Epoch 177: train loss 0.0183
2022-01-21 17:43:54,348 root                INFO: Train: Epoch 178: train loss 0.0183
2022-01-21 17:43:54,944 root                INFO: Train: Epoch 179: train loss 0.0183
2022-01-21 17:43:55,510 root                INFO: Train: Epoch 180: train loss 0.0183
2022-01-21 17:43:56,067 root                INFO: Train: Epoch 181: train loss 0.0183
2022-01-21 17:43:56,644 root                INFO: Train: Epoch 182: train loss 0.0183
2022-01-21 17:43:57,211 root                INFO: Train: Epoch 183: train loss 0.0183
2022-01-21 17:43:57,793 root                INFO: Train: Epoch 184: train loss 0.0183
2022-01-21 17:43:58,387 root                INFO: Train: Epoch 185: train loss 0.0183
2022-01-21 17:43:58,955 root                INFO: Train: Epoch 186: train loss 0.0183
2022-01-21 17:43:59,524 root                INFO: Train: Epoch 187: train loss 0.0183
2022-01-21 17:44:00,105 root                INFO: Train: Epoch 188: train loss 0.0183
2022-01-21 17:44:00,682 root                INFO: Train: Epoch 189: train loss 0.0183
2022-01-21 17:44:01,267 root                INFO: Train: Epoch 190: train loss 0.0183
2022-01-21 17:44:01,857 root                INFO: Train: Epoch 191: train loss 0.0183
2022-01-21 17:44:02,474 root                INFO: Train: Epoch 192: train loss 0.0183
2022-01-21 17:44:03,016 root                INFO: Train: Epoch 193: train loss 0.0183
2022-01-21 17:44:03,595 root                INFO: Train: Epoch 194: train loss 0.0183
2022-01-21 17:44:04,189 root                INFO: Train: Epoch 195: train loss 0.0183
2022-01-21 17:44:04,767 root                INFO: Train: Epoch 196: train loss 0.0183
2022-01-21 17:44:05,356 root                INFO: Train: Epoch 197: train loss 0.0183
2022-01-21 17:44:05,918 root                INFO: Train: Epoch 198: train loss 0.0183
2022-01-21 17:44:06,487 root                INFO: Train: Epoch 199: train loss 0.0183
2022-01-21 17:44:07,038 root                INFO: Train: Epoch 200: train loss 0.0183
2022-01-21 17:44:20,996 root                INFO: Valid: Epoch 200: kendall tau 0.0624 0.0650; loss 0.01372 0.004756
2022-01-21 17:44:21,002 root                INFO: Epoch 200: Save checkpoint to nb301_anytime_tagates/tagates_0.05/123/202121/200.ckpt
2022-01-21 17:44:35,196 root                INFO: [0.0, 0.0, 0.0, 0.04230317273795535, 0.1405913452124535, 0.6230419799498746, 1.0]
2022-01-21 17:44:35,197 root                INFO: [0.0, 0.0, 0.0, 0.07638072855464159, 0.16682984139416487, 0.6266838972431078, 1.0]
2022-01-21 17:44:35,197 root                INFO: [16248, 16248]
2022-01-21 17:44:35,197 root                INFO: [16245, 847]
2022-01-21 22:19:39,143 root                INFO: GPU device = 4
2022-01-21 22:19:39,144 root                INFO: Load pkl cache from nasbench301_train.pkl and nasbench301_valid.pkl
2022-01-21 22:19:39,879 root                INFO: Config: {'arch_network_cfg': {'arch_embedder_cfg': {'take_adj_as_input': True, 'gcn_kwargs': {'residual_only': 2}, 'gcn_out_dims': [64, 64, 64, 64, 64], 'hidden_dim': 32, 'node_dim': 32, 'op_dim': 32, 'use_bn': False, 'final_concat': False, 'other_node_zero': False, 'num_time_steps': 2, 'fb_conversion_dims': [64, 64], 'backward_gcn_out_dims': [64, 64, 64, 64, 64], 'updateopemb_method': 'concat_ofb', 'updateopemb_dims': [64], 'share_skip_and_outskip': True, 'detach_vinfo': False, 'updateopemb_scale': 0.1, 'updateopemb_detach_opemb': True, 'updateopemb_detach_finfo': True, 'mask_nonparametrized_ops': True, 'symmetry_breaking_method': 'param_zs_add', 'concat_param_zs_as_opemb_dimension': 5, 'concat_param_zs_as_opemb_scale': 1.0}, 'arch_embedder_type': 'cellss-fbflow-anytime', 'compare_loss_type': 'margin_linear', 'compare_margin': 0.1, 'mlp_dropout': 0.1, 'mlp_hiddens': [200], 'mlp_out_dim': 1, 'optimizer': {'lr': 0.0001, 'type': 'Adam'}, 'scheduler': None}, 'arch_network_type': 'pointwise_comparator', 'batch_size': 128, 'choose_pair_criterion': 'random', 'compare': False, 'compare_threshold': 0.0, 'epochs': 200, 'max_compare_ratio': 16.0}
2022-01-21 22:19:44,425 root                INFO: Combined args: Namespace(arch_network_type='pointwise_comparator', batch_size=128, cfg_file='cfgs/nb301_cfgs/tagates_anytime.yaml', choose_pair_criterion='random', compare=False, compare_threshold=0.0, epochs=200, eval_only_last=1, gpu=4, load=None, max_compare_ratio=16.0, num_workers=4, report_freq=200, save_every=200, save_predict=None, seed=202121, test_funcs=None, test_only=False, train_dir='nb301_anytime_tagates/tagates_0.05/123/202121', train_pkl='../mynas/data/nasbench-301/nasbench301_train_mtx_anytime_123.pkl', train_ratio=0.05, valid_pkl='../mynas/data/nasbench-301/nasbench301_valid_mtx_anytime.pkl')
2022-01-21 22:19:44,435 root                INFO: Train dataset ratio: 0.050
2022-01-21 22:19:44,436 root                INFO: Number of architectures: train: 294; valid: 51072
2022-01-21 22:19:58,442 root                INFO: Train: Epoch   1: train loss 0.3441
2022-01-21 22:19:59,202 root                INFO: Train: Epoch   2: train loss 0.3417
2022-01-21 22:19:59,932 root                INFO: Train: Epoch   3: train loss 0.3392
2022-01-21 22:20:00,720 root                INFO: Train: Epoch   4: train loss 0.3372
2022-01-21 22:20:01,479 root                INFO: Train: Epoch   5: train loss 0.3346
2022-01-21 22:20:02,240 root                INFO: Train: Epoch   6: train loss 0.3319
2022-01-21 22:20:03,043 root                INFO: Train: Epoch   7: train loss 0.3290
2022-01-21 22:20:03,835 root                INFO: Train: Epoch   8: train loss 0.3261
2022-01-21 22:20:04,627 root                INFO: Train: Epoch   9: train loss 0.3222
2022-01-21 22:20:05,387 root                INFO: Train: Epoch  10: train loss 0.3178
2022-01-21 22:20:06,175 root                INFO: Train: Epoch  11: train loss 0.3132
2022-01-21 22:20:07,027 root                INFO: Train: Epoch  12: train loss 0.3070
2022-01-21 22:20:07,800 root                INFO: Train: Epoch  13: train loss 0.3007
2022-01-21 22:20:08,596 root                INFO: Train: Epoch  14: train loss 0.2933
2022-01-21 22:20:09,377 root                INFO: Train: Epoch  15: train loss 0.2840
2022-01-21 22:20:10,180 root                INFO: Train: Epoch  16: train loss 0.2738
2022-01-21 22:20:10,998 root                INFO: Train: Epoch  17: train loss 0.2622
2022-01-21 22:20:11,790 root                INFO: Train: Epoch  18: train loss 0.2474
2022-01-21 22:20:12,598 root                INFO: Train: Epoch  19: train loss 0.2319
2022-01-21 22:20:13,420 root                INFO: Train: Epoch  20: train loss 0.2134
2022-01-21 22:20:14,251 root                INFO: Train: Epoch  21: train loss 0.1919
2022-01-21 22:20:15,059 root                INFO: Train: Epoch  22: train loss 0.1688
2022-01-21 22:20:15,830 root                INFO: Train: Epoch  23: train loss 0.1442
2022-01-21 22:20:16,621 root                INFO: Train: Epoch  24: train loss 0.1183
2022-01-21 22:20:17,442 root                INFO: Train: Epoch  25: train loss 0.0938
2022-01-21 22:20:18,387 root                INFO: Train: Epoch  26: train loss 0.0695
2022-01-21 22:20:19,189 root                INFO: Train: Epoch  27: train loss 0.0486
2022-01-21 22:20:19,958 root                INFO: Train: Epoch  28: train loss 0.0315
2022-01-21 22:20:20,804 root                INFO: Train: Epoch  29: train loss 0.0196
2022-01-21 22:20:21,745 root                INFO: Train: Epoch  30: train loss 0.0118
2022-01-21 22:20:22,586 root                INFO: Train: Epoch  31: train loss 0.0072
2022-01-21 22:20:23,448 root                INFO: Train: Epoch  32: train loss 0.0050
2022-01-21 22:20:24,273 root                INFO: Train: Epoch  33: train loss 0.0041
2022-01-21 22:20:25,085 root                INFO: Train: Epoch  34: train loss 0.0039
2022-01-21 22:20:25,928 root                INFO: Train: Epoch  35: train loss 0.0039
2022-01-21 22:20:26,784 root                INFO: Train: Epoch  36: train loss 0.0039
2022-01-21 22:20:27,707 root                INFO: Train: Epoch  37: train loss 0.0039
2022-01-21 22:20:28,473 root                INFO: Train: Epoch  38: train loss 0.0036
2022-01-21 22:20:29,210 root                INFO: Train: Epoch  39: train loss 0.0033
2022-01-21 22:20:29,997 root                INFO: Train: Epoch  40: train loss 0.0029
2022-01-21 22:20:30,849 root                INFO: Train: Epoch  41: train loss 0.0027
2022-01-21 22:20:31,627 root                INFO: Train: Epoch  42: train loss 0.0022
2022-01-21 22:20:32,444 root                INFO: Train: Epoch  43: train loss 0.0019
2022-01-21 22:20:33,271 root                INFO: Train: Epoch  44: train loss 0.0016
2022-01-21 22:20:34,060 root                INFO: Train: Epoch  45: train loss 0.0013
2022-01-21 22:20:34,873 root                INFO: Train: Epoch  46: train loss 0.0012
2022-01-21 22:20:35,717 root                INFO: Train: Epoch  47: train loss 0.0010
2022-01-21 22:20:36,587 root                INFO: Train: Epoch  48: train loss 0.0009
2022-01-21 22:20:37,409 root                INFO: Train: Epoch  49: train loss 0.0008
2022-01-21 22:20:38,274 root                INFO: Train: Epoch  50: train loss 0.0008
2022-01-21 22:20:39,146 root                INFO: Train: Epoch  51: train loss 0.0008
2022-01-21 22:20:40,057 root                INFO: Train: Epoch  52: train loss 0.0007
2022-01-21 22:20:40,986 root                INFO: Train: Epoch  53: train loss 0.0008
2022-01-21 22:20:41,905 root                INFO: Train: Epoch  54: train loss 0.0007
2022-01-21 22:20:42,834 root                INFO: Train: Epoch  55: train loss 0.0007
2022-01-21 22:20:43,716 root                INFO: Train: Epoch  56: train loss 0.0007
2022-01-21 22:20:44,614 root                INFO: Train: Epoch  57: train loss 0.0007
2022-01-21 22:20:45,536 root                INFO: Train: Epoch  58: train loss 0.0007
2022-01-21 22:20:46,499 root                INFO: Train: Epoch  59: train loss 0.0008
2022-01-21 22:20:47,346 root                INFO: Train: Epoch  60: train loss 0.0007
2022-01-21 22:20:48,178 root                INFO: Train: Epoch  61: train loss 0.0008
2022-01-21 22:20:49,037 root                INFO: Train: Epoch  62: train loss 0.0007
2022-01-21 22:20:49,932 root                INFO: Train: Epoch  63: train loss 0.0007
2022-01-21 22:20:50,812 root                INFO: Train: Epoch  64: train loss 0.0007
2022-01-21 22:20:51,694 root                INFO: Train: Epoch  65: train loss 0.0007
2022-01-21 22:20:52,562 root                INFO: Train: Epoch  66: train loss 0.0007
2022-01-21 22:20:53,377 root                INFO: Train: Epoch  67: train loss 0.0007
2022-01-21 22:20:54,218 root                INFO: Train: Epoch  68: train loss 0.0007
2022-01-21 22:20:55,078 root                INFO: Train: Epoch  69: train loss 0.0007
2022-01-21 22:20:55,999 root                INFO: Train: Epoch  70: train loss 0.0007
2022-01-21 22:20:56,879 root                INFO: Train: Epoch  71: train loss 0.0008
2022-01-21 22:20:57,736 root                INFO: Train: Epoch  72: train loss 0.0007
2022-01-21 22:20:58,591 root                INFO: Train: Epoch  73: train loss 0.0007
2022-01-21 22:20:59,452 root                INFO: Train: Epoch  74: train loss 0.0007
2022-01-21 22:21:00,395 root                INFO: Train: Epoch  75: train loss 0.0007
2022-01-21 22:21:01,142 root                INFO: Train: Epoch  76: train loss 0.0007
2022-01-21 22:21:01,894 root                INFO: Train: Epoch  77: train loss 0.0007
2022-01-21 22:21:02,624 root                INFO: Train: Epoch  78: train loss 0.0007
2022-01-21 22:21:03,406 root                INFO: Train: Epoch  79: train loss 0.0007
2022-01-21 22:21:04,217 root                INFO: Train: Epoch  80: train loss 0.0006
2022-01-21 22:21:05,021 root                INFO: Train: Epoch  81: train loss 0.0007
2022-01-21 22:21:05,883 root                INFO: Train: Epoch  82: train loss 0.0007
2022-01-21 22:21:06,685 root                INFO: Train: Epoch  83: train loss 0.0008
2022-01-21 22:21:07,469 root                INFO: Train: Epoch  84: train loss 0.0007
2022-01-21 22:21:08,324 root                INFO: Train: Epoch  85: train loss 0.0007
2022-01-21 22:21:09,122 root                INFO: Train: Epoch  86: train loss 0.0007
2022-01-21 22:21:09,983 root                INFO: Train: Epoch  87: train loss 0.0007
2022-01-21 22:21:10,836 root                INFO: Train: Epoch  88: train loss 0.0007
2022-01-21 22:21:11,680 root                INFO: Train: Epoch  89: train loss 0.0007
2022-01-21 22:21:12,565 root                INFO: Train: Epoch  90: train loss 0.0007
2022-01-21 22:21:13,446 root                INFO: Train: Epoch  91: train loss 0.0007
2022-01-21 22:21:14,341 root                INFO: Train: Epoch  92: train loss 0.0007
2022-01-21 22:21:15,231 root                INFO: Train: Epoch  93: train loss 0.0007
2022-01-21 22:21:16,069 root                INFO: Train: Epoch  94: train loss 0.0007
2022-01-21 22:21:16,941 root                INFO: Train: Epoch  95: train loss 0.0006
2022-01-21 22:21:17,826 root                INFO: Train: Epoch  96: train loss 0.0007
2022-01-21 22:21:18,636 root                INFO: Train: Epoch  97: train loss 0.0007
2022-01-21 22:21:19,420 root                INFO: Train: Epoch  98: train loss 0.0007
2022-01-21 22:21:20,210 root                INFO: Train: Epoch  99: train loss 0.0006
2022-01-21 22:21:21,002 root                INFO: Train: Epoch 100: train loss 0.0007
2022-01-21 22:21:21,791 root                INFO: Train: Epoch 101: train loss 0.0007
2022-01-21 22:21:22,637 root                INFO: Train: Epoch 102: train loss 0.0007
2022-01-21 22:21:23,438 root                INFO: Train: Epoch 103: train loss 0.0007
2022-01-21 22:21:24,237 root                INFO: Train: Epoch 104: train loss 0.0007
2022-01-21 22:21:25,060 root                INFO: Train: Epoch 105: train loss 0.0007
2022-01-21 22:21:25,837 root                INFO: Train: Epoch 106: train loss 0.0006
2022-01-21 22:21:26,673 root                INFO: Train: Epoch 107: train loss 0.0007
2022-01-21 22:21:27,549 root                INFO: Train: Epoch 108: train loss 0.0007
2022-01-21 22:21:28,400 root                INFO: Train: Epoch 109: train loss 0.0007
2022-01-21 22:21:29,239 root                INFO: Train: Epoch 110: train loss 0.0007
2022-01-21 22:21:30,162 root                INFO: Train: Epoch 111: train loss 0.0007
2022-01-21 22:21:31,157 root                INFO: Train: Epoch 112: train loss 0.0007
2022-01-21 22:21:32,033 root                INFO: Train: Epoch 113: train loss 0.0007
2022-01-21 22:21:32,882 root                INFO: Train: Epoch 114: train loss 0.0006
2022-01-21 22:21:33,730 root                INFO: Train: Epoch 115: train loss 0.0007
2022-01-21 22:21:34,802 root                INFO: Train: Epoch 116: train loss 0.0007
2022-01-21 22:21:35,789 root                INFO: Train: Epoch 117: train loss 0.0006
2022-01-21 22:21:36,647 root                INFO: Train: Epoch 118: train loss 0.0007
2022-01-21 22:21:37,411 root                INFO: Train: Epoch 119: train loss 0.0006
2022-01-21 22:21:38,170 root                INFO: Train: Epoch 120: train loss 0.0006
2022-01-21 22:21:38,934 root                INFO: Train: Epoch 121: train loss 0.0007
2022-01-21 22:21:39,726 root                INFO: Train: Epoch 122: train loss 0.0007
2022-01-21 22:21:40,494 root                INFO: Train: Epoch 123: train loss 0.0006
2022-01-21 22:21:41,278 root                INFO: Train: Epoch 124: train loss 0.0007
2022-01-21 22:21:42,070 root                INFO: Train: Epoch 125: train loss 0.0007
2022-01-21 22:21:42,817 root                INFO: Train: Epoch 126: train loss 0.0006
2022-01-21 22:21:43,582 root                INFO: Train: Epoch 127: train loss 0.0006
2022-01-21 22:21:44,370 root                INFO: Train: Epoch 128: train loss 0.0006
2022-01-21 22:21:45,176 root                INFO: Train: Epoch 129: train loss 0.0006
2022-01-21 22:21:45,951 root                INFO: Train: Epoch 130: train loss 0.0006
2022-01-21 22:21:46,683 root                INFO: Train: Epoch 131: train loss 0.0006
2022-01-21 22:21:47,466 root                INFO: Train: Epoch 132: train loss 0.0007
2022-01-21 22:21:48,235 root                INFO: Train: Epoch 133: train loss 0.0007
2022-01-21 22:21:48,968 root                INFO: Train: Epoch 134: train loss 0.0006
2022-01-21 22:21:49,713 root                INFO: Train: Epoch 135: train loss 0.0006
2022-01-21 22:21:50,441 root                INFO: Train: Epoch 136: train loss 0.0007
2022-01-21 22:21:51,149 root                INFO: Train: Epoch 137: train loss 0.0006
2022-01-21 22:21:51,863 root                INFO: Train: Epoch 138: train loss 0.0007
2022-01-21 22:21:52,581 root                INFO: Train: Epoch 139: train loss 0.0007
2022-01-21 22:21:53,306 root                INFO: Train: Epoch 140: train loss 0.0007
2022-01-21 22:21:54,073 root                INFO: Train: Epoch 141: train loss 0.0006
2022-01-21 22:21:54,882 root                INFO: Train: Epoch 142: train loss 0.0006
2022-01-21 22:21:55,652 root                INFO: Train: Epoch 143: train loss 0.0007
2022-01-21 22:21:56,400 root                INFO: Train: Epoch 144: train loss 0.0007
2022-01-21 22:21:57,149 root                INFO: Train: Epoch 145: train loss 0.0007
2022-01-21 22:21:57,941 root                INFO: Train: Epoch 146: train loss 0.0006
2022-01-21 22:21:58,683 root                INFO: Train: Epoch 147: train loss 0.0006
2022-01-21 22:21:59,384 root                INFO: Train: Epoch 148: train loss 0.0006
2022-01-21 22:22:00,094 root                INFO: Train: Epoch 149: train loss 0.0006
2022-01-21 22:22:00,852 root                INFO: Train: Epoch 150: train loss 0.0006
2022-01-21 22:22:01,530 root                INFO: Train: Epoch 151: train loss 0.0006
2022-01-21 22:22:02,257 root                INFO: Train: Epoch 152: train loss 0.0007
2022-01-21 22:22:02,977 root                INFO: Train: Epoch 153: train loss 0.0006
2022-01-21 22:22:03,666 root                INFO: Train: Epoch 154: train loss 0.0006
2022-01-21 22:22:04,406 root                INFO: Train: Epoch 155: train loss 0.0006
2022-01-21 22:22:05,168 root                INFO: Train: Epoch 156: train loss 0.0006
2022-01-21 22:22:05,919 root                INFO: Train: Epoch 157: train loss 0.0006
2022-01-21 22:22:06,682 root                INFO: Train: Epoch 158: train loss 0.0006
2022-01-21 22:22:07,434 root                INFO: Train: Epoch 159: train loss 0.0006
2022-01-21 22:22:08,167 root                INFO: Train: Epoch 160: train loss 0.0007
2022-01-21 22:22:08,917 root                INFO: Train: Epoch 161: train loss 0.0006
2022-01-21 22:22:09,676 root                INFO: Train: Epoch 162: train loss 0.0006
2022-01-21 22:22:10,458 root                INFO: Train: Epoch 163: train loss 0.0006
2022-01-21 22:22:11,178 root                INFO: Train: Epoch 164: train loss 0.0006
2022-01-21 22:22:11,922 root                INFO: Train: Epoch 165: train loss 0.0006
2022-01-21 22:22:12,634 root                INFO: Train: Epoch 166: train loss 0.0006
2022-01-21 22:22:13,360 root                INFO: Train: Epoch 167: train loss 0.0006
2022-01-21 22:22:14,078 root                INFO: Train: Epoch 168: train loss 0.0006
2022-01-21 22:22:14,823 root                INFO: Train: Epoch 169: train loss 0.0006
2022-01-21 22:22:15,593 root                INFO: Train: Epoch 170: train loss 0.0006
2022-01-21 22:22:16,326 root                INFO: Train: Epoch 171: train loss 0.0007
2022-01-21 22:22:17,065 root                INFO: Train: Epoch 172: train loss 0.0006
2022-01-21 22:22:17,783 root                INFO: Train: Epoch 173: train loss 0.0006
2022-01-21 22:22:18,555 root                INFO: Train: Epoch 174: train loss 0.0006
2022-01-21 22:22:19,290 root                INFO: Train: Epoch 175: train loss 0.0006
2022-01-21 22:22:20,051 root                INFO: Train: Epoch 176: train loss 0.0006
2022-01-21 22:22:20,793 root                INFO: Train: Epoch 177: train loss 0.0005
2022-01-21 22:22:21,517 root                INFO: Train: Epoch 178: train loss 0.0006
2022-01-21 22:22:22,260 root                INFO: Train: Epoch 179: train loss 0.0006
2022-01-21 22:22:22,994 root                INFO: Train: Epoch 180: train loss 0.0006
2022-01-21 22:22:23,727 root                INFO: Train: Epoch 181: train loss 0.0006
2022-01-21 22:22:24,427 root                INFO: Train: Epoch 182: train loss 0.0006
2022-01-21 22:22:25,167 root                INFO: Train: Epoch 183: train loss 0.0005
2022-01-21 22:22:25,913 root                INFO: Train: Epoch 184: train loss 0.0006
2022-01-21 22:22:26,618 root                INFO: Train: Epoch 185: train loss 0.0006
2022-01-21 22:22:27,308 root                INFO: Train: Epoch 186: train loss 0.0006
2022-01-21 22:22:28,037 root                INFO: Train: Epoch 187: train loss 0.0006
2022-01-21 22:22:28,730 root                INFO: Train: Epoch 188: train loss 0.0006
2022-01-21 22:22:29,460 root                INFO: Train: Epoch 189: train loss 0.0006
2022-01-21 22:22:30,130 root                INFO: Train: Epoch 190: train loss 0.0006
2022-01-21 22:22:30,799 root                INFO: Train: Epoch 191: train loss 0.0006
2022-01-21 22:22:31,467 root                INFO: Train: Epoch 192: train loss 0.0006
2022-01-21 22:22:32,137 root                INFO: Train: Epoch 193: train loss 0.0005
2022-01-21 22:22:32,807 root                INFO: Train: Epoch 194: train loss 0.0006
2022-01-21 22:22:33,517 root                INFO: Train: Epoch 195: train loss 0.0006
2022-01-21 22:22:34,200 root                INFO: Train: Epoch 196: train loss 0.0006
2022-01-21 22:22:34,848 root                INFO: Train: Epoch 197: train loss 0.0006
2022-01-21 22:22:35,552 root                INFO: Train: Epoch 198: train loss 0.0006
2022-01-21 22:22:36,234 root                INFO: Train: Epoch 199: train loss 0.0005
2022-01-21 22:22:36,980 root                INFO: Train: Epoch 200: train loss 0.0006
2022-01-21 22:22:51,637 root                INFO: Valid: Epoch 200: kendall tau 0.2928 0.3331; loss 0.000321 0.000184
2022-01-21 22:22:51,644 root                INFO: Epoch 200: Save checkpoint to nb301_anytime_tagates/tagates_0.05/123/202121/200.ckpt
2022-01-21 22:23:05,808 root                INFO: [0.0, 0.0, 0.0, 0.06384645515080298, 0.21225768552966517, 0.6514332706766918, 1.0]
2022-01-21 22:23:05,808 root                INFO: [0.0, 0.0, 0.013725490196078431, 0.14766940853897376, 0.2897983160368122, 0.6617716165413534, 1.0]
2022-01-21 22:23:05,808 root                INFO: [2216, 2150]
2022-01-21 22:23:05,808 root                INFO: [986, 986]
