2022-01-21 17:44:38,934 root                INFO: GPU device = 3
2022-01-21 17:44:38,934 root                INFO: Load pkl cache from nasbench301_train.pkl and nasbench301_valid.pkl
2022-01-21 17:44:39,521 root                INFO: Config: {'arch_network_cfg': {'arch_embedder_cfg': {'take_adj_as_input': True, 'gcn_kwargs': {'residual_only': 2}, 'gcn_out_dims': [64, 64, 64, 64, 64], 'hidden_dim': 32, 'node_dim': 32, 'op_dim': 32, 'use_bn': False, 'final_concat': False, 'other_node_zero': False, 'num_time_steps': 2, 'fb_conversion_dims': [64, 64], 'backward_gcn_out_dims': [64, 64, 64, 64, 64], 'updateopemb_method': 'concat_ofb', 'updateopemb_dims': [64], 'share_skip_and_outskip': True, 'detach_vinfo': False, 'updateopemb_scale': 0.1, 'updateopemb_detach_opemb': True, 'updateopemb_detach_finfo': True, 'mask_nonparametrized_ops': True, 'symmetry_breaking_method': 'param_zs_add', 'concat_param_zs_as_opemb_dimension': 5, 'concat_param_zs_as_opemb_scale': 1.0}, 'arch_embedder_type': 'cellss-fbflow-anytime', 'compare_loss_type': 'margin_linear', 'compare_margin': 0.1, 'mlp_dropout': 0.1, 'mlp_hiddens': [200], 'mlp_out_dim': 1, 'optimizer': {'lr': 0.001, 'type': 'Adam'}, 'scheduler': None}, 'arch_network_type': 'pointwise_comparator', 'batch_size': 128, 'choose_pair_criterion': 'random', 'compare': False, 'compare_threshold': 0.0, 'epochs': 200, 'max_compare_ratio': 16.0}
2022-01-21 17:44:42,683 root                INFO: Combined args: Namespace(arch_network_type='pointwise_comparator', batch_size=128, cfg_file='cfgs/nb301_cfgs/tagates_anytime.yaml', choose_pair_criterion='random', compare=False, compare_threshold=0.0, epochs=200, eval_only_last=1, gpu=3, load=None, max_compare_ratio=16.0, num_workers=4, report_freq=200, save_every=200, save_predict=None, seed=2021, test_funcs=None, test_only=False, train_dir='nb301_anytime_tagates/tagates_0.1/123/2021', train_pkl='../mynas/data/nasbench-301/nasbench301_train_mtx_anytime_123.pkl', train_ratio=0.1, valid_pkl='../mynas/data/nasbench-301/nasbench301_valid_mtx_anytime.pkl')
2022-01-21 17:44:42,691 root                INFO: Train dataset ratio: 0.100
2022-01-21 17:44:42,692 root                INFO: Number of architectures: train: 589; valid: 51072
2022-01-21 17:44:55,833 root                INFO: Train: Epoch   1: train loss 0.3098
2022-01-21 17:44:56,494 root                INFO: Train: Epoch   2: train loss 0.1952
2022-01-21 17:44:57,186 root                INFO: Train: Epoch   3: train loss 0.0204
2022-01-21 17:44:57,863 root                INFO: Train: Epoch   4: train loss 0.0155
2022-01-21 17:44:58,491 root                INFO: Train: Epoch   5: train loss 0.0181
2022-01-21 17:44:59,123 root                INFO: Train: Epoch   6: train loss 0.0183
2022-01-21 17:44:59,735 root                INFO: Train: Epoch   7: train loss 0.0183
2022-01-21 17:45:00,343 root                INFO: Train: Epoch   8: train loss 0.0183
2022-01-21 17:45:00,962 root                INFO: Train: Epoch   9: train loss 0.0183
2022-01-21 17:45:01,597 root                INFO: Train: Epoch  10: train loss 0.0183
2022-01-21 17:45:02,278 root                INFO: Train: Epoch  11: train loss 0.0183
2022-01-21 17:45:02,938 root                INFO: Train: Epoch  12: train loss 0.0183
2022-01-21 17:45:03,617 root                INFO: Train: Epoch  13: train loss 0.0183
2022-01-21 17:45:04,249 root                INFO: Train: Epoch  14: train loss 0.0183
2022-01-21 17:45:04,890 root                INFO: Train: Epoch  15: train loss 0.0183
2022-01-21 17:45:05,531 root                INFO: Train: Epoch  16: train loss 0.0183
2022-01-21 17:45:06,182 root                INFO: Train: Epoch  17: train loss 0.0183
2022-01-21 17:45:06,851 root                INFO: Train: Epoch  18: train loss 0.0183
2022-01-21 17:45:07,509 root                INFO: Train: Epoch  19: train loss 0.0183
2022-01-21 17:45:08,137 root                INFO: Train: Epoch  20: train loss 0.0183
2022-01-21 17:45:08,898 root                INFO: Train: Epoch  21: train loss 0.0183
2022-01-21 17:45:09,597 root                INFO: Train: Epoch  22: train loss 0.0183
2022-01-21 17:45:10,274 root                INFO: Train: Epoch  23: train loss 0.0183
2022-01-21 17:45:10,908 root                INFO: Train: Epoch  24: train loss 0.0183
2022-01-21 17:45:11,553 root                INFO: Train: Epoch  25: train loss 0.0183
2022-01-21 17:45:12,206 root                INFO: Train: Epoch  26: train loss 0.0183
2022-01-21 17:45:12,855 root                INFO: Train: Epoch  27: train loss 0.0183
2022-01-21 17:45:13,475 root                INFO: Train: Epoch  28: train loss 0.0183
2022-01-21 17:45:14,149 root                INFO: Train: Epoch  29: train loss 0.0183
2022-01-21 17:45:14,796 root                INFO: Train: Epoch  30: train loss 0.0183
2022-01-21 17:45:15,412 root                INFO: Train: Epoch  31: train loss 0.0183
2022-01-21 17:45:16,037 root                INFO: Train: Epoch  32: train loss 0.0183
2022-01-21 17:45:16,690 root                INFO: Train: Epoch  33: train loss 0.0183
2022-01-21 17:45:17,353 root                INFO: Train: Epoch  34: train loss 0.0179
2022-01-21 17:45:17,970 root                INFO: Train: Epoch  35: train loss 0.0111
2022-01-21 17:45:18,593 root                INFO: Train: Epoch  36: train loss 0.0079
2022-01-21 17:45:19,222 root                INFO: Train: Epoch  37: train loss 0.0061
2022-01-21 17:45:19,876 root                INFO: Train: Epoch  38: train loss 0.0032
2022-01-21 17:45:20,558 root                INFO: Train: Epoch  39: train loss 0.0023
2022-01-21 17:45:21,213 root                INFO: Train: Epoch  40: train loss 0.0021
2022-01-21 17:45:21,826 root                INFO: Train: Epoch  41: train loss 0.0014
2022-01-21 17:45:22,463 root                INFO: Train: Epoch  42: train loss 0.0013
2022-01-21 17:45:23,245 root                INFO: Train: Epoch  43: train loss 0.0010
2022-01-21 17:45:23,879 root                INFO: Train: Epoch  44: train loss 0.0010
2022-01-21 17:45:24,513 root                INFO: Train: Epoch  45: train loss 0.0009
2022-01-21 17:45:25,144 root                INFO: Train: Epoch  46: train loss 0.0008
2022-01-21 17:45:25,837 root                INFO: Train: Epoch  47: train loss 0.0008
2022-01-21 17:45:26,483 root                INFO: Train: Epoch  48: train loss 0.0007
2022-01-21 17:45:27,167 root                INFO: Train: Epoch  49: train loss 0.0007
2022-01-21 17:45:27,778 root                INFO: Train: Epoch  50: train loss 0.0007
2022-01-21 17:45:28,417 root                INFO: Train: Epoch  51: train loss 0.0007
2022-01-21 17:45:29,027 root                INFO: Train: Epoch  52: train loss 0.0007
2022-01-21 17:45:29,718 root                INFO: Train: Epoch  53: train loss 0.0006
2022-01-21 17:45:30,399 root                INFO: Train: Epoch  54: train loss 0.0006
2022-01-21 17:45:31,046 root                INFO: Train: Epoch  55: train loss 0.0005
2022-01-21 17:45:31,666 root                INFO: Train: Epoch  56: train loss 0.0005
2022-01-21 17:45:32,293 root                INFO: Train: Epoch  57: train loss 0.0005
2022-01-21 17:45:32,935 root                INFO: Train: Epoch  58: train loss 0.0005
2022-01-21 17:45:33,546 root                INFO: Train: Epoch  59: train loss 0.0005
2022-01-21 17:45:34,181 root                INFO: Train: Epoch  60: train loss 0.0005
2022-01-21 17:45:34,822 root                INFO: Train: Epoch  61: train loss 0.0004
2022-01-21 17:45:35,471 root                INFO: Train: Epoch  62: train loss 0.0004
2022-01-21 17:45:36,106 root                INFO: Train: Epoch  63: train loss 0.0004
2022-01-21 17:45:36,751 root                INFO: Train: Epoch  64: train loss 0.0004
2022-01-21 17:45:37,388 root                INFO: Train: Epoch  65: train loss 0.0004
2022-01-21 17:45:38,026 root                INFO: Train: Epoch  66: train loss 0.0004
2022-01-21 17:45:38,652 root                INFO: Train: Epoch  67: train loss 0.0004
2022-01-21 17:45:39,272 root                INFO: Train: Epoch  68: train loss 0.0003
2022-01-21 17:45:39,912 root                INFO: Train: Epoch  69: train loss 0.0004
2022-01-21 17:45:40,569 root                INFO: Train: Epoch  70: train loss 0.0004
2022-01-21 17:45:41,191 root                INFO: Train: Epoch  71: train loss 0.0003
2022-01-21 17:45:41,821 root                INFO: Train: Epoch  72: train loss 0.0003
2022-01-21 17:45:42,450 root                INFO: Train: Epoch  73: train loss 0.0003
2022-01-21 17:45:43,168 root                INFO: Train: Epoch  74: train loss 0.0003
2022-01-21 17:45:43,938 root                INFO: Train: Epoch  75: train loss 0.0003
2022-01-21 17:45:44,732 root                INFO: Train: Epoch  76: train loss 0.0003
2022-01-21 17:45:45,513 root                INFO: Train: Epoch  77: train loss 0.0003
2022-01-21 17:45:46,313 root                INFO: Train: Epoch  78: train loss 0.0003
2022-01-21 17:45:47,062 root                INFO: Train: Epoch  79: train loss 0.0003
2022-01-21 17:45:47,835 root                INFO: Train: Epoch  80: train loss 0.0003
2022-01-21 17:45:48,588 root                INFO: Train: Epoch  81: train loss 0.0003
2022-01-21 17:45:49,313 root                INFO: Train: Epoch  82: train loss 0.0003
2022-01-21 17:45:50,013 root                INFO: Train: Epoch  83: train loss 0.0003
2022-01-21 17:45:50,681 root                INFO: Train: Epoch  84: train loss 0.0003
2022-01-21 17:45:51,334 root                INFO: Train: Epoch  85: train loss 0.0003
2022-01-21 17:45:52,026 root                INFO: Train: Epoch  86: train loss 0.0003
2022-01-21 17:45:52,708 root                INFO: Train: Epoch  87: train loss 0.0003
2022-01-21 17:45:53,395 root                INFO: Train: Epoch  88: train loss 0.0003
2022-01-21 17:45:54,056 root                INFO: Train: Epoch  89: train loss 0.0003
2022-01-21 17:45:54,698 root                INFO: Train: Epoch  90: train loss 0.0003
2022-01-21 17:45:55,356 root                INFO: Train: Epoch  91: train loss 0.0003
2022-01-21 17:45:56,054 root                INFO: Train: Epoch  92: train loss 0.0003
2022-01-21 17:45:56,764 root                INFO: Train: Epoch  93: train loss 0.0002
2022-01-21 17:45:57,481 root                INFO: Train: Epoch  94: train loss 0.0002
2022-01-21 17:45:58,248 root                INFO: Train: Epoch  95: train loss 0.0002
2022-01-21 17:45:59,009 root                INFO: Train: Epoch  96: train loss 0.0003
2022-01-21 17:45:59,752 root                INFO: Train: Epoch  97: train loss 0.0002
2022-01-21 17:46:00,510 root                INFO: Train: Epoch  98: train loss 0.0002
2022-01-21 17:46:01,245 root                INFO: Train: Epoch  99: train loss 0.0002
2022-01-21 17:46:01,946 root                INFO: Train: Epoch 100: train loss 0.0003
2022-01-21 17:46:02,629 root                INFO: Train: Epoch 101: train loss 0.0002
2022-01-21 17:46:03,338 root                INFO: Train: Epoch 102: train loss 0.0002
2022-01-21 17:46:04,013 root                INFO: Train: Epoch 103: train loss 0.0002
2022-01-21 17:46:04,688 root                INFO: Train: Epoch 104: train loss 0.0002
2022-01-21 17:46:05,371 root                INFO: Train: Epoch 105: train loss 0.0003
2022-01-21 17:46:06,060 root                INFO: Train: Epoch 106: train loss 0.0003
2022-01-21 17:46:06,760 root                INFO: Train: Epoch 107: train loss 0.0003
2022-01-21 17:46:07,495 root                INFO: Train: Epoch 108: train loss 0.0002
2022-01-21 17:46:08,270 root                INFO: Train: Epoch 109: train loss 0.0003
2022-01-21 17:46:09,043 root                INFO: Train: Epoch 110: train loss 0.0003
2022-01-21 17:46:09,730 root                INFO: Train: Epoch 111: train loss 0.0003
2022-01-21 17:46:10,421 root                INFO: Train: Epoch 112: train loss 0.0003
2022-01-21 17:46:11,093 root                INFO: Train: Epoch 113: train loss 0.0002
2022-01-21 17:46:11,771 root                INFO: Train: Epoch 114: train loss 0.0002
2022-01-21 17:46:12,433 root                INFO: Train: Epoch 115: train loss 0.0002
2022-01-21 17:46:13,091 root                INFO: Train: Epoch 116: train loss 0.0002
2022-01-21 17:46:13,771 root                INFO: Train: Epoch 117: train loss 0.0002
2022-01-21 17:46:14,423 root                INFO: Train: Epoch 118: train loss 0.0002
2022-01-21 17:46:15,099 root                INFO: Train: Epoch 119: train loss 0.0002
2022-01-21 17:46:15,764 root                INFO: Train: Epoch 120: train loss 0.0002
2022-01-21 17:46:16,423 root                INFO: Train: Epoch 121: train loss 0.0002
2022-01-21 17:46:17,089 root                INFO: Train: Epoch 122: train loss 0.0002
2022-01-21 17:46:17,745 root                INFO: Train: Epoch 123: train loss 0.0002
2022-01-21 17:46:18,393 root                INFO: Train: Epoch 124: train loss 0.0002
2022-01-21 17:46:19,063 root                INFO: Train: Epoch 125: train loss 0.0002
2022-01-21 17:46:19,709 root                INFO: Train: Epoch 126: train loss 0.0002
2022-01-21 17:46:20,390 root                INFO: Train: Epoch 127: train loss 0.0002
2022-01-21 17:46:21,040 root                INFO: Train: Epoch 128: train loss 0.0002
2022-01-21 17:46:21,699 root                INFO: Train: Epoch 129: train loss 0.0002
2022-01-21 17:46:22,365 root                INFO: Train: Epoch 130: train loss 0.0002
2022-01-21 17:46:23,042 root                INFO: Train: Epoch 131: train loss 0.0002
2022-01-21 17:46:23,726 root                INFO: Train: Epoch 132: train loss 0.0002
2022-01-21 17:46:24,385 root                INFO: Train: Epoch 133: train loss 0.0002
2022-01-21 17:46:25,036 root                INFO: Train: Epoch 134: train loss 0.0002
2022-01-21 17:46:25,757 root                INFO: Train: Epoch 135: train loss 0.0002
2022-01-21 17:46:26,434 root                INFO: Train: Epoch 136: train loss 0.0002
2022-01-21 17:46:27,093 root                INFO: Train: Epoch 137: train loss 0.0002
2022-01-21 17:46:27,786 root                INFO: Train: Epoch 138: train loss 0.0002
2022-01-21 17:46:28,449 root                INFO: Train: Epoch 139: train loss 0.0002
2022-01-21 17:46:29,111 root                INFO: Train: Epoch 140: train loss 0.0002
2022-01-21 17:46:29,798 root                INFO: Train: Epoch 141: train loss 0.0002
2022-01-21 17:46:30,485 root                INFO: Train: Epoch 142: train loss 0.0002
2022-01-21 17:46:31,166 root                INFO: Train: Epoch 143: train loss 0.0002
2022-01-21 17:46:31,839 root                INFO: Train: Epoch 144: train loss 0.0002
2022-01-21 17:46:32,528 root                INFO: Train: Epoch 145: train loss 0.0002
2022-01-21 17:46:33,198 root                INFO: Train: Epoch 146: train loss 0.0002
2022-01-21 17:46:33,871 root                INFO: Train: Epoch 147: train loss 0.0002
2022-01-21 17:46:34,524 root                INFO: Train: Epoch 148: train loss 0.0002
2022-01-21 17:46:35,188 root                INFO: Train: Epoch 149: train loss 0.0002
2022-01-21 17:46:35,855 root                INFO: Train: Epoch 150: train loss 0.0002
2022-01-21 17:46:36,526 root                INFO: Train: Epoch 151: train loss 0.0002
2022-01-21 17:46:37,191 root                INFO: Train: Epoch 152: train loss 0.0002
2022-01-21 17:46:37,864 root                INFO: Train: Epoch 153: train loss 0.0002
2022-01-21 17:46:38,559 root                INFO: Train: Epoch 154: train loss 0.0003
2022-01-21 17:46:39,226 root                INFO: Train: Epoch 155: train loss 0.0003
2022-01-21 17:46:39,967 root                INFO: Train: Epoch 156: train loss 0.0002
2022-01-21 17:46:40,654 root                INFO: Train: Epoch 157: train loss 0.0002
2022-01-21 17:46:41,324 root                INFO: Train: Epoch 158: train loss 0.0002
2022-01-21 17:46:42,005 root                INFO: Train: Epoch 159: train loss 0.0002
2022-01-21 17:46:42,667 root                INFO: Train: Epoch 160: train loss 0.0002
2022-01-21 17:46:43,341 root                INFO: Train: Epoch 161: train loss 0.0002
2022-01-21 17:46:44,034 root                INFO: Train: Epoch 162: train loss 0.0002
2022-01-21 17:46:44,713 root                INFO: Train: Epoch 163: train loss 0.0002
2022-01-21 17:46:45,380 root                INFO: Train: Epoch 164: train loss 0.0002
2022-01-21 17:46:46,039 root                INFO: Train: Epoch 165: train loss 0.0002
2022-01-21 17:46:46,732 root                INFO: Train: Epoch 166: train loss 0.0002
2022-01-21 17:46:47,408 root                INFO: Train: Epoch 167: train loss 0.0002
2022-01-21 17:46:48,089 root                INFO: Train: Epoch 168: train loss 0.0002
2022-01-21 17:46:48,772 root                INFO: Train: Epoch 169: train loss 0.0002
2022-01-21 17:46:49,423 root                INFO: Train: Epoch 170: train loss 0.0002
2022-01-21 17:46:50,093 root                INFO: Train: Epoch 171: train loss 0.0002
2022-01-21 17:46:50,758 root                INFO: Train: Epoch 172: train loss 0.0002
2022-01-21 17:46:51,437 root                INFO: Train: Epoch 173: train loss 0.0002
2022-01-21 17:46:52,130 root                INFO: Train: Epoch 174: train loss 0.0002
2022-01-21 17:46:52,772 root                INFO: Train: Epoch 175: train loss 0.0002
2022-01-21 17:46:53,427 root                INFO: Train: Epoch 176: train loss 0.0002
2022-01-21 17:46:54,143 root                INFO: Train: Epoch 177: train loss 0.0002
2022-01-21 17:46:54,874 root                INFO: Train: Epoch 178: train loss 0.0002
2022-01-21 17:46:55,629 root                INFO: Train: Epoch 179: train loss 0.0002
2022-01-21 17:46:56,379 root                INFO: Train: Epoch 180: train loss 0.0002
2022-01-21 17:46:57,091 root                INFO: Train: Epoch 181: train loss 0.0002
2022-01-21 17:46:57,802 root                INFO: Train: Epoch 182: train loss 0.0002
2022-01-21 17:46:58,501 root                INFO: Train: Epoch 183: train loss 0.0002
2022-01-21 17:46:59,170 root                INFO: Train: Epoch 184: train loss 0.0002
2022-01-21 17:46:59,853 root                INFO: Train: Epoch 185: train loss 0.0002
2022-01-21 17:47:00,564 root                INFO: Train: Epoch 186: train loss 0.0002
2022-01-21 17:47:01,245 root                INFO: Train: Epoch 187: train loss 0.0002
2022-01-21 17:47:01,966 root                INFO: Train: Epoch 188: train loss 0.0002
2022-01-21 17:47:02,675 root                INFO: Train: Epoch 189: train loss 0.0002
2022-01-21 17:47:03,401 root                INFO: Train: Epoch 190: train loss 0.0002
2022-01-21 17:47:04,095 root                INFO: Train: Epoch 191: train loss 0.0002
2022-01-21 17:47:04,778 root                INFO: Train: Epoch 192: train loss 0.0002
2022-01-21 17:47:05,492 root                INFO: Train: Epoch 193: train loss 0.0002
2022-01-21 17:47:06,173 root                INFO: Train: Epoch 194: train loss 0.0002
2022-01-21 17:47:06,852 root                INFO: Train: Epoch 195: train loss 0.0002
2022-01-21 17:47:07,522 root                INFO: Train: Epoch 196: train loss 0.0002
2022-01-21 17:47:08,190 root                INFO: Train: Epoch 197: train loss 0.0001
2022-01-21 17:47:08,869 root                INFO: Train: Epoch 198: train loss 0.0002
2022-01-21 17:47:09,536 root                INFO: Train: Epoch 199: train loss 0.0002
2022-01-21 17:47:10,229 root                INFO: Train: Epoch 200: train loss 0.0002
2022-01-21 17:47:24,410 root                INFO: Valid: Epoch 200: kendall tau 0.6697 0.6526; loss 7.6e-05 3.179e-05
2022-01-21 17:47:24,417 root                INFO: Epoch 200: Save checkpoint to nb301_anytime_tagates/tagates_0.1/123/2021/200.ckpt
2022-01-21 17:47:38,763 root                INFO: [0.0784313725490196, 0.3411764705882353, 0.4215686274509804, 0.6423815119467293, 0.6845506168004699, 0.8269893483709273, 1.0]
2022-01-21 17:47:38,764 root                INFO: [0.0392156862745098, 0.22745098039215686, 0.23921568627450981, 0.5350567959263611, 0.665361268846681, 0.8258928571428571, 1.0]
2022-01-21 17:47:38,764 root                INFO: [20, 20]
2022-01-21 17:47:38,764 root                INFO: [48, 48]
2022-01-21 22:23:09,741 root                INFO: GPU device = 4
2022-01-21 22:23:09,742 root                INFO: Load pkl cache from nasbench301_train.pkl and nasbench301_valid.pkl
2022-01-21 22:23:10,346 root                INFO: Config: {'arch_network_cfg': {'arch_embedder_cfg': {'take_adj_as_input': True, 'gcn_kwargs': {'residual_only': 2}, 'gcn_out_dims': [64, 64, 64, 64, 64], 'hidden_dim': 32, 'node_dim': 32, 'op_dim': 32, 'use_bn': False, 'final_concat': False, 'other_node_zero': False, 'num_time_steps': 2, 'fb_conversion_dims': [64, 64], 'backward_gcn_out_dims': [64, 64, 64, 64, 64], 'updateopemb_method': 'concat_ofb', 'updateopemb_dims': [64], 'share_skip_and_outskip': True, 'detach_vinfo': False, 'updateopemb_scale': 0.1, 'updateopemb_detach_opemb': True, 'updateopemb_detach_finfo': True, 'mask_nonparametrized_ops': True, 'symmetry_breaking_method': 'param_zs_add', 'concat_param_zs_as_opemb_dimension': 5, 'concat_param_zs_as_opemb_scale': 1.0}, 'arch_embedder_type': 'cellss-fbflow-anytime', 'compare_loss_type': 'margin_linear', 'compare_margin': 0.1, 'mlp_dropout': 0.1, 'mlp_hiddens': [200], 'mlp_out_dim': 1, 'optimizer': {'lr': 0.0001, 'type': 'Adam'}, 'scheduler': None}, 'arch_network_type': 'pointwise_comparator', 'batch_size': 128, 'choose_pair_criterion': 'random', 'compare': False, 'compare_threshold': 0.0, 'epochs': 200, 'max_compare_ratio': 16.0}
2022-01-21 22:23:14,370 root                INFO: Combined args: Namespace(arch_network_type='pointwise_comparator', batch_size=128, cfg_file='cfgs/nb301_cfgs/tagates_anytime.yaml', choose_pair_criterion='random', compare=False, compare_threshold=0.0, epochs=200, eval_only_last=1, gpu=4, load=None, max_compare_ratio=16.0, num_workers=4, report_freq=200, save_every=200, save_predict=None, seed=2021, test_funcs=None, test_only=False, train_dir='nb301_anytime_tagates/tagates_0.1/123/2021', train_pkl='../mynas/data/nasbench-301/nasbench301_train_mtx_anytime_123.pkl', train_ratio=0.1, valid_pkl='../mynas/data/nasbench-301/nasbench301_valid_mtx_anytime.pkl')
2022-01-21 22:23:14,380 root                INFO: Train dataset ratio: 0.100
2022-01-21 22:23:14,380 root                INFO: Number of architectures: train: 589; valid: 51072
2022-01-21 22:23:28,203 root                INFO: Train: Epoch   1: train loss 0.3288
2022-01-21 22:23:29,021 root                INFO: Train: Epoch   2: train loss 0.3241
2022-01-21 22:23:29,870 root                INFO: Train: Epoch   3: train loss 0.3188
2022-01-21 22:23:30,697 root                INFO: Train: Epoch   4: train loss 0.3121
2022-01-21 22:23:31,620 root                INFO: Train: Epoch   5: train loss 0.3042
2022-01-21 22:23:32,473 root                INFO: Train: Epoch   6: train loss 0.2943
2022-01-21 22:23:33,322 root                INFO: Train: Epoch   7: train loss 0.2816
2022-01-21 22:23:34,176 root                INFO: Train: Epoch   8: train loss 0.2656
2022-01-21 22:23:35,024 root                INFO: Train: Epoch   9: train loss 0.2459
2022-01-21 22:23:35,912 root                INFO: Train: Epoch  10: train loss 0.2208
2022-01-21 22:23:36,788 root                INFO: Train: Epoch  11: train loss 0.1901
2022-01-21 22:23:37,664 root                INFO: Train: Epoch  12: train loss 0.1539
2022-01-21 22:23:38,525 root                INFO: Train: Epoch  13: train loss 0.1136
2022-01-21 22:23:39,385 root                INFO: Train: Epoch  14: train loss 0.0726
2022-01-21 22:23:40,251 root                INFO: Train: Epoch  15: train loss 0.0380
2022-01-21 22:23:41,095 root                INFO: Train: Epoch  16: train loss 0.0149
2022-01-21 22:23:41,921 root                INFO: Train: Epoch  17: train loss 0.0042
2022-01-21 22:23:42,751 root                INFO: Train: Epoch  18: train loss 0.0011
2022-01-21 22:23:43,593 root                INFO: Train: Epoch  19: train loss 0.0011
2022-01-21 22:23:44,425 root                INFO: Train: Epoch  20: train loss 0.0015
2022-01-21 22:23:45,285 root                INFO: Train: Epoch  21: train loss 0.0017
2022-01-21 22:23:46,201 root                INFO: Train: Epoch  22: train loss 0.0017
2022-01-21 22:23:47,104 root                INFO: Train: Epoch  23: train loss 0.0014
2022-01-21 22:23:47,840 root                INFO: Train: Epoch  24: train loss 0.0011
2022-01-21 22:23:48,639 root                INFO: Train: Epoch  25: train loss 0.0009
2022-01-21 22:23:49,481 root                INFO: Train: Epoch  26: train loss 0.0008
2022-01-21 22:23:50,333 root                INFO: Train: Epoch  27: train loss 0.0008
2022-01-21 22:23:51,184 root                INFO: Train: Epoch  28: train loss 0.0007
2022-01-21 22:23:52,029 root                INFO: Train: Epoch  29: train loss 0.0008
2022-01-21 22:23:52,894 root                INFO: Train: Epoch  30: train loss 0.0008
2022-01-21 22:23:53,797 root                INFO: Train: Epoch  31: train loss 0.0008
2022-01-21 22:23:54,677 root                INFO: Train: Epoch  32: train loss 0.0008
2022-01-21 22:23:55,553 root                INFO: Train: Epoch  33: train loss 0.0008
2022-01-21 22:23:56,405 root                INFO: Train: Epoch  34: train loss 0.0008
2022-01-21 22:23:57,275 root                INFO: Train: Epoch  35: train loss 0.0008
2022-01-21 22:23:58,171 root                INFO: Train: Epoch  36: train loss 0.0007
2022-01-21 22:23:59,026 root                INFO: Train: Epoch  37: train loss 0.0008
2022-01-21 22:23:59,873 root                INFO: Train: Epoch  38: train loss 0.0008
2022-01-21 22:24:00,744 root                INFO: Train: Epoch  39: train loss 0.0008
2022-01-21 22:24:01,596 root                INFO: Train: Epoch  40: train loss 0.0008
2022-01-21 22:24:02,471 root                INFO: Train: Epoch  41: train loss 0.0008
2022-01-21 22:24:03,317 root                INFO: Train: Epoch  42: train loss 0.0007
2022-01-21 22:24:04,273 root                INFO: Train: Epoch  43: train loss 0.0008
2022-01-21 22:24:05,123 root                INFO: Train: Epoch  44: train loss 0.0008
2022-01-21 22:24:06,025 root                INFO: Train: Epoch  45: train loss 0.0008
2022-01-21 22:24:06,883 root                INFO: Train: Epoch  46: train loss 0.0008
2022-01-21 22:24:07,775 root                INFO: Train: Epoch  47: train loss 0.0008
2022-01-21 22:24:08,701 root                INFO: Train: Epoch  48: train loss 0.0008
2022-01-21 22:24:09,566 root                INFO: Train: Epoch  49: train loss 0.0007
2022-01-21 22:24:10,405 root                INFO: Train: Epoch  50: train loss 0.0008
2022-01-21 22:24:11,236 root                INFO: Train: Epoch  51: train loss 0.0008
2022-01-21 22:24:12,082 root                INFO: Train: Epoch  52: train loss 0.0008
2022-01-21 22:24:12,939 root                INFO: Train: Epoch  53: train loss 0.0008
2022-01-21 22:24:13,829 root                INFO: Train: Epoch  54: train loss 0.0007
2022-01-21 22:24:14,676 root                INFO: Train: Epoch  55: train loss 0.0007
2022-01-21 22:24:15,524 root                INFO: Train: Epoch  56: train loss 0.0007
2022-01-21 22:24:16,405 root                INFO: Train: Epoch  57: train loss 0.0007
2022-01-21 22:24:17,267 root                INFO: Train: Epoch  58: train loss 0.0008
2022-01-21 22:24:18,102 root                INFO: Train: Epoch  59: train loss 0.0007
2022-01-21 22:24:18,951 root                INFO: Train: Epoch  60: train loss 0.0008
2022-01-21 22:24:19,803 root                INFO: Train: Epoch  61: train loss 0.0007
2022-01-21 22:24:20,667 root                INFO: Train: Epoch  62: train loss 0.0008
2022-01-21 22:24:21,525 root                INFO: Train: Epoch  63: train loss 0.0008
2022-01-21 22:24:22,425 root                INFO: Train: Epoch  64: train loss 0.0007
2022-01-21 22:24:23,263 root                INFO: Train: Epoch  65: train loss 0.0008
2022-01-21 22:24:24,109 root                INFO: Train: Epoch  66: train loss 0.0007
2022-01-21 22:24:25,005 root                INFO: Train: Epoch  67: train loss 0.0007
2022-01-21 22:24:25,853 root                INFO: Train: Epoch  68: train loss 0.0007
2022-01-21 22:24:26,696 root                INFO: Train: Epoch  69: train loss 0.0008
2022-01-21 22:24:27,537 root                INFO: Train: Epoch  70: train loss 0.0007
2022-01-21 22:24:28,382 root                INFO: Train: Epoch  71: train loss 0.0007
2022-01-21 22:24:29,221 root                INFO: Train: Epoch  72: train loss 0.0007
2022-01-21 22:24:30,070 root                INFO: Train: Epoch  73: train loss 0.0008
2022-01-21 22:24:30,902 root                INFO: Train: Epoch  74: train loss 0.0007
2022-01-21 22:24:31,811 root                INFO: Train: Epoch  75: train loss 0.0007
2022-01-21 22:24:32,645 root                INFO: Train: Epoch  76: train loss 0.0007
2022-01-21 22:24:33,499 root                INFO: Train: Epoch  77: train loss 0.0007
2022-01-21 22:24:34,392 root                INFO: Train: Epoch  78: train loss 0.0007
2022-01-21 22:24:35,225 root                INFO: Train: Epoch  79: train loss 0.0007
2022-01-21 22:24:36,053 root                INFO: Train: Epoch  80: train loss 0.0007
2022-01-21 22:24:36,915 root                INFO: Train: Epoch  81: train loss 0.0007
2022-01-21 22:24:37,750 root                INFO: Train: Epoch  82: train loss 0.0007
2022-01-21 22:24:38,581 root                INFO: Train: Epoch  83: train loss 0.0007
2022-01-21 22:24:39,450 root                INFO: Train: Epoch  84: train loss 0.0007
2022-01-21 22:24:40,369 root                INFO: Train: Epoch  85: train loss 0.0007
2022-01-21 22:24:41,223 root                INFO: Train: Epoch  86: train loss 0.0007
2022-01-21 22:24:42,093 root                INFO: Train: Epoch  87: train loss 0.0007
2022-01-21 22:24:42,960 root                INFO: Train: Epoch  88: train loss 0.0007
2022-01-21 22:24:43,850 root                INFO: Train: Epoch  89: train loss 0.0007
2022-01-21 22:24:44,701 root                INFO: Train: Epoch  90: train loss 0.0007
2022-01-21 22:24:45,563 root                INFO: Train: Epoch  91: train loss 0.0007
2022-01-21 22:24:46,447 root                INFO: Train: Epoch  92: train loss 0.0007
2022-01-21 22:24:47,283 root                INFO: Train: Epoch  93: train loss 0.0007
2022-01-21 22:24:48,117 root                INFO: Train: Epoch  94: train loss 0.0007
2022-01-21 22:24:48,977 root                INFO: Train: Epoch  95: train loss 0.0007
2022-01-21 22:24:49,873 root                INFO: Train: Epoch  96: train loss 0.0007
2022-01-21 22:24:50,729 root                INFO: Train: Epoch  97: train loss 0.0007
2022-01-21 22:24:51,570 root                INFO: Train: Epoch  98: train loss 0.0007
2022-01-21 22:24:52,425 root                INFO: Train: Epoch  99: train loss 0.0007
2022-01-21 22:24:53,285 root                INFO: Train: Epoch 100: train loss 0.0007
2022-01-21 22:24:54,151 root                INFO: Train: Epoch 101: train loss 0.0007
2022-01-21 22:24:55,006 root                INFO: Train: Epoch 102: train loss 0.0007
2022-01-21 22:24:55,859 root                INFO: Train: Epoch 103: train loss 0.0006
2022-01-21 22:24:56,733 root                INFO: Train: Epoch 104: train loss 0.0006
2022-01-21 22:24:57,581 root                INFO: Train: Epoch 105: train loss 0.0007
2022-01-21 22:24:58,433 root                INFO: Train: Epoch 106: train loss 0.0006
2022-01-21 22:24:59,339 root                INFO: Train: Epoch 107: train loss 0.0007
2022-01-21 22:25:00,193 root                INFO: Train: Epoch 108: train loss 0.0007
2022-01-21 22:25:01,036 root                INFO: Train: Epoch 109: train loss 0.0007
2022-01-21 22:25:01,851 root                INFO: Train: Epoch 110: train loss 0.0007
2022-01-21 22:25:02,686 root                INFO: Train: Epoch 111: train loss 0.0007
2022-01-21 22:25:03,559 root                INFO: Train: Epoch 112: train loss 0.0007
2022-01-21 22:25:04,401 root                INFO: Train: Epoch 113: train loss 0.0007
2022-01-21 22:25:05,222 root                INFO: Train: Epoch 114: train loss 0.0006
2022-01-21 22:25:06,050 root                INFO: Train: Epoch 115: train loss 0.0007
2022-01-21 22:25:06,897 root                INFO: Train: Epoch 116: train loss 0.0006
2022-01-21 22:25:07,751 root                INFO: Train: Epoch 117: train loss 0.0007
2022-01-21 22:25:08,589 root                INFO: Train: Epoch 118: train loss 0.0006
2022-01-21 22:25:09,413 root                INFO: Train: Epoch 119: train loss 0.0007
2022-01-21 22:25:10,233 root                INFO: Train: Epoch 120: train loss 0.0006
2022-01-21 22:25:11,073 root                INFO: Train: Epoch 121: train loss 0.0006
2022-01-21 22:25:11,895 root                INFO: Train: Epoch 122: train loss 0.0006
2022-01-21 22:25:12,710 root                INFO: Train: Epoch 123: train loss 0.0006
2022-01-21 22:25:13,522 root                INFO: Train: Epoch 124: train loss 0.0006
2022-01-21 22:25:14,333 root                INFO: Train: Epoch 125: train loss 0.0006
2022-01-21 22:25:15,194 root                INFO: Train: Epoch 126: train loss 0.0006
2022-01-21 22:25:16,032 root                INFO: Train: Epoch 127: train loss 0.0006
2022-01-21 22:25:16,847 root                INFO: Train: Epoch 128: train loss 0.0006
2022-01-21 22:25:17,664 root                INFO: Train: Epoch 129: train loss 0.0006
2022-01-21 22:25:18,480 root                INFO: Train: Epoch 130: train loss 0.0006
2022-01-21 22:25:19,295 root                INFO: Train: Epoch 131: train loss 0.0006
2022-01-21 22:25:20,124 root                INFO: Train: Epoch 132: train loss 0.0006
2022-01-21 22:25:20,945 root                INFO: Train: Epoch 133: train loss 0.0006
2022-01-21 22:25:21,802 root                INFO: Train: Epoch 134: train loss 0.0006
2022-01-21 22:25:22,642 root                INFO: Train: Epoch 135: train loss 0.0006
2022-01-21 22:25:23,479 root                INFO: Train: Epoch 136: train loss 0.0006
2022-01-21 22:25:24,302 root                INFO: Train: Epoch 137: train loss 0.0006
2022-01-21 22:25:25,118 root                INFO: Train: Epoch 138: train loss 0.0005
2022-01-21 22:25:25,938 root                INFO: Train: Epoch 139: train loss 0.0005
2022-01-21 22:25:26,769 root                INFO: Train: Epoch 140: train loss 0.0006
2022-01-21 22:25:27,599 root                INFO: Train: Epoch 141: train loss 0.0005
2022-01-21 22:25:28,406 root                INFO: Train: Epoch 142: train loss 0.0006
2022-01-21 22:25:29,211 root                INFO: Train: Epoch 143: train loss 0.0005
2022-01-21 22:25:30,033 root                INFO: Train: Epoch 144: train loss 0.0005
2022-01-21 22:25:30,840 root                INFO: Train: Epoch 145: train loss 0.0005
2022-01-21 22:25:31,653 root                INFO: Train: Epoch 146: train loss 0.0005
2022-01-21 22:25:32,483 root                INFO: Train: Epoch 147: train loss 0.0005
2022-01-21 22:25:33,292 root                INFO: Train: Epoch 148: train loss 0.0005
2022-01-21 22:25:34,113 root                INFO: Train: Epoch 149: train loss 0.0005
2022-01-21 22:25:34,970 root                INFO: Train: Epoch 150: train loss 0.0005
2022-01-21 22:25:35,782 root                INFO: Train: Epoch 151: train loss 0.0005
2022-01-21 22:25:36,598 root                INFO: Train: Epoch 152: train loss 0.0005
2022-01-21 22:25:37,422 root                INFO: Train: Epoch 153: train loss 0.0005
2022-01-21 22:25:38,247 root                INFO: Train: Epoch 154: train loss 0.0005
2022-01-21 22:25:39,120 root                INFO: Train: Epoch 155: train loss 0.0005
2022-01-21 22:25:39,948 root                INFO: Train: Epoch 156: train loss 0.0005
2022-01-21 22:25:40,823 root                INFO: Train: Epoch 157: train loss 0.0004
2022-01-21 22:25:41,635 root                INFO: Train: Epoch 158: train loss 0.0005
2022-01-21 22:25:42,466 root                INFO: Train: Epoch 159: train loss 0.0005
2022-01-21 22:25:43,287 root                INFO: Train: Epoch 160: train loss 0.0005
2022-01-21 22:25:44,114 root                INFO: Train: Epoch 161: train loss 0.0004
2022-01-21 22:25:44,903 root                INFO: Train: Epoch 162: train loss 0.0005
2022-01-21 22:25:45,715 root                INFO: Train: Epoch 163: train loss 0.0004
2022-01-21 22:25:46,547 root                INFO: Train: Epoch 164: train loss 0.0005
2022-01-21 22:25:47,333 root                INFO: Train: Epoch 165: train loss 0.0004
2022-01-21 22:25:48,161 root                INFO: Train: Epoch 166: train loss 0.0004
2022-01-21 22:25:48,971 root                INFO: Train: Epoch 167: train loss 0.0004
2022-01-21 22:25:49,838 root                INFO: Train: Epoch 168: train loss 0.0004
2022-01-21 22:25:50,670 root                INFO: Train: Epoch 169: train loss 0.0004
2022-01-21 22:25:51,490 root                INFO: Train: Epoch 170: train loss 0.0004
2022-01-21 22:25:52,297 root                INFO: Train: Epoch 171: train loss 0.0004
2022-01-21 22:25:53,138 root                INFO: Train: Epoch 172: train loss 0.0004
2022-01-21 22:25:53,953 root                INFO: Train: Epoch 173: train loss 0.0004
2022-01-21 22:25:54,743 root                INFO: Train: Epoch 174: train loss 0.0004
2022-01-21 22:25:55,562 root                INFO: Train: Epoch 175: train loss 0.0004
2022-01-21 22:25:56,415 root                INFO: Train: Epoch 176: train loss 0.0004
2022-01-21 22:25:57,287 root                INFO: Train: Epoch 177: train loss 0.0004
2022-01-21 22:25:58,068 root                INFO: Train: Epoch 178: train loss 0.0004
2022-01-21 22:25:58,841 root                INFO: Train: Epoch 179: train loss 0.0004
2022-01-21 22:25:59,618 root                INFO: Train: Epoch 180: train loss 0.0004
2022-01-21 22:26:00,431 root                INFO: Train: Epoch 181: train loss 0.0004
2022-01-21 22:26:01,225 root                INFO: Train: Epoch 182: train loss 0.0004
2022-01-21 22:26:02,014 root                INFO: Train: Epoch 183: train loss 0.0004
2022-01-21 22:26:02,792 root                INFO: Train: Epoch 184: train loss 0.0004
2022-01-21 22:26:03,589 root                INFO: Train: Epoch 185: train loss 0.0003
2022-01-21 22:26:04,403 root                INFO: Train: Epoch 186: train loss 0.0004
2022-01-21 22:26:05,226 root                INFO: Train: Epoch 187: train loss 0.0004
2022-01-21 22:26:05,994 root                INFO: Train: Epoch 188: train loss 0.0004
2022-01-21 22:26:06,766 root                INFO: Train: Epoch 189: train loss 0.0004
2022-01-21 22:26:07,562 root                INFO: Train: Epoch 190: train loss 0.0003
2022-01-21 22:26:08,367 root                INFO: Train: Epoch 191: train loss 0.0003
2022-01-21 22:26:09,202 root                INFO: Train: Epoch 192: train loss 0.0003
2022-01-21 22:26:10,012 root                INFO: Train: Epoch 193: train loss 0.0003
2022-01-21 22:26:10,818 root                INFO: Train: Epoch 194: train loss 0.0004
2022-01-21 22:26:11,681 root                INFO: Train: Epoch 195: train loss 0.0004
2022-01-21 22:26:12,422 root                INFO: Train: Epoch 196: train loss 0.0003
2022-01-21 22:26:13,254 root                INFO: Train: Epoch 197: train loss 0.0004
2022-01-21 22:26:14,106 root                INFO: Train: Epoch 198: train loss 0.0004
2022-01-21 22:26:14,935 root                INFO: Train: Epoch 199: train loss 0.0003
2022-01-21 22:26:15,759 root                INFO: Train: Epoch 200: train loss 0.0003
2022-01-21 22:26:29,773 root                INFO: Valid: Epoch 200: kendall tau 0.4399 0.4135; loss 0.0001405 8.28e-05
2022-01-21 22:26:29,780 root                INFO: Epoch 200: Save checkpoint to nb301_anytime_tagates/tagates_0.1/123/2021/200.ckpt
2022-01-21 22:26:43,993 root                INFO: [0.0, 0.19607843137254902, 0.24705882352941178, 0.5017626321974148, 0.5251615429802232, 0.7189066416040101, 1.0]
2022-01-21 22:26:43,994 root                INFO: [0.0, 0.09019607843137255, 0.1784313725490196, 0.4731688209949079, 0.5065596240454279, 0.7024201127819549, 1.0]
2022-01-21 22:26:43,994 root                INFO: [54, 54]
2022-01-21 22:26:43,994 root                INFO: [107, 107]
