2022-01-23 22:26:13,676 root                INFO: GPU device = 5
2022-01-23 22:26:13,677 root                INFO: Load pkl cache from nasbench301_train.pkl and nasbench301_valid.pkl
2022-01-23 22:26:14,553 root                INFO: Config: {'arch_network_cfg': {'arch_embedder_cfg': {'take_adj_as_input': True, 'gcn_kwargs': {'residual_only': 2}, 'gcn_out_dims': [64, 64, 64, 64, 64], 'hidden_dim': 32, 'node_dim': 32, 'op_dim': 32, 'use_bn': False, 'final_concat': False, 'other_node_zero': False, 'num_time_steps': 4, 'fb_conversion_dims': [64, 64], 'backward_gcn_out_dims': [64, 64, 64, 64, 64], 'updateopemb_method': 'concat_ofb', 'updateopemb_dims': [64], 'share_skip_and_outskip': True, 'detach_vinfo': False, 'updateopemb_scale': 0.1, 'updateopemb_detach_opemb': True, 'updateopemb_detach_finfo': True, 'mask_nonparametrized_ops': True, 'symmetry_breaking_method': 'param_zs_add', 'concat_param_zs_as_opemb_dimension': 5, 'concat_param_zs_as_opemb_scale': 1.0}, 'arch_embedder_type': 'cellss-fbflow', 'compare_loss_type': 'margin_linear', 'compare_margin': 0.1, 'mlp_dropout': 0.1, 'mlp_hiddens': [200], 'optimizer': {'lr': 0.001, 'type': 'Adam'}, 'scheduler': None}, 'arch_network_type': 'pointwise_comparator', 'batch_size': 128, 'choose_pair_criterion': 'random', 'compare': True, 'compare_threshold': 0.0, 'epochs': 200, 'max_compare_ratio': 16.0}
2022-01-23 22:26:18,090 root                INFO: Combined args: Namespace(arch_network_type='pointwise_comparator', batch_size=128, cfg_file='cfgs/nb301_cfgs/gates_true_masktrue.yaml', choose_pair_criterion='random', compare=True, compare_threshold=0.0, epochs=200, eval_only_last=1, gpu=5, load=None, max_compare_ratio=16.0, num_workers=4, report_freq=200, save_every=200, save_predict=None, seed=202121, test_funcs=None, test_only=False, train_dir='../results/nb301/nb301_ablation_mask/true/true_0.5/1/202121', train_pkl='../mynas/data/nasbench-301/nasbench301_train_mtx_1.pkl', train_ratio=0.5, valid_pkl='../mynas/data/nasbench-301/nasbench301_valid_mtx.pkl')
2022-01-23 22:26:18,095 root                INFO: Train dataset ratio: 0.500
2022-01-23 22:26:18,095 root                INFO: Number of architectures: train: 2948; valid: 51072
2022-01-23 22:26:39,428 root                INFO: Train: Epoch   1: train loss 0.0683
2022-01-23 22:26:45,506 root                INFO: Train: Epoch   2: train loss 0.0354
2022-01-23 22:26:51,570 root                INFO: Train: Epoch   3: train loss 0.0360
2022-01-23 22:26:57,632 root                INFO: Train: Epoch   4: train loss 0.0338
2022-01-23 22:27:03,689 root                INFO: Train: Epoch   5: train loss 0.0309
2022-01-23 22:27:09,741 root                INFO: Train: Epoch   6: train loss 0.0288
2022-01-23 22:27:15,794 root                INFO: Train: Epoch   7: train loss 0.0284
2022-01-23 22:27:21,877 root                INFO: Train: Epoch   8: train loss 0.0289
2022-01-23 22:27:27,917 root                INFO: Train: Epoch   9: train loss 0.0269
2022-01-23 22:27:33,992 root                INFO: Train: Epoch  10: train loss 0.0310
2022-01-23 22:27:40,059 root                INFO: Train: Epoch  11: train loss 0.0270
2022-01-23 22:27:46,108 root                INFO: Train: Epoch  12: train loss 0.0244
2022-01-23 22:27:52,158 root                INFO: Train: Epoch  13: train loss 0.0235
2022-01-23 22:27:58,215 root                INFO: Train: Epoch  14: train loss 0.0239
2022-01-23 22:28:04,264 root                INFO: Train: Epoch  15: train loss 0.0260
2022-01-23 22:28:10,317 root                INFO: Train: Epoch  16: train loss 0.0234
2022-01-23 22:28:16,377 root                INFO: Train: Epoch  17: train loss 0.0267
2022-01-23 22:28:22,429 root                INFO: Train: Epoch  18: train loss 0.0223
2022-01-23 22:28:28,485 root                INFO: Train: Epoch  19: train loss 0.0240
2022-01-23 22:28:34,510 root                INFO: Train: Epoch  20: train loss 0.0228
2022-01-23 22:28:40,558 root                INFO: Train: Epoch  21: train loss 0.0215
2022-01-23 22:28:46,599 root                INFO: Train: Epoch  22: train loss 0.0220
2022-01-23 22:28:52,638 root                INFO: Train: Epoch  23: train loss 0.0250
2022-01-23 22:28:58,689 root                INFO: Train: Epoch  24: train loss 0.0220
2022-01-23 22:29:04,746 root                INFO: Train: Epoch  25: train loss 0.0229
2022-01-23 22:29:10,809 root                INFO: Train: Epoch  26: train loss 0.0253
2022-01-23 22:29:16,882 root                INFO: Train: Epoch  27: train loss 0.0229
2022-01-23 22:29:22,935 root                INFO: Train: Epoch  28: train loss 0.0216
2022-01-23 22:29:28,961 root                INFO: Train: Epoch  29: train loss 0.0224
2022-01-23 22:29:34,997 root                INFO: Train: Epoch  30: train loss 0.0214
2022-01-23 22:29:41,036 root                INFO: Train: Epoch  31: train loss 0.0219
2022-01-23 22:29:47,080 root                INFO: Train: Epoch  32: train loss 0.0222
2022-01-23 22:29:53,108 root                INFO: Train: Epoch  33: train loss 0.0229
2022-01-23 22:29:59,139 root                INFO: Train: Epoch  34: train loss 0.0210
2022-01-23 22:30:05,177 root                INFO: Train: Epoch  35: train loss 0.0213
2022-01-23 22:30:11,237 root                INFO: Train: Epoch  36: train loss 0.0205
2022-01-23 22:30:17,298 root                INFO: Train: Epoch  37: train loss 0.0193
2022-01-23 22:30:23,343 root                INFO: Train: Epoch  38: train loss 0.0223
2022-01-23 22:30:29,377 root                INFO: Train: Epoch  39: train loss 0.0193
2022-01-23 22:30:35,414 root                INFO: Train: Epoch  40: train loss 0.0196
2022-01-23 22:30:41,451 root                INFO: Train: Epoch  41: train loss 0.0195
2022-01-23 22:30:47,492 root                INFO: Train: Epoch  42: train loss 0.0182
2022-01-23 22:30:53,506 root                INFO: Train: Epoch  43: train loss 0.0188
2022-01-23 22:30:59,516 root                INFO: Train: Epoch  44: train loss 0.0206
2022-01-23 22:31:05,533 root                INFO: Train: Epoch  45: train loss 0.0203
2022-01-23 22:31:11,532 root                INFO: Train: Epoch  46: train loss 0.0188
2022-01-23 22:31:17,582 root                INFO: Train: Epoch  47: train loss 0.0208
2022-01-23 22:31:23,612 root                INFO: Train: Epoch  48: train loss 0.0211
2022-01-23 22:31:29,627 root                INFO: Train: Epoch  49: train loss 0.0192
2022-01-23 22:31:35,645 root                INFO: Train: Epoch  50: train loss 0.0204
2022-01-23 22:31:41,673 root                INFO: Train: Epoch  51: train loss 0.0199
2022-01-23 22:31:47,700 root                INFO: Train: Epoch  52: train loss 0.0194
2022-01-23 22:31:53,710 root                INFO: Train: Epoch  53: train loss 0.0187
2022-01-23 22:31:59,725 root                INFO: Train: Epoch  54: train loss 0.0179
2022-01-23 22:32:05,753 root                INFO: Train: Epoch  55: train loss 0.0216
2022-01-23 22:32:11,761 root                INFO: Train: Epoch  56: train loss 0.0210
2022-01-23 22:32:17,765 root                INFO: Train: Epoch  57: train loss 0.0188
2022-01-23 22:32:23,786 root                INFO: Train: Epoch  58: train loss 0.0257
2022-01-23 22:32:29,810 root                INFO: Train: Epoch  59: train loss 0.0253
2022-01-23 22:32:35,811 root                INFO: Train: Epoch  60: train loss 0.0269
2022-01-23 22:32:41,821 root                INFO: Train: Epoch  61: train loss 0.0236
2022-01-23 22:32:47,821 root                INFO: Train: Epoch  62: train loss 0.0202
2022-01-23 22:32:53,852 root                INFO: Train: Epoch  63: train loss 0.0187
2022-01-23 22:32:59,867 root                INFO: Train: Epoch  64: train loss 0.0192
2022-01-23 22:33:05,895 root                INFO: Train: Epoch  65: train loss 0.0182
2022-01-23 22:33:11,904 root                INFO: Train: Epoch  66: train loss 0.0181
2022-01-23 22:33:17,919 root                INFO: Train: Epoch  67: train loss 0.0191
2022-01-23 22:33:23,923 root                INFO: Train: Epoch  68: train loss 0.0178
2022-01-23 22:33:29,943 root                INFO: Train: Epoch  69: train loss 0.0200
2022-01-23 22:33:35,964 root                INFO: Train: Epoch  70: train loss 0.0200
2022-01-23 22:33:41,971 root                INFO: Train: Epoch  71: train loss 0.0187
2022-01-23 22:33:47,982 root                INFO: Train: Epoch  72: train loss 0.0221
2022-01-23 22:33:53,996 root                INFO: Train: Epoch  73: train loss 0.0257
2022-01-23 22:34:00,026 root                INFO: Train: Epoch  74: train loss 0.0215
2022-01-23 22:34:06,054 root                INFO: Train: Epoch  75: train loss 0.0197
2022-01-23 22:34:12,059 root                INFO: Train: Epoch  76: train loss 0.0229
2022-01-23 22:34:18,075 root                INFO: Train: Epoch  77: train loss 0.0190
2022-01-23 22:34:24,079 root                INFO: Train: Epoch  78: train loss 0.0182
2022-01-23 22:34:30,093 root                INFO: Train: Epoch  79: train loss 0.0181
2022-01-23 22:34:36,121 root                INFO: Train: Epoch  80: train loss 0.0178
2022-01-23 22:34:42,120 root                INFO: Train: Epoch  81: train loss 0.0182
2022-01-23 22:34:48,122 root                INFO: Train: Epoch  82: train loss 0.0177
2022-01-23 22:34:54,154 root                INFO: Train: Epoch  83: train loss 0.0168
2022-01-23 22:35:00,173 root                INFO: Train: Epoch  84: train loss 0.0192
2022-01-23 22:35:06,198 root                INFO: Train: Epoch  85: train loss 0.0196
2022-01-23 22:35:12,220 root                INFO: Train: Epoch  86: train loss 0.0173
2022-01-23 22:35:18,254 root                INFO: Train: Epoch  87: train loss 0.0195
2022-01-23 22:35:24,265 root                INFO: Train: Epoch  88: train loss 0.0187
2022-01-23 22:35:30,287 root                INFO: Train: Epoch  89: train loss 0.0168
2022-01-23 22:35:36,306 root                INFO: Train: Epoch  90: train loss 0.0269
2022-01-23 22:35:42,319 root                INFO: Train: Epoch  91: train loss 0.0228
2022-01-23 22:35:48,344 root                INFO: Train: Epoch  92: train loss 0.0196
2022-01-23 22:35:54,381 root                INFO: Train: Epoch  93: train loss 0.0172
2022-01-23 22:36:00,436 root                INFO: Train: Epoch  94: train loss 0.0197
2022-01-23 22:36:06,467 root                INFO: Train: Epoch  95: train loss 0.0180
2022-01-23 22:36:12,483 root                INFO: Train: Epoch  96: train loss 0.0184
2022-01-23 22:36:18,502 root                INFO: Train: Epoch  97: train loss 0.0174
2022-01-23 22:36:24,510 root                INFO: Train: Epoch  98: train loss 0.0193
2022-01-23 22:36:30,526 root                INFO: Train: Epoch  99: train loss 0.0178
2022-01-23 22:36:36,508 root                INFO: Train: Epoch 100: train loss 0.0177
2022-01-23 22:36:42,505 root                INFO: Train: Epoch 101: train loss 0.0168
2022-01-23 22:36:48,507 root                INFO: Train: Epoch 102: train loss 0.0166
2022-01-23 22:36:54,497 root                INFO: Train: Epoch 103: train loss 0.0176
2022-01-23 22:37:00,477 root                INFO: Train: Epoch 104: train loss 0.0183
2022-01-23 22:37:06,452 root                INFO: Train: Epoch 105: train loss 0.0169
2022-01-23 22:37:12,433 root                INFO: Train: Epoch 106: train loss 0.0172
2022-01-23 22:37:18,400 root                INFO: Train: Epoch 107: train loss 0.0184
2022-01-23 22:37:24,371 root                INFO: Train: Epoch 108: train loss 0.0173
2022-01-23 22:37:30,352 root                INFO: Train: Epoch 109: train loss 0.0173
2022-01-23 22:37:36,335 root                INFO: Train: Epoch 110: train loss 0.0156
2022-01-23 22:37:42,310 root                INFO: Train: Epoch 111: train loss 0.0151
2022-01-23 22:37:48,310 root                INFO: Train: Epoch 112: train loss 0.0178
2022-01-23 22:37:54,327 root                INFO: Train: Epoch 113: train loss 0.0194
2022-01-23 22:38:00,318 root                INFO: Train: Epoch 114: train loss 0.0162
2022-01-23 22:38:06,373 root                INFO: Train: Epoch 115: train loss 0.0155
2022-01-23 22:38:12,362 root                INFO: Train: Epoch 116: train loss 0.0283
2022-01-23 22:38:18,353 root                INFO: Train: Epoch 117: train loss 0.0192
2022-01-23 22:38:24,339 root                INFO: Train: Epoch 118: train loss 0.0177
2022-01-23 22:38:30,324 root                INFO: Train: Epoch 119: train loss 0.0195
2022-01-23 22:38:36,306 root                INFO: Train: Epoch 120: train loss 0.0180
2022-01-23 22:38:42,286 root                INFO: Train: Epoch 121: train loss 0.0216
2022-01-23 22:38:48,325 root                INFO: Train: Epoch 122: train loss 0.0186
2022-01-23 22:38:54,365 root                INFO: Train: Epoch 123: train loss 0.0174
2022-01-23 22:39:00,358 root                INFO: Train: Epoch 124: train loss 0.0167
2022-01-23 22:39:06,384 root                INFO: Train: Epoch 125: train loss 0.0178
2022-01-23 22:39:12,411 root                INFO: Train: Epoch 126: train loss 0.0175
2022-01-23 22:39:18,437 root                INFO: Train: Epoch 127: train loss 0.0163
2022-01-23 22:39:24,475 root                INFO: Train: Epoch 128: train loss 0.0159
2022-01-23 22:39:30,529 root                INFO: Train: Epoch 129: train loss 0.0157
2022-01-23 22:39:36,559 root                INFO: Train: Epoch 130: train loss 0.0154
2022-01-23 22:39:42,571 root                INFO: Train: Epoch 131: train loss 0.0184
2022-01-23 22:39:48,590 root                INFO: Train: Epoch 132: train loss 0.0166
2022-01-23 22:39:54,627 root                INFO: Train: Epoch 133: train loss 0.0161
2022-01-23 22:40:00,777 root                INFO: Train: Epoch 134: train loss 0.0173
2022-01-23 22:40:06,809 root                INFO: Train: Epoch 135: train loss 0.0168
2022-01-23 22:40:12,845 root                INFO: Train: Epoch 136: train loss 0.0152
2022-01-23 22:40:18,872 root                INFO: Train: Epoch 137: train loss 0.0190
2022-01-23 22:40:24,901 root                INFO: Train: Epoch 138: train loss 0.0164
2022-01-23 22:40:30,941 root                INFO: Train: Epoch 139: train loss 0.0154
2022-01-23 22:40:36,973 root                INFO: Train: Epoch 140: train loss 0.0212
2022-01-23 22:40:43,013 root                INFO: Train: Epoch 141: train loss 0.0218
2022-01-23 22:40:49,076 root                INFO: Train: Epoch 142: train loss 0.0172
2022-01-23 22:40:55,105 root                INFO: Train: Epoch 143: train loss 0.0164
2022-01-23 22:41:01,146 root                INFO: Train: Epoch 144: train loss 0.0158
2022-01-23 22:41:07,182 root                INFO: Train: Epoch 145: train loss 0.0168
2022-01-23 22:41:13,205 root                INFO: Train: Epoch 146: train loss 0.0154
2022-01-23 22:41:19,213 root                INFO: Train: Epoch 147: train loss 0.0177
2022-01-23 22:41:25,232 root                INFO: Train: Epoch 148: train loss 0.0170
2022-01-23 22:41:31,281 root                INFO: Train: Epoch 149: train loss 0.0152
2022-01-23 22:41:37,303 root                INFO: Train: Epoch 150: train loss 0.0182
2022-01-23 22:41:43,346 root                INFO: Train: Epoch 151: train loss 0.0164
2022-01-23 22:41:49,418 root                INFO: Train: Epoch 152: train loss 0.0163
2022-01-23 22:41:55,447 root                INFO: Train: Epoch 153: train loss 0.0180
2022-01-23 22:42:01,550 root                INFO: Train: Epoch 154: train loss 0.0171
2022-01-23 22:42:07,631 root                INFO: Train: Epoch 155: train loss 0.0157
2022-01-23 22:42:13,671 root                INFO: Train: Epoch 156: train loss 0.0147
2022-01-23 22:42:19,698 root                INFO: Train: Epoch 157: train loss 0.0157
2022-01-23 22:42:25,742 root                INFO: Train: Epoch 158: train loss 0.0161
2022-01-23 22:42:31,774 root                INFO: Train: Epoch 159: train loss 0.0158
2022-01-23 22:42:37,826 root                INFO: Train: Epoch 160: train loss 0.0200
2022-01-23 22:42:43,858 root                INFO: Train: Epoch 161: train loss 0.0169
2022-01-23 22:42:49,915 root                INFO: Train: Epoch 162: train loss 0.0153
2022-01-23 22:42:55,959 root                INFO: Train: Epoch 163: train loss 0.0192
2022-01-23 22:43:02,026 root                INFO: Train: Epoch 164: train loss 0.0160
2022-01-23 22:43:08,069 root                INFO: Train: Epoch 165: train loss 0.0151
2022-01-23 22:43:14,137 root                INFO: Train: Epoch 166: train loss 0.0143
2022-01-23 22:43:20,259 root                INFO: Train: Epoch 167: train loss 0.0147
2022-01-23 22:43:26,294 root                INFO: Train: Epoch 168: train loss 0.0144
2022-01-23 22:43:32,305 root                INFO: Train: Epoch 169: train loss 0.0231
2022-01-23 22:43:38,304 root                INFO: Train: Epoch 170: train loss 0.0223
2022-01-23 22:43:44,301 root                INFO: Train: Epoch 171: train loss 0.0179
2022-01-23 22:43:50,297 root                INFO: Train: Epoch 172: train loss 0.0162
2022-01-23 22:43:56,286 root                INFO: Train: Epoch 173: train loss 0.0165
2022-01-23 22:44:02,272 root                INFO: Train: Epoch 174: train loss 0.0169
2022-01-23 22:44:08,276 root                INFO: Train: Epoch 175: train loss 0.0165
2022-01-23 22:44:14,245 root                INFO: Train: Epoch 176: train loss 0.0167
2022-01-23 22:44:20,266 root                INFO: Train: Epoch 177: train loss 0.0148
2022-01-23 22:44:26,254 root                INFO: Train: Epoch 178: train loss 0.0157
2022-01-23 22:44:32,245 root                INFO: Train: Epoch 179: train loss 0.0141
2022-01-23 22:44:38,238 root                INFO: Train: Epoch 180: train loss 0.0145
2022-01-23 22:44:44,247 root                INFO: Train: Epoch 181: train loss 0.0214
2022-01-23 22:44:50,248 root                INFO: Train: Epoch 182: train loss 0.0182
2022-01-23 22:44:56,245 root                INFO: Train: Epoch 183: train loss 0.0188
2022-01-23 22:45:02,262 root                INFO: Train: Epoch 184: train loss 0.0159
2022-01-23 22:45:08,270 root                INFO: Train: Epoch 185: train loss 0.0150
2022-01-23 22:45:14,271 root                INFO: Train: Epoch 186: train loss 0.0152
2022-01-23 22:45:20,269 root                INFO: Train: Epoch 187: train loss 0.0145
2022-01-23 22:45:26,264 root                INFO: Train: Epoch 188: train loss 0.0141
2022-01-23 22:45:32,268 root                INFO: Train: Epoch 189: train loss 0.0157
2022-01-23 22:45:38,275 root                INFO: Train: Epoch 190: train loss 0.0143
2022-01-23 22:45:44,259 root                INFO: Train: Epoch 191: train loss 0.0158
2022-01-23 22:45:50,327 root                INFO: Train: Epoch 192: train loss 0.0141
2022-01-23 22:45:56,374 root                INFO: Train: Epoch 193: train loss 0.0137
2022-01-23 22:46:02,394 root                INFO: Train: Epoch 194: train loss 0.0167
2022-01-23 22:46:08,378 root                INFO: Train: Epoch 195: train loss 0.0222
2022-01-23 22:46:14,373 root                INFO: Train: Epoch 196: train loss 0.0172
2022-01-23 22:46:20,379 root                INFO: Train: Epoch 197: train loss 0.0157
2022-01-23 22:46:26,375 root                INFO: Train: Epoch 198: train loss 0.0173
2022-01-23 22:46:32,354 root                INFO: Train: Epoch 199: train loss 0.0242
2022-01-23 22:46:38,330 root                INFO: Train: Epoch 200: train loss 0.0197
2022-01-23 22:46:54,646 root                INFO: Valid: Epoch 200: kendall tau 0.7598; loss 0.1939
2022-01-23 22:46:54,651 root                INFO: Epoch 200: Save checkpoint to ../results/nb301/nb301_ablation_mask/true/true_0.5/1/202121/200.ckpt
2022-01-23 22:47:10,890 root                INFO: [0.09803921568627451, 0.17647058823529413, 0.29215686274509806, 0.6741088915001958, 0.8051693753671432, 0.8804432957393483, 1.0]
2022-01-23 22:47:10,891 root                INFO: [21, 21]
