2022-01-21 17:38:13,280 root                INFO: GPU device = 4
2022-01-21 17:38:13,281 root                INFO: Load pkl cache from nasbench301_train.pkl and nasbench301_valid.pkl
2022-01-21 17:38:13,835 root                INFO: Config: {'arch_network_cfg': {'arch_embedder_cfg': {'take_adj_as_input': True, 'gcn_kwargs': {'residual_only': 2}, 'gcn_out_dims': [64, 64, 64, 64, 64], 'hidden_dim': 32, 'node_dim': 32, 'op_dim': 32, 'use_bn': False, 'final_concat': False, 'other_node_zero': False, 'num_time_steps': 2, 'fb_conversion_dims': [64, 64], 'backward_gcn_out_dims': [64, 64, 64, 64, 64], 'updateopemb_method': 'concat_ofb', 'updateopemb_dims': [64], 'share_skip_and_outskip': True, 'detach_vinfo': False, 'updateopemb_scale': 0.1, 'updateopemb_detach_opemb': True, 'updateopemb_detach_finfo': True, 'mask_nonparametrized_ops': True, 'symmetry_breaking_method': 'param_zs_add', 'concat_param_zs_as_opemb_dimension': 5, 'concat_param_zs_as_opemb_scale': 1.0}, 'arch_embedder_type': 'cellss-fbflow-anytime', 'compare_loss_type': 'margin_linear', 'compare_margin': 0.1, 'mlp_dropout': 0.1, 'mlp_hiddens': [200], 'mlp_out_dim': 1, 'optimizer': {'lr': 0.001, 'type': 'Adam'}, 'scheduler': None}, 'arch_network_type': 'pointwise_comparator', 'batch_size': 128, 'choose_pair_criterion': 'random', 'compare': False, 'compare_threshold': 0.0, 'epochs': 200, 'max_compare_ratio': 16.0}
2022-01-21 17:38:16,968 root                INFO: Combined args: Namespace(arch_network_type='pointwise_comparator', batch_size=128, cfg_file='cfgs/nb301_cfgs/tagates_anytime.yaml', choose_pair_criterion='random', compare=False, compare_threshold=0.0, epochs=200, eval_only_last=1, gpu=4, load=None, max_compare_ratio=16.0, num_workers=4, report_freq=200, save_every=200, save_predict=None, seed=21, test_funcs=None, test_only=False, train_dir='nb301_anytime_tagates/tagates_0.01/123/21', train_pkl='../mynas/data/nasbench-301/nasbench301_train_mtx_anytime_123.pkl', train_ratio=0.01, valid_pkl='../mynas/data/nasbench-301/nasbench301_valid_mtx_anytime.pkl')
2022-01-21 17:38:16,976 root                INFO: Train dataset ratio: 0.010
2022-01-21 17:38:16,977 root                INFO: Number of architectures: train: 58; valid: 51072
2022-01-21 17:38:29,964 root                INFO: Train: Epoch   1: train loss 0.3303
2022-01-21 17:38:30,452 root                INFO: Train: Epoch   2: train loss 0.3180
2022-01-21 17:38:30,937 root                INFO: Train: Epoch   3: train loss 0.3055
2022-01-21 17:38:31,414 root                INFO: Train: Epoch   4: train loss 0.2895
2022-01-21 17:38:31,886 root                INFO: Train: Epoch   5: train loss 0.2719
2022-01-21 17:38:32,355 root                INFO: Train: Epoch   6: train loss 0.2496
2022-01-21 17:38:32,829 root                INFO: Train: Epoch   7: train loss 0.2214
2022-01-21 17:38:33,312 root                INFO: Train: Epoch   8: train loss 0.1878
2022-01-21 17:38:33,780 root                INFO: Train: Epoch   9: train loss 0.1469
2022-01-21 17:38:34,250 root                INFO: Train: Epoch  10: train loss 0.0998
2022-01-21 17:38:34,725 root                INFO: Train: Epoch  11: train loss 0.0554
2022-01-21 17:38:35,205 root                INFO: Train: Epoch  12: train loss 0.0198
2022-01-21 17:38:35,679 root                INFO: Train: Epoch  13: train loss 0.0032
2022-01-21 17:38:36,162 root                INFO: Train: Epoch  14: train loss 0.0027
2022-01-21 17:38:36,629 root                INFO: Train: Epoch  15: train loss 0.0078
2022-01-21 17:38:37,143 root                INFO: Train: Epoch  16: train loss 0.0126
2022-01-21 17:38:37,619 root                INFO: Train: Epoch  17: train loss 0.0151
2022-01-21 17:38:38,139 root                INFO: Train: Epoch  18: train loss 0.0166
2022-01-21 17:38:38,636 root                INFO: Train: Epoch  19: train loss 0.0173
2022-01-21 17:38:39,125 root                INFO: Train: Epoch  20: train loss 0.0177
2022-01-21 17:38:39,613 root                INFO: Train: Epoch  21: train loss 0.0179
2022-01-21 17:38:40,123 root                INFO: Train: Epoch  22: train loss 0.0180
2022-01-21 17:38:40,628 root                INFO: Train: Epoch  23: train loss 0.0181
2022-01-21 17:38:41,105 root                INFO: Train: Epoch  24: train loss 0.0181
2022-01-21 17:38:41,592 root                INFO: Train: Epoch  25: train loss 0.0181
2022-01-21 17:38:42,075 root                INFO: Train: Epoch  26: train loss 0.0181
2022-01-21 17:38:42,569 root                INFO: Train: Epoch  27: train loss 0.0181
2022-01-21 17:38:43,055 root                INFO: Train: Epoch  28: train loss 0.0181
2022-01-21 17:38:43,539 root                INFO: Train: Epoch  29: train loss 0.0181
2022-01-21 17:38:44,019 root                INFO: Train: Epoch  30: train loss 0.0181
2022-01-21 17:38:44,493 root                INFO: Train: Epoch  31: train loss 0.0181
2022-01-21 17:38:44,986 root                INFO: Train: Epoch  32: train loss 0.0181
2022-01-21 17:38:45,546 root                INFO: Train: Epoch  33: train loss 0.0181
2022-01-21 17:38:46,043 root                INFO: Train: Epoch  34: train loss 0.0181
2022-01-21 17:38:46,548 root                INFO: Train: Epoch  35: train loss 0.0181
2022-01-21 17:38:47,062 root                INFO: Train: Epoch  36: train loss 0.0181
2022-01-21 17:38:47,555 root                INFO: Train: Epoch  37: train loss 0.0181
2022-01-21 17:38:48,037 root                INFO: Train: Epoch  38: train loss 0.0181
2022-01-21 17:38:48,526 root                INFO: Train: Epoch  39: train loss 0.0181
2022-01-21 17:38:49,018 root                INFO: Train: Epoch  40: train loss 0.0181
2022-01-21 17:38:49,506 root                INFO: Train: Epoch  41: train loss 0.0181
2022-01-21 17:38:49,966 root                INFO: Train: Epoch  42: train loss 0.0181
2022-01-21 17:38:50,467 root                INFO: Train: Epoch  43: train loss 0.0181
2022-01-21 17:38:50,961 root                INFO: Train: Epoch  44: train loss 0.0181
2022-01-21 17:38:51,462 root                INFO: Train: Epoch  45: train loss 0.0181
2022-01-21 17:38:51,976 root                INFO: Train: Epoch  46: train loss 0.0181
2022-01-21 17:38:52,481 root                INFO: Train: Epoch  47: train loss 0.0181
2022-01-21 17:38:52,977 root                INFO: Train: Epoch  48: train loss 0.0181
2022-01-21 17:38:53,491 root                INFO: Train: Epoch  49: train loss 0.0181
2022-01-21 17:38:53,983 root                INFO: Train: Epoch  50: train loss 0.0181
2022-01-21 17:38:54,526 root                INFO: Train: Epoch  51: train loss 0.0181
2022-01-21 17:38:55,039 root                INFO: Train: Epoch  52: train loss 0.0181
2022-01-21 17:38:55,532 root                INFO: Train: Epoch  53: train loss 0.0181
2022-01-21 17:38:56,060 root                INFO: Train: Epoch  54: train loss 0.0181
2022-01-21 17:38:56,555 root                INFO: Train: Epoch  55: train loss 0.0181
2022-01-21 17:38:57,055 root                INFO: Train: Epoch  56: train loss 0.0181
2022-01-21 17:38:57,556 root                INFO: Train: Epoch  57: train loss 0.0181
2022-01-21 17:38:58,068 root                INFO: Train: Epoch  58: train loss 0.0181
2022-01-21 17:38:58,579 root                INFO: Train: Epoch  59: train loss 0.0181
2022-01-21 17:38:59,081 root                INFO: Train: Epoch  60: train loss 0.0181
2022-01-21 17:38:59,564 root                INFO: Train: Epoch  61: train loss 0.0181
2022-01-21 17:39:00,079 root                INFO: Train: Epoch  62: train loss 0.0181
2022-01-21 17:39:00,642 root                INFO: Train: Epoch  63: train loss 0.0181
2022-01-21 17:39:01,168 root                INFO: Train: Epoch  64: train loss 0.0181
2022-01-21 17:39:01,745 root                INFO: Train: Epoch  65: train loss 0.0181
2022-01-21 17:39:02,314 root                INFO: Train: Epoch  66: train loss 0.0181
2022-01-21 17:39:02,887 root                INFO: Train: Epoch  67: train loss 0.0181
2022-01-21 17:39:03,426 root                INFO: Train: Epoch  68: train loss 0.0181
2022-01-21 17:39:03,931 root                INFO: Train: Epoch  69: train loss 0.0181
2022-01-21 17:39:04,456 root                INFO: Train: Epoch  70: train loss 0.0181
2022-01-21 17:39:04,969 root                INFO: Train: Epoch  71: train loss 0.0181
2022-01-21 17:39:05,491 root                INFO: Train: Epoch  72: train loss 0.0181
2022-01-21 17:39:05,950 root                INFO: Train: Epoch  73: train loss 0.0181
2022-01-21 17:39:06,435 root                INFO: Train: Epoch  74: train loss 0.0181
2022-01-21 17:39:06,918 root                INFO: Train: Epoch  75: train loss 0.0181
2022-01-21 17:39:07,412 root                INFO: Train: Epoch  76: train loss 0.0181
2022-01-21 17:39:07,910 root                INFO: Train: Epoch  77: train loss 0.0181
2022-01-21 17:39:08,457 root                INFO: Train: Epoch  78: train loss 0.0181
2022-01-21 17:39:08,985 root                INFO: Train: Epoch  79: train loss 0.0181
2022-01-21 17:39:09,552 root                INFO: Train: Epoch  80: train loss 0.0181
2022-01-21 17:39:10,056 root                INFO: Train: Epoch  81: train loss 0.0181
2022-01-21 17:39:10,553 root                INFO: Train: Epoch  82: train loss 0.0181
2022-01-21 17:39:11,085 root                INFO: Train: Epoch  83: train loss 0.0181
2022-01-21 17:39:11,634 root                INFO: Train: Epoch  84: train loss 0.0181
2022-01-21 17:39:12,130 root                INFO: Train: Epoch  85: train loss 0.0181
2022-01-21 17:39:12,666 root                INFO: Train: Epoch  86: train loss 0.0181
2022-01-21 17:39:13,157 root                INFO: Train: Epoch  87: train loss 0.0181
2022-01-21 17:39:13,669 root                INFO: Train: Epoch  88: train loss 0.0181
2022-01-21 17:39:14,231 root                INFO: Train: Epoch  89: train loss 0.0181
2022-01-21 17:39:14,750 root                INFO: Train: Epoch  90: train loss 0.0181
2022-01-21 17:39:15,274 root                INFO: Train: Epoch  91: train loss 0.0181
2022-01-21 17:39:15,774 root                INFO: Train: Epoch  92: train loss 0.0181
2022-01-21 17:39:16,299 root                INFO: Train: Epoch  93: train loss 0.0181
2022-01-21 17:39:16,809 root                INFO: Train: Epoch  94: train loss 0.0181
2022-01-21 17:39:17,319 root                INFO: Train: Epoch  95: train loss 0.0181
2022-01-21 17:39:17,814 root                INFO: Train: Epoch  96: train loss 0.0181
2022-01-21 17:39:18,318 root                INFO: Train: Epoch  97: train loss 0.0181
2022-01-21 17:39:18,829 root                INFO: Train: Epoch  98: train loss 0.0181
2022-01-21 17:39:19,346 root                INFO: Train: Epoch  99: train loss 0.0181
2022-01-21 17:39:19,885 root                INFO: Train: Epoch 100: train loss 0.0181
2022-01-21 17:39:20,405 root                INFO: Train: Epoch 101: train loss 0.0181
2022-01-21 17:39:20,949 root                INFO: Train: Epoch 102: train loss 0.0181
2022-01-21 17:39:21,508 root                INFO: Train: Epoch 103: train loss 0.0181
2022-01-21 17:39:22,036 root                INFO: Train: Epoch 104: train loss 0.0181
2022-01-21 17:39:22,558 root                INFO: Train: Epoch 105: train loss 0.0181
2022-01-21 17:39:23,103 root                INFO: Train: Epoch 106: train loss 0.0181
2022-01-21 17:39:23,635 root                INFO: Train: Epoch 107: train loss 0.0181
2022-01-21 17:39:24,174 root                INFO: Train: Epoch 108: train loss 0.0181
2022-01-21 17:39:24,696 root                INFO: Train: Epoch 109: train loss 0.0181
2022-01-21 17:39:25,238 root                INFO: Train: Epoch 110: train loss 0.0181
2022-01-21 17:39:25,771 root                INFO: Train: Epoch 111: train loss 0.0181
2022-01-21 17:39:26,310 root                INFO: Train: Epoch 112: train loss 0.0181
2022-01-21 17:39:26,828 root                INFO: Train: Epoch 113: train loss 0.0181
2022-01-21 17:39:27,400 root                INFO: Train: Epoch 114: train loss 0.0181
2022-01-21 17:39:27,924 root                INFO: Train: Epoch 115: train loss 0.0181
2022-01-21 17:39:28,530 root                INFO: Train: Epoch 116: train loss 0.0181
2022-01-21 17:39:29,093 root                INFO: Train: Epoch 117: train loss 0.0181
2022-01-21 17:39:29,641 root                INFO: Train: Epoch 118: train loss 0.0181
2022-01-21 17:39:30,203 root                INFO: Train: Epoch 119: train loss 0.0181
2022-01-21 17:39:30,775 root                INFO: Train: Epoch 120: train loss 0.0181
2022-01-21 17:39:31,302 root                INFO: Train: Epoch 121: train loss 0.0181
2022-01-21 17:39:31,845 root                INFO: Train: Epoch 122: train loss 0.0181
2022-01-21 17:39:32,418 root                INFO: Train: Epoch 123: train loss 0.0181
2022-01-21 17:39:32,959 root                INFO: Train: Epoch 124: train loss 0.0181
2022-01-21 17:39:33,516 root                INFO: Train: Epoch 125: train loss 0.0181
2022-01-21 17:39:34,062 root                INFO: Train: Epoch 126: train loss 0.0181
2022-01-21 17:39:34,613 root                INFO: Train: Epoch 127: train loss 0.0181
2022-01-21 17:39:35,169 root                INFO: Train: Epoch 128: train loss 0.0181
2022-01-21 17:39:35,727 root                INFO: Train: Epoch 129: train loss 0.0181
2022-01-21 17:39:36,264 root                INFO: Train: Epoch 130: train loss 0.0181
2022-01-21 17:39:36,845 root                INFO: Train: Epoch 131: train loss 0.0181
2022-01-21 17:39:37,379 root                INFO: Train: Epoch 132: train loss 0.0181
2022-01-21 17:39:37,931 root                INFO: Train: Epoch 133: train loss 0.0181
2022-01-21 17:39:38,497 root                INFO: Train: Epoch 134: train loss 0.0181
2022-01-21 17:39:39,048 root                INFO: Train: Epoch 135: train loss 0.0181
2022-01-21 17:39:39,695 root                INFO: Train: Epoch 136: train loss 0.0181
2022-01-21 17:39:40,261 root                INFO: Train: Epoch 137: train loss 0.0181
2022-01-21 17:39:40,811 root                INFO: Train: Epoch 138: train loss 0.0181
2022-01-21 17:39:41,392 root                INFO: Train: Epoch 139: train loss 0.0181
2022-01-21 17:39:41,965 root                INFO: Train: Epoch 140: train loss 0.0181
2022-01-21 17:39:42,527 root                INFO: Train: Epoch 141: train loss 0.0181
2022-01-21 17:39:43,075 root                INFO: Train: Epoch 142: train loss 0.0181
2022-01-21 17:39:43,631 root                INFO: Train: Epoch 143: train loss 0.0181
2022-01-21 17:39:44,167 root                INFO: Train: Epoch 144: train loss 0.0181
2022-01-21 17:39:44,734 root                INFO: Train: Epoch 145: train loss 0.0181
2022-01-21 17:39:45,279 root                INFO: Train: Epoch 146: train loss 0.0181
2022-01-21 17:39:45,840 root                INFO: Train: Epoch 147: train loss 0.0181
2022-01-21 17:39:46,386 root                INFO: Train: Epoch 148: train loss 0.0181
2022-01-21 17:39:46,970 root                INFO: Train: Epoch 149: train loss 0.0181
2022-01-21 17:39:47,503 root                INFO: Train: Epoch 150: train loss 0.0181
2022-01-21 17:39:48,029 root                INFO: Train: Epoch 151: train loss 0.0181
2022-01-21 17:39:48,578 root                INFO: Train: Epoch 152: train loss 0.0181
2022-01-21 17:39:49,159 root                INFO: Train: Epoch 153: train loss 0.0181
2022-01-21 17:39:49,715 root                INFO: Train: Epoch 154: train loss 0.0181
2022-01-21 17:39:50,289 root                INFO: Train: Epoch 155: train loss 0.0181
2022-01-21 17:39:50,864 root                INFO: Train: Epoch 156: train loss 0.0181
2022-01-21 17:39:51,393 root                INFO: Train: Epoch 157: train loss 0.0181
2022-01-21 17:39:51,923 root                INFO: Train: Epoch 158: train loss 0.0181
2022-01-21 17:39:52,476 root                INFO: Train: Epoch 159: train loss 0.0181
2022-01-21 17:39:53,043 root                INFO: Train: Epoch 160: train loss 0.0181
2022-01-21 17:39:53,687 root                INFO: Train: Epoch 161: train loss 0.0181
2022-01-21 17:39:54,314 root                INFO: Train: Epoch 162: train loss 0.0181
2022-01-21 17:39:54,949 root                INFO: Train: Epoch 163: train loss 0.0181
2022-01-21 17:39:55,565 root                INFO: Train: Epoch 164: train loss 0.0181
2022-01-21 17:39:56,247 root                INFO: Train: Epoch 165: train loss 0.0181
2022-01-21 17:39:56,920 root                INFO: Train: Epoch 166: train loss 0.0181
2022-01-21 17:39:57,541 root                INFO: Train: Epoch 167: train loss 0.0181
2022-01-21 17:39:58,147 root                INFO: Train: Epoch 168: train loss 0.0181
2022-01-21 17:39:58,810 root                INFO: Train: Epoch 169: train loss 0.0181
2022-01-21 17:39:59,428 root                INFO: Train: Epoch 170: train loss 0.0181
2022-01-21 17:40:00,042 root                INFO: Train: Epoch 171: train loss 0.0181
2022-01-21 17:40:00,670 root                INFO: Train: Epoch 172: train loss 0.0181
2022-01-21 17:40:01,335 root                INFO: Train: Epoch 173: train loss 0.0181
2022-01-21 17:40:01,966 root                INFO: Train: Epoch 174: train loss 0.0181
2022-01-21 17:40:02,578 root                INFO: Train: Epoch 175: train loss 0.0181
2022-01-21 17:40:03,222 root                INFO: Train: Epoch 176: train loss 0.0181
2022-01-21 17:40:03,874 root                INFO: Train: Epoch 177: train loss 0.0181
2022-01-21 17:40:04,506 root                INFO: Train: Epoch 178: train loss 0.0181
2022-01-21 17:40:05,124 root                INFO: Train: Epoch 179: train loss 0.0181
2022-01-21 17:40:05,784 root                INFO: Train: Epoch 180: train loss 0.0181
2022-01-21 17:40:06,430 root                INFO: Train: Epoch 181: train loss 0.0181
2022-01-21 17:40:07,035 root                INFO: Train: Epoch 182: train loss 0.0181
2022-01-21 17:40:07,751 root                INFO: Train: Epoch 183: train loss 0.0181
2022-01-21 17:40:08,364 root                INFO: Train: Epoch 184: train loss 0.0181
2022-01-21 17:40:08,984 root                INFO: Train: Epoch 185: train loss 0.0181
2022-01-21 17:40:09,580 root                INFO: Train: Epoch 186: train loss 0.0181
2022-01-21 17:40:10,167 root                INFO: Train: Epoch 187: train loss 0.0181
2022-01-21 17:40:10,763 root                INFO: Train: Epoch 188: train loss 0.0181
2022-01-21 17:40:11,349 root                INFO: Train: Epoch 189: train loss 0.0181
2022-01-21 17:40:11,988 root                INFO: Train: Epoch 190: train loss 0.0181
2022-01-21 17:40:12,571 root                INFO: Train: Epoch 191: train loss 0.0181
2022-01-21 17:40:13,190 root                INFO: Train: Epoch 192: train loss 0.0181
2022-01-21 17:40:13,792 root                INFO: Train: Epoch 193: train loss 0.0181
2022-01-21 17:40:14,417 root                INFO: Train: Epoch 194: train loss 0.0181
2022-01-21 17:40:15,040 root                INFO: Train: Epoch 195: train loss 0.0181
2022-01-21 17:40:15,678 root                INFO: Train: Epoch 196: train loss 0.0181
2022-01-21 17:40:16,258 root                INFO: Train: Epoch 197: train loss 0.0181
2022-01-21 17:40:16,862 root                INFO: Train: Epoch 198: train loss 0.0181
2022-01-21 17:40:17,477 root                INFO: Train: Epoch 199: train loss 0.0181
2022-01-21 17:40:18,094 root                INFO: Train: Epoch 200: train loss 0.0181
2022-01-21 17:40:32,587 root                INFO: Valid: Epoch 200: kendall tau 0.2262 0.0778; loss 0.01372 0.004756
2022-01-21 17:40:32,593 root                INFO: Epoch 200: Save checkpoint to nb301_anytime_tagates/tagates_0.01/123/21/200.ckpt
2022-01-21 17:40:47,231 root                INFO: [0.0, 0.0, 0.00392156862745098, 0.14375244810027418, 0.2349716075974153, 0.6233161027568922, 1.0]
2022-01-21 17:40:47,232 root                INFO: [0.0, 0.0, 0.0, 0.07794751273012143, 0.17015860583512826, 0.6274671052631579, 1.0]
2022-01-21 17:40:47,232 root                INFO: [11935, 11935]
2022-01-21 17:40:47,232 root                INFO: [16230, 807]
2022-01-21 22:15:18,398 root                INFO: GPU device = 2
2022-01-21 22:15:18,399 root                INFO: Load pkl cache from nasbench301_train.pkl and nasbench301_valid.pkl
2022-01-21 22:15:19,050 root                INFO: Config: {'arch_network_cfg': {'arch_embedder_cfg': {'take_adj_as_input': True, 'gcn_kwargs': {'residual_only': 2}, 'gcn_out_dims': [64, 64, 64, 64, 64], 'hidden_dim': 32, 'node_dim': 32, 'op_dim': 32, 'use_bn': False, 'final_concat': False, 'other_node_zero': False, 'num_time_steps': 2, 'fb_conversion_dims': [64, 64], 'backward_gcn_out_dims': [64, 64, 64, 64, 64], 'updateopemb_method': 'concat_ofb', 'updateopemb_dims': [64], 'share_skip_and_outskip': True, 'detach_vinfo': False, 'updateopemb_scale': 0.1, 'updateopemb_detach_opemb': True, 'updateopemb_detach_finfo': True, 'mask_nonparametrized_ops': True, 'symmetry_breaking_method': 'param_zs_add', 'concat_param_zs_as_opemb_dimension': 5, 'concat_param_zs_as_opemb_scale': 1.0}, 'arch_embedder_type': 'cellss-fbflow-anytime', 'compare_loss_type': 'margin_linear', 'compare_margin': 0.1, 'mlp_dropout': 0.1, 'mlp_hiddens': [200], 'mlp_out_dim': 1, 'optimizer': {'lr': 0.0001, 'type': 'Adam'}, 'scheduler': None}, 'arch_network_type': 'pointwise_comparator', 'batch_size': 128, 'choose_pair_criterion': 'random', 'compare': False, 'compare_threshold': 0.0, 'epochs': 200, 'max_compare_ratio': 16.0}
2022-01-21 22:15:23,205 root                INFO: Combined args: Namespace(arch_network_type='pointwise_comparator', batch_size=128, cfg_file='cfgs/nb301_cfgs/tagates_anytime.yaml', choose_pair_criterion='random', compare=False, compare_threshold=0.0, epochs=200, eval_only_last=1, gpu=2, load=None, max_compare_ratio=16.0, num_workers=4, report_freq=200, save_every=200, save_predict=None, seed=21, test_funcs=None, test_only=False, train_dir='nb301_anytime_tagates/tagates_0.01/123/21', train_pkl='../mynas/data/nasbench-301/nasbench301_train_mtx_anytime_123.pkl', train_ratio=0.01, valid_pkl='../mynas/data/nasbench-301/nasbench301_valid_mtx_anytime.pkl')
2022-01-21 22:15:23,216 root                INFO: Train dataset ratio: 0.010
2022-01-21 22:15:23,217 root                INFO: Number of architectures: train: 58; valid: 51072
2022-01-21 22:15:37,116 root                INFO: Train: Epoch   1: train loss 0.3303
2022-01-21 22:15:37,769 root                INFO: Train: Epoch   2: train loss 0.3292
2022-01-21 22:15:38,407 root                INFO: Train: Epoch   3: train loss 0.3285
2022-01-21 22:15:39,043 root                INFO: Train: Epoch   4: train loss 0.3265
2022-01-21 22:15:39,656 root                INFO: Train: Epoch   5: train loss 0.3258
2022-01-21 22:15:40,266 root                INFO: Train: Epoch   6: train loss 0.3242
2022-01-21 22:15:40,879 root                INFO: Train: Epoch   7: train loss 0.3227
2022-01-21 22:15:41,506 root                INFO: Train: Epoch   8: train loss 0.3211
2022-01-21 22:15:42,135 root                INFO: Train: Epoch   9: train loss 0.3201
2022-01-21 22:15:42,783 root                INFO: Train: Epoch  10: train loss 0.3187
2022-01-21 22:15:43,406 root                INFO: Train: Epoch  11: train loss 0.3172
2022-01-21 22:15:44,063 root                INFO: Train: Epoch  12: train loss 0.3159
2022-01-21 22:15:44,725 root                INFO: Train: Epoch  13: train loss 0.3148
2022-01-21 22:15:45,419 root                INFO: Train: Epoch  14: train loss 0.3128
2022-01-21 22:15:46,126 root                INFO: Train: Epoch  15: train loss 0.3115
2022-01-21 22:15:46,825 root                INFO: Train: Epoch  16: train loss 0.3099
2022-01-21 22:15:47,532 root                INFO: Train: Epoch  17: train loss 0.3083
2022-01-21 22:15:48,226 root                INFO: Train: Epoch  18: train loss 0.3070
2022-01-21 22:15:48,987 root                INFO: Train: Epoch  19: train loss 0.3051
2022-01-21 22:15:49,697 root                INFO: Train: Epoch  20: train loss 0.3034
2022-01-21 22:15:50,447 root                INFO: Train: Epoch  21: train loss 0.3013
2022-01-21 22:15:51,090 root                INFO: Train: Epoch  22: train loss 0.2999
2022-01-21 22:15:51,762 root                INFO: Train: Epoch  23: train loss 0.2982
2022-01-21 22:15:52,522 root                INFO: Train: Epoch  24: train loss 0.2960
2022-01-21 22:15:53,213 root                INFO: Train: Epoch  25: train loss 0.2942
2022-01-21 22:15:53,908 root                INFO: Train: Epoch  26: train loss 0.2919
2022-01-21 22:15:54,593 root                INFO: Train: Epoch  27: train loss 0.2902
2022-01-21 22:15:55,308 root                INFO: Train: Epoch  28: train loss 0.2872
2022-01-21 22:15:56,007 root                INFO: Train: Epoch  29: train loss 0.2845
2022-01-21 22:15:56,809 root                INFO: Train: Epoch  30: train loss 0.2823
2022-01-21 22:15:57,494 root                INFO: Train: Epoch  31: train loss 0.2795
2022-01-21 22:15:58,238 root                INFO: Train: Epoch  32: train loss 0.2781
2022-01-21 22:15:58,952 root                INFO: Train: Epoch  33: train loss 0.2745
2022-01-21 22:15:59,726 root                INFO: Train: Epoch  34: train loss 0.2721
2022-01-21 22:16:00,581 root                INFO: Train: Epoch  35: train loss 0.2684
2022-01-21 22:16:01,407 root                INFO: Train: Epoch  36: train loss 0.2663
2022-01-21 22:16:02,253 root                INFO: Train: Epoch  37: train loss 0.2628
2022-01-21 22:16:03,154 root                INFO: Train: Epoch  38: train loss 0.2586
2022-01-21 22:16:04,011 root                INFO: Train: Epoch  39: train loss 0.2556
2022-01-21 22:16:04,761 root                INFO: Train: Epoch  40: train loss 0.2526
2022-01-21 22:16:05,484 root                INFO: Train: Epoch  41: train loss 0.2476
2022-01-21 22:16:06,206 root                INFO: Train: Epoch  42: train loss 0.2439
2022-01-21 22:16:06,947 root                INFO: Train: Epoch  43: train loss 0.2402
2022-01-21 22:16:07,710 root                INFO: Train: Epoch  44: train loss 0.2358
2022-01-21 22:16:08,461 root                INFO: Train: Epoch  45: train loss 0.2310
2022-01-21 22:16:09,298 root                INFO: Train: Epoch  46: train loss 0.2268
2022-01-21 22:16:10,031 root                INFO: Train: Epoch  47: train loss 0.2216
2022-01-21 22:16:10,749 root                INFO: Train: Epoch  48: train loss 0.2163
2022-01-21 22:16:11,468 root                INFO: Train: Epoch  49: train loss 0.2116
2022-01-21 22:16:12,235 root                INFO: Train: Epoch  50: train loss 0.2054
2022-01-21 22:16:12,979 root                INFO: Train: Epoch  51: train loss 0.1993
2022-01-21 22:16:13,717 root                INFO: Train: Epoch  52: train loss 0.1935
2022-01-21 22:16:14,662 root                INFO: Train: Epoch  53: train loss 0.1882
2022-01-21 22:16:15,466 root                INFO: Train: Epoch  54: train loss 0.1819
2022-01-21 22:16:16,234 root                INFO: Train: Epoch  55: train loss 0.1734
2022-01-21 22:16:17,003 root                INFO: Train: Epoch  56: train loss 0.1681
2022-01-21 22:16:18,145 root                INFO: Train: Epoch  57: train loss 0.1600
2022-01-21 22:16:19,120 root                INFO: Train: Epoch  58: train loss 0.1532
2022-01-21 22:16:20,075 root                INFO: Train: Epoch  59: train loss 0.1440
2022-01-21 22:16:21,112 root                INFO: Train: Epoch  60: train loss 0.1371
2022-01-21 22:16:22,009 root                INFO: Train: Epoch  61: train loss 0.1316
2022-01-21 22:16:22,908 root                INFO: Train: Epoch  62: train loss 0.1214
2022-01-21 22:16:23,709 root                INFO: Train: Epoch  63: train loss 0.1156
2022-01-21 22:16:24,469 root                INFO: Train: Epoch  64: train loss 0.1058
2022-01-21 22:16:25,279 root                INFO: Train: Epoch  65: train loss 0.0977
2022-01-21 22:16:26,172 root                INFO: Train: Epoch  66: train loss 0.0900
2022-01-21 22:16:26,986 root                INFO: Train: Epoch  67: train loss 0.0823
2022-01-21 22:16:27,766 root                INFO: Train: Epoch  68: train loss 0.0741
2022-01-21 22:16:28,622 root                INFO: Train: Epoch  69: train loss 0.0677
2022-01-21 22:16:29,483 root                INFO: Train: Epoch  70: train loss 0.0604
2022-01-21 22:16:30,323 root                INFO: Train: Epoch  71: train loss 0.0546
2022-01-21 22:16:31,189 root                INFO: Train: Epoch  72: train loss 0.0473
2022-01-21 22:16:32,129 root                INFO: Train: Epoch  73: train loss 0.0419
2022-01-21 22:16:32,978 root                INFO: Train: Epoch  74: train loss 0.0349
2022-01-21 22:16:33,857 root                INFO: Train: Epoch  75: train loss 0.0300
2022-01-21 22:16:34,730 root                INFO: Train: Epoch  76: train loss 0.0246
2022-01-21 22:16:35,710 root                INFO: Train: Epoch  77: train loss 0.0211
2022-01-21 22:16:36,627 root                INFO: Train: Epoch  78: train loss 0.0168
2022-01-21 22:16:37,647 root                INFO: Train: Epoch  79: train loss 0.0146
2022-01-21 22:16:38,502 root                INFO: Train: Epoch  80: train loss 0.0112
2022-01-21 22:16:39,372 root                INFO: Train: Epoch  81: train loss 0.0092
2022-01-21 22:16:40,206 root                INFO: Train: Epoch  82: train loss 0.0066
2022-01-21 22:16:41,028 root                INFO: Train: Epoch  83: train loss 0.0054
2022-01-21 22:16:41,823 root                INFO: Train: Epoch  84: train loss 0.0042
2022-01-21 22:16:42,714 root                INFO: Train: Epoch  85: train loss 0.0037
2022-01-21 22:16:43,531 root                INFO: Train: Epoch  86: train loss 0.0024
2022-01-21 22:16:44,331 root                INFO: Train: Epoch  87: train loss 0.0019
2022-01-21 22:16:45,187 root                INFO: Train: Epoch  88: train loss 0.0016
2022-01-21 22:16:46,049 root                INFO: Train: Epoch  89: train loss 0.0014
2022-01-21 22:16:46,945 root                INFO: Train: Epoch  90: train loss 0.0014
2022-01-21 22:16:47,895 root                INFO: Train: Epoch  91: train loss 0.0012
2022-01-21 22:16:48,939 root                INFO: Train: Epoch  92: train loss 0.0012
2022-01-21 22:16:49,962 root                INFO: Train: Epoch  93: train loss 0.0011
2022-01-21 22:16:50,813 root                INFO: Train: Epoch  94: train loss 0.0012
2022-01-21 22:16:51,694 root                INFO: Train: Epoch  95: train loss 0.0013
2022-01-21 22:16:52,602 root                INFO: Train: Epoch  96: train loss 0.0014
2022-01-21 22:16:53,454 root                INFO: Train: Epoch  97: train loss 0.0015
2022-01-21 22:16:54,353 root                INFO: Train: Epoch  98: train loss 0.0015
2022-01-21 22:16:55,186 root                INFO: Train: Epoch  99: train loss 0.0015
2022-01-21 22:16:56,056 root                INFO: Train: Epoch 100: train loss 0.0017
2022-01-21 22:16:56,946 root                INFO: Train: Epoch 101: train loss 0.0018
2022-01-21 22:16:57,912 root                INFO: Train: Epoch 102: train loss 0.0018
2022-01-21 22:16:58,859 root                INFO: Train: Epoch 103: train loss 0.0017
2022-01-21 22:16:59,780 root                INFO: Train: Epoch 104: train loss 0.0018
2022-01-21 22:17:00,844 root                INFO: Train: Epoch 105: train loss 0.0018
2022-01-21 22:17:01,871 root                INFO: Train: Epoch 106: train loss 0.0017
2022-01-21 22:17:02,681 root                INFO: Train: Epoch 107: train loss 0.0017
2022-01-21 22:17:03,464 root                INFO: Train: Epoch 108: train loss 0.0017
2022-01-21 22:17:04,234 root                INFO: Train: Epoch 109: train loss 0.0017
2022-01-21 22:17:05,036 root                INFO: Train: Epoch 110: train loss 0.0018
2022-01-21 22:17:05,938 root                INFO: Train: Epoch 111: train loss 0.0017
2022-01-21 22:17:06,910 root                INFO: Train: Epoch 112: train loss 0.0016
2022-01-21 22:17:07,719 root                INFO: Train: Epoch 113: train loss 0.0017
2022-01-21 22:17:08,523 root                INFO: Train: Epoch 114: train loss 0.0016
2022-01-21 22:17:09,327 root                INFO: Train: Epoch 115: train loss 0.0014
2022-01-21 22:17:10,168 root                INFO: Train: Epoch 116: train loss 0.0015
2022-01-21 22:17:10,961 root                INFO: Train: Epoch 117: train loss 0.0015
2022-01-21 22:17:11,776 root                INFO: Train: Epoch 118: train loss 0.0015
2022-01-21 22:17:12,577 root                INFO: Train: Epoch 119: train loss 0.0012
2022-01-21 22:17:13,440 root                INFO: Train: Epoch 120: train loss 0.0013
2022-01-21 22:17:14,237 root                INFO: Train: Epoch 121: train loss 0.0011
2022-01-21 22:17:15,010 root                INFO: Train: Epoch 122: train loss 0.0011
2022-01-21 22:17:15,852 root                INFO: Train: Epoch 123: train loss 0.0010
2022-01-21 22:17:16,691 root                INFO: Train: Epoch 124: train loss 0.0011
2022-01-21 22:17:17,463 root                INFO: Train: Epoch 125: train loss 0.0012
2022-01-21 22:17:18,332 root                INFO: Train: Epoch 126: train loss 0.0010
2022-01-21 22:17:19,266 root                INFO: Train: Epoch 127: train loss 0.0008
2022-01-21 22:17:20,320 root                INFO: Train: Epoch 128: train loss 0.0010
2022-01-21 22:17:21,105 root                INFO: Train: Epoch 129: train loss 0.0010
2022-01-21 22:17:21,910 root                INFO: Train: Epoch 130: train loss 0.0010
2022-01-21 22:17:22,689 root                INFO: Train: Epoch 131: train loss 0.0008
2022-01-21 22:17:23,578 root                INFO: Train: Epoch 132: train loss 0.0009
2022-01-21 22:17:24,395 root                INFO: Train: Epoch 133: train loss 0.0009
2022-01-21 22:17:25,212 root                INFO: Train: Epoch 134: train loss 0.0011
2022-01-21 22:17:25,988 root                INFO: Train: Epoch 135: train loss 0.0009
2022-01-21 22:17:26,881 root                INFO: Train: Epoch 136: train loss 0.0008
2022-01-21 22:17:27,670 root                INFO: Train: Epoch 137: train loss 0.0009
2022-01-21 22:17:28,745 root                INFO: Train: Epoch 138: train loss 0.0009
2022-01-21 22:17:29,757 root                INFO: Train: Epoch 139: train loss 0.0009
2022-01-21 22:17:30,597 root                INFO: Train: Epoch 140: train loss 0.0010
2022-01-21 22:17:31,606 root                INFO: Train: Epoch 141: train loss 0.0009
2022-01-21 22:17:32,458 root                INFO: Train: Epoch 142: train loss 0.0008
2022-01-21 22:17:33,524 root                INFO: Train: Epoch 143: train loss 0.0008
2022-01-21 22:17:34,755 root                INFO: Train: Epoch 144: train loss 0.0009
2022-01-21 22:17:35,834 root                INFO: Train: Epoch 145: train loss 0.0009
2022-01-21 22:17:36,713 root                INFO: Train: Epoch 146: train loss 0.0008
2022-01-21 22:17:37,673 root                INFO: Train: Epoch 147: train loss 0.0010
2022-01-21 22:17:38,539 root                INFO: Train: Epoch 148: train loss 0.0009
2022-01-21 22:17:39,480 root                INFO: Train: Epoch 149: train loss 0.0009
2022-01-21 22:17:40,373 root                INFO: Train: Epoch 150: train loss 0.0009
2022-01-21 22:17:41,328 root                INFO: Train: Epoch 151: train loss 0.0009
2022-01-21 22:17:42,157 root                INFO: Train: Epoch 152: train loss 0.0010
2022-01-21 22:17:42,982 root                INFO: Train: Epoch 153: train loss 0.0011
2022-01-21 22:17:43,819 root                INFO: Train: Epoch 154: train loss 0.0008
2022-01-21 22:17:44,651 root                INFO: Train: Epoch 155: train loss 0.0010
2022-01-21 22:17:45,461 root                INFO: Train: Epoch 156: train loss 0.0009
2022-01-21 22:17:46,274 root                INFO: Train: Epoch 157: train loss 0.0010
2022-01-21 22:17:47,096 root                INFO: Train: Epoch 158: train loss 0.0009
2022-01-21 22:17:48,026 root                INFO: Train: Epoch 159: train loss 0.0008
2022-01-21 22:17:48,904 root                INFO: Train: Epoch 160: train loss 0.0009
2022-01-21 22:17:49,734 root                INFO: Train: Epoch 161: train loss 0.0009
2022-01-21 22:17:50,568 root                INFO: Train: Epoch 162: train loss 0.0009
2022-01-21 22:17:51,423 root                INFO: Train: Epoch 163: train loss 0.0008
2022-01-21 22:17:52,277 root                INFO: Train: Epoch 164: train loss 0.0008
2022-01-21 22:17:53,154 root                INFO: Train: Epoch 165: train loss 0.0009
2022-01-21 22:17:54,063 root                INFO: Train: Epoch 166: train loss 0.0010
2022-01-21 22:17:55,071 root                INFO: Train: Epoch 167: train loss 0.0008
2022-01-21 22:17:56,165 root                INFO: Train: Epoch 168: train loss 0.0008
2022-01-21 22:17:57,183 root                INFO: Train: Epoch 169: train loss 0.0009
2022-01-21 22:17:58,189 root                INFO: Train: Epoch 170: train loss 0.0010
2022-01-21 22:17:59,008 root                INFO: Train: Epoch 171: train loss 0.0010
2022-01-21 22:17:59,967 root                INFO: Train: Epoch 172: train loss 0.0011
2022-01-21 22:18:00,806 root                INFO: Train: Epoch 173: train loss 0.0008
2022-01-21 22:18:01,851 root                INFO: Train: Epoch 174: train loss 0.0010
2022-01-21 22:18:02,849 root                INFO: Train: Epoch 175: train loss 0.0009
2022-01-21 22:18:03,803 root                INFO: Train: Epoch 176: train loss 0.0008
2022-01-21 22:18:04,701 root                INFO: Train: Epoch 177: train loss 0.0009
2022-01-21 22:18:05,755 root                INFO: Train: Epoch 178: train loss 0.0009
2022-01-21 22:18:06,695 root                INFO: Train: Epoch 179: train loss 0.0010
2022-01-21 22:18:07,709 root                INFO: Train: Epoch 180: train loss 0.0009
2022-01-21 22:18:08,584 root                INFO: Train: Epoch 181: train loss 0.0009
2022-01-21 22:18:09,393 root                INFO: Train: Epoch 182: train loss 0.0008
2022-01-21 22:18:10,327 root                INFO: Train: Epoch 183: train loss 0.0009
2022-01-21 22:18:11,179 root                INFO: Train: Epoch 184: train loss 0.0009
2022-01-21 22:18:12,071 root                INFO: Train: Epoch 185: train loss 0.0010
2022-01-21 22:18:12,896 root                INFO: Train: Epoch 186: train loss 0.0009
2022-01-21 22:18:13,731 root                INFO: Train: Epoch 187: train loss 0.0008
2022-01-21 22:18:14,681 root                INFO: Train: Epoch 188: train loss 0.0010
2022-01-21 22:18:15,491 root                INFO: Train: Epoch 189: train loss 0.0010
2022-01-21 22:18:16,327 root                INFO: Train: Epoch 190: train loss 0.0010
2022-01-21 22:18:17,360 root                INFO: Train: Epoch 191: train loss 0.0008
2022-01-21 22:18:18,184 root                INFO: Train: Epoch 192: train loss 0.0008
2022-01-21 22:18:19,092 root                INFO: Train: Epoch 193: train loss 0.0010
2022-01-21 22:18:19,834 root                INFO: Train: Epoch 194: train loss 0.0008
2022-01-21 22:18:20,677 root                INFO: Train: Epoch 195: train loss 0.0009
2022-01-21 22:18:21,488 root                INFO: Train: Epoch 196: train loss 0.0009
2022-01-21 22:18:22,314 root                INFO: Train: Epoch 197: train loss 0.0009
2022-01-21 22:18:23,265 root                INFO: Train: Epoch 198: train loss 0.0009
2022-01-21 22:18:24,125 root                INFO: Train: Epoch 199: train loss 0.0009
2022-01-21 22:18:25,029 root                INFO: Train: Epoch 200: train loss 0.0010
2022-01-21 22:18:40,454 root                INFO: Valid: Epoch 200: kendall tau 0.2396 0.1842; loss 0.0004492 0.0002981
2022-01-21 22:18:40,461 root                INFO: Epoch 200: Save checkpoint to nb301_anytime_tagates/tagates_0.01/123/21/200.ckpt
2022-01-21 22:18:55,888 root                INFO: [0.0, 0.0, 0.0, 0.033685859772816296, 0.14764049344037594, 0.6351425438596491, 1.0]
2022-01-21 22:18:55,889 root                INFO: [0.0, 0.0, 0.0, 0.01645123384253819, 0.10436655570785197, 0.6043624686716792, 1.0]
2022-01-21 22:18:55,889 root                INFO: [3338, 3338]
2022-01-21 22:18:55,889 root                INFO: [3675, 3675]
