2022-01-21 17:33:30,222 root                INFO: GPU device = 4
2022-01-21 17:33:30,223 root                INFO: Load pkl cache from nasbench301_train.pkl and nasbench301_valid.pkl
2022-01-21 17:33:30,798 root                INFO: Config: {'arch_network_cfg': {'arch_embedder_cfg': {'take_adj_as_input': True, 'gcn_kwargs': {'residual_only': 2}, 'gcn_out_dims': [64, 64, 64, 64, 64], 'hidden_dim': 32, 'node_dim': 32, 'op_dim': 32, 'use_bn': False, 'final_concat': False, 'other_node_zero': False, 'num_time_steps': 2, 'fb_conversion_dims': [64, 64], 'backward_gcn_out_dims': [64, 64, 64, 64, 64], 'updateopemb_method': 'concat_ofb', 'updateopemb_dims': [64], 'share_skip_and_outskip': True, 'detach_vinfo': False, 'updateopemb_scale': 0.1, 'updateopemb_detach_opemb': True, 'updateopemb_detach_finfo': True, 'mask_nonparametrized_ops': True, 'symmetry_breaking_method': 'param_zs_add', 'concat_param_zs_as_opemb_dimension': 5, 'concat_param_zs_as_opemb_scale': 1.0}, 'arch_embedder_type': 'cellss-fbflow-anytime', 'compare_loss_type': 'margin_linear', 'compare_margin': 0.1, 'mlp_dropout': 0.1, 'mlp_hiddens': [200], 'mlp_out_dim': 1, 'optimizer': {'lr': 0.001, 'type': 'Adam'}, 'scheduler': None}, 'arch_network_type': 'pointwise_comparator', 'batch_size': 128, 'choose_pair_criterion': 'random', 'compare': False, 'compare_threshold': 0.0, 'epochs': 200, 'max_compare_ratio': 16.0}
2022-01-21 17:33:34,238 root                INFO: Combined args: Namespace(arch_network_type='pointwise_comparator', batch_size=128, cfg_file='cfgs/nb301_cfgs/tagates_anytime.yaml', choose_pair_criterion='random', compare=False, compare_threshold=0.0, epochs=200, eval_only_last=1, gpu=4, load=None, max_compare_ratio=16.0, num_workers=4, report_freq=200, save_every=200, save_predict=None, seed=2021, test_funcs=None, test_only=False, train_dir='nb301_anytime_tagates/tagates_0.005/1/2021', train_pkl='../mynas/data/nasbench-301/nasbench301_train_mtx_anytime_1.pkl', train_ratio=0.005, valid_pkl='../mynas/data/nasbench-301/nasbench301_valid_mtx_anytime.pkl')
2022-01-21 17:33:34,247 root                INFO: Train dataset ratio: 0.005
2022-01-21 17:33:34,248 root                INFO: Number of architectures: train: 29; valid: 51072
2022-01-21 17:33:47,245 root                INFO: Train: Epoch   1: train loss 0.3321
2022-01-21 17:33:47,669 root                INFO: Train: Epoch   2: train loss 0.3238
2022-01-21 17:33:48,095 root                INFO: Train: Epoch   3: train loss 0.3123
2022-01-21 17:33:48,553 root                INFO: Train: Epoch   4: train loss 0.2984
2022-01-21 17:33:49,027 root                INFO: Train: Epoch   5: train loss 0.2818
2022-01-21 17:33:49,438 root                INFO: Train: Epoch   6: train loss 0.2595
2022-01-21 17:33:49,881 root                INFO: Train: Epoch   7: train loss 0.2329
2022-01-21 17:33:50,343 root                INFO: Train: Epoch   8: train loss 0.2015
2022-01-21 17:33:50,763 root                INFO: Train: Epoch   9: train loss 0.1620
2022-01-21 17:33:51,220 root                INFO: Train: Epoch  10: train loss 0.1150
2022-01-21 17:33:51,684 root                INFO: Train: Epoch  11: train loss 0.0686
2022-01-21 17:33:52,146 root                INFO: Train: Epoch  12: train loss 0.0277
2022-01-21 17:33:52,605 root                INFO: Train: Epoch  13: train loss 0.0055
2022-01-21 17:33:53,055 root                INFO: Train: Epoch  14: train loss 0.0011
2022-01-21 17:33:53,547 root                INFO: Train: Epoch  15: train loss 0.0058
2022-01-21 17:33:54,031 root                INFO: Train: Epoch  16: train loss 0.0108
2022-01-21 17:33:54,485 root                INFO: Train: Epoch  17: train loss 0.0139
2022-01-21 17:33:54,965 root                INFO: Train: Epoch  18: train loss 0.0159
2022-01-21 17:33:55,432 root                INFO: Train: Epoch  19: train loss 0.0168
2022-01-21 17:33:55,912 root                INFO: Train: Epoch  20: train loss 0.0173
2022-01-21 17:33:56,391 root                INFO: Train: Epoch  21: train loss 0.0175
2022-01-21 17:33:56,873 root                INFO: Train: Epoch  22: train loss 0.0177
2022-01-21 17:33:57,389 root                INFO: Train: Epoch  23: train loss 0.0177
2022-01-21 17:33:57,850 root                INFO: Train: Epoch  24: train loss 0.0178
2022-01-21 17:33:58,355 root                INFO: Train: Epoch  25: train loss 0.0178
2022-01-21 17:33:58,843 root                INFO: Train: Epoch  26: train loss 0.0178
2022-01-21 17:33:59,347 root                INFO: Train: Epoch  27: train loss 0.0178
2022-01-21 17:33:59,841 root                INFO: Train: Epoch  28: train loss 0.0178
2022-01-21 17:34:00,341 root                INFO: Train: Epoch  29: train loss 0.0178
2022-01-21 17:34:00,872 root                INFO: Train: Epoch  30: train loss 0.0178
2022-01-21 17:34:01,393 root                INFO: Train: Epoch  31: train loss 0.0178
2022-01-21 17:34:01,902 root                INFO: Train: Epoch  32: train loss 0.0178
2022-01-21 17:34:02,425 root                INFO: Train: Epoch  33: train loss 0.0178
2022-01-21 17:34:02,921 root                INFO: Train: Epoch  34: train loss 0.0178
2022-01-21 17:34:03,415 root                INFO: Train: Epoch  35: train loss 0.0178
2022-01-21 17:34:03,876 root                INFO: Train: Epoch  36: train loss 0.0178
2022-01-21 17:34:04,370 root                INFO: Train: Epoch  37: train loss 0.0178
2022-01-21 17:34:04,870 root                INFO: Train: Epoch  38: train loss 0.0178
2022-01-21 17:34:05,381 root                INFO: Train: Epoch  39: train loss 0.0178
2022-01-21 17:34:05,880 root                INFO: Train: Epoch  40: train loss 0.0178
2022-01-21 17:34:06,376 root                INFO: Train: Epoch  41: train loss 0.0178
2022-01-21 17:34:06,893 root                INFO: Train: Epoch  42: train loss 0.0178
2022-01-21 17:34:07,390 root                INFO: Train: Epoch  43: train loss 0.0178
2022-01-21 17:34:07,893 root                INFO: Train: Epoch  44: train loss 0.0178
2022-01-21 17:34:08,415 root                INFO: Train: Epoch  45: train loss 0.0178
2022-01-21 17:34:08,901 root                INFO: Train: Epoch  46: train loss 0.0178
2022-01-21 17:34:09,383 root                INFO: Train: Epoch  47: train loss 0.0178
2022-01-21 17:34:09,909 root                INFO: Train: Epoch  48: train loss 0.0178
2022-01-21 17:34:10,397 root                INFO: Train: Epoch  49: train loss 0.0178
2022-01-21 17:34:10,901 root                INFO: Train: Epoch  50: train loss 0.0178
2022-01-21 17:34:11,401 root                INFO: Train: Epoch  51: train loss 0.0178
2022-01-21 17:34:11,913 root                INFO: Train: Epoch  52: train loss 0.0178
2022-01-21 17:34:12,412 root                INFO: Train: Epoch  53: train loss 0.0178
2022-01-21 17:34:12,921 root                INFO: Train: Epoch  54: train loss 0.0178
2022-01-21 17:34:13,392 root                INFO: Train: Epoch  55: train loss 0.0178
2022-01-21 17:34:13,915 root                INFO: Train: Epoch  56: train loss 0.0178
2022-01-21 17:34:14,435 root                INFO: Train: Epoch  57: train loss 0.0178
2022-01-21 17:34:14,940 root                INFO: Train: Epoch  58: train loss 0.0178
2022-01-21 17:34:15,438 root                INFO: Train: Epoch  59: train loss 0.0178
2022-01-21 17:34:15,925 root                INFO: Train: Epoch  60: train loss 0.0178
2022-01-21 17:34:16,413 root                INFO: Train: Epoch  61: train loss 0.0178
2022-01-21 17:34:16,931 root                INFO: Train: Epoch  62: train loss 0.0178
2022-01-21 17:34:17,441 root                INFO: Train: Epoch  63: train loss 0.0178
2022-01-21 17:34:17,910 root                INFO: Train: Epoch  64: train loss 0.0178
2022-01-21 17:34:18,409 root                INFO: Train: Epoch  65: train loss 0.0178
2022-01-21 17:34:18,934 root                INFO: Train: Epoch  66: train loss 0.0178
2022-01-21 17:34:19,445 root                INFO: Train: Epoch  67: train loss 0.0178
2022-01-21 17:34:19,966 root                INFO: Train: Epoch  68: train loss 0.0178
2022-01-21 17:34:20,464 root                INFO: Train: Epoch  69: train loss 0.0178
2022-01-21 17:34:20,989 root                INFO: Train: Epoch  70: train loss 0.0178
2022-01-21 17:34:21,478 root                INFO: Train: Epoch  71: train loss 0.0178
2022-01-21 17:34:21,990 root                INFO: Train: Epoch  72: train loss 0.0178
2022-01-21 17:34:22,502 root                INFO: Train: Epoch  73: train loss 0.0178
2022-01-21 17:34:23,041 root                INFO: Train: Epoch  74: train loss 0.0178
2022-01-21 17:34:23,633 root                INFO: Train: Epoch  75: train loss 0.0178
2022-01-21 17:34:24,161 root                INFO: Train: Epoch  76: train loss 0.0178
2022-01-21 17:34:24,660 root                INFO: Train: Epoch  77: train loss 0.0178
2022-01-21 17:34:25,183 root                INFO: Train: Epoch  78: train loss 0.0178
2022-01-21 17:34:25,678 root                INFO: Train: Epoch  79: train loss 0.0178
2022-01-21 17:34:26,197 root                INFO: Train: Epoch  80: train loss 0.0178
2022-01-21 17:34:26,725 root                INFO: Train: Epoch  81: train loss 0.0178
2022-01-21 17:34:27,246 root                INFO: Train: Epoch  82: train loss 0.0178
2022-01-21 17:34:27,770 root                INFO: Train: Epoch  83: train loss 0.0178
2022-01-21 17:34:28,302 root                INFO: Train: Epoch  84: train loss 0.0178
2022-01-21 17:34:28,821 root                INFO: Train: Epoch  85: train loss 0.0178
2022-01-21 17:34:29,335 root                INFO: Train: Epoch  86: train loss 0.0178
2022-01-21 17:34:29,869 root                INFO: Train: Epoch  87: train loss 0.0178
2022-01-21 17:34:30,387 root                INFO: Train: Epoch  88: train loss 0.0178
2022-01-21 17:34:30,898 root                INFO: Train: Epoch  89: train loss 0.0178
2022-01-21 17:34:31,396 root                INFO: Train: Epoch  90: train loss 0.0178
2022-01-21 17:34:31,899 root                INFO: Train: Epoch  91: train loss 0.0178
2022-01-21 17:34:32,407 root                INFO: Train: Epoch  92: train loss 0.0178
2022-01-21 17:34:32,908 root                INFO: Train: Epoch  93: train loss 0.0178
2022-01-21 17:34:33,404 root                INFO: Train: Epoch  94: train loss 0.0178
2022-01-21 17:34:33,939 root                INFO: Train: Epoch  95: train loss 0.0178
2022-01-21 17:34:34,467 root                INFO: Train: Epoch  96: train loss 0.0178
2022-01-21 17:34:34,992 root                INFO: Train: Epoch  97: train loss 0.0178
2022-01-21 17:34:35,536 root                INFO: Train: Epoch  98: train loss 0.0178
2022-01-21 17:34:36,034 root                INFO: Train: Epoch  99: train loss 0.0178
2022-01-21 17:34:36,571 root                INFO: Train: Epoch 100: train loss 0.0178
2022-01-21 17:34:37,085 root                INFO: Train: Epoch 101: train loss 0.0178
2022-01-21 17:34:37,613 root                INFO: Train: Epoch 102: train loss 0.0178
2022-01-21 17:34:38,113 root                INFO: Train: Epoch 103: train loss 0.0178
2022-01-21 17:34:38,638 root                INFO: Train: Epoch 104: train loss 0.0178
2022-01-21 17:34:39,166 root                INFO: Train: Epoch 105: train loss 0.0178
2022-01-21 17:34:39,704 root                INFO: Train: Epoch 106: train loss 0.0178
2022-01-21 17:34:40,235 root                INFO: Train: Epoch 107: train loss 0.0178
2022-01-21 17:34:40,790 root                INFO: Train: Epoch 108: train loss 0.0178
2022-01-21 17:34:41,342 root                INFO: Train: Epoch 109: train loss 0.0178
2022-01-21 17:34:41,883 root                INFO: Train: Epoch 110: train loss 0.0178
2022-01-21 17:34:42,408 root                INFO: Train: Epoch 111: train loss 0.0178
2022-01-21 17:34:42,899 root                INFO: Train: Epoch 112: train loss 0.0178
2022-01-21 17:34:43,435 root                INFO: Train: Epoch 113: train loss 0.0178
2022-01-21 17:34:43,959 root                INFO: Train: Epoch 114: train loss 0.0178
2022-01-21 17:34:44,477 root                INFO: Train: Epoch 115: train loss 0.0178
2022-01-21 17:34:44,998 root                INFO: Train: Epoch 116: train loss 0.0178
2022-01-21 17:34:45,530 root                INFO: Train: Epoch 117: train loss 0.0178
2022-01-21 17:34:46,066 root                INFO: Train: Epoch 118: train loss 0.0178
2022-01-21 17:34:46,614 root                INFO: Train: Epoch 119: train loss 0.0178
2022-01-21 17:34:47,131 root                INFO: Train: Epoch 120: train loss 0.0178
2022-01-21 17:34:47,659 root                INFO: Train: Epoch 121: train loss 0.0178
2022-01-21 17:34:48,202 root                INFO: Train: Epoch 122: train loss 0.0178
2022-01-21 17:34:48,721 root                INFO: Train: Epoch 123: train loss 0.0178
2022-01-21 17:34:49,236 root                INFO: Train: Epoch 124: train loss 0.0177
2022-01-21 17:34:49,758 root                INFO: Train: Epoch 125: train loss 0.0175
2022-01-21 17:34:50,307 root                INFO: Train: Epoch 126: train loss 0.0176
2022-01-21 17:34:50,841 root                INFO: Train: Epoch 127: train loss 0.0176
2022-01-21 17:34:51,357 root                INFO: Train: Epoch 128: train loss 0.0171
2022-01-21 17:34:51,917 root                INFO: Train: Epoch 129: train loss 0.0169
2022-01-21 17:34:52,442 root                INFO: Train: Epoch 130: train loss 0.0153
2022-01-21 17:34:52,962 root                INFO: Train: Epoch 131: train loss 0.0136
2022-01-21 17:34:53,497 root                INFO: Train: Epoch 132: train loss 0.0124
2022-01-21 17:34:54,023 root                INFO: Train: Epoch 133: train loss 0.0283
2022-01-21 17:34:54,573 root                INFO: Train: Epoch 134: train loss 0.0126
2022-01-21 17:34:55,104 root                INFO: Train: Epoch 135: train loss 0.0116
2022-01-21 17:34:55,629 root                INFO: Train: Epoch 136: train loss 0.0153
2022-01-21 17:34:56,141 root                INFO: Train: Epoch 137: train loss 0.0140
2022-01-21 17:34:56,681 root                INFO: Train: Epoch 138: train loss 0.0152
2022-01-21 17:34:57,232 root                INFO: Train: Epoch 139: train loss 0.0147
2022-01-21 17:34:57,739 root                INFO: Train: Epoch 140: train loss 0.0142
2022-01-21 17:34:58,287 root                INFO: Train: Epoch 141: train loss 0.0135
2022-01-21 17:34:58,789 root                INFO: Train: Epoch 142: train loss 0.0112
2022-01-21 17:34:59,366 root                INFO: Train: Epoch 143: train loss 0.0096
2022-01-21 17:34:59,907 root                INFO: Train: Epoch 144: train loss 0.0089
2022-01-21 17:35:00,427 root                INFO: Train: Epoch 145: train loss 0.0097
2022-01-21 17:35:00,965 root                INFO: Train: Epoch 146: train loss 0.0073
2022-01-21 17:35:01,463 root                INFO: Train: Epoch 147: train loss 0.0101
2022-01-21 17:35:01,990 root                INFO: Train: Epoch 148: train loss 0.0079
2022-01-21 17:35:02,496 root                INFO: Train: Epoch 149: train loss 0.0100
2022-01-21 17:35:03,015 root                INFO: Train: Epoch 150: train loss 0.0082
2022-01-21 17:35:03,533 root                INFO: Train: Epoch 151: train loss 0.0074
2022-01-21 17:35:04,057 root                INFO: Train: Epoch 152: train loss 0.0075
2022-01-21 17:35:04,586 root                INFO: Train: Epoch 153: train loss 0.0077
2022-01-21 17:35:05,114 root                INFO: Train: Epoch 154: train loss 0.0071
2022-01-21 17:35:05,602 root                INFO: Train: Epoch 155: train loss 0.0087
2022-01-21 17:35:06,150 root                INFO: Train: Epoch 156: train loss 0.0072
2022-01-21 17:35:06,669 root                INFO: Train: Epoch 157: train loss 0.0063
2022-01-21 17:35:07,186 root                INFO: Train: Epoch 158: train loss 0.0065
2022-01-21 17:35:07,697 root                INFO: Train: Epoch 159: train loss 0.0073
2022-01-21 17:35:08,154 root                INFO: Train: Epoch 160: train loss 0.0073
2022-01-21 17:35:08,651 root                INFO: Train: Epoch 161: train loss 0.0061
2022-01-21 17:35:09,141 root                INFO: Train: Epoch 162: train loss 0.0062
2022-01-21 17:35:09,655 root                INFO: Train: Epoch 163: train loss 0.0060
2022-01-21 17:35:10,155 root                INFO: Train: Epoch 164: train loss 0.0060
2022-01-21 17:35:10,667 root                INFO: Train: Epoch 165: train loss 0.0059
2022-01-21 17:35:11,167 root                INFO: Train: Epoch 166: train loss 0.0056
2022-01-21 17:35:11,660 root                INFO: Train: Epoch 167: train loss 0.0048
2022-01-21 17:35:12,151 root                INFO: Train: Epoch 168: train loss 0.0037
2022-01-21 17:35:12,656 root                INFO: Train: Epoch 169: train loss 0.0031
2022-01-21 17:35:13,142 root                INFO: Train: Epoch 170: train loss 0.0026
2022-01-21 17:35:13,671 root                INFO: Train: Epoch 171: train loss 0.0023
2022-01-21 17:35:14,179 root                INFO: Train: Epoch 172: train loss 0.0018
2022-01-21 17:35:14,702 root                INFO: Train: Epoch 173: train loss 0.0012
2022-01-21 17:35:15,211 root                INFO: Train: Epoch 174: train loss 0.0016
2022-01-21 17:35:15,706 root                INFO: Train: Epoch 175: train loss 0.0014
2022-01-21 17:35:16,189 root                INFO: Train: Epoch 176: train loss 0.0023
2022-01-21 17:35:16,678 root                INFO: Train: Epoch 177: train loss 0.0017
2022-01-21 17:35:17,155 root                INFO: Train: Epoch 178: train loss 0.0022
2022-01-21 17:35:17,652 root                INFO: Train: Epoch 179: train loss 0.0013
2022-01-21 17:35:18,158 root                INFO: Train: Epoch 180: train loss 0.0016
2022-01-21 17:35:18,670 root                INFO: Train: Epoch 181: train loss 0.0012
2022-01-21 17:35:19,204 root                INFO: Train: Epoch 182: train loss 0.0011
2022-01-21 17:35:19,685 root                INFO: Train: Epoch 183: train loss 0.0011
2022-01-21 17:35:20,186 root                INFO: Train: Epoch 184: train loss 0.0011
2022-01-21 17:35:20,684 root                INFO: Train: Epoch 185: train loss 0.0009
2022-01-21 17:35:21,150 root                INFO: Train: Epoch 186: train loss 0.0011
2022-01-21 17:35:21,638 root                INFO: Train: Epoch 187: train loss 0.0011
2022-01-21 17:35:22,141 root                INFO: Train: Epoch 188: train loss 0.0009
2022-01-21 17:35:22,634 root                INFO: Train: Epoch 189: train loss 0.0011
2022-01-21 17:35:23,106 root                INFO: Train: Epoch 190: train loss 0.0007
2022-01-21 17:35:23,572 root                INFO: Train: Epoch 191: train loss 0.0010
2022-01-21 17:35:24,007 root                INFO: Train: Epoch 192: train loss 0.0010
2022-01-21 17:35:24,453 root                INFO: Train: Epoch 193: train loss 0.0012
2022-01-21 17:35:24,942 root                INFO: Train: Epoch 194: train loss 0.0007
2022-01-21 17:35:25,435 root                INFO: Train: Epoch 195: train loss 0.0010
2022-01-21 17:35:25,888 root                INFO: Train: Epoch 196: train loss 0.0010
2022-01-21 17:35:26,347 root                INFO: Train: Epoch 197: train loss 0.0006
2022-01-21 17:35:26,821 root                INFO: Train: Epoch 198: train loss 0.0007
2022-01-21 17:35:27,311 root                INFO: Train: Epoch 199: train loss 0.0009
2022-01-21 17:35:27,823 root                INFO: Train: Epoch 200: train loss 0.0008
2022-01-21 17:35:42,363 root                INFO: Valid: Epoch 200: kendall tau 0.3086 0.2457; loss 0.0004693 0.0002352
2022-01-21 17:35:42,370 root                INFO: Epoch 200: Save checkpoint to nb301_anytime_tagates/tagates_0.005/1/2021/200.ckpt
2022-01-21 17:35:56,480 root                INFO: [0.0, 0.0, 0.0, 0.13278495887191538, 0.27472097121597805, 0.65625, 1.0]
2022-01-21 17:35:56,481 root                INFO: [0.0, 0.0, 0.0, 0.08108108108108109, 0.20951635010769531, 0.6199874686716792, 1.0]
2022-01-21 17:35:56,481 root                INFO: [1141, 1141]
2022-01-21 17:35:56,481 root                INFO: [1304, 1304]
2022-01-21 22:08:36,726 root                INFO: GPU device = 0
2022-01-21 22:08:36,727 root                INFO: Load pkl cache from nasbench301_train.pkl and nasbench301_valid.pkl
2022-01-21 22:08:37,468 root                INFO: Config: {'arch_network_cfg': {'arch_embedder_cfg': {'take_adj_as_input': True, 'gcn_kwargs': {'residual_only': 2}, 'gcn_out_dims': [64, 64, 64, 64, 64], 'hidden_dim': 32, 'node_dim': 32, 'op_dim': 32, 'use_bn': False, 'final_concat': False, 'other_node_zero': False, 'num_time_steps': 2, 'fb_conversion_dims': [64, 64], 'backward_gcn_out_dims': [64, 64, 64, 64, 64], 'updateopemb_method': 'concat_ofb', 'updateopemb_dims': [64], 'share_skip_and_outskip': True, 'detach_vinfo': False, 'updateopemb_scale': 0.1, 'updateopemb_detach_opemb': True, 'updateopemb_detach_finfo': True, 'mask_nonparametrized_ops': True, 'symmetry_breaking_method': 'param_zs_add', 'concat_param_zs_as_opemb_dimension': 5, 'concat_param_zs_as_opemb_scale': 1.0}, 'arch_embedder_type': 'cellss-fbflow-anytime', 'compare_loss_type': 'margin_linear', 'compare_margin': 0.1, 'mlp_dropout': 0.1, 'mlp_hiddens': [200], 'mlp_out_dim': 1, 'optimizer': {'lr': 0.0001, 'type': 'Adam'}, 'scheduler': None}, 'arch_network_type': 'pointwise_comparator', 'batch_size': 128, 'choose_pair_criterion': 'random', 'compare': False, 'compare_threshold': 0.0, 'epochs': 200, 'max_compare_ratio': 16.0}
2022-01-21 22:08:41,786 root                INFO: Combined args: Namespace(arch_network_type='pointwise_comparator', batch_size=128, cfg_file='cfgs/nb301_cfgs/tagates_anytime.yaml', choose_pair_criterion='random', compare=False, compare_threshold=0.0, epochs=200, eval_only_last=1, gpu=0, load=None, max_compare_ratio=16.0, num_workers=4, report_freq=200, save_every=200, save_predict=None, seed=2021, test_funcs=None, test_only=False, train_dir='nb301_anytime_tagates/tagates_0.005/1/2021', train_pkl='../mynas/data/nasbench-301/nasbench301_train_mtx_anytime_1.pkl', train_ratio=0.005, valid_pkl='../mynas/data/nasbench-301/nasbench301_valid_mtx_anytime.pkl')
2022-01-21 22:08:41,802 root                INFO: Train dataset ratio: 0.005
2022-01-21 22:08:41,803 root                INFO: Number of architectures: train: 29; valid: 51072
2022-01-21 22:08:55,497 root                INFO: Train: Epoch   1: train loss 0.3321
2022-01-21 22:08:56,070 root                INFO: Train: Epoch   2: train loss 0.3322
2022-01-21 22:08:56,768 root                INFO: Train: Epoch   3: train loss 0.3305
2022-01-21 22:08:57,467 root                INFO: Train: Epoch   4: train loss 0.3294
2022-01-21 22:08:58,191 root                INFO: Train: Epoch   5: train loss 0.3286
2022-01-21 22:08:58,819 root                INFO: Train: Epoch   6: train loss 0.3272
2022-01-21 22:08:59,550 root                INFO: Train: Epoch   7: train loss 0.3265
2022-01-21 22:09:00,197 root                INFO: Train: Epoch   8: train loss 0.3265
2022-01-21 22:09:00,926 root                INFO: Train: Epoch   9: train loss 0.3256
2022-01-21 22:09:01,585 root                INFO: Train: Epoch  10: train loss 0.3242
2022-01-21 22:09:02,261 root                INFO: Train: Epoch  11: train loss 0.3232
2022-01-21 22:09:02,979 root                INFO: Train: Epoch  12: train loss 0.3217
2022-01-21 22:09:03,617 root                INFO: Train: Epoch  13: train loss 0.3206
2022-01-21 22:09:04,306 root                INFO: Train: Epoch  14: train loss 0.3199
2022-01-21 22:09:04,983 root                INFO: Train: Epoch  15: train loss 0.3182
2022-01-21 22:09:05,604 root                INFO: Train: Epoch  16: train loss 0.3170
2022-01-21 22:09:06,302 root                INFO: Train: Epoch  17: train loss 0.3164
2022-01-21 22:09:06,990 root                INFO: Train: Epoch  18: train loss 0.3139
2022-01-21 22:09:07,878 root                INFO: Train: Epoch  19: train loss 0.3131
2022-01-21 22:09:08,648 root                INFO: Train: Epoch  20: train loss 0.3116
2022-01-21 22:09:09,351 root                INFO: Train: Epoch  21: train loss 0.3106
2022-01-21 22:09:10,121 root                INFO: Train: Epoch  22: train loss 0.3085
2022-01-21 22:09:10,860 root                INFO: Train: Epoch  23: train loss 0.3062
2022-01-21 22:09:11,553 root                INFO: Train: Epoch  24: train loss 0.3052
2022-01-21 22:09:12,237 root                INFO: Train: Epoch  25: train loss 0.3025
2022-01-21 22:09:12,947 root                INFO: Train: Epoch  26: train loss 0.3012
2022-01-21 22:09:13,683 root                INFO: Train: Epoch  27: train loss 0.2989
2022-01-21 22:09:14,458 root                INFO: Train: Epoch  28: train loss 0.2974
2022-01-21 22:09:15,132 root                INFO: Train: Epoch  29: train loss 0.2947
2022-01-21 22:09:15,922 root                INFO: Train: Epoch  30: train loss 0.2926
2022-01-21 22:09:16,599 root                INFO: Train: Epoch  31: train loss 0.2898
2022-01-21 22:09:17,366 root                INFO: Train: Epoch  32: train loss 0.2869
2022-01-21 22:09:18,179 root                INFO: Train: Epoch  33: train loss 0.2853
2022-01-21 22:09:18,828 root                INFO: Train: Epoch  34: train loss 0.2825
2022-01-21 22:09:19,569 root                INFO: Train: Epoch  35: train loss 0.2780
2022-01-21 22:09:20,391 root                INFO: Train: Epoch  36: train loss 0.2759
2022-01-21 22:09:21,091 root                INFO: Train: Epoch  37: train loss 0.2740
2022-01-21 22:09:21,780 root                INFO: Train: Epoch  38: train loss 0.2690
2022-01-21 22:09:22,497 root                INFO: Train: Epoch  39: train loss 0.2663
2022-01-21 22:09:23,152 root                INFO: Train: Epoch  40: train loss 0.2633
2022-01-21 22:09:23,895 root                INFO: Train: Epoch  41: train loss 0.2591
2022-01-21 22:09:24,620 root                INFO: Train: Epoch  42: train loss 0.2549
2022-01-21 22:09:25,318 root                INFO: Train: Epoch  43: train loss 0.2511
2022-01-21 22:09:26,010 root                INFO: Train: Epoch  44: train loss 0.2460
2022-01-21 22:09:26,765 root                INFO: Train: Epoch  45: train loss 0.2417
2022-01-21 22:09:27,542 root                INFO: Train: Epoch  46: train loss 0.2365
2022-01-21 22:09:28,172 root                INFO: Train: Epoch  47: train loss 0.2325
2022-01-21 22:09:28,911 root                INFO: Train: Epoch  48: train loss 0.2282
2022-01-21 22:09:29,624 root                INFO: Train: Epoch  49: train loss 0.2208
2022-01-21 22:09:30,380 root                INFO: Train: Epoch  50: train loss 0.2156
2022-01-21 22:09:31,135 root                INFO: Train: Epoch  51: train loss 0.2104
2022-01-21 22:09:31,872 root                INFO: Train: Epoch  52: train loss 0.2041
2022-01-21 22:09:32,545 root                INFO: Train: Epoch  53: train loss 0.1970
2022-01-21 22:09:33,188 root                INFO: Train: Epoch  54: train loss 0.1906
2022-01-21 22:09:33,953 root                INFO: Train: Epoch  55: train loss 0.1856
2022-01-21 22:09:34,705 root                INFO: Train: Epoch  56: train loss 0.1784
2022-01-21 22:09:35,466 root                INFO: Train: Epoch  57: train loss 0.1696
2022-01-21 22:09:36,231 root                INFO: Train: Epoch  58: train loss 0.1620
2022-01-21 22:09:37,096 root                INFO: Train: Epoch  59: train loss 0.1550
2022-01-21 22:09:37,707 root                INFO: Train: Epoch  60: train loss 0.1473
2022-01-21 22:09:38,423 root                INFO: Train: Epoch  61: train loss 0.1401
2022-01-21 22:09:39,171 root                INFO: Train: Epoch  62: train loss 0.1326
2022-01-21 22:09:39,949 root                INFO: Train: Epoch  63: train loss 0.1223
2022-01-21 22:09:40,707 root                INFO: Train: Epoch  64: train loss 0.1145
2022-01-21 22:09:41,850 root                INFO: Train: Epoch  65: train loss 0.1062
2022-01-21 22:09:42,445 root                INFO: Train: Epoch  66: train loss 0.0971
2022-01-21 22:09:43,170 root                INFO: Train: Epoch  67: train loss 0.0904
2022-01-21 22:09:43,877 root                INFO: Train: Epoch  68: train loss 0.0805
2022-01-21 22:09:44,603 root                INFO: Train: Epoch  69: train loss 0.0749
2022-01-21 22:09:45,376 root                INFO: Train: Epoch  70: train loss 0.0685
2022-01-21 22:09:46,118 root                INFO: Train: Epoch  71: train loss 0.0580
2022-01-21 22:09:46,759 root                INFO: Train: Epoch  72: train loss 0.0527
2022-01-21 22:09:47,441 root                INFO: Train: Epoch  73: train loss 0.0450
2022-01-21 22:09:48,094 root                INFO: Train: Epoch  74: train loss 0.0388
2022-01-21 22:09:49,073 root                INFO: Train: Epoch  75: train loss 0.0331
2022-01-21 22:09:50,085 root                INFO: Train: Epoch  76: train loss 0.0280
2022-01-21 22:09:51,031 root                INFO: Train: Epoch  77: train loss 0.0230
2022-01-21 22:09:52,034 root                INFO: Train: Epoch  78: train loss 0.0191
2022-01-21 22:09:53,099 root                INFO: Train: Epoch  79: train loss 0.0149
2022-01-21 22:09:53,832 root                INFO: Train: Epoch  80: train loss 0.0124
2022-01-21 22:09:54,508 root                INFO: Train: Epoch  81: train loss 0.0093
2022-01-21 22:09:55,231 root                INFO: Train: Epoch  82: train loss 0.0071
2022-01-21 22:09:55,988 root                INFO: Train: Epoch  83: train loss 0.0053
2022-01-21 22:09:56,741 root                INFO: Train: Epoch  84: train loss 0.0047
2022-01-21 22:09:57,519 root                INFO: Train: Epoch  85: train loss 0.0037
2022-01-21 22:09:58,244 root                INFO: Train: Epoch  86: train loss 0.0024
2022-01-21 22:09:59,029 root                INFO: Train: Epoch  87: train loss 0.0018
2022-01-21 22:09:59,819 root                INFO: Train: Epoch  88: train loss 0.0013
2022-01-21 22:10:00,662 root                INFO: Train: Epoch  89: train loss 0.0010
2022-01-21 22:10:01,465 root                INFO: Train: Epoch  90: train loss 0.0011
2022-01-21 22:10:02,082 root                INFO: Train: Epoch  91: train loss 0.0009
2022-01-21 22:10:02,854 root                INFO: Train: Epoch  92: train loss 0.0010
2022-01-21 22:10:03,653 root                INFO: Train: Epoch  93: train loss 0.0010
2022-01-21 22:10:04,582 root                INFO: Train: Epoch  94: train loss 0.0011
2022-01-21 22:10:05,394 root                INFO: Train: Epoch  95: train loss 0.0010
2022-01-21 22:10:06,301 root                INFO: Train: Epoch  96: train loss 0.0012
2022-01-21 22:10:07,093 root                INFO: Train: Epoch  97: train loss 0.0015
2022-01-21 22:10:07,905 root                INFO: Train: Epoch  98: train loss 0.0014
2022-01-21 22:10:08,645 root                INFO: Train: Epoch  99: train loss 0.0015
2022-01-21 22:10:09,568 root                INFO: Train: Epoch 100: train loss 0.0014
2022-01-21 22:10:10,378 root                INFO: Train: Epoch 101: train loss 0.0015
2022-01-21 22:10:11,247 root                INFO: Train: Epoch 102: train loss 0.0015
2022-01-21 22:10:12,149 root                INFO: Train: Epoch 103: train loss 0.0017
2022-01-21 22:10:13,066 root                INFO: Train: Epoch 104: train loss 0.0016
2022-01-21 22:10:13,854 root                INFO: Train: Epoch 105: train loss 0.0017
2022-01-21 22:10:14,652 root                INFO: Train: Epoch 106: train loss 0.0016
2022-01-21 22:10:15,353 root                INFO: Train: Epoch 107: train loss 0.0018
2022-01-21 22:10:16,149 root                INFO: Train: Epoch 108: train loss 0.0018
2022-01-21 22:10:16,836 root                INFO: Train: Epoch 109: train loss 0.0017
2022-01-21 22:10:17,527 root                INFO: Train: Epoch 110: train loss 0.0017
2022-01-21 22:10:18,297 root                INFO: Train: Epoch 111: train loss 0.0016
2022-01-21 22:10:19,173 root                INFO: Train: Epoch 112: train loss 0.0015
2022-01-21 22:10:19,965 root                INFO: Train: Epoch 113: train loss 0.0015
2022-01-21 22:10:20,785 root                INFO: Train: Epoch 114: train loss 0.0015
2022-01-21 22:10:21,534 root                INFO: Train: Epoch 115: train loss 0.0011
2022-01-21 22:10:22,268 root                INFO: Train: Epoch 116: train loss 0.0013
2022-01-21 22:10:23,038 root                INFO: Train: Epoch 117: train loss 0.0012
2022-01-21 22:10:23,793 root                INFO: Train: Epoch 118: train loss 0.0012
2022-01-21 22:10:24,519 root                INFO: Train: Epoch 119: train loss 0.0012
2022-01-21 22:10:25,154 root                INFO: Train: Epoch 120: train loss 0.0011
2022-01-21 22:10:25,895 root                INFO: Train: Epoch 121: train loss 0.0010
2022-01-21 22:10:26,547 root                INFO: Train: Epoch 122: train loss 0.0010
2022-01-21 22:10:27,200 root                INFO: Train: Epoch 123: train loss 0.0011
2022-01-21 22:10:27,913 root                INFO: Train: Epoch 124: train loss 0.0008
2022-01-21 22:10:28,577 root                INFO: Train: Epoch 125: train loss 0.0009
2022-01-21 22:10:29,181 root                INFO: Train: Epoch 126: train loss 0.0008
2022-01-21 22:10:29,882 root                INFO: Train: Epoch 127: train loss 0.0007
2022-01-21 22:10:30,661 root                INFO: Train: Epoch 128: train loss 0.0008
2022-01-21 22:10:31,273 root                INFO: Train: Epoch 129: train loss 0.0008
2022-01-21 22:10:31,943 root                INFO: Train: Epoch 130: train loss 0.0009
2022-01-21 22:10:32,610 root                INFO: Train: Epoch 131: train loss 0.0008
2022-01-21 22:10:33,323 root                INFO: Train: Epoch 132: train loss 0.0007
2022-01-21 22:10:34,008 root                INFO: Train: Epoch 133: train loss 0.0008
2022-01-21 22:10:34,650 root                INFO: Train: Epoch 134: train loss 0.0007
2022-01-21 22:10:35,321 root                INFO: Train: Epoch 135: train loss 0.0006
2022-01-21 22:10:35,924 root                INFO: Train: Epoch 136: train loss 0.0008
2022-01-21 22:10:36,528 root                INFO: Train: Epoch 137: train loss 0.0008
2022-01-21 22:10:37,118 root                INFO: Train: Epoch 138: train loss 0.0007
2022-01-21 22:10:37,761 root                INFO: Train: Epoch 139: train loss 0.0008
2022-01-21 22:10:38,442 root                INFO: Train: Epoch 140: train loss 0.0005
2022-01-21 22:10:39,097 root                INFO: Train: Epoch 141: train loss 0.0009
2022-01-21 22:10:39,805 root                INFO: Train: Epoch 142: train loss 0.0008
2022-01-21 22:10:40,362 root                INFO: Train: Epoch 143: train loss 0.0007
2022-01-21 22:10:40,935 root                INFO: Train: Epoch 144: train loss 0.0006
2022-01-21 22:10:41,565 root                INFO: Train: Epoch 145: train loss 0.0007
2022-01-21 22:10:42,248 root                INFO: Train: Epoch 146: train loss 0.0006
2022-01-21 22:10:42,876 root                INFO: Train: Epoch 147: train loss 0.0008
2022-01-21 22:10:43,440 root                INFO: Train: Epoch 148: train loss 0.0007
2022-01-21 22:10:44,075 root                INFO: Train: Epoch 149: train loss 0.0008
2022-01-21 22:10:44,744 root                INFO: Train: Epoch 150: train loss 0.0008
2022-01-21 22:10:45,335 root                INFO: Train: Epoch 151: train loss 0.0007
2022-01-21 22:10:45,962 root                INFO: Train: Epoch 152: train loss 0.0007
2022-01-21 22:10:46,553 root                INFO: Train: Epoch 153: train loss 0.0008
2022-01-21 22:10:47,171 root                INFO: Train: Epoch 154: train loss 0.0006
2022-01-21 22:10:47,808 root                INFO: Train: Epoch 155: train loss 0.0007
2022-01-21 22:10:48,433 root                INFO: Train: Epoch 156: train loss 0.0008
2022-01-21 22:10:48,990 root                INFO: Train: Epoch 157: train loss 0.0007
2022-01-21 22:10:49,654 root                INFO: Train: Epoch 158: train loss 0.0006
2022-01-21 22:10:50,244 root                INFO: Train: Epoch 159: train loss 0.0009
2022-01-21 22:10:50,809 root                INFO: Train: Epoch 160: train loss 0.0006
2022-01-21 22:10:51,386 root                INFO: Train: Epoch 161: train loss 0.0006
2022-01-21 22:10:51,999 root                INFO: Train: Epoch 162: train loss 0.0006
2022-01-21 22:10:52,666 root                INFO: Train: Epoch 163: train loss 0.0007
2022-01-21 22:10:53,247 root                INFO: Train: Epoch 164: train loss 0.0008
2022-01-21 22:10:53,940 root                INFO: Train: Epoch 165: train loss 0.0007
2022-01-21 22:10:54,606 root                INFO: Train: Epoch 166: train loss 0.0008
2022-01-21 22:10:55,249 root                INFO: Train: Epoch 167: train loss 0.0007
2022-01-21 22:10:55,942 root                INFO: Train: Epoch 168: train loss 0.0007
2022-01-21 22:10:56,637 root                INFO: Train: Epoch 169: train loss 0.0007
2022-01-21 22:10:57,469 root                INFO: Train: Epoch 170: train loss 0.0008
2022-01-21 22:10:58,298 root                INFO: Train: Epoch 171: train loss 0.0010
2022-01-21 22:10:59,135 root                INFO: Train: Epoch 172: train loss 0.0008
2022-01-21 22:10:59,941 root                INFO: Train: Epoch 173: train loss 0.0007
2022-01-21 22:11:00,647 root                INFO: Train: Epoch 174: train loss 0.0007
2022-01-21 22:11:01,405 root                INFO: Train: Epoch 175: train loss 0.0007
2022-01-21 22:11:02,286 root                INFO: Train: Epoch 176: train loss 0.0008
2022-01-21 22:11:03,118 root                INFO: Train: Epoch 177: train loss 0.0006
2022-01-21 22:11:03,982 root                INFO: Train: Epoch 178: train loss 0.0008
2022-01-21 22:11:04,921 root                INFO: Train: Epoch 179: train loss 0.0007
2022-01-21 22:11:05,723 root                INFO: Train: Epoch 180: train loss 0.0008
2022-01-21 22:11:06,474 root                INFO: Train: Epoch 181: train loss 0.0006
2022-01-21 22:11:07,387 root                INFO: Train: Epoch 182: train loss 0.0007
2022-01-21 22:11:08,116 root                INFO: Train: Epoch 183: train loss 0.0009
2022-01-21 22:11:08,878 root                INFO: Train: Epoch 184: train loss 0.0007
2022-01-21 22:11:09,684 root                INFO: Train: Epoch 185: train loss 0.0007
2022-01-21 22:11:10,399 root                INFO: Train: Epoch 186: train loss 0.0008
2022-01-21 22:11:11,125 root                INFO: Train: Epoch 187: train loss 0.0006
2022-01-21 22:11:11,977 root                INFO: Train: Epoch 188: train loss 0.0006
2022-01-21 22:11:12,768 root                INFO: Train: Epoch 189: train loss 0.0007
2022-01-21 22:11:13,635 root                INFO: Train: Epoch 190: train loss 0.0006
2022-01-21 22:11:14,535 root                INFO: Train: Epoch 191: train loss 0.0006
2022-01-21 22:11:15,523 root                INFO: Train: Epoch 192: train loss 0.0006
2022-01-21 22:11:16,402 root                INFO: Train: Epoch 193: train loss 0.0009
2022-01-21 22:11:17,244 root                INFO: Train: Epoch 194: train loss 0.0006
2022-01-21 22:11:17,995 root                INFO: Train: Epoch 195: train loss 0.0007
2022-01-21 22:11:18,796 root                INFO: Train: Epoch 196: train loss 0.0008
2022-01-21 22:11:19,549 root                INFO: Train: Epoch 197: train loss 0.0006
2022-01-21 22:11:20,181 root                INFO: Train: Epoch 198: train loss 0.0007
2022-01-21 22:11:20,868 root                INFO: Train: Epoch 199: train loss 0.0007
2022-01-21 22:11:21,453 root                INFO: Train: Epoch 200: train loss 0.0007
2022-01-21 22:11:36,336 root                INFO: Valid: Epoch 200: kendall tau 0.2458 0.1906; loss 0.0004079 0.0002597
2022-01-21 22:11:36,346 root                INFO: Epoch 200: Save checkpoint to nb301_anytime_tagates/tagates_0.005/1/2021/200.ckpt
2022-01-21 22:11:51,372 root                INFO: [0.0, 0.0, 0.0, 0.0736388562475519, 0.19992167613080086, 0.6280545112781954, 1.0]
2022-01-21 22:11:51,372 root                INFO: [0.0, 0.0, 0.0, 0.041519780650215436, 0.14078715488545135, 0.596687030075188, 1.0]
2022-01-21 22:11:51,372 root                INFO: [1905, 1905]
2022-01-21 22:11:51,372 root                INFO: [2397, 2397]
