2022-01-21 17:38:56,221 root                INFO: GPU device = 0
2022-01-21 17:38:56,222 root                INFO: Load pkl cache from nasbench301_train.pkl and nasbench301_valid.pkl
2022-01-21 17:38:56,812 root                INFO: Config: {'arch_network_cfg': {'arch_embedder_cfg': {'take_adj_as_input': True, 'gcn_kwargs': {'residual_only': 2}, 'gcn_out_dims': [64, 64, 64, 64, 64], 'hidden_dim': 32, 'node_dim': 32, 'op_dim': 32, 'use_bn': False, 'final_concat': False, 'other_node_zero': False, 'num_time_steps': 2, 'fb_conversion_dims': [64, 64], 'backward_gcn_out_dims': [64, 64, 64, 64, 64], 'updateopemb_method': 'concat_ofb', 'updateopemb_dims': [64], 'share_skip_and_outskip': True, 'detach_vinfo': False, 'updateopemb_scale': 0.1, 'updateopemb_detach_opemb': True, 'updateopemb_detach_finfo': True, 'mask_nonparametrized_ops': True, 'symmetry_breaking_method': 'param_zs_add', 'concat_param_zs_as_opemb_dimension': 5, 'concat_param_zs_as_opemb_scale': 1.0}, 'arch_embedder_type': 'cellss-fbflow-anytime', 'compare_loss_type': 'margin_linear', 'compare_margin': 0.1, 'mlp_dropout': 0.1, 'mlp_hiddens': [200], 'mlp_out_dim': 1, 'optimizer': {'lr': 0.001, 'type': 'Adam'}, 'scheduler': None}, 'arch_network_type': 'pointwise_comparator', 'batch_size': 128, 'choose_pair_criterion': 'random', 'compare': False, 'compare_threshold': 0.0, 'epochs': 200, 'max_compare_ratio': 16.0}
2022-01-21 17:39:00,151 root                INFO: Combined args: Namespace(arch_network_type='pointwise_comparator', batch_size=128, cfg_file='cfgs/nb301_cfgs/tagates_anytime.yaml', choose_pair_criterion='random', compare=False, compare_threshold=0.0, epochs=200, eval_only_last=1, gpu=0, load=None, max_compare_ratio=16.0, num_workers=4, report_freq=200, save_every=200, save_predict=None, seed=2021, test_funcs=None, test_only=False, train_dir='nb301_anytime_tagates/tagates_0.05/1/2021', train_pkl='../mynas/data/nasbench-301/nasbench301_train_mtx_anytime_1.pkl', train_ratio=0.05, valid_pkl='../mynas/data/nasbench-301/nasbench301_valid_mtx_anytime.pkl')
2022-01-21 17:39:00,161 root                INFO: Train dataset ratio: 0.050
2022-01-21 17:39:00,162 root                INFO: Number of architectures: train: 294; valid: 51072
2022-01-21 17:39:13,879 root                INFO: Train: Epoch   1: train loss 0.3218
2022-01-21 17:39:14,502 root                INFO: Train: Epoch   2: train loss 0.2814
2022-01-21 17:39:15,174 root                INFO: Train: Epoch   3: train loss 0.2022
2022-01-21 17:39:15,814 root                INFO: Train: Epoch   4: train loss 0.0748
2022-01-21 17:39:16,430 root                INFO: Train: Epoch   5: train loss 0.0035
2022-01-21 17:39:17,042 root                INFO: Train: Epoch   6: train loss 0.0142
2022-01-21 17:39:17,647 root                INFO: Train: Epoch   7: train loss 0.0181
2022-01-21 17:39:18,278 root                INFO: Train: Epoch   8: train loss 0.0187
2022-01-21 17:39:18,887 root                INFO: Train: Epoch   9: train loss 0.0188
2022-01-21 17:39:19,528 root                INFO: Train: Epoch  10: train loss 0.0188
2022-01-21 17:39:20,159 root                INFO: Train: Epoch  11: train loss 0.0188
2022-01-21 17:39:20,778 root                INFO: Train: Epoch  12: train loss 0.0188
2022-01-21 17:39:21,480 root                INFO: Train: Epoch  13: train loss 0.0188
2022-01-21 17:39:22,156 root                INFO: Train: Epoch  14: train loss 0.0188
2022-01-21 17:39:22,808 root                INFO: Train: Epoch  15: train loss 0.0188
2022-01-21 17:39:23,448 root                INFO: Train: Epoch  16: train loss 0.0188
2022-01-21 17:39:24,107 root                INFO: Train: Epoch  17: train loss 0.0188
2022-01-21 17:39:24,768 root                INFO: Train: Epoch  18: train loss 0.0188
2022-01-21 17:39:25,415 root                INFO: Train: Epoch  19: train loss 0.0188
2022-01-21 17:39:26,070 root                INFO: Train: Epoch  20: train loss 0.0188
2022-01-21 17:39:26,720 root                INFO: Train: Epoch  21: train loss 0.0188
2022-01-21 17:39:27,393 root                INFO: Train: Epoch  22: train loss 0.0188
2022-01-21 17:39:28,088 root                INFO: Train: Epoch  23: train loss 0.0188
2022-01-21 17:39:28,802 root                INFO: Train: Epoch  24: train loss 0.0188
2022-01-21 17:39:29,488 root                INFO: Train: Epoch  25: train loss 0.0188
2022-01-21 17:39:30,191 root                INFO: Train: Epoch  26: train loss 0.0188
2022-01-21 17:39:30,897 root                INFO: Train: Epoch  27: train loss 0.0188
2022-01-21 17:39:31,565 root                INFO: Train: Epoch  28: train loss 0.0188
2022-01-21 17:39:32,204 root                INFO: Train: Epoch  29: train loss 0.0188
2022-01-21 17:39:32,873 root                INFO: Train: Epoch  30: train loss 0.0188
2022-01-21 17:39:33,567 root                INFO: Train: Epoch  31: train loss 0.0188
2022-01-21 17:39:34,215 root                INFO: Train: Epoch  32: train loss 0.0188
2022-01-21 17:39:34,874 root                INFO: Train: Epoch  33: train loss 0.0188
2022-01-21 17:39:35,587 root                INFO: Train: Epoch  34: train loss 0.0188
2022-01-21 17:39:36,231 root                INFO: Train: Epoch  35: train loss 0.0188
2022-01-21 17:39:36,895 root                INFO: Train: Epoch  36: train loss 0.0188
2022-01-21 17:39:37,576 root                INFO: Train: Epoch  37: train loss 0.0188
2022-01-21 17:39:38,238 root                INFO: Train: Epoch  38: train loss 0.0188
2022-01-21 17:39:38,892 root                INFO: Train: Epoch  39: train loss 0.0188
2022-01-21 17:39:39,629 root                INFO: Train: Epoch  40: train loss 0.0187
2022-01-21 17:39:40,284 root                INFO: Train: Epoch  41: train loss 0.0185
2022-01-21 17:39:40,950 root                INFO: Train: Epoch  42: train loss 0.0175
2022-01-21 17:39:41,658 root                INFO: Train: Epoch  43: train loss 0.0126
2022-01-21 17:39:42,316 root                INFO: Train: Epoch  44: train loss 0.0107
2022-01-21 17:39:42,983 root                INFO: Train: Epoch  45: train loss 0.0114
2022-01-21 17:39:43,661 root                INFO: Train: Epoch  46: train loss 0.0097
2022-01-21 17:39:44,297 root                INFO: Train: Epoch  47: train loss 0.0091
2022-01-21 17:39:44,936 root                INFO: Train: Epoch  48: train loss 0.0092
2022-01-21 17:39:45,571 root                INFO: Train: Epoch  49: train loss 0.0087
2022-01-21 17:39:46,192 root                INFO: Train: Epoch  50: train loss 0.0084
2022-01-21 17:39:46,834 root                INFO: Train: Epoch  51: train loss 0.0079
2022-01-21 17:39:47,512 root                INFO: Train: Epoch  52: train loss 0.0077
2022-01-21 17:39:48,181 root                INFO: Train: Epoch  53: train loss 0.0065
2022-01-21 17:39:48,857 root                INFO: Train: Epoch  54: train loss 0.0062
2022-01-21 17:39:49,502 root                INFO: Train: Epoch  55: train loss 0.0056
2022-01-21 17:39:50,170 root                INFO: Train: Epoch  56: train loss 0.0040
2022-01-21 17:39:50,840 root                INFO: Train: Epoch  57: train loss 0.0022
2022-01-21 17:39:51,469 root                INFO: Train: Epoch  58: train loss 0.0018
2022-01-21 17:39:52,104 root                INFO: Train: Epoch  59: train loss 0.0022
2022-01-21 17:39:52,776 root                INFO: Train: Epoch  60: train loss 0.0018
2022-01-21 17:39:53,417 root                INFO: Train: Epoch  61: train loss 0.0012
2022-01-21 17:39:54,103 root                INFO: Train: Epoch  62: train loss 0.0012
2022-01-21 17:39:54,798 root                INFO: Train: Epoch  63: train loss 0.0012
2022-01-21 17:39:55,490 root                INFO: Train: Epoch  64: train loss 0.0011
2022-01-21 17:39:56,186 root                INFO: Train: Epoch  65: train loss 0.0009
2022-01-21 17:39:56,876 root                INFO: Train: Epoch  66: train loss 0.0009
2022-01-21 17:39:57,588 root                INFO: Train: Epoch  67: train loss 0.0009
2022-01-21 17:39:58,252 root                INFO: Train: Epoch  68: train loss 0.0007
2022-01-21 17:39:58,920 root                INFO: Train: Epoch  69: train loss 0.0008
2022-01-21 17:39:59,580 root                INFO: Train: Epoch  70: train loss 0.0007
2022-01-21 17:40:00,226 root                INFO: Train: Epoch  71: train loss 0.0007
2022-01-21 17:40:00,894 root                INFO: Train: Epoch  72: train loss 0.0007
2022-01-21 17:40:01,635 root                INFO: Train: Epoch  73: train loss 0.0006
2022-01-21 17:40:02,309 root                INFO: Train: Epoch  74: train loss 0.0005
2022-01-21 17:40:02,946 root                INFO: Train: Epoch  75: train loss 0.0006
2022-01-21 17:40:03,642 root                INFO: Train: Epoch  76: train loss 0.0005
2022-01-21 17:40:04,385 root                INFO: Train: Epoch  77: train loss 0.0005
2022-01-21 17:40:05,073 root                INFO: Train: Epoch  78: train loss 0.0005
2022-01-21 17:40:05,778 root                INFO: Train: Epoch  79: train loss 0.0005
2022-01-21 17:40:06,478 root                INFO: Train: Epoch  80: train loss 0.0004
2022-01-21 17:40:07,156 root                INFO: Train: Epoch  81: train loss 0.0004
2022-01-21 17:40:07,846 root                INFO: Train: Epoch  82: train loss 0.0003
2022-01-21 17:40:08,532 root                INFO: Train: Epoch  83: train loss 0.0003
2022-01-21 17:40:09,199 root                INFO: Train: Epoch  84: train loss 0.0004
2022-01-21 17:40:09,865 root                INFO: Train: Epoch  85: train loss 0.0003
2022-01-21 17:40:10,523 root                INFO: Train: Epoch  86: train loss 0.0003
2022-01-21 17:40:11,168 root                INFO: Train: Epoch  87: train loss 0.0004
2022-01-21 17:40:11,813 root                INFO: Train: Epoch  88: train loss 0.0004
2022-01-21 17:40:12,478 root                INFO: Train: Epoch  89: train loss 0.0003
2022-01-21 17:40:13,146 root                INFO: Train: Epoch  90: train loss 0.0004
2022-01-21 17:40:13,827 root                INFO: Train: Epoch  91: train loss 0.0003
2022-01-21 17:40:14,508 root                INFO: Train: Epoch  92: train loss 0.0003
2022-01-21 17:40:15,178 root                INFO: Train: Epoch  93: train loss 0.0003
2022-01-21 17:40:15,826 root                INFO: Train: Epoch  94: train loss 0.0003
2022-01-21 17:40:16,464 root                INFO: Train: Epoch  95: train loss 0.0003
2022-01-21 17:40:17,096 root                INFO: Train: Epoch  96: train loss 0.0003
2022-01-21 17:40:17,753 root                INFO: Train: Epoch  97: train loss 0.0004
2022-01-21 17:40:18,414 root                INFO: Train: Epoch  98: train loss 0.0004
2022-01-21 17:40:19,038 root                INFO: Train: Epoch  99: train loss 0.0003
2022-01-21 17:40:19,655 root                INFO: Train: Epoch 100: train loss 0.0003
2022-01-21 17:40:20,294 root                INFO: Train: Epoch 101: train loss 0.0003
2022-01-21 17:40:20,942 root                INFO: Train: Epoch 102: train loss 0.0003
2022-01-21 17:40:21,602 root                INFO: Train: Epoch 103: train loss 0.0003
2022-01-21 17:40:22,243 root                INFO: Train: Epoch 104: train loss 0.0003
2022-01-21 17:40:22,893 root                INFO: Train: Epoch 105: train loss 0.0003
2022-01-21 17:40:23,514 root                INFO: Train: Epoch 106: train loss 0.0003
2022-01-21 17:40:24,154 root                INFO: Train: Epoch 107: train loss 0.0003
2022-01-21 17:40:24,822 root                INFO: Train: Epoch 108: train loss 0.0003
2022-01-21 17:40:25,484 root                INFO: Train: Epoch 109: train loss 0.0003
2022-01-21 17:40:26,177 root                INFO: Train: Epoch 110: train loss 0.0003
2022-01-21 17:40:26,907 root                INFO: Train: Epoch 111: train loss 0.0003
2022-01-21 17:40:27,593 root                INFO: Train: Epoch 112: train loss 0.0003
2022-01-21 17:40:28,302 root                INFO: Train: Epoch 113: train loss 0.0003
2022-01-21 17:40:28,984 root                INFO: Train: Epoch 114: train loss 0.0003
2022-01-21 17:40:29,657 root                INFO: Train: Epoch 115: train loss 0.0003
2022-01-21 17:40:30,347 root                INFO: Train: Epoch 116: train loss 0.0003
2022-01-21 17:40:31,082 root                INFO: Train: Epoch 117: train loss 0.0002
2022-01-21 17:40:31,781 root                INFO: Train: Epoch 118: train loss 0.0003
2022-01-21 17:40:32,473 root                INFO: Train: Epoch 119: train loss 0.0003
2022-01-21 17:40:33,198 root                INFO: Train: Epoch 120: train loss 0.0003
2022-01-21 17:40:33,902 root                INFO: Train: Epoch 121: train loss 0.0003
2022-01-21 17:40:34,593 root                INFO: Train: Epoch 122: train loss 0.0003
2022-01-21 17:40:35,266 root                INFO: Train: Epoch 123: train loss 0.0003
2022-01-21 17:40:35,927 root                INFO: Train: Epoch 124: train loss 0.0003
2022-01-21 17:40:36,597 root                INFO: Train: Epoch 125: train loss 0.0003
2022-01-21 17:40:37,334 root                INFO: Train: Epoch 126: train loss 0.0003
2022-01-21 17:40:38,072 root                INFO: Train: Epoch 127: train loss 0.0003
2022-01-21 17:40:38,769 root                INFO: Train: Epoch 128: train loss 0.0003
2022-01-21 17:40:39,487 root                INFO: Train: Epoch 129: train loss 0.0003
2022-01-21 17:40:40,219 root                INFO: Train: Epoch 130: train loss 0.0003
2022-01-21 17:40:40,886 root                INFO: Train: Epoch 131: train loss 0.0003
2022-01-21 17:40:41,566 root                INFO: Train: Epoch 132: train loss 0.0003
2022-01-21 17:40:42,234 root                INFO: Train: Epoch 133: train loss 0.0003
2022-01-21 17:40:42,917 root                INFO: Train: Epoch 134: train loss 0.0002
2022-01-21 17:40:43,599 root                INFO: Train: Epoch 135: train loss 0.0003
2022-01-21 17:40:44,283 root                INFO: Train: Epoch 136: train loss 0.0002
2022-01-21 17:40:44,980 root                INFO: Train: Epoch 137: train loss 0.0002
2022-01-21 17:40:45,674 root                INFO: Train: Epoch 138: train loss 0.0003
2022-01-21 17:40:46,352 root                INFO: Train: Epoch 139: train loss 0.0003
2022-01-21 17:40:47,027 root                INFO: Train: Epoch 140: train loss 0.0002
2022-01-21 17:40:47,685 root                INFO: Train: Epoch 141: train loss 0.0002
2022-01-21 17:40:48,382 root                INFO: Train: Epoch 142: train loss 0.0003
2022-01-21 17:40:49,049 root                INFO: Train: Epoch 143: train loss 0.0002
2022-01-21 17:40:49,720 root                INFO: Train: Epoch 144: train loss 0.0002
2022-01-21 17:40:50,391 root                INFO: Train: Epoch 145: train loss 0.0003
2022-01-21 17:40:51,088 root                INFO: Train: Epoch 146: train loss 0.0003
2022-01-21 17:40:51,773 root                INFO: Train: Epoch 147: train loss 0.0003
2022-01-21 17:40:52,438 root                INFO: Train: Epoch 148: train loss 0.0003
2022-01-21 17:40:53,117 root                INFO: Train: Epoch 149: train loss 0.0003
2022-01-21 17:40:53,824 root                INFO: Train: Epoch 150: train loss 0.0002
2022-01-21 17:40:54,499 root                INFO: Train: Epoch 151: train loss 0.0002
2022-01-21 17:40:55,185 root                INFO: Train: Epoch 152: train loss 0.0003
2022-01-21 17:40:55,875 root                INFO: Train: Epoch 153: train loss 0.0002
2022-01-21 17:40:56,549 root                INFO: Train: Epoch 154: train loss 0.0002
2022-01-21 17:40:57,193 root                INFO: Train: Epoch 155: train loss 0.0002
2022-01-21 17:40:57,829 root                INFO: Train: Epoch 156: train loss 0.0002
2022-01-21 17:40:58,473 root                INFO: Train: Epoch 157: train loss 0.0002
2022-01-21 17:40:59,128 root                INFO: Train: Epoch 158: train loss 0.0002
2022-01-21 17:40:59,793 root                INFO: Train: Epoch 159: train loss 0.0002
2022-01-21 17:41:00,456 root                INFO: Train: Epoch 160: train loss 0.0002
2022-01-21 17:41:01,127 root                INFO: Train: Epoch 161: train loss 0.0002
2022-01-21 17:41:01,782 root                INFO: Train: Epoch 162: train loss 0.0002
2022-01-21 17:41:02,462 root                INFO: Train: Epoch 163: train loss 0.0002
2022-01-21 17:41:03,125 root                INFO: Train: Epoch 164: train loss 0.0002
2022-01-21 17:41:03,784 root                INFO: Train: Epoch 165: train loss 0.0002
2022-01-21 17:41:04,484 root                INFO: Train: Epoch 166: train loss 0.0002
2022-01-21 17:41:05,169 root                INFO: Train: Epoch 167: train loss 0.0002
2022-01-21 17:41:05,839 root                INFO: Train: Epoch 168: train loss 0.0002
2022-01-21 17:41:06,495 root                INFO: Train: Epoch 169: train loss 0.0002
2022-01-21 17:41:07,165 root                INFO: Train: Epoch 170: train loss 0.0002
2022-01-21 17:41:07,822 root                INFO: Train: Epoch 171: train loss 0.0002
2022-01-21 17:41:08,528 root                INFO: Train: Epoch 172: train loss 0.0002
2022-01-21 17:41:09,200 root                INFO: Train: Epoch 173: train loss 0.0002
2022-01-21 17:41:09,880 root                INFO: Train: Epoch 174: train loss 0.0002
2022-01-21 17:41:10,564 root                INFO: Train: Epoch 175: train loss 0.0002
2022-01-21 17:41:11,265 root                INFO: Train: Epoch 176: train loss 0.0002
2022-01-21 17:41:11,930 root                INFO: Train: Epoch 177: train loss 0.0002
2022-01-21 17:41:12,608 root                INFO: Train: Epoch 178: train loss 0.0002
2022-01-21 17:41:13,281 root                INFO: Train: Epoch 179: train loss 0.0002
2022-01-21 17:41:13,945 root                INFO: Train: Epoch 180: train loss 0.0002
2022-01-21 17:41:14,609 root                INFO: Train: Epoch 181: train loss 0.0002
2022-01-21 17:41:15,281 root                INFO: Train: Epoch 182: train loss 0.0002
2022-01-21 17:41:15,983 root                INFO: Train: Epoch 183: train loss 0.0002
2022-01-21 17:41:16,643 root                INFO: Train: Epoch 184: train loss 0.0002
2022-01-21 17:41:17,311 root                INFO: Train: Epoch 185: train loss 0.0002
2022-01-21 17:41:17,992 root                INFO: Train: Epoch 186: train loss 0.0002
2022-01-21 17:41:18,650 root                INFO: Train: Epoch 187: train loss 0.0002
2022-01-21 17:41:19,295 root                INFO: Train: Epoch 188: train loss 0.0002
2022-01-21 17:41:19,950 root                INFO: Train: Epoch 189: train loss 0.0002
2022-01-21 17:41:20,607 root                INFO: Train: Epoch 190: train loss 0.0002
2022-01-21 17:41:21,285 root                INFO: Train: Epoch 191: train loss 0.0002
2022-01-21 17:41:21,984 root                INFO: Train: Epoch 192: train loss 0.0002
2022-01-21 17:41:22,647 root                INFO: Train: Epoch 193: train loss 0.0002
2022-01-21 17:41:23,312 root                INFO: Train: Epoch 194: train loss 0.0003
2022-01-21 17:41:23,983 root                INFO: Train: Epoch 195: train loss 0.0002
2022-01-21 17:41:24,666 root                INFO: Train: Epoch 196: train loss 0.0002
2022-01-21 17:41:25,326 root                INFO: Train: Epoch 197: train loss 0.0002
2022-01-21 17:41:26,028 root                INFO: Train: Epoch 198: train loss 0.0002
2022-01-21 17:41:26,679 root                INFO: Train: Epoch 199: train loss 0.0002
2022-01-21 17:41:27,331 root                INFO: Train: Epoch 200: train loss 0.0002
2022-01-21 17:41:41,829 root                INFO: Valid: Epoch 200: kendall tau 0.6040 0.6055; loss 7.983e-05 3.695e-05
2022-01-21 17:41:41,835 root                INFO: Epoch 200: Save checkpoint to nb301_anytime_tagates/tagates_0.05/1/2021/200.ckpt
2022-01-21 17:41:56,565 root                INFO: [0.1568627450980392, 0.3803921568627451, 0.4294117647058823, 0.5793184488836662, 0.6269825729391032, 0.7964442355889725, 1.0]
2022-01-21 17:41:56,565 root                INFO: [0.0, 0.23921568627450981, 0.3176470588235294, 0.5432824128476302, 0.6066183669473272, 0.799733709273183, 1.0]
2022-01-21 17:41:56,565 root                INFO: [16, 16]
2022-01-21 17:41:56,565 root                INFO: [52, 52]
2022-01-21 22:15:53,806 root                INFO: GPU device = 7
2022-01-21 22:15:53,806 root                INFO: Load pkl cache from nasbench301_train.pkl and nasbench301_valid.pkl
2022-01-21 22:15:54,477 root                INFO: Config: {'arch_network_cfg': {'arch_embedder_cfg': {'take_adj_as_input': True, 'gcn_kwargs': {'residual_only': 2}, 'gcn_out_dims': [64, 64, 64, 64, 64], 'hidden_dim': 32, 'node_dim': 32, 'op_dim': 32, 'use_bn': False, 'final_concat': False, 'other_node_zero': False, 'num_time_steps': 2, 'fb_conversion_dims': [64, 64], 'backward_gcn_out_dims': [64, 64, 64, 64, 64], 'updateopemb_method': 'concat_ofb', 'updateopemb_dims': [64], 'share_skip_and_outskip': True, 'detach_vinfo': False, 'updateopemb_scale': 0.1, 'updateopemb_detach_opemb': True, 'updateopemb_detach_finfo': True, 'mask_nonparametrized_ops': True, 'symmetry_breaking_method': 'param_zs_add', 'concat_param_zs_as_opemb_dimension': 5, 'concat_param_zs_as_opemb_scale': 1.0}, 'arch_embedder_type': 'cellss-fbflow-anytime', 'compare_loss_type': 'margin_linear', 'compare_margin': 0.1, 'mlp_dropout': 0.1, 'mlp_hiddens': [200], 'mlp_out_dim': 1, 'optimizer': {'lr': 0.0001, 'type': 'Adam'}, 'scheduler': None}, 'arch_network_type': 'pointwise_comparator', 'batch_size': 128, 'choose_pair_criterion': 'random', 'compare': False, 'compare_threshold': 0.0, 'epochs': 200, 'max_compare_ratio': 16.0}
2022-01-21 22:15:59,261 root                INFO: Combined args: Namespace(arch_network_type='pointwise_comparator', batch_size=128, cfg_file='cfgs/nb301_cfgs/tagates_anytime.yaml', choose_pair_criterion='random', compare=False, compare_threshold=0.0, epochs=200, eval_only_last=1, gpu=7, load=None, max_compare_ratio=16.0, num_workers=4, report_freq=200, save_every=200, save_predict=None, seed=2021, test_funcs=None, test_only=False, train_dir='nb301_anytime_tagates/tagates_0.05/1/2021', train_pkl='../mynas/data/nasbench-301/nasbench301_train_mtx_anytime_1.pkl', train_ratio=0.05, valid_pkl='../mynas/data/nasbench-301/nasbench301_valid_mtx_anytime.pkl')
2022-01-21 22:15:59,273 root                INFO: Train dataset ratio: 0.050
2022-01-21 22:15:59,274 root                INFO: Number of architectures: train: 294; valid: 51072
2022-01-21 22:16:13,766 root                INFO: Train: Epoch   1: train loss 0.3279
2022-01-21 22:16:14,662 root                INFO: Train: Epoch   2: train loss 0.3248
2022-01-21 22:16:15,533 root                INFO: Train: Epoch   3: train loss 0.3222
2022-01-21 22:16:16,332 root                INFO: Train: Epoch   4: train loss 0.3192
2022-01-21 22:16:17,164 root                INFO: Train: Epoch   5: train loss 0.3157
2022-01-21 22:16:18,119 root                INFO: Train: Epoch   6: train loss 0.3116
2022-01-21 22:16:18,960 root                INFO: Train: Epoch   7: train loss 0.3076
2022-01-21 22:16:19,939 root                INFO: Train: Epoch   8: train loss 0.3026
2022-01-21 22:16:20,793 root                INFO: Train: Epoch   9: train loss 0.2968
2022-01-21 22:16:21,622 root                INFO: Train: Epoch  10: train loss 0.2906
2022-01-21 22:16:22,413 root                INFO: Train: Epoch  11: train loss 0.2831
2022-01-21 22:16:23,249 root                INFO: Train: Epoch  12: train loss 0.2745
2022-01-21 22:16:24,047 root                INFO: Train: Epoch  13: train loss 0.2648
2022-01-21 22:16:24,871 root                INFO: Train: Epoch  14: train loss 0.2536
2022-01-21 22:16:25,752 root                INFO: Train: Epoch  15: train loss 0.2413
2022-01-21 22:16:26,532 root                INFO: Train: Epoch  16: train loss 0.2268
2022-01-21 22:16:27,333 root                INFO: Train: Epoch  17: train loss 0.2092
2022-01-21 22:16:28,165 root                INFO: Train: Epoch  18: train loss 0.1908
2022-01-21 22:16:28,958 root                INFO: Train: Epoch  19: train loss 0.1705
2022-01-21 22:16:29,776 root                INFO: Train: Epoch  20: train loss 0.1468
2022-01-21 22:16:30,577 root                INFO: Train: Epoch  21: train loss 0.1236
2022-01-21 22:16:31,400 root                INFO: Train: Epoch  22: train loss 0.0983
2022-01-21 22:16:32,189 root                INFO: Train: Epoch  23: train loss 0.0741
2022-01-21 22:16:32,980 root                INFO: Train: Epoch  24: train loss 0.0521
2022-01-21 22:16:33,920 root                INFO: Train: Epoch  25: train loss 0.0334
2022-01-21 22:16:34,973 root                INFO: Train: Epoch  26: train loss 0.0193
2022-01-21 22:16:36,035 root                INFO: Train: Epoch  27: train loss 0.0095
2022-01-21 22:16:36,897 root                INFO: Train: Epoch  28: train loss 0.0043
2022-01-21 22:16:37,925 root                INFO: Train: Epoch  29: train loss 0.0017
2022-01-21 22:16:38,811 root                INFO: Train: Epoch  30: train loss 0.0011
2022-01-21 22:16:39,786 root                INFO: Train: Epoch  31: train loss 0.0012
2022-01-21 22:16:41,063 root                INFO: Train: Epoch  32: train loss 0.0014
2022-01-21 22:16:41,915 root                INFO: Train: Epoch  33: train loss 0.0017
2022-01-21 22:16:42,834 root                INFO: Train: Epoch  34: train loss 0.0019
2022-01-21 22:16:43,654 root                INFO: Train: Epoch  35: train loss 0.0019
2022-01-21 22:16:44,551 root                INFO: Train: Epoch  36: train loss 0.0019
2022-01-21 22:16:45,473 root                INFO: Train: Epoch  37: train loss 0.0017
2022-01-21 22:16:46,296 root                INFO: Train: Epoch  38: train loss 0.0015
2022-01-21 22:16:47,230 root                INFO: Train: Epoch  39: train loss 0.0013
2022-01-21 22:16:48,104 root                INFO: Train: Epoch  40: train loss 0.0012
2022-01-21 22:16:49,033 root                INFO: Train: Epoch  41: train loss 0.0011
2022-01-21 22:16:50,005 root                INFO: Train: Epoch  42: train loss 0.0009
2022-01-21 22:16:50,901 root                INFO: Train: Epoch  43: train loss 0.0009
2022-01-21 22:16:51,747 root                INFO: Train: Epoch  44: train loss 0.0009
2022-01-21 22:16:52,656 root                INFO: Train: Epoch  45: train loss 0.0008
2022-01-21 22:16:53,559 root                INFO: Train: Epoch  46: train loss 0.0009
2022-01-21 22:16:54,435 root                INFO: Train: Epoch  47: train loss 0.0009
2022-01-21 22:16:55,319 root                INFO: Train: Epoch  48: train loss 0.0009
2022-01-21 22:16:56,233 root                INFO: Train: Epoch  49: train loss 0.0010
2022-01-21 22:16:57,092 root                INFO: Train: Epoch  50: train loss 0.0009
2022-01-21 22:16:58,028 root                INFO: Train: Epoch  51: train loss 0.0009
2022-01-21 22:16:58,927 root                INFO: Train: Epoch  52: train loss 0.0009
2022-01-21 22:16:59,884 root                INFO: Train: Epoch  53: train loss 0.0009
2022-01-21 22:17:00,779 root                INFO: Train: Epoch  54: train loss 0.0008
2022-01-21 22:17:01,728 root                INFO: Train: Epoch  55: train loss 0.0009
2022-01-21 22:17:02,661 root                INFO: Train: Epoch  56: train loss 0.0008
2022-01-21 22:17:03,549 root                INFO: Train: Epoch  57: train loss 0.0009
2022-01-21 22:17:04,430 root                INFO: Train: Epoch  58: train loss 0.0008
2022-01-21 22:17:05,316 root                INFO: Train: Epoch  59: train loss 0.0008
2022-01-21 22:17:06,226 root                INFO: Train: Epoch  60: train loss 0.0009
2022-01-21 22:17:07,123 root                INFO: Train: Epoch  61: train loss 0.0008
2022-01-21 22:17:08,028 root                INFO: Train: Epoch  62: train loss 0.0009
2022-01-21 22:17:08,936 root                INFO: Train: Epoch  63: train loss 0.0008
2022-01-21 22:17:09,830 root                INFO: Train: Epoch  64: train loss 0.0008
2022-01-21 22:17:10,691 root                INFO: Train: Epoch  65: train loss 0.0008
2022-01-21 22:17:11,558 root                INFO: Train: Epoch  66: train loss 0.0008
2022-01-21 22:17:12,433 root                INFO: Train: Epoch  67: train loss 0.0008
2022-01-21 22:17:13,341 root                INFO: Train: Epoch  68: train loss 0.0008
2022-01-21 22:17:14,227 root                INFO: Train: Epoch  69: train loss 0.0009
2022-01-21 22:17:15,152 root                INFO: Train: Epoch  70: train loss 0.0008
2022-01-21 22:17:16,221 root                INFO: Train: Epoch  71: train loss 0.0008
2022-01-21 22:17:17,065 root                INFO: Train: Epoch  72: train loss 0.0008
2022-01-21 22:17:17,897 root                INFO: Train: Epoch  73: train loss 0.0008
2022-01-21 22:17:18,742 root                INFO: Train: Epoch  74: train loss 0.0008
2022-01-21 22:17:19,672 root                INFO: Train: Epoch  75: train loss 0.0008
2022-01-21 22:17:20,537 root                INFO: Train: Epoch  76: train loss 0.0008
2022-01-21 22:17:21,400 root                INFO: Train: Epoch  77: train loss 0.0008
2022-01-21 22:17:22,298 root                INFO: Train: Epoch  78: train loss 0.0008
2022-01-21 22:17:23,196 root                INFO: Train: Epoch  79: train loss 0.0008
2022-01-21 22:17:24,241 root                INFO: Train: Epoch  80: train loss 0.0008
2022-01-21 22:17:25,128 root                INFO: Train: Epoch  81: train loss 0.0008
2022-01-21 22:17:26,013 root                INFO: Train: Epoch  82: train loss 0.0008
2022-01-21 22:17:26,971 root                INFO: Train: Epoch  83: train loss 0.0008
2022-01-21 22:17:27,977 root                INFO: Train: Epoch  84: train loss 0.0008
2022-01-21 22:17:28,859 root                INFO: Train: Epoch  85: train loss 0.0009
2022-01-21 22:17:29,844 root                INFO: Train: Epoch  86: train loss 0.0008
2022-01-21 22:17:30,693 root                INFO: Train: Epoch  87: train loss 0.0008
2022-01-21 22:17:31,642 root                INFO: Train: Epoch  88: train loss 0.0008
2022-01-21 22:17:32,598 root                INFO: Train: Epoch  89: train loss 0.0008
2022-01-21 22:17:33,639 root                INFO: Train: Epoch  90: train loss 0.0008
2022-01-21 22:17:34,789 root                INFO: Train: Epoch  91: train loss 0.0008
2022-01-21 22:17:35,848 root                INFO: Train: Epoch  92: train loss 0.0008
2022-01-21 22:17:36,847 root                INFO: Train: Epoch  93: train loss 0.0008
2022-01-21 22:17:37,797 root                INFO: Train: Epoch  94: train loss 0.0008
2022-01-21 22:17:38,695 root                INFO: Train: Epoch  95: train loss 0.0008
2022-01-21 22:17:39,606 root                INFO: Train: Epoch  96: train loss 0.0008
2022-01-21 22:17:40,516 root                INFO: Train: Epoch  97: train loss 0.0008
2022-01-21 22:17:41,482 root                INFO: Train: Epoch  98: train loss 0.0008
2022-01-21 22:17:42,519 root                INFO: Train: Epoch  99: train loss 0.0008
2022-01-21 22:17:43,488 root                INFO: Train: Epoch 100: train loss 0.0008
2022-01-21 22:17:44,420 root                INFO: Train: Epoch 101: train loss 0.0008
2022-01-21 22:17:45,390 root                INFO: Train: Epoch 102: train loss 0.0008
2022-01-21 22:17:46,564 root                INFO: Train: Epoch 103: train loss 0.0008
2022-01-21 22:17:47,829 root                INFO: Train: Epoch 104: train loss 0.0008
2022-01-21 22:17:49,107 root                INFO: Train: Epoch 105: train loss 0.0008
2022-01-21 22:17:50,115 root                INFO: Train: Epoch 106: train loss 0.0008
2022-01-21 22:17:51,142 root                INFO: Train: Epoch 107: train loss 0.0008
2022-01-21 22:17:52,105 root                INFO: Train: Epoch 108: train loss 0.0008
2022-01-21 22:17:53,147 root                INFO: Train: Epoch 109: train loss 0.0008
2022-01-21 22:17:54,160 root                INFO: Train: Epoch 110: train loss 0.0008
2022-01-21 22:17:55,309 root                INFO: Train: Epoch 111: train loss 0.0008
2022-01-21 22:17:56,419 root                INFO: Train: Epoch 112: train loss 0.0008
2022-01-21 22:17:57,642 root                INFO: Train: Epoch 113: train loss 0.0007
2022-01-21 22:17:58,740 root                INFO: Train: Epoch 114: train loss 0.0008
2022-01-21 22:18:00,072 root                INFO: Train: Epoch 115: train loss 0.0008
2022-01-21 22:18:01,090 root                INFO: Train: Epoch 116: train loss 0.0008
2022-01-21 22:18:01,959 root                INFO: Train: Epoch 117: train loss 0.0007
2022-01-21 22:18:02,866 root                INFO: Train: Epoch 118: train loss 0.0008
2022-01-21 22:18:03,882 root                INFO: Train: Epoch 119: train loss 0.0008
2022-01-21 22:18:04,815 root                INFO: Train: Epoch 120: train loss 0.0008
2022-01-21 22:18:05,748 root                INFO: Train: Epoch 121: train loss 0.0008
2022-01-21 22:18:06,747 root                INFO: Train: Epoch 122: train loss 0.0007
2022-01-21 22:18:07,648 root                INFO: Train: Epoch 123: train loss 0.0008
2022-01-21 22:18:08,549 root                INFO: Train: Epoch 124: train loss 0.0008
2022-01-21 22:18:09,445 root                INFO: Train: Epoch 125: train loss 0.0008
2022-01-21 22:18:10,448 root                INFO: Train: Epoch 126: train loss 0.0008
2022-01-21 22:18:11,312 root                INFO: Train: Epoch 127: train loss 0.0008
2022-01-21 22:18:12,148 root                INFO: Train: Epoch 128: train loss 0.0008
2022-01-21 22:18:13,079 root                INFO: Train: Epoch 129: train loss 0.0008
2022-01-21 22:18:14,004 root                INFO: Train: Epoch 130: train loss 0.0008
2022-01-21 22:18:14,891 root                INFO: Train: Epoch 131: train loss 0.0007
2022-01-21 22:18:15,756 root                INFO: Train: Epoch 132: train loss 0.0008
2022-01-21 22:18:16,641 root                INFO: Train: Epoch 133: train loss 0.0008
2022-01-21 22:18:17,668 root                INFO: Train: Epoch 134: train loss 0.0007
2022-01-21 22:18:18,703 root                INFO: Train: Epoch 135: train loss 0.0008
2022-01-21 22:18:19,598 root                INFO: Train: Epoch 136: train loss 0.0008
2022-01-21 22:18:20,507 root                INFO: Train: Epoch 137: train loss 0.0007
2022-01-21 22:18:21,536 root                INFO: Train: Epoch 138: train loss 0.0007
2022-01-21 22:18:22,498 root                INFO: Train: Epoch 139: train loss 0.0008
2022-01-21 22:18:23,471 root                INFO: Train: Epoch 140: train loss 0.0007
2022-01-21 22:18:24,276 root                INFO: Train: Epoch 141: train loss 0.0008
2022-01-21 22:18:25,196 root                INFO: Train: Epoch 142: train loss 0.0008
2022-01-21 22:18:26,033 root                INFO: Train: Epoch 143: train loss 0.0008
2022-01-21 22:18:26,843 root                INFO: Train: Epoch 144: train loss 0.0007
2022-01-21 22:18:27,804 root                INFO: Train: Epoch 145: train loss 0.0008
2022-01-21 22:18:28,699 root                INFO: Train: Epoch 146: train loss 0.0008
2022-01-21 22:18:29,533 root                INFO: Train: Epoch 147: train loss 0.0007
2022-01-21 22:18:30,420 root                INFO: Train: Epoch 148: train loss 0.0007
2022-01-21 22:18:31,269 root                INFO: Train: Epoch 149: train loss 0.0007
2022-01-21 22:18:32,258 root                INFO: Train: Epoch 150: train loss 0.0007
2022-01-21 22:18:33,218 root                INFO: Train: Epoch 151: train loss 0.0007
2022-01-21 22:18:34,287 root                INFO: Train: Epoch 152: train loss 0.0007
2022-01-21 22:18:35,358 root                INFO: Train: Epoch 153: train loss 0.0007
2022-01-21 22:18:36,311 root                INFO: Train: Epoch 154: train loss 0.0007
2022-01-21 22:18:37,508 root                INFO: Train: Epoch 155: train loss 0.0007
2022-01-21 22:18:38,479 root                INFO: Train: Epoch 156: train loss 0.0007
2022-01-21 22:18:39,413 root                INFO: Train: Epoch 157: train loss 0.0007
2022-01-21 22:18:40,394 root                INFO: Train: Epoch 158: train loss 0.0007
2022-01-21 22:18:41,381 root                INFO: Train: Epoch 159: train loss 0.0007
2022-01-21 22:18:42,540 root                INFO: Train: Epoch 160: train loss 0.0007
2022-01-21 22:18:43,469 root                INFO: Train: Epoch 161: train loss 0.0007
2022-01-21 22:18:44,389 root                INFO: Train: Epoch 162: train loss 0.0007
2022-01-21 22:18:45,322 root                INFO: Train: Epoch 163: train loss 0.0007
2022-01-21 22:18:46,272 root                INFO: Train: Epoch 164: train loss 0.0007
2022-01-21 22:18:47,364 root                INFO: Train: Epoch 165: train loss 0.0007
2022-01-21 22:18:48,248 root                INFO: Train: Epoch 166: train loss 0.0007
2022-01-21 22:18:49,085 root                INFO: Train: Epoch 167: train loss 0.0007
2022-01-21 22:18:49,935 root                INFO: Train: Epoch 168: train loss 0.0007
2022-01-21 22:18:50,720 root                INFO: Train: Epoch 169: train loss 0.0007
2022-01-21 22:18:51,524 root                INFO: Train: Epoch 170: train loss 0.0007
2022-01-21 22:18:52,398 root                INFO: Train: Epoch 171: train loss 0.0007
2022-01-21 22:18:53,314 root                INFO: Train: Epoch 172: train loss 0.0007
2022-01-21 22:18:54,166 root                INFO: Train: Epoch 173: train loss 0.0007
2022-01-21 22:18:55,051 root                INFO: Train: Epoch 174: train loss 0.0007
2022-01-21 22:18:55,942 root                INFO: Train: Epoch 175: train loss 0.0007
2022-01-21 22:18:56,827 root                INFO: Train: Epoch 176: train loss 0.0006
2022-01-21 22:18:57,651 root                INFO: Train: Epoch 177: train loss 0.0007
2022-01-21 22:18:58,473 root                INFO: Train: Epoch 178: train loss 0.0007
2022-01-21 22:18:59,387 root                INFO: Train: Epoch 179: train loss 0.0007
2022-01-21 22:19:00,206 root                INFO: Train: Epoch 180: train loss 0.0007
2022-01-21 22:19:01,103 root                INFO: Train: Epoch 181: train loss 0.0007
2022-01-21 22:19:01,959 root                INFO: Train: Epoch 182: train loss 0.0006
2022-01-21 22:19:02,751 root                INFO: Train: Epoch 183: train loss 0.0006
2022-01-21 22:19:03,489 root                INFO: Train: Epoch 184: train loss 0.0006
2022-01-21 22:19:04,291 root                INFO: Train: Epoch 185: train loss 0.0006
2022-01-21 22:19:05,061 root                INFO: Train: Epoch 186: train loss 0.0007
2022-01-21 22:19:05,799 root                INFO: Train: Epoch 187: train loss 0.0006
2022-01-21 22:19:06,567 root                INFO: Train: Epoch 188: train loss 0.0006
2022-01-21 22:19:07,282 root                INFO: Train: Epoch 189: train loss 0.0006
2022-01-21 22:19:08,057 root                INFO: Train: Epoch 190: train loss 0.0006
2022-01-21 22:19:08,773 root                INFO: Train: Epoch 191: train loss 0.0006
2022-01-21 22:19:09,585 root                INFO: Train: Epoch 192: train loss 0.0006
2022-01-21 22:19:10,373 root                INFO: Train: Epoch 193: train loss 0.0006
2022-01-21 22:19:11,271 root                INFO: Train: Epoch 194: train loss 0.0007
2022-01-21 22:19:12,087 root                INFO: Train: Epoch 195: train loss 0.0006
2022-01-21 22:19:12,910 root                INFO: Train: Epoch 196: train loss 0.0006
2022-01-21 22:19:13,738 root                INFO: Train: Epoch 197: train loss 0.0006
2022-01-21 22:19:14,554 root                INFO: Train: Epoch 198: train loss 0.0006
2022-01-21 22:19:15,405 root                INFO: Train: Epoch 199: train loss 0.0006
2022-01-21 22:19:16,230 root                INFO: Train: Epoch 200: train loss 0.0005
2022-01-21 22:19:31,937 root                INFO: Valid: Epoch 200: kendall tau 0.3518 0.2897; loss 0.00026 0.0001758
2022-01-21 22:19:31,944 root                INFO: Epoch 200: Save checkpoint to nb301_anytime_tagates/tagates_0.05/1/2021/200.ckpt
2022-01-21 22:19:46,916 root                INFO: [0.0, 0.0, 0.00784313725490196, 0.27183705444575007, 0.3301351086743685, 0.6725798872180451, 1.0]
2022-01-21 22:19:46,917 root                INFO: [0.0, 0.0, 0.011764705882352941, 0.17704661182922052, 0.2476992363422753, 0.6401942355889725, 1.0]
2022-01-21 22:19:46,917 root                INFO: [745, 745]
2022-01-21 22:19:46,917 root                INFO: [1037, 1037]
