2022-01-21 15:45:39,552 root                INFO: GPU device = 3
2022-01-21 15:45:39,553 root                INFO: Load pkl cache from nasbench101.pkl and nasbench101_valid.pkl
2022-01-21 15:45:39,860 root                INFO: Config: {'arch_network_cfg': {'arch_embedder_cfg': {'gcn_kwargs': {'plus_I': True, 'residual_only': 1}, 'gcn_out_dims': [128, 128, 128, 128, 128], 'backward_gcn_out_dims': [128, 128, 128, 128, 128], 'hid_dim': 96, 'node_embedding_dim': 48, 'op_embedding_dim': 48, 'num_time_steps': 2, 'fb_conversion_dims': [128, 128], 'updateopemb_method': 'concat_ofb', 'updateopemb_dims': [128], 'updateopemb_scale': 0.1, 'b_use_bn': False, 'detach_vinfo': False, 'updateopemb_detach_opemb': True, 'updateopemb_detach_finfo': True, 'symmetry_breaking_method': 'param_zs_add', 'concat_param_zs_as_opemb_dimension': 7, 'concat_param_zs_as_opemb_scale': 1.0, 'mask_nonparametrized_ops': False}, 'arch_embedder_type': 'nb101-fbflow-anytime', 'compare_loss_type': 'margin_linear', 'compare_margin': 0.1, 'mlp_dropout': 0.1, 'mlp_hiddens': [200], 'mlp_out_dim': 1, 'optimizer': {'lr': 0.001, 'type': 'Adam'}, 'scheduler': None}, 'batch_size': 512, 'choose_pair_criterion': 'random', 'compare': False, 'compare_threshold': 0.0, 'epochs': 400, 'max_compare_ratio': 4.0}
2022-01-21 15:45:51,189 root                INFO: Combined args: Namespace(batch_size=512, cfg_file='cfgs/nb101_cfgs/tagates_anytime.yaml', choose_pair_criterion='random', compare=False, compare_threshold=0.0, epochs=400, eval_only_last=200, gpu=3, load=None, max_compare_ratio=4.0, num_workers=4, report_freq=200, save_every=200, save_predict=None, seed=21, test_funcs=None, test_only=False, train_dir='nb1shot1_anytime_tagates/tagates_0.1/1/21', train_pkl='../mynas/data/nasbench-1shot1/nasbench101_anytime_train_1.pkl', train_ratio=0.1, valid_pkl='../mynas/data/nasbench-1shot1/nasbench101_anytime_valid.pkl')
2022-01-21 15:45:51,215 root                INFO: Train dataset ratio: 0.100
2022-01-21 15:45:51,216 root                INFO: Number of architectures: train: 729; valid: 7290
2022-01-21 15:45:54,724 root                INFO: Train: Epoch   1: train loss 0.2342
2022-01-21 15:45:55,575 root                INFO: Train: Epoch   2: train loss 0.1890
2022-01-21 15:45:56,927 root                INFO: Train: Epoch   3: train loss 0.1255
2022-01-21 15:45:58,119 root                INFO: Train: Epoch   4: train loss 0.0489
2022-01-21 15:45:59,334 root                INFO: Train: Epoch   5: train loss 0.0448
2022-01-21 15:46:00,553 root                INFO: Train: Epoch   6: train loss 0.0376
2022-01-21 15:47:19,952 root                INFO: GPU device = 3
2022-01-21 15:47:19,953 root                INFO: Load pkl cache from nasbench101.pkl and nasbench101_valid.pkl
2022-01-21 15:47:20,334 root                INFO: Config: {'arch_network_cfg': {'arch_embedder_cfg': {'gcn_kwargs': {'plus_I': True, 'residual_only': 1}, 'gcn_out_dims': [128, 128, 128, 128, 128], 'backward_gcn_out_dims': [128, 128, 128, 128, 128], 'hid_dim': 96, 'node_embedding_dim': 48, 'op_embedding_dim': 48, 'num_time_steps': 2, 'fb_conversion_dims': [128, 128], 'updateopemb_method': 'concat_ofb', 'updateopemb_dims': [128], 'updateopemb_scale': 0.1, 'b_use_bn': False, 'detach_vinfo': False, 'updateopemb_detach_opemb': True, 'updateopemb_detach_finfo': True, 'symmetry_breaking_method': 'param_zs_add', 'concat_param_zs_as_opemb_dimension': 7, 'concat_param_zs_as_opemb_scale': 1.0, 'mask_nonparametrized_ops': False}, 'arch_embedder_type': 'nb101-fbflow-anytime', 'compare_loss_type': 'margin_linear', 'compare_margin': 0.1, 'mlp_dropout': 0.1, 'mlp_hiddens': [200], 'mlp_out_dim': 1, 'optimizer': {'lr': 0.001, 'type': 'Adam'}, 'scheduler': None}, 'batch_size': 512, 'choose_pair_criterion': 'random', 'compare': False, 'compare_threshold': 0.0, 'epochs': 200, 'max_compare_ratio': 4.0}
2022-01-21 15:47:31,193 root                INFO: Combined args: Namespace(batch_size=512, cfg_file='cfgs/nb101_cfgs/tagates_anytime.yaml', choose_pair_criterion='random', compare=False, compare_threshold=0.0, epochs=200, eval_only_last=200, gpu=3, load=None, max_compare_ratio=4.0, num_workers=4, report_freq=200, save_every=200, save_predict=None, seed=21, test_funcs=None, test_only=False, train_dir='nb1shot1_anytime_tagates/tagates_0.1/1/21', train_pkl='../mynas/data/nasbench-1shot1/nasbench101_anytime_train_1.pkl', train_ratio=0.1, valid_pkl='../mynas/data/nasbench-1shot1/nasbench101_anytime_valid.pkl')
2022-01-21 15:47:31,210 root                INFO: Train dataset ratio: 0.100
2022-01-21 15:47:31,211 root                INFO: Number of architectures: train: 729; valid: 7290
2022-01-21 15:47:34,462 root                INFO: Train: Epoch   1: train loss 0.2342
2022-01-21 15:47:36,803 root                INFO: Valid: Epoch   1: kendall tau 0.3092 0.3830; loss 0.02713 0.1442
2022-01-21 15:47:37,377 root                INFO: Train: Epoch   2: train loss 0.1888
2022-01-21 15:47:39,475 root                INFO: Valid: Epoch   2: kendall tau 0.2892 0.3787; loss 0.02 0.1069
2022-01-21 15:47:40,275 root                INFO: Train: Epoch   3: train loss 0.1253
2022-01-21 15:47:42,189 root                INFO: Valid: Epoch   3: kendall tau 0.2897 0.3789; loss 0.0221 0.04805
2022-01-21 15:47:42,944 root                INFO: Train: Epoch   4: train loss 0.0485
2022-01-21 15:47:45,097 root                INFO: Valid: Epoch   4: kendall tau 0.2885 0.3857; loss 0.06627 0.008493
2022-01-21 15:47:45,819 root                INFO: Train: Epoch   5: train loss 0.0457
2022-01-21 15:47:47,741 root                INFO: Valid: Epoch   5: kendall tau 0.2918 0.3947; loss 0.06046 0.01266
2022-01-21 15:47:48,490 root                INFO: Train: Epoch   6: train loss 0.0395
2022-01-21 15:47:50,867 root                INFO: Valid: Epoch   6: kendall tau 0.2874 0.4005; loss 0.02347 0.01266
2022-01-21 15:47:51,625 root                INFO: Train: Epoch   7: train loss 0.0180
2022-01-21 15:47:53,594 root                INFO: Valid: Epoch   7: kendall tau 0.2832 0.4062; loss 0.01916 0.01085
2022-01-21 15:47:54,560 root                INFO: Train: Epoch   8: train loss 0.0277
2022-01-21 15:47:57,003 root                INFO: Valid: Epoch   8: kendall tau 0.2816 0.4126; loss 0.01949 0.009382
2022-01-21 15:47:57,773 root                INFO: Train: Epoch   9: train loss 0.0260
2022-01-21 15:47:59,972 root                INFO: Valid: Epoch   9: kendall tau 0.2931 0.4201; loss 0.01735 0.008566
2022-01-21 15:48:00,797 root                INFO: Train: Epoch  10: train loss 0.0172
2022-01-21 15:48:03,097 root                INFO: Valid: Epoch  10: kendall tau 0.3029 0.4293; loss 0.01889 0.008259
2022-01-21 15:48:03,811 root                INFO: Train: Epoch  11: train loss 0.0137
2022-01-21 15:48:05,922 root                INFO: Valid: Epoch  11: kendall tau 0.3077 0.4387; loss 0.02294 0.008155
2022-01-21 15:48:06,984 root                INFO: Train: Epoch  12: train loss 0.0140
2022-01-21 15:48:09,181 root                INFO: Valid: Epoch  12: kendall tau 0.3101 0.4479; loss 0.02525 0.008237
2022-01-21 15:48:10,162 root                INFO: Train: Epoch  13: train loss 0.0149
2022-01-21 15:48:12,482 root                INFO: Valid: Epoch  13: kendall tau 0.3106 0.4570; loss 0.02457 0.008736
2022-01-21 15:48:13,360 root                INFO: Train: Epoch  14: train loss 0.0152
2022-01-21 15:48:15,491 root                INFO: Valid: Epoch  14: kendall tau 0.3115 0.4652; loss 0.02291 0.009319
2022-01-21 15:48:16,411 root                INFO: Train: Epoch  15: train loss 0.0149
2022-01-21 15:48:18,799 root                INFO: Valid: Epoch  15: kendall tau 0.3131 0.4719; loss 0.0218 0.009201
2022-01-21 15:48:19,491 root                INFO: Train: Epoch  16: train loss 0.0144
2022-01-21 15:48:21,546 root                INFO: Valid: Epoch  16: kendall tau 0.3144 0.4774; loss 0.02135 0.008505
2022-01-21 15:48:22,130 root                INFO: Train: Epoch  17: train loss 0.0139
2022-01-21 15:48:24,275 root                INFO: Valid: Epoch  17: kendall tau 0.3155 0.4825; loss 0.02116 0.008015
2022-01-21 15:48:24,918 root                INFO: Train: Epoch  18: train loss 0.0131
2022-01-21 15:48:26,981 root                INFO: Valid: Epoch  18: kendall tau 0.3164 0.4877; loss 0.0207 0.007946
2022-01-21 15:48:27,669 root                INFO: Train: Epoch  19: train loss 0.0130
2022-01-21 15:48:29,775 root                INFO: Valid: Epoch  19: kendall tau 0.3174 0.4932; loss 0.02008 0.008025
2022-01-21 15:48:30,394 root                INFO: Train: Epoch  20: train loss 0.0128
2022-01-21 15:48:32,454 root                INFO: Valid: Epoch  20: kendall tau 0.3187 0.4989; loss 0.01947 0.008079
2022-01-21 15:48:33,054 root                INFO: Train: Epoch  21: train loss 0.0130
2022-01-21 15:48:35,250 root                INFO: Valid: Epoch  21: kendall tau 0.3202 0.5049; loss 0.01898 0.008065
2022-01-21 15:48:35,833 root                INFO: Train: Epoch  22: train loss 0.0130
2022-01-21 15:48:37,933 root                INFO: Valid: Epoch  22: kendall tau 0.3215 0.5110; loss 0.01867 0.007999
2022-01-21 15:48:38,636 root                INFO: Train: Epoch  23: train loss 0.0128
2022-01-21 15:48:40,862 root                INFO: Valid: Epoch  23: kendall tau 0.3221 0.5175; loss 0.01867 0.007952
2022-01-21 15:48:41,387 root                INFO: Train: Epoch  24: train loss 0.0129
2022-01-21 15:48:43,454 root                INFO: Valid: Epoch  24: kendall tau 0.3225 0.5242; loss 0.01892 0.007928
2022-01-21 15:48:44,085 root                INFO: Train: Epoch  25: train loss 0.0127
2022-01-21 15:48:46,354 root                INFO: Valid: Epoch  25: kendall tau 0.3229 0.5313; loss 0.01932 0.007887
2022-01-21 15:48:47,036 root                INFO: Train: Epoch  26: train loss 0.0125
2022-01-21 15:48:49,279 root                INFO: Valid: Epoch  26: kendall tau 0.3238 0.5388; loss 0.01984 0.00783
2022-01-21 15:48:49,888 root                INFO: Train: Epoch  27: train loss 0.0124
2022-01-21 15:48:51,918 root                INFO: Valid: Epoch  27: kendall tau 0.3261 0.5465; loss 0.02016 0.007722
2022-01-21 15:48:52,584 root                INFO: Train: Epoch  28: train loss 0.0123
2022-01-21 15:48:54,845 root                INFO: Valid: Epoch  28: kendall tau 0.3292 0.5546; loss 0.02025 0.007619
2022-01-21 15:48:55,434 root                INFO: Train: Epoch  29: train loss 0.0124
2022-01-21 15:48:57,778 root                INFO: Valid: Epoch  29: kendall tau 0.3313 0.5638; loss 0.02022 0.007549
2022-01-21 15:48:58,400 root                INFO: Train: Epoch  30: train loss 0.0122
2022-01-21 15:49:00,694 root                INFO: Valid: Epoch  30: kendall tau 0.3313 0.5737; loss 0.02037 0.007498
2022-01-21 15:49:01,244 root                INFO: Train: Epoch  31: train loss 0.0121
2022-01-21 15:49:03,275 root                INFO: Valid: Epoch  31: kendall tau 0.3300 0.5838; loss 0.02073 0.00746
2022-01-21 15:49:03,831 root                INFO: Train: Epoch  32: train loss 0.0119
2022-01-21 15:49:06,049 root                INFO: Valid: Epoch  32: kendall tau 0.3291 0.5947; loss 0.02082 0.007421
2022-01-21 15:49:06,632 root                INFO: Train: Epoch  33: train loss 0.0119
2022-01-21 15:49:08,555 root                INFO: Valid: Epoch  33: kendall tau 0.3269 0.6050; loss 0.02105 0.00743
2022-01-21 15:49:09,421 root                INFO: Train: Epoch  34: train loss 0.0118
2022-01-21 15:49:11,664 root                INFO: Valid: Epoch  34: kendall tau 0.3250 0.6148; loss 0.0208 0.007368
2022-01-21 15:49:12,554 root                INFO: Train: Epoch  35: train loss 0.0115
2022-01-21 15:49:14,765 root                INFO: Valid: Epoch  35: kendall tau 0.3198 0.6222; loss 0.02064 0.007305
2022-01-21 15:49:15,550 root                INFO: Train: Epoch  36: train loss 0.0117
2022-01-21 15:49:17,676 root                INFO: Valid: Epoch  36: kendall tau 0.3094 0.6240; loss 0.02058 0.007246
2022-01-21 15:49:18,418 root                INFO: Train: Epoch  37: train loss 0.0115
2022-01-21 15:49:20,353 root                INFO: Valid: Epoch  37: kendall tau 0.2903 0.6145; loss 0.02126 0.007357
2022-01-21 15:49:21,329 root                INFO: Train: Epoch  38: train loss 0.0112
2022-01-21 15:49:23,167 root                INFO: Valid: Epoch  38: kendall tau 0.2716 0.5942; loss 0.02222 0.007585
2022-01-21 15:49:23,857 root                INFO: Train: Epoch  39: train loss 0.0111
2022-01-21 15:49:25,884 root                INFO: Valid: Epoch  39: kendall tau 0.2629 0.5746; loss 0.02194 0.007439
2022-01-21 15:49:26,642 root                INFO: Train: Epoch  40: train loss 0.0110
2022-01-21 15:49:28,770 root                INFO: Valid: Epoch  40: kendall tau 0.2601 0.5572; loss 0.02147 0.007293
2022-01-21 15:49:29,326 root                INFO: Train: Epoch  41: train loss 0.0109
2022-01-21 15:49:31,493 root                INFO: Valid: Epoch  41: kendall tau 0.2546 0.5388; loss 0.02187 0.007377
2022-01-21 15:49:32,079 root                INFO: Train: Epoch  42: train loss 0.0108
2022-01-21 15:49:34,163 root                INFO: Valid: Epoch  42: kendall tau 0.2541 0.5256; loss 0.02225 0.007488
2022-01-21 15:49:34,916 root                INFO: Train: Epoch  43: train loss 0.0108
2022-01-21 15:49:37,151 root                INFO: Valid: Epoch  43: kendall tau 0.2594 0.5195; loss 0.02226 0.007503
2022-01-21 15:49:37,811 root                INFO: Train: Epoch  44: train loss 0.0106
2022-01-21 15:49:39,838 root                INFO: Valid: Epoch  44: kendall tau 0.2725 0.5254; loss 0.02218 0.007536
2022-01-21 15:49:40,523 root                INFO: Train: Epoch  45: train loss 0.0106
2022-01-21 15:49:42,573 root                INFO: Valid: Epoch  45: kendall tau 0.2939 0.5335; loss 0.02095 0.00724
2022-01-21 15:49:43,226 root                INFO: Train: Epoch  46: train loss 0.0105
2022-01-21 15:49:45,127 root                INFO: Valid: Epoch  46: kendall tau 0.3132 0.5421; loss 0.02034 0.00714
2022-01-21 15:49:45,835 root                INFO: Train: Epoch  47: train loss 0.0105
2022-01-21 15:49:47,982 root                INFO: Valid: Epoch  47: kendall tau 0.3307 0.5537; loss 0.02015 0.007152
2022-01-21 15:49:48,743 root                INFO: Train: Epoch  48: train loss 0.0102
2022-01-21 15:49:50,709 root                INFO: Valid: Epoch  48: kendall tau 0.3480 0.5625; loss 0.01973 0.007153
2022-01-21 15:49:51,340 root                INFO: Train: Epoch  49: train loss 0.0103
2022-01-21 15:49:53,538 root                INFO: Valid: Epoch  49: kendall tau 0.3633 0.5673; loss 0.01888 0.007004
2022-01-21 15:49:54,096 root                INFO: Train: Epoch  50: train loss 0.0100
2022-01-21 15:49:56,347 root                INFO: Valid: Epoch  50: kendall tau 0.3770 0.5665; loss 0.01787 0.006811
2022-01-21 15:49:56,897 root                INFO: Train: Epoch  51: train loss 0.0098
2022-01-21 15:49:59,262 root                INFO: Valid: Epoch  51: kendall tau 0.3738 0.5638; loss 0.01946 0.007178
2022-01-21 15:49:59,829 root                INFO: Train: Epoch  52: train loss 0.0100
2022-01-21 15:50:02,023 root                INFO: Valid: Epoch  52: kendall tau 0.3860 0.5530; loss 0.01755 0.006759
2022-01-21 15:50:02,908 root                INFO: Train: Epoch  53: train loss 0.0096
2022-01-21 15:50:05,424 root                INFO: Valid: Epoch  53: kendall tau 0.3861 0.5413; loss 0.01654 0.006672
2022-01-21 15:50:05,982 root                INFO: Train: Epoch  54: train loss 0.0095
2022-01-21 15:50:08,273 root                INFO: Valid: Epoch  54: kendall tau 0.3808 0.5345; loss 0.01771 0.007087
2022-01-21 15:50:08,873 root                INFO: Train: Epoch  55: train loss 0.0093
2022-01-21 15:50:10,967 root                INFO: Valid: Epoch  55: kendall tau 0.3827 0.5262; loss 0.01592 0.006642
2022-01-21 15:50:11,610 root                INFO: Train: Epoch  56: train loss 0.0092
2022-01-21 15:50:13,973 root                INFO: Valid: Epoch  56: kendall tau 0.3840 0.5191; loss 0.01546 0.006469
2022-01-21 15:50:14,823 root                INFO: Train: Epoch  57: train loss 0.0087
2022-01-21 15:50:17,012 root                INFO: Valid: Epoch  57: kendall tau 0.3845 0.5089; loss 0.01662 0.006635
2022-01-21 15:50:17,757 root                INFO: Train: Epoch  58: train loss 0.0085
2022-01-21 15:50:20,185 root                INFO: Valid: Epoch  58: kendall tau 0.3911 0.4937; loss 0.01565 0.006332
2022-01-21 15:50:20,930 root                INFO: Train: Epoch  59: train loss 0.0081
2022-01-21 15:50:23,214 root                INFO: Valid: Epoch  59: kendall tau 0.4094 0.4611; loss 0.01499 0.00633
2022-01-21 15:50:23,803 root                INFO: Train: Epoch  60: train loss 0.0080
2022-01-21 15:50:26,201 root                INFO: Valid: Epoch  60: kendall tau 0.4307 0.4265; loss 0.0153 0.006636
2022-01-21 15:50:26,757 root                INFO: Train: Epoch  61: train loss 0.0077
2022-01-21 15:50:29,276 root                INFO: Valid: Epoch  61: kendall tau 0.4391 0.4407; loss 0.014 0.005638
2022-01-21 15:50:29,865 root                INFO: Train: Epoch  62: train loss 0.0074
2022-01-21 15:50:32,191 root                INFO: Valid: Epoch  62: kendall tau 0.4513 0.4006; loss 0.01452 0.005796
2022-01-21 15:50:32,814 root                INFO: Train: Epoch  63: train loss 0.0073
2022-01-21 15:50:35,365 root                INFO: Valid: Epoch  63: kendall tau 0.4624 0.3089; loss 0.01595 0.007171
2022-01-21 15:50:36,143 root                INFO: Train: Epoch  64: train loss 0.0071
2022-01-21 15:50:38,205 root                INFO: Valid: Epoch  64: kendall tau 0.4648 0.3388; loss 0.01462 0.005547
2022-01-21 15:50:38,872 root                INFO: Train: Epoch  65: train loss 0.0067
2022-01-21 15:50:41,115 root                INFO: Valid: Epoch  65: kendall tau 0.4631 0.3569; loss 0.01442 0.00541
2022-01-21 15:50:41,802 root                INFO: Train: Epoch  66: train loss 0.0065
2022-01-21 15:50:44,003 root                INFO: Valid: Epoch  66: kendall tau 0.4627 0.3322; loss 0.01575 0.006988
2022-01-21 15:50:44,586 root                INFO: Train: Epoch  67: train loss 0.0072
2022-01-21 15:50:46,754 root                INFO: Valid: Epoch  67: kendall tau 0.4553 0.4028; loss 0.01443 0.005486
2022-01-21 15:50:47,482 root                INFO: Train: Epoch  68: train loss 0.0064
2022-01-21 15:50:49,483 root                INFO: Valid: Epoch  68: kendall tau 0.4575 0.4412; loss 0.01493 0.005402
2022-01-21 15:50:50,149 root                INFO: Train: Epoch  69: train loss 0.0063
2022-01-21 15:50:52,406 root                INFO: Valid: Epoch  69: kendall tau 0.4491 0.4807; loss 0.01516 0.005186
2022-01-21 15:50:53,034 root                INFO: Train: Epoch  70: train loss 0.0064
2022-01-21 15:50:55,121 root                INFO: Valid: Epoch  70: kendall tau 0.4404 0.5120; loss 0.01599 0.005506
2022-01-21 15:50:55,929 root                INFO: Train: Epoch  71: train loss 0.0063
2022-01-21 15:50:57,943 root                INFO: Valid: Epoch  71: kendall tau 0.4337 0.5375; loss 0.01547 0.005256
2022-01-21 15:50:58,488 root                INFO: Train: Epoch  72: train loss 0.0061
2022-01-21 15:51:00,700 root                INFO: Valid: Epoch  72: kendall tau 0.4290 0.5523; loss 0.0146 0.005183
2022-01-21 15:51:01,275 root                INFO: Train: Epoch  73: train loss 0.0060
2022-01-21 15:51:03,324 root                INFO: Valid: Epoch  73: kendall tau 0.4422 0.5954; loss 0.01638 0.006278
2022-01-21 15:51:03,901 root                INFO: Train: Epoch  74: train loss 0.0064
2022-01-21 15:51:06,534 root                INFO: Valid: Epoch  74: kendall tau 0.4381 0.5896; loss 0.01452 0.004901
2022-01-21 15:51:07,122 root                INFO: Train: Epoch  75: train loss 0.0061
2022-01-21 15:51:09,195 root                INFO: Valid: Epoch  75: kendall tau 0.4371 0.5887; loss 0.01437 0.005117
2022-01-21 15:51:09,834 root                INFO: Train: Epoch  76: train loss 0.0063
2022-01-21 15:51:12,093 root                INFO: Valid: Epoch  76: kendall tau 0.4473 0.6237; loss 0.01702 0.00591
2022-01-21 15:51:12,840 root                INFO: Train: Epoch  77: train loss 0.0062
2022-01-21 15:51:14,881 root                INFO: Valid: Epoch  77: kendall tau 0.4450 0.6315; loss 0.01544 0.005102
2022-01-21 15:51:15,545 root                INFO: Train: Epoch  78: train loss 0.0057
2022-01-21 15:51:17,885 root                INFO: Valid: Epoch  78: kendall tau 0.4350 0.6284; loss 0.01392 0.004657
2022-01-21 15:51:18,562 root                INFO: Train: Epoch  79: train loss 0.0060
2022-01-21 15:51:20,550 root                INFO: Valid: Epoch  79: kendall tau 0.4301 0.6399; loss 0.01507 0.005244
2022-01-21 15:51:21,225 root                INFO: Train: Epoch  80: train loss 0.0059
2022-01-21 15:51:23,282 root                INFO: Valid: Epoch  80: kendall tau 0.4243 0.6375; loss 0.01559 0.005526
2022-01-21 15:51:24,081 root                INFO: Train: Epoch  81: train loss 0.0059
2022-01-21 15:51:26,575 root                INFO: Valid: Epoch  81: kendall tau 0.4246 0.6367; loss 0.01512 0.005193
2022-01-21 15:51:27,243 root                INFO: Train: Epoch  82: train loss 0.0057
2022-01-21 15:51:29,367 root                INFO: Valid: Epoch  82: kendall tau 0.4330 0.6479; loss 0.0165 0.005765
2022-01-21 15:51:30,187 root                INFO: Train: Epoch  83: train loss 0.0063
2022-01-21 15:51:32,719 root                INFO: Valid: Epoch  83: kendall tau 0.4274 0.6347; loss 0.01477 0.004915
2022-01-21 15:51:33,323 root                INFO: Train: Epoch  84: train loss 0.0068
2022-01-21 15:51:35,403 root                INFO: Valid: Epoch  84: kendall tau 0.4229 0.6006; loss 0.01482 0.005762
2022-01-21 15:51:36,161 root                INFO: Train: Epoch  85: train loss 0.0061
2022-01-21 15:51:38,456 root                INFO: Valid: Epoch  85: kendall tau 0.4346 0.6204; loss 0.01829 0.006653
2022-01-21 15:51:39,495 root                INFO: Train: Epoch  86: train loss 0.0074
2022-01-21 15:51:41,854 root                INFO: Valid: Epoch  86: kendall tau 0.4382 0.6206; loss 0.01591 0.006136
2022-01-21 15:51:42,515 root                INFO: Train: Epoch  87: train loss 0.0063
2022-01-21 15:51:44,689 root                INFO: Valid: Epoch  87: kendall tau 0.4265 0.6026; loss 0.01317 0.004671
2022-01-21 15:51:45,360 root                INFO: Train: Epoch  88: train loss 0.0071
2022-01-21 15:51:47,616 root                INFO: Valid: Epoch  88: kendall tau 0.4229 0.6092; loss 0.01419 0.004735
2022-01-21 15:51:48,226 root                INFO: Train: Epoch  89: train loss 0.0059
2022-01-21 15:51:50,573 root                INFO: Valid: Epoch  89: kendall tau 0.4163 0.6237; loss 0.01834 0.005717
2022-01-21 15:51:51,228 root                INFO: Train: Epoch  90: train loss 0.0062
2022-01-21 15:51:53,317 root                INFO: Valid: Epoch  90: kendall tau 0.4046 0.6217; loss 0.01794 0.005338
2022-01-21 15:51:54,235 root                INFO: Train: Epoch  91: train loss 0.0058
2022-01-21 15:51:56,768 root                INFO: Valid: Epoch  91: kendall tau 0.3940 0.6128; loss 0.01534 0.004788
2022-01-21 15:51:57,770 root                INFO: Train: Epoch  92: train loss 0.0060
2022-01-21 15:51:59,983 root                INFO: Valid: Epoch  92: kendall tau 0.3941 0.6199; loss 0.01544 0.004949
2022-01-21 15:52:00,642 root                INFO: Train: Epoch  93: train loss 0.0056
2022-01-21 15:52:02,863 root                INFO: Valid: Epoch  93: kendall tau 0.3972 0.6300; loss 0.01662 0.006112
2022-01-21 15:52:03,588 root                INFO: Train: Epoch  94: train loss 0.0055
2022-01-21 15:52:05,543 root                INFO: Valid: Epoch  94: kendall tau 0.3968 0.6283; loss 0.01592 0.00556
2022-01-21 15:52:06,419 root                INFO: Train: Epoch  95: train loss 0.0053
2022-01-21 15:52:08,506 root                INFO: Valid: Epoch  95: kendall tau 0.3998 0.6239; loss 0.01529 0.005189
2022-01-21 15:52:09,261 root                INFO: Train: Epoch  96: train loss 0.0052
2022-01-21 15:52:11,360 root                INFO: Valid: Epoch  96: kendall tau 0.4073 0.6333; loss 0.01651 0.00574
2022-01-21 15:52:11,946 root                INFO: Train: Epoch  97: train loss 0.0050
2022-01-21 15:52:13,841 root                INFO: Valid: Epoch  97: kendall tau 0.4140 0.6379; loss 0.01702 0.0064
2022-01-21 15:52:14,506 root                INFO: Train: Epoch  98: train loss 0.0056
2022-01-21 15:52:16,693 root                INFO: Valid: Epoch  98: kendall tau 0.4181 0.6294; loss 0.01484 0.005302
2022-01-21 15:52:17,309 root                INFO: Train: Epoch  99: train loss 0.0051
2022-01-21 15:52:19,309 root                INFO: Valid: Epoch  99: kendall tau 0.4194 0.6305; loss 0.01476 0.005429
2022-01-21 15:52:19,971 root                INFO: Train: Epoch 100: train loss 0.0051
2022-01-21 15:52:22,251 root                INFO: Valid: Epoch 100: kendall tau 0.4215 0.6430; loss 0.01602 0.00631
2022-01-21 15:52:22,865 root                INFO: Train: Epoch 101: train loss 0.0052
2022-01-21 15:52:25,150 root                INFO: Valid: Epoch 101: kendall tau 0.4251 0.6319; loss 0.01427 0.005793
2022-01-21 15:52:25,751 root                INFO: Train: Epoch 102: train loss 0.0051
2022-01-21 15:52:27,937 root                INFO: Valid: Epoch 102: kendall tau 0.4294 0.6286; loss 0.01399 0.005902
2022-01-21 15:52:28,585 root                INFO: Train: Epoch 103: train loss 0.0051
2022-01-21 15:52:31,129 root                INFO: Valid: Epoch 103: kendall tau 0.4358 0.6430; loss 0.01639 0.006345
2022-01-21 15:52:31,698 root                INFO: Train: Epoch 104: train loss 0.0053
2022-01-21 15:52:33,586 root                INFO: Valid: Epoch 104: kendall tau 0.4406 0.6373; loss 0.01463 0.005816
2022-01-21 15:52:34,296 root                INFO: Train: Epoch 105: train loss 0.0050
2022-01-21 15:52:36,722 root                INFO: Valid: Epoch 105: kendall tau 0.4415 0.6337; loss 0.01354 0.005779
2022-01-21 15:52:37,430 root                INFO: Train: Epoch 106: train loss 0.0049
2022-01-21 15:52:39,430 root                INFO: Valid: Epoch 106: kendall tau 0.4398 0.6398; loss 0.01454 0.006215
2022-01-21 15:52:40,110 root                INFO: Train: Epoch 107: train loss 0.0047
2022-01-21 15:52:42,372 root                INFO: Valid: Epoch 107: kendall tau 0.4377 0.6335; loss 0.01449 0.006429
2022-01-21 15:52:43,013 root                INFO: Train: Epoch 108: train loss 0.0048
2022-01-21 15:52:44,993 root                INFO: Valid: Epoch 108: kendall tau 0.4412 0.6355; loss 0.01455 0.006365
2022-01-21 15:52:45,630 root                INFO: Train: Epoch 109: train loss 0.0046
2022-01-21 15:52:47,778 root                INFO: Valid: Epoch 109: kendall tau 0.4449 0.6368; loss 0.01451 0.006166
2022-01-21 15:52:48,408 root                INFO: Train: Epoch 110: train loss 0.0046
2022-01-21 15:52:50,440 root                INFO: Valid: Epoch 110: kendall tau 0.4456 0.6318; loss 0.01361 0.00617
2022-01-21 15:52:50,993 root                INFO: Train: Epoch 111: train loss 0.0046
2022-01-21 15:52:53,149 root                INFO: Valid: Epoch 111: kendall tau 0.4440 0.6298; loss 0.0142 0.006488
2022-01-21 15:52:53,794 root                INFO: Train: Epoch 112: train loss 0.0046
2022-01-21 15:52:55,898 root                INFO: Valid: Epoch 112: kendall tau 0.4435 0.6267; loss 0.01458 0.006755
2022-01-21 15:52:56,679 root                INFO: Train: Epoch 113: train loss 0.0045
2022-01-21 15:52:59,379 root                INFO: Valid: Epoch 113: kendall tau 0.4485 0.6207; loss 0.01252 0.006955
2022-01-21 15:53:00,025 root                INFO: Train: Epoch 114: train loss 0.0049
2022-01-21 15:53:02,451 root                INFO: Valid: Epoch 114: kendall tau 0.4509 0.6214; loss 0.01382 0.006419
2022-01-21 15:53:03,153 root                INFO: Train: Epoch 115: train loss 0.0050
2022-01-21 15:53:05,081 root                INFO: Valid: Epoch 115: kendall tau 0.4528 0.6193; loss 0.01287 0.006306
2022-01-21 15:53:05,736 root                INFO: Train: Epoch 116: train loss 0.0047
2022-01-21 15:53:07,951 root                INFO: Valid: Epoch 116: kendall tau 0.4479 0.6120; loss 0.01308 0.006727
2022-01-21 15:53:08,497 root                INFO: Train: Epoch 117: train loss 0.0048
2022-01-21 15:53:10,545 root                INFO: Valid: Epoch 117: kendall tau 0.4462 0.6160; loss 0.01549 0.006925
2022-01-21 15:53:11,133 root                INFO: Train: Epoch 118: train loss 0.0048
2022-01-21 15:53:13,481 root                INFO: Valid: Epoch 118: kendall tau 0.4599 0.6154; loss 0.01195 0.006468
2022-01-21 15:53:14,055 root                INFO: Train: Epoch 119: train loss 0.0049
2022-01-21 15:53:15,969 root                INFO: Valid: Epoch 119: kendall tau 0.4656 0.6166; loss 0.01159 0.006401
2022-01-21 15:53:16,576 root                INFO: Train: Epoch 120: train loss 0.0046
2022-01-21 15:53:18,879 root                INFO: Valid: Epoch 120: kendall tau 0.4602 0.6241; loss 0.01513 0.006694
2022-01-21 15:53:19,540 root                INFO: Train: Epoch 121: train loss 0.0049
2022-01-21 15:53:21,708 root                INFO: Valid: Epoch 121: kendall tau 0.4634 0.6230; loss 0.01318 0.006092
2022-01-21 15:53:22,465 root                INFO: Train: Epoch 122: train loss 0.0045
2022-01-21 15:53:24,887 root                INFO: Valid: Epoch 122: kendall tau 0.4646 0.6141; loss 0.01158 0.006168
2022-01-21 15:53:25,798 root                INFO: Train: Epoch 123: train loss 0.0053
2022-01-21 15:53:27,908 root                INFO: Valid: Epoch 123: kendall tau 0.4606 0.6275; loss 0.01412 0.006338
2022-01-21 15:53:28,612 root                INFO: Train: Epoch 124: train loss 0.0046
2022-01-21 15:53:30,970 root                INFO: Valid: Epoch 124: kendall tau 0.4661 0.6308; loss 0.0136 0.006565
2022-01-21 15:53:31,531 root                INFO: Train: Epoch 125: train loss 0.0046
2022-01-21 15:53:33,607 root                INFO: Valid: Epoch 125: kendall tau 0.4735 0.6264; loss 0.01128 0.005799
2022-01-21 15:53:34,504 root                INFO: Train: Epoch 126: train loss 0.0044
2022-01-21 15:53:36,542 root                INFO: Valid: Epoch 126: kendall tau 0.4628 0.6252; loss 0.01251 0.005986
2022-01-21 15:53:37,079 root                INFO: Train: Epoch 127: train loss 0.0042
2022-01-21 15:53:39,306 root                INFO: Valid: Epoch 127: kendall tau 0.4507 0.6243; loss 0.01381 0.006371
2022-01-21 15:53:39,972 root                INFO: Train: Epoch 128: train loss 0.0044
2022-01-21 15:53:41,869 root                INFO: Valid: Epoch 128: kendall tau 0.4544 0.6246; loss 0.01282 0.006424
2022-01-21 15:53:42,534 root                INFO: Train: Epoch 129: train loss 0.0041
2022-01-21 15:53:45,010 root                INFO: Valid: Epoch 129: kendall tau 0.4626 0.6239; loss 0.01204 0.006296
2022-01-21 15:53:45,740 root                INFO: Train: Epoch 130: train loss 0.0042
2022-01-21 15:53:47,924 root                INFO: Valid: Epoch 130: kendall tau 0.4607 0.6238; loss 0.012 0.006373
2022-01-21 15:53:48,526 root                INFO: Train: Epoch 131: train loss 0.0042
2022-01-21 15:53:50,855 root                INFO: Valid: Epoch 131: kendall tau 0.4522 0.6257; loss 0.01212 0.00677
2022-01-21 15:53:51,524 root                INFO: Train: Epoch 132: train loss 0.0042
2022-01-21 15:53:53,479 root                INFO: Valid: Epoch 132: kendall tau 0.4440 0.6239; loss 0.01291 0.007547
2022-01-21 15:53:54,308 root                INFO: Train: Epoch 133: train loss 0.0047
2022-01-21 15:53:56,310 root                INFO: Valid: Epoch 133: kendall tau 0.4490 0.6230; loss 0.01517 0.007121
2022-01-21 15:53:56,943 root                INFO: Train: Epoch 134: train loss 0.0047
2022-01-21 15:53:59,081 root                INFO: Valid: Epoch 134: kendall tau 0.4869 0.6113; loss 0.01176 0.007025
2022-01-21 15:53:59,670 root                INFO: Train: Epoch 135: train loss 0.0056
2022-01-21 15:54:01,585 root                INFO: Valid: Epoch 135: kendall tau 0.5018 0.6138; loss 0.009189 0.005842
2022-01-21 15:54:02,223 root                INFO: Train: Epoch 136: train loss 0.0051
2022-01-21 15:54:04,408 root                INFO: Valid: Epoch 136: kendall tau 0.4478 0.6073; loss 0.01294 0.006219
2022-01-21 15:54:05,059 root                INFO: Train: Epoch 137: train loss 0.0043
2022-01-21 15:54:07,100 root                INFO: Valid: Epoch 137: kendall tau 0.4048 0.6000; loss 0.0181 0.007121
2022-01-21 15:54:07,819 root                INFO: Train: Epoch 138: train loss 0.0054
2022-01-21 15:54:09,997 root                INFO: Valid: Epoch 138: kendall tau 0.4261 0.5966; loss 0.01392 0.006638
2022-01-21 15:54:10,714 root                INFO: Train: Epoch 139: train loss 0.0047
2022-01-21 15:54:12,667 root                INFO: Valid: Epoch 139: kendall tau 0.4632 0.6030; loss 0.01057 0.005915
2022-01-21 15:54:13,709 root                INFO: Train: Epoch 140: train loss 0.0044
2022-01-21 15:54:16,112 root                INFO: Valid: Epoch 140: kendall tau 0.4736 0.6139; loss 0.01127 0.006262
2022-01-21 15:54:16,825 root                INFO: Train: Epoch 141: train loss 0.0044
2022-01-21 15:54:19,081 root                INFO: Valid: Epoch 141: kendall tau 0.4749 0.6171; loss 0.01262 0.006365
2022-01-21 15:54:19,902 root                INFO: Train: Epoch 142: train loss 0.0045
2022-01-21 15:54:22,021 root                INFO: Valid: Epoch 142: kendall tau 0.4794 0.6155; loss 0.01181 0.005822
2022-01-21 15:54:22,743 root                INFO: Train: Epoch 143: train loss 0.0042
2022-01-21 15:54:24,991 root                INFO: Valid: Epoch 143: kendall tau 0.4747 0.6138; loss 0.01172 0.006208
2022-01-21 15:54:25,607 root                INFO: Train: Epoch 144: train loss 0.0042
2022-01-21 15:54:27,698 root                INFO: Valid: Epoch 144: kendall tau 0.4614 0.6185; loss 0.014 0.006637
2022-01-21 15:54:28,495 root                INFO: Train: Epoch 145: train loss 0.0043
2022-01-21 15:54:30,665 root                INFO: Valid: Epoch 145: kendall tau 0.4662 0.6188; loss 0.0133 0.006724
2022-01-21 15:54:31,204 root                INFO: Train: Epoch 146: train loss 0.0042
2022-01-21 15:54:33,456 root                INFO: Valid: Epoch 146: kendall tau 0.4814 0.6172; loss 0.01046 0.006167
2022-01-21 15:54:34,056 root                INFO: Train: Epoch 147: train loss 0.0044
2022-01-21 15:54:36,373 root                INFO: Valid: Epoch 147: kendall tau 0.4696 0.6154; loss 0.0112 0.006202
2022-01-21 15:54:37,073 root                INFO: Train: Epoch 148: train loss 0.0040
2022-01-21 15:54:39,200 root                INFO: Valid: Epoch 148: kendall tau 0.4436 0.6132; loss 0.01412 0.006777
2022-01-21 15:54:40,033 root                INFO: Train: Epoch 149: train loss 0.0040
2022-01-21 15:54:42,199 root                INFO: Valid: Epoch 149: kendall tau 0.4448 0.6128; loss 0.01348 0.00747
2022-01-21 15:54:42,758 root                INFO: Train: Epoch 150: train loss 0.0040
2022-01-21 15:54:44,722 root                INFO: Valid: Epoch 150: kendall tau 0.4590 0.6134; loss 0.01166 0.00739
2022-01-21 15:54:45,418 root                INFO: Train: Epoch 151: train loss 0.0040
2022-01-21 15:54:47,656 root                INFO: Valid: Epoch 151: kendall tau 0.4571 0.6134; loss 0.0125 0.006589
2022-01-21 15:54:48,259 root                INFO: Train: Epoch 152: train loss 0.0040
2022-01-21 15:54:50,490 root                INFO: Valid: Epoch 152: kendall tau 0.4576 0.6140; loss 0.0124 0.006411
2022-01-21 15:54:51,050 root                INFO: Train: Epoch 153: train loss 0.0040
2022-01-21 15:54:53,042 root                INFO: Valid: Epoch 153: kendall tau 0.4560 0.6134; loss 0.0121 0.0065
2022-01-21 15:54:53,620 root                INFO: Train: Epoch 154: train loss 0.0039
2022-01-21 15:54:55,875 root                INFO: Valid: Epoch 154: kendall tau 0.4449 0.6144; loss 0.01404 0.006747
2022-01-21 15:54:56,573 root                INFO: Train: Epoch 155: train loss 0.0039
2022-01-21 15:54:58,617 root                INFO: Valid: Epoch 155: kendall tau 0.4601 0.6157; loss 0.01273 0.006873
2022-01-21 15:54:59,390 root                INFO: Train: Epoch 156: train loss 0.0039
2022-01-21 15:55:01,678 root                INFO: Valid: Epoch 156: kendall tau 0.4797 0.6169; loss 0.01092 0.006749
2022-01-21 15:55:02,373 root                INFO: Train: Epoch 157: train loss 0.0039
2022-01-21 15:55:04,355 root                INFO: Valid: Epoch 157: kendall tau 0.4763 0.6196; loss 0.01198 0.006726
2022-01-21 15:55:04,966 root                INFO: Train: Epoch 158: train loss 0.0037
2022-01-21 15:55:07,209 root                INFO: Valid: Epoch 158: kendall tau 0.4684 0.6195; loss 0.01259 0.007304
2022-01-21 15:55:07,922 root                INFO: Train: Epoch 159: train loss 0.0037
2022-01-21 15:55:09,910 root                INFO: Valid: Epoch 159: kendall tau 0.4697 0.6205; loss 0.01206 0.008045
2022-01-21 15:55:10,492 root                INFO: Train: Epoch 160: train loss 0.0038
2022-01-21 15:55:12,740 root                INFO: Valid: Epoch 160: kendall tau 0.4729 0.6244; loss 0.01171 0.007498
2022-01-21 15:55:13,363 root                INFO: Train: Epoch 161: train loss 0.0036
2022-01-21 15:55:15,546 root                INFO: Valid: Epoch 161: kendall tau 0.4641 0.6265; loss 0.01247 0.006877
2022-01-21 15:55:16,167 root                INFO: Train: Epoch 162: train loss 0.0036
2022-01-21 15:55:18,299 root                INFO: Valid: Epoch 162: kendall tau 0.4601 0.6242; loss 0.0125 0.006588
2022-01-21 15:55:19,050 root                INFO: Train: Epoch 163: train loss 0.0036
2022-01-21 15:55:21,265 root                INFO: Valid: Epoch 163: kendall tau 0.4651 0.6218; loss 0.0117 0.006652
2022-01-21 15:55:21,982 root                INFO: Train: Epoch 164: train loss 0.0037
2022-01-21 15:55:24,022 root                INFO: Valid: Epoch 164: kendall tau 0.4687 0.6218; loss 0.01173 0.007033
2022-01-21 15:55:24,776 root                INFO: Train: Epoch 165: train loss 0.0035
2022-01-21 15:55:27,037 root                INFO: Valid: Epoch 165: kendall tau 0.4616 0.6219; loss 0.01292 0.007256
2022-01-21 15:55:27,739 root                INFO: Train: Epoch 166: train loss 0.0036
2022-01-21 15:55:29,757 root                INFO: Valid: Epoch 166: kendall tau 0.4641 0.6183; loss 0.01251 0.007042
2022-01-21 15:55:30,438 root                INFO: Train: Epoch 167: train loss 0.0037
2022-01-21 15:55:32,606 root                INFO: Valid: Epoch 167: kendall tau 0.4741 0.6176; loss 0.01168 0.006857
2022-01-21 15:55:33,207 root                INFO: Train: Epoch 168: train loss 0.0036
2022-01-21 15:55:35,143 root                INFO: Valid: Epoch 168: kendall tau 0.4734 0.6211; loss 0.01233 0.006736
2022-01-21 15:55:36,167 root                INFO: Train: Epoch 169: train loss 0.0036
2022-01-21 15:55:38,277 root                INFO: Valid: Epoch 169: kendall tau 0.4796 0.6203; loss 0.01122 0.007213
2022-01-21 15:55:39,086 root                INFO: Train: Epoch 170: train loss 0.0035
2022-01-21 15:55:41,406 root                INFO: Valid: Epoch 170: kendall tau 0.4715 0.6220; loss 0.01204 0.007536
2022-01-21 15:55:42,265 root                INFO: Train: Epoch 171: train loss 0.0036
2022-01-21 15:55:44,310 root                INFO: Valid: Epoch 171: kendall tau 0.4606 0.6255; loss 0.01302 0.007177
2022-01-21 15:55:45,002 root                INFO: Train: Epoch 172: train loss 0.0036
2022-01-21 15:55:47,238 root                INFO: Valid: Epoch 172: kendall tau 0.4693 0.6273; loss 0.01183 0.006644
2022-01-21 15:55:48,056 root                INFO: Train: Epoch 173: train loss 0.0036
2022-01-21 15:55:50,235 root                INFO: Valid: Epoch 173: kendall tau 0.4711 0.6274; loss 0.01187 0.00648
2022-01-21 15:55:51,061 root                INFO: Train: Epoch 174: train loss 0.0035
2022-01-21 15:55:53,665 root                INFO: Valid: Epoch 174: kendall tau 0.4631 0.6270; loss 0.01285 0.006893
2022-01-21 15:55:54,360 root                INFO: Train: Epoch 175: train loss 0.0036
2022-01-21 15:55:56,504 root                INFO: Valid: Epoch 175: kendall tau 0.4707 0.6277; loss 0.01226 0.006975
2022-01-21 15:55:57,111 root                INFO: Train: Epoch 176: train loss 0.0034
2022-01-21 15:55:59,131 root                INFO: Valid: Epoch 176: kendall tau 0.4854 0.6277; loss 0.0111 0.006756
2022-01-21 15:55:59,676 root                INFO: Train: Epoch 177: train loss 0.0035
2022-01-21 15:56:02,099 root                INFO: Valid: Epoch 177: kendall tau 0.4752 0.6232; loss 0.01159 0.007141
2022-01-21 15:56:02,697 root                INFO: Train: Epoch 178: train loss 0.0035
2022-01-21 15:56:04,545 root                INFO: Valid: Epoch 178: kendall tau 0.4522 0.6244; loss 0.01377 0.007395
2022-01-21 15:56:05,158 root                INFO: Train: Epoch 179: train loss 0.0036
2022-01-21 15:56:07,189 root                INFO: Valid: Epoch 179: kendall tau 0.4653 0.6251; loss 0.01221 0.007907
2022-01-21 15:56:07,903 root                INFO: Train: Epoch 180: train loss 0.0035
2022-01-21 15:56:09,898 root                INFO: Valid: Epoch 180: kendall tau 0.4798 0.6329; loss 0.01159 0.007109
2022-01-21 15:56:10,542 root                INFO: Train: Epoch 181: train loss 0.0035
2022-01-21 15:56:12,582 root                INFO: Valid: Epoch 181: kendall tau 0.4858 0.6310; loss 0.01131 0.007016
2022-01-21 15:56:13,298 root                INFO: Train: Epoch 182: train loss 0.0035
2022-01-21 15:56:15,339 root                INFO: Valid: Epoch 182: kendall tau 0.4824 0.6231; loss 0.01122 0.007679
2022-01-21 15:56:16,050 root                INFO: Train: Epoch 183: train loss 0.0035
2022-01-21 15:56:17,960 root                INFO: Valid: Epoch 183: kendall tau 0.4653 0.6244; loss 0.0136 0.006848
2022-01-21 15:56:18,607 root                INFO: Train: Epoch 184: train loss 0.0036
2022-01-21 15:56:20,696 root                INFO: Valid: Epoch 184: kendall tau 0.4833 0.6212; loss 0.01101 0.00653
2022-01-21 15:56:21,371 root                INFO: Train: Epoch 185: train loss 0.0036
2022-01-21 15:56:23,317 root                INFO: Valid: Epoch 185: kendall tau 0.4828 0.6147; loss 0.01056 0.007092
2022-01-21 15:56:23,979 root                INFO: Train: Epoch 186: train loss 0.0035
2022-01-21 15:56:26,152 root                INFO: Valid: Epoch 186: kendall tau 0.4500 0.6179; loss 0.01453 0.007213
2022-01-21 15:56:26,707 root                INFO: Train: Epoch 187: train loss 0.0036
2022-01-21 15:56:28,752 root                INFO: Valid: Epoch 187: kendall tau 0.4600 0.6140; loss 0.01311 0.007395
2022-01-21 15:56:29,358 root                INFO: Train: Epoch 188: train loss 0.0034
2022-01-21 15:56:31,603 root                INFO: Valid: Epoch 188: kendall tau 0.4867 0.6132; loss 0.01053 0.00752
2022-01-21 15:56:32,278 root                INFO: Train: Epoch 189: train loss 0.0035
2022-01-21 15:56:34,202 root                INFO: Valid: Epoch 189: kendall tau 0.4821 0.6256; loss 0.01211 0.006835
2022-01-21 15:56:34,845 root                INFO: Train: Epoch 190: train loss 0.0034
2022-01-21 15:56:36,847 root                INFO: Valid: Epoch 190: kendall tau 0.4859 0.6286; loss 0.0122 0.006583
2022-01-21 15:56:37,569 root                INFO: Train: Epoch 191: train loss 0.0035
2022-01-21 15:56:39,632 root                INFO: Valid: Epoch 191: kendall tau 0.4943 0.6220; loss 0.01081 0.006624
2022-01-21 15:56:40,287 root                INFO: Train: Epoch 192: train loss 0.0036
2022-01-21 15:56:42,714 root                INFO: Valid: Epoch 192: kendall tau 0.4832 0.6257; loss 0.01196 0.006607
2022-01-21 15:56:43,272 root                INFO: Train: Epoch 193: train loss 0.0032
2022-01-21 15:56:45,177 root                INFO: Valid: Epoch 193: kendall tau 0.4847 0.6253; loss 0.01114 0.007108
2022-01-21 15:56:45,930 root                INFO: Train: Epoch 194: train loss 0.0033
2022-01-21 15:56:47,714 root                INFO: Valid: Epoch 194: kendall tau 0.4763 0.6271; loss 0.01163 0.007169
2022-01-21 15:56:48,211 root                INFO: Train: Epoch 195: train loss 0.0034
2022-01-21 15:56:50,234 root                INFO: Valid: Epoch 195: kendall tau 0.4628 0.6277; loss 0.01283 0.006993
2022-01-21 15:56:50,771 root                INFO: Train: Epoch 196: train loss 0.0034
2022-01-21 15:56:52,709 root                INFO: Valid: Epoch 196: kendall tau 0.4724 0.6262; loss 0.01179 0.007046
2022-01-21 15:56:53,195 root                INFO: Train: Epoch 197: train loss 0.0034
2022-01-21 15:56:55,074 root                INFO: Valid: Epoch 197: kendall tau 0.4824 0.6280; loss 0.0113 0.007206
2022-01-21 15:56:55,548 root                INFO: Train: Epoch 198: train loss 0.0032
2022-01-21 15:56:57,184 root                INFO: Valid: Epoch 198: kendall tau 0.4793 0.6306; loss 0.01212 0.007147
2022-01-21 15:56:57,695 root                INFO: Train: Epoch 199: train loss 0.0033
2022-01-21 15:56:59,480 root                INFO: Valid: Epoch 199: kendall tau 0.4858 0.6281; loss 0.01177 0.006798
2022-01-21 15:56:59,941 root                INFO: Train: Epoch 200: train loss 0.0033
2022-01-21 15:57:01,620 root                INFO: Valid: Epoch 200: kendall tau 0.4935 0.6254; loss 0.01147 0.006817
2022-01-21 15:57:01,627 root                INFO: Epoch 200: Save checkpoint to nb1shot1_anytime_tagates/tagates_0.1/1/21/200.ckpt
2022-01-21 15:57:03,490 root                INFO: [0.0, 0.05555555555555555, 0.041666666666666664, 0.19505494505494506, 0.31824417009602196, 0.7426611796982168, 1.0]
2022-01-21 15:57:03,491 root                INFO: [0.0, 0.2222222222222222, 0.25, 0.46703296703296704, 0.5555555555555556, 0.8175582990397805, 1.0]
2022-01-21 15:57:03,491 root                INFO: [18, 18]
2022-01-21 15:57:03,491 root                INFO: [19, 12]
