2022-01-19 23:23:18,001 root                INFO: GPU device = 1
2022-01-19 23:23:18,001 root                INFO: Load pkl cache from nasbench101.pkl and nasbench101_valid.pkl
2022-01-19 23:23:18,439 root                INFO: Config: {'arch_network_cfg': {'arch_embedder_cfg': {'b_use_bn': False, 'backward_gcn_out_dims': [128, 128, 128, 128, 128], 'concat_param_zs_as_opemb_dimension': 7, 'concat_param_zs_as_opemb_scale': 0.1, 'detach_vinfo': False, 'fb_conversion_dims': [128, 128], 'gcn_kwargs': {'plus_I': True, 'residual_only': 1}, 'gcn_out_dims': [128, 128, 128, 128, 128], 'hid_dim': 96, 'mask_nonparametrized_ops': False, 'node_embedding_dim': 48, 'num_time_steps': 3, 'op_embedding_dim': 48, 'symmetry_breaking_method': 'param_zs_add', 'updateopemb_detach_finfo': True, 'updateopemb_detach_opemb': True, 'updateopemb_dims': [128], 'updateopemb_method': 'concat_ofb', 'updateopemb_scale': 0.1}, 'arch_embedder_type': 'nb101-fbflow', 'compare_loss_type': 'margin_linear', 'compare_margin': 0.1, 'mlp_dropout': 0.1, 'mlp_hiddens': [200], 'optimizer': {'lr': 0.001, 'type': 'Adam'}, 'scheduler': None}, 'batch_size': 512, 'choose_pair_criterion': 'random', 'compare': True, 'compare_threshold': 0.0, 'epochs': 200, 'max_compare_ratio': 4.0}
2022-01-19 23:23:22,402 root                INFO: Combined args: Namespace(batch_size=512, cfg_file='cfgs/nb101_cfgs/gates_true_scale0.1.yaml', choose_pair_criterion='random', compare=True, compare_threshold=0.0, epochs=200, eval_only_last=5, gpu=1, load=None, max_compare_ratio=4.0, num_workers=4, report_freq=200, save_every=200, save_predict=None, seed=2021, test_funcs=None, test_only=False, train_dir='nb1shot1_ablation_scale/true/0.1_1/12/2021', train_pkl='../mynas/data/nasbench-1shot1/nasbench101_train_12.pkl', train_ratio=1.0, valid_pkl='../mynas/data/nasbench-1shot1/nasbench101_valid.pkl')
2022-01-19 23:23:22,403 root                INFO: Train dataset ratio: 1.000
2022-01-19 23:23:22,403 root                INFO: Number of architectures: train: 7290; valid: 7290
2022-01-19 23:23:28,000 root                INFO: Train: Epoch   1: train loss 0.0698
2022-01-19 23:23:31,761 root                INFO: Train: Epoch   2: train loss 0.0402
2022-01-19 23:23:35,381 root                INFO: Train: Epoch   3: train loss 0.0306
2022-01-19 23:23:39,005 root                INFO: Train: Epoch   4: train loss 0.0264
2022-01-19 23:23:42,638 root                INFO: Train: Epoch   5: train loss 0.0248
2022-01-19 23:23:46,085 root                INFO: Train: Epoch   6: train loss 0.0216
2022-01-19 23:23:49,635 root                INFO: Train: Epoch   7: train loss 0.0208
2022-01-19 23:23:53,185 root                INFO: Train: Epoch   8: train loss 0.0202
2022-01-19 23:23:56,833 root                INFO: Train: Epoch   9: train loss 0.0191
2022-01-19 23:24:00,400 root                INFO: Train: Epoch  10: train loss 0.0182
2022-01-19 23:24:03,902 root                INFO: Train: Epoch  11: train loss 0.0185
2022-01-19 23:24:07,580 root                INFO: Train: Epoch  12: train loss 0.0185
2022-01-19 23:24:11,246 root                INFO: Train: Epoch  13: train loss 0.0177
2022-01-19 23:24:14,870 root                INFO: Train: Epoch  14: train loss 0.0170
2022-01-19 23:24:18,555 root                INFO: Train: Epoch  15: train loss 0.0170
2022-01-19 23:24:22,022 root                INFO: Train: Epoch  16: train loss 0.0171
2022-01-19 23:24:25,566 root                INFO: Train: Epoch  17: train loss 0.0177
2022-01-19 23:24:28,947 root                INFO: Train: Epoch  18: train loss 0.0166
2022-01-19 23:24:32,468 root                INFO: Train: Epoch  19: train loss 0.0162
2022-01-19 23:24:36,137 root                INFO: Train: Epoch  20: train loss 0.0164
2022-01-19 23:24:39,770 root                INFO: Train: Epoch  21: train loss 0.0154
2022-01-19 23:24:43,400 root                INFO: Train: Epoch  22: train loss 0.0159
2022-01-19 23:24:47,136 root                INFO: Train: Epoch  23: train loss 0.0161
2022-01-19 23:24:50,643 root                INFO: Train: Epoch  24: train loss 0.0162
2022-01-19 23:24:54,414 root                INFO: Train: Epoch  25: train loss 0.0159
2022-01-19 23:24:58,095 root                INFO: Train: Epoch  26: train loss 0.0158
2022-01-19 23:25:01,725 root                INFO: Train: Epoch  27: train loss 0.0157
2022-01-19 23:25:05,442 root                INFO: Train: Epoch  28: train loss 0.0154
2022-01-19 23:25:09,024 root                INFO: Train: Epoch  29: train loss 0.0155
2022-01-19 23:25:12,986 root                INFO: Train: Epoch  30: train loss 0.0153
2022-01-19 23:25:16,757 root                INFO: Train: Epoch  31: train loss 0.0153
2022-01-19 23:25:20,222 root                INFO: Train: Epoch  32: train loss 0.0149
2022-01-19 23:25:23,911 root                INFO: Train: Epoch  33: train loss 0.0154
2022-01-19 23:25:27,599 root                INFO: Train: Epoch  34: train loss 0.0151
2022-01-19 23:25:31,177 root                INFO: Train: Epoch  35: train loss 0.0150
2022-01-19 23:25:34,779 root                INFO: Train: Epoch  36: train loss 0.0151
2022-01-19 23:25:38,416 root                INFO: Train: Epoch  37: train loss 0.0138
2022-01-19 23:25:42,033 root                INFO: Train: Epoch  38: train loss 0.0142
2022-01-19 23:25:45,546 root                INFO: Train: Epoch  39: train loss 0.0150
2022-01-19 23:25:49,110 root                INFO: Train: Epoch  40: train loss 0.0149
2022-01-19 23:25:52,758 root                INFO: Train: Epoch  41: train loss 0.0152
2022-01-19 23:25:56,582 root                INFO: Train: Epoch  42: train loss 0.0152
2022-01-19 23:26:00,121 root                INFO: Train: Epoch  43: train loss 0.0146
2022-01-19 23:26:03,623 root                INFO: Train: Epoch  44: train loss 0.0144
2022-01-19 23:26:07,292 root                INFO: Train: Epoch  45: train loss 0.0142
2022-01-19 23:26:10,807 root                INFO: Train: Epoch  46: train loss 0.0148
2022-01-19 23:26:14,304 root                INFO: Train: Epoch  47: train loss 0.0143
2022-01-19 23:26:17,994 root                INFO: Train: Epoch  48: train loss 0.0142
2022-01-19 23:26:21,534 root                INFO: Train: Epoch  49: train loss 0.0142
2022-01-19 23:26:25,175 root                INFO: Train: Epoch  50: train loss 0.0144
2022-01-19 23:26:28,869 root                INFO: Train: Epoch  51: train loss 0.0142
2022-01-19 23:26:32,724 root                INFO: Train: Epoch  52: train loss 0.0140
2022-01-19 23:26:36,304 root                INFO: Train: Epoch  53: train loss 0.0142
2022-01-19 23:26:39,946 root                INFO: Train: Epoch  54: train loss 0.0138
2022-01-19 23:26:43,573 root                INFO: Train: Epoch  55: train loss 0.0142
2022-01-19 23:26:47,179 root                INFO: Train: Epoch  56: train loss 0.0145
2022-01-19 23:26:50,780 root                INFO: Train: Epoch  57: train loss 0.0134
2022-01-19 23:26:54,388 root                INFO: Train: Epoch  58: train loss 0.0141
2022-01-19 23:26:57,917 root                INFO: Train: Epoch  59: train loss 0.0145
2022-01-19 23:27:01,477 root                INFO: Train: Epoch  60: train loss 0.0137
2022-01-19 23:27:05,286 root                INFO: Train: Epoch  61: train loss 0.0143
2022-01-19 23:27:08,971 root                INFO: Train: Epoch  62: train loss 0.0141
2022-01-19 23:27:12,595 root                INFO: Train: Epoch  63: train loss 0.0145
2022-01-19 23:27:16,083 root                INFO: Train: Epoch  64: train loss 0.0147
2022-01-19 23:27:19,567 root                INFO: Train: Epoch  65: train loss 0.0138
2022-01-19 23:27:23,169 root                INFO: Train: Epoch  66: train loss 0.0138
2022-01-19 23:27:26,792 root                INFO: Train: Epoch  67: train loss 0.0139
2022-01-19 23:27:30,452 root                INFO: Train: Epoch  68: train loss 0.0149
2022-01-19 23:27:34,259 root                INFO: Train: Epoch  69: train loss 0.0140
2022-01-19 23:27:37,863 root                INFO: Train: Epoch  70: train loss 0.0138
2022-01-19 23:27:41,662 root                INFO: Train: Epoch  71: train loss 0.0133
2022-01-19 23:27:45,222 root                INFO: Train: Epoch  72: train loss 0.0136
2022-01-19 23:27:48,833 root                INFO: Train: Epoch  73: train loss 0.0137
2022-01-19 23:27:52,316 root                INFO: Train: Epoch  74: train loss 0.0145
2022-01-19 23:27:55,851 root                INFO: Train: Epoch  75: train loss 0.0140
2022-01-19 23:27:59,514 root                INFO: Train: Epoch  76: train loss 0.0142
2022-01-19 23:28:03,079 root                INFO: Train: Epoch  77: train loss 0.0135
2022-01-19 23:28:06,600 root                INFO: Train: Epoch  78: train loss 0.0134
2022-01-19 23:28:10,428 root                INFO: Train: Epoch  79: train loss 0.0140
2022-01-19 23:28:14,209 root                INFO: Train: Epoch  80: train loss 0.0146
2022-01-19 23:28:17,867 root                INFO: Train: Epoch  81: train loss 0.0130
2022-01-19 23:28:21,563 root                INFO: Train: Epoch  82: train loss 0.0137
2022-01-19 23:28:25,239 root                INFO: Train: Epoch  83: train loss 0.0136
2022-01-19 23:28:28,812 root                INFO: Train: Epoch  84: train loss 0.0143
2022-01-19 23:28:32,429 root                INFO: Train: Epoch  85: train loss 0.0128
2022-01-19 23:28:36,064 root                INFO: Train: Epoch  86: train loss 0.0133
2022-01-19 23:28:39,823 root                INFO: Train: Epoch  87: train loss 0.0132
2022-01-19 23:28:43,393 root                INFO: Train: Epoch  88: train loss 0.0131
2022-01-19 23:28:47,127 root                INFO: Train: Epoch  89: train loss 0.0138
2022-01-19 23:28:50,849 root                INFO: Train: Epoch  90: train loss 0.0137
2022-01-19 23:28:54,489 root                INFO: Train: Epoch  91: train loss 0.0141
2022-01-19 23:28:58,099 root                INFO: Train: Epoch  92: train loss 0.0135
2022-01-19 23:29:01,685 root                INFO: Train: Epoch  93: train loss 0.0134
2022-01-19 23:29:05,280 root                INFO: Train: Epoch  94: train loss 0.0132
2022-01-19 23:29:08,872 root                INFO: Train: Epoch  95: train loss 0.0136
2022-01-19 23:29:12,374 root                INFO: Train: Epoch  96: train loss 0.0127
2022-01-19 23:29:15,969 root                INFO: Train: Epoch  97: train loss 0.0133
2022-01-19 23:29:19,540 root                INFO: Train: Epoch  98: train loss 0.0135
2022-01-19 23:29:23,278 root                INFO: Train: Epoch  99: train loss 0.0133
2022-01-19 23:29:26,885 root                INFO: Train: Epoch 100: train loss 0.0132
2022-01-19 23:29:30,456 root                INFO: Train: Epoch 101: train loss 0.0133
2022-01-19 23:29:33,982 root                INFO: Train: Epoch 102: train loss 0.0129
2022-01-19 23:29:37,709 root                INFO: Train: Epoch 103: train loss 0.0132
2022-01-19 23:29:41,308 root                INFO: Train: Epoch 104: train loss 0.0135
2022-01-19 23:29:44,893 root                INFO: Train: Epoch 105: train loss 0.0137
2022-01-19 23:29:48,460 root                INFO: Train: Epoch 106: train loss 0.0137
2022-01-19 23:29:52,043 root                INFO: Train: Epoch 107: train loss 0.0133
2022-01-19 23:29:55,588 root                INFO: Train: Epoch 108: train loss 0.0131
2022-01-19 23:29:59,226 root                INFO: Train: Epoch 109: train loss 0.0134
2022-01-19 23:30:02,745 root                INFO: Train: Epoch 110: train loss 0.0139
2022-01-19 23:30:06,346 root                INFO: Train: Epoch 111: train loss 0.0133
2022-01-19 23:30:09,938 root                INFO: Train: Epoch 112: train loss 0.0136
2022-01-19 23:30:13,395 root                INFO: Train: Epoch 113: train loss 0.0134
2022-01-19 23:30:16,941 root                INFO: Train: Epoch 114: train loss 0.0138
2022-01-19 23:30:20,613 root                INFO: Train: Epoch 115: train loss 0.0131
2022-01-19 23:30:24,194 root                INFO: Train: Epoch 116: train loss 0.0131
2022-01-19 23:30:27,681 root                INFO: Train: Epoch 117: train loss 0.0130
2022-01-19 23:30:31,311 root                INFO: Train: Epoch 118: train loss 0.0133
2022-01-19 23:30:34,875 root                INFO: Train: Epoch 119: train loss 0.0133
2022-01-19 23:30:38,634 root                INFO: Train: Epoch 120: train loss 0.0137
2022-01-19 23:30:42,197 root                INFO: Train: Epoch 121: train loss 0.0132
2022-01-19 23:30:45,772 root                INFO: Train: Epoch 122: train loss 0.0130
2022-01-19 23:30:49,488 root                INFO: Train: Epoch 123: train loss 0.0131
2022-01-19 23:30:53,079 root                INFO: Train: Epoch 124: train loss 0.0133
2022-01-19 23:30:56,783 root                INFO: Train: Epoch 125: train loss 0.0132
2022-01-19 23:31:00,587 root                INFO: Train: Epoch 126: train loss 0.0128
2022-01-19 23:31:04,268 root                INFO: Train: Epoch 127: train loss 0.0131
2022-01-19 23:31:07,966 root                INFO: Train: Epoch 128: train loss 0.0131
2022-01-19 23:31:11,542 root                INFO: Train: Epoch 129: train loss 0.0136
2022-01-19 23:31:15,181 root                INFO: Train: Epoch 130: train loss 0.0129
2022-01-19 23:31:18,856 root                INFO: Train: Epoch 131: train loss 0.0135
2022-01-19 23:31:22,516 root                INFO: Train: Epoch 132: train loss 0.0137
2022-01-19 23:31:26,076 root                INFO: Train: Epoch 133: train loss 0.0133
2022-01-19 23:31:29,786 root                INFO: Train: Epoch 134: train loss 0.0129
2022-01-19 23:31:33,500 root                INFO: Train: Epoch 135: train loss 0.0132
2022-01-19 23:31:37,161 root                INFO: Train: Epoch 136: train loss 0.0128
2022-01-19 23:31:41,005 root                INFO: Train: Epoch 137: train loss 0.0133
2022-01-19 23:31:44,813 root                INFO: Train: Epoch 138: train loss 0.0127
2022-01-19 23:31:48,392 root                INFO: Train: Epoch 139: train loss 0.0126
2022-01-19 23:31:52,036 root                INFO: Train: Epoch 140: train loss 0.0136
2022-01-19 23:31:55,867 root                INFO: Train: Epoch 141: train loss 0.0129
2022-01-19 23:31:59,631 root                INFO: Train: Epoch 142: train loss 0.0131
2022-01-19 23:32:03,396 root                INFO: Train: Epoch 143: train loss 0.0132
2022-01-19 23:32:07,187 root                INFO: Train: Epoch 144: train loss 0.0129
2022-01-19 23:32:10,829 root                INFO: Train: Epoch 145: train loss 0.0130
2022-01-19 23:32:14,352 root                INFO: Train: Epoch 146: train loss 0.0130
2022-01-19 23:32:17,912 root                INFO: Train: Epoch 147: train loss 0.0129
2022-01-19 23:32:21,677 root                INFO: Train: Epoch 148: train loss 0.0130
2022-01-19 23:32:25,420 root                INFO: Train: Epoch 149: train loss 0.0130
2022-01-19 23:32:28,838 root                INFO: Train: Epoch 150: train loss 0.0125
2022-01-19 23:32:32,366 root                INFO: Train: Epoch 151: train loss 0.0134
2022-01-19 23:32:35,882 root                INFO: Train: Epoch 152: train loss 0.0129
2022-01-19 23:32:39,341 root                INFO: Train: Epoch 153: train loss 0.0128
2022-01-19 23:32:42,838 root                INFO: Train: Epoch 154: train loss 0.0127
2022-01-19 23:32:46,303 root                INFO: Train: Epoch 155: train loss 0.0130
2022-01-19 23:32:49,830 root                INFO: Train: Epoch 156: train loss 0.0130
2022-01-19 23:32:53,215 root                INFO: Train: Epoch 157: train loss 0.0122
2022-01-19 23:32:56,683 root                INFO: Train: Epoch 158: train loss 0.0126
2022-01-19 23:33:00,371 root                INFO: Train: Epoch 159: train loss 0.0126
2022-01-19 23:33:03,973 root                INFO: Train: Epoch 160: train loss 0.0126
2022-01-19 23:33:07,558 root                INFO: Train: Epoch 161: train loss 0.0126
2022-01-19 23:33:10,964 root                INFO: Train: Epoch 162: train loss 0.0128
2022-01-19 23:33:14,557 root                INFO: Train: Epoch 163: train loss 0.0131
2022-01-19 23:33:18,225 root                INFO: Train: Epoch 164: train loss 0.0123
2022-01-19 23:33:21,900 root                INFO: Train: Epoch 165: train loss 0.0127
2022-01-19 23:33:25,485 root                INFO: Train: Epoch 166: train loss 0.0125
2022-01-19 23:33:28,957 root                INFO: Train: Epoch 167: train loss 0.0124
2022-01-19 23:33:32,692 root                INFO: Train: Epoch 168: train loss 0.0130
2022-01-19 23:33:36,160 root                INFO: Train: Epoch 169: train loss 0.0126
2022-01-19 23:33:39,544 root                INFO: Train: Epoch 170: train loss 0.0129
2022-01-19 23:33:43,017 root                INFO: Train: Epoch 171: train loss 0.0127
2022-01-19 23:33:46,661 root                INFO: Train: Epoch 172: train loss 0.0122
2022-01-19 23:33:50,142 root                INFO: Train: Epoch 173: train loss 0.0124
2022-01-19 23:33:53,705 root                INFO: Train: Epoch 174: train loss 0.0123
2022-01-19 23:33:57,283 root                INFO: Train: Epoch 175: train loss 0.0122
2022-01-19 23:34:00,794 root                INFO: Train: Epoch 176: train loss 0.0121
2022-01-19 23:34:04,283 root                INFO: Train: Epoch 177: train loss 0.0125
2022-01-19 23:34:08,085 root                INFO: Train: Epoch 178: train loss 0.0123
2022-01-19 23:34:11,802 root                INFO: Train: Epoch 179: train loss 0.0133
2022-01-19 23:34:15,272 root                INFO: Train: Epoch 180: train loss 0.0127
2022-01-19 23:34:18,749 root                INFO: Train: Epoch 181: train loss 0.0123
2022-01-19 23:34:22,396 root                INFO: Train: Epoch 182: train loss 0.0125
2022-01-19 23:34:26,026 root                INFO: Train: Epoch 183: train loss 0.0120
2022-01-19 23:34:29,592 root                INFO: Train: Epoch 184: train loss 0.0124
2022-01-19 23:34:33,090 root                INFO: Train: Epoch 185: train loss 0.0125
2022-01-19 23:34:36,558 root                INFO: Train: Epoch 186: train loss 0.0120
2022-01-19 23:34:40,415 root                INFO: Train: Epoch 187: train loss 0.0127
2022-01-19 23:34:44,003 root                INFO: Train: Epoch 188: train loss 0.0123
2022-01-19 23:34:47,481 root                INFO: Train: Epoch 189: train loss 0.0127
2022-01-19 23:34:51,135 root                INFO: Train: Epoch 190: train loss 0.0125
2022-01-19 23:34:54,748 root                INFO: Train: Epoch 191: train loss 0.0126
2022-01-19 23:34:58,318 root                INFO: Train: Epoch 192: train loss 0.0126
2022-01-19 23:35:01,885 root                INFO: Train: Epoch 193: train loss 0.0129
2022-01-19 23:35:05,533 root                INFO: Train: Epoch 194: train loss 0.0123
2022-01-19 23:35:09,105 root                INFO: Train: Epoch 195: train loss 0.0123
2022-01-19 23:35:12,880 root                INFO: Train: Epoch 196: train loss 0.0125
2022-01-19 23:35:15,028 root                INFO: Valid: Epoch 196: kendall tau 0.8259; loss 0.2415
2022-01-19 23:35:18,544 root                INFO: Train: Epoch 197: train loss 0.0119
2022-01-19 23:35:20,447 root                INFO: Valid: Epoch 197: kendall tau 0.8294; loss 0.2264
2022-01-19 23:35:24,097 root                INFO: Train: Epoch 198: train loss 0.0123
2022-01-19 23:35:26,154 root                INFO: Valid: Epoch 198: kendall tau 0.8236; loss 0.2368
2022-01-19 23:35:29,819 root                INFO: Train: Epoch 199: train loss 0.0122
2022-01-19 23:35:31,747 root                INFO: Valid: Epoch 199: kendall tau 0.8198; loss 0.2466
2022-01-19 23:35:35,443 root                INFO: Train: Epoch 200: train loss 0.0123
2022-01-19 23:35:37,429 root                INFO: Valid: Epoch 200: kendall tau 0.8201; loss 0.2272
2022-01-19 23:35:37,440 root                INFO: Epoch 200: Save checkpoint to nb1shot1_ablation_scale/true/0.1_1/12/2021/200.ckpt
2022-01-19 23:35:39,722 root                INFO: [0.2857142857142857, 0.5, 0.5972222222222222, 0.717032967032967, 0.7983539094650206, 0.9165980795610426, 1.0]
2022-01-19 23:35:39,722 root                INFO: [1, 1]
