2022-01-20 16:03:36,512 root                INFO: GPU device = 4
2022-01-20 16:03:36,513 root                INFO: Load pkl cache from nasbench301_train.pkl and nasbench301_valid.pkl
2022-01-20 16:03:37,407 root                INFO: Config: {'arch_network_cfg': {'arch_embedder_cfg': {'take_adj_as_input': True, 'gcn_kwargs': {'residual_only': 2}, 'gcn_out_dims': [64, 64, 64, 64, 64], 'hidden_dim': 32, 'node_dim': 32, 'op_dim': 32, 'use_bn': False, 'final_concat': False, 'other_node_zero': False, 'num_time_steps': 4, 'fb_conversion_dims': [64, 64], 'backward_gcn_out_dims': [64, 64, 64, 64, 64], 'updateopemb_method': 'concat_ofb', 'updateopemb_dims': [64], 'share_skip_and_outskip': True, 'detach_vinfo': False, 'updateopemb_scale': 0.1, 'updateopemb_detach_opemb': True, 'updateopemb_detach_finfo': True, 'mask_nonparametrized_ops': True, 'symmetry_breaking_method': 'param_zs_add', 'concat_param_zs_as_opemb_dimension': 5, 'concat_param_zs_as_opemb_scale': 1.0}, 'arch_embedder_type': 'cellss-fbflow', 'compare_loss_type': 'margin_linear', 'compare_margin': 0.1, 'mlp_dropout': 0.1, 'mlp_hiddens': [200], 'optimizer': {'lr': 0.001, 'type': 'Adam'}, 'scheduler': None}, 'arch_network_type': 'pointwise_comparator', 'batch_size': 128, 'choose_pair_criterion': 'random', 'compare': True, 'compare_threshold': 0.0, 'epochs': 200, 'max_compare_ratio': 16.0}
2022-01-20 16:03:40,567 root                INFO: Combined args: Namespace(arch_network_type='pointwise_comparator', batch_size=128, cfg_file='cfgs/nb301_cfgs/gates_true_masktrue.yaml', choose_pair_criterion='random', compare=True, compare_threshold=0.0, epochs=200, eval_only_last=1, gpu=4, load=None, max_compare_ratio=16.0, num_workers=4, report_freq=200, save_every=200, save_predict=None, seed=2021, test_funcs=None, test_only=False, train_dir='nb301_ablation_mask/true/true_0.1/1/2021', train_pkl='../mynas/data/nasbench-301/nasbench301_train_mtx_1.pkl', train_ratio=0.1, valid_pkl='../mynas/data/nasbench-301/nasbench301_valid_mtx.pkl')
2022-01-20 16:03:40,576 root                INFO: Train dataset ratio: 0.100
2022-01-20 16:03:40,577 root                INFO: Number of architectures: train: 589; valid: 51072
2022-01-20 16:03:57,500 root                INFO: Train: Epoch   1: train loss 0.0975
2022-01-20 16:03:59,113 root                INFO: Train: Epoch   2: train loss 0.0811
2022-01-20 16:04:00,679 root                INFO: Train: Epoch   3: train loss 0.0513
2022-01-20 16:04:02,255 root                INFO: Train: Epoch   4: train loss 0.0391
2022-01-20 16:04:03,818 root                INFO: Train: Epoch   5: train loss 0.0360
2022-01-20 16:04:05,437 root                INFO: Train: Epoch   6: train loss 0.0345
2022-01-20 16:04:07,067 root                INFO: Train: Epoch   7: train loss 0.0318
2022-01-20 16:04:08,639 root                INFO: Train: Epoch   8: train loss 0.0299
2022-01-20 16:04:10,239 root                INFO: Train: Epoch   9: train loss 0.0298
2022-01-20 16:04:11,792 root                INFO: Train: Epoch  10: train loss 0.0292
2022-01-20 16:04:13,347 root                INFO: Train: Epoch  11: train loss 0.0292
2022-01-20 16:04:14,955 root                INFO: Train: Epoch  12: train loss 0.0281
2022-01-20 16:04:16,531 root                INFO: Train: Epoch  13: train loss 0.0286
2022-01-20 16:04:18,049 root                INFO: Train: Epoch  14: train loss 0.0270
2022-01-20 16:04:19,651 root                INFO: Train: Epoch  15: train loss 0.0262
2022-01-20 16:04:21,172 root                INFO: Train: Epoch  16: train loss 0.0260
2022-01-20 16:04:22,741 root                INFO: Train: Epoch  17: train loss 0.0252
2022-01-20 16:04:24,427 root                INFO: Train: Epoch  18: train loss 0.0243
2022-01-20 16:04:26,073 root                INFO: Train: Epoch  19: train loss 0.0231
2022-01-20 16:04:27,766 root                INFO: Train: Epoch  20: train loss 0.0229
2022-01-20 16:04:29,396 root                INFO: Train: Epoch  21: train loss 0.0213
2022-01-20 16:04:30,966 root                INFO: Train: Epoch  22: train loss 0.0226
2022-01-20 16:04:32,558 root                INFO: Train: Epoch  23: train loss 0.0202
2022-01-20 16:04:34,178 root                INFO: Train: Epoch  24: train loss 0.0200
2022-01-20 16:04:35,806 root                INFO: Train: Epoch  25: train loss 0.0206
2022-01-20 16:04:37,399 root                INFO: Train: Epoch  26: train loss 0.0210
2022-01-20 16:04:38,975 root                INFO: Train: Epoch  27: train loss 0.0200
2022-01-20 16:04:40,557 root                INFO: Train: Epoch  28: train loss 0.0198
2022-01-20 16:04:42,147 root                INFO: Train: Epoch  29: train loss 0.0203
2022-01-20 16:04:43,788 root                INFO: Train: Epoch  30: train loss 0.0196
2022-01-20 16:04:45,573 root                INFO: Train: Epoch  31: train loss 0.0187
2022-01-20 16:04:47,225 root                INFO: Train: Epoch  32: train loss 0.0180
2022-01-20 16:04:48,836 root                INFO: Train: Epoch  33: train loss 0.0187
2022-01-20 16:04:50,466 root                INFO: Train: Epoch  34: train loss 0.0186
2022-01-20 16:04:52,029 root                INFO: Train: Epoch  35: train loss 0.0172
2022-01-20 16:04:53,609 root                INFO: Train: Epoch  36: train loss 0.0172
2022-01-20 16:04:55,244 root                INFO: Train: Epoch  37: train loss 0.0170
2022-01-20 16:04:56,821 root                INFO: Train: Epoch  38: train loss 0.0169
2022-01-20 16:04:58,379 root                INFO: Train: Epoch  39: train loss 0.0169
2022-01-20 16:04:59,941 root                INFO: Train: Epoch  40: train loss 0.0160
2022-01-20 16:05:01,502 root                INFO: Train: Epoch  41: train loss 0.0170
2022-01-20 16:05:03,081 root                INFO: Train: Epoch  42: train loss 0.0150
2022-01-20 16:05:04,663 root                INFO: Train: Epoch  43: train loss 0.0151
2022-01-20 16:05:06,238 root                INFO: Train: Epoch  44: train loss 0.0156
2022-01-20 16:05:07,846 root                INFO: Train: Epoch  45: train loss 0.0159
2022-01-20 16:05:09,486 root                INFO: Train: Epoch  46: train loss 0.0146
2022-01-20 16:05:11,143 root                INFO: Train: Epoch  47: train loss 0.0153
2022-01-20 16:05:12,921 root                INFO: Train: Epoch  48: train loss 0.0150
2022-01-20 16:05:14,680 root                INFO: Train: Epoch  49: train loss 0.0145
2022-01-20 16:05:16,329 root                INFO: Train: Epoch  50: train loss 0.0146
2022-01-20 16:05:18,000 root                INFO: Train: Epoch  51: train loss 0.0153
2022-01-20 16:05:19,673 root                INFO: Train: Epoch  52: train loss 0.0154
2022-01-20 16:05:21,281 root                INFO: Train: Epoch  53: train loss 0.0157
2022-01-20 16:05:22,820 root                INFO: Train: Epoch  54: train loss 0.0129
2022-01-20 16:05:24,334 root                INFO: Train: Epoch  55: train loss 0.0141
2022-01-20 16:05:25,957 root                INFO: Train: Epoch  56: train loss 0.0145
2022-01-20 16:05:27,567 root                INFO: Train: Epoch  57: train loss 0.0132
2022-01-20 16:05:29,226 root                INFO: Train: Epoch  58: train loss 0.0139
2022-01-20 16:05:30,858 root                INFO: Train: Epoch  59: train loss 0.0127
2022-01-20 16:05:32,508 root                INFO: Train: Epoch  60: train loss 0.0121
2022-01-20 16:05:34,174 root                INFO: Train: Epoch  61: train loss 0.0117
2022-01-20 16:05:35,755 root                INFO: Train: Epoch  62: train loss 0.0121
2022-01-20 16:05:37,379 root                INFO: Train: Epoch  63: train loss 0.0121
2022-01-20 16:05:39,024 root                INFO: Train: Epoch  64: train loss 0.0122
2022-01-20 16:05:40,658 root                INFO: Train: Epoch  65: train loss 0.0116
2022-01-20 16:05:42,320 root                INFO: Train: Epoch  66: train loss 0.0123
2022-01-20 16:05:43,951 root                INFO: Train: Epoch  67: train loss 0.0131
2022-01-20 16:05:45,589 root                INFO: Train: Epoch  68: train loss 0.0139
2022-01-20 16:05:47,185 root                INFO: Train: Epoch  69: train loss 0.0136
2022-01-20 16:05:48,804 root                INFO: Train: Epoch  70: train loss 0.0133
2022-01-20 16:05:50,395 root                INFO: Train: Epoch  71: train loss 0.0126
2022-01-20 16:05:51,971 root                INFO: Train: Epoch  72: train loss 0.0124
2022-01-20 16:05:53,570 root                INFO: Train: Epoch  73: train loss 0.0114
2022-01-20 16:05:55,154 root                INFO: Train: Epoch  74: train loss 0.0119
2022-01-20 16:05:56,774 root                INFO: Train: Epoch  75: train loss 0.0105
2022-01-20 16:05:58,434 root                INFO: Train: Epoch  76: train loss 0.0103
2022-01-20 16:06:00,069 root                INFO: Train: Epoch  77: train loss 0.0101
2022-01-20 16:06:01,712 root                INFO: Train: Epoch  78: train loss 0.0111
2022-01-20 16:06:03,303 root                INFO: Train: Epoch  79: train loss 0.0109
2022-01-20 16:06:04,875 root                INFO: Train: Epoch  80: train loss 0.0104
2022-01-20 16:06:06,439 root                INFO: Train: Epoch  81: train loss 0.0112
2022-01-20 16:06:08,007 root                INFO: Train: Epoch  82: train loss 0.0117
2022-01-20 16:06:09,606 root                INFO: Train: Epoch  83: train loss 0.0116
2022-01-20 16:06:11,226 root                INFO: Train: Epoch  84: train loss 0.0122
2022-01-20 16:06:12,902 root                INFO: Train: Epoch  85: train loss 0.0100
2022-01-20 16:06:14,571 root                INFO: Train: Epoch  86: train loss 0.0115
2022-01-20 16:06:16,201 root                INFO: Train: Epoch  87: train loss 0.0109
2022-01-20 16:06:17,856 root                INFO: Train: Epoch  88: train loss 0.0100
2022-01-20 16:06:19,501 root                INFO: Train: Epoch  89: train loss 0.0104
2022-01-20 16:06:21,144 root                INFO: Train: Epoch  90: train loss 0.0097
2022-01-20 16:06:22,798 root                INFO: Train: Epoch  91: train loss 0.0100
2022-01-20 16:06:24,371 root                INFO: Train: Epoch  92: train loss 0.0103
2022-01-20 16:06:25,987 root                INFO: Train: Epoch  93: train loss 0.0100
2022-01-20 16:06:27,616 root                INFO: Train: Epoch  94: train loss 0.0097
2022-01-20 16:06:29,270 root                INFO: Train: Epoch  95: train loss 0.0089
2022-01-20 16:06:30,902 root                INFO: Train: Epoch  96: train loss 0.0092
2022-01-20 16:06:32,470 root                INFO: Train: Epoch  97: train loss 0.0105
2022-01-20 16:06:34,063 root                INFO: Train: Epoch  98: train loss 0.0101
2022-01-20 16:06:35,668 root                INFO: Train: Epoch  99: train loss 0.0108
2022-01-20 16:06:37,291 root                INFO: Train: Epoch 100: train loss 0.0093
2022-01-20 16:06:38,953 root                INFO: Train: Epoch 101: train loss 0.0086
2022-01-20 16:06:40,633 root                INFO: Train: Epoch 102: train loss 0.0088
2022-01-20 16:06:42,309 root                INFO: Train: Epoch 103: train loss 0.0090
2022-01-20 16:06:44,001 root                INFO: Train: Epoch 104: train loss 0.0083
2022-01-20 16:06:45,667 root                INFO: Train: Epoch 105: train loss 0.0082
2022-01-20 16:06:47,298 root                INFO: Train: Epoch 106: train loss 0.0081
2022-01-20 16:06:48,922 root                INFO: Train: Epoch 107: train loss 0.0085
2022-01-20 16:06:50,575 root                INFO: Train: Epoch 108: train loss 0.0087
2022-01-20 16:06:52,159 root                INFO: Train: Epoch 109: train loss 0.0086
2022-01-20 16:06:53,763 root                INFO: Train: Epoch 110: train loss 0.0086
2022-01-20 16:06:55,353 root                INFO: Train: Epoch 111: train loss 0.0082
2022-01-20 16:06:56,946 root                INFO: Train: Epoch 112: train loss 0.0085
2022-01-20 16:06:58,513 root                INFO: Train: Epoch 113: train loss 0.0088
2022-01-20 16:07:00,121 root                INFO: Train: Epoch 114: train loss 0.0080
2022-01-20 16:07:01,726 root                INFO: Train: Epoch 115: train loss 0.0078
2022-01-20 16:07:03,346 root                INFO: Train: Epoch 116: train loss 0.0079
2022-01-20 16:07:04,952 root                INFO: Train: Epoch 117: train loss 0.0076
2022-01-20 16:07:06,531 root                INFO: Train: Epoch 118: train loss 0.0084
2022-01-20 16:07:08,140 root                INFO: Train: Epoch 119: train loss 0.0091
2022-01-20 16:07:09,748 root                INFO: Train: Epoch 120: train loss 0.0078
2022-01-20 16:07:11,348 root                INFO: Train: Epoch 121: train loss 0.0073
2022-01-20 16:07:12,939 root                INFO: Train: Epoch 122: train loss 0.0071
2022-01-20 16:07:14,586 root                INFO: Train: Epoch 123: train loss 0.0087
2022-01-20 16:07:16,208 root                INFO: Train: Epoch 124: train loss 0.0076
2022-01-20 16:07:17,776 root                INFO: Train: Epoch 125: train loss 0.0074
2022-01-20 16:07:19,335 root                INFO: Train: Epoch 126: train loss 0.0068
2022-01-20 16:07:20,918 root                INFO: Train: Epoch 127: train loss 0.0077
2022-01-20 16:07:22,565 root                INFO: Train: Epoch 128: train loss 0.0077
2022-01-20 16:07:24,222 root                INFO: Train: Epoch 129: train loss 0.0082
2022-01-20 16:07:25,890 root                INFO: Train: Epoch 130: train loss 0.0081
2022-01-20 16:07:27,505 root                INFO: Train: Epoch 131: train loss 0.0086
2022-01-20 16:07:29,115 root                INFO: Train: Epoch 132: train loss 0.0074
2022-01-20 16:07:30,723 root                INFO: Train: Epoch 133: train loss 0.0076
2022-01-20 16:07:32,331 root                INFO: Train: Epoch 134: train loss 0.0070
2022-01-20 16:07:33,943 root                INFO: Train: Epoch 135: train loss 0.0067
2022-01-20 16:07:35,509 root                INFO: Train: Epoch 136: train loss 0.0069
2022-01-20 16:07:37,199 root                INFO: Train: Epoch 137: train loss 0.0080
2022-01-20 16:07:38,845 root                INFO: Train: Epoch 138: train loss 0.0077
2022-01-20 16:07:40,486 root                INFO: Train: Epoch 139: train loss 0.0079
2022-01-20 16:07:42,118 root                INFO: Train: Epoch 140: train loss 0.0077
2022-01-20 16:07:43,743 root                INFO: Train: Epoch 141: train loss 0.0077
2022-01-20 16:07:45,352 root                INFO: Train: Epoch 142: train loss 0.0072
2022-01-20 16:07:46,984 root                INFO: Train: Epoch 143: train loss 0.0078
2022-01-20 16:07:48,571 root                INFO: Train: Epoch 144: train loss 0.0072
2022-01-20 16:07:50,118 root                INFO: Train: Epoch 145: train loss 0.0076
2022-01-20 16:07:51,687 root                INFO: Train: Epoch 146: train loss 0.0072
2022-01-20 16:07:53,313 root                INFO: Train: Epoch 147: train loss 0.0077
2022-01-20 16:07:55,000 root                INFO: Train: Epoch 148: train loss 0.0086
2022-01-20 16:07:56,733 root                INFO: Train: Epoch 149: train loss 0.0080
2022-01-20 16:07:58,439 root                INFO: Train: Epoch 150: train loss 0.0072
2022-01-20 16:08:00,085 root                INFO: Train: Epoch 151: train loss 0.0069
2022-01-20 16:08:01,695 root                INFO: Train: Epoch 152: train loss 0.0065
2022-01-20 16:08:03,260 root                INFO: Train: Epoch 153: train loss 0.0067
2022-01-20 16:08:04,843 root                INFO: Train: Epoch 154: train loss 0.0064
2022-01-20 16:08:06,413 root                INFO: Train: Epoch 155: train loss 0.0066
2022-01-20 16:08:08,005 root                INFO: Train: Epoch 156: train loss 0.0064
2022-01-20 16:08:09,666 root                INFO: Train: Epoch 157: train loss 0.0068
2022-01-20 16:08:11,266 root                INFO: Train: Epoch 158: train loss 0.0063
2022-01-20 16:08:12,921 root                INFO: Train: Epoch 159: train loss 0.0057
2022-01-20 16:08:14,547 root                INFO: Train: Epoch 160: train loss 0.0067
2022-01-20 16:08:16,108 root                INFO: Train: Epoch 161: train loss 0.0064
2022-01-20 16:08:17,682 root                INFO: Train: Epoch 162: train loss 0.0062
2022-01-20 16:08:19,290 root                INFO: Train: Epoch 163: train loss 0.0072
2022-01-20 16:08:20,905 root                INFO: Train: Epoch 164: train loss 0.0075
2022-01-20 16:08:22,561 root                INFO: Train: Epoch 165: train loss 0.0061
2022-01-20 16:08:24,209 root                INFO: Train: Epoch 166: train loss 0.0063
2022-01-20 16:08:25,860 root                INFO: Train: Epoch 167: train loss 0.0062
2022-01-20 16:08:27,478 root                INFO: Train: Epoch 168: train loss 0.0059
2022-01-20 16:08:29,033 root                INFO: Train: Epoch 169: train loss 0.0059
2022-01-20 16:08:30,588 root                INFO: Train: Epoch 170: train loss 0.0065
2022-01-20 16:08:32,172 root                INFO: Train: Epoch 171: train loss 0.0072
2022-01-20 16:08:33,778 root                INFO: Train: Epoch 172: train loss 0.0074
2022-01-20 16:08:35,421 root                INFO: Train: Epoch 173: train loss 0.0056
2022-01-20 16:08:37,059 root                INFO: Train: Epoch 174: train loss 0.0060
2022-01-20 16:08:38,689 root                INFO: Train: Epoch 175: train loss 0.0063
2022-01-20 16:08:40,301 root                INFO: Train: Epoch 176: train loss 0.0069
2022-01-20 16:08:41,909 root                INFO: Train: Epoch 177: train loss 0.0065
2022-01-20 16:08:43,497 root                INFO: Train: Epoch 178: train loss 0.0059
2022-01-20 16:08:45,094 root                INFO: Train: Epoch 179: train loss 0.0061
2022-01-20 16:08:46,713 root                INFO: Train: Epoch 180: train loss 0.0069
2022-01-20 16:08:48,339 root                INFO: Train: Epoch 181: train loss 0.0079
2022-01-20 16:08:49,971 root                INFO: Train: Epoch 182: train loss 0.0067
2022-01-20 16:08:51,609 root                INFO: Train: Epoch 183: train loss 0.0064
2022-01-20 16:08:53,185 root                INFO: Train: Epoch 184: train loss 0.0058
2022-01-20 16:08:54,741 root                INFO: Train: Epoch 185: train loss 0.0058
2022-01-20 16:08:56,287 root                INFO: Train: Epoch 186: train loss 0.0056
2022-01-20 16:08:57,831 root                INFO: Train: Epoch 187: train loss 0.0061
2022-01-20 16:08:59,409 root                INFO: Train: Epoch 188: train loss 0.0060
2022-01-20 16:09:01,052 root                INFO: Train: Epoch 189: train loss 0.0066
2022-01-20 16:09:02,711 root                INFO: Train: Epoch 190: train loss 0.0065
2022-01-20 16:09:04,366 root                INFO: Train: Epoch 191: train loss 0.0057
2022-01-20 16:09:05,998 root                INFO: Train: Epoch 192: train loss 0.0064
2022-01-20 16:09:07,599 root                INFO: Train: Epoch 193: train loss 0.0062
2022-01-20 16:09:09,269 root                INFO: Train: Epoch 194: train loss 0.0073
2022-01-20 16:09:10,895 root                INFO: Train: Epoch 195: train loss 0.0074
2022-01-20 16:09:12,522 root                INFO: Train: Epoch 196: train loss 0.0073
2022-01-20 16:09:14,164 root                INFO: Train: Epoch 197: train loss 0.0082
2022-01-20 16:09:15,803 root                INFO: Train: Epoch 198: train loss 0.0079
2022-01-20 16:09:17,446 root                INFO: Train: Epoch 199: train loss 0.0070
2022-01-20 16:09:19,182 root                INFO: Train: Epoch 200: train loss 0.0064
2022-01-20 16:09:35,694 root                INFO: Valid: Epoch 200: kendall tau 0.7402; loss 0.2297
2022-01-20 16:09:35,700 root                INFO: Epoch 200: Save checkpoint to nb301_ablation_mask/true/true_0.1/1/2021/200.ckpt
2022-01-20 16:09:51,998 root                INFO: [0.11764705882352941, 0.17254901960784313, 0.23529411764705882, 0.645515080297689, 0.7720775406305072, 0.8758223684210527, 1.0]
2022-01-20 16:09:51,999 root                INFO: [14, 14]
