2022-01-19 23:22:42,669 root                INFO: GPU device = 3
2022-01-19 23:22:42,669 root                INFO: Load pkl cache from nasbench101.pkl and nasbench101_valid.pkl
2022-01-19 23:22:42,998 root                INFO: Config: {'arch_network_cfg': {'arch_embedder_cfg': {'b_use_bn': False, 'backward_gcn_out_dims': [128, 128, 128, 128, 128], 'concat_param_zs_as_opemb_dimension': 7, 'concat_param_zs_as_opemb_scale': 0.1, 'detach_vinfo': False, 'fb_conversion_dims': [128, 128], 'gcn_kwargs': {'plus_I': True, 'residual_only': 1}, 'gcn_out_dims': [128, 128, 128, 128, 128], 'hid_dim': 96, 'mask_nonparametrized_ops': False, 'node_embedding_dim': 48, 'num_time_steps': 3, 'op_embedding_dim': 48, 'symmetry_breaking_method': 'param_zs_add', 'updateopemb_detach_finfo': True, 'updateopemb_detach_opemb': True, 'updateopemb_dims': [128], 'updateopemb_method': 'concat_ofb', 'updateopemb_scale': 0.1}, 'arch_embedder_type': 'nb101-fbflow', 'compare_loss_type': 'margin_linear', 'compare_margin': 0.1, 'mlp_dropout': 0.1, 'mlp_hiddens': [200], 'optimizer': {'lr': 0.001, 'type': 'Adam'}, 'scheduler': None}, 'batch_size': 512, 'choose_pair_criterion': 'random', 'compare': True, 'compare_threshold': 0.0, 'epochs': 200, 'max_compare_ratio': 4.0}
2022-01-19 23:22:46,760 root                INFO: Combined args: Namespace(batch_size=512, cfg_file='cfgs/nb101_cfgs/gates_true_scale0.1.yaml', choose_pair_criterion='random', compare=True, compare_threshold=0.0, epochs=200, eval_only_last=5, gpu=3, load=None, max_compare_ratio=4.0, num_workers=4, report_freq=200, save_every=200, save_predict=None, seed=2021, test_funcs=None, test_only=False, train_dir='nb1shot1_ablation_scale/true/0.1_1/1/2021', train_pkl='../mynas/data/nasbench-1shot1/nasbench101_train_1.pkl', train_ratio=1.0, valid_pkl='../mynas/data/nasbench-1shot1/nasbench101_valid.pkl')
2022-01-19 23:22:46,761 root                INFO: Train dataset ratio: 1.000
2022-01-19 23:22:46,761 root                INFO: Number of architectures: train: 7290; valid: 7290
2022-01-19 23:22:52,198 root                INFO: Train: Epoch   1: train loss 0.0699
2022-01-19 23:22:55,646 root                INFO: Train: Epoch   2: train loss 0.0423
2022-01-19 23:22:59,154 root                INFO: Train: Epoch   3: train loss 0.0326
2022-01-19 23:23:02,517 root                INFO: Train: Epoch   4: train loss 0.0262
2022-01-19 23:23:05,840 root                INFO: Train: Epoch   5: train loss 0.0237
2022-01-19 23:23:09,201 root                INFO: Train: Epoch   6: train loss 0.0223
2022-01-19 23:23:12,493 root                INFO: Train: Epoch   7: train loss 0.0206
2022-01-19 23:23:15,851 root                INFO: Train: Epoch   8: train loss 0.0206
2022-01-19 23:23:19,061 root                INFO: Train: Epoch   9: train loss 0.0207
2022-01-19 23:23:22,357 root                INFO: Train: Epoch  10: train loss 0.0200
2022-01-19 23:23:25,681 root                INFO: Train: Epoch  11: train loss 0.0201
2022-01-19 23:23:29,040 root                INFO: Train: Epoch  12: train loss 0.0180
2022-01-19 23:23:32,343 root                INFO: Train: Epoch  13: train loss 0.0177
2022-01-19 23:23:35,762 root                INFO: Train: Epoch  14: train loss 0.0188
2022-01-19 23:23:39,266 root                INFO: Train: Epoch  15: train loss 0.0175
2022-01-19 23:23:42,631 root                INFO: Train: Epoch  16: train loss 0.0164
2022-01-19 23:23:46,075 root                INFO: Train: Epoch  17: train loss 0.0165
2022-01-19 23:23:49,405 root                INFO: Train: Epoch  18: train loss 0.0172
2022-01-19 23:23:52,743 root                INFO: Train: Epoch  19: train loss 0.0174
2022-01-19 23:23:56,057 root                INFO: Train: Epoch  20: train loss 0.0169
2022-01-19 23:23:59,280 root                INFO: Train: Epoch  21: train loss 0.0162
2022-01-19 23:24:02,551 root                INFO: Train: Epoch  22: train loss 0.0166
2022-01-19 23:24:05,891 root                INFO: Train: Epoch  23: train loss 0.0167
2022-01-19 23:24:09,161 root                INFO: Train: Epoch  24: train loss 0.0161
2022-01-19 23:24:12,395 root                INFO: Train: Epoch  25: train loss 0.0154
2022-01-19 23:24:15,729 root                INFO: Train: Epoch  26: train loss 0.0161
2022-01-19 23:24:19,010 root                INFO: Train: Epoch  27: train loss 0.0155
2022-01-19 23:24:22,327 root                INFO: Train: Epoch  28: train loss 0.0152
2022-01-19 23:24:25,669 root                INFO: Train: Epoch  29: train loss 0.0150
2022-01-19 23:24:29,062 root                INFO: Train: Epoch  30: train loss 0.0150
2022-01-19 23:24:32,511 root                INFO: Train: Epoch  31: train loss 0.0151
2022-01-19 23:24:35,750 root                INFO: Train: Epoch  32: train loss 0.0161
2022-01-19 23:24:39,034 root                INFO: Train: Epoch  33: train loss 0.0156
2022-01-19 23:24:42,774 root                INFO: Train: Epoch  34: train loss 0.0153
2022-01-19 23:24:46,141 root                INFO: Train: Epoch  35: train loss 0.0155
2022-01-19 23:24:49,508 root                INFO: Train: Epoch  36: train loss 0.0144
2022-01-19 23:24:52,842 root                INFO: Train: Epoch  37: train loss 0.0148
2022-01-19 23:24:56,129 root                INFO: Train: Epoch  38: train loss 0.0145
2022-01-19 23:24:59,372 root                INFO: Train: Epoch  39: train loss 0.0144
2022-01-19 23:25:02,700 root                INFO: Train: Epoch  40: train loss 0.0147
2022-01-19 23:25:06,073 root                INFO: Train: Epoch  41: train loss 0.0142
2022-01-19 23:25:09,375 root                INFO: Train: Epoch  42: train loss 0.0150
2022-01-19 23:25:12,970 root                INFO: Train: Epoch  43: train loss 0.0145
2022-01-19 23:25:16,499 root                INFO: Train: Epoch  44: train loss 0.0147
2022-01-19 23:25:19,843 root                INFO: Train: Epoch  45: train loss 0.0149
2022-01-19 23:25:23,446 root                INFO: Train: Epoch  46: train loss 0.0143
2022-01-19 23:25:26,932 root                INFO: Train: Epoch  47: train loss 0.0144
2022-01-19 23:25:30,318 root                INFO: Train: Epoch  48: train loss 0.0151
2022-01-19 23:25:33,584 root                INFO: Train: Epoch  49: train loss 0.0150
2022-01-19 23:25:36,803 root                INFO: Train: Epoch  50: train loss 0.0148
2022-01-19 23:25:40,074 root                INFO: Train: Epoch  51: train loss 0.0146
2022-01-19 23:25:43,338 root                INFO: Train: Epoch  52: train loss 0.0140
2022-01-19 23:25:46,649 root                INFO: Train: Epoch  53: train loss 0.0145
2022-01-19 23:25:49,910 root                INFO: Train: Epoch  54: train loss 0.0148
2022-01-19 23:25:53,340 root                INFO: Train: Epoch  55: train loss 0.0135
2022-01-19 23:25:56,739 root                INFO: Train: Epoch  56: train loss 0.0144
2022-01-19 23:26:00,316 root                INFO: Train: Epoch  57: train loss 0.0139
2022-01-19 23:26:03,749 root                INFO: Train: Epoch  58: train loss 0.0142
2022-01-19 23:26:07,302 root                INFO: Train: Epoch  59: train loss 0.0143
2022-01-19 23:26:10,814 root                INFO: Train: Epoch  60: train loss 0.0141
2022-01-19 23:26:14,213 root                INFO: Train: Epoch  61: train loss 0.0142
2022-01-19 23:26:17,712 root                INFO: Train: Epoch  62: train loss 0.0154
2022-01-19 23:26:21,094 root                INFO: Train: Epoch  63: train loss 0.0149
2022-01-19 23:26:24,442 root                INFO: Train: Epoch  64: train loss 0.0142
2022-01-19 23:26:27,821 root                INFO: Train: Epoch  65: train loss 0.0144
2022-01-19 23:26:31,192 root                INFO: Train: Epoch  66: train loss 0.0138
2022-01-19 23:26:34,626 root                INFO: Train: Epoch  67: train loss 0.0135
2022-01-19 23:26:38,166 root                INFO: Train: Epoch  68: train loss 0.0136
2022-01-19 23:26:41,584 root                INFO: Train: Epoch  69: train loss 0.0136
2022-01-19 23:26:45,002 root                INFO: Train: Epoch  70: train loss 0.0133
2022-01-19 23:26:48,336 root                INFO: Train: Epoch  71: train loss 0.0139
2022-01-19 23:26:51,682 root                INFO: Train: Epoch  72: train loss 0.0140
2022-01-19 23:26:54,969 root                INFO: Train: Epoch  73: train loss 0.0134
2022-01-19 23:26:58,333 root                INFO: Train: Epoch  74: train loss 0.0138
2022-01-19 23:27:01,651 root                INFO: Train: Epoch  75: train loss 0.0136
2022-01-19 23:27:04,903 root                INFO: Train: Epoch  76: train loss 0.0138
2022-01-19 23:27:08,183 root                INFO: Train: Epoch  77: train loss 0.0135
2022-01-19 23:27:11,670 root                INFO: Train: Epoch  78: train loss 0.0132
2022-01-19 23:27:15,201 root                INFO: Train: Epoch  79: train loss 0.0134
2022-01-19 23:27:18,570 root                INFO: Train: Epoch  80: train loss 0.0136
2022-01-19 23:27:22,033 root                INFO: Train: Epoch  81: train loss 0.0140
2022-01-19 23:27:25,344 root                INFO: Train: Epoch  82: train loss 0.0130
2022-01-19 23:27:28,726 root                INFO: Train: Epoch  83: train loss 0.0133
2022-01-19 23:27:32,035 root                INFO: Train: Epoch  84: train loss 0.0134
2022-01-19 23:27:35,305 root                INFO: Train: Epoch  85: train loss 0.0138
2022-01-19 23:27:38,543 root                INFO: Train: Epoch  86: train loss 0.0136
2022-01-19 23:27:41,765 root                INFO: Train: Epoch  87: train loss 0.0134
2022-01-19 23:27:45,193 root                INFO: Train: Epoch  88: train loss 0.0133
2022-01-19 23:27:48,476 root                INFO: Train: Epoch  89: train loss 0.0134
2022-01-19 23:27:51,846 root                INFO: Train: Epoch  90: train loss 0.0135
2022-01-19 23:27:55,209 root                INFO: Train: Epoch  91: train loss 0.0136
2022-01-19 23:27:58,674 root                INFO: Train: Epoch  92: train loss 0.0135
2022-01-19 23:28:02,201 root                INFO: Train: Epoch  93: train loss 0.0135
2022-01-19 23:28:05,679 root                INFO: Train: Epoch  94: train loss 0.0134
2022-01-19 23:28:09,216 root                INFO: Train: Epoch  95: train loss 0.0136
2022-01-19 23:28:12,581 root                INFO: Train: Epoch  96: train loss 0.0137
2022-01-19 23:28:15,933 root                INFO: Train: Epoch  97: train loss 0.0134
2022-01-19 23:28:19,468 root                INFO: Train: Epoch  98: train loss 0.0135
2022-01-19 23:28:22,769 root                INFO: Train: Epoch  99: train loss 0.0134
2022-01-19 23:28:26,172 root                INFO: Train: Epoch 100: train loss 0.0137
2022-01-19 23:28:29,441 root                INFO: Train: Epoch 101: train loss 0.0137
2022-01-19 23:28:32,736 root                INFO: Train: Epoch 102: train loss 0.0137
2022-01-19 23:28:36,019 root                INFO: Train: Epoch 103: train loss 0.0129
2022-01-19 23:28:39,289 root                INFO: Train: Epoch 104: train loss 0.0126
2022-01-19 23:28:42,612 root                INFO: Train: Epoch 105: train loss 0.0132
2022-01-19 23:28:46,035 root                INFO: Train: Epoch 106: train loss 0.0131
2022-01-19 23:28:49,311 root                INFO: Train: Epoch 107: train loss 0.0138
2022-01-19 23:28:52,930 root                INFO: Train: Epoch 108: train loss 0.0134
2022-01-19 23:28:56,418 root                INFO: Train: Epoch 109: train loss 0.0131
2022-01-19 23:28:59,850 root                INFO: Train: Epoch 110: train loss 0.0133
2022-01-19 23:29:03,385 root                INFO: Train: Epoch 111: train loss 0.0129
2022-01-19 23:29:07,088 root                INFO: Train: Epoch 112: train loss 0.0131
2022-01-19 23:29:10,577 root                INFO: Train: Epoch 113: train loss 0.0128
2022-01-19 23:29:14,007 root                INFO: Train: Epoch 114: train loss 0.0138
2022-01-19 23:29:17,433 root                INFO: Train: Epoch 115: train loss 0.0126
2022-01-19 23:29:20,805 root                INFO: Train: Epoch 116: train loss 0.0134
2022-01-19 23:29:24,088 root                INFO: Train: Epoch 117: train loss 0.0132
2022-01-19 23:29:27,353 root                INFO: Train: Epoch 118: train loss 0.0129
2022-01-19 23:29:30,791 root                INFO: Train: Epoch 119: train loss 0.0131
2022-01-19 23:29:34,081 root                INFO: Train: Epoch 120: train loss 0.0132
2022-01-19 23:29:37,379 root                INFO: Train: Epoch 121: train loss 0.0132
2022-01-19 23:29:40,687 root                INFO: Train: Epoch 122: train loss 0.0128
2022-01-19 23:29:44,051 root                INFO: Train: Epoch 123: train loss 0.0137
2022-01-19 23:29:47,406 root                INFO: Train: Epoch 124: train loss 0.0131
2022-01-19 23:29:50,749 root                INFO: Train: Epoch 125: train loss 0.0128
2022-01-19 23:29:54,212 root                INFO: Train: Epoch 126: train loss 0.0130
2022-01-19 23:29:57,893 root                INFO: Train: Epoch 127: train loss 0.0129
2022-01-19 23:30:01,388 root                INFO: Train: Epoch 128: train loss 0.0123
2022-01-19 23:30:04,889 root                INFO: Train: Epoch 129: train loss 0.0131
2022-01-19 23:30:08,308 root                INFO: Train: Epoch 130: train loss 0.0128
2022-01-19 23:30:11,862 root                INFO: Train: Epoch 131: train loss 0.0127
2022-01-19 23:30:15,306 root                INFO: Train: Epoch 132: train loss 0.0129
2022-01-19 23:30:18,803 root                INFO: Train: Epoch 133: train loss 0.0133
2022-01-19 23:30:22,328 root                INFO: Train: Epoch 134: train loss 0.0127
2022-01-19 23:30:25,712 root                INFO: Train: Epoch 135: train loss 0.0129
2022-01-19 23:30:28,934 root                INFO: Train: Epoch 136: train loss 0.0126
2022-01-19 23:30:32,205 root                INFO: Train: Epoch 137: train loss 0.0128
2022-01-19 23:30:35,518 root                INFO: Train: Epoch 138: train loss 0.0127
2022-01-19 23:30:38,825 root                INFO: Train: Epoch 139: train loss 0.0130
2022-01-19 23:30:42,087 root                INFO: Train: Epoch 140: train loss 0.0130
2022-01-19 23:30:45,365 root                INFO: Train: Epoch 141: train loss 0.0126
2022-01-19 23:30:48,650 root                INFO: Train: Epoch 142: train loss 0.0123
2022-01-19 23:30:51,949 root                INFO: Train: Epoch 143: train loss 0.0122
2022-01-19 23:30:55,264 root                INFO: Train: Epoch 144: train loss 0.0123
2022-01-19 23:30:58,699 root                INFO: Train: Epoch 145: train loss 0.0127
2022-01-19 23:31:01,981 root                INFO: Train: Epoch 146: train loss 0.0124
2022-01-19 23:31:05,442 root                INFO: Train: Epoch 147: train loss 0.0124
2022-01-19 23:31:08,741 root                INFO: Train: Epoch 148: train loss 0.0133
2022-01-19 23:31:12,491 root                INFO: Train: Epoch 149: train loss 0.0129
2022-01-19 23:31:15,907 root                INFO: Train: Epoch 150: train loss 0.0131
2022-01-19 23:31:19,215 root                INFO: Train: Epoch 151: train loss 0.0129
2022-01-19 23:31:22,652 root                INFO: Train: Epoch 152: train loss 0.0129
2022-01-19 23:31:25,934 root                INFO: Train: Epoch 153: train loss 0.0130
2022-01-19 23:31:29,216 root                INFO: Train: Epoch 154: train loss 0.0131
2022-01-19 23:31:32,591 root                INFO: Train: Epoch 155: train loss 0.0127
2022-01-19 23:31:35,972 root                INFO: Train: Epoch 156: train loss 0.0126
2022-01-19 23:31:39,390 root                INFO: Train: Epoch 157: train loss 0.0129
2022-01-19 23:31:42,777 root                INFO: Train: Epoch 158: train loss 0.0125
2022-01-19 23:31:46,348 root                INFO: Train: Epoch 159: train loss 0.0128
2022-01-19 23:31:49,779 root                INFO: Train: Epoch 160: train loss 0.0127
2022-01-19 23:31:53,162 root                INFO: Train: Epoch 161: train loss 0.0125
2022-01-19 23:31:56,518 root                INFO: Train: Epoch 162: train loss 0.0126
2022-01-19 23:31:59,807 root                INFO: Train: Epoch 163: train loss 0.0125
2022-01-19 23:32:03,157 root                INFO: Train: Epoch 164: train loss 0.0126
2022-01-19 23:32:06,566 root                INFO: Train: Epoch 165: train loss 0.0123
2022-01-19 23:32:09,949 root                INFO: Train: Epoch 166: train loss 0.0122
2022-01-19 23:32:13,395 root                INFO: Train: Epoch 167: train loss 0.0129
2022-01-19 23:32:16,985 root                INFO: Train: Epoch 168: train loss 0.0127
2022-01-19 23:32:20,447 root                INFO: Train: Epoch 169: train loss 0.0125
2022-01-19 23:32:23,872 root                INFO: Train: Epoch 170: train loss 0.0128
2022-01-19 23:32:27,271 root                INFO: Train: Epoch 171: train loss 0.0122
2022-01-19 23:32:30,599 root                INFO: Train: Epoch 172: train loss 0.0126
2022-01-19 23:32:33,941 root                INFO: Train: Epoch 173: train loss 0.0125
2022-01-19 23:32:37,231 root                INFO: Train: Epoch 174: train loss 0.0121
2022-01-19 23:32:40,504 root                INFO: Train: Epoch 175: train loss 0.0119
2022-01-19 23:32:43,841 root                INFO: Train: Epoch 176: train loss 0.0130
2022-01-19 23:32:47,231 root                INFO: Train: Epoch 177: train loss 0.0121
2022-01-19 23:32:50,715 root                INFO: Train: Epoch 178: train loss 0.0125
2022-01-19 23:32:54,131 root                INFO: Train: Epoch 179: train loss 0.0126
2022-01-19 23:32:57,627 root                INFO: Train: Epoch 180: train loss 0.0128
2022-01-19 23:33:01,109 root                INFO: Train: Epoch 181: train loss 0.0130
2022-01-19 23:33:04,528 root                INFO: Train: Epoch 182: train loss 0.0121
2022-01-19 23:33:08,201 root                INFO: Train: Epoch 183: train loss 0.0123
2022-01-19 23:33:11,681 root                INFO: Train: Epoch 184: train loss 0.0126
2022-01-19 23:33:15,156 root                INFO: Train: Epoch 185: train loss 0.0122
2022-01-19 23:33:18,421 root                INFO: Train: Epoch 186: train loss 0.0126
2022-01-19 23:33:21,840 root                INFO: Train: Epoch 187: train loss 0.0125
2022-01-19 23:33:25,180 root                INFO: Train: Epoch 188: train loss 0.0122
2022-01-19 23:33:28,468 root                INFO: Train: Epoch 189: train loss 0.0127
2022-01-19 23:33:31,823 root                INFO: Train: Epoch 190: train loss 0.0124
2022-01-19 23:33:35,159 root                INFO: Train: Epoch 191: train loss 0.0130
2022-01-19 23:33:38,491 root                INFO: Train: Epoch 192: train loss 0.0121
2022-01-19 23:33:41,903 root                INFO: Train: Epoch 193: train loss 0.0125
2022-01-19 23:33:45,372 root                INFO: Train: Epoch 194: train loss 0.0124
2022-01-19 23:33:48,840 root                INFO: Train: Epoch 195: train loss 0.0121
2022-01-19 23:33:52,336 root                INFO: Train: Epoch 196: train loss 0.0126
2022-01-19 23:33:54,262 root                INFO: Valid: Epoch 196: kendall tau 0.8054; loss 0.2358
2022-01-19 23:33:57,530 root                INFO: Train: Epoch 197: train loss 0.0126
2022-01-19 23:33:59,307 root                INFO: Valid: Epoch 197: kendall tau 0.8213; loss 0.2289
2022-01-19 23:34:02,750 root                INFO: Train: Epoch 198: train loss 0.0122
2022-01-19 23:34:04,537 root                INFO: Valid: Epoch 198: kendall tau 0.8236; loss 0.2301
2022-01-19 23:34:07,811 root                INFO: Train: Epoch 199: train loss 0.0126
2022-01-19 23:34:09,694 root                INFO: Valid: Epoch 199: kendall tau 0.8165; loss 0.2344
2022-01-19 23:34:13,217 root                INFO: Train: Epoch 200: train loss 0.0124
2022-01-19 23:34:14,995 root                INFO: Valid: Epoch 200: kendall tau 0.8167; loss 0.2298
2022-01-19 23:34:15,001 root                INFO: Epoch 200: Save checkpoint to nb1shot1_ablation_scale/true/0.1_1/1/2021/200.ckpt
2022-01-19 23:34:16,782 root                INFO: [0.2857142857142857, 0.5277777777777778, 0.5833333333333334, 0.7060439560439561, 0.8010973936899863, 0.9122085048010974, 1.0]
2022-01-19 23:34:16,782 root                INFO: [1, 1]
