2022-01-21 15:45:38,927 root                INFO: GPU device = 0
2022-01-21 15:45:38,927 root                INFO: Load pkl cache from nasbench101.pkl and nasbench101_valid.pkl
2022-01-21 15:45:39,299 root                INFO: Config: {'arch_network_cfg': {'arch_embedder_cfg': {'gcn_kwargs': {'plus_I': True, 'residual_only': 1}, 'gcn_out_dims': [128, 128, 128, 128, 128], 'backward_gcn_out_dims': [128, 128, 128, 128, 128], 'hid_dim': 96, 'node_embedding_dim': 48, 'op_embedding_dim': 48, 'num_time_steps': 2, 'fb_conversion_dims': [128, 128], 'updateopemb_method': 'concat_ofb', 'updateopemb_dims': [128], 'updateopemb_scale': 0.1, 'b_use_bn': False, 'detach_vinfo': False, 'updateopemb_detach_opemb': True, 'updateopemb_detach_finfo': True, 'symmetry_breaking_method': 'param_zs_add', 'concat_param_zs_as_opemb_dimension': 7, 'concat_param_zs_as_opemb_scale': 1.0, 'mask_nonparametrized_ops': False}, 'arch_embedder_type': 'nb101-fbflow-anytime', 'compare_loss_type': 'margin_linear', 'compare_margin': 0.1, 'mlp_dropout': 0.1, 'mlp_hiddens': [200], 'mlp_out_dim': 1, 'optimizer': {'lr': 0.001, 'type': 'Adam'}, 'scheduler': None}, 'batch_size': 512, 'choose_pair_criterion': 'random', 'compare': False, 'compare_threshold': 0.0, 'epochs': 400, 'max_compare_ratio': 4.0}
2022-01-21 15:45:53,475 root                INFO: Combined args: Namespace(batch_size=512, cfg_file='cfgs/nb101_cfgs/tagates_anytime.yaml', choose_pair_criterion='random', compare=False, compare_threshold=0.0, epochs=400, eval_only_last=200, gpu=0, load=None, max_compare_ratio=4.0, num_workers=4, report_freq=200, save_every=200, save_predict=None, seed=202121, test_funcs=None, test_only=False, train_dir='nb1shot1_anytime_tagates/tagates_0.005/123/202121', train_pkl='../mynas/data/nasbench-1shot1/nasbench101_anytime_train_123.pkl', train_ratio=0.005, valid_pkl='../mynas/data/nasbench-1shot1/nasbench101_anytime_valid.pkl')
2022-01-21 15:45:53,487 root                INFO: Train dataset ratio: 0.005
2022-01-21 15:45:53,488 root                INFO: Number of architectures: train: 36; valid: 7290
2022-01-21 15:45:58,265 root                INFO: Train: Epoch   1: train loss 0.2211
2022-01-21 15:46:00,033 root                INFO: Train: Epoch   2: train loss 0.2039
2022-01-21 15:47:17,089 root                INFO: GPU device = 0
2022-01-21 15:47:17,090 root                INFO: Load pkl cache from nasbench101.pkl and nasbench101_valid.pkl
2022-01-21 15:47:17,456 root                INFO: Config: {'arch_network_cfg': {'arch_embedder_cfg': {'gcn_kwargs': {'plus_I': True, 'residual_only': 1}, 'gcn_out_dims': [128, 128, 128, 128, 128], 'backward_gcn_out_dims': [128, 128, 128, 128, 128], 'hid_dim': 96, 'node_embedding_dim': 48, 'op_embedding_dim': 48, 'num_time_steps': 2, 'fb_conversion_dims': [128, 128], 'updateopemb_method': 'concat_ofb', 'updateopemb_dims': [128], 'updateopemb_scale': 0.1, 'b_use_bn': False, 'detach_vinfo': False, 'updateopemb_detach_opemb': True, 'updateopemb_detach_finfo': True, 'symmetry_breaking_method': 'param_zs_add', 'concat_param_zs_as_opemb_dimension': 7, 'concat_param_zs_as_opemb_scale': 1.0, 'mask_nonparametrized_ops': False}, 'arch_embedder_type': 'nb101-fbflow-anytime', 'compare_loss_type': 'margin_linear', 'compare_margin': 0.1, 'mlp_dropout': 0.1, 'mlp_hiddens': [200], 'mlp_out_dim': 1, 'optimizer': {'lr': 0.001, 'type': 'Adam'}, 'scheduler': None}, 'batch_size': 512, 'choose_pair_criterion': 'random', 'compare': False, 'compare_threshold': 0.0, 'epochs': 200, 'max_compare_ratio': 4.0}
2022-01-21 15:47:29,384 root                INFO: Combined args: Namespace(batch_size=512, cfg_file='cfgs/nb101_cfgs/tagates_anytime.yaml', choose_pair_criterion='random', compare=False, compare_threshold=0.0, epochs=200, eval_only_last=200, gpu=0, load=None, max_compare_ratio=4.0, num_workers=4, report_freq=200, save_every=200, save_predict=None, seed=202121, test_funcs=None, test_only=False, train_dir='nb1shot1_anytime_tagates/tagates_0.005/123/202121', train_pkl='../mynas/data/nasbench-1shot1/nasbench101_anytime_train_123.pkl', train_ratio=0.005, valid_pkl='../mynas/data/nasbench-1shot1/nasbench101_anytime_valid.pkl')
2022-01-21 15:47:29,399 root                INFO: Train dataset ratio: 0.005
2022-01-21 15:47:29,400 root                INFO: Number of architectures: train: 36; valid: 7290
2022-01-21 15:47:32,509 root                INFO: Train: Epoch   1: train loss 0.2211
2022-01-21 15:47:35,111 root                INFO: Valid: Epoch   1: kendall tau 0.3390 0.1822; loss 0.03 0.1423
2022-01-21 15:47:35,550 root                INFO: Train: Epoch   2: train loss 0.2042
2022-01-21 15:47:37,567 root                INFO: Valid: Epoch   2: kendall tau 0.3400 0.2079; loss 0.02718 0.1306
2022-01-21 15:47:37,978 root                INFO: Train: Epoch   3: train loss 0.1859
2022-01-21 15:47:40,167 root                INFO: Valid: Epoch   3: kendall tau 0.3356 0.2348; loss 0.02412 0.117
2022-01-21 15:47:40,644 root                INFO: Train: Epoch   4: train loss 0.1654
2022-01-21 15:47:42,621 root                INFO: Valid: Epoch   4: kendall tau 0.3260 0.2400; loss 0.02093 0.1009
2022-01-21 15:47:43,111 root                INFO: Train: Epoch   5: train loss 0.1395
2022-01-21 15:47:45,271 root                INFO: Valid: Epoch   5: kendall tau 0.3209 0.2522; loss 0.01828 0.08173
2022-01-21 15:47:45,940 root                INFO: Train: Epoch   6: train loss 0.1092
2022-01-21 15:47:47,794 root                INFO: Valid: Epoch   6: kendall tau 0.3174 0.2568; loss 0.01826 0.05776
2022-01-21 15:47:48,368 root                INFO: Train: Epoch   7: train loss 0.0753
2022-01-21 15:47:50,405 root                INFO: Valid: Epoch   7: kendall tau 0.3138 0.2629; loss 0.02591 0.03171
2022-01-21 15:47:50,956 root                INFO: Train: Epoch   8: train loss 0.0452
2022-01-21 15:47:53,097 root                INFO: Valid: Epoch   8: kendall tau 0.3121 0.2665; loss 0.04406 0.01275
2022-01-21 15:47:53,789 root                INFO: Train: Epoch   9: train loss 0.0336
2022-01-21 15:47:56,175 root                INFO: Valid: Epoch   9: kendall tau 0.3143 0.2726; loss 0.06017 0.008774
2022-01-21 15:47:56,856 root                INFO: Train: Epoch  10: train loss 0.0402
2022-01-21 15:47:58,984 root                INFO: Valid: Epoch  10: kendall tau 0.3194 0.2794; loss 0.06217 0.01113
2022-01-21 15:47:59,557 root                INFO: Train: Epoch  11: train loss 0.0453
2022-01-21 15:48:01,529 root                INFO: Valid: Epoch  11: kendall tau 0.3273 0.2865; loss 0.05246 0.01286
2022-01-21 15:48:02,158 root                INFO: Train: Epoch  12: train loss 0.0393
2022-01-21 15:48:04,262 root                INFO: Valid: Epoch  12: kendall tau 0.3342 0.2940; loss 0.03739 0.01321
2022-01-21 15:48:04,828 root                INFO: Train: Epoch  13: train loss 0.0271
2022-01-21 15:48:06,882 root                INFO: Valid: Epoch  13: kendall tau 0.3396 0.3027; loss 0.02458 0.01271
2022-01-21 15:48:07,489 root                INFO: Train: Epoch  14: train loss 0.0195
2022-01-21 15:48:09,588 root                INFO: Valid: Epoch  14: kendall tau 0.3469 0.3120; loss 0.01833 0.01184
2022-01-21 15:48:10,237 root                INFO: Train: Epoch  15: train loss 0.0194
2022-01-21 15:48:12,201 root                INFO: Valid: Epoch  15: kendall tau 0.3503 0.3218; loss 0.01775 0.01093
2022-01-21 15:48:12,842 root                INFO: Train: Epoch  16: train loss 0.0234
2022-01-21 15:48:15,026 root                INFO: Valid: Epoch  16: kendall tau 0.3389 0.3320; loss 0.01879 0.01016
2022-01-21 15:48:15,650 root                INFO: Train: Epoch  17: train loss 0.0269
2022-01-21 15:48:17,723 root                INFO: Valid: Epoch  17: kendall tau 0.3297 0.3433; loss 0.01922 0.00953
2022-01-21 15:48:18,240 root                INFO: Train: Epoch  18: train loss 0.0280
2022-01-21 15:48:20,370 root                INFO: Valid: Epoch  18: kendall tau 0.3341 0.3541; loss 0.01887 0.009071
2022-01-21 15:48:20,968 root                INFO: Train: Epoch  19: train loss 0.0250
2022-01-21 15:48:22,876 root                INFO: Valid: Epoch  19: kendall tau 0.3348 0.3644; loss 0.01825 0.008773
2022-01-21 15:48:23,409 root                INFO: Train: Epoch  20: train loss 0.0239
2022-01-21 15:48:25,635 root                INFO: Valid: Epoch  20: kendall tau 0.3341 0.3742; loss 0.01774 0.008611
2022-01-21 15:48:26,222 root                INFO: Train: Epoch  21: train loss 0.0210
2022-01-21 15:48:28,348 root                INFO: Valid: Epoch  21: kendall tau 0.3343 0.3833; loss 0.0176 0.008527
2022-01-21 15:48:28,874 root                INFO: Train: Epoch  22: train loss 0.0178
2022-01-21 15:48:30,986 root                INFO: Valid: Epoch  22: kendall tau 0.3336 0.3919; loss 0.01796 0.008509
2022-01-21 15:48:31,581 root                INFO: Train: Epoch  23: train loss 0.0170
2022-01-21 15:48:33,635 root                INFO: Valid: Epoch  23: kendall tau 0.3327 0.4000; loss 0.01892 0.008538
2022-01-21 15:48:34,232 root                INFO: Train: Epoch  24: train loss 0.0161
2022-01-21 15:48:36,446 root                INFO: Valid: Epoch  24: kendall tau 0.3316 0.4076; loss 0.02041 0.008591
2022-01-21 15:48:37,231 root                INFO: Train: Epoch  25: train loss 0.0155
2022-01-21 15:48:39,412 root                INFO: Valid: Epoch  25: kendall tau 0.3299 0.4146; loss 0.0222 0.008633
2022-01-21 15:48:40,166 root                INFO: Train: Epoch  26: train loss 0.0157
2022-01-21 15:48:42,753 root                INFO: Valid: Epoch  26: kendall tau 0.3284 0.4211; loss 0.02394 0.008622
2022-01-21 15:48:43,337 root                INFO: Train: Epoch  27: train loss 0.0162
2022-01-21 15:48:45,469 root                INFO: Valid: Epoch  27: kendall tau 0.3270 0.4273; loss 0.02519 0.008532
2022-01-21 15:48:45,937 root                INFO: Train: Epoch  28: train loss 0.0165
2022-01-21 15:48:48,243 root                INFO: Valid: Epoch  28: kendall tau 0.3252 0.4331; loss 0.02575 0.00838
2022-01-21 15:48:48,727 root                INFO: Train: Epoch  29: train loss 0.0161
2022-01-21 15:48:50,967 root                INFO: Valid: Epoch  29: kendall tau 0.3232 0.4385; loss 0.0256 0.008228
2022-01-21 15:48:51,440 root                INFO: Train: Epoch  30: train loss 0.0157
2022-01-21 15:48:53,852 root                INFO: Valid: Epoch  30: kendall tau 0.3212 0.4434; loss 0.02497 0.008142
2022-01-21 15:48:54,328 root                INFO: Train: Epoch  31: train loss 0.0159
2022-01-21 15:48:56,225 root                INFO: Valid: Epoch  31: kendall tau 0.3189 0.4480; loss 0.0241 0.008167
2022-01-21 15:48:56,792 root                INFO: Train: Epoch  32: train loss 0.0161
2022-01-21 15:48:58,958 root                INFO: Valid: Epoch  32: kendall tau 0.3166 0.4521; loss 0.02317 0.008292
2022-01-21 15:48:59,523 root                INFO: Train: Epoch  33: train loss 0.0154
2022-01-21 15:49:01,487 root                INFO: Valid: Epoch  33: kendall tau 0.3144 0.4555; loss 0.02237 0.008452
2022-01-21 15:49:02,095 root                INFO: Train: Epoch  34: train loss 0.0167
2022-01-21 15:49:04,316 root                INFO: Valid: Epoch  34: kendall tau 0.3123 0.4583; loss 0.02179 0.008545
2022-01-21 15:49:04,854 root                INFO: Train: Epoch  35: train loss 0.0157
2022-01-21 15:49:07,060 root                INFO: Valid: Epoch  35: kendall tau 0.3104 0.4605; loss 0.02143 0.008532
2022-01-21 15:49:07,484 root                INFO: Train: Epoch  36: train loss 0.0159
2022-01-21 15:49:09,466 root                INFO: Valid: Epoch  36: kendall tau 0.3087 0.4620; loss 0.0213 0.008409
2022-01-21 15:49:10,015 root                INFO: Train: Epoch  37: train loss 0.0152
2022-01-21 15:49:12,045 root                INFO: Valid: Epoch  37: kendall tau 0.3070 0.4631; loss 0.0213 0.008257
2022-01-21 15:49:12,600 root                INFO: Train: Epoch  38: train loss 0.0155
2022-01-21 15:49:14,781 root                INFO: Valid: Epoch  38: kendall tau 0.3054 0.4638; loss 0.02142 0.008142
2022-01-21 15:49:15,476 root                INFO: Train: Epoch  39: train loss 0.0146
2022-01-21 15:49:17,491 root                INFO: Valid: Epoch  39: kendall tau 0.3040 0.4642; loss 0.0216 0.008116
2022-01-21 15:49:18,100 root                INFO: Train: Epoch  40: train loss 0.0140
2022-01-21 15:49:20,411 root                INFO: Valid: Epoch  40: kendall tau 0.3028 0.4644; loss 0.02177 0.00819
2022-01-21 15:49:21,064 root                INFO: Train: Epoch  41: train loss 0.0144
2022-01-21 15:49:23,018 root                INFO: Valid: Epoch  41: kendall tau 0.3018 0.4644; loss 0.02183 0.008324
2022-01-21 15:49:23,618 root                INFO: Train: Epoch  42: train loss 0.0138
2022-01-21 15:49:25,830 root                INFO: Valid: Epoch  42: kendall tau 0.3010 0.4642; loss 0.02173 0.008457
2022-01-21 15:49:26,346 root                INFO: Train: Epoch  43: train loss 0.0144
2022-01-21 15:49:28,302 root                INFO: Valid: Epoch  43: kendall tau 0.3002 0.4639; loss 0.02149 0.008561
2022-01-21 15:49:28,772 root                INFO: Train: Epoch  44: train loss 0.0136
2022-01-21 15:49:30,804 root                INFO: Valid: Epoch  44: kendall tau 0.2994 0.4638; loss 0.02116 0.008613
2022-01-21 15:49:31,296 root                INFO: Train: Epoch  45: train loss 0.0139
2022-01-21 15:49:33,244 root                INFO: Valid: Epoch  45: kendall tau 0.2988 0.4640; loss 0.02074 0.008602
2022-01-21 15:49:33,684 root                INFO: Train: Epoch  46: train loss 0.0142
2022-01-21 15:49:35,966 root                INFO: Valid: Epoch  46: kendall tau 0.2982 0.4638; loss 0.02029 0.008554
2022-01-21 15:49:36,392 root                INFO: Train: Epoch  47: train loss 0.0139
2022-01-21 15:49:38,354 root                INFO: Valid: Epoch  47: kendall tau 0.2978 0.4634; loss 0.01991 0.008506
2022-01-21 15:49:38,796 root                INFO: Train: Epoch  48: train loss 0.0140
2022-01-21 15:49:40,968 root                INFO: Valid: Epoch  48: kendall tau 0.2976 0.4629; loss 0.0196 0.008458
2022-01-21 15:49:41,456 root                INFO: Train: Epoch  49: train loss 0.0139
2022-01-21 15:49:43,489 root                INFO: Valid: Epoch  49: kendall tau 0.2974 0.4622; loss 0.01936 0.008422
2022-01-21 15:49:44,034 root                INFO: Train: Epoch  50: train loss 0.0139
2022-01-21 15:49:46,327 root                INFO: Valid: Epoch  50: kendall tau 0.2973 0.4615; loss 0.01921 0.008405
2022-01-21 15:49:46,874 root                INFO: Train: Epoch  51: train loss 0.0138
2022-01-21 15:49:49,338 root                INFO: Valid: Epoch  51: kendall tau 0.2973 0.4607; loss 0.01915 0.008405
2022-01-21 15:49:49,848 root                INFO: Train: Epoch  52: train loss 0.0136
2022-01-21 15:49:51,850 root                INFO: Valid: Epoch  52: kendall tau 0.2973 0.4598; loss 0.01918 0.00842
2022-01-21 15:49:52,486 root                INFO: Train: Epoch  53: train loss 0.0132
2022-01-21 15:49:54,640 root                INFO: Valid: Epoch  53: kendall tau 0.2974 0.4588; loss 0.01926 0.008444
2022-01-21 15:49:55,215 root                INFO: Train: Epoch  54: train loss 0.0138
2022-01-21 15:49:57,430 root                INFO: Valid: Epoch  54: kendall tau 0.2976 0.4578; loss 0.01939 0.008477
2022-01-21 15:49:57,961 root                INFO: Train: Epoch  55: train loss 0.0141
2022-01-21 15:50:00,031 root                INFO: Valid: Epoch  55: kendall tau 0.2979 0.4567; loss 0.01956 0.008515
2022-01-21 15:50:00,597 root                INFO: Train: Epoch  56: train loss 0.0132
2022-01-21 15:50:02,969 root                INFO: Valid: Epoch  56: kendall tau 0.2983 0.4555; loss 0.01974 0.008554
2022-01-21 15:50:03,429 root                INFO: Train: Epoch  57: train loss 0.0139
2022-01-21 15:50:05,387 root                INFO: Valid: Epoch  57: kendall tau 0.2989 0.4543; loss 0.01993 0.008586
2022-01-21 15:50:05,772 root                INFO: Train: Epoch  58: train loss 0.0137
2022-01-21 15:50:08,298 root                INFO: Valid: Epoch  58: kendall tau 0.2994 0.4529; loss 0.02009 0.008601
2022-01-21 15:50:08,680 root                INFO: Train: Epoch  59: train loss 0.0137
2022-01-21 15:50:10,616 root                INFO: Valid: Epoch  59: kendall tau 0.2999 0.4516; loss 0.0202 0.008596
2022-01-21 15:50:11,098 root                INFO: Train: Epoch  60: train loss 0.0132
2022-01-21 15:50:13,709 root                INFO: Valid: Epoch  60: kendall tau 0.3007 0.4501; loss 0.02027 0.008581
2022-01-21 15:50:14,240 root                INFO: Train: Epoch  61: train loss 0.0138
2022-01-21 15:50:16,184 root                INFO: Valid: Epoch  61: kendall tau 0.3014 0.4486; loss 0.02026 0.008549
2022-01-21 15:50:16,672 root                INFO: Train: Epoch  62: train loss 0.0128
2022-01-21 15:50:18,855 root                INFO: Valid: Epoch  62: kendall tau 0.3022 0.4471; loss 0.02023 0.008523
2022-01-21 15:50:19,364 root                INFO: Train: Epoch  63: train loss 0.0130
2022-01-21 15:50:21,288 root                INFO: Valid: Epoch  63: kendall tau 0.3032 0.4454; loss 0.02018 0.008503
2022-01-21 15:50:21,923 root                INFO: Train: Epoch  64: train loss 0.0129
2022-01-21 15:50:24,094 root                INFO: Valid: Epoch  64: kendall tau 0.3042 0.4435; loss 0.0201 0.008492
2022-01-21 15:50:24,819 root                INFO: Train: Epoch  65: train loss 0.0128
2022-01-21 15:50:26,787 root                INFO: Valid: Epoch  65: kendall tau 0.3053 0.4417; loss 0.02004 0.008495
2022-01-21 15:50:27,533 root                INFO: Train: Epoch  66: train loss 0.0128
2022-01-21 15:50:29,747 root                INFO: Valid: Epoch  66: kendall tau 0.3067 0.4398; loss 0.02003 0.00851
2022-01-21 15:50:30,476 root                INFO: Train: Epoch  67: train loss 0.0129
2022-01-21 15:50:32,611 root                INFO: Valid: Epoch  67: kendall tau 0.3080 0.4378; loss 0.02002 0.008529
2022-01-21 15:50:33,120 root                INFO: Train: Epoch  68: train loss 0.0130
2022-01-21 15:50:35,330 root                INFO: Valid: Epoch  68: kendall tau 0.3094 0.4358; loss 0.02006 0.008554
2022-01-21 15:50:35,909 root                INFO: Train: Epoch  69: train loss 0.0133
2022-01-21 15:50:38,332 root                INFO: Valid: Epoch  69: kendall tau 0.3111 0.4336; loss 0.02012 0.008586
2022-01-21 15:50:38,887 root                INFO: Train: Epoch  70: train loss 0.0127
2022-01-21 15:50:40,857 root                INFO: Valid: Epoch  70: kendall tau 0.3130 0.4313; loss 0.02017 0.008621
2022-01-21 15:50:41,409 root                INFO: Train: Epoch  71: train loss 0.0130
2022-01-21 15:50:43,579 root                INFO: Valid: Epoch  71: kendall tau 0.3149 0.4288; loss 0.02019 0.008659
2022-01-21 15:50:44,161 root                INFO: Train: Epoch  72: train loss 0.0126
2022-01-21 15:50:46,391 root                INFO: Valid: Epoch  72: kendall tau 0.3169 0.4262; loss 0.02011 0.008688
2022-01-21 15:50:46,933 root                INFO: Train: Epoch  73: train loss 0.0126
2022-01-21 15:50:49,158 root                INFO: Valid: Epoch  73: kendall tau 0.3188 0.4236; loss 0.01997 0.008711
2022-01-21 15:50:49,599 root                INFO: Train: Epoch  74: train loss 0.0128
2022-01-21 15:50:51,649 root                INFO: Valid: Epoch  74: kendall tau 0.3206 0.4210; loss 0.01979 0.008733
2022-01-21 15:50:52,083 root                INFO: Train: Epoch  75: train loss 0.0122
2022-01-21 15:50:53,985 root                INFO: Valid: Epoch  75: kendall tau 0.3226 0.4183; loss 0.01963 0.008757
2022-01-21 15:50:54,541 root                INFO: Train: Epoch  76: train loss 0.0125
2022-01-21 15:50:56,742 root                INFO: Valid: Epoch  76: kendall tau 0.3248 0.4154; loss 0.01943 0.00878
2022-01-21 15:50:57,381 root                INFO: Train: Epoch  77: train loss 0.0123
2022-01-21 15:50:59,603 root                INFO: Valid: Epoch  77: kendall tau 0.3268 0.4125; loss 0.01917 0.008794
2022-01-21 15:51:00,259 root                INFO: Train: Epoch  78: train loss 0.0130
2022-01-21 15:51:02,317 root                INFO: Valid: Epoch  78: kendall tau 0.3288 0.4097; loss 0.01894 0.008811
2022-01-21 15:51:02,828 root                INFO: Train: Epoch  79: train loss 0.0128
2022-01-21 15:51:04,934 root                INFO: Valid: Epoch  79: kendall tau 0.3309 0.4070; loss 0.0188 0.008836
2022-01-21 15:51:05,459 root                INFO: Train: Epoch  80: train loss 0.0127
2022-01-21 15:51:07,677 root                INFO: Valid: Epoch  80: kendall tau 0.3327 0.4045; loss 0.01881 0.008873
2022-01-21 15:51:08,254 root                INFO: Train: Epoch  81: train loss 0.0130
2022-01-21 15:51:10,271 root                INFO: Valid: Epoch  81: kendall tau 0.3343 0.4021; loss 0.01895 0.008931
2022-01-21 15:51:10,770 root                INFO: Train: Epoch  82: train loss 0.0127
2022-01-21 15:51:12,783 root                INFO: Valid: Epoch  82: kendall tau 0.3357 0.3999; loss 0.01908 0.008993
2022-01-21 15:51:13,302 root                INFO: Train: Epoch  83: train loss 0.0125
2022-01-21 15:51:15,272 root                INFO: Valid: Epoch  83: kendall tau 0.3370 0.3974; loss 0.01908 0.009036
2022-01-21 15:51:15,935 root                INFO: Train: Epoch  84: train loss 0.0119
2022-01-21 15:51:18,090 root                INFO: Valid: Epoch  84: kendall tau 0.3385 0.3949; loss 0.01898 0.009061
2022-01-21 15:51:18,632 root                INFO: Train: Epoch  85: train loss 0.0121
2022-01-21 15:51:20,633 root                INFO: Valid: Epoch  85: kendall tau 0.3396 0.3928; loss 0.01883 0.00907
2022-01-21 15:51:21,236 root                INFO: Train: Epoch  86: train loss 0.0120
2022-01-21 15:51:23,478 root                INFO: Valid: Epoch  86: kendall tau 0.3404 0.3908; loss 0.01864 0.009072
2022-01-21 15:51:23,980 root                INFO: Train: Epoch  87: train loss 0.0122
2022-01-21 15:51:25,888 root                INFO: Valid: Epoch  87: kendall tau 0.3414 0.3888; loss 0.01845 0.009081
2022-01-21 15:51:26,487 root                INFO: Train: Epoch  88: train loss 0.0123
2022-01-21 15:51:28,567 root                INFO: Valid: Epoch  88: kendall tau 0.3421 0.3867; loss 0.01839 0.009108
2022-01-21 15:51:29,117 root                INFO: Train: Epoch  89: train loss 0.0116
2022-01-21 15:51:31,076 root                INFO: Valid: Epoch  89: kendall tau 0.3426 0.3846; loss 0.01847 0.00915
2022-01-21 15:51:31,574 root                INFO: Train: Epoch  90: train loss 0.0126
2022-01-21 15:51:33,678 root                INFO: Valid: Epoch  90: kendall tau 0.3430 0.3824; loss 0.01864 0.009205
2022-01-21 15:51:34,209 root                INFO: Train: Epoch  91: train loss 0.0123
2022-01-21 15:51:36,372 root                INFO: Valid: Epoch  91: kendall tau 0.3437 0.3803; loss 0.01874 0.009256
2022-01-21 15:51:36,864 root                INFO: Train: Epoch  92: train loss 0.0122
2022-01-21 15:51:38,928 root                INFO: Valid: Epoch  92: kendall tau 0.3448 0.3781; loss 0.01874 0.009292
2022-01-21 15:51:39,455 root                INFO: Train: Epoch  93: train loss 0.0124
2022-01-21 15:51:41,719 root                INFO: Valid: Epoch  93: kendall tau 0.3463 0.3755; loss 0.01867 0.009319
2022-01-21 15:51:42,346 root                INFO: Train: Epoch  94: train loss 0.0115
2022-01-21 15:51:44,636 root                INFO: Valid: Epoch  94: kendall tau 0.3477 0.3733; loss 0.01847 0.00932
2022-01-21 15:51:45,349 root                INFO: Train: Epoch  95: train loss 0.0126
2022-01-21 15:51:47,368 root                INFO: Valid: Epoch  95: kendall tau 0.3490 0.3711; loss 0.01828 0.009325
2022-01-21 15:51:48,021 root                INFO: Train: Epoch  96: train loss 0.0119
2022-01-21 15:51:50,377 root                INFO: Valid: Epoch  96: kendall tau 0.3499 0.3692; loss 0.01814 0.009331
2022-01-21 15:51:51,100 root                INFO: Train: Epoch  97: train loss 0.0120
2022-01-21 15:51:53,488 root                INFO: Valid: Epoch  97: kendall tau 0.3502 0.3676; loss 0.01806 0.009335
2022-01-21 15:51:54,114 root                INFO: Train: Epoch  98: train loss 0.0120
2022-01-21 15:51:56,058 root                INFO: Valid: Epoch  98: kendall tau 0.3502 0.3663; loss 0.01814 0.009339
2022-01-21 15:51:56,730 root                INFO: Train: Epoch  99: train loss 0.0119
2022-01-21 15:51:58,815 root                INFO: Valid: Epoch  99: kendall tau 0.3496 0.3658; loss 0.01844 0.009348
2022-01-21 15:51:59,420 root                INFO: Train: Epoch 100: train loss 0.0121
2022-01-21 15:52:01,935 root                INFO: Valid: Epoch 100: kendall tau 0.3490 0.3660; loss 0.01866 0.009351
2022-01-21 15:52:02,829 root                INFO: Train: Epoch 101: train loss 0.0116
2022-01-21 15:52:05,006 root                INFO: Valid: Epoch 101: kendall tau 0.3483 0.3668; loss 0.0188 0.009336
2022-01-21 15:52:05,740 root                INFO: Train: Epoch 102: train loss 0.0118
2022-01-21 15:52:07,823 root                INFO: Valid: Epoch 102: kendall tau 0.3476 0.3683; loss 0.01869 0.00928
2022-01-21 15:52:08,252 root                INFO: Train: Epoch 103: train loss 0.0115
2022-01-21 15:52:10,331 root                INFO: Valid: Epoch 103: kendall tau 0.3465 0.3698; loss 0.01852 0.009215
2022-01-21 15:52:10,782 root                INFO: Train: Epoch 104: train loss 0.0113
2022-01-21 15:52:12,955 root                INFO: Valid: Epoch 104: kendall tau 0.3448 0.3721; loss 0.0184 0.009145
2022-01-21 15:52:13,423 root                INFO: Train: Epoch 105: train loss 0.0118
2022-01-21 15:52:15,705 root                INFO: Valid: Epoch 105: kendall tau 0.3418 0.3752; loss 0.01858 0.009098
2022-01-21 15:52:16,186 root                INFO: Train: Epoch 106: train loss 0.0117
2022-01-21 15:52:18,449 root                INFO: Valid: Epoch 106: kendall tau 0.3385 0.3789; loss 0.01901 0.00908
2022-01-21 15:52:18,896 root                INFO: Train: Epoch 107: train loss 0.0116
2022-01-21 15:52:20,890 root                INFO: Valid: Epoch 107: kendall tau 0.3351 0.3827; loss 0.01944 0.00907
2022-01-21 15:52:21,461 root                INFO: Train: Epoch 108: train loss 0.0111
2022-01-21 15:52:23,615 root                INFO: Valid: Epoch 108: kendall tau 0.3326 0.3845; loss 0.01948 0.008992
2022-01-21 15:52:24,175 root                INFO: Train: Epoch 109: train loss 0.0110
2022-01-21 15:52:26,443 root                INFO: Valid: Epoch 109: kendall tau 0.3302 0.3862; loss 0.01949 0.008883
2022-01-21 15:52:27,065 root                INFO: Train: Epoch 110: train loss 0.0112
2022-01-21 15:52:29,060 root                INFO: Valid: Epoch 110: kendall tau 0.3274 0.3870; loss 0.0196 0.008765
2022-01-21 15:52:29,513 root                INFO: Train: Epoch 111: train loss 0.0111
2022-01-21 15:52:31,556 root                INFO: Valid: Epoch 111: kendall tau 0.3236 0.3896; loss 0.02009 0.00873
2022-01-21 15:52:32,013 root                INFO: Train: Epoch 112: train loss 0.0111
2022-01-21 15:52:34,343 root                INFO: Valid: Epoch 112: kendall tau 0.3182 0.3918; loss 0.02055 0.008628
2022-01-21 15:52:34,874 root                INFO: Train: Epoch 113: train loss 0.0110
2022-01-21 15:52:37,113 root                INFO: Valid: Epoch 113: kendall tau 0.3118 0.3954; loss 0.0212 0.008768
2022-01-21 15:52:37,705 root                INFO: Train: Epoch 114: train loss 0.0106
2022-01-21 15:52:39,849 root                INFO: Valid: Epoch 114: kendall tau 0.3032 0.3962; loss 0.02153 0.00893
2022-01-21 15:52:40,395 root                INFO: Train: Epoch 115: train loss 0.0099
2022-01-21 15:52:42,602 root                INFO: Valid: Epoch 115: kendall tau 0.2933 0.3886; loss 0.02146 0.008835
2022-01-21 15:52:43,194 root                INFO: Train: Epoch 116: train loss 0.0102
2022-01-21 15:52:45,297 root                INFO: Valid: Epoch 116: kendall tau 0.2825 0.3798; loss 0.02186 0.00911
2022-01-21 15:52:45,888 root                INFO: Train: Epoch 117: train loss 0.0100
2022-01-21 15:52:47,817 root                INFO: Valid: Epoch 117: kendall tau 0.2703 0.3676; loss 0.02274 0.009682
2022-01-21 15:52:48,323 root                INFO: Train: Epoch 118: train loss 0.0095
2022-01-21 15:52:50,431 root                INFO: Valid: Epoch 118: kendall tau 0.2582 0.3343; loss 0.02359 0.009951
2022-01-21 15:52:50,879 root                INFO: Train: Epoch 119: train loss 0.0098
2022-01-21 15:52:53,062 root                INFO: Valid: Epoch 119: kendall tau 0.2450 0.3258; loss 0.02433 0.01059
2022-01-21 15:52:53,517 root                INFO: Train: Epoch 120: train loss 0.0100
2022-01-21 15:52:55,663 root                INFO: Valid: Epoch 120: kendall tau 0.2312 0.3150; loss 0.02336 0.01019
2022-01-21 15:52:56,288 root                INFO: Train: Epoch 121: train loss 0.0093
2022-01-21 15:52:58,258 root                INFO: Valid: Epoch 121: kendall tau 0.2214 0.3113; loss 0.02385 0.01024
2022-01-21 15:52:58,771 root                INFO: Train: Epoch 122: train loss 0.0098
2022-01-21 15:53:01,040 root                INFO: Valid: Epoch 122: kendall tau 0.2149 0.3117; loss 0.025 0.01047
2022-01-21 15:53:01,902 root                INFO: Train: Epoch 123: train loss 0.0095
2022-01-21 15:53:04,111 root                INFO: Valid: Epoch 123: kendall tau 0.2105 0.2909; loss 0.02589 0.01025
2022-01-21 15:53:04,810 root                INFO: Train: Epoch 124: train loss 0.0089
2022-01-21 15:53:07,251 root                INFO: Valid: Epoch 124: kendall tau 0.2077 0.3028; loss 0.02704 0.0105
2022-01-21 15:53:07,712 root                INFO: Train: Epoch 125: train loss 0.0087
2022-01-21 15:53:09,804 root                INFO: Valid: Epoch 125: kendall tau 0.2035 0.3160; loss 0.02561 0.01009
2022-01-21 15:53:10,270 root                INFO: Train: Epoch 126: train loss 0.0084
2022-01-21 15:53:12,398 root                INFO: Valid: Epoch 126: kendall tau 0.2018 0.3184; loss 0.02533 0.009757
2022-01-21 15:53:12,966 root                INFO: Train: Epoch 127: train loss 0.0084
2022-01-21 15:53:14,965 root                INFO: Valid: Epoch 127: kendall tau 0.2051 0.3149; loss 0.02625 0.009472
2022-01-21 15:53:15,632 root                INFO: Train: Epoch 128: train loss 0.0082
2022-01-21 15:53:17,931 root                INFO: Valid: Epoch 128: kendall tau 0.2124 0.3429; loss 0.02704 0.009779
2022-01-21 15:53:18,492 root                INFO: Train: Epoch 129: train loss 0.0085
2022-01-21 15:53:20,551 root                INFO: Valid: Epoch 129: kendall tau 0.2119 0.3441; loss 0.02469 0.00888
2022-01-21 15:53:21,156 root                INFO: Train: Epoch 130: train loss 0.0082
2022-01-21 15:53:23,594 root                INFO: Valid: Epoch 130: kendall tau 0.2194 0.3809; loss 0.02507 0.009325
2022-01-21 15:53:24,174 root                INFO: Train: Epoch 131: train loss 0.0078
2022-01-21 15:53:26,329 root                INFO: Valid: Epoch 131: kendall tau 0.2243 0.3904; loss 0.02508 0.008848
2022-01-21 15:53:26,870 root                INFO: Train: Epoch 132: train loss 0.0076
2022-01-21 15:53:29,050 root                INFO: Valid: Epoch 132: kendall tau 0.2265 0.3813; loss 0.02534 0.008264
2022-01-21 15:53:29,562 root                INFO: Train: Epoch 133: train loss 0.0075
2022-01-21 15:53:31,539 root                INFO: Valid: Epoch 133: kendall tau 0.2288 0.4364; loss 0.02668 0.009264
2022-01-21 15:53:32,039 root                INFO: Train: Epoch 134: train loss 0.0078
2022-01-21 15:53:34,312 root                INFO: Valid: Epoch 134: kendall tau 0.2232 0.4367; loss 0.02359 0.008836
2022-01-21 15:53:34,806 root                INFO: Train: Epoch 135: train loss 0.0077
2022-01-21 15:53:36,762 root                INFO: Valid: Epoch 135: kendall tau 0.2320 0.4218; loss 0.02545 0.008461
2022-01-21 15:53:37,453 root                INFO: Train: Epoch 136: train loss 0.0071
2022-01-21 15:53:39,456 root                INFO: Valid: Epoch 136: kendall tau 0.2409 0.3948; loss 0.02643 0.008242
2022-01-21 15:53:40,009 root                INFO: Train: Epoch 137: train loss 0.0069
2022-01-21 15:53:42,580 root                INFO: Valid: Epoch 137: kendall tau 0.2448 0.4298; loss 0.02386 0.008331
2022-01-21 15:53:43,156 root                INFO: Train: Epoch 138: train loss 0.0065
2022-01-21 15:53:45,142 root                INFO: Valid: Epoch 138: kendall tau 0.2554 0.4449; loss 0.02313 0.008453
2022-01-21 15:53:45,769 root                INFO: Train: Epoch 139: train loss 0.0064
2022-01-21 15:53:47,913 root                INFO: Valid: Epoch 139: kendall tau 0.2706 0.4493; loss 0.02397 0.008523
2022-01-21 15:53:48,410 root                INFO: Train: Epoch 140: train loss 0.0065
2022-01-21 15:53:50,686 root                INFO: Valid: Epoch 140: kendall tau 0.2795 0.4252; loss 0.02209 0.007914
2022-01-21 15:53:51,182 root                INFO: Train: Epoch 141: train loss 0.0060
2022-01-21 15:53:53,335 root                INFO: Valid: Epoch 141: kendall tau 0.2950 0.4333; loss 0.02314 0.008098
2022-01-21 15:53:53,977 root                INFO: Train: Epoch 142: train loss 0.0061
2022-01-21 15:53:56,286 root                INFO: Valid: Epoch 142: kendall tau 0.3007 0.4447; loss 0.02018 0.007934
2022-01-21 15:53:56,846 root                INFO: Train: Epoch 143: train loss 0.0058
2022-01-21 15:53:58,822 root                INFO: Valid: Epoch 143: kendall tau 0.3139 0.4692; loss 0.02265 0.008738
2022-01-21 15:53:59,307 root                INFO: Train: Epoch 144: train loss 0.0055
2022-01-21 15:54:01,473 root                INFO: Valid: Epoch 144: kendall tau 0.3188 0.4516; loss 0.02093 0.008042
2022-01-21 15:54:01,949 root                INFO: Train: Epoch 145: train loss 0.0053
2022-01-21 15:54:03,918 root                INFO: Valid: Epoch 145: kendall tau 0.3182 0.4177; loss 0.01845 0.007337
2022-01-21 15:54:04,541 root                INFO: Train: Epoch 146: train loss 0.0062
2022-01-21 15:54:07,010 root                INFO: Valid: Epoch 146: kendall tau 0.3301 0.4208; loss 0.02557 0.007932
2022-01-21 15:54:07,512 root                INFO: Train: Epoch 147: train loss 0.0060
2022-01-21 15:54:09,511 root                INFO: Valid: Epoch 147: kendall tau 0.3246 0.4301; loss 0.0213 0.007494
2022-01-21 15:54:10,017 root                INFO: Train: Epoch 148: train loss 0.0047
2022-01-21 15:54:12,198 root                INFO: Valid: Epoch 148: kendall tau 0.3173 0.4383; loss 0.01783 0.007225
2022-01-21 15:54:12,611 root                INFO: Train: Epoch 149: train loss 0.0057
2022-01-21 15:54:14,646 root                INFO: Valid: Epoch 149: kendall tau 0.3257 0.4489; loss 0.02203 0.007772
2022-01-21 15:54:15,146 root                INFO: Train: Epoch 150: train loss 0.0047
2022-01-21 15:54:17,319 root                INFO: Valid: Epoch 150: kendall tau 0.3269 0.4348; loss 0.0241 0.007889
2022-01-21 15:54:17,908 root                INFO: Train: Epoch 151: train loss 0.0044
2022-01-21 15:54:20,017 root                INFO: Valid: Epoch 151: kendall tau 0.3213 0.3917; loss 0.02009 0.007167
2022-01-21 15:54:20,629 root                INFO: Train: Epoch 152: train loss 0.0043
2022-01-21 15:54:22,693 root                INFO: Valid: Epoch 152: kendall tau 0.3178 0.4199; loss 0.01855 0.007198
2022-01-21 15:54:23,306 root                INFO: Train: Epoch 153: train loss 0.0042
2022-01-21 15:54:25,193 root                INFO: Valid: Epoch 153: kendall tau 0.3224 0.4532; loss 0.02059 0.008043
2022-01-21 15:54:25,721 root                INFO: Train: Epoch 154: train loss 0.0039
2022-01-21 15:54:27,997 root                INFO: Valid: Epoch 154: kendall tau 0.3271 0.4621; loss 0.02153 0.008384
2022-01-21 15:54:28,486 root                INFO: Train: Epoch 155: train loss 0.0037
2022-01-21 15:54:30,478 root                INFO: Valid: Epoch 155: kendall tau 0.3297 0.4464; loss 0.01963 0.007618
2022-01-21 15:54:31,174 root                INFO: Train: Epoch 156: train loss 0.0035
2022-01-21 15:54:33,092 root                INFO: Valid: Epoch 156: kendall tau 0.3340 0.4204; loss 0.01924 0.007143
2022-01-21 15:54:33,659 root                INFO: Train: Epoch 157: train loss 0.0035
2022-01-21 15:54:35,803 root                INFO: Valid: Epoch 157: kendall tau 0.3399 0.4137; loss 0.02033 0.007221
2022-01-21 15:54:36,454 root                INFO: Train: Epoch 158: train loss 0.0038
2022-01-21 15:54:38,431 root                INFO: Valid: Epoch 158: kendall tau 0.3440 0.4332; loss 0.02125 0.007586
2022-01-21 15:54:39,118 root                INFO: Train: Epoch 159: train loss 0.0035
2022-01-21 15:54:41,053 root                INFO: Valid: Epoch 159: kendall tau 0.3464 0.4478; loss 0.01968 0.007613
2022-01-21 15:54:41,618 root                INFO: Train: Epoch 160: train loss 0.0030
2022-01-21 15:54:44,094 root                INFO: Valid: Epoch 160: kendall tau 0.3468 0.4473; loss 0.01857 0.00745
2022-01-21 15:54:44,545 root                INFO: Train: Epoch 161: train loss 0.0030
2022-01-21 15:54:46,611 root                INFO: Valid: Epoch 161: kendall tau 0.3471 0.4389; loss 0.01927 0.007518
2022-01-21 15:54:47,083 root                INFO: Train: Epoch 162: train loss 0.0031
2022-01-21 15:54:49,358 root                INFO: Valid: Epoch 162: kendall tau 0.3465 0.4264; loss 0.0207 0.00761
2022-01-21 15:54:49,877 root                INFO: Train: Epoch 163: train loss 0.0030
2022-01-21 15:54:51,930 root                INFO: Valid: Epoch 163: kendall tau 0.3478 0.4198; loss 0.02004 0.007418
2022-01-21 15:54:52,431 root                INFO: Train: Epoch 164: train loss 0.0028
2022-01-21 15:54:54,792 root                INFO: Valid: Epoch 164: kendall tau 0.3500 0.4380; loss 0.01826 0.007152
2022-01-21 15:54:55,401 root                INFO: Train: Epoch 165: train loss 0.0026
2022-01-21 15:54:57,354 root                INFO: Valid: Epoch 165: kendall tau 0.3511 0.4546; loss 0.0192 0.007396
2022-01-21 15:54:57,876 root                INFO: Train: Epoch 166: train loss 0.0024
2022-01-21 15:54:59,964 root                INFO: Valid: Epoch 166: kendall tau 0.3503 0.4640; loss 0.02084 0.007699
2022-01-21 15:55:00,491 root                INFO: Train: Epoch 167: train loss 0.0028
2022-01-21 15:55:02,377 root                INFO: Valid: Epoch 167: kendall tau 0.3517 0.4584; loss 0.01943 0.007251
2022-01-21 15:55:02,985 root                INFO: Train: Epoch 168: train loss 0.0024
2022-01-21 15:55:05,316 root                INFO: Valid: Epoch 168: kendall tau 0.3533 0.4582; loss 0.01842 0.007003
2022-01-21 15:55:05,785 root                INFO: Train: Epoch 169: train loss 0.0021
2022-01-21 15:55:08,067 root                INFO: Valid: Epoch 169: kendall tau 0.3507 0.4787; loss 0.02009 0.007424
2022-01-21 15:55:08,560 root                INFO: Train: Epoch 170: train loss 0.0021
2022-01-21 15:55:10,643 root                INFO: Valid: Epoch 170: kendall tau 0.3499 0.4936; loss 0.02004 0.007483
2022-01-21 15:55:11,082 root                INFO: Train: Epoch 171: train loss 0.0019
2022-01-21 15:55:13,026 root                INFO: Valid: Epoch 171: kendall tau 0.3494 0.5023; loss 0.0188 0.007262
2022-01-21 15:55:13,486 root                INFO: Train: Epoch 172: train loss 0.0022
2022-01-21 15:55:15,790 root                INFO: Valid: Epoch 172: kendall tau 0.3428 0.5011; loss 0.01961 0.007358
2022-01-21 15:55:16,400 root                INFO: Train: Epoch 173: train loss 0.0020
2022-01-21 15:55:18,383 root                INFO: Valid: Epoch 173: kendall tau 0.3382 0.4987; loss 0.01933 0.007233
2022-01-21 15:55:18,870 root                INFO: Train: Epoch 174: train loss 0.0019
2022-01-21 15:55:21,179 root                INFO: Valid: Epoch 174: kendall tau 0.3333 0.5032; loss 0.01939 0.007257
2022-01-21 15:55:21,787 root                INFO: Train: Epoch 175: train loss 0.0016
2022-01-21 15:55:23,808 root                INFO: Valid: Epoch 175: kendall tau 0.3251 0.5090; loss 0.02062 0.00753
2022-01-21 15:55:24,448 root                INFO: Train: Epoch 176: train loss 0.0016
2022-01-21 15:55:26,617 root                INFO: Valid: Epoch 176: kendall tau 0.3227 0.5078; loss 0.02044 0.007477
2022-01-21 15:55:27,091 root                INFO: Train: Epoch 177: train loss 0.0014
2022-01-21 15:55:29,102 root                INFO: Valid: Epoch 177: kendall tau 0.3270 0.5028; loss 0.01958 0.007278
2022-01-21 15:55:29,568 root                INFO: Train: Epoch 178: train loss 0.0016
2022-01-21 15:55:31,713 root                INFO: Valid: Epoch 178: kendall tau 0.3241 0.5113; loss 0.02047 0.007625
2022-01-21 15:55:32,199 root                INFO: Train: Epoch 179: train loss 0.0016
2022-01-21 15:55:34,144 root                INFO: Valid: Epoch 179: kendall tau 0.3203 0.5165; loss 0.02125 0.007932
2022-01-21 15:55:34,792 root                INFO: Train: Epoch 180: train loss 0.0016
2022-01-21 15:55:36,939 root                INFO: Valid: Epoch 180: kendall tau 0.3281 0.5073; loss 0.01947 0.007401
2022-01-21 15:55:37,455 root                INFO: Train: Epoch 181: train loss 0.0018
2022-01-21 15:55:39,473 root                INFO: Valid: Epoch 181: kendall tau 0.3159 0.4989; loss 0.02119 0.007581
2022-01-21 15:55:39,925 root                INFO: Train: Epoch 182: train loss 0.0013
2022-01-21 15:55:42,230 root                INFO: Valid: Epoch 182: kendall tau 0.3032 0.4871; loss 0.02334 0.007915
2022-01-21 15:55:42,742 root                INFO: Train: Epoch 183: train loss 0.0015
2022-01-21 15:55:44,820 root                INFO: Valid: Epoch 183: kendall tau 0.3059 0.4819; loss 0.02215 0.007837
2022-01-21 15:55:45,574 root                INFO: Train: Epoch 184: train loss 0.0016
2022-01-21 15:55:48,121 root                INFO: Valid: Epoch 184: kendall tau 0.3099 0.4834; loss 0.02124 0.007831
2022-01-21 15:55:48,939 root                INFO: Train: Epoch 185: train loss 0.0017
2022-01-21 15:55:51,269 root                INFO: Valid: Epoch 185: kendall tau 0.3047 0.5035; loss 0.02203 0.008332
2022-01-21 15:55:52,007 root                INFO: Train: Epoch 186: train loss 0.0012
2022-01-21 15:55:53,829 root                INFO: Valid: Epoch 186: kendall tau 0.3001 0.5060; loss 0.02251 0.008247
2022-01-21 15:55:54,322 root                INFO: Train: Epoch 187: train loss 0.0014
2022-01-21 15:55:56,460 root                INFO: Valid: Epoch 187: kendall tau 0.3082 0.5011; loss 0.02057 0.007585
2022-01-21 15:55:56,913 root                INFO: Train: Epoch 188: train loss 0.0013
2022-01-21 15:55:58,829 root                INFO: Valid: Epoch 188: kendall tau 0.3020 0.4980; loss 0.02107 0.007377
2022-01-21 15:55:59,329 root                INFO: Train: Epoch 189: train loss 0.0015
2022-01-21 15:56:01,513 root                INFO: Valid: Epoch 189: kendall tau 0.3069 0.5145; loss 0.02077 0.007275
2022-01-21 15:56:02,263 root                INFO: Train: Epoch 190: train loss 0.0013
2022-01-21 15:56:04,331 root                INFO: Valid: Epoch 190: kendall tau 0.3037 0.5348; loss 0.02187 0.007562
2022-01-21 15:56:05,009 root                INFO: Train: Epoch 191: train loss 0.0013
2022-01-21 15:56:07,370 root                INFO: Valid: Epoch 191: kendall tau 0.3024 0.5400; loss 0.02228 0.007567
2022-01-21 15:56:08,100 root                INFO: Train: Epoch 192: train loss 0.0013
2022-01-21 15:56:09,996 root                INFO: Valid: Epoch 192: kendall tau 0.3056 0.5325; loss 0.02108 0.007107
2022-01-21 15:56:10,505 root                INFO: Train: Epoch 193: train loss 0.0012
2022-01-21 15:56:12,603 root                INFO: Valid: Epoch 193: kendall tau 0.2998 0.5146; loss 0.02092 0.006899
2022-01-21 15:56:13,138 root                INFO: Train: Epoch 194: train loss 0.0013
2022-01-21 15:56:14,978 root                INFO: Valid: Epoch 194: kendall tau 0.2942 0.5187; loss 0.02124 0.006934
2022-01-21 15:56:15,604 root                INFO: Train: Epoch 195: train loss 0.0011
2022-01-21 15:56:17,887 root                INFO: Valid: Epoch 195: kendall tau 0.2903 0.5440; loss 0.02183 0.007256
2022-01-21 15:56:18,363 root                INFO: Train: Epoch 196: train loss 0.0013
2022-01-21 15:56:20,415 root                INFO: Valid: Epoch 196: kendall tau 0.3044 0.5563; loss 0.02042 0.007301
2022-01-21 15:56:20,943 root                INFO: Train: Epoch 197: train loss 0.0010
2022-01-21 15:56:23,142 root                INFO: Valid: Epoch 197: kendall tau 0.3030 0.5561; loss 0.0204 0.007382
2022-01-21 15:56:23,614 root                INFO: Train: Epoch 198: train loss 0.0012
2022-01-21 15:56:25,735 root                INFO: Valid: Epoch 198: kendall tau 0.2929 0.5456; loss 0.02126 0.007277
2022-01-21 15:56:26,190 root                INFO: Train: Epoch 199: train loss 0.0012
2022-01-21 15:56:28,069 root                INFO: Valid: Epoch 199: kendall tau 0.2996 0.5257; loss 0.02007 0.00679
2022-01-21 15:56:28,515 root                INFO: Train: Epoch 200: train loss 0.0009
2022-01-21 15:56:30,509 root                INFO: Valid: Epoch 200: kendall tau 0.2982 0.5196; loss 0.02056 0.006866
2022-01-21 15:56:30,517 root                INFO: Epoch 200: Save checkpoint to nb1shot1_anytime_tagates/tagates_0.005/123/202121/200.ckpt
2022-01-21 15:56:32,579 root                INFO: [0.0, 0.0, 0.0, 0.03571428571428571, 0.09602194787379972, 0.6592592592592592, 1.0]
2022-01-21 15:56:32,579 root                INFO: [0.0, 0.027777777777777776, 0.1388888888888889, 0.33516483516483514, 0.401920438957476, 0.7599451303155007, 1.0]
2022-01-21 15:56:32,579 root                INFO: [835, 687]
2022-01-21 15:56:32,579 root                INFO: [81, 51]
