2022-01-19 23:00:55,610 root                INFO: GPU device = 0
2022-01-19 23:00:55,611 root                INFO: Load pkl cache from nasbench101.pkl and nasbench101_valid.pkl
2022-01-19 23:00:56,106 root                INFO: Config: {'arch_network_cfg': {'arch_embedder_cfg': {'b_use_bn': False, 'backward_gcn_out_dims': [128, 128, 128, 128, 128], 'concat_param_zs_as_opemb_dimension': 7, 'concat_param_zs_as_opemb_scale': 0.1, 'detach_vinfo': False, 'fb_conversion_dims': [128, 128], 'gcn_kwargs': {'plus_I': True, 'residual_only': 1}, 'gcn_out_dims': [128, 128, 128, 128, 128], 'hid_dim': 96, 'mask_nonparametrized_ops': False, 'node_embedding_dim': 48, 'num_time_steps': 3, 'op_embedding_dim': 48, 'symmetry_breaking_method': 'param_zs_add', 'updateopemb_detach_finfo': True, 'updateopemb_detach_opemb': True, 'updateopemb_dims': [128], 'updateopemb_method': 'concat_ofb', 'updateopemb_scale': 0.1}, 'arch_embedder_type': 'nb101-fbflow', 'compare_loss_type': 'margin_linear', 'compare_margin': 0.1, 'mlp_dropout': 0.1, 'mlp_hiddens': [200], 'optimizer': {'lr': 0.001, 'type': 'Adam'}, 'scheduler': None}, 'batch_size': 512, 'choose_pair_criterion': 'random', 'compare': True, 'compare_threshold': 0.0, 'epochs': 200, 'max_compare_ratio': 4.0}
2022-01-19 23:01:00,461 root                INFO: Combined args: Namespace(batch_size=512, cfg_file='cfgs/nb101_cfgs/gates_true_scale0.1.yaml', choose_pair_criterion='random', compare=True, compare_threshold=0.0, epochs=200, eval_only_last=5, gpu=0, load=None, max_compare_ratio=4.0, num_workers=4, report_freq=200, save_every=200, save_predict=None, seed=21, test_funcs=None, test_only=False, train_dir='nb1shot1_ablation_scale/true/0.1_0.005/12/21', train_pkl='../mynas/data/nasbench-1shot1/nasbench101_train_12.pkl', train_ratio=0.005, valid_pkl='../mynas/data/nasbench-1shot1/nasbench101_valid.pkl')
2022-01-19 23:01:00,471 root                INFO: Train dataset ratio: 0.005
2022-01-19 23:01:00,472 root                INFO: Number of architectures: train: 36; valid: 7290
2022-01-19 23:01:03,166 root                INFO: Train: Epoch   1: train loss 0.0988
2022-01-19 23:01:03,782 root                INFO: Train: Epoch   2: train loss 0.0941
2022-01-19 23:01:04,399 root                INFO: Train: Epoch   3: train loss 0.0867
2022-01-19 23:01:05,070 root                INFO: Train: Epoch   4: train loss 0.0852
2022-01-19 23:01:05,683 root                INFO: Train: Epoch   5: train loss 0.0757
2022-01-19 23:01:06,315 root                INFO: Train: Epoch   6: train loss 0.0774
2022-01-19 23:01:06,968 root                INFO: Train: Epoch   7: train loss 0.0666
2022-01-19 23:01:07,583 root                INFO: Train: Epoch   8: train loss 0.0738
2022-01-19 23:01:08,222 root                INFO: Train: Epoch   9: train loss 0.0708
2022-01-19 23:01:08,834 root                INFO: Train: Epoch  10: train loss 0.0694
2022-01-19 23:01:09,429 root                INFO: Train: Epoch  11: train loss 0.0805
2022-01-19 23:01:10,094 root                INFO: Train: Epoch  12: train loss 0.0712
2022-01-19 23:01:10,691 root                INFO: Train: Epoch  13: train loss 0.0676
2022-01-19 23:01:11,306 root                INFO: Train: Epoch  14: train loss 0.0617
2022-01-19 23:01:11,939 root                INFO: Train: Epoch  15: train loss 0.0628
2022-01-19 23:01:12,565 root                INFO: Train: Epoch  16: train loss 0.0560
2022-01-19 23:01:13,173 root                INFO: Train: Epoch  17: train loss 0.0574
2022-01-19 23:01:13,818 root                INFO: Train: Epoch  18: train loss 0.0587
2022-01-19 23:01:14,442 root                INFO: Train: Epoch  19: train loss 0.0490
2022-01-19 23:01:15,043 root                INFO: Train: Epoch  20: train loss 0.0474
2022-01-19 23:01:15,637 root                INFO: Train: Epoch  21: train loss 0.0485
2022-01-19 23:01:16,234 root                INFO: Train: Epoch  22: train loss 0.0437
2022-01-19 23:01:16,824 root                INFO: Train: Epoch  23: train loss 0.0474
2022-01-19 23:01:17,455 root                INFO: Train: Epoch  24: train loss 0.0393
2022-01-19 23:01:18,117 root                INFO: Train: Epoch  25: train loss 0.0393
2022-01-19 23:01:18,719 root                INFO: Train: Epoch  26: train loss 0.0478
2022-01-19 23:01:19,330 root                INFO: Train: Epoch  27: train loss 0.0486
2022-01-19 23:01:20,032 root                INFO: Train: Epoch  28: train loss 0.0428
2022-01-19 23:01:20,644 root                INFO: Train: Epoch  29: train loss 0.0495
2022-01-19 23:01:21,259 root                INFO: Train: Epoch  30: train loss 0.0465
2022-01-19 23:01:21,888 root                INFO: Train: Epoch  31: train loss 0.0337
2022-01-19 23:01:22,476 root                INFO: Train: Epoch  32: train loss 0.0362
2022-01-19 23:01:23,074 root                INFO: Train: Epoch  33: train loss 0.0318
2022-01-19 23:01:23,695 root                INFO: Train: Epoch  34: train loss 0.0340
2022-01-19 23:01:24,328 root                INFO: Train: Epoch  35: train loss 0.0315
2022-01-19 23:01:24,976 root                INFO: Train: Epoch  36: train loss 0.0260
2022-01-19 23:01:25,629 root                INFO: Train: Epoch  37: train loss 0.0363
2022-01-19 23:01:26,268 root                INFO: Train: Epoch  38: train loss 0.0423
2022-01-19 23:01:26,963 root                INFO: Train: Epoch  39: train loss 0.0302
2022-01-19 23:01:27,598 root                INFO: Train: Epoch  40: train loss 0.0372
2022-01-19 23:01:28,249 root                INFO: Train: Epoch  41: train loss 0.0246
2022-01-19 23:01:28,872 root                INFO: Train: Epoch  42: train loss 0.0274
2022-01-19 23:01:29,504 root                INFO: Train: Epoch  43: train loss 0.0384
2022-01-19 23:01:30,153 root                INFO: Train: Epoch  44: train loss 0.0322
2022-01-19 23:01:30,771 root                INFO: Train: Epoch  45: train loss 0.0323
2022-01-19 23:01:31,385 root                INFO: Train: Epoch  46: train loss 0.0327
2022-01-19 23:01:32,018 root                INFO: Train: Epoch  47: train loss 0.0280
2022-01-19 23:01:32,665 root                INFO: Train: Epoch  48: train loss 0.0318
2022-01-19 23:01:33,315 root                INFO: Train: Epoch  49: train loss 0.0290
2022-01-19 23:01:33,957 root                INFO: Train: Epoch  50: train loss 0.0372
2022-01-19 23:01:34,570 root                INFO: Train: Epoch  51: train loss 0.0337
2022-01-19 23:01:35,246 root                INFO: Train: Epoch  52: train loss 0.0272
2022-01-19 23:01:35,881 root                INFO: Train: Epoch  53: train loss 0.0281
2022-01-19 23:01:36,512 root                INFO: Train: Epoch  54: train loss 0.0230
2022-01-19 23:01:37,152 root                INFO: Train: Epoch  55: train loss 0.0227
2022-01-19 23:01:37,791 root                INFO: Train: Epoch  56: train loss 0.0220
2022-01-19 23:01:38,426 root                INFO: Train: Epoch  57: train loss 0.0250
2022-01-19 23:01:39,064 root                INFO: Train: Epoch  58: train loss 0.0305
2022-01-19 23:01:39,694 root                INFO: Train: Epoch  59: train loss 0.0257
2022-01-19 23:01:40,349 root                INFO: Train: Epoch  60: train loss 0.0209
2022-01-19 23:01:41,018 root                INFO: Train: Epoch  61: train loss 0.0241
2022-01-19 23:01:41,626 root                INFO: Train: Epoch  62: train loss 0.0254
2022-01-19 23:01:42,229 root                INFO: Train: Epoch  63: train loss 0.0264
2022-01-19 23:01:42,944 root                INFO: Train: Epoch  64: train loss 0.0241
2022-01-19 23:01:43,671 root                INFO: Train: Epoch  65: train loss 0.0276
2022-01-19 23:01:44,341 root                INFO: Train: Epoch  66: train loss 0.0239
2022-01-19 23:01:45,003 root                INFO: Train: Epoch  67: train loss 0.0251
2022-01-19 23:01:45,614 root                INFO: Train: Epoch  68: train loss 0.0275
2022-01-19 23:01:46,270 root                INFO: Train: Epoch  69: train loss 0.0200
2022-01-19 23:01:46,957 root                INFO: Train: Epoch  70: train loss 0.0190
2022-01-19 23:01:47,613 root                INFO: Train: Epoch  71: train loss 0.0164
2022-01-19 23:01:48,271 root                INFO: Train: Epoch  72: train loss 0.0217
2022-01-19 23:01:48,876 root                INFO: Train: Epoch  73: train loss 0.0226
2022-01-19 23:01:49,532 root                INFO: Train: Epoch  74: train loss 0.0192
2022-01-19 23:01:50,159 root                INFO: Train: Epoch  75: train loss 0.0161
2022-01-19 23:01:50,807 root                INFO: Train: Epoch  76: train loss 0.0217
2022-01-19 23:01:51,443 root                INFO: Train: Epoch  77: train loss 0.0191
2022-01-19 23:01:52,074 root                INFO: Train: Epoch  78: train loss 0.0205
2022-01-19 23:01:52,694 root                INFO: Train: Epoch  79: train loss 0.0164
2022-01-19 23:01:53,290 root                INFO: Train: Epoch  80: train loss 0.0205
2022-01-19 23:01:53,946 root                INFO: Train: Epoch  81: train loss 0.0128
2022-01-19 23:01:54,533 root                INFO: Train: Epoch  82: train loss 0.0226
2022-01-19 23:01:55,200 root                INFO: Train: Epoch  83: train loss 0.0196
2022-01-19 23:01:55,860 root                INFO: Train: Epoch  84: train loss 0.0170
2022-01-19 23:01:56,472 root                INFO: Train: Epoch  85: train loss 0.0169
2022-01-19 23:01:57,093 root                INFO: Train: Epoch  86: train loss 0.0133
2022-01-19 23:01:57,741 root                INFO: Train: Epoch  87: train loss 0.0128
2022-01-19 23:01:58,366 root                INFO: Train: Epoch  88: train loss 0.0164
2022-01-19 23:01:59,015 root                INFO: Train: Epoch  89: train loss 0.0140
2022-01-19 23:01:59,674 root                INFO: Train: Epoch  90: train loss 0.0136
2022-01-19 23:02:00,338 root                INFO: Train: Epoch  91: train loss 0.0142
2022-01-19 23:02:01,022 root                INFO: Train: Epoch  92: train loss 0.0216
2022-01-19 23:02:01,641 root                INFO: Train: Epoch  93: train loss 0.0191
2022-01-19 23:02:02,214 root                INFO: Train: Epoch  94: train loss 0.0191
2022-01-19 23:02:02,807 root                INFO: Train: Epoch  95: train loss 0.0190
2022-01-19 23:02:03,450 root                INFO: Train: Epoch  96: train loss 0.0154
2022-01-19 23:02:04,051 root                INFO: Train: Epoch  97: train loss 0.0109
2022-01-19 23:02:04,727 root                INFO: Train: Epoch  98: train loss 0.0240
2022-01-19 23:02:05,361 root                INFO: Train: Epoch  99: train loss 0.0136
2022-01-19 23:02:05,972 root                INFO: Train: Epoch 100: train loss 0.0183
2022-01-19 23:02:06,671 root                INFO: Train: Epoch 101: train loss 0.0161
2022-01-19 23:02:07,307 root                INFO: Train: Epoch 102: train loss 0.0173
2022-01-19 23:02:07,912 root                INFO: Train: Epoch 103: train loss 0.0182
2022-01-19 23:02:08,583 root                INFO: Train: Epoch 104: train loss 0.0139
2022-01-19 23:02:09,185 root                INFO: Train: Epoch 105: train loss 0.0128
2022-01-19 23:02:09,894 root                INFO: Train: Epoch 106: train loss 0.0122
2022-01-19 23:02:10,542 root                INFO: Train: Epoch 107: train loss 0.0180
2022-01-19 23:02:11,126 root                INFO: Train: Epoch 108: train loss 0.0183
2022-01-19 23:02:11,742 root                INFO: Train: Epoch 109: train loss 0.0211
2022-01-19 23:02:12,402 root                INFO: Train: Epoch 110: train loss 0.0117
2022-01-19 23:02:13,034 root                INFO: Train: Epoch 111: train loss 0.0138
2022-01-19 23:02:13,646 root                INFO: Train: Epoch 112: train loss 0.0116
2022-01-19 23:02:14,285 root                INFO: Train: Epoch 113: train loss 0.0110
2022-01-19 23:02:14,913 root                INFO: Train: Epoch 114: train loss 0.0155
2022-01-19 23:02:15,542 root                INFO: Train: Epoch 115: train loss 0.0066
2022-01-19 23:02:16,213 root                INFO: Train: Epoch 116: train loss 0.0104
2022-01-19 23:02:16,852 root                INFO: Train: Epoch 117: train loss 0.0117
2022-01-19 23:02:17,514 root                INFO: Train: Epoch 118: train loss 0.0096
2022-01-19 23:02:18,159 root                INFO: Train: Epoch 119: train loss 0.0144
2022-01-19 23:02:18,855 root                INFO: Train: Epoch 120: train loss 0.0160
2022-01-19 23:02:19,502 root                INFO: Train: Epoch 121: train loss 0.0118
2022-01-19 23:02:20,132 root                INFO: Train: Epoch 122: train loss 0.0044
2022-01-19 23:02:20,801 root                INFO: Train: Epoch 123: train loss 0.0158
2022-01-19 23:02:21,567 root                INFO: Train: Epoch 124: train loss 0.0100
2022-01-19 23:02:22,173 root                INFO: Train: Epoch 125: train loss 0.0107
2022-01-19 23:02:22,844 root                INFO: Train: Epoch 126: train loss 0.0091
2022-01-19 23:02:23,466 root                INFO: Train: Epoch 127: train loss 0.0107
2022-01-19 23:02:24,083 root                INFO: Train: Epoch 128: train loss 0.0100
2022-01-19 23:02:24,840 root                INFO: Train: Epoch 129: train loss 0.0072
2022-01-19 23:02:25,606 root                INFO: Train: Epoch 130: train loss 0.0144
2022-01-19 23:02:26,389 root                INFO: Train: Epoch 131: train loss 0.0080
2022-01-19 23:02:27,135 root                INFO: Train: Epoch 132: train loss 0.0119
2022-01-19 23:02:27,893 root                INFO: Train: Epoch 133: train loss 0.0101
2022-01-19 23:02:28,697 root                INFO: Train: Epoch 134: train loss 0.0048
2022-01-19 23:02:29,415 root                INFO: Train: Epoch 135: train loss 0.0031
2022-01-19 23:02:30,133 root                INFO: Train: Epoch 136: train loss 0.0212
2022-01-19 23:02:30,896 root                INFO: Train: Epoch 137: train loss 0.0072
2022-01-19 23:02:31,640 root                INFO: Train: Epoch 138: train loss 0.0099
2022-01-19 23:02:32,411 root                INFO: Train: Epoch 139: train loss 0.0119
2022-01-19 23:02:33,144 root                INFO: Train: Epoch 140: train loss 0.0122
2022-01-19 23:02:33,879 root                INFO: Train: Epoch 141: train loss 0.0081
2022-01-19 23:02:34,653 root                INFO: Train: Epoch 142: train loss 0.0045
2022-01-19 23:02:35,403 root                INFO: Train: Epoch 143: train loss 0.0065
2022-01-19 23:02:36,241 root                INFO: Train: Epoch 144: train loss 0.0090
2022-01-19 23:02:36,982 root                INFO: Train: Epoch 145: train loss 0.0056
2022-01-19 23:02:37,710 root                INFO: Train: Epoch 146: train loss 0.0078
2022-01-19 23:02:38,505 root                INFO: Train: Epoch 147: train loss 0.0112
2022-01-19 23:02:39,386 root                INFO: Train: Epoch 148: train loss 0.0120
2022-01-19 23:02:40,153 root                INFO: Train: Epoch 149: train loss 0.0078
2022-01-19 23:02:40,933 root                INFO: Train: Epoch 150: train loss 0.0069
2022-01-19 23:02:41,715 root                INFO: Train: Epoch 151: train loss 0.0053
2022-01-19 23:02:42,460 root                INFO: Train: Epoch 152: train loss 0.0202
2022-01-19 23:02:43,227 root                INFO: Train: Epoch 153: train loss 0.0078
2022-01-19 23:02:44,083 root                INFO: Train: Epoch 154: train loss 0.0049
2022-01-19 23:02:44,859 root                INFO: Train: Epoch 155: train loss 0.0039
2022-01-19 23:02:45,655 root                INFO: Train: Epoch 156: train loss 0.0073
2022-01-19 23:02:46,542 root                INFO: Train: Epoch 157: train loss 0.0055
2022-01-19 23:02:47,258 root                INFO: Train: Epoch 158: train loss 0.0101
2022-01-19 23:02:47,966 root                INFO: Train: Epoch 159: train loss 0.0098
2022-01-19 23:02:48,683 root                INFO: Train: Epoch 160: train loss 0.0028
2022-01-19 23:02:49,413 root                INFO: Train: Epoch 161: train loss 0.0058
2022-01-19 23:02:50,205 root                INFO: Train: Epoch 162: train loss 0.0038
2022-01-19 23:02:50,980 root                INFO: Train: Epoch 163: train loss 0.0098
2022-01-19 23:02:51,748 root                INFO: Train: Epoch 164: train loss 0.0110
2022-01-19 23:02:52,513 root                INFO: Train: Epoch 165: train loss 0.0086
2022-01-19 23:02:53,369 root                INFO: Train: Epoch 166: train loss 0.0042
2022-01-19 23:02:54,150 root                INFO: Train: Epoch 167: train loss 0.0059
2022-01-19 23:02:54,909 root                INFO: Train: Epoch 168: train loss 0.0059
2022-01-19 23:02:55,665 root                INFO: Train: Epoch 169: train loss 0.0060
2022-01-19 23:02:56,542 root                INFO: Train: Epoch 170: train loss 0.0067
2022-01-19 23:02:57,399 root                INFO: Train: Epoch 171: train loss 0.0078
2022-01-19 23:02:58,185 root                INFO: Train: Epoch 172: train loss 0.0049
2022-01-19 23:02:58,972 root                INFO: Train: Epoch 173: train loss 0.0074
2022-01-19 23:02:59,728 root                INFO: Train: Epoch 174: train loss 0.0082
2022-01-19 23:03:00,504 root                INFO: Train: Epoch 175: train loss 0.0061
2022-01-19 23:03:01,293 root                INFO: Train: Epoch 176: train loss 0.0062
2022-01-19 23:03:02,094 root                INFO: Train: Epoch 177: train loss 0.0045
2022-01-19 23:03:02,863 root                INFO: Train: Epoch 178: train loss 0.0068
2022-01-19 23:03:03,589 root                INFO: Train: Epoch 179: train loss 0.0066
2022-01-19 23:03:04,362 root                INFO: Train: Epoch 180: train loss 0.0030
2022-01-19 23:03:05,142 root                INFO: Train: Epoch 181: train loss 0.0057
2022-01-19 23:03:05,912 root                INFO: Train: Epoch 182: train loss 0.0124
2022-01-19 23:03:06,703 root                INFO: Train: Epoch 183: train loss 0.0046
2022-01-19 23:03:07,455 root                INFO: Train: Epoch 184: train loss 0.0077
2022-01-19 23:03:08,255 root                INFO: Train: Epoch 185: train loss 0.0021
2022-01-19 23:03:09,032 root                INFO: Train: Epoch 186: train loss 0.0066
2022-01-19 23:03:09,803 root                INFO: Train: Epoch 187: train loss 0.0051
2022-01-19 23:03:10,581 root                INFO: Train: Epoch 188: train loss 0.0027
2022-01-19 23:03:11,373 root                INFO: Train: Epoch 189: train loss 0.0027
2022-01-19 23:03:12,214 root                INFO: Train: Epoch 190: train loss 0.0097
2022-01-19 23:03:12,982 root                INFO: Train: Epoch 191: train loss 0.0124
2022-01-19 23:03:13,772 root                INFO: Train: Epoch 192: train loss 0.0046
2022-01-19 23:03:14,561 root                INFO: Train: Epoch 193: train loss 0.0088
2022-01-19 23:03:15,371 root                INFO: Train: Epoch 194: train loss 0.0084
2022-01-19 23:03:16,161 root                INFO: Train: Epoch 195: train loss 0.0085
2022-01-19 23:03:16,964 root                INFO: Train: Epoch 196: train loss 0.0069
2022-01-19 23:03:19,315 root                INFO: Valid: Epoch 196: kendall tau 0.5716; loss 0.2271
2022-01-19 23:03:20,091 root                INFO: Train: Epoch 197: train loss 0.0023
2022-01-19 23:03:22,184 root                INFO: Valid: Epoch 197: kendall tau 0.5688; loss 0.2356
2022-01-19 23:03:23,015 root                INFO: Train: Epoch 198: train loss 0.0077
2022-01-19 23:03:25,056 root                INFO: Valid: Epoch 198: kendall tau 0.5651; loss 0.2466
2022-01-19 23:03:25,898 root                INFO: Train: Epoch 199: train loss 0.0064
2022-01-19 23:03:28,116 root                INFO: Valid: Epoch 199: kendall tau 0.5764; loss 0.2442
2022-01-19 23:03:28,902 root                INFO: Train: Epoch 200: train loss 0.0071
2022-01-19 23:03:31,031 root                INFO: Valid: Epoch 200: kendall tau 0.5860; loss 0.2393
2022-01-19 23:03:31,038 root                INFO: Epoch 200: Save checkpoint to nb1shot1_ablation_scale/true/0.1_0.005/12/21/200.ckpt
2022-01-19 23:03:33,174 root                INFO: [0.0, 0.3333333333333333, 0.5555555555555556, 0.5467032967032966, 0.5953360768175583, 0.7901234567901234, 1.0]
2022-01-19 23:03:33,174 root                INFO: [17, 16]
