2022-01-21 17:42:00,643 root                INFO: GPU device = 0
2022-01-21 17:42:00,643 root                INFO: Load pkl cache from nasbench301_train.pkl and nasbench301_valid.pkl
2022-01-21 17:42:01,230 root                INFO: Config: {'arch_network_cfg': {'arch_embedder_cfg': {'take_adj_as_input': True, 'gcn_kwargs': {'residual_only': 2}, 'gcn_out_dims': [64, 64, 64, 64, 64], 'hidden_dim': 32, 'node_dim': 32, 'op_dim': 32, 'use_bn': False, 'final_concat': False, 'other_node_zero': False, 'num_time_steps': 2, 'fb_conversion_dims': [64, 64], 'backward_gcn_out_dims': [64, 64, 64, 64, 64], 'updateopemb_method': 'concat_ofb', 'updateopemb_dims': [64], 'share_skip_and_outskip': True, 'detach_vinfo': False, 'updateopemb_scale': 0.1, 'updateopemb_detach_opemb': True, 'updateopemb_detach_finfo': True, 'mask_nonparametrized_ops': True, 'symmetry_breaking_method': 'param_zs_add', 'concat_param_zs_as_opemb_dimension': 5, 'concat_param_zs_as_opemb_scale': 1.0}, 'arch_embedder_type': 'cellss-fbflow-anytime', 'compare_loss_type': 'margin_linear', 'compare_margin': 0.1, 'mlp_dropout': 0.1, 'mlp_hiddens': [200], 'mlp_out_dim': 1, 'optimizer': {'lr': 0.001, 'type': 'Adam'}, 'scheduler': None}, 'arch_network_type': 'pointwise_comparator', 'batch_size': 128, 'choose_pair_criterion': 'random', 'compare': False, 'compare_threshold': 0.0, 'epochs': 200, 'max_compare_ratio': 16.0}
2022-01-21 17:42:04,759 root                INFO: Combined args: Namespace(arch_network_type='pointwise_comparator', batch_size=128, cfg_file='cfgs/nb301_cfgs/tagates_anytime.yaml', choose_pair_criterion='random', compare=False, compare_threshold=0.0, epochs=200, eval_only_last=1, gpu=0, load=None, max_compare_ratio=16.0, num_workers=4, report_freq=200, save_every=200, save_predict=None, seed=21, test_funcs=None, test_only=False, train_dir='nb301_anytime_tagates/tagates_0.1/1/21', train_pkl='../mynas/data/nasbench-301/nasbench301_train_mtx_anytime_1.pkl', train_ratio=0.1, valid_pkl='../mynas/data/nasbench-301/nasbench301_valid_mtx_anytime.pkl')
2022-01-21 17:42:04,769 root                INFO: Train dataset ratio: 0.100
2022-01-21 17:42:04,769 root                INFO: Number of architectures: train: 589; valid: 51072
2022-01-21 17:42:18,792 root                INFO: Train: Epoch   1: train loss 0.3049
2022-01-21 17:42:19,506 root                INFO: Train: Epoch   2: train loss 0.1875
2022-01-21 17:42:20,209 root                INFO: Train: Epoch   3: train loss 0.0184
2022-01-21 17:42:20,934 root                INFO: Train: Epoch   4: train loss 0.0160
2022-01-21 17:42:21,649 root                INFO: Train: Epoch   5: train loss 0.0183
2022-01-21 17:42:22,352 root                INFO: Train: Epoch   6: train loss 0.0184
2022-01-21 17:42:23,078 root                INFO: Train: Epoch   7: train loss 0.0184
2022-01-21 17:42:23,783 root                INFO: Train: Epoch   8: train loss 0.0184
2022-01-21 17:42:24,482 root                INFO: Train: Epoch   9: train loss 0.0184
2022-01-21 17:42:25,209 root                INFO: Train: Epoch  10: train loss 0.0184
2022-01-21 17:42:25,872 root                INFO: Train: Epoch  11: train loss 0.0184
2022-01-21 17:42:26,577 root                INFO: Train: Epoch  12: train loss 0.0184
2022-01-21 17:42:27,264 root                INFO: Train: Epoch  13: train loss 0.0184
2022-01-21 17:42:27,966 root                INFO: Train: Epoch  14: train loss 0.0184
2022-01-21 17:42:28,676 root                INFO: Train: Epoch  15: train loss 0.0184
2022-01-21 17:42:29,357 root                INFO: Train: Epoch  16: train loss 0.0184
2022-01-21 17:42:30,081 root                INFO: Train: Epoch  17: train loss 0.0184
2022-01-21 17:42:30,781 root                INFO: Train: Epoch  18: train loss 0.0184
2022-01-21 17:42:31,456 root                INFO: Train: Epoch  19: train loss 0.0184
2022-01-21 17:42:32,174 root                INFO: Train: Epoch  20: train loss 0.0184
2022-01-21 17:42:32,893 root                INFO: Train: Epoch  21: train loss 0.0184
2022-01-21 17:42:33,570 root                INFO: Train: Epoch  22: train loss 0.0184
2022-01-21 17:42:34,273 root                INFO: Train: Epoch  23: train loss 0.0184
2022-01-21 17:42:34,946 root                INFO: Train: Epoch  24: train loss 0.0184
2022-01-21 17:42:35,631 root                INFO: Train: Epoch  25: train loss 0.0184
2022-01-21 17:42:36,318 root                INFO: Train: Epoch  26: train loss 0.0184
2022-01-21 17:42:37,017 root                INFO: Train: Epoch  27: train loss 0.0184
2022-01-21 17:42:37,713 root                INFO: Train: Epoch  28: train loss 0.0184
2022-01-21 17:42:38,426 root                INFO: Train: Epoch  29: train loss 0.0184
2022-01-21 17:42:39,120 root                INFO: Train: Epoch  30: train loss 0.0184
2022-01-21 17:42:39,818 root                INFO: Train: Epoch  31: train loss 0.0184
2022-01-21 17:42:40,507 root                INFO: Train: Epoch  32: train loss 0.0184
2022-01-21 17:42:41,186 root                INFO: Train: Epoch  33: train loss 0.0184
2022-01-21 17:42:41,891 root                INFO: Train: Epoch  34: train loss 0.0184
2022-01-21 17:42:42,584 root                INFO: Train: Epoch  35: train loss 0.0184
2022-01-21 17:42:43,259 root                INFO: Train: Epoch  36: train loss 0.0184
2022-01-21 17:42:43,947 root                INFO: Train: Epoch  37: train loss 0.0184
2022-01-21 17:42:44,647 root                INFO: Train: Epoch  38: train loss 0.0184
2022-01-21 17:42:45,335 root                INFO: Train: Epoch  39: train loss 0.0184
2022-01-21 17:42:46,025 root                INFO: Train: Epoch  40: train loss 0.0184
2022-01-21 17:42:46,731 root                INFO: Train: Epoch  41: train loss 0.0184
2022-01-21 17:42:47,450 root                INFO: Train: Epoch  42: train loss 0.0184
2022-01-21 17:42:48,254 root                INFO: Train: Epoch  43: train loss 0.0184
2022-01-21 17:42:48,961 root                INFO: Train: Epoch  44: train loss 0.0184
2022-01-21 17:42:49,642 root                INFO: Train: Epoch  45: train loss 0.0184
2022-01-21 17:42:50,324 root                INFO: Train: Epoch  46: train loss 0.0184
2022-01-21 17:42:51,016 root                INFO: Train: Epoch  47: train loss 0.0184
2022-01-21 17:42:51,701 root                INFO: Train: Epoch  48: train loss 0.0184
2022-01-21 17:42:52,417 root                INFO: Train: Epoch  49: train loss 0.0184
2022-01-21 17:42:53,132 root                INFO: Train: Epoch  50: train loss 0.0184
2022-01-21 17:42:53,816 root                INFO: Train: Epoch  51: train loss 0.0184
2022-01-21 17:42:54,503 root                INFO: Train: Epoch  52: train loss 0.0184
2022-01-21 17:42:55,189 root                INFO: Train: Epoch  53: train loss 0.0184
2022-01-21 17:42:55,857 root                INFO: Train: Epoch  54: train loss 0.0184
2022-01-21 17:42:56,518 root                INFO: Train: Epoch  55: train loss 0.0184
2022-01-21 17:42:57,212 root                INFO: Train: Epoch  56: train loss 0.0184
2022-01-21 17:42:57,926 root                INFO: Train: Epoch  57: train loss 0.0184
2022-01-21 17:42:58,629 root                INFO: Train: Epoch  58: train loss 0.0184
2022-01-21 17:42:59,335 root                INFO: Train: Epoch  59: train loss 0.0184
2022-01-21 17:43:00,018 root                INFO: Train: Epoch  60: train loss 0.0184
2022-01-21 17:43:00,700 root                INFO: Train: Epoch  61: train loss 0.0184
2022-01-21 17:43:01,381 root                INFO: Train: Epoch  62: train loss 0.0184
2022-01-21 17:43:02,100 root                INFO: Train: Epoch  63: train loss 0.0184
2022-01-21 17:43:02,831 root                INFO: Train: Epoch  64: train loss 0.0184
2022-01-21 17:43:03,528 root                INFO: Train: Epoch  65: train loss 0.0184
2022-01-21 17:43:04,204 root                INFO: Train: Epoch  66: train loss 0.0184
2022-01-21 17:43:04,908 root                INFO: Train: Epoch  67: train loss 0.0184
2022-01-21 17:43:05,587 root                INFO: Train: Epoch  68: train loss 0.0184
2022-01-21 17:43:06,254 root                INFO: Train: Epoch  69: train loss 0.0184
2022-01-21 17:43:06,950 root                INFO: Train: Epoch  70: train loss 0.0184
2022-01-21 17:43:07,642 root                INFO: Train: Epoch  71: train loss 0.0184
2022-01-21 17:43:08,329 root                INFO: Train: Epoch  72: train loss 0.0184
2022-01-21 17:43:09,002 root                INFO: Train: Epoch  73: train loss 0.0184
2022-01-21 17:43:09,706 root                INFO: Train: Epoch  74: train loss 0.0184
2022-01-21 17:43:10,404 root                INFO: Train: Epoch  75: train loss 0.0184
2022-01-21 17:43:11,109 root                INFO: Train: Epoch  76: train loss 0.0184
2022-01-21 17:43:11,805 root                INFO: Train: Epoch  77: train loss 0.0184
2022-01-21 17:43:12,507 root                INFO: Train: Epoch  78: train loss 0.0184
2022-01-21 17:43:13,213 root                INFO: Train: Epoch  79: train loss 0.0184
2022-01-21 17:43:13,899 root                INFO: Train: Epoch  80: train loss 0.0184
2022-01-21 17:43:14,628 root                INFO: Train: Epoch  81: train loss 0.0184
2022-01-21 17:43:15,321 root                INFO: Train: Epoch  82: train loss 0.0184
2022-01-21 17:43:16,014 root                INFO: Train: Epoch  83: train loss 0.0184
2022-01-21 17:43:16,686 root                INFO: Train: Epoch  84: train loss 0.0184
2022-01-21 17:43:17,398 root                INFO: Train: Epoch  85: train loss 0.0184
2022-01-21 17:43:18,110 root                INFO: Train: Epoch  86: train loss 0.0184
2022-01-21 17:43:18,795 root                INFO: Train: Epoch  87: train loss 0.0184
2022-01-21 17:43:19,472 root                INFO: Train: Epoch  88: train loss 0.0184
2022-01-21 17:43:20,208 root                INFO: Train: Epoch  89: train loss 0.0184
2022-01-21 17:43:20,913 root                INFO: Train: Epoch  90: train loss 0.0184
2022-01-21 17:43:21,603 root                INFO: Train: Epoch  91: train loss 0.0184
2022-01-21 17:43:22,318 root                INFO: Train: Epoch  92: train loss 0.0184
2022-01-21 17:43:22,994 root                INFO: Train: Epoch  93: train loss 0.0184
2022-01-21 17:43:23,657 root                INFO: Train: Epoch  94: train loss 0.0184
2022-01-21 17:43:24,343 root                INFO: Train: Epoch  95: train loss 0.0184
2022-01-21 17:43:24,994 root                INFO: Train: Epoch  96: train loss 0.0184
2022-01-21 17:43:25,663 root                INFO: Train: Epoch  97: train loss 0.0184
2022-01-21 17:43:26,343 root                INFO: Train: Epoch  98: train loss 0.0184
2022-01-21 17:43:27,010 root                INFO: Train: Epoch  99: train loss 0.0184
2022-01-21 17:43:27,688 root                INFO: Train: Epoch 100: train loss 0.0184
2022-01-21 17:43:28,402 root                INFO: Train: Epoch 101: train loss 0.0184
2022-01-21 17:43:29,074 root                INFO: Train: Epoch 102: train loss 0.0184
2022-01-21 17:43:29,730 root                INFO: Train: Epoch 103: train loss 0.0184
2022-01-21 17:43:30,448 root                INFO: Train: Epoch 104: train loss 0.0184
2022-01-21 17:43:31,174 root                INFO: Train: Epoch 105: train loss 0.0184
2022-01-21 17:43:31,840 root                INFO: Train: Epoch 106: train loss 0.0184
2022-01-21 17:43:32,489 root                INFO: Train: Epoch 107: train loss 0.0184
2022-01-21 17:43:33,134 root                INFO: Train: Epoch 108: train loss 0.0184
2022-01-21 17:43:33,816 root                INFO: Train: Epoch 109: train loss 0.0184
2022-01-21 17:43:34,492 root                INFO: Train: Epoch 110: train loss 0.0184
2022-01-21 17:43:35,161 root                INFO: Train: Epoch 111: train loss 0.0184
2022-01-21 17:43:35,864 root                INFO: Train: Epoch 112: train loss 0.0184
2022-01-21 17:43:36,573 root                INFO: Train: Epoch 113: train loss 0.0184
2022-01-21 17:43:37,279 root                INFO: Train: Epoch 114: train loss 0.0184
2022-01-21 17:43:37,970 root                INFO: Train: Epoch 115: train loss 0.0184
2022-01-21 17:43:38,650 root                INFO: Train: Epoch 116: train loss 0.0184
2022-01-21 17:43:39,320 root                INFO: Train: Epoch 117: train loss 0.0184
2022-01-21 17:43:39,980 root                INFO: Train: Epoch 118: train loss 0.0184
2022-01-21 17:43:40,625 root                INFO: Train: Epoch 119: train loss 0.0184
2022-01-21 17:43:41,307 root                INFO: Train: Epoch 120: train loss 0.0184
2022-01-21 17:43:41,999 root                INFO: Train: Epoch 121: train loss 0.0184
2022-01-21 17:43:42,741 root                INFO: Train: Epoch 122: train loss 0.0184
2022-01-21 17:43:43,389 root                INFO: Train: Epoch 123: train loss 0.0184
2022-01-21 17:43:44,038 root                INFO: Train: Epoch 124: train loss 0.0184
2022-01-21 17:43:44,705 root                INFO: Train: Epoch 125: train loss 0.0184
2022-01-21 17:43:45,362 root                INFO: Train: Epoch 126: train loss 0.0184
2022-01-21 17:43:46,026 root                INFO: Train: Epoch 127: train loss 0.0184
2022-01-21 17:43:46,677 root                INFO: Train: Epoch 128: train loss 0.0184
2022-01-21 17:43:47,365 root                INFO: Train: Epoch 129: train loss 0.0184
2022-01-21 17:43:48,030 root                INFO: Train: Epoch 130: train loss 0.0184
2022-01-21 17:43:48,718 root                INFO: Train: Epoch 131: train loss 0.0184
2022-01-21 17:43:49,355 root                INFO: Train: Epoch 132: train loss 0.0184
2022-01-21 17:43:50,010 root                INFO: Train: Epoch 133: train loss 0.0184
2022-01-21 17:43:50,647 root                INFO: Train: Epoch 134: train loss 0.0184
2022-01-21 17:43:51,291 root                INFO: Train: Epoch 135: train loss 0.0184
2022-01-21 17:43:51,960 root                INFO: Train: Epoch 136: train loss 0.0184
2022-01-21 17:43:52,630 root                INFO: Train: Epoch 137: train loss 0.0184
2022-01-21 17:43:53,286 root                INFO: Train: Epoch 138: train loss 0.0184
2022-01-21 17:43:53,921 root                INFO: Train: Epoch 139: train loss 0.0184
2022-01-21 17:43:54,545 root                INFO: Train: Epoch 140: train loss 0.0184
2022-01-21 17:43:55,190 root                INFO: Train: Epoch 141: train loss 0.0184
2022-01-21 17:43:55,856 root                INFO: Train: Epoch 142: train loss 0.0184
2022-01-21 17:43:56,505 root                INFO: Train: Epoch 143: train loss 0.0184
2022-01-21 17:43:57,140 root                INFO: Train: Epoch 144: train loss 0.0184
2022-01-21 17:43:57,770 root                INFO: Train: Epoch 145: train loss 0.0184
2022-01-21 17:43:58,443 root                INFO: Train: Epoch 146: train loss 0.0184
2022-01-21 17:43:59,095 root                INFO: Train: Epoch 147: train loss 0.0184
2022-01-21 17:43:59,743 root                INFO: Train: Epoch 148: train loss 0.0184
2022-01-21 17:44:00,417 root                INFO: Train: Epoch 149: train loss 0.0184
2022-01-21 17:44:01,058 root                INFO: Train: Epoch 150: train loss 0.0184
2022-01-21 17:44:01,726 root                INFO: Train: Epoch 151: train loss 0.0184
2022-01-21 17:44:02,375 root                INFO: Train: Epoch 152: train loss 0.0184
2022-01-21 17:44:03,003 root                INFO: Train: Epoch 153: train loss 0.0184
2022-01-21 17:44:03,674 root                INFO: Train: Epoch 154: train loss 0.0184
2022-01-21 17:44:04,338 root                INFO: Train: Epoch 155: train loss 0.0184
2022-01-21 17:44:04,987 root                INFO: Train: Epoch 156: train loss 0.0184
2022-01-21 17:44:05,627 root                INFO: Train: Epoch 157: train loss 0.0184
2022-01-21 17:44:06,262 root                INFO: Train: Epoch 158: train loss 0.0184
2022-01-21 17:44:06,901 root                INFO: Train: Epoch 159: train loss 0.0184
2022-01-21 17:44:07,564 root                INFO: Train: Epoch 160: train loss 0.0184
2022-01-21 17:44:08,216 root                INFO: Train: Epoch 161: train loss 0.0184
2022-01-21 17:44:08,851 root                INFO: Train: Epoch 162: train loss 0.0184
2022-01-21 17:44:09,479 root                INFO: Train: Epoch 163: train loss 0.0184
2022-01-21 17:44:10,105 root                INFO: Train: Epoch 164: train loss 0.0184
2022-01-21 17:44:10,730 root                INFO: Train: Epoch 165: train loss 0.0184
2022-01-21 17:44:11,376 root                INFO: Train: Epoch 166: train loss 0.0184
2022-01-21 17:44:12,006 root                INFO: Train: Epoch 167: train loss 0.0184
2022-01-21 17:44:12,632 root                INFO: Train: Epoch 168: train loss 0.0184
2022-01-21 17:44:13,242 root                INFO: Train: Epoch 169: train loss 0.0184
2022-01-21 17:44:13,877 root                INFO: Train: Epoch 170: train loss 0.0184
2022-01-21 17:44:14,509 root                INFO: Train: Epoch 171: train loss 0.0184
2022-01-21 17:44:15,106 root                INFO: Train: Epoch 172: train loss 0.0184
2022-01-21 17:44:15,726 root                INFO: Train: Epoch 173: train loss 0.0184
2022-01-21 17:44:16,335 root                INFO: Train: Epoch 174: train loss 0.0184
2022-01-21 17:44:16,943 root                INFO: Train: Epoch 175: train loss 0.0184
2022-01-21 17:44:17,564 root                INFO: Train: Epoch 176: train loss 0.0184
2022-01-21 17:44:18,225 root                INFO: Train: Epoch 177: train loss 0.0184
2022-01-21 17:44:18,848 root                INFO: Train: Epoch 178: train loss 0.0184
2022-01-21 17:44:19,460 root                INFO: Train: Epoch 179: train loss 0.0184
2022-01-21 17:44:20,108 root                INFO: Train: Epoch 180: train loss 0.0184
2022-01-21 17:44:20,758 root                INFO: Train: Epoch 181: train loss 0.0184
2022-01-21 17:44:21,395 root                INFO: Train: Epoch 182: train loss 0.0184
2022-01-21 17:44:22,007 root                INFO: Train: Epoch 183: train loss 0.0184
2022-01-21 17:44:22,625 root                INFO: Train: Epoch 184: train loss 0.0184
2022-01-21 17:44:23,217 root                INFO: Train: Epoch 185: train loss 0.0184
2022-01-21 17:44:23,800 root                INFO: Train: Epoch 186: train loss 0.0184
2022-01-21 17:44:24,390 root                INFO: Train: Epoch 187: train loss 0.0184
2022-01-21 17:44:24,989 root                INFO: Train: Epoch 188: train loss 0.0184
2022-01-21 17:44:25,605 root                INFO: Train: Epoch 189: train loss 0.0184
2022-01-21 17:44:26,223 root                INFO: Train: Epoch 190: train loss 0.0184
2022-01-21 17:44:26,869 root                INFO: Train: Epoch 191: train loss 0.0184
2022-01-21 17:44:27,552 root                INFO: Train: Epoch 192: train loss 0.0184
2022-01-21 17:44:28,208 root                INFO: Train: Epoch 193: train loss 0.0184
2022-01-21 17:44:28,841 root                INFO: Train: Epoch 194: train loss 0.0184
2022-01-21 17:44:29,460 root                INFO: Train: Epoch 195: train loss 0.0184
2022-01-21 17:44:30,093 root                INFO: Train: Epoch 196: train loss 0.0184
2022-01-21 17:44:30,703 root                INFO: Train: Epoch 197: train loss 0.0184
2022-01-21 17:44:31,344 root                INFO: Train: Epoch 198: train loss 0.0184
2022-01-21 17:44:31,988 root                INFO: Train: Epoch 199: train loss 0.0184
2022-01-21 17:44:32,619 root                INFO: Train: Epoch 200: train loss 0.0184
2022-01-21 17:44:46,683 root                INFO: Valid: Epoch 200: kendall tau 0.2206 0.0764; loss 0.01372 0.004756
2022-01-21 17:44:46,689 root                INFO: Epoch 200: Save checkpoint to nb301_anytime_tagates/tagates_0.1/1/21/200.ckpt
2022-01-21 17:45:00,673 root                INFO: [0.0, 0.0, 0.00392156862745098, 0.1445358401880141, 0.23125122381045624, 0.615640664160401, 1.0]
2022-01-21 17:45:00,674 root                INFO: [0.0, 0.0, 0.0, 0.07833920877399138, 0.17055022518112395, 0.6273496240601504, 1.0]
2022-01-21 17:45:00,674 root                INFO: [11895, 11895]
2022-01-21 17:45:00,674 root                INFO: [16232, 808]
2022-01-21 22:19:40,193 root                INFO: GPU device = 0
2022-01-21 22:19:40,194 root                INFO: Load pkl cache from nasbench301_train.pkl and nasbench301_valid.pkl
2022-01-21 22:19:40,847 root                INFO: Config: {'arch_network_cfg': {'arch_embedder_cfg': {'take_adj_as_input': True, 'gcn_kwargs': {'residual_only': 2}, 'gcn_out_dims': [64, 64, 64, 64, 64], 'hidden_dim': 32, 'node_dim': 32, 'op_dim': 32, 'use_bn': False, 'final_concat': False, 'other_node_zero': False, 'num_time_steps': 2, 'fb_conversion_dims': [64, 64], 'backward_gcn_out_dims': [64, 64, 64, 64, 64], 'updateopemb_method': 'concat_ofb', 'updateopemb_dims': [64], 'share_skip_and_outskip': True, 'detach_vinfo': False, 'updateopemb_scale': 0.1, 'updateopemb_detach_opemb': True, 'updateopemb_detach_finfo': True, 'mask_nonparametrized_ops': True, 'symmetry_breaking_method': 'param_zs_add', 'concat_param_zs_as_opemb_dimension': 5, 'concat_param_zs_as_opemb_scale': 1.0}, 'arch_embedder_type': 'cellss-fbflow-anytime', 'compare_loss_type': 'margin_linear', 'compare_margin': 0.1, 'mlp_dropout': 0.1, 'mlp_hiddens': [200], 'mlp_out_dim': 1, 'optimizer': {'lr': 0.0001, 'type': 'Adam'}, 'scheduler': None}, 'arch_network_type': 'pointwise_comparator', 'batch_size': 128, 'choose_pair_criterion': 'random', 'compare': False, 'compare_threshold': 0.0, 'epochs': 200, 'max_compare_ratio': 16.0}
2022-01-21 22:19:45,083 root                INFO: Combined args: Namespace(arch_network_type='pointwise_comparator', batch_size=128, cfg_file='cfgs/nb301_cfgs/tagates_anytime.yaml', choose_pair_criterion='random', compare=False, compare_threshold=0.0, epochs=200, eval_only_last=1, gpu=0, load=None, max_compare_ratio=16.0, num_workers=4, report_freq=200, save_every=200, save_predict=None, seed=21, test_funcs=None, test_only=False, train_dir='nb301_anytime_tagates/tagates_0.1/1/21', train_pkl='../mynas/data/nasbench-301/nasbench301_train_mtx_anytime_1.pkl', train_ratio=0.1, valid_pkl='../mynas/data/nasbench-301/nasbench301_valid_mtx_anytime.pkl')
2022-01-21 22:19:45,092 root                INFO: Train dataset ratio: 0.100
2022-01-21 22:19:45,093 root                INFO: Number of architectures: train: 589; valid: 51072
2022-01-21 22:19:59,355 root                INFO: Train: Epoch   1: train loss 0.3272
2022-01-21 22:20:00,240 root                INFO: Train: Epoch   2: train loss 0.3207
2022-01-21 22:20:01,065 root                INFO: Train: Epoch   3: train loss 0.3139
2022-01-21 22:20:01,899 root                INFO: Train: Epoch   4: train loss 0.3065
2022-01-21 22:20:02,711 root                INFO: Train: Epoch   5: train loss 0.2975
2022-01-21 22:20:03,519 root                INFO: Train: Epoch   6: train loss 0.2870
2022-01-21 22:20:04,330 root                INFO: Train: Epoch   7: train loss 0.2743
2022-01-21 22:20:05,145 root                INFO: Train: Epoch   8: train loss 0.2590
2022-01-21 22:20:06,042 root                INFO: Train: Epoch   9: train loss 0.2397
2022-01-21 22:20:06,862 root                INFO: Train: Epoch  10: train loss 0.2159
2022-01-21 22:20:07,738 root                INFO: Train: Epoch  11: train loss 0.1864
2022-01-21 22:20:08,559 root                INFO: Train: Epoch  12: train loss 0.1518
2022-01-21 22:20:09,425 root                INFO: Train: Epoch  13: train loss 0.1131
2022-01-21 22:20:10,384 root                INFO: Train: Epoch  14: train loss 0.0736
2022-01-21 22:20:11,334 root                INFO: Train: Epoch  15: train loss 0.0403
2022-01-21 22:20:12,179 root                INFO: Train: Epoch  16: train loss 0.0169
2022-01-21 22:20:13,061 root                INFO: Train: Epoch  17: train loss 0.0052
2022-01-21 22:20:14,027 root                INFO: Train: Epoch  18: train loss 0.0016
2022-01-21 22:20:15,025 root                INFO: Train: Epoch  19: train loss 0.0012
2022-01-21 22:20:15,948 root                INFO: Train: Epoch  20: train loss 0.0015
2022-01-21 22:20:16,876 root                INFO: Train: Epoch  21: train loss 0.0018
2022-01-21 22:20:17,993 root                INFO: Train: Epoch  22: train loss 0.0018
2022-01-21 22:20:19,043 root                INFO: Train: Epoch  23: train loss 0.0015
2022-01-21 22:20:19,870 root                INFO: Train: Epoch  24: train loss 0.0013
2022-01-21 22:20:20,736 root                INFO: Train: Epoch  25: train loss 0.0011
2022-01-21 22:20:21,619 root                INFO: Train: Epoch  26: train loss 0.0009
2022-01-21 22:20:22,519 root                INFO: Train: Epoch  27: train loss 0.0009
2022-01-21 22:20:23,436 root                INFO: Train: Epoch  28: train loss 0.0009
2022-01-21 22:20:24,307 root                INFO: Train: Epoch  29: train loss 0.0009
2022-01-21 22:20:25,188 root                INFO: Train: Epoch  30: train loss 0.0009
2022-01-21 22:20:26,023 root                INFO: Train: Epoch  31: train loss 0.0009
2022-01-21 22:20:26,910 root                INFO: Train: Epoch  32: train loss 0.0009
2022-01-21 22:20:27,743 root                INFO: Train: Epoch  33: train loss 0.0009
2022-01-21 22:20:28,552 root                INFO: Train: Epoch  34: train loss 0.0009
2022-01-21 22:20:29,365 root                INFO: Train: Epoch  35: train loss 0.0009
2022-01-21 22:20:30,231 root                INFO: Train: Epoch  36: train loss 0.0009
2022-01-21 22:20:31,064 root                INFO: Train: Epoch  37: train loss 0.0009
2022-01-21 22:20:31,919 root                INFO: Train: Epoch  38: train loss 0.0009
2022-01-21 22:20:32,824 root                INFO: Train: Epoch  39: train loss 0.0009
2022-01-21 22:20:33,702 root                INFO: Train: Epoch  40: train loss 0.0009
2022-01-21 22:20:34,564 root                INFO: Train: Epoch  41: train loss 0.0009
2022-01-21 22:20:35,457 root                INFO: Train: Epoch  42: train loss 0.0009
2022-01-21 22:20:36,538 root                INFO: Train: Epoch  43: train loss 0.0009
2022-01-21 22:20:37,415 root                INFO: Train: Epoch  44: train loss 0.0009
2022-01-21 22:20:38,319 root                INFO: Train: Epoch  45: train loss 0.0009
2022-01-21 22:20:39,211 root                INFO: Train: Epoch  46: train loss 0.0008
2022-01-21 22:20:40,144 root                INFO: Train: Epoch  47: train loss 0.0009
2022-01-21 22:20:41,026 root                INFO: Train: Epoch  48: train loss 0.0009
2022-01-21 22:20:41,945 root                INFO: Train: Epoch  49: train loss 0.0009
2022-01-21 22:20:42,879 root                INFO: Train: Epoch  50: train loss 0.0009
2022-01-21 22:20:43,756 root                INFO: Train: Epoch  51: train loss 0.0009
2022-01-21 22:20:44,650 root                INFO: Train: Epoch  52: train loss 0.0009
2022-01-21 22:20:45,564 root                INFO: Train: Epoch  53: train loss 0.0008
2022-01-21 22:20:46,441 root                INFO: Train: Epoch  54: train loss 0.0009
2022-01-21 22:20:47,278 root                INFO: Train: Epoch  55: train loss 0.0008
2022-01-21 22:20:48,174 root                INFO: Train: Epoch  56: train loss 0.0009
2022-01-21 22:20:49,030 root                INFO: Train: Epoch  57: train loss 0.0008
2022-01-21 22:20:49,964 root                INFO: Train: Epoch  58: train loss 0.0008
2022-01-21 22:20:50,843 root                INFO: Train: Epoch  59: train loss 0.0008
2022-01-21 22:20:51,721 root                INFO: Train: Epoch  60: train loss 0.0008
2022-01-21 22:20:52,601 root                INFO: Train: Epoch  61: train loss 0.0008
2022-01-21 22:20:53,482 root                INFO: Train: Epoch  62: train loss 0.0008
2022-01-21 22:20:54,314 root                INFO: Train: Epoch  63: train loss 0.0008
2022-01-21 22:20:55,208 root                INFO: Train: Epoch  64: train loss 0.0008
2022-01-21 22:20:56,112 root                INFO: Train: Epoch  65: train loss 0.0008
2022-01-21 22:20:57,007 root                INFO: Train: Epoch  66: train loss 0.0008
2022-01-21 22:20:57,853 root                INFO: Train: Epoch  67: train loss 0.0008
2022-01-21 22:20:58,706 root                INFO: Train: Epoch  68: train loss 0.0008
2022-01-21 22:20:59,612 root                INFO: Train: Epoch  69: train loss 0.0008
2022-01-21 22:21:00,437 root                INFO: Train: Epoch  70: train loss 0.0008
2022-01-21 22:21:01,229 root                INFO: Train: Epoch  71: train loss 0.0008
2022-01-21 22:21:02,027 root                INFO: Train: Epoch  72: train loss 0.0008
2022-01-21 22:21:02,834 root                INFO: Train: Epoch  73: train loss 0.0008
2022-01-21 22:21:03,622 root                INFO: Train: Epoch  74: train loss 0.0008
2022-01-21 22:21:04,465 root                INFO: Train: Epoch  75: train loss 0.0009
2022-01-21 22:21:05,311 root                INFO: Train: Epoch  76: train loss 0.0008
2022-01-21 22:21:06,146 root                INFO: Train: Epoch  77: train loss 0.0008
2022-01-21 22:21:07,023 root                INFO: Train: Epoch  78: train loss 0.0008
2022-01-21 22:21:07,921 root                INFO: Train: Epoch  79: train loss 0.0008
2022-01-21 22:21:08,759 root                INFO: Train: Epoch  80: train loss 0.0008
2022-01-21 22:21:09,668 root                INFO: Train: Epoch  81: train loss 0.0008
2022-01-21 22:21:10,593 root                INFO: Train: Epoch  82: train loss 0.0008
2022-01-21 22:21:11,555 root                INFO: Train: Epoch  83: train loss 0.0008
2022-01-21 22:21:12,476 root                INFO: Train: Epoch  84: train loss 0.0008
2022-01-21 22:21:13,422 root                INFO: Train: Epoch  85: train loss 0.0008
2022-01-21 22:21:14,379 root                INFO: Train: Epoch  86: train loss 0.0008
2022-01-21 22:21:15,282 root                INFO: Train: Epoch  87: train loss 0.0008
2022-01-21 22:21:16,189 root                INFO: Train: Epoch  88: train loss 0.0008
2022-01-21 22:21:17,068 root                INFO: Train: Epoch  89: train loss 0.0008
2022-01-21 22:21:17,975 root                INFO: Train: Epoch  90: train loss 0.0008
2022-01-21 22:21:18,792 root                INFO: Train: Epoch  91: train loss 0.0008
2022-01-21 22:21:19,634 root                INFO: Train: Epoch  92: train loss 0.0008
2022-01-21 22:21:20,491 root                INFO: Train: Epoch  93: train loss 0.0008
2022-01-21 22:21:21,343 root                INFO: Train: Epoch  94: train loss 0.0007
2022-01-21 22:21:22,219 root                INFO: Train: Epoch  95: train loss 0.0007
2022-01-21 22:21:23,132 root                INFO: Train: Epoch  96: train loss 0.0007
2022-01-21 22:21:23,962 root                INFO: Train: Epoch  97: train loss 0.0007
2022-01-21 22:21:24,870 root                INFO: Train: Epoch  98: train loss 0.0007
2022-01-21 22:21:25,738 root                INFO: Train: Epoch  99: train loss 0.0007
2022-01-21 22:21:26,613 root                INFO: Train: Epoch 100: train loss 0.0007
2022-01-21 22:21:27,529 root                INFO: Train: Epoch 101: train loss 0.0007
2022-01-21 22:21:28,375 root                INFO: Train: Epoch 102: train loss 0.0007
2022-01-21 22:21:29,278 root                INFO: Train: Epoch 103: train loss 0.0007
2022-01-21 22:21:30,105 root                INFO: Train: Epoch 104: train loss 0.0008
2022-01-21 22:21:30,992 root                INFO: Train: Epoch 105: train loss 0.0007
2022-01-21 22:21:31,930 root                INFO: Train: Epoch 106: train loss 0.0007
2022-01-21 22:21:32,735 root                INFO: Train: Epoch 107: train loss 0.0007
2022-01-21 22:21:33,553 root                INFO: Train: Epoch 108: train loss 0.0008
2022-01-21 22:21:34,387 root                INFO: Train: Epoch 109: train loss 0.0007
2022-01-21 22:21:35,216 root                INFO: Train: Epoch 110: train loss 0.0007
2022-01-21 22:21:36,030 root                INFO: Train: Epoch 111: train loss 0.0008
2022-01-21 22:21:36,846 root                INFO: Train: Epoch 112: train loss 0.0007
2022-01-21 22:21:37,684 root                INFO: Train: Epoch 113: train loss 0.0007
2022-01-21 22:21:38,532 root                INFO: Train: Epoch 114: train loss 0.0007
2022-01-21 22:21:39,368 root                INFO: Train: Epoch 115: train loss 0.0007
2022-01-21 22:21:40,197 root                INFO: Train: Epoch 116: train loss 0.0007
2022-01-21 22:21:41,015 root                INFO: Train: Epoch 117: train loss 0.0007
2022-01-21 22:21:41,853 root                INFO: Train: Epoch 118: train loss 0.0007
2022-01-21 22:21:42,716 root                INFO: Train: Epoch 119: train loss 0.0007
2022-01-21 22:21:43,533 root                INFO: Train: Epoch 120: train loss 0.0007
2022-01-21 22:21:44,387 root                INFO: Train: Epoch 121: train loss 0.0007
2022-01-21 22:21:45,217 root                INFO: Train: Epoch 122: train loss 0.0007
2022-01-21 22:21:46,018 root                INFO: Train: Epoch 123: train loss 0.0007
2022-01-21 22:21:46,814 root                INFO: Train: Epoch 124: train loss 0.0007
2022-01-21 22:21:47,621 root                INFO: Train: Epoch 125: train loss 0.0008
2022-01-21 22:21:48,425 root                INFO: Train: Epoch 126: train loss 0.0007
2022-01-21 22:21:49,211 root                INFO: Train: Epoch 127: train loss 0.0007
2022-01-21 22:21:50,029 root                INFO: Train: Epoch 128: train loss 0.0007
2022-01-21 22:21:50,867 root                INFO: Train: Epoch 129: train loss 0.0007
2022-01-21 22:21:51,679 root                INFO: Train: Epoch 130: train loss 0.0007
2022-01-21 22:21:52,484 root                INFO: Train: Epoch 131: train loss 0.0007
2022-01-21 22:21:53,301 root                INFO: Train: Epoch 132: train loss 0.0007
2022-01-21 22:21:54,124 root                INFO: Train: Epoch 133: train loss 0.0007
2022-01-21 22:21:54,947 root                INFO: Train: Epoch 134: train loss 0.0006
2022-01-21 22:21:55,762 root                INFO: Train: Epoch 135: train loss 0.0007
2022-01-21 22:21:56,580 root                INFO: Train: Epoch 136: train loss 0.0006
2022-01-21 22:21:57,392 root                INFO: Train: Epoch 137: train loss 0.0006
2022-01-21 22:21:58,230 root                INFO: Train: Epoch 138: train loss 0.0006
2022-01-21 22:21:59,039 root                INFO: Train: Epoch 139: train loss 0.0007
2022-01-21 22:21:59,810 root                INFO: Train: Epoch 140: train loss 0.0006
2022-01-21 22:22:00,591 root                INFO: Train: Epoch 141: train loss 0.0006
2022-01-21 22:22:01,374 root                INFO: Train: Epoch 142: train loss 0.0007
2022-01-21 22:22:02,175 root                INFO: Train: Epoch 143: train loss 0.0006
2022-01-21 22:22:02,973 root                INFO: Train: Epoch 144: train loss 0.0006
2022-01-21 22:22:03,720 root                INFO: Train: Epoch 145: train loss 0.0006
2022-01-21 22:22:04,494 root                INFO: Train: Epoch 146: train loss 0.0006
2022-01-21 22:22:05,265 root                INFO: Train: Epoch 147: train loss 0.0006
2022-01-21 22:22:06,073 root                INFO: Train: Epoch 148: train loss 0.0006
2022-01-21 22:22:06,854 root                INFO: Train: Epoch 149: train loss 0.0006
2022-01-21 22:22:07,618 root                INFO: Train: Epoch 150: train loss 0.0006
2022-01-21 22:22:08,402 root                INFO: Train: Epoch 151: train loss 0.0006
2022-01-21 22:22:09,220 root                INFO: Train: Epoch 152: train loss 0.0006
2022-01-21 22:22:10,030 root                INFO: Train: Epoch 153: train loss 0.0006
2022-01-21 22:22:10,802 root                INFO: Train: Epoch 154: train loss 0.0006
2022-01-21 22:22:11,600 root                INFO: Train: Epoch 155: train loss 0.0006
2022-01-21 22:22:12,394 root                INFO: Train: Epoch 156: train loss 0.0006
2022-01-21 22:22:13,191 root                INFO: Train: Epoch 157: train loss 0.0006
2022-01-21 22:22:13,960 root                INFO: Train: Epoch 158: train loss 0.0006
2022-01-21 22:22:14,738 root                INFO: Train: Epoch 159: train loss 0.0006
2022-01-21 22:22:15,549 root                INFO: Train: Epoch 160: train loss 0.0006
2022-01-21 22:22:16,317 root                INFO: Train: Epoch 161: train loss 0.0006
2022-01-21 22:22:17,088 root                INFO: Train: Epoch 162: train loss 0.0006
2022-01-21 22:22:17,868 root                INFO: Train: Epoch 163: train loss 0.0006
2022-01-21 22:22:18,650 root                INFO: Train: Epoch 164: train loss 0.0006
2022-01-21 22:22:19,411 root                INFO: Train: Epoch 165: train loss 0.0006
2022-01-21 22:22:20,153 root                INFO: Train: Epoch 166: train loss 0.0005
2022-01-21 22:22:20,882 root                INFO: Train: Epoch 167: train loss 0.0006
2022-01-21 22:22:21,613 root                INFO: Train: Epoch 168: train loss 0.0006
2022-01-21 22:22:22,345 root                INFO: Train: Epoch 169: train loss 0.0005
2022-01-21 22:22:23,088 root                INFO: Train: Epoch 170: train loss 0.0006
2022-01-21 22:22:23,871 root                INFO: Train: Epoch 171: train loss 0.0006
2022-01-21 22:22:24,712 root                INFO: Train: Epoch 172: train loss 0.0005
2022-01-21 22:22:25,488 root                INFO: Train: Epoch 173: train loss 0.0006
2022-01-21 22:22:26,335 root                INFO: Train: Epoch 174: train loss 0.0005
2022-01-21 22:22:27,134 root                INFO: Train: Epoch 175: train loss 0.0005
2022-01-21 22:22:27,932 root                INFO: Train: Epoch 176: train loss 0.0006
2022-01-21 22:22:28,698 root                INFO: Train: Epoch 177: train loss 0.0005
2022-01-21 22:22:29,458 root                INFO: Train: Epoch 178: train loss 0.0005
2022-01-21 22:22:30,206 root                INFO: Train: Epoch 179: train loss 0.0005
2022-01-21 22:22:30,933 root                INFO: Train: Epoch 180: train loss 0.0005
2022-01-21 22:22:31,694 root                INFO: Train: Epoch 181: train loss 0.0005
2022-01-21 22:22:32,431 root                INFO: Train: Epoch 182: train loss 0.0005
2022-01-21 22:22:33,184 root                INFO: Train: Epoch 183: train loss 0.0005
2022-01-21 22:22:33,953 root                INFO: Train: Epoch 184: train loss 0.0005
2022-01-21 22:22:34,698 root                INFO: Train: Epoch 185: train loss 0.0005
2022-01-21 22:22:35,537 root                INFO: Train: Epoch 186: train loss 0.0005
2022-01-21 22:22:36,280 root                INFO: Train: Epoch 187: train loss 0.0005
2022-01-21 22:22:37,098 root                INFO: Train: Epoch 188: train loss 0.0005
2022-01-21 22:22:37,864 root                INFO: Train: Epoch 189: train loss 0.0005
2022-01-21 22:22:38,582 root                INFO: Train: Epoch 190: train loss 0.0005
2022-01-21 22:22:39,311 root                INFO: Train: Epoch 191: train loss 0.0005
2022-01-21 22:22:40,034 root                INFO: Train: Epoch 192: train loss 0.0005
2022-01-21 22:22:40,734 root                INFO: Train: Epoch 193: train loss 0.0005
2022-01-21 22:22:41,449 root                INFO: Train: Epoch 194: train loss 0.0005
2022-01-21 22:22:42,165 root                INFO: Train: Epoch 195: train loss 0.0005
2022-01-21 22:22:42,884 root                INFO: Train: Epoch 196: train loss 0.0005
2022-01-21 22:22:43,605 root                INFO: Train: Epoch 197: train loss 0.0005
2022-01-21 22:22:44,264 root                INFO: Train: Epoch 198: train loss 0.0005
2022-01-21 22:22:44,958 root                INFO: Train: Epoch 199: train loss 0.0005
2022-01-21 22:22:45,684 root                INFO: Train: Epoch 200: train loss 0.0005
2022-01-21 22:22:59,993 root                INFO: Valid: Epoch 200: kendall tau 0.4510 0.4204; loss 0.0001994 0.0001317
2022-01-21 22:22:59,999 root                INFO: Epoch 200: Save checkpoint to nb301_anytime_tagates/tagates_0.1/1/21/200.ckpt
2022-01-21 22:23:14,358 root                INFO: [0.0, 0.0, 0.06274509803921569, 0.37406972189580884, 0.4485999608380654, 0.7231751253132832, 1.0]
2022-01-21 22:23:14,358 root                INFO: [0.0, 0.0, 0.023529411764705882, 0.31218174696435563, 0.3755629528098688, 0.7052396616541353, 1.0]
2022-01-21 22:23:14,358 root                INFO: [404, 404]
2022-01-21 22:23:14,358 root                INFO: [530, 530]
