2022-01-19 23:07:36,596 root                INFO: GPU device = 3
2022-01-19 23:07:36,597 root                INFO: Load pkl cache from nasbench101.pkl and nasbench101_valid.pkl
2022-01-19 23:07:36,926 root                INFO: Config: {'arch_network_cfg': {'arch_embedder_cfg': {'b_use_bn': False, 'backward_gcn_out_dims': [128, 128, 128, 128, 128], 'concat_param_zs_as_opemb_dimension': 7, 'concat_param_zs_as_opemb_scale': 0.1, 'detach_vinfo': False, 'fb_conversion_dims': [128, 128], 'gcn_kwargs': {'plus_I': True, 'residual_only': 1}, 'gcn_out_dims': [128, 128, 128, 128, 128], 'hid_dim': 96, 'mask_nonparametrized_ops': False, 'node_embedding_dim': 48, 'num_time_steps': 3, 'op_embedding_dim': 48, 'symmetry_breaking_method': 'param_zs_add', 'updateopemb_detach_finfo': True, 'updateopemb_detach_opemb': True, 'updateopemb_dims': [128], 'updateopemb_method': 'concat_ofb', 'updateopemb_scale': 0.1}, 'arch_embedder_type': 'nb101-fbflow', 'compare_loss_type': 'margin_linear', 'compare_margin': 0.1, 'mlp_dropout': 0.1, 'mlp_hiddens': [200], 'optimizer': {'lr': 0.001, 'type': 'Adam'}, 'scheduler': None}, 'batch_size': 512, 'choose_pair_criterion': 'random', 'compare': True, 'compare_threshold': 0.0, 'epochs': 200, 'max_compare_ratio': 4.0}
2022-01-19 23:07:40,762 root                INFO: Combined args: Namespace(batch_size=512, cfg_file='cfgs/nb101_cfgs/gates_true_scale0.1.yaml', choose_pair_criterion='random', compare=True, compare_threshold=0.0, epochs=200, eval_only_last=5, gpu=3, load=None, max_compare_ratio=4.0, num_workers=4, report_freq=200, save_every=200, save_predict=None, seed=202121, test_funcs=None, test_only=False, train_dir='nb1shot1_ablation_scale/true/0.1_0.05/1/202121', train_pkl='../mynas/data/nasbench-1shot1/nasbench101_train_1.pkl', train_ratio=0.05, valid_pkl='../mynas/data/nasbench-1shot1/nasbench101_valid.pkl')
2022-01-19 23:07:40,771 root                INFO: Train dataset ratio: 0.050
2022-01-19 23:07:40,772 root                INFO: Number of architectures: train: 364; valid: 7290
2022-01-19 23:07:43,263 root                INFO: Train: Epoch   1: train loss 0.0999
2022-01-19 23:07:43,880 root                INFO: Train: Epoch   2: train loss 0.0981
2022-01-19 23:07:44,500 root                INFO: Train: Epoch   3: train loss 0.0939
2022-01-19 23:07:45,148 root                INFO: Train: Epoch   4: train loss 0.0885
2022-01-19 23:07:45,833 root                INFO: Train: Epoch   5: train loss 0.0798
2022-01-19 23:07:46,543 root                INFO: Train: Epoch   6: train loss 0.0689
2022-01-19 23:07:47,175 root                INFO: Train: Epoch   7: train loss 0.0626
2022-01-19 23:07:47,990 root                INFO: Train: Epoch   8: train loss 0.0561
2022-01-19 23:07:48,636 root                INFO: Train: Epoch   9: train loss 0.0560
2022-01-19 23:07:49,286 root                INFO: Train: Epoch  10: train loss 0.0591
2022-01-19 23:07:49,986 root                INFO: Train: Epoch  11: train loss 0.0560
2022-01-19 23:07:50,629 root                INFO: Train: Epoch  12: train loss 0.0562
2022-01-19 23:07:51,263 root                INFO: Train: Epoch  13: train loss 0.0523
2022-01-19 23:07:51,911 root                INFO: Train: Epoch  14: train loss 0.0502
2022-01-19 23:07:52,550 root                INFO: Train: Epoch  15: train loss 0.0456
2022-01-19 23:07:53,210 root                INFO: Train: Epoch  16: train loss 0.0464
2022-01-19 23:07:53,881 root                INFO: Train: Epoch  17: train loss 0.0473
2022-01-19 23:07:54,545 root                INFO: Train: Epoch  18: train loss 0.0445
2022-01-19 23:07:55,178 root                INFO: Train: Epoch  19: train loss 0.0438
2022-01-19 23:07:55,882 root                INFO: Train: Epoch  20: train loss 0.0387
2022-01-19 23:07:56,519 root                INFO: Train: Epoch  21: train loss 0.0409
2022-01-19 23:07:57,173 root                INFO: Train: Epoch  22: train loss 0.0367
2022-01-19 23:07:57,871 root                INFO: Train: Epoch  23: train loss 0.0354
2022-01-19 23:07:58,585 root                INFO: Train: Epoch  24: train loss 0.0357
2022-01-19 23:07:59,230 root                INFO: Train: Epoch  25: train loss 0.0347
2022-01-19 23:07:59,902 root                INFO: Train: Epoch  26: train loss 0.0365
2022-01-19 23:08:00,561 root                INFO: Train: Epoch  27: train loss 0.0351
2022-01-19 23:08:01,210 root                INFO: Train: Epoch  28: train loss 0.0379
2022-01-19 23:08:01,921 root                INFO: Train: Epoch  29: train loss 0.0355
2022-01-19 23:08:02,593 root                INFO: Train: Epoch  30: train loss 0.0327
2022-01-19 23:08:03,258 root                INFO: Train: Epoch  31: train loss 0.0343
2022-01-19 23:08:03,916 root                INFO: Train: Epoch  32: train loss 0.0354
2022-01-19 23:08:04,584 root                INFO: Train: Epoch  33: train loss 0.0363
2022-01-19 23:08:05,401 root                INFO: Train: Epoch  34: train loss 0.0309
2022-01-19 23:08:06,070 root                INFO: Train: Epoch  35: train loss 0.0310
2022-01-19 23:08:06,754 root                INFO: Train: Epoch  36: train loss 0.0291
2022-01-19 23:08:07,407 root                INFO: Train: Epoch  37: train loss 0.0321
2022-01-19 23:08:08,046 root                INFO: Train: Epoch  38: train loss 0.0299
2022-01-19 23:08:08,728 root                INFO: Train: Epoch  39: train loss 0.0298
2022-01-19 23:08:09,397 root                INFO: Train: Epoch  40: train loss 0.0318
2022-01-19 23:08:10,069 root                INFO: Train: Epoch  41: train loss 0.0320
2022-01-19 23:08:10,728 root                INFO: Train: Epoch  42: train loss 0.0315
2022-01-19 23:08:11,374 root                INFO: Train: Epoch  43: train loss 0.0302
2022-01-19 23:08:12,034 root                INFO: Train: Epoch  44: train loss 0.0283
2022-01-19 23:08:12,702 root                INFO: Train: Epoch  45: train loss 0.0288
2022-01-19 23:08:13,407 root                INFO: Train: Epoch  46: train loss 0.0283
2022-01-19 23:08:14,040 root                INFO: Train: Epoch  47: train loss 0.0290
2022-01-19 23:08:14,690 root                INFO: Train: Epoch  48: train loss 0.0279
2022-01-19 23:08:15,355 root                INFO: Train: Epoch  49: train loss 0.0291
2022-01-19 23:08:15,998 root                INFO: Train: Epoch  50: train loss 0.0249
2022-01-19 23:08:16,679 root                INFO: Train: Epoch  51: train loss 0.0315
2022-01-19 23:08:17,358 root                INFO: Train: Epoch  52: train loss 0.0296
2022-01-19 23:08:17,979 root                INFO: Train: Epoch  53: train loss 0.0274
2022-01-19 23:08:18,602 root                INFO: Train: Epoch  54: train loss 0.0278
2022-01-19 23:08:19,223 root                INFO: Train: Epoch  55: train loss 0.0275
2022-01-19 23:08:19,871 root                INFO: Train: Epoch  56: train loss 0.0260
2022-01-19 23:08:20,516 root                INFO: Train: Epoch  57: train loss 0.0282
2022-01-19 23:08:21,178 root                INFO: Train: Epoch  58: train loss 0.0279
2022-01-19 23:08:21,975 root                INFO: Train: Epoch  59: train loss 0.0271
2022-01-19 23:08:22,627 root                INFO: Train: Epoch  60: train loss 0.0277
2022-01-19 23:08:23,247 root                INFO: Train: Epoch  61: train loss 0.0253
2022-01-19 23:08:23,915 root                INFO: Train: Epoch  62: train loss 0.0251
2022-01-19 23:08:24,578 root                INFO: Train: Epoch  63: train loss 0.0256
2022-01-19 23:08:25,263 root                INFO: Train: Epoch  64: train loss 0.0279
2022-01-19 23:08:25,963 root                INFO: Train: Epoch  65: train loss 0.0251
2022-01-19 23:08:26,599 root                INFO: Train: Epoch  66: train loss 0.0251
2022-01-19 23:08:27,243 root                INFO: Train: Epoch  67: train loss 0.0248
2022-01-19 23:08:27,883 root                INFO: Train: Epoch  68: train loss 0.0246
2022-01-19 23:08:28,522 root                INFO: Train: Epoch  69: train loss 0.0260
2022-01-19 23:08:29,220 root                INFO: Train: Epoch  70: train loss 0.0248
2022-01-19 23:08:29,853 root                INFO: Train: Epoch  71: train loss 0.0282
2022-01-19 23:08:30,488 root                INFO: Train: Epoch  72: train loss 0.0235
2022-01-19 23:08:31,142 root                INFO: Train: Epoch  73: train loss 0.0235
2022-01-19 23:08:31,782 root                INFO: Train: Epoch  74: train loss 0.0233
2022-01-19 23:08:32,438 root                INFO: Train: Epoch  75: train loss 0.0236
2022-01-19 23:08:33,087 root                INFO: Train: Epoch  76: train loss 0.0252
2022-01-19 23:08:33,746 root                INFO: Train: Epoch  77: train loss 0.0219
2022-01-19 23:08:34,403 root                INFO: Train: Epoch  78: train loss 0.0213
2022-01-19 23:08:35,055 root                INFO: Train: Epoch  79: train loss 0.0194
2022-01-19 23:08:35,686 root                INFO: Train: Epoch  80: train loss 0.0230
2022-01-19 23:08:36,345 root                INFO: Train: Epoch  81: train loss 0.0246
2022-01-19 23:08:37,068 root                INFO: Train: Epoch  82: train loss 0.0216
2022-01-19 23:08:37,879 root                INFO: Train: Epoch  83: train loss 0.0194
2022-01-19 23:08:38,532 root                INFO: Train: Epoch  84: train loss 0.0195
2022-01-19 23:08:39,199 root                INFO: Train: Epoch  85: train loss 0.0235
2022-01-19 23:08:39,853 root                INFO: Train: Epoch  86: train loss 0.0203
2022-01-19 23:08:40,539 root                INFO: Train: Epoch  87: train loss 0.0221
2022-01-19 23:08:41,212 root                INFO: Train: Epoch  88: train loss 0.0197
2022-01-19 23:08:41,884 root                INFO: Train: Epoch  89: train loss 0.0187
2022-01-19 23:08:42,529 root                INFO: Train: Epoch  90: train loss 0.0201
2022-01-19 23:08:43,174 root                INFO: Train: Epoch  91: train loss 0.0196
2022-01-19 23:08:43,870 root                INFO: Train: Epoch  92: train loss 0.0184
2022-01-19 23:08:44,580 root                INFO: Train: Epoch  93: train loss 0.0194
2022-01-19 23:08:45,243 root                INFO: Train: Epoch  94: train loss 0.0178
2022-01-19 23:08:45,906 root                INFO: Train: Epoch  95: train loss 0.0195
2022-01-19 23:08:46,560 root                INFO: Train: Epoch  96: train loss 0.0200
2022-01-19 23:08:47,237 root                INFO: Train: Epoch  97: train loss 0.0202
2022-01-19 23:08:47,898 root                INFO: Train: Epoch  98: train loss 0.0177
2022-01-19 23:08:48,594 root                INFO: Train: Epoch  99: train loss 0.0193
2022-01-19 23:08:49,254 root                INFO: Train: Epoch 100: train loss 0.0174
2022-01-19 23:08:49,921 root                INFO: Train: Epoch 101: train loss 0.0166
2022-01-19 23:08:50,574 root                INFO: Train: Epoch 102: train loss 0.0177
2022-01-19 23:08:51,214 root                INFO: Train: Epoch 103: train loss 0.0178
2022-01-19 23:08:51,860 root                INFO: Train: Epoch 104: train loss 0.0172
2022-01-19 23:08:52,530 root                INFO: Train: Epoch 105: train loss 0.0160
2022-01-19 23:08:53,202 root                INFO: Train: Epoch 106: train loss 0.0149
2022-01-19 23:08:53,868 root                INFO: Train: Epoch 107: train loss 0.0170
2022-01-19 23:08:54,504 root                INFO: Train: Epoch 108: train loss 0.0169
2022-01-19 23:08:55,308 root                INFO: Train: Epoch 109: train loss 0.0162
2022-01-19 23:08:55,957 root                INFO: Train: Epoch 110: train loss 0.0194
2022-01-19 23:08:56,609 root                INFO: Train: Epoch 111: train loss 0.0159
2022-01-19 23:08:57,239 root                INFO: Train: Epoch 112: train loss 0.0186
2022-01-19 23:08:57,890 root                INFO: Train: Epoch 113: train loss 0.0190
2022-01-19 23:08:58,538 root                INFO: Train: Epoch 114: train loss 0.0171
2022-01-19 23:08:59,178 root                INFO: Train: Epoch 115: train loss 0.0207
2022-01-19 23:08:59,834 root                INFO: Train: Epoch 116: train loss 0.0147
2022-01-19 23:09:00,493 root                INFO: Train: Epoch 117: train loss 0.0173
2022-01-19 23:09:01,131 root                INFO: Train: Epoch 118: train loss 0.0174
2022-01-19 23:09:01,781 root                INFO: Train: Epoch 119: train loss 0.0180
2022-01-19 23:09:02,408 root                INFO: Train: Epoch 120: train loss 0.0189
2022-01-19 23:09:03,039 root                INFO: Train: Epoch 121: train loss 0.0179
2022-01-19 23:09:03,691 root                INFO: Train: Epoch 122: train loss 0.0159
2022-01-19 23:09:04,341 root                INFO: Train: Epoch 123: train loss 0.0167
2022-01-19 23:09:04,964 root                INFO: Train: Epoch 124: train loss 0.0167
2022-01-19 23:09:05,600 root                INFO: Train: Epoch 125: train loss 0.0157
2022-01-19 23:09:06,272 root                INFO: Train: Epoch 126: train loss 0.0155
2022-01-19 23:09:06,932 root                INFO: Train: Epoch 127: train loss 0.0155
2022-01-19 23:09:07,604 root                INFO: Train: Epoch 128: train loss 0.0159
2022-01-19 23:09:08,273 root                INFO: Train: Epoch 129: train loss 0.0174
2022-01-19 23:09:08,925 root                INFO: Train: Epoch 130: train loss 0.0174
2022-01-19 23:09:09,609 root                INFO: Train: Epoch 131: train loss 0.0167
2022-01-19 23:09:10,246 root                INFO: Train: Epoch 132: train loss 0.0166
2022-01-19 23:09:10,920 root                INFO: Train: Epoch 133: train loss 0.0180
2022-01-19 23:09:11,785 root                INFO: Train: Epoch 134: train loss 0.0147
2022-01-19 23:09:12,471 root                INFO: Train: Epoch 135: train loss 0.0166
2022-01-19 23:09:13,163 root                INFO: Train: Epoch 136: train loss 0.0164
2022-01-19 23:09:13,813 root                INFO: Train: Epoch 137: train loss 0.0171
2022-01-19 23:09:14,462 root                INFO: Train: Epoch 138: train loss 0.0139
2022-01-19 23:09:15,132 root                INFO: Train: Epoch 139: train loss 0.0162
2022-01-19 23:09:15,788 root                INFO: Train: Epoch 140: train loss 0.0167
2022-01-19 23:09:16,434 root                INFO: Train: Epoch 141: train loss 0.0156
2022-01-19 23:09:17,066 root                INFO: Train: Epoch 142: train loss 0.0168
2022-01-19 23:09:17,693 root                INFO: Train: Epoch 143: train loss 0.0158
2022-01-19 23:09:18,337 root                INFO: Train: Epoch 144: train loss 0.0190
2022-01-19 23:09:18,996 root                INFO: Train: Epoch 145: train loss 0.0150
2022-01-19 23:09:19,648 root                INFO: Train: Epoch 146: train loss 0.0145
2022-01-19 23:09:20,298 root                INFO: Train: Epoch 147: train loss 0.0164
2022-01-19 23:09:20,927 root                INFO: Train: Epoch 148: train loss 0.0140
2022-01-19 23:09:21,547 root                INFO: Train: Epoch 149: train loss 0.0139
2022-01-19 23:09:22,178 root                INFO: Train: Epoch 150: train loss 0.0162
2022-01-19 23:09:22,812 root                INFO: Train: Epoch 151: train loss 0.0153
2022-01-19 23:09:23,495 root                INFO: Train: Epoch 152: train loss 0.0177
2022-01-19 23:09:24,146 root                INFO: Train: Epoch 153: train loss 0.0138
2022-01-19 23:09:24,779 root                INFO: Train: Epoch 154: train loss 0.0170
2022-01-19 23:09:25,419 root                INFO: Train: Epoch 155: train loss 0.0159
2022-01-19 23:09:26,067 root                INFO: Train: Epoch 156: train loss 0.0135
2022-01-19 23:09:26,722 root                INFO: Train: Epoch 157: train loss 0.0148
2022-01-19 23:09:27,548 root                INFO: Train: Epoch 158: train loss 0.0130
2022-01-19 23:09:28,167 root                INFO: Train: Epoch 159: train loss 0.0158
2022-01-19 23:09:28,894 root                INFO: Train: Epoch 160: train loss 0.0152
2022-01-19 23:09:29,526 root                INFO: Train: Epoch 161: train loss 0.0123
2022-01-19 23:09:30,143 root                INFO: Train: Epoch 162: train loss 0.0145
2022-01-19 23:09:30,827 root                INFO: Train: Epoch 163: train loss 0.0139
2022-01-19 23:09:31,498 root                INFO: Train: Epoch 164: train loss 0.0140
2022-01-19 23:09:32,141 root                INFO: Train: Epoch 165: train loss 0.0133
2022-01-19 23:09:32,774 root                INFO: Train: Epoch 166: train loss 0.0123
2022-01-19 23:09:33,427 root                INFO: Train: Epoch 167: train loss 0.0166
2022-01-19 23:09:34,064 root                INFO: Train: Epoch 168: train loss 0.0122
2022-01-19 23:09:34,702 root                INFO: Train: Epoch 169: train loss 0.0153
2022-01-19 23:09:35,365 root                INFO: Train: Epoch 170: train loss 0.0140
2022-01-19 23:09:35,986 root                INFO: Train: Epoch 171: train loss 0.0167
2022-01-19 23:09:36,623 root                INFO: Train: Epoch 172: train loss 0.0125
2022-01-19 23:09:37,258 root                INFO: Train: Epoch 173: train loss 0.0170
2022-01-19 23:09:37,880 root                INFO: Train: Epoch 174: train loss 0.0154
2022-01-19 23:09:38,518 root                INFO: Train: Epoch 175: train loss 0.0146
2022-01-19 23:09:39,165 root                INFO: Train: Epoch 176: train loss 0.0161
2022-01-19 23:09:39,791 root                INFO: Train: Epoch 177: train loss 0.0139
2022-01-19 23:09:40,428 root                INFO: Train: Epoch 178: train loss 0.0164
2022-01-19 23:09:41,058 root                INFO: Train: Epoch 179: train loss 0.0158
2022-01-19 23:09:41,710 root                INFO: Train: Epoch 180: train loss 0.0135
2022-01-19 23:09:42,337 root                INFO: Train: Epoch 181: train loss 0.0124
2022-01-19 23:09:42,971 root                INFO: Train: Epoch 182: train loss 0.0128
2022-01-19 23:09:43,587 root                INFO: Train: Epoch 183: train loss 0.0148
2022-01-19 23:09:44,230 root                INFO: Train: Epoch 184: train loss 0.0142
2022-01-19 23:09:45,020 root                INFO: Train: Epoch 185: train loss 0.0157
2022-01-19 23:09:45,666 root                INFO: Train: Epoch 186: train loss 0.0145
2022-01-19 23:09:46,406 root                INFO: Train: Epoch 187: train loss 0.0148
2022-01-19 23:09:47,042 root                INFO: Train: Epoch 188: train loss 0.0149
2022-01-19 23:09:47,662 root                INFO: Train: Epoch 189: train loss 0.0129
2022-01-19 23:09:48,289 root                INFO: Train: Epoch 190: train loss 0.0114
2022-01-19 23:09:48,930 root                INFO: Train: Epoch 191: train loss 0.0128
2022-01-19 23:09:49,566 root                INFO: Train: Epoch 192: train loss 0.0119
2022-01-19 23:09:50,247 root                INFO: Train: Epoch 193: train loss 0.0150
2022-01-19 23:09:50,893 root                INFO: Train: Epoch 194: train loss 0.0123
2022-01-19 23:09:51,535 root                INFO: Train: Epoch 195: train loss 0.0137
2022-01-19 23:09:52,170 root                INFO: Train: Epoch 196: train loss 0.0122
2022-01-19 23:09:54,067 root                INFO: Valid: Epoch 196: kendall tau 0.7822; loss 0.2289
2022-01-19 23:09:54,713 root                INFO: Train: Epoch 197: train loss 0.0144
2022-01-19 23:09:56,579 root                INFO: Valid: Epoch 197: kendall tau 0.7774; loss 0.219
2022-01-19 23:09:57,197 root                INFO: Train: Epoch 198: train loss 0.0113
2022-01-19 23:09:59,003 root                INFO: Valid: Epoch 198: kendall tau 0.7690; loss 0.2038
2022-01-19 23:09:59,645 root                INFO: Train: Epoch 199: train loss 0.0133
2022-01-19 23:10:01,524 root                INFO: Valid: Epoch 199: kendall tau 0.7740; loss 0.1845
2022-01-19 23:10:02,177 root                INFO: Train: Epoch 200: train loss 0.0150
2022-01-19 23:10:03,960 root                INFO: Valid: Epoch 200: kendall tau 0.7819; loss 0.1792
2022-01-19 23:10:03,966 root                INFO: Epoch 200: Save checkpoint to nb1shot1_ablation_scale/true/0.1_0.05/1/202121/200.ckpt
2022-01-19 23:10:05,807 root                INFO: [0.14285714285714285, 0.4444444444444444, 0.5555555555555556, 0.6373626373626373, 0.7283950617283951, 0.9031550068587105, 1.0]
2022-01-19 23:10:05,807 root                INFO: [7, 7]
