2022-01-21 15:56:46,849 root                INFO: GPU device = 7
2022-01-21 15:56:46,850 root                INFO: Load pkl cache from nasbench101.pkl and nasbench101_valid.pkl
2022-01-21 15:56:47,196 root                INFO: Config: {'arch_network_cfg': {'arch_embedder_cfg': {'gcn_kwargs': {'plus_I': True, 'residual_only': 1}, 'gcn_out_dims': [128, 128, 128, 128, 128], 'backward_gcn_out_dims': [128, 128, 128, 128, 128], 'hid_dim': 96, 'node_embedding_dim': 48, 'op_embedding_dim': 48, 'num_time_steps': 2, 'fb_conversion_dims': [128, 128], 'updateopemb_method': 'concat_ofb', 'updateopemb_dims': [128], 'updateopemb_scale': 0.1, 'b_use_bn': False, 'detach_vinfo': False, 'updateopemb_detach_opemb': True, 'updateopemb_detach_finfo': True, 'symmetry_breaking_method': 'param_zs_add', 'concat_param_zs_as_opemb_dimension': 7, 'concat_param_zs_as_opemb_scale': 1.0, 'mask_nonparametrized_ops': False}, 'arch_embedder_type': 'nb101-fbflow-anytime', 'compare_loss_type': 'margin_linear', 'compare_margin': 0.1, 'mlp_dropout': 0.1, 'mlp_hiddens': [200], 'mlp_out_dim': 1, 'optimizer': {'lr': 0.001, 'type': 'Adam'}, 'scheduler': None}, 'batch_size': 512, 'choose_pair_criterion': 'random', 'compare': False, 'compare_threshold': 0.0, 'epochs': 200, 'max_compare_ratio': 4.0}
2022-01-21 15:56:51,628 root                INFO: Combined args: Namespace(batch_size=512, cfg_file='cfgs/nb101_cfgs/tagates_anytime.yaml', choose_pair_criterion='random', compare=False, compare_threshold=0.0, epochs=200, eval_only_last=200, gpu=7, load=None, max_compare_ratio=4.0, num_workers=4, report_freq=200, save_every=200, save_predict=None, seed=202121, test_funcs=None, test_only=False, train_dir='nb1shot1_anytime_tagates/tagates_1/123/202121', train_pkl='../mynas/data/nasbench-1shot1/nasbench101_anytime_train_123.pkl', train_ratio=1.0, valid_pkl='../mynas/data/nasbench-1shot1/nasbench101_anytime_valid.pkl')
2022-01-21 15:56:51,629 root                INFO: Train dataset ratio: 1.000
2022-01-21 15:56:51,629 root                INFO: Number of architectures: train: 7290; valid: 7290
2022-01-21 15:56:55,829 root                INFO: Train: Epoch   1: train loss 0.0930
2022-01-21 15:56:57,962 root                INFO: Valid: Epoch   1: kendall tau 0.3401 0.3031; loss 0.01768 0.01096
2022-01-21 15:57:00,094 root                INFO: Train: Epoch   2: train loss 0.0155
2022-01-21 15:57:01,955 root                INFO: Valid: Epoch   2: kendall tau 0.3090 0.4421; loss 0.02629 0.008125
2022-01-21 15:57:04,026 root                INFO: Train: Epoch   3: train loss 0.0115
2022-01-21 15:57:05,824 root                INFO: Valid: Epoch   3: kendall tau 0.2787 0.5006; loss 0.02183 0.00861
2022-01-21 15:57:08,242 root                INFO: Train: Epoch   4: train loss 0.0106
2022-01-21 15:57:10,059 root                INFO: Valid: Epoch   4: kendall tau 0.2733 0.5359; loss 0.02229 0.008269
2022-01-21 15:57:12,129 root                INFO: Train: Epoch   5: train loss 0.0102
2022-01-21 15:57:13,929 root                INFO: Valid: Epoch   5: kendall tau 0.3029 0.5760; loss 0.02129 0.007979
2022-01-21 15:57:16,055 root                INFO: Train: Epoch   6: train loss 0.0097
2022-01-21 15:57:17,907 root                INFO: Valid: Epoch   6: kendall tau 0.3540 0.6134; loss 0.0196 0.007688
2022-01-21 15:57:19,968 root                INFO: Train: Epoch   7: train loss 0.0091
2022-01-21 15:57:21,751 root                INFO: Valid: Epoch   7: kendall tau 0.3766 0.5946; loss 0.01908 0.007703
2022-01-21 15:57:23,726 root                INFO: Train: Epoch   8: train loss 0.0087
2022-01-21 15:57:25,579 root                INFO: Valid: Epoch   8: kendall tau 0.4144 0.5558; loss 0.01813 0.007682
2022-01-21 15:57:27,735 root                INFO: Train: Epoch   9: train loss 0.0084
2022-01-21 15:57:29,537 root                INFO: Valid: Epoch   9: kendall tau 0.4248 0.5190; loss 0.01649 0.007577
2022-01-21 15:57:31,584 root                INFO: Train: Epoch  10: train loss 0.0079
2022-01-21 15:57:33,502 root                INFO: Valid: Epoch  10: kendall tau 0.4311 0.4753; loss 0.01516 0.007563
2022-01-21 15:57:35,689 root                INFO: Train: Epoch  11: train loss 0.0072
2022-01-21 15:57:37,503 root                INFO: Valid: Epoch  11: kendall tau 0.4630 0.4518; loss 0.01263 0.006849
2022-01-21 15:57:39,649 root                INFO: Train: Epoch  12: train loss 0.0066
2022-01-21 15:57:41,518 root                INFO: Valid: Epoch  12: kendall tau 0.4605 0.4834; loss 0.01489 0.006843
2022-01-21 15:57:43,514 root                INFO: Train: Epoch  13: train loss 0.0062
2022-01-21 15:57:45,443 root                INFO: Valid: Epoch  13: kendall tau 0.4883 0.5329; loss 0.01133 0.006217
2022-01-21 15:57:47,425 root                INFO: Train: Epoch  14: train loss 0.0059
2022-01-21 15:57:49,196 root                INFO: Valid: Epoch  14: kendall tau 0.4680 0.5259; loss 0.01322 0.006434
2022-01-21 15:57:51,221 root                INFO: Train: Epoch  15: train loss 0.0060
2022-01-21 15:57:53,136 root                INFO: Valid: Epoch  15: kendall tau 0.4742 0.4966; loss 0.01251 0.007505
2022-01-21 15:57:55,095 root                INFO: Train: Epoch  16: train loss 0.0057
2022-01-21 15:57:56,913 root                INFO: Valid: Epoch  16: kendall tau 0.4735 0.5471; loss 0.01018 0.006214
2022-01-21 15:57:58,921 root                INFO: Train: Epoch  17: train loss 0.0054
2022-01-21 15:58:00,684 root                INFO: Valid: Epoch  17: kendall tau 0.4763 0.5213; loss 0.01162 0.006492
2022-01-21 15:58:02,870 root                INFO: Train: Epoch  18: train loss 0.0051
2022-01-21 15:58:04,658 root                INFO: Valid: Epoch  18: kendall tau 0.4562 0.5293; loss 0.01106 0.005125
2022-01-21 15:58:06,816 root                INFO: Train: Epoch  19: train loss 0.0049
2022-01-21 15:58:08,618 root                INFO: Valid: Epoch  19: kendall tau 0.4743 0.5226; loss 0.009898 0.005669
2022-01-21 15:58:10,797 root                INFO: Train: Epoch  20: train loss 0.0050
2022-01-21 15:58:12,569 root                INFO: Valid: Epoch  20: kendall tau 0.4764 0.5875; loss 0.01073 0.00614
2022-01-21 15:58:14,609 root                INFO: Train: Epoch  21: train loss 0.0049
2022-01-21 15:58:16,504 root                INFO: Valid: Epoch  21: kendall tau 0.4614 0.5715; loss 0.0106 0.005672
2022-01-21 15:58:18,519 root                INFO: Train: Epoch  22: train loss 0.0046
2022-01-21 15:58:20,475 root                INFO: Valid: Epoch  22: kendall tau 0.4791 0.5665; loss 0.009622 0.005176
2022-01-21 15:58:22,503 root                INFO: Train: Epoch  23: train loss 0.0047
2022-01-21 15:58:24,349 root                INFO: Valid: Epoch  23: kendall tau 0.4754 0.5847; loss 0.01154 0.005575
2022-01-21 15:58:26,356 root                INFO: Train: Epoch  24: train loss 0.0044
2022-01-21 15:58:28,227 root                INFO: Valid: Epoch  24: kendall tau 0.4765 0.6008; loss 0.01225 0.00524
2022-01-21 15:58:30,404 root                INFO: Train: Epoch  25: train loss 0.0042
2022-01-21 15:58:32,228 root                INFO: Valid: Epoch  25: kendall tau 0.4795 0.5781; loss 0.009745 0.005601
2022-01-21 15:58:34,243 root                INFO: Train: Epoch  26: train loss 0.0046
2022-01-21 15:58:36,050 root                INFO: Valid: Epoch  26: kendall tau 0.4836 0.6276; loss 0.01528 0.005581
2022-01-21 15:58:38,211 root                INFO: Train: Epoch  27: train loss 0.0047
2022-01-21 15:58:40,249 root                INFO: Valid: Epoch  27: kendall tau 0.4956 0.6426; loss 0.01088 0.005278
2022-01-21 15:58:42,316 root                INFO: Train: Epoch  28: train loss 0.0042
2022-01-21 15:58:44,117 root                INFO: Valid: Epoch  28: kendall tau 0.4735 0.5972; loss 0.008999 0.007178
2022-01-21 15:58:46,143 root                INFO: Train: Epoch  29: train loss 0.0048
2022-01-21 15:58:48,103 root                INFO: Valid: Epoch  29: kendall tau 0.4969 0.5984; loss 0.0106 0.00559
2022-01-21 15:58:50,198 root                INFO: Train: Epoch  30: train loss 0.0042
2022-01-21 15:58:52,009 root                INFO: Valid: Epoch  30: kendall tau 0.4980 0.6171; loss 0.01038 0.004941
2022-01-21 15:58:54,030 root                INFO: Train: Epoch  31: train loss 0.0042
2022-01-21 15:58:55,968 root                INFO: Valid: Epoch  31: kendall tau 0.4899 0.6166; loss 0.01008 0.005396
2022-01-21 15:58:58,037 root                INFO: Train: Epoch  32: train loss 0.0041
2022-01-21 15:58:59,835 root                INFO: Valid: Epoch  32: kendall tau 0.5021 0.6069; loss 0.008877 0.00484
2022-01-21 15:59:01,848 root                INFO: Train: Epoch  33: train loss 0.0041
2022-01-21 15:59:03,839 root                INFO: Valid: Epoch  33: kendall tau 0.4786 0.5944; loss 0.01143 0.005855
2022-01-21 15:59:05,937 root                INFO: Train: Epoch  34: train loss 0.0040
2022-01-21 15:59:07,795 root                INFO: Valid: Epoch  34: kendall tau 0.4984 0.6362; loss 0.01113 0.004866
2022-01-21 15:59:09,827 root                INFO: Train: Epoch  35: train loss 0.0039
2022-01-21 15:59:11,641 root                INFO: Valid: Epoch  35: kendall tau 0.4970 0.6060; loss 0.01031 0.006263
2022-01-21 15:59:13,957 root                INFO: Train: Epoch  36: train loss 0.0038
2022-01-21 15:59:15,817 root                INFO: Valid: Epoch  36: kendall tau 0.4934 0.6184; loss 0.01141 0.00578
2022-01-21 15:59:17,865 root                INFO: Train: Epoch  37: train loss 0.0038
2022-01-21 15:59:19,667 root                INFO: Valid: Epoch  37: kendall tau 0.4948 0.6315; loss 0.01168 0.004791
2022-01-21 15:59:21,792 root                INFO: Train: Epoch  38: train loss 0.0038
2022-01-21 15:59:23,608 root                INFO: Valid: Epoch  38: kendall tau 0.4872 0.6265; loss 0.009752 0.005866
2022-01-21 15:59:25,737 root                INFO: Train: Epoch  39: train loss 0.0039
2022-01-21 15:59:27,591 root                INFO: Valid: Epoch  39: kendall tau 0.4968 0.6163; loss 0.009043 0.007025
2022-01-21 15:59:29,649 root                INFO: Train: Epoch  40: train loss 0.0045
2022-01-21 15:59:31,503 root                INFO: Valid: Epoch  40: kendall tau 0.5234 0.6478; loss 0.01133 0.005371
2022-01-21 15:59:33,627 root                INFO: Train: Epoch  41: train loss 0.0044
2022-01-21 15:59:35,490 root                INFO: Valid: Epoch  41: kendall tau 0.4989 0.6545; loss 0.0117 0.005156
2022-01-21 15:59:37,549 root                INFO: Train: Epoch  42: train loss 0.0040
2022-01-21 15:59:39,396 root                INFO: Valid: Epoch  42: kendall tau 0.5196 0.6529; loss 0.009038 0.004597
2022-01-21 15:59:41,398 root                INFO: Train: Epoch  43: train loss 0.0038
2022-01-21 15:59:43,388 root                INFO: Valid: Epoch  43: kendall tau 0.5037 0.6402; loss 0.01173 0.004785
2022-01-21 15:59:45,407 root                INFO: Train: Epoch  44: train loss 0.0039
2022-01-21 15:59:47,278 root                INFO: Valid: Epoch  44: kendall tau 0.5077 0.6464; loss 0.0122 0.005125
2022-01-21 15:59:49,265 root                INFO: Train: Epoch  45: train loss 0.0037
2022-01-21 15:59:51,176 root                INFO: Valid: Epoch  45: kendall tau 0.5117 0.6386; loss 0.01221 0.005225
2022-01-21 15:59:53,193 root                INFO: Train: Epoch  46: train loss 0.0036
2022-01-21 15:59:55,002 root                INFO: Valid: Epoch  46: kendall tau 0.4992 0.6456; loss 0.01025 0.005737
2022-01-21 15:59:57,009 root                INFO: Train: Epoch  47: train loss 0.0042
2022-01-21 15:59:58,833 root                INFO: Valid: Epoch  47: kendall tau 0.5075 0.6399; loss 0.01069 0.005113
2022-01-21 16:00:00,964 root                INFO: Train: Epoch  48: train loss 0.0038
2022-01-21 16:00:02,848 root                INFO: Valid: Epoch  48: kendall tau 0.5195 0.6474; loss 0.01 0.004872
2022-01-21 16:00:04,916 root                INFO: Train: Epoch  49: train loss 0.0036
2022-01-21 16:00:06,768 root                INFO: Valid: Epoch  49: kendall tau 0.4905 0.6412; loss 0.01327 0.005374
2022-01-21 16:00:09,004 root                INFO: Train: Epoch  50: train loss 0.0039
2022-01-21 16:00:10,830 root                INFO: Valid: Epoch  50: kendall tau 0.5173 0.6521; loss 0.01005 0.004859
2022-01-21 16:00:12,881 root                INFO: Train: Epoch  51: train loss 0.0038
2022-01-21 16:00:14,726 root                INFO: Valid: Epoch  51: kendall tau 0.5138 0.6325; loss 0.009115 0.004715
2022-01-21 16:00:16,778 root                INFO: Train: Epoch  52: train loss 0.0036
2022-01-21 16:00:18,730 root                INFO: Valid: Epoch  52: kendall tau 0.5102 0.6461; loss 0.01121 0.004729
2022-01-21 16:00:20,852 root                INFO: Train: Epoch  53: train loss 0.0038
2022-01-21 16:00:22,691 root                INFO: Valid: Epoch  53: kendall tau 0.5044 0.6350; loss 0.0143 0.005103
2022-01-21 16:00:24,836 root                INFO: Train: Epoch  54: train loss 0.0038
2022-01-21 16:00:26,779 root                INFO: Valid: Epoch  54: kendall tau 0.5268 0.6713; loss 0.01104 0.00489
2022-01-21 16:00:28,831 root                INFO: Train: Epoch  55: train loss 0.0036
2022-01-21 16:00:30,599 root                INFO: Valid: Epoch  55: kendall tau 0.5161 0.6599; loss 0.01032 0.004766
2022-01-21 16:00:32,753 root                INFO: Train: Epoch  56: train loss 0.0034
2022-01-21 16:00:34,642 root                INFO: Valid: Epoch  56: kendall tau 0.5221 0.6663; loss 0.009996 0.00481
2022-01-21 16:00:36,783 root                INFO: Train: Epoch  57: train loss 0.0034
2022-01-21 16:00:38,677 root                INFO: Valid: Epoch  57: kendall tau 0.5278 0.6534; loss 0.01053 0.005047
2022-01-21 16:00:40,808 root                INFO: Train: Epoch  58: train loss 0.0034
2022-01-21 16:00:42,611 root                INFO: Valid: Epoch  58: kendall tau 0.5316 0.6629; loss 0.009063 0.005014
2022-01-21 16:00:44,604 root                INFO: Train: Epoch  59: train loss 0.0034
2022-01-21 16:00:46,575 root                INFO: Valid: Epoch  59: kendall tau 0.5306 0.6603; loss 0.008307 0.004612
2022-01-21 16:00:48,655 root                INFO: Train: Epoch  60: train loss 0.0034
2022-01-21 16:00:50,426 root                INFO: Valid: Epoch  60: kendall tau 0.5330 0.6581; loss 0.01006 0.004942
2022-01-21 16:00:52,533 root                INFO: Train: Epoch  61: train loss 0.0033
2022-01-21 16:00:54,403 root                INFO: Valid: Epoch  61: kendall tau 0.5304 0.6702; loss 0.01013 0.005029
2022-01-21 16:00:56,649 root                INFO: Train: Epoch  62: train loss 0.0034
2022-01-21 16:00:58,416 root                INFO: Valid: Epoch  62: kendall tau 0.5278 0.6567; loss 0.009026 0.005048
2022-01-21 16:01:00,443 root                INFO: Train: Epoch  63: train loss 0.0034
2022-01-21 16:01:02,336 root                INFO: Valid: Epoch  63: kendall tau 0.5502 0.6748; loss 0.00969 0.004989
2022-01-21 16:01:04,427 root                INFO: Train: Epoch  64: train loss 0.0034
2022-01-21 16:01:06,447 root                INFO: Valid: Epoch  64: kendall tau 0.5294 0.6711; loss 0.008593 0.005572
2022-01-21 16:01:08,553 root                INFO: Train: Epoch  65: train loss 0.0034
2022-01-21 16:01:10,418 root                INFO: Valid: Epoch  65: kendall tau 0.5296 0.6767; loss 0.00903 0.005206
2022-01-21 16:01:12,455 root                INFO: Train: Epoch  66: train loss 0.0033
2022-01-21 16:01:14,394 root                INFO: Valid: Epoch  66: kendall tau 0.5455 0.6669; loss 0.008513 0.005832
2022-01-21 16:01:16,457 root                INFO: Train: Epoch  67: train loss 0.0033
2022-01-21 16:01:18,278 root                INFO: Valid: Epoch  67: kendall tau 0.5503 0.6859; loss 0.008951 0.004894
2022-01-21 16:01:20,316 root                INFO: Train: Epoch  68: train loss 0.0033
2022-01-21 16:01:22,177 root                INFO: Valid: Epoch  68: kendall tau 0.5520 0.6984; loss 0.00895 0.004901
2022-01-21 16:01:24,408 root                INFO: Train: Epoch  69: train loss 0.0033
2022-01-21 16:01:26,295 root                INFO: Valid: Epoch  69: kendall tau 0.5566 0.6559; loss 0.008436 0.005532
2022-01-21 16:01:28,370 root                INFO: Train: Epoch  70: train loss 0.0032
2022-01-21 16:01:30,205 root                INFO: Valid: Epoch  70: kendall tau 0.5421 0.6731; loss 0.008007 0.005079
2022-01-21 16:01:32,423 root                INFO: Train: Epoch  71: train loss 0.0033
2022-01-21 16:01:34,287 root                INFO: Valid: Epoch  71: kendall tau 0.5618 0.6848; loss 0.009222 0.004934
2022-01-21 16:01:36,370 root                INFO: Train: Epoch  72: train loss 0.0031
2022-01-21 16:01:38,134 root                INFO: Valid: Epoch  72: kendall tau 0.5454 0.6503; loss 0.008348 0.005902
2022-01-21 16:01:40,159 root                INFO: Train: Epoch  73: train loss 0.0031
2022-01-21 16:01:41,968 root                INFO: Valid: Epoch  73: kendall tau 0.5387 0.6925; loss 0.009199 0.005948
2022-01-21 16:01:44,010 root                INFO: Train: Epoch  74: train loss 0.0031
2022-01-21 16:01:45,800 root                INFO: Valid: Epoch  74: kendall tau 0.5638 0.6901; loss 0.009469 0.005114
2022-01-21 16:01:47,967 root                INFO: Train: Epoch  75: train loss 0.0033
2022-01-21 16:01:49,980 root                INFO: Valid: Epoch  75: kendall tau 0.5607 0.6591; loss 0.009131 0.004885
2022-01-21 16:01:52,001 root                INFO: Train: Epoch  76: train loss 0.0032
2022-01-21 16:01:53,800 root                INFO: Valid: Epoch  76: kendall tau 0.5473 0.6801; loss 0.009397 0.005162
2022-01-21 16:01:55,910 root                INFO: Train: Epoch  77: train loss 0.0031
2022-01-21 16:01:57,849 root                INFO: Valid: Epoch  77: kendall tau 0.5467 0.6847; loss 0.00892 0.005189
2022-01-21 16:01:59,893 root                INFO: Train: Epoch  78: train loss 0.0030
2022-01-21 16:02:01,700 root                INFO: Valid: Epoch  78: kendall tau 0.5504 0.6920; loss 0.009515 0.004944
2022-01-21 16:02:03,936 root                INFO: Train: Epoch  79: train loss 0.0030
2022-01-21 16:02:05,876 root                INFO: Valid: Epoch  79: kendall tau 0.5635 0.7053; loss 0.007864 0.006067
2022-01-21 16:02:07,945 root                INFO: Train: Epoch  80: train loss 0.0033
2022-01-21 16:02:09,823 root                INFO: Valid: Epoch  80: kendall tau 0.5398 0.6860; loss 0.01116 0.005208
2022-01-21 16:02:11,910 root                INFO: Train: Epoch  81: train loss 0.0031
2022-01-21 16:02:13,747 root                INFO: Valid: Epoch  81: kendall tau 0.5533 0.6723; loss 0.008651 0.005574
2022-01-21 16:02:15,952 root                INFO: Train: Epoch  82: train loss 0.0032
2022-01-21 16:02:17,718 root                INFO: Valid: Epoch  82: kendall tau 0.5544 0.6900; loss 0.008953 0.005104
2022-01-21 16:02:19,713 root                INFO: Train: Epoch  83: train loss 0.0031
2022-01-21 16:02:21,540 root                INFO: Valid: Epoch  83: kendall tau 0.5436 0.6840; loss 0.008617 0.005179
2022-01-21 16:02:23,666 root                INFO: Train: Epoch  84: train loss 0.0030
2022-01-21 16:02:25,523 root                INFO: Valid: Epoch  84: kendall tau 0.5514 0.7010; loss 0.008795 0.005728
2022-01-21 16:02:27,630 root                INFO: Train: Epoch  85: train loss 0.0030
2022-01-21 16:02:29,451 root                INFO: Valid: Epoch  85: kendall tau 0.5682 0.6812; loss 0.008947 0.005882
2022-01-21 16:02:31,578 root                INFO: Train: Epoch  86: train loss 0.0029
2022-01-21 16:02:33,412 root                INFO: Valid: Epoch  86: kendall tau 0.5478 0.6929; loss 0.008703 0.0063
2022-01-21 16:02:35,594 root                INFO: Train: Epoch  87: train loss 0.0031
2022-01-21 16:02:37,453 root                INFO: Valid: Epoch  87: kendall tau 0.5647 0.7094; loss 0.008808 0.005104
2022-01-21 16:02:39,519 root                INFO: Train: Epoch  88: train loss 0.0030
2022-01-21 16:02:41,378 root                INFO: Valid: Epoch  88: kendall tau 0.5634 0.6510; loss 0.008555 0.005126
2022-01-21 16:02:43,471 root                INFO: Train: Epoch  89: train loss 0.0029
2022-01-21 16:02:45,387 root                INFO: Valid: Epoch  89: kendall tau 0.5423 0.6477; loss 0.01015 0.006205
2022-01-21 16:02:47,436 root                INFO: Train: Epoch  90: train loss 0.0030
2022-01-21 16:02:49,308 root                INFO: Valid: Epoch  90: kendall tau 0.5500 0.6975; loss 0.008159 0.005157
2022-01-21 16:02:51,386 root                INFO: Train: Epoch  91: train loss 0.0030
2022-01-21 16:02:53,245 root                INFO: Valid: Epoch  91: kendall tau 0.5657 0.6842; loss 0.007746 0.005898
2022-01-21 16:02:55,384 root                INFO: Train: Epoch  92: train loss 0.0028
2022-01-21 16:02:57,269 root                INFO: Valid: Epoch  92: kendall tau 0.5465 0.6993; loss 0.01032 0.00539
2022-01-21 16:02:59,249 root                INFO: Train: Epoch  93: train loss 0.0028
2022-01-21 16:03:01,096 root                INFO: Valid: Epoch  93: kendall tau 0.5627 0.6833; loss 0.008482 0.008108
2022-01-21 16:03:03,234 root                INFO: Train: Epoch  94: train loss 0.0029
2022-01-21 16:03:05,049 root                INFO: Valid: Epoch  94: kendall tau 0.5598 0.7097; loss 0.009202 0.005368
2022-01-21 16:03:07,097 root                INFO: Train: Epoch  95: train loss 0.0029
2022-01-21 16:03:08,896 root                INFO: Valid: Epoch  95: kendall tau 0.5629 0.6781; loss 0.007676 0.004856
2022-01-21 16:03:11,162 root                INFO: Train: Epoch  96: train loss 0.0029
2022-01-21 16:03:13,045 root                INFO: Valid: Epoch  96: kendall tau 0.5708 0.7148; loss 0.009756 0.005232
2022-01-21 16:03:15,098 root                INFO: Train: Epoch  97: train loss 0.0030
2022-01-21 16:03:16,963 root                INFO: Valid: Epoch  97: kendall tau 0.5785 0.7180; loss 0.007595 0.005019
2022-01-21 16:03:19,106 root                INFO: Train: Epoch  98: train loss 0.0028
2022-01-21 16:03:20,974 root                INFO: Valid: Epoch  98: kendall tau 0.5687 0.6940; loss 0.009047 0.00515
2022-01-21 16:03:23,054 root                INFO: Train: Epoch  99: train loss 0.0029
2022-01-21 16:03:24,892 root                INFO: Valid: Epoch  99: kendall tau 0.5543 0.7093; loss 0.009283 0.0068
2022-01-21 16:03:26,911 root                INFO: Train: Epoch 100: train loss 0.0027
2022-01-21 16:03:28,759 root                INFO: Valid: Epoch 100: kendall tau 0.5653 0.7075; loss 0.008733 0.005402
2022-01-21 16:03:30,946 root                INFO: Train: Epoch 101: train loss 0.0028
2022-01-21 16:03:32,765 root                INFO: Valid: Epoch 101: kendall tau 0.5721 0.7011; loss 0.009182 0.005496
2022-01-21 16:03:34,805 root                INFO: Train: Epoch 102: train loss 0.0029
2022-01-21 16:03:36,648 root                INFO: Valid: Epoch 102: kendall tau 0.5765 0.7136; loss 0.008242 0.005048
2022-01-21 16:03:38,849 root                INFO: Train: Epoch 103: train loss 0.0028
2022-01-21 16:03:40,662 root                INFO: Valid: Epoch 103: kendall tau 0.5735 0.6966; loss 0.008314 0.005237
2022-01-21 16:03:42,741 root                INFO: Train: Epoch 104: train loss 0.0028
2022-01-21 16:03:44,537 root                INFO: Valid: Epoch 104: kendall tau 0.5669 0.7020; loss 0.008828 0.005552
2022-01-21 16:03:46,587 root                INFO: Train: Epoch 105: train loss 0.0028
2022-01-21 16:03:48,565 root                INFO: Valid: Epoch 105: kendall tau 0.5607 0.6728; loss 0.009701 0.005869
2022-01-21 16:03:50,603 root                INFO: Train: Epoch 106: train loss 0.0029
2022-01-21 16:03:52,489 root                INFO: Valid: Epoch 106: kendall tau 0.5695 0.7024; loss 0.008206 0.006072
2022-01-21 16:03:54,515 root                INFO: Train: Epoch 107: train loss 0.0026
2022-01-21 16:03:56,334 root                INFO: Valid: Epoch 107: kendall tau 0.5776 0.6971; loss 0.008807 0.005432
2022-01-21 16:03:58,581 root                INFO: Train: Epoch 108: train loss 0.0027
2022-01-21 16:04:00,412 root                INFO: Valid: Epoch 108: kendall tau 0.5731 0.6924; loss 0.007682 0.005558
2022-01-21 16:04:02,419 root                INFO: Train: Epoch 109: train loss 0.0026
2022-01-21 16:04:04,280 root                INFO: Valid: Epoch 109: kendall tau 0.5558 0.6996; loss 0.009004 0.005541
2022-01-21 16:04:06,309 root                INFO: Train: Epoch 110: train loss 0.0026
2022-01-21 16:04:08,264 root                INFO: Valid: Epoch 110: kendall tau 0.5701 0.6854; loss 0.007788 0.006819
2022-01-21 16:04:10,322 root                INFO: Train: Epoch 111: train loss 0.0028
2022-01-21 16:04:12,224 root                INFO: Valid: Epoch 111: kendall tau 0.5442 0.6797; loss 0.008662 0.005741
2022-01-21 16:04:14,345 root                INFO: Train: Epoch 112: train loss 0.0028
2022-01-21 16:04:16,232 root                INFO: Valid: Epoch 112: kendall tau 0.5703 0.6969; loss 0.008718 0.005976
2022-01-21 16:04:18,541 root                INFO: Train: Epoch 113: train loss 0.0027
2022-01-21 16:04:20,417 root                INFO: Valid: Epoch 113: kendall tau 0.5729 0.6935; loss 0.00766 0.005274
2022-01-21 16:04:22,441 root                INFO: Train: Epoch 114: train loss 0.0029
2022-01-21 16:04:24,289 root                INFO: Valid: Epoch 114: kendall tau 0.5464 0.7062; loss 0.009762 0.005592
2022-01-21 16:04:26,345 root                INFO: Train: Epoch 115: train loss 0.0026
2022-01-21 16:04:28,306 root                INFO: Valid: Epoch 115: kendall tau 0.5656 0.6980; loss 0.008449 0.005852
2022-01-21 16:04:30,276 root                INFO: Train: Epoch 116: train loss 0.0026
2022-01-21 16:04:32,076 root                INFO: Valid: Epoch 116: kendall tau 0.5717 0.6805; loss 0.008227 0.005255
2022-01-21 16:04:34,112 root                INFO: Train: Epoch 117: train loss 0.0027
2022-01-21 16:04:35,913 root                INFO: Valid: Epoch 117: kendall tau 0.5449 0.6692; loss 0.00891 0.006119
2022-01-21 16:04:37,981 root                INFO: Train: Epoch 118: train loss 0.0027
2022-01-21 16:04:39,816 root                INFO: Valid: Epoch 118: kendall tau 0.5675 0.6733; loss 0.009401 0.006365
2022-01-21 16:04:41,857 root                INFO: Train: Epoch 119: train loss 0.0030
2022-01-21 16:04:43,642 root                INFO: Valid: Epoch 119: kendall tau 0.5324 0.6666; loss 0.008656 0.007164
2022-01-21 16:04:45,832 root                INFO: Train: Epoch 120: train loss 0.0028
2022-01-21 16:04:47,621 root                INFO: Valid: Epoch 120: kendall tau 0.5653 0.6646; loss 0.009474 0.005419
2022-01-21 16:04:49,644 root                INFO: Train: Epoch 121: train loss 0.0027
2022-01-21 16:04:51,386 root                INFO: Valid: Epoch 121: kendall tau 0.5531 0.6865; loss 0.009079 0.005456
2022-01-21 16:04:53,510 root                INFO: Train: Epoch 122: train loss 0.0027
2022-01-21 16:04:55,228 root                INFO: Valid: Epoch 122: kendall tau 0.5751 0.7028; loss 0.007661 0.005111
2022-01-21 16:04:57,210 root                INFO: Train: Epoch 123: train loss 0.0026
2022-01-21 16:04:58,970 root                INFO: Valid: Epoch 123: kendall tau 0.5555 0.7066; loss 0.01031 0.005673
2022-01-21 16:05:00,951 root                INFO: Train: Epoch 124: train loss 0.0026
2022-01-21 16:05:02,735 root                INFO: Valid: Epoch 124: kendall tau 0.5673 0.7074; loss 0.00923 0.00552
2022-01-21 16:05:04,822 root                INFO: Train: Epoch 125: train loss 0.0026
2022-01-21 16:05:06,631 root                INFO: Valid: Epoch 125: kendall tau 0.5515 0.6833; loss 0.008082 0.006216
2022-01-21 16:05:08,655 root                INFO: Train: Epoch 126: train loss 0.0026
2022-01-21 16:05:10,453 root                INFO: Valid: Epoch 126: kendall tau 0.5521 0.7143; loss 0.01118 0.005632
2022-01-21 16:05:12,436 root                INFO: Train: Epoch 127: train loss 0.0027
2022-01-21 16:05:14,434 root                INFO: Valid: Epoch 127: kendall tau 0.5589 0.7003; loss 0.009325 0.005765
2022-01-21 16:05:16,422 root                INFO: Train: Epoch 128: train loss 0.0024
2022-01-21 16:05:18,203 root                INFO: Valid: Epoch 128: kendall tau 0.5593 0.7005; loss 0.01052 0.005762
2022-01-21 16:05:20,190 root                INFO: Train: Epoch 129: train loss 0.0025
2022-01-21 16:05:22,126 root                INFO: Valid: Epoch 129: kendall tau 0.5576 0.6951; loss 0.008404 0.005375
2022-01-21 16:05:24,163 root                INFO: Train: Epoch 130: train loss 0.0025
2022-01-21 16:05:25,918 root                INFO: Valid: Epoch 130: kendall tau 0.5606 0.7058; loss 0.008756 0.005408
2022-01-21 16:05:27,882 root                INFO: Train: Epoch 131: train loss 0.0024
2022-01-21 16:05:29,854 root                INFO: Valid: Epoch 131: kendall tau 0.5522 0.7080; loss 0.009599 0.005753
2022-01-21 16:05:31,841 root                INFO: Train: Epoch 132: train loss 0.0027
2022-01-21 16:05:33,629 root                INFO: Valid: Epoch 132: kendall tau 0.5705 0.6414; loss 0.008073 0.006924
2022-01-21 16:05:35,626 root                INFO: Train: Epoch 133: train loss 0.0043
2022-01-21 16:05:37,404 root                INFO: Valid: Epoch 133: kendall tau 0.5534 0.7013; loss 0.008497 0.005734
2022-01-21 16:05:39,547 root                INFO: Train: Epoch 134: train loss 0.0031
2022-01-21 16:05:41,331 root                INFO: Valid: Epoch 134: kendall tau 0.5730 0.6397; loss 0.008037 0.005303
2022-01-21 16:05:43,318 root                INFO: Train: Epoch 135: train loss 0.0028
2022-01-21 16:05:45,091 root                INFO: Valid: Epoch 135: kendall tau 0.5329 0.6465; loss 0.01044 0.00523
2022-01-21 16:05:47,204 root                INFO: Train: Epoch 136: train loss 0.0026
2022-01-21 16:05:48,968 root                INFO: Valid: Epoch 136: kendall tau 0.5674 0.7010; loss 0.008718 0.005251
2022-01-21 16:05:50,955 root                INFO: Train: Epoch 137: train loss 0.0025
2022-01-21 16:05:52,708 root                INFO: Valid: Epoch 137: kendall tau 0.5571 0.6573; loss 0.008934 0.005348
2022-01-21 16:05:54,748 root                INFO: Train: Epoch 138: train loss 0.0025
2022-01-21 16:05:56,641 root                INFO: Valid: Epoch 138: kendall tau 0.5715 0.6784; loss 0.008078 0.005323
2022-01-21 16:05:58,710 root                INFO: Train: Epoch 139: train loss 0.0025
2022-01-21 16:06:00,476 root                INFO: Valid: Epoch 139: kendall tau 0.5654 0.7064; loss 0.008328 0.005255
2022-01-21 16:06:02,497 root                INFO: Train: Epoch 140: train loss 0.0025
2022-01-21 16:06:04,423 root                INFO: Valid: Epoch 140: kendall tau 0.5505 0.6943; loss 0.009903 0.005624
2022-01-21 16:06:06,460 root                INFO: Train: Epoch 141: train loss 0.0025
2022-01-21 16:06:08,225 root                INFO: Valid: Epoch 141: kendall tau 0.5691 0.7161; loss 0.007965 0.005499
2022-01-21 16:06:10,242 root                INFO: Train: Epoch 142: train loss 0.0024
2022-01-21 16:06:12,010 root                INFO: Valid: Epoch 142: kendall tau 0.5488 0.7036; loss 0.01064 0.005842
2022-01-21 16:06:14,165 root                INFO: Train: Epoch 143: train loss 0.0024
2022-01-21 16:06:16,012 root                INFO: Valid: Epoch 143: kendall tau 0.5610 0.7078; loss 0.009454 0.005732
2022-01-21 16:06:17,996 root                INFO: Train: Epoch 144: train loss 0.0023
2022-01-21 16:06:19,789 root                INFO: Valid: Epoch 144: kendall tau 0.5769 0.7172; loss 0.007601 0.00631
2022-01-21 16:06:21,799 root                INFO: Train: Epoch 145: train loss 0.0025
2022-01-21 16:06:23,657 root                INFO: Valid: Epoch 145: kendall tau 0.5558 0.6812; loss 0.008802 0.005827
2022-01-21 16:06:25,651 root                INFO: Train: Epoch 146: train loss 0.0024
2022-01-21 16:06:27,470 root                INFO: Valid: Epoch 146: kendall tau 0.5594 0.6820; loss 0.008834 0.005923
2022-01-21 16:06:29,466 root                INFO: Train: Epoch 147: train loss 0.0023
2022-01-21 16:06:31,426 root                INFO: Valid: Epoch 147: kendall tau 0.5538 0.7216; loss 0.009034 0.005529
2022-01-21 16:06:33,446 root                INFO: Train: Epoch 148: train loss 0.0025
2022-01-21 16:06:35,250 root                INFO: Valid: Epoch 148: kendall tau 0.5610 0.6842; loss 0.008593 0.005799
2022-01-21 16:06:37,268 root                INFO: Train: Epoch 149: train loss 0.0023
2022-01-21 16:06:39,196 root                INFO: Valid: Epoch 149: kendall tau 0.5623 0.7214; loss 0.009462 0.005571
2022-01-21 16:06:41,219 root                INFO: Train: Epoch 150: train loss 0.0024
2022-01-21 16:06:43,043 root                INFO: Valid: Epoch 150: kendall tau 0.5535 0.6958; loss 0.008327 0.00668
2022-01-21 16:06:45,112 root                INFO: Train: Epoch 151: train loss 0.0035
2022-01-21 16:06:47,000 root                INFO: Valid: Epoch 151: kendall tau 0.5758 0.6328; loss 0.00813 0.005702
2022-01-21 16:06:48,999 root                INFO: Train: Epoch 152: train loss 0.0029
2022-01-21 16:06:50,794 root                INFO: Valid: Epoch 152: kendall tau 0.5633 0.7226; loss 0.007547 0.004909
2022-01-21 16:06:52,742 root                INFO: Train: Epoch 153: train loss 0.0025
2022-01-21 16:06:54,564 root                INFO: Valid: Epoch 153: kendall tau 0.5561 0.6826; loss 0.008952 0.005957
2022-01-21 16:06:56,617 root                INFO: Train: Epoch 154: train loss 0.0024
2022-01-21 16:06:58,413 root                INFO: Valid: Epoch 154: kendall tau 0.5567 0.6929; loss 0.009163 0.005443
2022-01-21 16:07:00,493 root                INFO: Train: Epoch 155: train loss 0.0025
2022-01-21 16:07:02,266 root                INFO: Valid: Epoch 155: kendall tau 0.5492 0.7123; loss 0.009008 0.005219
2022-01-21 16:07:04,261 root                INFO: Train: Epoch 156: train loss 0.0024
2022-01-21 16:07:06,217 root                INFO: Valid: Epoch 156: kendall tau 0.5622 0.7034; loss 0.009903 0.005818
2022-01-21 16:07:08,216 root                INFO: Train: Epoch 157: train loss 0.0024
2022-01-21 16:07:09,976 root                INFO: Valid: Epoch 157: kendall tau 0.5538 0.6994; loss 0.009187 0.005484
2022-01-21 16:07:11,985 root                INFO: Train: Epoch 158: train loss 0.0023
2022-01-21 16:07:13,868 root                INFO: Valid: Epoch 158: kendall tau 0.5478 0.7062; loss 0.009703 0.005676
2022-01-21 16:07:15,842 root                INFO: Train: Epoch 159: train loss 0.0023
2022-01-21 16:07:17,661 root                INFO: Valid: Epoch 159: kendall tau 0.5557 0.7098; loss 0.009412 0.005491
2022-01-21 16:07:19,675 root                INFO: Train: Epoch 160: train loss 0.0023
2022-01-21 16:07:21,470 root                INFO: Valid: Epoch 160: kendall tau 0.5713 0.7013; loss 0.008157 0.005746
2022-01-21 16:07:23,597 root                INFO: Train: Epoch 161: train loss 0.0022
2022-01-21 16:07:25,342 root                INFO: Valid: Epoch 161: kendall tau 0.5529 0.7053; loss 0.008637 0.005627
2022-01-21 16:07:27,317 root                INFO: Train: Epoch 162: train loss 0.0022
2022-01-21 16:07:29,147 root                INFO: Valid: Epoch 162: kendall tau 0.5535 0.6867; loss 0.008776 0.005587
2022-01-21 16:07:31,260 root                INFO: Train: Epoch 163: train loss 0.0022
2022-01-21 16:07:33,023 root                INFO: Valid: Epoch 163: kendall tau 0.5565 0.7160; loss 0.00918 0.005731
2022-01-21 16:07:34,991 root                INFO: Train: Epoch 164: train loss 0.0022
2022-01-21 16:07:36,785 root                INFO: Valid: Epoch 164: kendall tau 0.5549 0.7158; loss 0.009834 0.005672
2022-01-21 16:07:38,803 root                INFO: Train: Epoch 165: train loss 0.0023
2022-01-21 16:07:40,719 root                INFO: Valid: Epoch 165: kendall tau 0.5525 0.7174; loss 0.00813 0.005153
2022-01-21 16:07:42,689 root                INFO: Train: Epoch 166: train loss 0.0024
2022-01-21 16:07:44,473 root                INFO: Valid: Epoch 166: kendall tau 0.5561 0.7087; loss 0.008509 0.00581
2022-01-21 16:07:46,459 root                INFO: Train: Epoch 167: train loss 0.0022
2022-01-21 16:07:48,392 root                INFO: Valid: Epoch 167: kendall tau 0.5556 0.7056; loss 0.008882 0.005605
2022-01-21 16:07:50,363 root                INFO: Train: Epoch 168: train loss 0.0021
2022-01-21 16:07:52,181 root                INFO: Valid: Epoch 168: kendall tau 0.5694 0.7095; loss 0.008143 0.005655
2022-01-21 16:07:54,157 root                INFO: Train: Epoch 169: train loss 0.0022
2022-01-21 16:07:55,952 root                INFO: Valid: Epoch 169: kendall tau 0.5510 0.7144; loss 0.00979 0.005961
2022-01-21 16:07:58,099 root                INFO: Train: Epoch 170: train loss 0.0022
2022-01-21 16:07:59,921 root                INFO: Valid: Epoch 170: kendall tau 0.5599 0.6967; loss 0.008818 0.005583
2022-01-21 16:08:01,910 root                INFO: Train: Epoch 171: train loss 0.0022
2022-01-21 16:08:03,684 root                INFO: Valid: Epoch 171: kendall tau 0.5526 0.6914; loss 0.008043 0.005505
2022-01-21 16:08:05,841 root                INFO: Train: Epoch 172: train loss 0.0022
2022-01-21 16:08:07,636 root                INFO: Valid: Epoch 172: kendall tau 0.5551 0.6969; loss 0.007925 0.005527
2022-01-21 16:08:09,640 root                INFO: Train: Epoch 173: train loss 0.0022
2022-01-21 16:08:11,389 root                INFO: Valid: Epoch 173: kendall tau 0.5509 0.6843; loss 0.00951 0.005879
2022-01-21 16:08:13,440 root                INFO: Train: Epoch 174: train loss 0.0021
2022-01-21 16:08:15,300 root                INFO: Valid: Epoch 174: kendall tau 0.5678 0.7135; loss 0.008957 0.005624
2022-01-21 16:08:17,255 root                INFO: Train: Epoch 175: train loss 0.0021
2022-01-21 16:08:19,008 root                INFO: Valid: Epoch 175: kendall tau 0.5665 0.7100; loss 0.00903 0.005578
2022-01-21 16:08:21,010 root                INFO: Train: Epoch 176: train loss 0.0021
2022-01-21 16:08:22,937 root                INFO: Valid: Epoch 176: kendall tau 0.5427 0.7094; loss 0.009758 0.006279
2022-01-21 16:08:24,943 root                INFO: Train: Epoch 177: train loss 0.0021
2022-01-21 16:08:26,711 root                INFO: Valid: Epoch 177: kendall tau 0.5634 0.7130; loss 0.009699 0.005615
2022-01-21 16:08:28,703 root                INFO: Train: Epoch 178: train loss 0.0021
2022-01-21 16:08:30,471 root                INFO: Valid: Epoch 178: kendall tau 0.5497 0.7112; loss 0.009074 0.005687
2022-01-21 16:08:32,590 root                INFO: Train: Epoch 179: train loss 0.0020
2022-01-21 16:08:34,382 root                INFO: Valid: Epoch 179: kendall tau 0.5610 0.7179; loss 0.00869 0.005615
2022-01-21 16:08:36,347 root                INFO: Train: Epoch 180: train loss 0.0022
2022-01-21 16:08:38,113 root                INFO: Valid: Epoch 180: kendall tau 0.5428 0.6881; loss 0.01091 0.005354
2022-01-21 16:08:40,182 root                INFO: Train: Epoch 181: train loss 0.0020
2022-01-21 16:08:41,972 root                INFO: Valid: Epoch 181: kendall tau 0.5409 0.7054; loss 0.009459 0.005762
2022-01-21 16:08:43,952 root                INFO: Train: Epoch 182: train loss 0.0020
2022-01-21 16:08:45,716 root                INFO: Valid: Epoch 182: kendall tau 0.5595 0.7079; loss 0.008322 0.005797
2022-01-21 16:08:47,665 root                INFO: Train: Epoch 183: train loss 0.0020
2022-01-21 16:08:49,585 root                INFO: Valid: Epoch 183: kendall tau 0.5608 0.7114; loss 0.008466 0.005391
2022-01-21 16:08:51,565 root                INFO: Train: Epoch 184: train loss 0.0019
2022-01-21 16:08:53,339 root                INFO: Valid: Epoch 184: kendall tau 0.5542 0.7073; loss 0.008833 0.005544
2022-01-21 16:08:55,324 root                INFO: Train: Epoch 185: train loss 0.0020
2022-01-21 16:08:57,077 root                INFO: Valid: Epoch 185: kendall tau 0.5489 0.6899; loss 0.009163 0.00598
2022-01-21 16:08:59,128 root                INFO: Train: Epoch 186: train loss 0.0020
2022-01-21 16:09:00,849 root                INFO: Valid: Epoch 186: kendall tau 0.5510 0.6889; loss 0.009339 0.005866
2022-01-21 16:09:02,819 root                INFO: Train: Epoch 187: train loss 0.0021
2022-01-21 16:09:04,581 root                INFO: Valid: Epoch 187: kendall tau 0.5513 0.6790; loss 0.009061 0.005759
2022-01-21 16:09:06,686 root                INFO: Train: Epoch 188: train loss 0.0022
2022-01-21 16:09:08,412 root                INFO: Valid: Epoch 188: kendall tau 0.5560 0.6934; loss 0.009584 0.00616
2022-01-21 16:09:10,392 root                INFO: Train: Epoch 189: train loss 0.0022
2022-01-21 16:09:12,168 root                INFO: Valid: Epoch 189: kendall tau 0.5524 0.6981; loss 0.009312 0.005851
2022-01-21 16:09:14,141 root                INFO: Train: Epoch 190: train loss 0.0021
2022-01-21 16:09:16,004 root                INFO: Valid: Epoch 190: kendall tau 0.5548 0.6970; loss 0.009228 0.005805
2022-01-21 16:09:17,998 root                INFO: Train: Epoch 191: train loss 0.0020
2022-01-21 16:09:19,783 root                INFO: Valid: Epoch 191: kendall tau 0.5588 0.6973; loss 0.008921 0.005675
2022-01-21 16:09:21,791 root                INFO: Train: Epoch 192: train loss 0.0020
2022-01-21 16:09:23,697 root                INFO: Valid: Epoch 192: kendall tau 0.5494 0.7002; loss 0.008855 0.006139
2022-01-21 16:09:25,668 root                INFO: Train: Epoch 193: train loss 0.0020
2022-01-21 16:09:27,526 root                INFO: Valid: Epoch 193: kendall tau 0.5425 0.6700; loss 0.009306 0.006122
2022-01-21 16:09:29,504 root                INFO: Train: Epoch 194: train loss 0.0019
2022-01-21 16:09:31,258 root                INFO: Valid: Epoch 194: kendall tau 0.5404 0.6878; loss 0.009795 0.00591
2022-01-21 16:09:33,396 root                INFO: Train: Epoch 195: train loss 0.0020
2022-01-21 16:09:35,185 root                INFO: Valid: Epoch 195: kendall tau 0.5531 0.7020; loss 0.009108 0.005777
2022-01-21 16:09:37,164 root                INFO: Train: Epoch 196: train loss 0.0019
2022-01-21 16:09:38,984 root                INFO: Valid: Epoch 196: kendall tau 0.5492 0.7164; loss 0.01034 0.006107
2022-01-21 16:09:41,089 root                INFO: Train: Epoch 197: train loss 0.0029
2022-01-21 16:09:42,951 root                INFO: Valid: Epoch 197: kendall tau 0.5407 0.6726; loss 0.00968 0.006001
2022-01-21 16:09:45,013 root                INFO: Train: Epoch 198: train loss 0.0024
2022-01-21 16:09:46,785 root                INFO: Valid: Epoch 198: kendall tau 0.5566 0.6672; loss 0.009521 0.005639
2022-01-21 16:09:48,802 root                INFO: Train: Epoch 199: train loss 0.0022
2022-01-21 16:09:50,693 root                INFO: Valid: Epoch 199: kendall tau 0.5509 0.6523; loss 0.00877 0.005701
2022-01-21 16:09:52,713 root                INFO: Train: Epoch 200: train loss 0.0021
2022-01-21 16:09:54,467 root                INFO: Valid: Epoch 200: kendall tau 0.5533 0.6885; loss 0.008205 0.005718
2022-01-21 16:09:54,473 root                INFO: Epoch 200: Save checkpoint to nb1shot1_anytime_tagates/tagates_1/123/202121/200.ckpt
2022-01-21 16:09:56,290 root                INFO: [0.0, 0.16666666666666666, 0.18055555555555555, 0.3598901098901099, 0.4663923182441701, 0.7750342935528121, 1.0]
2022-01-21 16:09:56,290 root                INFO: [0.14285714285714285, 0.4166666666666667, 0.4861111111111111, 0.6016483516483516, 0.6652949245541838, 0.8496570644718793, 1.0]
2022-01-21 16:09:56,290 root                INFO: [8, 8]
2022-01-21 16:09:56,290 root                INFO: [2, 2]
