2022-01-21 17:33:31,301 root                INFO: GPU device = 2
2022-01-21 17:33:31,301 root                INFO: Load pkl cache from nasbench301_train.pkl and nasbench301_valid.pkl
2022-01-21 17:33:31,912 root                INFO: Config: {'arch_network_cfg': {'arch_embedder_cfg': {'take_adj_as_input': True, 'gcn_kwargs': {'residual_only': 2}, 'gcn_out_dims': [64, 64, 64, 64, 64], 'hidden_dim': 32, 'node_dim': 32, 'op_dim': 32, 'use_bn': False, 'final_concat': False, 'other_node_zero': False, 'num_time_steps': 2, 'fb_conversion_dims': [64, 64], 'backward_gcn_out_dims': [64, 64, 64, 64, 64], 'updateopemb_method': 'concat_ofb', 'updateopemb_dims': [64], 'share_skip_and_outskip': True, 'detach_vinfo': False, 'updateopemb_scale': 0.1, 'updateopemb_detach_opemb': True, 'updateopemb_detach_finfo': True, 'mask_nonparametrized_ops': True, 'symmetry_breaking_method': 'param_zs_add', 'concat_param_zs_as_opemb_dimension': 5, 'concat_param_zs_as_opemb_scale': 1.0}, 'arch_embedder_type': 'cellss-fbflow-anytime', 'compare_loss_type': 'margin_linear', 'compare_margin': 0.1, 'mlp_dropout': 0.1, 'mlp_hiddens': [200], 'mlp_out_dim': 1, 'optimizer': {'lr': 0.001, 'type': 'Adam'}, 'scheduler': None}, 'arch_network_type': 'pointwise_comparator', 'batch_size': 128, 'choose_pair_criterion': 'random', 'compare': False, 'compare_threshold': 0.0, 'epochs': 200, 'max_compare_ratio': 16.0}
2022-01-21 17:33:35,107 root                INFO: Combined args: Namespace(arch_network_type='pointwise_comparator', batch_size=128, cfg_file='cfgs/nb301_cfgs/tagates_anytime.yaml', choose_pair_criterion='random', compare=False, compare_threshold=0.0, epochs=200, eval_only_last=1, gpu=2, load=None, max_compare_ratio=16.0, num_workers=4, report_freq=200, save_every=200, save_predict=None, seed=202121, test_funcs=None, test_only=False, train_dir='nb301_anytime_tagates/tagates_0.005/1/202121', train_pkl='../mynas/data/nasbench-301/nasbench301_train_mtx_anytime_1.pkl', train_ratio=0.005, valid_pkl='../mynas/data/nasbench-301/nasbench301_valid_mtx_anytime.pkl')
2022-01-21 17:33:35,115 root                INFO: Train dataset ratio: 0.005
2022-01-21 17:33:35,116 root                INFO: Number of architectures: train: 29; valid: 51072
2022-01-21 17:33:48,590 root                INFO: Train: Epoch   1: train loss 0.3466
2022-01-21 17:33:48,986 root                INFO: Train: Epoch   2: train loss 0.3390
2022-01-21 17:33:49,397 root                INFO: Train: Epoch   3: train loss 0.3314
2022-01-21 17:33:49,798 root                INFO: Train: Epoch   4: train loss 0.3236
2022-01-21 17:33:50,201 root                INFO: Train: Epoch   5: train loss 0.3128
2022-01-21 17:33:50,629 root                INFO: Train: Epoch   6: train loss 0.2992
2022-01-21 17:33:51,049 root                INFO: Train: Epoch   7: train loss 0.2809
2022-01-21 17:33:51,502 root                INFO: Train: Epoch   8: train loss 0.2601
2022-01-21 17:33:51,919 root                INFO: Train: Epoch   9: train loss 0.2319
2022-01-21 17:33:52,339 root                INFO: Train: Epoch  10: train loss 0.1977
2022-01-21 17:33:52,758 root                INFO: Train: Epoch  11: train loss 0.1571
2022-01-21 17:33:53,185 root                INFO: Train: Epoch  12: train loss 0.1121
2022-01-21 17:33:53,651 root                INFO: Train: Epoch  13: train loss 0.0689
2022-01-21 17:33:54,074 root                INFO: Train: Epoch  14: train loss 0.0307
2022-01-21 17:33:54,500 root                INFO: Train: Epoch  15: train loss 0.0104
2022-01-21 17:33:54,954 root                INFO: Train: Epoch  16: train loss 0.0061
2022-01-21 17:33:55,421 root                INFO: Train: Epoch  17: train loss 0.0092
2022-01-21 17:33:55,847 root                INFO: Train: Epoch  18: train loss 0.0131
2022-01-21 17:33:56,288 root                INFO: Train: Epoch  19: train loss 0.0155
2022-01-21 17:33:56,754 root                INFO: Train: Epoch  20: train loss 0.0167
2022-01-21 17:33:57,233 root                INFO: Train: Epoch  21: train loss 0.0173
2022-01-21 17:33:57,681 root                INFO: Train: Epoch  22: train loss 0.0176
2022-01-21 17:33:58,174 root                INFO: Train: Epoch  23: train loss 0.0177
2022-01-21 17:33:58,637 root                INFO: Train: Epoch  24: train loss 0.0178
2022-01-21 17:33:59,113 root                INFO: Train: Epoch  25: train loss 0.0178
2022-01-21 17:33:59,577 root                INFO: Train: Epoch  26: train loss 0.0178
2022-01-21 17:34:00,053 root                INFO: Train: Epoch  27: train loss 0.0178
2022-01-21 17:34:00,548 root                INFO: Train: Epoch  28: train loss 0.0178
2022-01-21 17:34:01,002 root                INFO: Train: Epoch  29: train loss 0.0178
2022-01-21 17:34:01,470 root                INFO: Train: Epoch  30: train loss 0.0178
2022-01-21 17:34:01,928 root                INFO: Train: Epoch  31: train loss 0.0178
2022-01-21 17:34:02,382 root                INFO: Train: Epoch  32: train loss 0.0178
2022-01-21 17:34:02,838 root                INFO: Train: Epoch  33: train loss 0.0178
2022-01-21 17:34:03,314 root                INFO: Train: Epoch  34: train loss 0.0178
2022-01-21 17:34:03,742 root                INFO: Train: Epoch  35: train loss 0.0178
2022-01-21 17:34:04,173 root                INFO: Train: Epoch  36: train loss 0.0178
2022-01-21 17:34:04,630 root                INFO: Train: Epoch  37: train loss 0.0178
2022-01-21 17:34:05,086 root                INFO: Train: Epoch  38: train loss 0.0178
2022-01-21 17:34:05,547 root                INFO: Train: Epoch  39: train loss 0.0178
2022-01-21 17:34:06,009 root                INFO: Train: Epoch  40: train loss 0.0178
2022-01-21 17:34:06,491 root                INFO: Train: Epoch  41: train loss 0.0178
2022-01-21 17:34:06,977 root                INFO: Train: Epoch  42: train loss 0.0178
2022-01-21 17:34:07,435 root                INFO: Train: Epoch  43: train loss 0.0178
2022-01-21 17:34:07,895 root                INFO: Train: Epoch  44: train loss 0.0178
2022-01-21 17:34:08,372 root                INFO: Train: Epoch  45: train loss 0.0178
2022-01-21 17:34:08,829 root                INFO: Train: Epoch  46: train loss 0.0178
2022-01-21 17:34:09,314 root                INFO: Train: Epoch  47: train loss 0.0178
2022-01-21 17:34:09,751 root                INFO: Train: Epoch  48: train loss 0.0178
2022-01-21 17:34:10,200 root                INFO: Train: Epoch  49: train loss 0.0178
2022-01-21 17:34:10,672 root                INFO: Train: Epoch  50: train loss 0.0178
2022-01-21 17:34:11,139 root                INFO: Train: Epoch  51: train loss 0.0178
2022-01-21 17:34:11,596 root                INFO: Train: Epoch  52: train loss 0.0178
2022-01-21 17:34:12,094 root                INFO: Train: Epoch  53: train loss 0.0178
2022-01-21 17:34:12,568 root                INFO: Train: Epoch  54: train loss 0.0178
2022-01-21 17:34:13,030 root                INFO: Train: Epoch  55: train loss 0.0178
2022-01-21 17:34:13,474 root                INFO: Train: Epoch  56: train loss 0.0178
2022-01-21 17:34:13,955 root                INFO: Train: Epoch  57: train loss 0.0178
2022-01-21 17:34:14,421 root                INFO: Train: Epoch  58: train loss 0.0178
2022-01-21 17:34:14,914 root                INFO: Train: Epoch  59: train loss 0.0178
2022-01-21 17:34:15,382 root                INFO: Train: Epoch  60: train loss 0.0178
2022-01-21 17:34:15,832 root                INFO: Train: Epoch  61: train loss 0.0178
2022-01-21 17:34:16,270 root                INFO: Train: Epoch  62: train loss 0.0178
2022-01-21 17:34:16,733 root                INFO: Train: Epoch  63: train loss 0.0178
2022-01-21 17:34:17,220 root                INFO: Train: Epoch  64: train loss 0.0178
2022-01-21 17:34:17,686 root                INFO: Train: Epoch  65: train loss 0.0178
2022-01-21 17:34:18,126 root                INFO: Train: Epoch  66: train loss 0.0178
2022-01-21 17:34:18,605 root                INFO: Train: Epoch  67: train loss 0.0178
2022-01-21 17:34:19,091 root                INFO: Train: Epoch  68: train loss 0.0178
2022-01-21 17:34:19,570 root                INFO: Train: Epoch  69: train loss 0.0178
2022-01-21 17:34:20,055 root                INFO: Train: Epoch  70: train loss 0.0178
2022-01-21 17:34:20,550 root                INFO: Train: Epoch  71: train loss 0.0178
2022-01-21 17:34:21,041 root                INFO: Train: Epoch  72: train loss 0.0178
2022-01-21 17:34:21,517 root                INFO: Train: Epoch  73: train loss 0.0178
2022-01-21 17:34:21,989 root                INFO: Train: Epoch  74: train loss 0.0178
2022-01-21 17:34:22,466 root                INFO: Train: Epoch  75: train loss 0.0178
2022-01-21 17:34:22,937 root                INFO: Train: Epoch  76: train loss 0.0178
2022-01-21 17:34:23,483 root                INFO: Train: Epoch  77: train loss 0.0178
2022-01-21 17:34:23,970 root                INFO: Train: Epoch  78: train loss 0.0178
2022-01-21 17:34:24,458 root                INFO: Train: Epoch  79: train loss 0.0178
2022-01-21 17:34:24,938 root                INFO: Train: Epoch  80: train loss 0.0178
2022-01-21 17:34:25,429 root                INFO: Train: Epoch  81: train loss 0.0178
2022-01-21 17:34:25,901 root                INFO: Train: Epoch  82: train loss 0.0178
2022-01-21 17:34:26,397 root                INFO: Train: Epoch  83: train loss 0.0178
2022-01-21 17:34:26,844 root                INFO: Train: Epoch  84: train loss 0.0178
2022-01-21 17:34:27,327 root                INFO: Train: Epoch  85: train loss 0.0178
2022-01-21 17:34:27,806 root                INFO: Train: Epoch  86: train loss 0.0178
2022-01-21 17:34:28,297 root                INFO: Train: Epoch  87: train loss 0.0178
2022-01-21 17:34:28,797 root                INFO: Train: Epoch  88: train loss 0.0178
2022-01-21 17:34:29,270 root                INFO: Train: Epoch  89: train loss 0.0178
2022-01-21 17:34:29,771 root                INFO: Train: Epoch  90: train loss 0.0178
2022-01-21 17:34:30,250 root                INFO: Train: Epoch  91: train loss 0.0178
2022-01-21 17:34:30,750 root                INFO: Train: Epoch  92: train loss 0.0178
2022-01-21 17:34:31,225 root                INFO: Train: Epoch  93: train loss 0.0178
2022-01-21 17:34:31,702 root                INFO: Train: Epoch  94: train loss 0.0178
2022-01-21 17:34:32,211 root                INFO: Train: Epoch  95: train loss 0.0178
2022-01-21 17:34:32,712 root                INFO: Train: Epoch  96: train loss 0.0178
2022-01-21 17:34:33,205 root                INFO: Train: Epoch  97: train loss 0.0178
2022-01-21 17:34:33,667 root                INFO: Train: Epoch  98: train loss 0.0178
2022-01-21 17:34:34,136 root                INFO: Train: Epoch  99: train loss 0.0178
2022-01-21 17:34:34,609 root                INFO: Train: Epoch 100: train loss 0.0178
2022-01-21 17:34:35,081 root                INFO: Train: Epoch 101: train loss 0.0178
2022-01-21 17:34:35,583 root                INFO: Train: Epoch 102: train loss 0.0178
2022-01-21 17:34:36,061 root                INFO: Train: Epoch 103: train loss 0.0178
2022-01-21 17:34:36,565 root                INFO: Train: Epoch 104: train loss 0.0178
2022-01-21 17:34:37,045 root                INFO: Train: Epoch 105: train loss 0.0178
2022-01-21 17:34:37,566 root                INFO: Train: Epoch 106: train loss 0.0178
2022-01-21 17:34:38,057 root                INFO: Train: Epoch 107: train loss 0.0178
2022-01-21 17:34:38,530 root                INFO: Train: Epoch 108: train loss 0.0178
2022-01-21 17:34:39,003 root                INFO: Train: Epoch 109: train loss 0.0178
2022-01-21 17:34:39,479 root                INFO: Train: Epoch 110: train loss 0.0178
2022-01-21 17:34:39,985 root                INFO: Train: Epoch 111: train loss 0.0178
2022-01-21 17:34:40,486 root                INFO: Train: Epoch 112: train loss 0.0178
2022-01-21 17:34:40,985 root                INFO: Train: Epoch 113: train loss 0.0178
2022-01-21 17:34:41,485 root                INFO: Train: Epoch 114: train loss 0.0178
2022-01-21 17:34:41,961 root                INFO: Train: Epoch 115: train loss 0.0178
2022-01-21 17:34:42,470 root                INFO: Train: Epoch 116: train loss 0.0178
2022-01-21 17:34:42,950 root                INFO: Train: Epoch 117: train loss 0.0178
2022-01-21 17:34:43,436 root                INFO: Train: Epoch 118: train loss 0.0178
2022-01-21 17:34:43,893 root                INFO: Train: Epoch 119: train loss 0.0178
2022-01-21 17:34:44,398 root                INFO: Train: Epoch 120: train loss 0.0178
2022-01-21 17:34:44,902 root                INFO: Train: Epoch 121: train loss 0.0178
2022-01-21 17:34:45,381 root                INFO: Train: Epoch 122: train loss 0.0178
2022-01-21 17:34:45,866 root                INFO: Train: Epoch 123: train loss 0.0178
2022-01-21 17:34:46,375 root                INFO: Train: Epoch 124: train loss 0.0178
2022-01-21 17:34:46,904 root                INFO: Train: Epoch 125: train loss 0.0178
2022-01-21 17:34:47,416 root                INFO: Train: Epoch 126: train loss 0.0178
2022-01-21 17:34:47,878 root                INFO: Train: Epoch 127: train loss 0.0178
2022-01-21 17:34:48,355 root                INFO: Train: Epoch 128: train loss 0.0178
2022-01-21 17:34:48,854 root                INFO: Train: Epoch 129: train loss 0.0178
2022-01-21 17:34:49,360 root                INFO: Train: Epoch 130: train loss 0.0178
2022-01-21 17:34:49,849 root                INFO: Train: Epoch 131: train loss 0.0178
2022-01-21 17:34:50,361 root                INFO: Train: Epoch 132: train loss 0.0178
2022-01-21 17:34:50,882 root                INFO: Train: Epoch 133: train loss 0.0178
2022-01-21 17:34:51,350 root                INFO: Train: Epoch 134: train loss 0.0178
2022-01-21 17:34:51,832 root                INFO: Train: Epoch 135: train loss 0.0178
2022-01-21 17:34:52,344 root                INFO: Train: Epoch 136: train loss 0.0178
2022-01-21 17:34:52,853 root                INFO: Train: Epoch 137: train loss 0.0178
2022-01-21 17:34:53,367 root                INFO: Train: Epoch 138: train loss 0.0178
2022-01-21 17:34:53,846 root                INFO: Train: Epoch 139: train loss 0.0178
2022-01-21 17:34:54,344 root                INFO: Train: Epoch 140: train loss 0.0178
2022-01-21 17:34:54,833 root                INFO: Train: Epoch 141: train loss 0.0178
2022-01-21 17:34:55,338 root                INFO: Train: Epoch 142: train loss 0.0178
2022-01-21 17:34:55,825 root                INFO: Train: Epoch 143: train loss 0.0178
2022-01-21 17:34:56,311 root                INFO: Train: Epoch 144: train loss 0.0178
2022-01-21 17:34:56,825 root                INFO: Train: Epoch 145: train loss 0.0178
2022-01-21 17:34:57,350 root                INFO: Train: Epoch 146: train loss 0.0178
2022-01-21 17:34:57,823 root                INFO: Train: Epoch 147: train loss 0.0178
2022-01-21 17:34:58,362 root                INFO: Train: Epoch 148: train loss 0.0178
2022-01-21 17:34:58,856 root                INFO: Train: Epoch 149: train loss 0.0178
2022-01-21 17:34:59,358 root                INFO: Train: Epoch 150: train loss 0.0178
2022-01-21 17:34:59,828 root                INFO: Train: Epoch 151: train loss 0.0178
2022-01-21 17:35:00,314 root                INFO: Train: Epoch 152: train loss 0.0178
2022-01-21 17:35:00,845 root                INFO: Train: Epoch 153: train loss 0.0178
2022-01-21 17:35:01,330 root                INFO: Train: Epoch 154: train loss 0.0178
2022-01-21 17:35:01,785 root                INFO: Train: Epoch 155: train loss 0.0178
2022-01-21 17:35:02,269 root                INFO: Train: Epoch 156: train loss 0.0178
2022-01-21 17:35:02,725 root                INFO: Train: Epoch 157: train loss 0.0178
2022-01-21 17:35:03,205 root                INFO: Train: Epoch 158: train loss 0.0178
2022-01-21 17:35:03,689 root                INFO: Train: Epoch 159: train loss 0.0178
2022-01-21 17:35:04,197 root                INFO: Train: Epoch 160: train loss 0.0178
2022-01-21 17:35:04,702 root                INFO: Train: Epoch 161: train loss 0.0178
2022-01-21 17:35:05,190 root                INFO: Train: Epoch 162: train loss 0.0178
2022-01-21 17:35:05,650 root                INFO: Train: Epoch 163: train loss 0.0178
2022-01-21 17:35:06,136 root                INFO: Train: Epoch 164: train loss 0.0178
2022-01-21 17:35:06,621 root                INFO: Train: Epoch 165: train loss 0.0178
2022-01-21 17:35:07,125 root                INFO: Train: Epoch 166: train loss 0.0178
2022-01-21 17:35:07,605 root                INFO: Train: Epoch 167: train loss 0.0178
2022-01-21 17:35:08,079 root                INFO: Train: Epoch 168: train loss 0.0178
2022-01-21 17:35:08,547 root                INFO: Train: Epoch 169: train loss 0.0178
2022-01-21 17:35:08,995 root                INFO: Train: Epoch 170: train loss 0.0178
2022-01-21 17:35:09,451 root                INFO: Train: Epoch 171: train loss 0.0178
2022-01-21 17:35:09,918 root                INFO: Train: Epoch 172: train loss 0.0178
2022-01-21 17:35:10,398 root                INFO: Train: Epoch 173: train loss 0.0178
2022-01-21 17:35:10,870 root                INFO: Train: Epoch 174: train loss 0.0178
2022-01-21 17:35:11,345 root                INFO: Train: Epoch 175: train loss 0.0178
2022-01-21 17:35:11,823 root                INFO: Train: Epoch 176: train loss 0.0178
2022-01-21 17:35:12,297 root                INFO: Train: Epoch 177: train loss 0.0178
2022-01-21 17:35:12,757 root                INFO: Train: Epoch 178: train loss 0.0178
2022-01-21 17:35:13,272 root                INFO: Train: Epoch 179: train loss 0.0178
2022-01-21 17:35:13,722 root                INFO: Train: Epoch 180: train loss 0.0178
2022-01-21 17:35:14,189 root                INFO: Train: Epoch 181: train loss 0.0178
2022-01-21 17:35:14,660 root                INFO: Train: Epoch 182: train loss 0.0178
2022-01-21 17:35:15,111 root                INFO: Train: Epoch 183: train loss 0.0178
2022-01-21 17:35:15,573 root                INFO: Train: Epoch 184: train loss 0.0178
2022-01-21 17:35:16,042 root                INFO: Train: Epoch 185: train loss 0.0178
2022-01-21 17:35:16,484 root                INFO: Train: Epoch 186: train loss 0.0178
2022-01-21 17:35:16,921 root                INFO: Train: Epoch 187: train loss 0.0178
2022-01-21 17:35:17,384 root                INFO: Train: Epoch 188: train loss 0.0178
2022-01-21 17:35:17,868 root                INFO: Train: Epoch 189: train loss 0.0178
2022-01-21 17:35:18,343 root                INFO: Train: Epoch 190: train loss 0.0178
2022-01-21 17:35:18,799 root                INFO: Train: Epoch 191: train loss 0.0178
2022-01-21 17:35:19,255 root                INFO: Train: Epoch 192: train loss 0.0178
2022-01-21 17:35:19,710 root                INFO: Train: Epoch 193: train loss 0.0178
2022-01-21 17:35:20,188 root                INFO: Train: Epoch 194: train loss 0.0178
2022-01-21 17:35:20,649 root                INFO: Train: Epoch 195: train loss 0.0178
2022-01-21 17:35:21,088 root                INFO: Train: Epoch 196: train loss 0.0178
2022-01-21 17:35:21,569 root                INFO: Train: Epoch 197: train loss 0.0178
2022-01-21 17:35:22,043 root                INFO: Train: Epoch 198: train loss 0.0178
2022-01-21 17:35:22,538 root                INFO: Train: Epoch 199: train loss 0.0178
2022-01-21 17:35:22,994 root                INFO: Train: Epoch 200: train loss 0.0178
2022-01-21 17:35:37,761 root                INFO: Valid: Epoch 200: kendall tau 0.0502 0.0627; loss 0.01372 0.004756
2022-01-21 17:35:37,767 root                INFO: Epoch 200: Save checkpoint to nb301_anytime_tagates/tagates_0.005/1/202121/200.ckpt
2022-01-21 17:35:52,034 root                INFO: [0.0, 0.0, 0.0, 0.04191147669408539, 0.13843743880947718, 0.6226112155388471, 1.0]
2022-01-21 17:35:52,035 root                INFO: [0.0, 0.0, 0.0, 0.07677242459851155, 0.16800469943215196, 0.6266055764411027, 1.0]
2022-01-21 17:35:52,035 root                INFO: [16260, 16260]
2022-01-21 17:35:52,035 root                INFO: [16248, 819]
2022-01-21 22:08:37,218 root                INFO: GPU device = 1
2022-01-21 22:08:37,219 root                INFO: Load pkl cache from nasbench301_train.pkl and nasbench301_valid.pkl
2022-01-21 22:08:37,883 root                INFO: Config: {'arch_network_cfg': {'arch_embedder_cfg': {'take_adj_as_input': True, 'gcn_kwargs': {'residual_only': 2}, 'gcn_out_dims': [64, 64, 64, 64, 64], 'hidden_dim': 32, 'node_dim': 32, 'op_dim': 32, 'use_bn': False, 'final_concat': False, 'other_node_zero': False, 'num_time_steps': 2, 'fb_conversion_dims': [64, 64], 'backward_gcn_out_dims': [64, 64, 64, 64, 64], 'updateopemb_method': 'concat_ofb', 'updateopemb_dims': [64], 'share_skip_and_outskip': True, 'detach_vinfo': False, 'updateopemb_scale': 0.1, 'updateopemb_detach_opemb': True, 'updateopemb_detach_finfo': True, 'mask_nonparametrized_ops': True, 'symmetry_breaking_method': 'param_zs_add', 'concat_param_zs_as_opemb_dimension': 5, 'concat_param_zs_as_opemb_scale': 1.0}, 'arch_embedder_type': 'cellss-fbflow-anytime', 'compare_loss_type': 'margin_linear', 'compare_margin': 0.1, 'mlp_dropout': 0.1, 'mlp_hiddens': [200], 'mlp_out_dim': 1, 'optimizer': {'lr': 0.0001, 'type': 'Adam'}, 'scheduler': None}, 'arch_network_type': 'pointwise_comparator', 'batch_size': 128, 'choose_pair_criterion': 'random', 'compare': False, 'compare_threshold': 0.0, 'epochs': 200, 'max_compare_ratio': 16.0}
2022-01-21 22:08:42,281 root                INFO: Combined args: Namespace(arch_network_type='pointwise_comparator', batch_size=128, cfg_file='cfgs/nb301_cfgs/tagates_anytime.yaml', choose_pair_criterion='random', compare=False, compare_threshold=0.0, epochs=200, eval_only_last=1, gpu=1, load=None, max_compare_ratio=16.0, num_workers=4, report_freq=200, save_every=200, save_predict=None, seed=202121, test_funcs=None, test_only=False, train_dir='nb301_anytime_tagates/tagates_0.005/1/202121', train_pkl='../mynas/data/nasbench-301/nasbench301_train_mtx_anytime_1.pkl', train_ratio=0.005, valid_pkl='../mynas/data/nasbench-301/nasbench301_valid_mtx_anytime.pkl')
2022-01-21 22:08:42,295 root                INFO: Train dataset ratio: 0.005
2022-01-21 22:08:42,295 root                INFO: Number of architectures: train: 29; valid: 51072
2022-01-21 22:08:56,519 root                INFO: Train: Epoch   1: train loss 0.3466
2022-01-21 22:08:57,333 root                INFO: Train: Epoch   2: train loss 0.3457
2022-01-21 22:08:58,151 root                INFO: Train: Epoch   3: train loss 0.3445
2022-01-21 22:08:59,051 root                INFO: Train: Epoch   4: train loss 0.3446
2022-01-21 22:09:00,119 root                INFO: Train: Epoch   5: train loss 0.3439
2022-01-21 22:09:01,034 root                INFO: Train: Epoch   6: train loss 0.3431
2022-01-21 22:09:01,966 root                INFO: Train: Epoch   7: train loss 0.3416
2022-01-21 22:09:02,913 root                INFO: Train: Epoch   8: train loss 0.3414
2022-01-21 22:09:03,983 root                INFO: Train: Epoch   9: train loss 0.3413
2022-01-21 22:09:04,882 root                INFO: Train: Epoch  10: train loss 0.3402
2022-01-21 22:09:05,793 root                INFO: Train: Epoch  11: train loss 0.3390
2022-01-21 22:09:06,717 root                INFO: Train: Epoch  12: train loss 0.3382
2022-01-21 22:09:07,761 root                INFO: Train: Epoch  13: train loss 0.3379
2022-01-21 22:09:08,772 root                INFO: Train: Epoch  14: train loss 0.3370
2022-01-21 22:09:09,774 root                INFO: Train: Epoch  15: train loss 0.3358
2022-01-21 22:09:10,977 root                INFO: Train: Epoch  16: train loss 0.3347
2022-01-21 22:09:11,742 root                INFO: Train: Epoch  17: train loss 0.3341
2022-01-21 22:09:12,379 root                INFO: Train: Epoch  18: train loss 0.3326
2022-01-21 22:09:13,076 root                INFO: Train: Epoch  19: train loss 0.3319
2022-01-21 22:09:13,877 root                INFO: Train: Epoch  20: train loss 0.3309
2022-01-21 22:09:14,615 root                INFO: Train: Epoch  21: train loss 0.3306
2022-01-21 22:09:15,303 root                INFO: Train: Epoch  22: train loss 0.3296
2022-01-21 22:09:16,040 root                INFO: Train: Epoch  23: train loss 0.3287
2022-01-21 22:09:16,782 root                INFO: Train: Epoch  24: train loss 0.3267
2022-01-21 22:09:17,505 root                INFO: Train: Epoch  25: train loss 0.3258
2022-01-21 22:09:18,174 root                INFO: Train: Epoch  26: train loss 0.3238
2022-01-21 22:09:18,921 root                INFO: Train: Epoch  27: train loss 0.3231
2022-01-21 22:09:19,583 root                INFO: Train: Epoch  28: train loss 0.3211
2022-01-21 22:09:20,259 root                INFO: Train: Epoch  29: train loss 0.3195
2022-01-21 22:09:20,885 root                INFO: Train: Epoch  30: train loss 0.3187
2022-01-21 22:09:21,608 root                INFO: Train: Epoch  31: train loss 0.3177
2022-01-21 22:09:22,252 root                INFO: Train: Epoch  32: train loss 0.3155
2022-01-21 22:09:22,910 root                INFO: Train: Epoch  33: train loss 0.3141
2022-01-21 22:09:23,550 root                INFO: Train: Epoch  34: train loss 0.3109
2022-01-21 22:09:24,198 root                INFO: Train: Epoch  35: train loss 0.3093
2022-01-21 22:09:24,839 root                INFO: Train: Epoch  36: train loss 0.3070
2022-01-21 22:09:25,574 root                INFO: Train: Epoch  37: train loss 0.3058
2022-01-21 22:09:26,353 root                INFO: Train: Epoch  38: train loss 0.3031
2022-01-21 22:09:27,427 root                INFO: Train: Epoch  39: train loss 0.3003
2022-01-21 22:09:28,479 root                INFO: Train: Epoch  40: train loss 0.2979
2022-01-21 22:09:29,525 root                INFO: Train: Epoch  41: train loss 0.2955
2022-01-21 22:09:30,636 root                INFO: Train: Epoch  42: train loss 0.2929
2022-01-21 22:09:31,633 root                INFO: Train: Epoch  43: train loss 0.2894
2022-01-21 22:09:32,564 root                INFO: Train: Epoch  44: train loss 0.2862
2022-01-21 22:09:33,522 root                INFO: Train: Epoch  45: train loss 0.2824
2022-01-21 22:09:34,395 root                INFO: Train: Epoch  46: train loss 0.2798
2022-01-21 22:09:35,466 root                INFO: Train: Epoch  47: train loss 0.2756
2022-01-21 22:09:36,306 root                INFO: Train: Epoch  48: train loss 0.2722
2022-01-21 22:09:37,196 root                INFO: Train: Epoch  49: train loss 0.2697
2022-01-21 22:09:38,110 root                INFO: Train: Epoch  50: train loss 0.2646
2022-01-21 22:09:38,999 root                INFO: Train: Epoch  51: train loss 0.2585
2022-01-21 22:09:39,926 root                INFO: Train: Epoch  52: train loss 0.2553
2022-01-21 22:09:40,660 root                INFO: Train: Epoch  53: train loss 0.2505
2022-01-21 22:09:41,313 root                INFO: Train: Epoch  54: train loss 0.2450
2022-01-21 22:09:42,064 root                INFO: Train: Epoch  55: train loss 0.2401
2022-01-21 22:09:42,742 root                INFO: Train: Epoch  56: train loss 0.2345
2022-01-21 22:09:43,532 root                INFO: Train: Epoch  57: train loss 0.2278
2022-01-21 22:09:44,179 root                INFO: Train: Epoch  58: train loss 0.2226
2022-01-21 22:09:44,938 root                INFO: Train: Epoch  59: train loss 0.2153
2022-01-21 22:09:45,745 root                INFO: Train: Epoch  60: train loss 0.2098
2022-01-21 22:09:46,435 root                INFO: Train: Epoch  61: train loss 0.2009
2022-01-21 22:09:47,164 root                INFO: Train: Epoch  62: train loss 0.1951
2022-01-21 22:09:47,780 root                INFO: Train: Epoch  63: train loss 0.1871
2022-01-21 22:09:48,467 root                INFO: Train: Epoch  64: train loss 0.1798
2022-01-21 22:09:49,107 root                INFO: Train: Epoch  65: train loss 0.1712
2022-01-21 22:09:49,810 root                INFO: Train: Epoch  66: train loss 0.1638
2022-01-21 22:09:50,539 root                INFO: Train: Epoch  67: train loss 0.1555
2022-01-21 22:09:51,148 root                INFO: Train: Epoch  68: train loss 0.1467
2022-01-21 22:09:51,746 root                INFO: Train: Epoch  69: train loss 0.1372
2022-01-21 22:09:52,388 root                INFO: Train: Epoch  70: train loss 0.1284
2022-01-21 22:09:53,120 root                INFO: Train: Epoch  71: train loss 0.1204
2022-01-21 22:09:53,827 root                INFO: Train: Epoch  72: train loss 0.1141
2022-01-21 22:09:54,490 root                INFO: Train: Epoch  73: train loss 0.1057
2022-01-21 22:09:55,163 root                INFO: Train: Epoch  74: train loss 0.0948
2022-01-21 22:09:55,867 root                INFO: Train: Epoch  75: train loss 0.0874
2022-01-21 22:09:56,533 root                INFO: Train: Epoch  76: train loss 0.0791
2022-01-21 22:09:57,198 root                INFO: Train: Epoch  77: train loss 0.0714
2022-01-21 22:09:57,870 root                INFO: Train: Epoch  78: train loss 0.0632
2022-01-21 22:09:58,615 root                INFO: Train: Epoch  79: train loss 0.0569
2022-01-21 22:09:59,395 root                INFO: Train: Epoch  80: train loss 0.0497
2022-01-21 22:10:00,081 root                INFO: Train: Epoch  81: train loss 0.0456
2022-01-21 22:10:00,856 root                INFO: Train: Epoch  82: train loss 0.0374
2022-01-21 22:10:01,873 root                INFO: Train: Epoch  83: train loss 0.0309
2022-01-21 22:10:02,853 root                INFO: Train: Epoch  84: train loss 0.0289
2022-01-21 22:10:03,941 root                INFO: Train: Epoch  85: train loss 0.0242
2022-01-21 22:10:04,643 root                INFO: Train: Epoch  86: train loss 0.0198
2022-01-21 22:10:05,694 root                INFO: Train: Epoch  87: train loss 0.0173
2022-01-21 22:10:06,760 root                INFO: Train: Epoch  88: train loss 0.0155
2022-01-21 22:10:07,853 root                INFO: Train: Epoch  89: train loss 0.0130
2022-01-21 22:10:08,945 root                INFO: Train: Epoch  90: train loss 0.0107
2022-01-21 22:10:10,032 root                INFO: Train: Epoch  91: train loss 0.0090
2022-01-21 22:10:11,139 root                INFO: Train: Epoch  92: train loss 0.0075
2022-01-21 22:10:12,176 root                INFO: Train: Epoch  93: train loss 0.0072
2022-01-21 22:10:13,266 root                INFO: Train: Epoch  94: train loss 0.0058
2022-01-21 22:10:14,187 root                INFO: Train: Epoch  95: train loss 0.0050
2022-01-21 22:10:15,143 root                INFO: Train: Epoch  96: train loss 0.0053
2022-01-21 22:10:16,016 root                INFO: Train: Epoch  97: train loss 0.0044
2022-01-21 22:10:16,911 root                INFO: Train: Epoch  98: train loss 0.0042
2022-01-21 22:10:17,816 root                INFO: Train: Epoch  99: train loss 0.0039
2022-01-21 22:10:18,753 root                INFO: Train: Epoch 100: train loss 0.0041
2022-01-21 22:10:19,721 root                INFO: Train: Epoch 101: train loss 0.0040
2022-01-21 22:10:20,712 root                INFO: Train: Epoch 102: train loss 0.0041
2022-01-21 22:10:21,529 root                INFO: Train: Epoch 103: train loss 0.0039
2022-01-21 22:10:22,439 root                INFO: Train: Epoch 104: train loss 0.0041
2022-01-21 22:10:23,083 root                INFO: Train: Epoch 105: train loss 0.0039
2022-01-21 22:10:23,736 root                INFO: Train: Epoch 106: train loss 0.0039
2022-01-21 22:10:24,412 root                INFO: Train: Epoch 107: train loss 0.0039
2022-01-21 22:10:24,994 root                INFO: Train: Epoch 108: train loss 0.0038
2022-01-21 22:10:25,561 root                INFO: Train: Epoch 109: train loss 0.0038
2022-01-21 22:10:26,194 root                INFO: Train: Epoch 110: train loss 0.0039
2022-01-21 22:10:26,766 root                INFO: Train: Epoch 111: train loss 0.0037
2022-01-21 22:10:27,397 root                INFO: Train: Epoch 112: train loss 0.0037
2022-01-21 22:10:28,149 root                INFO: Train: Epoch 113: train loss 0.0035
2022-01-21 22:10:28,899 root                INFO: Train: Epoch 114: train loss 0.0037
2022-01-21 22:10:29,476 root                INFO: Train: Epoch 115: train loss 0.0036
2022-01-21 22:10:30,143 root                INFO: Train: Epoch 116: train loss 0.0034
2022-01-21 22:10:30,831 root                INFO: Train: Epoch 117: train loss 0.0031
2022-01-21 22:10:31,431 root                INFO: Train: Epoch 118: train loss 0.0028
2022-01-21 22:10:32,100 root                INFO: Train: Epoch 119: train loss 0.0029
2022-01-21 22:10:32,749 root                INFO: Train: Epoch 120: train loss 0.0029
2022-01-21 22:10:33,398 root                INFO: Train: Epoch 121: train loss 0.0027
2022-01-21 22:10:33,989 root                INFO: Train: Epoch 122: train loss 0.0027
2022-01-21 22:10:34,586 root                INFO: Train: Epoch 123: train loss 0.0026
2022-01-21 22:10:35,178 root                INFO: Train: Epoch 124: train loss 0.0023
2022-01-21 22:10:35,844 root                INFO: Train: Epoch 125: train loss 0.0022
2022-01-21 22:10:36,471 root                INFO: Train: Epoch 126: train loss 0.0020
2022-01-21 22:10:37,179 root                INFO: Train: Epoch 127: train loss 0.0019
2022-01-21 22:10:37,817 root                INFO: Train: Epoch 128: train loss 0.0019
2022-01-21 22:10:38,453 root                INFO: Train: Epoch 129: train loss 0.0016
2022-01-21 22:10:39,090 root                INFO: Train: Epoch 130: train loss 0.0018
2022-01-21 22:10:39,794 root                INFO: Train: Epoch 131: train loss 0.0016
2022-01-21 22:10:40,551 root                INFO: Train: Epoch 132: train loss 0.0016
2022-01-21 22:10:41,159 root                INFO: Train: Epoch 133: train loss 0.0013
2022-01-21 22:10:41,817 root                INFO: Train: Epoch 134: train loss 0.0013
2022-01-21 22:10:42,496 root                INFO: Train: Epoch 135: train loss 0.0013
2022-01-21 22:10:43,110 root                INFO: Train: Epoch 136: train loss 0.0012
2022-01-21 22:10:43,710 root                INFO: Train: Epoch 137: train loss 0.0009
2022-01-21 22:10:44,409 root                INFO: Train: Epoch 138: train loss 0.0011
2022-01-21 22:10:45,034 root                INFO: Train: Epoch 139: train loss 0.0011
2022-01-21 22:10:45,718 root                INFO: Train: Epoch 140: train loss 0.0010
2022-01-21 22:10:46,393 root                INFO: Train: Epoch 141: train loss 0.0009
2022-01-21 22:10:47,096 root                INFO: Train: Epoch 142: train loss 0.0010
2022-01-21 22:10:47,679 root                INFO: Train: Epoch 143: train loss 0.0008
2022-01-21 22:10:48,275 root                INFO: Train: Epoch 144: train loss 0.0008
2022-01-21 22:10:48,892 root                INFO: Train: Epoch 145: train loss 0.0008
2022-01-21 22:10:49,489 root                INFO: Train: Epoch 146: train loss 0.0009
2022-01-21 22:10:50,119 root                INFO: Train: Epoch 147: train loss 0.0008
2022-01-21 22:10:50,733 root                INFO: Train: Epoch 148: train loss 0.0008
2022-01-21 22:10:51,225 root                INFO: Train: Epoch 149: train loss 0.0007
2022-01-21 22:10:51,821 root                INFO: Train: Epoch 150: train loss 0.0008
2022-01-21 22:10:52,431 root                INFO: Train: Epoch 151: train loss 0.0006
2022-01-21 22:10:53,019 root                INFO: Train: Epoch 152: train loss 0.0009
2022-01-21 22:10:53,566 root                INFO: Train: Epoch 153: train loss 0.0007
2022-01-21 22:10:54,339 root                INFO: Train: Epoch 154: train loss 0.0009
2022-01-21 22:10:55,075 root                INFO: Train: Epoch 155: train loss 0.0008
2022-01-21 22:10:55,745 root                INFO: Train: Epoch 156: train loss 0.0008
2022-01-21 22:10:56,397 root                INFO: Train: Epoch 157: train loss 0.0008
2022-01-21 22:10:57,305 root                INFO: Train: Epoch 158: train loss 0.0009
2022-01-21 22:10:57,995 root                INFO: Train: Epoch 159: train loss 0.0007
2022-01-21 22:10:58,834 root                INFO: Train: Epoch 160: train loss 0.0008
2022-01-21 22:10:59,684 root                INFO: Train: Epoch 161: train loss 0.0007
2022-01-21 22:11:00,421 root                INFO: Train: Epoch 162: train loss 0.0006
2022-01-21 22:11:01,126 root                INFO: Train: Epoch 163: train loss 0.0008
2022-01-21 22:11:01,751 root                INFO: Train: Epoch 164: train loss 0.0006
2022-01-21 22:11:02,320 root                INFO: Train: Epoch 165: train loss 0.0008
2022-01-21 22:11:02,864 root                INFO: Train: Epoch 166: train loss 0.0008
2022-01-21 22:11:03,582 root                INFO: Train: Epoch 167: train loss 0.0007
2022-01-21 22:11:04,304 root                INFO: Train: Epoch 168: train loss 0.0007
2022-01-21 22:11:05,082 root                INFO: Train: Epoch 169: train loss 0.0007
2022-01-21 22:11:06,057 root                INFO: Train: Epoch 170: train loss 0.0008
2022-01-21 22:11:06,943 root                INFO: Train: Epoch 171: train loss 0.0008
2022-01-21 22:11:07,861 root                INFO: Train: Epoch 172: train loss 0.0008
2022-01-21 22:11:08,803 root                INFO: Train: Epoch 173: train loss 0.0006
2022-01-21 22:11:09,650 root                INFO: Train: Epoch 174: train loss 0.0007
2022-01-21 22:11:10,334 root                INFO: Train: Epoch 175: train loss 0.0008
2022-01-21 22:11:11,165 root                INFO: Train: Epoch 176: train loss 0.0008
2022-01-21 22:11:12,012 root                INFO: Train: Epoch 177: train loss 0.0006
2022-01-21 22:11:12,706 root                INFO: Train: Epoch 178: train loss 0.0007
2022-01-21 22:11:13,300 root                INFO: Train: Epoch 179: train loss 0.0007
2022-01-21 22:11:14,005 root                INFO: Train: Epoch 180: train loss 0.0007
2022-01-21 22:11:14,603 root                INFO: Train: Epoch 181: train loss 0.0007
2022-01-21 22:11:15,289 root                INFO: Train: Epoch 182: train loss 0.0007
2022-01-21 22:11:15,976 root                INFO: Train: Epoch 183: train loss 0.0006
2022-01-21 22:11:16,544 root                INFO: Train: Epoch 184: train loss 0.0007
2022-01-21 22:11:17,205 root                INFO: Train: Epoch 185: train loss 0.0008
2022-01-21 22:11:17,907 root                INFO: Train: Epoch 186: train loss 0.0008
2022-01-21 22:11:18,518 root                INFO: Train: Epoch 187: train loss 0.0007
2022-01-21 22:11:19,259 root                INFO: Train: Epoch 188: train loss 0.0007
2022-01-21 22:11:19,847 root                INFO: Train: Epoch 189: train loss 0.0007
2022-01-21 22:11:20,465 root                INFO: Train: Epoch 190: train loss 0.0006
2022-01-21 22:11:21,050 root                INFO: Train: Epoch 191: train loss 0.0007
2022-01-21 22:11:21,814 root                INFO: Train: Epoch 192: train loss 0.0006
2022-01-21 22:11:22,385 root                INFO: Train: Epoch 193: train loss 0.0008
2022-01-21 22:11:22,933 root                INFO: Train: Epoch 194: train loss 0.0006
2022-01-21 22:11:23,486 root                INFO: Train: Epoch 195: train loss 0.0007
2022-01-21 22:11:24,031 root                INFO: Train: Epoch 196: train loss 0.0007
2022-01-21 22:11:24,688 root                INFO: Train: Epoch 197: train loss 0.0008
2022-01-21 22:11:25,322 root                INFO: Train: Epoch 198: train loss 0.0006
2022-01-21 22:11:25,835 root                INFO: Train: Epoch 199: train loss 0.0008
2022-01-21 22:11:26,401 root                INFO: Train: Epoch 200: train loss 0.0008
2022-01-21 22:11:40,992 root                INFO: Valid: Epoch 200: kendall tau 0.2234 0.2324; loss 0.0004252 0.0002554
2022-01-21 22:11:40,999 root                INFO: Epoch 200: Save checkpoint to nb301_anytime_tagates/tagates_0.005/1/202121/200.ckpt
2022-01-21 22:11:55,367 root                INFO: [0.0, 0.0, 0.0, 0.02624363493928711, 0.13080086156256118, 0.6215538847117794, 1.0]
2022-01-21 22:11:55,367 root                INFO: [0.0, 0.0, 0.0, 0.030160595377986682, 0.13922067750146858, 0.6178728070175439, 1.0]
2022-01-21 22:11:55,367 root                INFO: [3696, 3268]
2022-01-21 22:11:55,367 root                INFO: [2619, 2619]
