2022-01-21 17:38:18,295 root                INFO: GPU device = 6
2022-01-21 17:38:18,295 root                INFO: Load pkl cache from nasbench301_train.pkl and nasbench301_valid.pkl
2022-01-21 17:38:18,863 root                INFO: Config: {'arch_network_cfg': {'arch_embedder_cfg': {'take_adj_as_input': True, 'gcn_kwargs': {'residual_only': 2}, 'gcn_out_dims': [64, 64, 64, 64, 64], 'hidden_dim': 32, 'node_dim': 32, 'op_dim': 32, 'use_bn': False, 'final_concat': False, 'other_node_zero': False, 'num_time_steps': 2, 'fb_conversion_dims': [64, 64], 'backward_gcn_out_dims': [64, 64, 64, 64, 64], 'updateopemb_method': 'concat_ofb', 'updateopemb_dims': [64], 'share_skip_and_outskip': True, 'detach_vinfo': False, 'updateopemb_scale': 0.1, 'updateopemb_detach_opemb': True, 'updateopemb_detach_finfo': True, 'mask_nonparametrized_ops': True, 'symmetry_breaking_method': 'param_zs_add', 'concat_param_zs_as_opemb_dimension': 5, 'concat_param_zs_as_opemb_scale': 1.0}, 'arch_embedder_type': 'cellss-fbflow-anytime', 'compare_loss_type': 'margin_linear', 'compare_margin': 0.1, 'mlp_dropout': 0.1, 'mlp_hiddens': [200], 'mlp_out_dim': 1, 'optimizer': {'lr': 0.001, 'type': 'Adam'}, 'scheduler': None}, 'arch_network_type': 'pointwise_comparator', 'batch_size': 128, 'choose_pair_criterion': 'random', 'compare': False, 'compare_threshold': 0.0, 'epochs': 200, 'max_compare_ratio': 16.0}
2022-01-21 17:38:21,981 root                INFO: Combined args: Namespace(arch_network_type='pointwise_comparator', batch_size=128, cfg_file='cfgs/nb301_cfgs/tagates_anytime.yaml', choose_pair_criterion='random', compare=False, compare_threshold=0.0, epochs=200, eval_only_last=1, gpu=6, load=None, max_compare_ratio=16.0, num_workers=4, report_freq=200, save_every=200, save_predict=None, seed=2021, test_funcs=None, test_only=False, train_dir='nb301_anytime_tagates/tagates_0.01/123/2021', train_pkl='../mynas/data/nasbench-301/nasbench301_train_mtx_anytime_123.pkl', train_ratio=0.01, valid_pkl='../mynas/data/nasbench-301/nasbench301_valid_mtx_anytime.pkl')
2022-01-21 17:38:21,991 root                INFO: Train dataset ratio: 0.010
2022-01-21 17:38:21,991 root                INFO: Number of architectures: train: 58; valid: 51072
2022-01-21 17:38:35,272 root                INFO: Train: Epoch   1: train loss 0.3310
2022-01-21 17:38:35,702 root                INFO: Train: Epoch   2: train loss 0.3219
2022-01-21 17:38:36,144 root                INFO: Train: Epoch   3: train loss 0.3106
2022-01-21 17:38:36,579 root                INFO: Train: Epoch   4: train loss 0.2961
2022-01-21 17:38:37,051 root                INFO: Train: Epoch   5: train loss 0.2794
2022-01-21 17:38:37,502 root                INFO: Train: Epoch   6: train loss 0.2567
2022-01-21 17:38:37,943 root                INFO: Train: Epoch   7: train loss 0.2297
2022-01-21 17:38:38,396 root                INFO: Train: Epoch   8: train loss 0.1961
2022-01-21 17:38:38,837 root                INFO: Train: Epoch   9: train loss 0.1566
2022-01-21 17:38:39,251 root                INFO: Train: Epoch  10: train loss 0.1087
2022-01-21 17:38:39,691 root                INFO: Train: Epoch  11: train loss 0.0632
2022-01-21 17:38:40,104 root                INFO: Train: Epoch  12: train loss 0.0245
2022-01-21 17:38:40,558 root                INFO: Train: Epoch  13: train loss 0.0039
2022-01-21 17:38:40,989 root                INFO: Train: Epoch  14: train loss 0.0016
2022-01-21 17:38:41,422 root                INFO: Train: Epoch  15: train loss 0.0066
2022-01-21 17:38:41,863 root                INFO: Train: Epoch  16: train loss 0.0116
2022-01-21 17:38:42,279 root                INFO: Train: Epoch  17: train loss 0.0146
2022-01-21 17:38:42,721 root                INFO: Train: Epoch  18: train loss 0.0164
2022-01-21 17:38:43,137 root                INFO: Train: Epoch  19: train loss 0.0172
2022-01-21 17:38:43,579 root                INFO: Train: Epoch  20: train loss 0.0176
2022-01-21 17:38:44,018 root                INFO: Train: Epoch  21: train loss 0.0179
2022-01-21 17:38:44,441 root                INFO: Train: Epoch  22: train loss 0.0180
2022-01-21 17:38:44,866 root                INFO: Train: Epoch  23: train loss 0.0181
2022-01-21 17:38:45,326 root                INFO: Train: Epoch  24: train loss 0.0181
2022-01-21 17:38:45,756 root                INFO: Train: Epoch  25: train loss 0.0181
2022-01-21 17:38:46,195 root                INFO: Train: Epoch  26: train loss 0.0181
2022-01-21 17:38:46,644 root                INFO: Train: Epoch  27: train loss 0.0181
2022-01-21 17:38:47,089 root                INFO: Train: Epoch  28: train loss 0.0181
2022-01-21 17:38:47,503 root                INFO: Train: Epoch  29: train loss 0.0181
2022-01-21 17:38:47,907 root                INFO: Train: Epoch  30: train loss 0.0181
2022-01-21 17:38:48,367 root                INFO: Train: Epoch  31: train loss 0.0181
2022-01-21 17:38:48,793 root                INFO: Train: Epoch  32: train loss 0.0181
2022-01-21 17:38:49,216 root                INFO: Train: Epoch  33: train loss 0.0181
2022-01-21 17:38:49,641 root                INFO: Train: Epoch  34: train loss 0.0181
2022-01-21 17:38:50,049 root                INFO: Train: Epoch  35: train loss 0.0181
2022-01-21 17:38:50,481 root                INFO: Train: Epoch  36: train loss 0.0181
2022-01-21 17:38:50,934 root                INFO: Train: Epoch  37: train loss 0.0181
2022-01-21 17:38:51,377 root                INFO: Train: Epoch  38: train loss 0.0181
2022-01-21 17:38:51,817 root                INFO: Train: Epoch  39: train loss 0.0181
2022-01-21 17:38:52,257 root                INFO: Train: Epoch  40: train loss 0.0181
2022-01-21 17:38:52,689 root                INFO: Train: Epoch  41: train loss 0.0181
2022-01-21 17:38:53,147 root                INFO: Train: Epoch  42: train loss 0.0181
2022-01-21 17:38:53,597 root                INFO: Train: Epoch  43: train loss 0.0181
2022-01-21 17:38:54,085 root                INFO: Train: Epoch  44: train loss 0.0181
2022-01-21 17:38:54,547 root                INFO: Train: Epoch  45: train loss 0.0181
2022-01-21 17:38:54,972 root                INFO: Train: Epoch  46: train loss 0.0181
2022-01-21 17:38:55,405 root                INFO: Train: Epoch  47: train loss 0.0181
2022-01-21 17:38:55,853 root                INFO: Train: Epoch  48: train loss 0.0181
2022-01-21 17:38:56,280 root                INFO: Train: Epoch  49: train loss 0.0181
2022-01-21 17:38:56,723 root                INFO: Train: Epoch  50: train loss 0.0181
2022-01-21 17:38:57,151 root                INFO: Train: Epoch  51: train loss 0.0181
2022-01-21 17:38:57,575 root                INFO: Train: Epoch  52: train loss 0.0181
2022-01-21 17:38:58,007 root                INFO: Train: Epoch  53: train loss 0.0181
2022-01-21 17:38:58,457 root                INFO: Train: Epoch  54: train loss 0.0181
2022-01-21 17:38:58,886 root                INFO: Train: Epoch  55: train loss 0.0181
2022-01-21 17:38:59,334 root                INFO: Train: Epoch  56: train loss 0.0181
2022-01-21 17:38:59,758 root                INFO: Train: Epoch  57: train loss 0.0181
2022-01-21 17:39:00,208 root                INFO: Train: Epoch  58: train loss 0.0181
2022-01-21 17:39:00,743 root                INFO: Train: Epoch  59: train loss 0.0181
2022-01-21 17:39:01,277 root                INFO: Train: Epoch  60: train loss 0.0181
2022-01-21 17:39:01,770 root                INFO: Train: Epoch  61: train loss 0.0181
2022-01-21 17:39:02,233 root                INFO: Train: Epoch  62: train loss 0.0181
2022-01-21 17:39:02,691 root                INFO: Train: Epoch  63: train loss 0.0181
2022-01-21 17:39:03,138 root                INFO: Train: Epoch  64: train loss 0.0181
2022-01-21 17:39:03,622 root                INFO: Train: Epoch  65: train loss 0.0181
2022-01-21 17:39:04,071 root                INFO: Train: Epoch  66: train loss 0.0181
2022-01-21 17:39:04,518 root                INFO: Train: Epoch  67: train loss 0.0181
2022-01-21 17:39:04,994 root                INFO: Train: Epoch  68: train loss 0.0181
2022-01-21 17:39:05,430 root                INFO: Train: Epoch  69: train loss 0.0181
2022-01-21 17:39:05,842 root                INFO: Train: Epoch  70: train loss 0.0181
2022-01-21 17:39:06,255 root                INFO: Train: Epoch  71: train loss 0.0181
2022-01-21 17:39:06,659 root                INFO: Train: Epoch  72: train loss 0.0181
2022-01-21 17:39:07,077 root                INFO: Train: Epoch  73: train loss 0.0181
2022-01-21 17:39:07,486 root                INFO: Train: Epoch  74: train loss 0.0181
2022-01-21 17:39:07,913 root                INFO: Train: Epoch  75: train loss 0.0181
2022-01-21 17:39:08,357 root                INFO: Train: Epoch  76: train loss 0.0181
2022-01-21 17:39:08,817 root                INFO: Train: Epoch  77: train loss 0.0181
2022-01-21 17:39:09,276 root                INFO: Train: Epoch  78: train loss 0.0181
2022-01-21 17:39:09,737 root                INFO: Train: Epoch  79: train loss 0.0181
2022-01-21 17:39:10,188 root                INFO: Train: Epoch  80: train loss 0.0181
2022-01-21 17:39:10,646 root                INFO: Train: Epoch  81: train loss 0.0181
2022-01-21 17:39:11,130 root                INFO: Train: Epoch  82: train loss 0.0181
2022-01-21 17:39:11,575 root                INFO: Train: Epoch  83: train loss 0.0181
2022-01-21 17:39:12,002 root                INFO: Train: Epoch  84: train loss 0.0181
2022-01-21 17:39:12,450 root                INFO: Train: Epoch  85: train loss 0.0181
2022-01-21 17:39:12,888 root                INFO: Train: Epoch  86: train loss 0.0181
2022-01-21 17:39:13,295 root                INFO: Train: Epoch  87: train loss 0.0181
2022-01-21 17:39:13,769 root                INFO: Train: Epoch  88: train loss 0.0181
2022-01-21 17:39:14,216 root                INFO: Train: Epoch  89: train loss 0.0181
2022-01-21 17:39:14,683 root                INFO: Train: Epoch  90: train loss 0.0181
2022-01-21 17:39:15,143 root                INFO: Train: Epoch  91: train loss 0.0181
2022-01-21 17:39:15,589 root                INFO: Train: Epoch  92: train loss 0.0181
2022-01-21 17:39:16,036 root                INFO: Train: Epoch  93: train loss 0.0181
2022-01-21 17:39:16,474 root                INFO: Train: Epoch  94: train loss 0.0181
2022-01-21 17:39:16,940 root                INFO: Train: Epoch  95: train loss 0.0181
2022-01-21 17:39:17,363 root                INFO: Train: Epoch  96: train loss 0.0181
2022-01-21 17:39:17,787 root                INFO: Train: Epoch  97: train loss 0.0181
2022-01-21 17:39:18,234 root                INFO: Train: Epoch  98: train loss 0.0181
2022-01-21 17:39:18,665 root                INFO: Train: Epoch  99: train loss 0.0181
2022-01-21 17:39:19,086 root                INFO: Train: Epoch 100: train loss 0.0181
2022-01-21 17:39:19,525 root                INFO: Train: Epoch 101: train loss 0.0181
2022-01-21 17:39:19,970 root                INFO: Train: Epoch 102: train loss 0.0181
2022-01-21 17:39:20,422 root                INFO: Train: Epoch 103: train loss 0.0181
2022-01-21 17:39:20,892 root                INFO: Train: Epoch 104: train loss 0.0181
2022-01-21 17:39:21,369 root                INFO: Train: Epoch 105: train loss 0.0181
2022-01-21 17:39:21,815 root                INFO: Train: Epoch 106: train loss 0.0181
2022-01-21 17:39:22,276 root                INFO: Train: Epoch 107: train loss 0.0181
2022-01-21 17:39:22,734 root                INFO: Train: Epoch 108: train loss 0.0181
2022-01-21 17:39:23,216 root                INFO: Train: Epoch 109: train loss 0.0181
2022-01-21 17:39:23,669 root                INFO: Train: Epoch 110: train loss 0.0181
2022-01-21 17:39:24,119 root                INFO: Train: Epoch 111: train loss 0.0181
2022-01-21 17:39:24,560 root                INFO: Train: Epoch 112: train loss 0.0181
2022-01-21 17:39:25,037 root                INFO: Train: Epoch 113: train loss 0.0181
2022-01-21 17:39:25,483 root                INFO: Train: Epoch 114: train loss 0.0181
2022-01-21 17:39:25,941 root                INFO: Train: Epoch 115: train loss 0.0181
2022-01-21 17:39:26,406 root                INFO: Train: Epoch 116: train loss 0.0181
2022-01-21 17:39:26,882 root                INFO: Train: Epoch 117: train loss 0.0181
2022-01-21 17:39:27,439 root                INFO: Train: Epoch 118: train loss 0.0181
2022-01-21 17:39:27,924 root                INFO: Train: Epoch 119: train loss 0.0181
2022-01-21 17:39:28,427 root                INFO: Train: Epoch 120: train loss 0.0181
2022-01-21 17:39:28,908 root                INFO: Train: Epoch 121: train loss 0.0181
2022-01-21 17:39:29,388 root                INFO: Train: Epoch 122: train loss 0.0181
2022-01-21 17:39:29,899 root                INFO: Train: Epoch 123: train loss 0.0181
2022-01-21 17:39:30,442 root                INFO: Train: Epoch 124: train loss 0.0181
2022-01-21 17:39:30,948 root                INFO: Train: Epoch 125: train loss 0.0181
2022-01-21 17:39:31,445 root                INFO: Train: Epoch 126: train loss 0.0181
2022-01-21 17:39:31,961 root                INFO: Train: Epoch 127: train loss 0.0181
2022-01-21 17:39:32,488 root                INFO: Train: Epoch 128: train loss 0.0181
2022-01-21 17:39:33,000 root                INFO: Train: Epoch 129: train loss 0.0181
2022-01-21 17:39:33,508 root                INFO: Train: Epoch 130: train loss 0.0181
2022-01-21 17:39:34,009 root                INFO: Train: Epoch 131: train loss 0.0181
2022-01-21 17:39:34,551 root                INFO: Train: Epoch 132: train loss 0.0181
2022-01-21 17:39:35,054 root                INFO: Train: Epoch 133: train loss 0.0181
2022-01-21 17:39:35,578 root                INFO: Train: Epoch 134: train loss 0.0181
2022-01-21 17:39:36,093 root                INFO: Train: Epoch 135: train loss 0.0181
2022-01-21 17:39:36,601 root                INFO: Train: Epoch 136: train loss 0.0181
2022-01-21 17:39:37,098 root                INFO: Train: Epoch 137: train loss 0.0181
2022-01-21 17:39:37,588 root                INFO: Train: Epoch 138: train loss 0.0181
2022-01-21 17:39:38,112 root                INFO: Train: Epoch 139: train loss 0.0181
2022-01-21 17:39:38,610 root                INFO: Train: Epoch 140: train loss 0.0181
2022-01-21 17:39:39,098 root                INFO: Train: Epoch 141: train loss 0.0181
2022-01-21 17:39:39,579 root                INFO: Train: Epoch 142: train loss 0.0181
2022-01-21 17:39:40,080 root                INFO: Train: Epoch 143: train loss 0.0181
2022-01-21 17:39:40,576 root                INFO: Train: Epoch 144: train loss 0.0181
2022-01-21 17:39:41,094 root                INFO: Train: Epoch 145: train loss 0.0181
2022-01-21 17:39:41,600 root                INFO: Train: Epoch 146: train loss 0.0181
2022-01-21 17:39:42,097 root                INFO: Train: Epoch 147: train loss 0.0181
2022-01-21 17:39:42,591 root                INFO: Train: Epoch 148: train loss 0.0181
2022-01-21 17:39:43,061 root                INFO: Train: Epoch 149: train loss 0.0181
2022-01-21 17:39:43,532 root                INFO: Train: Epoch 150: train loss 0.0181
2022-01-21 17:39:44,012 root                INFO: Train: Epoch 151: train loss 0.0181
2022-01-21 17:39:44,491 root                INFO: Train: Epoch 152: train loss 0.0181
2022-01-21 17:39:44,971 root                INFO: Train: Epoch 153: train loss 0.0181
2022-01-21 17:39:45,451 root                INFO: Train: Epoch 154: train loss 0.0181
2022-01-21 17:39:45,953 root                INFO: Train: Epoch 155: train loss 0.0181
2022-01-21 17:39:46,467 root                INFO: Train: Epoch 156: train loss 0.0181
2022-01-21 17:39:46,948 root                INFO: Train: Epoch 157: train loss 0.0181
2022-01-21 17:39:47,430 root                INFO: Train: Epoch 158: train loss 0.0181
2022-01-21 17:39:47,925 root                INFO: Train: Epoch 159: train loss 0.0181
2022-01-21 17:39:48,384 root                INFO: Train: Epoch 160: train loss 0.0181
2022-01-21 17:39:48,853 root                INFO: Train: Epoch 161: train loss 0.0181
2022-01-21 17:39:49,312 root                INFO: Train: Epoch 162: train loss 0.0181
2022-01-21 17:39:49,806 root                INFO: Train: Epoch 163: train loss 0.0181
2022-01-21 17:39:50,274 root                INFO: Train: Epoch 164: train loss 0.0181
2022-01-21 17:39:50,785 root                INFO: Train: Epoch 165: train loss 0.0181
2022-01-21 17:39:51,361 root                INFO: Train: Epoch 166: train loss 0.0181
2022-01-21 17:39:51,817 root                INFO: Train: Epoch 167: train loss 0.0181
2022-01-21 17:39:52,301 root                INFO: Train: Epoch 168: train loss 0.0181
2022-01-21 17:39:52,782 root                INFO: Train: Epoch 169: train loss 0.0181
2022-01-21 17:39:53,260 root                INFO: Train: Epoch 170: train loss 0.0181
2022-01-21 17:39:53,756 root                INFO: Train: Epoch 171: train loss 0.0181
2022-01-21 17:39:54,230 root                INFO: Train: Epoch 172: train loss 0.0181
2022-01-21 17:39:54,712 root                INFO: Train: Epoch 173: train loss 0.0181
2022-01-21 17:39:55,238 root                INFO: Train: Epoch 174: train loss 0.0181
2022-01-21 17:39:55,731 root                INFO: Train: Epoch 175: train loss 0.0181
2022-01-21 17:39:56,244 root                INFO: Train: Epoch 176: train loss 0.0181
2022-01-21 17:39:56,828 root                INFO: Train: Epoch 177: train loss 0.0181
2022-01-21 17:39:57,314 root                INFO: Train: Epoch 178: train loss 0.0181
2022-01-21 17:39:57,800 root                INFO: Train: Epoch 179: train loss 0.0181
2022-01-21 17:39:58,259 root                INFO: Train: Epoch 180: train loss 0.0181
2022-01-21 17:39:58,788 root                INFO: Train: Epoch 181: train loss 0.0181
2022-01-21 17:39:59,282 root                INFO: Train: Epoch 182: train loss 0.0181
2022-01-21 17:39:59,777 root                INFO: Train: Epoch 183: train loss 0.0181
2022-01-21 17:40:00,240 root                INFO: Train: Epoch 184: train loss 0.0181
2022-01-21 17:40:00,746 root                INFO: Train: Epoch 185: train loss 0.0181
2022-01-21 17:40:01,270 root                INFO: Train: Epoch 186: train loss 0.0181
2022-01-21 17:40:01,767 root                INFO: Train: Epoch 187: train loss 0.0181
2022-01-21 17:40:02,249 root                INFO: Train: Epoch 188: train loss 0.0181
2022-01-21 17:40:02,734 root                INFO: Train: Epoch 189: train loss 0.0181
2022-01-21 17:40:03,283 root                INFO: Train: Epoch 190: train loss 0.0181
2022-01-21 17:40:03,817 root                INFO: Train: Epoch 191: train loss 0.0181
2022-01-21 17:40:04,330 root                INFO: Train: Epoch 192: train loss 0.0181
2022-01-21 17:40:04,860 root                INFO: Train: Epoch 193: train loss 0.0181
2022-01-21 17:40:05,373 root                INFO: Train: Epoch 194: train loss 0.0181
2022-01-21 17:40:05,881 root                INFO: Train: Epoch 195: train loss 0.0181
2022-01-21 17:40:06,403 root                INFO: Train: Epoch 196: train loss 0.0181
2022-01-21 17:40:06,890 root                INFO: Train: Epoch 197: train loss 0.0181
2022-01-21 17:40:07,453 root                INFO: Train: Epoch 198: train loss 0.0181
2022-01-21 17:40:07,967 root                INFO: Train: Epoch 199: train loss 0.0181
2022-01-21 17:40:08,451 root                INFO: Train: Epoch 200: train loss 0.0181
2022-01-21 17:40:23,031 root                INFO: Valid: Epoch 200: kendall tau 0.2326 0.0914; loss 0.01372 0.004756
2022-01-21 17:40:23,038 root                INFO: Epoch 200: Save checkpoint to nb301_anytime_tagates/tagates_0.01/123/2021/200.ckpt
2022-01-21 17:40:37,595 root                INFO: [0.0, 0.0, 0.0, 0.07324716020368194, 0.13608772273350303, 0.6121553884711779, 1.0]
2022-01-21 17:40:37,596 root                INFO: [0.0, 0.0, 0.0, 0.0791226008617313, 0.17172508321911104, 0.6282894736842105, 1.0]
2022-01-21 17:40:37,596 root                INFO: [10113, 9677]
2022-01-21 17:40:37,596 root                INFO: [16209, 800]
2022-01-21 22:15:23,769 root                INFO: GPU device = 1
2022-01-21 22:15:23,769 root                INFO: Load pkl cache from nasbench301_train.pkl and nasbench301_valid.pkl
2022-01-21 22:15:24,369 root                INFO: Config: {'arch_network_cfg': {'arch_embedder_cfg': {'take_adj_as_input': True, 'gcn_kwargs': {'residual_only': 2}, 'gcn_out_dims': [64, 64, 64, 64, 64], 'hidden_dim': 32, 'node_dim': 32, 'op_dim': 32, 'use_bn': False, 'final_concat': False, 'other_node_zero': False, 'num_time_steps': 2, 'fb_conversion_dims': [64, 64], 'backward_gcn_out_dims': [64, 64, 64, 64, 64], 'updateopemb_method': 'concat_ofb', 'updateopemb_dims': [64], 'share_skip_and_outskip': True, 'detach_vinfo': False, 'updateopemb_scale': 0.1, 'updateopemb_detach_opemb': True, 'updateopemb_detach_finfo': True, 'mask_nonparametrized_ops': True, 'symmetry_breaking_method': 'param_zs_add', 'concat_param_zs_as_opemb_dimension': 5, 'concat_param_zs_as_opemb_scale': 1.0}, 'arch_embedder_type': 'cellss-fbflow-anytime', 'compare_loss_type': 'margin_linear', 'compare_margin': 0.1, 'mlp_dropout': 0.1, 'mlp_hiddens': [200], 'mlp_out_dim': 1, 'optimizer': {'lr': 0.0001, 'type': 'Adam'}, 'scheduler': None}, 'arch_network_type': 'pointwise_comparator', 'batch_size': 128, 'choose_pair_criterion': 'random', 'compare': False, 'compare_threshold': 0.0, 'epochs': 200, 'max_compare_ratio': 16.0}
2022-01-21 22:15:28,538 root                INFO: Combined args: Namespace(arch_network_type='pointwise_comparator', batch_size=128, cfg_file='cfgs/nb301_cfgs/tagates_anytime.yaml', choose_pair_criterion='random', compare=False, compare_threshold=0.0, epochs=200, eval_only_last=1, gpu=1, load=None, max_compare_ratio=16.0, num_workers=4, report_freq=200, save_every=200, save_predict=None, seed=2021, test_funcs=None, test_only=False, train_dir='nb301_anytime_tagates/tagates_0.01/123/2021', train_pkl='../mynas/data/nasbench-301/nasbench301_train_mtx_anytime_123.pkl', train_ratio=0.01, valid_pkl='../mynas/data/nasbench-301/nasbench301_valid_mtx_anytime.pkl')
2022-01-21 22:15:28,548 root                INFO: Train dataset ratio: 0.010
2022-01-21 22:15:28,549 root                INFO: Number of architectures: train: 58; valid: 51072
2022-01-21 22:15:42,816 root                INFO: Train: Epoch   1: train loss 0.3310
2022-01-21 22:15:43,463 root                INFO: Train: Epoch   2: train loss 0.3305
2022-01-21 22:15:44,120 root                INFO: Train: Epoch   3: train loss 0.3292
2022-01-21 22:15:44,788 root                INFO: Train: Epoch   4: train loss 0.3278
2022-01-21 22:15:45,516 root                INFO: Train: Epoch   5: train loss 0.3273
2022-01-21 22:15:46,272 root                INFO: Train: Epoch   6: train loss 0.3259
2022-01-21 22:15:47,056 root                INFO: Train: Epoch   7: train loss 0.3252
2022-01-21 22:15:47,812 root                INFO: Train: Epoch   8: train loss 0.3246
2022-01-21 22:15:48,614 root                INFO: Train: Epoch   9: train loss 0.3238
2022-01-21 22:15:49,439 root                INFO: Train: Epoch  10: train loss 0.3223
2022-01-21 22:15:50,245 root                INFO: Train: Epoch  11: train loss 0.3212
2022-01-21 22:15:51,047 root                INFO: Train: Epoch  12: train loss 0.3204
2022-01-21 22:15:51,823 root                INFO: Train: Epoch  13: train loss 0.3190
2022-01-21 22:15:52,578 root                INFO: Train: Epoch  14: train loss 0.3180
2022-01-21 22:15:53,290 root                INFO: Train: Epoch  15: train loss 0.3165
2022-01-21 22:15:53,973 root                INFO: Train: Epoch  16: train loss 0.3151
2022-01-21 22:15:54,703 root                INFO: Train: Epoch  17: train loss 0.3141
2022-01-21 22:15:55,429 root                INFO: Train: Epoch  18: train loss 0.3120
2022-01-21 22:15:56,181 root                INFO: Train: Epoch  19: train loss 0.3109
2022-01-21 22:15:56,917 root                INFO: Train: Epoch  20: train loss 0.3097
2022-01-21 22:15:57,649 root                INFO: Train: Epoch  21: train loss 0.3079
2022-01-21 22:15:58,517 root                INFO: Train: Epoch  22: train loss 0.3066
2022-01-21 22:15:59,399 root                INFO: Train: Epoch  23: train loss 0.3046
2022-01-21 22:16:00,254 root                INFO: Train: Epoch  24: train loss 0.3034
2022-01-21 22:16:01,207 root                INFO: Train: Epoch  25: train loss 0.3005
2022-01-21 22:16:02,078 root                INFO: Train: Epoch  26: train loss 0.2990
2022-01-21 22:16:02,898 root                INFO: Train: Epoch  27: train loss 0.2968
2022-01-21 22:16:03,650 root                INFO: Train: Epoch  28: train loss 0.2947
2022-01-21 22:16:04,406 root                INFO: Train: Epoch  29: train loss 0.2922
2022-01-21 22:16:05,133 root                INFO: Train: Epoch  30: train loss 0.2901
2022-01-21 22:16:05,898 root                INFO: Train: Epoch  31: train loss 0.2876
2022-01-21 22:16:06,682 root                INFO: Train: Epoch  32: train loss 0.2848
2022-01-21 22:16:07,488 root                INFO: Train: Epoch  33: train loss 0.2823
2022-01-21 22:16:08,302 root                INFO: Train: Epoch  34: train loss 0.2797
2022-01-21 22:16:09,102 root                INFO: Train: Epoch  35: train loss 0.2757
2022-01-21 22:16:09,927 root                INFO: Train: Epoch  36: train loss 0.2734
2022-01-21 22:16:10,804 root                INFO: Train: Epoch  37: train loss 0.2709
2022-01-21 22:16:11,698 root                INFO: Train: Epoch  38: train loss 0.2659
2022-01-21 22:16:12,614 root                INFO: Train: Epoch  39: train loss 0.2630
2022-01-21 22:16:13,579 root                INFO: Train: Epoch  40: train loss 0.2594
2022-01-21 22:16:14,652 root                INFO: Train: Epoch  41: train loss 0.2552
2022-01-21 22:16:15,512 root                INFO: Train: Epoch  42: train loss 0.2512
2022-01-21 22:16:16,392 root                INFO: Train: Epoch  43: train loss 0.2468
2022-01-21 22:16:17,317 root                INFO: Train: Epoch  44: train loss 0.2426
2022-01-21 22:16:18,323 root                INFO: Train: Epoch  45: train loss 0.2378
2022-01-21 22:16:19,259 root                INFO: Train: Epoch  46: train loss 0.2328
2022-01-21 22:16:20,195 root                INFO: Train: Epoch  47: train loss 0.2284
2022-01-21 22:16:21,110 root                INFO: Train: Epoch  48: train loss 0.2232
2022-01-21 22:16:21,969 root                INFO: Train: Epoch  49: train loss 0.2167
2022-01-21 22:16:22,809 root                INFO: Train: Epoch  50: train loss 0.2116
2022-01-21 22:16:23,758 root                INFO: Train: Epoch  51: train loss 0.2063
2022-01-21 22:16:24,699 root                INFO: Train: Epoch  52: train loss 0.1999
2022-01-21 22:16:25,553 root                INFO: Train: Epoch  53: train loss 0.1925
2022-01-21 22:16:26,387 root                INFO: Train: Epoch  54: train loss 0.1855
2022-01-21 22:16:27,179 root                INFO: Train: Epoch  55: train loss 0.1800
2022-01-21 22:16:28,014 root                INFO: Train: Epoch  56: train loss 0.1717
2022-01-21 22:16:28,834 root                INFO: Train: Epoch  57: train loss 0.1651
2022-01-21 22:16:29,663 root                INFO: Train: Epoch  58: train loss 0.1575
2022-01-21 22:16:30,445 root                INFO: Train: Epoch  59: train loss 0.1487
2022-01-21 22:16:31,241 root                INFO: Train: Epoch  60: train loss 0.1412
2022-01-21 22:16:32,120 root                INFO: Train: Epoch  61: train loss 0.1343
2022-01-21 22:16:32,934 root                INFO: Train: Epoch  62: train loss 0.1271
2022-01-21 22:16:33,748 root                INFO: Train: Epoch  63: train loss 0.1178
2022-01-21 22:16:34,750 root                INFO: Train: Epoch  64: train loss 0.1088
2022-01-21 22:16:35,681 root                INFO: Train: Epoch  65: train loss 0.1001
2022-01-21 22:16:36,626 root                INFO: Train: Epoch  66: train loss 0.0924
2022-01-21 22:16:37,638 root                INFO: Train: Epoch  67: train loss 0.0844
2022-01-21 22:16:38,525 root                INFO: Train: Epoch  68: train loss 0.0753
2022-01-21 22:16:39,383 root                INFO: Train: Epoch  69: train loss 0.0698
2022-01-21 22:16:40,315 root                INFO: Train: Epoch  70: train loss 0.0616
2022-01-21 22:16:41,151 root                INFO: Train: Epoch  71: train loss 0.0544
2022-01-21 22:16:42,006 root                INFO: Train: Epoch  72: train loss 0.0474
2022-01-21 22:16:42,908 root                INFO: Train: Epoch  73: train loss 0.0414
2022-01-21 22:16:43,810 root                INFO: Train: Epoch  74: train loss 0.0349
2022-01-21 22:16:44,804 root                INFO: Train: Epoch  75: train loss 0.0292
2022-01-21 22:16:45,771 root                INFO: Train: Epoch  76: train loss 0.0251
2022-01-21 22:16:46,749 root                INFO: Train: Epoch  77: train loss 0.0203
2022-01-21 22:16:47,759 root                INFO: Train: Epoch  78: train loss 0.0165
2022-01-21 22:16:48,864 root                INFO: Train: Epoch  79: train loss 0.0131
2022-01-21 22:16:49,856 root                INFO: Train: Epoch  80: train loss 0.0104
2022-01-21 22:16:50,734 root                INFO: Train: Epoch  81: train loss 0.0081
2022-01-21 22:16:51,642 root                INFO: Train: Epoch  82: train loss 0.0063
2022-01-21 22:16:52,594 root                INFO: Train: Epoch  83: train loss 0.0049
2022-01-21 22:16:53,492 root                INFO: Train: Epoch  84: train loss 0.0038
2022-01-21 22:16:54,387 root                INFO: Train: Epoch  85: train loss 0.0028
2022-01-21 22:16:55,318 root                INFO: Train: Epoch  86: train loss 0.0021
2022-01-21 22:16:56,243 root                INFO: Train: Epoch  87: train loss 0.0015
2022-01-21 22:16:57,238 root                INFO: Train: Epoch  88: train loss 0.0012
2022-01-21 22:16:58,166 root                INFO: Train: Epoch  89: train loss 0.0009
2022-01-21 22:16:59,099 root                INFO: Train: Epoch  90: train loss 0.0009
2022-01-21 22:17:00,118 root                INFO: Train: Epoch  91: train loss 0.0009
2022-01-21 22:17:01,085 root                INFO: Train: Epoch  92: train loss 0.0010
2022-01-21 22:17:02,049 root                INFO: Train: Epoch  93: train loss 0.0011
2022-01-21 22:17:02,902 root                INFO: Train: Epoch  94: train loss 0.0012
2022-01-21 22:17:03,851 root                INFO: Train: Epoch  95: train loss 0.0011
2022-01-21 22:17:04,797 root                INFO: Train: Epoch  96: train loss 0.0012
2022-01-21 22:17:05,703 root                INFO: Train: Epoch  97: train loss 0.0014
2022-01-21 22:17:06,690 root                INFO: Train: Epoch  98: train loss 0.0015
2022-01-21 22:17:07,743 root                INFO: Train: Epoch  99: train loss 0.0016
2022-01-21 22:17:08,660 root                INFO: Train: Epoch 100: train loss 0.0016
2022-01-21 22:17:09,605 root                INFO: Train: Epoch 101: train loss 0.0018
2022-01-21 22:17:10,582 root                INFO: Train: Epoch 102: train loss 0.0018
2022-01-21 22:17:11,505 root                INFO: Train: Epoch 103: train loss 0.0017
2022-01-21 22:17:12,367 root                INFO: Train: Epoch 104: train loss 0.0018
2022-01-21 22:17:13,354 root                INFO: Train: Epoch 105: train loss 0.0017
2022-01-21 22:17:14,280 root                INFO: Train: Epoch 106: train loss 0.0017
2022-01-21 22:17:15,307 root                INFO: Train: Epoch 107: train loss 0.0018
2022-01-21 22:17:16,239 root                INFO: Train: Epoch 108: train loss 0.0018
2022-01-21 22:17:17,151 root                INFO: Train: Epoch 109: train loss 0.0015
2022-01-21 22:17:18,102 root                INFO: Train: Epoch 110: train loss 0.0017
2022-01-21 22:17:19,234 root                INFO: Train: Epoch 111: train loss 0.0016
2022-01-21 22:17:20,269 root                INFO: Train: Epoch 112: train loss 0.0016
2022-01-21 22:17:21,188 root                INFO: Train: Epoch 113: train loss 0.0015
2022-01-21 22:17:22,108 root                INFO: Train: Epoch 114: train loss 0.0015
2022-01-21 22:17:23,089 root                INFO: Train: Epoch 115: train loss 0.0012
2022-01-21 22:17:24,167 root                INFO: Train: Epoch 116: train loss 0.0012
2022-01-21 22:17:25,167 root                INFO: Train: Epoch 117: train loss 0.0013
2022-01-21 22:17:26,121 root                INFO: Train: Epoch 118: train loss 0.0012
2022-01-21 22:17:27,034 root                INFO: Train: Epoch 119: train loss 0.0011
2022-01-21 22:17:27,977 root                INFO: Train: Epoch 120: train loss 0.0011
2022-01-21 22:17:28,878 root                INFO: Train: Epoch 121: train loss 0.0011
2022-01-21 22:17:29,842 root                INFO: Train: Epoch 122: train loss 0.0011
2022-01-21 22:17:30,737 root                INFO: Train: Epoch 123: train loss 0.0011
2022-01-21 22:17:31,650 root                INFO: Train: Epoch 124: train loss 0.0009
2022-01-21 22:17:32,659 root                INFO: Train: Epoch 125: train loss 0.0009
2022-01-21 22:17:33,715 root                INFO: Train: Epoch 126: train loss 0.0008
2022-01-21 22:17:34,787 root                INFO: Train: Epoch 127: train loss 0.0009
2022-01-21 22:17:35,801 root                INFO: Train: Epoch 128: train loss 0.0008
2022-01-21 22:17:36,773 root                INFO: Train: Epoch 129: train loss 0.0009
2022-01-21 22:17:37,728 root                INFO: Train: Epoch 130: train loss 0.0007
2022-01-21 22:17:38,599 root                INFO: Train: Epoch 131: train loss 0.0008
2022-01-21 22:17:39,491 root                INFO: Train: Epoch 132: train loss 0.0008
2022-01-21 22:17:40,346 root                INFO: Train: Epoch 133: train loss 0.0008
2022-01-21 22:17:41,328 root                INFO: Train: Epoch 134: train loss 0.0008
2022-01-21 22:17:42,222 root                INFO: Train: Epoch 135: train loss 0.0008
2022-01-21 22:17:43,161 root                INFO: Train: Epoch 136: train loss 0.0008
2022-01-21 22:17:44,131 root                INFO: Train: Epoch 137: train loss 0.0008
2022-01-21 22:17:45,120 root                INFO: Train: Epoch 138: train loss 0.0008
2022-01-21 22:17:46,178 root                INFO: Train: Epoch 139: train loss 0.0008
2022-01-21 22:17:47,373 root                INFO: Train: Epoch 140: train loss 0.0007
2022-01-21 22:17:48,424 root                INFO: Train: Epoch 141: train loss 0.0009
2022-01-21 22:17:49,446 root                INFO: Train: Epoch 142: train loss 0.0009
2022-01-21 22:17:50,607 root                INFO: Train: Epoch 143: train loss 0.0009
2022-01-21 22:17:51,800 root                INFO: Train: Epoch 144: train loss 0.0009
2022-01-21 22:17:52,854 root                INFO: Train: Epoch 145: train loss 0.0008
2022-01-21 22:17:53,890 root                INFO: Train: Epoch 146: train loss 0.0008
2022-01-21 22:17:55,066 root                INFO: Train: Epoch 147: train loss 0.0008
2022-01-21 22:17:55,800 root                INFO: Train: Epoch 148: train loss 0.0008
2022-01-21 22:17:56,559 root                INFO: Train: Epoch 149: train loss 0.0007
2022-01-21 22:17:57,552 root                INFO: Train: Epoch 150: train loss 0.0007
2022-01-21 22:17:58,616 root                INFO: Train: Epoch 151: train loss 0.0008
2022-01-21 22:17:59,730 root                INFO: Train: Epoch 152: train loss 0.0008
2022-01-21 22:18:00,946 root                INFO: Train: Epoch 153: train loss 0.0008
2022-01-21 22:18:01,974 root                INFO: Train: Epoch 154: train loss 0.0007
2022-01-21 22:18:02,918 root                INFO: Train: Epoch 155: train loss 0.0007
2022-01-21 22:18:03,876 root                INFO: Train: Epoch 156: train loss 0.0007
2022-01-21 22:18:04,915 root                INFO: Train: Epoch 157: train loss 0.0008
2022-01-21 22:18:05,888 root                INFO: Train: Epoch 158: train loss 0.0008
2022-01-21 22:18:06,802 root                INFO: Train: Epoch 159: train loss 0.0008
2022-01-21 22:18:07,739 root                INFO: Train: Epoch 160: train loss 0.0007
2022-01-21 22:18:08,690 root                INFO: Train: Epoch 161: train loss 0.0008
2022-01-21 22:18:09,599 root                INFO: Train: Epoch 162: train loss 0.0008
2022-01-21 22:18:10,563 root                INFO: Train: Epoch 163: train loss 0.0009
2022-01-21 22:18:11,444 root                INFO: Train: Epoch 164: train loss 0.0007
2022-01-21 22:18:12,371 root                INFO: Train: Epoch 165: train loss 0.0007
2022-01-21 22:18:13,402 root                INFO: Train: Epoch 166: train loss 0.0008
2022-01-21 22:18:14,302 root                INFO: Train: Epoch 167: train loss 0.0008
2022-01-21 22:18:15,350 root                INFO: Train: Epoch 168: train loss 0.0007
2022-01-21 22:18:16,348 root                INFO: Train: Epoch 169: train loss 0.0007
2022-01-21 22:18:17,411 root                INFO: Train: Epoch 170: train loss 0.0008
2022-01-21 22:18:18,331 root                INFO: Train: Epoch 171: train loss 0.0008
2022-01-21 22:18:19,297 root                INFO: Train: Epoch 172: train loss 0.0008
2022-01-21 22:18:20,190 root                INFO: Train: Epoch 173: train loss 0.0008
2022-01-21 22:18:21,078 root                INFO: Train: Epoch 174: train loss 0.0009
2022-01-21 22:18:22,077 root                INFO: Train: Epoch 175: train loss 0.0008
2022-01-21 22:18:23,117 root                INFO: Train: Epoch 176: train loss 0.0009
2022-01-21 22:18:24,157 root                INFO: Train: Epoch 177: train loss 0.0007
2022-01-21 22:18:25,191 root                INFO: Train: Epoch 178: train loss 0.0007
2022-01-21 22:18:26,068 root                INFO: Train: Epoch 179: train loss 0.0007
2022-01-21 22:18:26,857 root                INFO: Train: Epoch 180: train loss 0.0008
2022-01-21 22:18:27,695 root                INFO: Train: Epoch 181: train loss 0.0009
2022-01-21 22:18:28,523 root                INFO: Train: Epoch 182: train loss 0.0007
2022-01-21 22:18:29,342 root                INFO: Train: Epoch 183: train loss 0.0008
2022-01-21 22:18:30,161 root                INFO: Train: Epoch 184: train loss 0.0008
2022-01-21 22:18:30,996 root                INFO: Train: Epoch 185: train loss 0.0009
2022-01-21 22:18:31,795 root                INFO: Train: Epoch 186: train loss 0.0008
2022-01-21 22:18:32,671 root                INFO: Train: Epoch 187: train loss 0.0008
2022-01-21 22:18:33,552 root                INFO: Train: Epoch 188: train loss 0.0009
2022-01-21 22:18:34,442 root                INFO: Train: Epoch 189: train loss 0.0007
2022-01-21 22:18:35,367 root                INFO: Train: Epoch 190: train loss 0.0007
2022-01-21 22:18:36,262 root                INFO: Train: Epoch 191: train loss 0.0007
2022-01-21 22:18:37,251 root                INFO: Train: Epoch 192: train loss 0.0008
2022-01-21 22:18:38,191 root                INFO: Train: Epoch 193: train loss 0.0009
2022-01-21 22:18:39,059 root                INFO: Train: Epoch 194: train loss 0.0009
2022-01-21 22:18:39,930 root                INFO: Train: Epoch 195: train loss 0.0007
2022-01-21 22:18:40,844 root                INFO: Train: Epoch 196: train loss 0.0008
2022-01-21 22:18:41,679 root                INFO: Train: Epoch 197: train loss 0.0009
2022-01-21 22:18:42,583 root                INFO: Train: Epoch 198: train loss 0.0007
2022-01-21 22:18:43,428 root                INFO: Train: Epoch 199: train loss 0.0007
2022-01-21 22:18:44,301 root                INFO: Train: Epoch 200: train loss 0.0007
2022-01-21 22:18:59,582 root                INFO: Valid: Epoch 200: kendall tau 0.2428 0.1850; loss 0.0003905 0.0002469
2022-01-21 22:18:59,588 root                INFO: Epoch 200: Save checkpoint to nb301_anytime_tagates/tagates_0.01/123/2021/200.ckpt
2022-01-21 22:19:15,110 root                INFO: [0.0, 0.0, 0.0, 0.07011359185272228, 0.19463481495985901, 0.6276629072681704, 1.0]
2022-01-21 22:19:15,110 root                INFO: [0.0, 0.0, 0.0, 0.03446925186055621, 0.13275895829253964, 0.5956688596491229, 1.0]
2022-01-21 22:19:15,110 root                INFO: [2035, 2035]
2022-01-21 22:19:15,110 root                INFO: [2701, 2701]
