2022-01-21 17:38:41,110 root                INFO: GPU device = 2
2022-01-21 17:38:41,111 root                INFO: Load pkl cache from nasbench301_train.pkl and nasbench301_valid.pkl
2022-01-21 17:38:41,702 root                INFO: Config: {'arch_network_cfg': {'arch_embedder_cfg': {'take_adj_as_input': True, 'gcn_kwargs': {'residual_only': 2}, 'gcn_out_dims': [64, 64, 64, 64, 64], 'hidden_dim': 32, 'node_dim': 32, 'op_dim': 32, 'use_bn': False, 'final_concat': False, 'other_node_zero': False, 'num_time_steps': 2, 'fb_conversion_dims': [64, 64], 'backward_gcn_out_dims': [64, 64, 64, 64, 64], 'updateopemb_method': 'concat_ofb', 'updateopemb_dims': [64], 'share_skip_and_outskip': True, 'detach_vinfo': False, 'updateopemb_scale': 0.1, 'updateopemb_detach_opemb': True, 'updateopemb_detach_finfo': True, 'mask_nonparametrized_ops': True, 'symmetry_breaking_method': 'param_zs_add', 'concat_param_zs_as_opemb_dimension': 5, 'concat_param_zs_as_opemb_scale': 1.0}, 'arch_embedder_type': 'cellss-fbflow-anytime', 'compare_loss_type': 'margin_linear', 'compare_margin': 0.1, 'mlp_dropout': 0.1, 'mlp_hiddens': [200], 'mlp_out_dim': 1, 'optimizer': {'lr': 0.001, 'type': 'Adam'}, 'scheduler': None}, 'arch_network_type': 'pointwise_comparator', 'batch_size': 128, 'choose_pair_criterion': 'random', 'compare': False, 'compare_threshold': 0.0, 'epochs': 200, 'max_compare_ratio': 16.0}
2022-01-21 17:38:44,818 root                INFO: Combined args: Namespace(arch_network_type='pointwise_comparator', batch_size=128, cfg_file='cfgs/nb301_cfgs/tagates_anytime.yaml', choose_pair_criterion='random', compare=False, compare_threshold=0.0, epochs=200, eval_only_last=1, gpu=2, load=None, max_compare_ratio=16.0, num_workers=4, report_freq=200, save_every=200, save_predict=None, seed=202121, test_funcs=None, test_only=False, train_dir='nb301_anytime_tagates/tagates_0.01/123/202121', train_pkl='../mynas/data/nasbench-301/nasbench301_train_mtx_anytime_123.pkl', train_ratio=0.01, valid_pkl='../mynas/data/nasbench-301/nasbench301_valid_mtx_anytime.pkl')
2022-01-21 17:38:44,828 root                INFO: Train dataset ratio: 0.010
2022-01-21 17:38:44,829 root                INFO: Number of architectures: train: 58; valid: 51072
2022-01-21 17:38:58,375 root                INFO: Train: Epoch   1: train loss 0.3453
2022-01-21 17:38:58,919 root                INFO: Train: Epoch   2: train loss 0.3375
2022-01-21 17:38:59,454 root                INFO: Train: Epoch   3: train loss 0.3301
2022-01-21 17:39:00,007 root                INFO: Train: Epoch   4: train loss 0.3212
2022-01-21 17:39:00,663 root                INFO: Train: Epoch   5: train loss 0.3099
2022-01-21 17:39:01,232 root                INFO: Train: Epoch   6: train loss 0.2967
2022-01-21 17:39:01,817 root                INFO: Train: Epoch   7: train loss 0.2781
2022-01-21 17:39:02,404 root                INFO: Train: Epoch   8: train loss 0.2566
2022-01-21 17:39:02,965 root                INFO: Train: Epoch   9: train loss 0.2272
2022-01-21 17:39:03,509 root                INFO: Train: Epoch  10: train loss 0.1923
2022-01-21 17:39:04,066 root                INFO: Train: Epoch  11: train loss 0.1517
2022-01-21 17:39:04,607 root                INFO: Train: Epoch  12: train loss 0.1058
2022-01-21 17:39:05,158 root                INFO: Train: Epoch  13: train loss 0.0618
2022-01-21 17:39:05,689 root                INFO: Train: Epoch  14: train loss 0.0263
2022-01-21 17:39:06,212 root                INFO: Train: Epoch  15: train loss 0.0090
2022-01-21 17:39:06,732 root                INFO: Train: Epoch  16: train loss 0.0065
2022-01-21 17:39:07,271 root                INFO: Train: Epoch  17: train loss 0.0101
2022-01-21 17:39:07,791 root                INFO: Train: Epoch  18: train loss 0.0138
2022-01-21 17:39:08,367 root                INFO: Train: Epoch  19: train loss 0.0160
2022-01-21 17:39:08,943 root                INFO: Train: Epoch  20: train loss 0.0171
2022-01-21 17:39:09,514 root                INFO: Train: Epoch  21: train loss 0.0177
2022-01-21 17:39:10,046 root                INFO: Train: Epoch  22: train loss 0.0179
2022-01-21 17:39:10,611 root                INFO: Train: Epoch  23: train loss 0.0180
2022-01-21 17:39:11,198 root                INFO: Train: Epoch  24: train loss 0.0181
2022-01-21 17:39:11,762 root                INFO: Train: Epoch  25: train loss 0.0181
2022-01-21 17:39:12,320 root                INFO: Train: Epoch  26: train loss 0.0181
2022-01-21 17:39:12,864 root                INFO: Train: Epoch  27: train loss 0.0181
2022-01-21 17:39:13,405 root                INFO: Train: Epoch  28: train loss 0.0181
2022-01-21 17:39:13,966 root                INFO: Train: Epoch  29: train loss 0.0181
2022-01-21 17:39:14,531 root                INFO: Train: Epoch  30: train loss 0.0181
2022-01-21 17:39:15,108 root                INFO: Train: Epoch  31: train loss 0.0181
2022-01-21 17:39:15,679 root                INFO: Train: Epoch  32: train loss 0.0181
2022-01-21 17:39:16,275 root                INFO: Train: Epoch  33: train loss 0.0181
2022-01-21 17:39:16,850 root                INFO: Train: Epoch  34: train loss 0.0181
2022-01-21 17:39:17,406 root                INFO: Train: Epoch  35: train loss 0.0181
2022-01-21 17:39:17,937 root                INFO: Train: Epoch  36: train loss 0.0181
2022-01-21 17:39:18,476 root                INFO: Train: Epoch  37: train loss 0.0181
2022-01-21 17:39:19,036 root                INFO: Train: Epoch  38: train loss 0.0181
2022-01-21 17:39:19,610 root                INFO: Train: Epoch  39: train loss 0.0181
2022-01-21 17:39:20,183 root                INFO: Train: Epoch  40: train loss 0.0181
2022-01-21 17:39:20,764 root                INFO: Train: Epoch  41: train loss 0.0181
2022-01-21 17:39:21,425 root                INFO: Train: Epoch  42: train loss 0.0181
2022-01-21 17:39:22,005 root                INFO: Train: Epoch  43: train loss 0.0181
2022-01-21 17:39:22,601 root                INFO: Train: Epoch  44: train loss 0.0181
2022-01-21 17:39:23,173 root                INFO: Train: Epoch  45: train loss 0.0181
2022-01-21 17:39:23,735 root                INFO: Train: Epoch  46: train loss 0.0181
2022-01-21 17:39:24,326 root                INFO: Train: Epoch  47: train loss 0.0181
2022-01-21 17:39:24,908 root                INFO: Train: Epoch  48: train loss 0.0181
2022-01-21 17:39:25,487 root                INFO: Train: Epoch  49: train loss 0.0181
2022-01-21 17:39:26,052 root                INFO: Train: Epoch  50: train loss 0.0181
2022-01-21 17:39:26,619 root                INFO: Train: Epoch  51: train loss 0.0181
2022-01-21 17:39:27,200 root                INFO: Train: Epoch  52: train loss 0.0181
2022-01-21 17:39:27,819 root                INFO: Train: Epoch  53: train loss 0.0181
2022-01-21 17:39:28,447 root                INFO: Train: Epoch  54: train loss 0.0181
2022-01-21 17:39:29,052 root                INFO: Train: Epoch  55: train loss 0.0181
2022-01-21 17:39:29,659 root                INFO: Train: Epoch  56: train loss 0.0181
2022-01-21 17:39:30,242 root                INFO: Train: Epoch  57: train loss 0.0181
2022-01-21 17:39:30,872 root                INFO: Train: Epoch  58: train loss 0.0181
2022-01-21 17:39:31,441 root                INFO: Train: Epoch  59: train loss 0.0181
2022-01-21 17:39:32,026 root                INFO: Train: Epoch  60: train loss 0.0181
2022-01-21 17:39:32,626 root                INFO: Train: Epoch  61: train loss 0.0181
2022-01-21 17:39:33,228 root                INFO: Train: Epoch  62: train loss 0.0181
2022-01-21 17:39:33,840 root                INFO: Train: Epoch  63: train loss 0.0181
2022-01-21 17:39:34,422 root                INFO: Train: Epoch  64: train loss 0.0181
2022-01-21 17:39:35,062 root                INFO: Train: Epoch  65: train loss 0.0181
2022-01-21 17:39:35,659 root                INFO: Train: Epoch  66: train loss 0.0181
2022-01-21 17:39:36,251 root                INFO: Train: Epoch  67: train loss 0.0181
2022-01-21 17:39:36,853 root                INFO: Train: Epoch  68: train loss 0.0181
2022-01-21 17:39:37,453 root                INFO: Train: Epoch  69: train loss 0.0181
2022-01-21 17:39:38,061 root                INFO: Train: Epoch  70: train loss 0.0181
2022-01-21 17:39:38,664 root                INFO: Train: Epoch  71: train loss 0.0181
2022-01-21 17:39:39,279 root                INFO: Train: Epoch  72: train loss 0.0181
2022-01-21 17:39:39,909 root                INFO: Train: Epoch  73: train loss 0.0181
2022-01-21 17:39:40,517 root                INFO: Train: Epoch  74: train loss 0.0181
2022-01-21 17:39:41,147 root                INFO: Train: Epoch  75: train loss 0.0181
2022-01-21 17:39:41,759 root                INFO: Train: Epoch  76: train loss 0.0181
2022-01-21 17:39:42,356 root                INFO: Train: Epoch  77: train loss 0.0181
2022-01-21 17:39:42,941 root                INFO: Train: Epoch  78: train loss 0.0181
2022-01-21 17:39:43,523 root                INFO: Train: Epoch  79: train loss 0.0181
2022-01-21 17:39:44,134 root                INFO: Train: Epoch  80: train loss 0.0181
2022-01-21 17:39:44,741 root                INFO: Train: Epoch  81: train loss 0.0181
2022-01-21 17:39:45,370 root                INFO: Train: Epoch  82: train loss 0.0181
2022-01-21 17:39:45,984 root                INFO: Train: Epoch  83: train loss 0.0181
2022-01-21 17:39:46,570 root                INFO: Train: Epoch  84: train loss 0.0181
2022-01-21 17:39:47,162 root                INFO: Train: Epoch  85: train loss 0.0181
2022-01-21 17:39:47,735 root                INFO: Train: Epoch  86: train loss 0.0181
2022-01-21 17:39:48,314 root                INFO: Train: Epoch  87: train loss 0.0181
2022-01-21 17:39:48,933 root                INFO: Train: Epoch  88: train loss 0.0181
2022-01-21 17:39:49,547 root                INFO: Train: Epoch  89: train loss 0.0181
2022-01-21 17:39:50,135 root                INFO: Train: Epoch  90: train loss 0.0181
2022-01-21 17:39:50,716 root                INFO: Train: Epoch  91: train loss 0.0181
2022-01-21 17:39:51,298 root                INFO: Train: Epoch  92: train loss 0.0181
2022-01-21 17:39:51,873 root                INFO: Train: Epoch  93: train loss 0.0181
2022-01-21 17:39:52,455 root                INFO: Train: Epoch  94: train loss 0.0181
2022-01-21 17:39:53,057 root                INFO: Train: Epoch  95: train loss 0.0181
2022-01-21 17:39:53,683 root                INFO: Train: Epoch  96: train loss 0.0181
2022-01-21 17:39:54,333 root                INFO: Train: Epoch  97: train loss 0.0181
2022-01-21 17:39:54,978 root                INFO: Train: Epoch  98: train loss 0.0181
2022-01-21 17:39:55,591 root                INFO: Train: Epoch  99: train loss 0.0181
2022-01-21 17:39:56,237 root                INFO: Train: Epoch 100: train loss 0.0181
2022-01-21 17:39:56,847 root                INFO: Train: Epoch 101: train loss 0.0181
2022-01-21 17:39:57,487 root                INFO: Train: Epoch 102: train loss 0.0181
2022-01-21 17:39:58,153 root                INFO: Train: Epoch 103: train loss 0.0181
2022-01-21 17:39:58,783 root                INFO: Train: Epoch 104: train loss 0.0181
2022-01-21 17:39:59,383 root                INFO: Train: Epoch 105: train loss 0.0181
2022-01-21 17:39:59,993 root                INFO: Train: Epoch 106: train loss 0.0181
2022-01-21 17:40:00,625 root                INFO: Train: Epoch 107: train loss 0.0181
2022-01-21 17:40:01,273 root                INFO: Train: Epoch 108: train loss 0.0181
2022-01-21 17:40:01,885 root                INFO: Train: Epoch 109: train loss 0.0181
2022-01-21 17:40:02,473 root                INFO: Train: Epoch 110: train loss 0.0181
2022-01-21 17:40:03,094 root                INFO: Train: Epoch 111: train loss 0.0181
2022-01-21 17:40:03,744 root                INFO: Train: Epoch 112: train loss 0.0181
2022-01-21 17:40:04,385 root                INFO: Train: Epoch 113: train loss 0.0181
2022-01-21 17:40:05,001 root                INFO: Train: Epoch 114: train loss 0.0181
2022-01-21 17:40:05,629 root                INFO: Train: Epoch 115: train loss 0.0181
2022-01-21 17:40:06,261 root                INFO: Train: Epoch 116: train loss 0.0181
2022-01-21 17:40:06,913 root                INFO: Train: Epoch 117: train loss 0.0181
2022-01-21 17:40:07,531 root                INFO: Train: Epoch 118: train loss 0.0181
2022-01-21 17:40:08,163 root                INFO: Train: Epoch 119: train loss 0.0181
2022-01-21 17:40:08,773 root                INFO: Train: Epoch 120: train loss 0.0181
2022-01-21 17:40:09,343 root                INFO: Train: Epoch 121: train loss 0.0181
2022-01-21 17:40:09,920 root                INFO: Train: Epoch 122: train loss 0.0181
2022-01-21 17:40:10,509 root                INFO: Train: Epoch 123: train loss 0.0181
2022-01-21 17:40:11,099 root                INFO: Train: Epoch 124: train loss 0.0181
2022-01-21 17:40:11,700 root                INFO: Train: Epoch 125: train loss 0.0181
2022-01-21 17:40:12,304 root                INFO: Train: Epoch 126: train loss 0.0181
2022-01-21 17:40:12,898 root                INFO: Train: Epoch 127: train loss 0.0181
2022-01-21 17:40:13,507 root                INFO: Train: Epoch 128: train loss 0.0181
2022-01-21 17:40:14,097 root                INFO: Train: Epoch 129: train loss 0.0181
2022-01-21 17:40:14,704 root                INFO: Train: Epoch 130: train loss 0.0181
2022-01-21 17:40:15,330 root                INFO: Train: Epoch 131: train loss 0.0181
2022-01-21 17:40:15,949 root                INFO: Train: Epoch 132: train loss 0.0181
2022-01-21 17:40:16,544 root                INFO: Train: Epoch 133: train loss 0.0181
2022-01-21 17:40:17,180 root                INFO: Train: Epoch 134: train loss 0.0181
2022-01-21 17:40:17,768 root                INFO: Train: Epoch 135: train loss 0.0181
2022-01-21 17:40:18,362 root                INFO: Train: Epoch 136: train loss 0.0181
2022-01-21 17:40:18,907 root                INFO: Train: Epoch 137: train loss 0.0181
2022-01-21 17:40:19,458 root                INFO: Train: Epoch 138: train loss 0.0181
2022-01-21 17:40:20,026 root                INFO: Train: Epoch 139: train loss 0.0181
2022-01-21 17:40:20,587 root                INFO: Train: Epoch 140: train loss 0.0181
2022-01-21 17:40:21,148 root                INFO: Train: Epoch 141: train loss 0.0181
2022-01-21 17:40:21,690 root                INFO: Train: Epoch 142: train loss 0.0181
2022-01-21 17:40:22,264 root                INFO: Train: Epoch 143: train loss 0.0181
2022-01-21 17:40:22,831 root                INFO: Train: Epoch 144: train loss 0.0181
2022-01-21 17:40:23,418 root                INFO: Train: Epoch 145: train loss 0.0181
2022-01-21 17:40:23,989 root                INFO: Train: Epoch 146: train loss 0.0181
2022-01-21 17:40:24,552 root                INFO: Train: Epoch 147: train loss 0.0181
2022-01-21 17:40:25,142 root                INFO: Train: Epoch 148: train loss 0.0181
2022-01-21 17:40:25,718 root                INFO: Train: Epoch 149: train loss 0.0181
2022-01-21 17:40:26,297 root                INFO: Train: Epoch 150: train loss 0.0181
2022-01-21 17:40:26,909 root                INFO: Train: Epoch 151: train loss 0.0181
2022-01-21 17:40:27,473 root                INFO: Train: Epoch 152: train loss 0.0181
2022-01-21 17:40:28,064 root                INFO: Train: Epoch 153: train loss 0.0181
2022-01-21 17:40:28,663 root                INFO: Train: Epoch 154: train loss 0.0181
2022-01-21 17:40:29,273 root                INFO: Train: Epoch 155: train loss 0.0181
2022-01-21 17:40:29,869 root                INFO: Train: Epoch 156: train loss 0.0181
2022-01-21 17:40:30,488 root                INFO: Train: Epoch 157: train loss 0.0181
2022-01-21 17:40:31,095 root                INFO: Train: Epoch 158: train loss 0.0181
2022-01-21 17:40:31,672 root                INFO: Train: Epoch 159: train loss 0.0181
2022-01-21 17:40:32,263 root                INFO: Train: Epoch 160: train loss 0.0181
2022-01-21 17:40:32,875 root                INFO: Train: Epoch 161: train loss 0.0181
2022-01-21 17:40:33,473 root                INFO: Train: Epoch 162: train loss 0.0181
2022-01-21 17:40:34,063 root                INFO: Train: Epoch 163: train loss 0.0181
2022-01-21 17:40:34,659 root                INFO: Train: Epoch 164: train loss 0.0181
2022-01-21 17:40:35,238 root                INFO: Train: Epoch 165: train loss 0.0181
2022-01-21 17:40:35,840 root                INFO: Train: Epoch 166: train loss 0.0181
2022-01-21 17:40:36,428 root                INFO: Train: Epoch 167: train loss 0.0181
2022-01-21 17:40:37,021 root                INFO: Train: Epoch 168: train loss 0.0181
2022-01-21 17:40:37,631 root                INFO: Train: Epoch 169: train loss 0.0181
2022-01-21 17:40:38,224 root                INFO: Train: Epoch 170: train loss 0.0181
2022-01-21 17:40:38,834 root                INFO: Train: Epoch 171: train loss 0.0181
2022-01-21 17:40:39,417 root                INFO: Train: Epoch 172: train loss 0.0181
2022-01-21 17:40:40,011 root                INFO: Train: Epoch 173: train loss 0.0181
2022-01-21 17:40:40,587 root                INFO: Train: Epoch 174: train loss 0.0181
2022-01-21 17:40:41,161 root                INFO: Train: Epoch 175: train loss 0.0181
2022-01-21 17:40:41,743 root                INFO: Train: Epoch 176: train loss 0.0181
2022-01-21 17:40:42,327 root                INFO: Train: Epoch 177: train loss 0.0181
2022-01-21 17:40:42,914 root                INFO: Train: Epoch 178: train loss 0.0181
2022-01-21 17:40:43,470 root                INFO: Train: Epoch 179: train loss 0.0181
2022-01-21 17:40:44,061 root                INFO: Train: Epoch 180: train loss 0.0181
2022-01-21 17:40:44,643 root                INFO: Train: Epoch 181: train loss 0.0181
2022-01-21 17:40:45,208 root                INFO: Train: Epoch 182: train loss 0.0181
2022-01-21 17:40:45,784 root                INFO: Train: Epoch 183: train loss 0.0181
2022-01-21 17:40:46,357 root                INFO: Train: Epoch 184: train loss 0.0181
2022-01-21 17:40:46,935 root                INFO: Train: Epoch 185: train loss 0.0181
2022-01-21 17:40:47,529 root                INFO: Train: Epoch 186: train loss 0.0181
2022-01-21 17:40:48,115 root                INFO: Train: Epoch 187: train loss 0.0181
2022-01-21 17:40:48,719 root                INFO: Train: Epoch 188: train loss 0.0181
2022-01-21 17:40:49,283 root                INFO: Train: Epoch 189: train loss 0.0181
2022-01-21 17:40:49,853 root                INFO: Train: Epoch 190: train loss 0.0181
2022-01-21 17:40:50,428 root                INFO: Train: Epoch 191: train loss 0.0181
2022-01-21 17:40:51,009 root                INFO: Train: Epoch 192: train loss 0.0181
2022-01-21 17:40:51,596 root                INFO: Train: Epoch 193: train loss 0.0181
2022-01-21 17:40:52,194 root                INFO: Train: Epoch 194: train loss 0.0181
2022-01-21 17:40:52,774 root                INFO: Train: Epoch 195: train loss 0.0181
2022-01-21 17:40:53,390 root                INFO: Train: Epoch 196: train loss 0.0181
2022-01-21 17:40:53,962 root                INFO: Train: Epoch 197: train loss 0.0181
2022-01-21 17:40:54,543 root                INFO: Train: Epoch 198: train loss 0.0181
2022-01-21 17:40:55,132 root                INFO: Train: Epoch 199: train loss 0.0181
2022-01-21 17:40:55,739 root                INFO: Train: Epoch 200: train loss 0.0181
2022-01-21 17:41:10,107 root                INFO: Valid: Epoch 200: kendall tau 0.0625 0.0645; loss 0.01372 0.004756
2022-01-21 17:41:10,113 root                INFO: Epoch 200: Save checkpoint to nb301_anytime_tagates/tagates_0.01/123/202121/200.ckpt
2022-01-21 17:41:24,349 root                INFO: [0.0, 0.0, 0.0, 0.04230317273795535, 0.14000391619345995, 0.6230811403508771, 1.0]
2022-01-21 17:41:24,350 root                INFO: [0.0, 0.0, 0.0, 0.07677242459851155, 0.16702565106716272, 0.6266838972431078, 1.0]
2022-01-21 17:41:24,350 root                INFO: [16247, 16247]
2022-01-21 17:41:24,350 root                INFO: [16246, 823]
2022-01-21 22:15:25,737 root                INFO: GPU device = 6
2022-01-21 22:15:25,738 root                INFO: Load pkl cache from nasbench301_train.pkl and nasbench301_valid.pkl
2022-01-21 22:15:26,432 root                INFO: Config: {'arch_network_cfg': {'arch_embedder_cfg': {'take_adj_as_input': True, 'gcn_kwargs': {'residual_only': 2}, 'gcn_out_dims': [64, 64, 64, 64, 64], 'hidden_dim': 32, 'node_dim': 32, 'op_dim': 32, 'use_bn': False, 'final_concat': False, 'other_node_zero': False, 'num_time_steps': 2, 'fb_conversion_dims': [64, 64], 'backward_gcn_out_dims': [64, 64, 64, 64, 64], 'updateopemb_method': 'concat_ofb', 'updateopemb_dims': [64], 'share_skip_and_outskip': True, 'detach_vinfo': False, 'updateopemb_scale': 0.1, 'updateopemb_detach_opemb': True, 'updateopemb_detach_finfo': True, 'mask_nonparametrized_ops': True, 'symmetry_breaking_method': 'param_zs_add', 'concat_param_zs_as_opemb_dimension': 5, 'concat_param_zs_as_opemb_scale': 1.0}, 'arch_embedder_type': 'cellss-fbflow-anytime', 'compare_loss_type': 'margin_linear', 'compare_margin': 0.1, 'mlp_dropout': 0.1, 'mlp_hiddens': [200], 'mlp_out_dim': 1, 'optimizer': {'lr': 0.0001, 'type': 'Adam'}, 'scheduler': None}, 'arch_network_type': 'pointwise_comparator', 'batch_size': 128, 'choose_pair_criterion': 'random', 'compare': False, 'compare_threshold': 0.0, 'epochs': 200, 'max_compare_ratio': 16.0}
2022-01-21 22:15:30,813 root                INFO: Combined args: Namespace(arch_network_type='pointwise_comparator', batch_size=128, cfg_file='cfgs/nb301_cfgs/tagates_anytime.yaml', choose_pair_criterion='random', compare=False, compare_threshold=0.0, epochs=200, eval_only_last=1, gpu=6, load=None, max_compare_ratio=16.0, num_workers=4, report_freq=200, save_every=200, save_predict=None, seed=202121, test_funcs=None, test_only=False, train_dir='nb301_anytime_tagates/tagates_0.01/123/202121', train_pkl='../mynas/data/nasbench-301/nasbench301_train_mtx_anytime_123.pkl', train_ratio=0.01, valid_pkl='../mynas/data/nasbench-301/nasbench301_valid_mtx_anytime.pkl')
2022-01-21 22:15:30,826 root                INFO: Train dataset ratio: 0.010
2022-01-21 22:15:30,827 root                INFO: Number of architectures: train: 58; valid: 51072
2022-01-21 22:15:45,037 root                INFO: Train: Epoch   1: train loss 0.3453
2022-01-21 22:15:45,627 root                INFO: Train: Epoch   2: train loss 0.3443
2022-01-21 22:15:46,230 root                INFO: Train: Epoch   3: train loss 0.3434
2022-01-21 22:15:46,837 root                INFO: Train: Epoch   4: train loss 0.3427
2022-01-21 22:15:47,410 root                INFO: Train: Epoch   5: train loss 0.3419
2022-01-21 22:15:48,062 root                INFO: Train: Epoch   6: train loss 0.3416
2022-01-21 22:15:48,697 root                INFO: Train: Epoch   7: train loss 0.3402
2022-01-21 22:15:49,284 root                INFO: Train: Epoch   8: train loss 0.3399
2022-01-21 22:15:49,946 root                INFO: Train: Epoch   9: train loss 0.3390
2022-01-21 22:15:50,675 root                INFO: Train: Epoch  10: train loss 0.3385
2022-01-21 22:15:51,279 root                INFO: Train: Epoch  11: train loss 0.3377
2022-01-21 22:15:51,903 root                INFO: Train: Epoch  12: train loss 0.3368
2022-01-21 22:15:52,586 root                INFO: Train: Epoch  13: train loss 0.3361
2022-01-21 22:15:53,217 root                INFO: Train: Epoch  14: train loss 0.3346
2022-01-21 22:15:53,798 root                INFO: Train: Epoch  15: train loss 0.3341
2022-01-21 22:15:54,359 root                INFO: Train: Epoch  16: train loss 0.3330
2022-01-21 22:15:54,967 root                INFO: Train: Epoch  17: train loss 0.3322
2022-01-21 22:15:55,578 root                INFO: Train: Epoch  18: train loss 0.3308
2022-01-21 22:15:56,213 root                INFO: Train: Epoch  19: train loss 0.3302
2022-01-21 22:15:56,900 root                INFO: Train: Epoch  20: train loss 0.3290
2022-01-21 22:15:57,536 root                INFO: Train: Epoch  21: train loss 0.3286
2022-01-21 22:15:58,217 root                INFO: Train: Epoch  22: train loss 0.3272
2022-01-21 22:15:58,936 root                INFO: Train: Epoch  23: train loss 0.3263
2022-01-21 22:15:59,676 root                INFO: Train: Epoch  24: train loss 0.3246
2022-01-21 22:16:00,453 root                INFO: Train: Epoch  25: train loss 0.3236
2022-01-21 22:16:01,195 root                INFO: Train: Epoch  26: train loss 0.3217
2022-01-21 22:16:02,003 root                INFO: Train: Epoch  27: train loss 0.3208
2022-01-21 22:16:02,706 root                INFO: Train: Epoch  28: train loss 0.3189
2022-01-21 22:16:03,454 root                INFO: Train: Epoch  29: train loss 0.3171
2022-01-21 22:16:04,121 root                INFO: Train: Epoch  30: train loss 0.3164
2022-01-21 22:16:04,816 root                INFO: Train: Epoch  31: train loss 0.3148
2022-01-21 22:16:05,463 root                INFO: Train: Epoch  32: train loss 0.3127
2022-01-21 22:16:06,182 root                INFO: Train: Epoch  33: train loss 0.3106
2022-01-21 22:16:06,910 root                INFO: Train: Epoch  34: train loss 0.3083
2022-01-21 22:16:07,638 root                INFO: Train: Epoch  35: train loss 0.3067
2022-01-21 22:16:08,296 root                INFO: Train: Epoch  36: train loss 0.3048
2022-01-21 22:16:08,948 root                INFO: Train: Epoch  37: train loss 0.3029
2022-01-21 22:16:09,614 root                INFO: Train: Epoch  38: train loss 0.3002
2022-01-21 22:16:10,270 root                INFO: Train: Epoch  39: train loss 0.2976
2022-01-21 22:16:10,909 root                INFO: Train: Epoch  40: train loss 0.2949
2022-01-21 22:16:11,532 root                INFO: Train: Epoch  41: train loss 0.2923
2022-01-21 22:16:12,194 root                INFO: Train: Epoch  42: train loss 0.2902
2022-01-21 22:16:12,856 root                INFO: Train: Epoch  43: train loss 0.2863
2022-01-21 22:16:13,610 root                INFO: Train: Epoch  44: train loss 0.2834
2022-01-21 22:16:14,353 root                INFO: Train: Epoch  45: train loss 0.2792
2022-01-21 22:16:15,034 root                INFO: Train: Epoch  46: train loss 0.2768
2022-01-21 22:16:15,732 root                INFO: Train: Epoch  47: train loss 0.2724
2022-01-21 22:16:16,486 root                INFO: Train: Epoch  48: train loss 0.2686
2022-01-21 22:16:17,159 root                INFO: Train: Epoch  49: train loss 0.2655
2022-01-21 22:16:17,870 root                INFO: Train: Epoch  50: train loss 0.2608
2022-01-21 22:16:18,651 root                INFO: Train: Epoch  51: train loss 0.2548
2022-01-21 22:16:19,458 root                INFO: Train: Epoch  52: train loss 0.2500
2022-01-21 22:16:20,361 root                INFO: Train: Epoch  53: train loss 0.2459
2022-01-21 22:16:21,225 root                INFO: Train: Epoch  54: train loss 0.2400
2022-01-21 22:16:22,041 root                INFO: Train: Epoch  55: train loss 0.2358
2022-01-21 22:16:22,792 root                INFO: Train: Epoch  56: train loss 0.2293
2022-01-21 22:16:23,569 root                INFO: Train: Epoch  57: train loss 0.2231
2022-01-21 22:16:24,388 root                INFO: Train: Epoch  58: train loss 0.2176
2022-01-21 22:16:25,202 root                INFO: Train: Epoch  59: train loss 0.2111
2022-01-21 22:16:25,927 root                INFO: Train: Epoch  60: train loss 0.2029
2022-01-21 22:16:26,613 root                INFO: Train: Epoch  61: train loss 0.1950
2022-01-21 22:16:27,279 root                INFO: Train: Epoch  62: train loss 0.1892
2022-01-21 22:16:27,977 root                INFO: Train: Epoch  63: train loss 0.1806
2022-01-21 22:16:28,637 root                INFO: Train: Epoch  64: train loss 0.1737
2022-01-21 22:16:29,337 root                INFO: Train: Epoch  65: train loss 0.1651
2022-01-21 22:16:30,034 root                INFO: Train: Epoch  66: train loss 0.1582
2022-01-21 22:16:30,683 root                INFO: Train: Epoch  67: train loss 0.1496
2022-01-21 22:16:31,363 root                INFO: Train: Epoch  68: train loss 0.1400
2022-01-21 22:16:31,964 root                INFO: Train: Epoch  69: train loss 0.1318
2022-01-21 22:16:32,647 root                INFO: Train: Epoch  70: train loss 0.1225
2022-01-21 22:16:33,334 root                INFO: Train: Epoch  71: train loss 0.1144
2022-01-21 22:16:34,026 root                INFO: Train: Epoch  72: train loss 0.1076
2022-01-21 22:16:34,778 root                INFO: Train: Epoch  73: train loss 0.1000
2022-01-21 22:16:35,457 root                INFO: Train: Epoch  74: train loss 0.0892
2022-01-21 22:16:36,185 root                INFO: Train: Epoch  75: train loss 0.0820
2022-01-21 22:16:36,870 root                INFO: Train: Epoch  76: train loss 0.0739
2022-01-21 22:16:37,644 root                INFO: Train: Epoch  77: train loss 0.0662
2022-01-21 22:16:38,317 root                INFO: Train: Epoch  78: train loss 0.0584
2022-01-21 22:16:39,041 root                INFO: Train: Epoch  79: train loss 0.0522
2022-01-21 22:16:39,823 root                INFO: Train: Epoch  80: train loss 0.0457
2022-01-21 22:16:40,523 root                INFO: Train: Epoch  81: train loss 0.0409
2022-01-21 22:16:41,200 root                INFO: Train: Epoch  82: train loss 0.0345
2022-01-21 22:16:41,993 root                INFO: Train: Epoch  83: train loss 0.0290
2022-01-21 22:16:42,825 root                INFO: Train: Epoch  84: train loss 0.0253
2022-01-21 22:16:43,609 root                INFO: Train: Epoch  85: train loss 0.0226
2022-01-21 22:16:44,534 root                INFO: Train: Epoch  86: train loss 0.0179
2022-01-21 22:16:45,357 root                INFO: Train: Epoch  87: train loss 0.0153
2022-01-21 22:16:46,259 root                INFO: Train: Epoch  88: train loss 0.0133
2022-01-21 22:16:47,217 root                INFO: Train: Epoch  89: train loss 0.0109
2022-01-21 22:16:48,108 root                INFO: Train: Epoch  90: train loss 0.0099
2022-01-21 22:16:48,928 root                INFO: Train: Epoch  91: train loss 0.0083
2022-01-21 22:16:49,801 root                INFO: Train: Epoch  92: train loss 0.0069
2022-01-21 22:16:50,528 root                INFO: Train: Epoch  93: train loss 0.0064
2022-01-21 22:16:51,265 root                INFO: Train: Epoch  94: train loss 0.0055
2022-01-21 22:16:51,956 root                INFO: Train: Epoch  95: train loss 0.0050
2022-01-21 22:16:52,677 root                INFO: Train: Epoch  96: train loss 0.0049
2022-01-21 22:16:53,399 root                INFO: Train: Epoch  97: train loss 0.0047
2022-01-21 22:16:54,200 root                INFO: Train: Epoch  98: train loss 0.0044
2022-01-21 22:16:55,014 root                INFO: Train: Epoch  99: train loss 0.0040
2022-01-21 22:16:55,898 root                INFO: Train: Epoch 100: train loss 0.0040
2022-01-21 22:16:56,909 root                INFO: Train: Epoch 101: train loss 0.0042
2022-01-21 22:16:57,863 root                INFO: Train: Epoch 102: train loss 0.0041
2022-01-21 22:16:58,720 root                INFO: Train: Epoch 103: train loss 0.0040
2022-01-21 22:16:59,701 root                INFO: Train: Epoch 104: train loss 0.0040
2022-01-21 22:17:00,589 root                INFO: Train: Epoch 105: train loss 0.0041
2022-01-21 22:17:01,429 root                INFO: Train: Epoch 106: train loss 0.0041
2022-01-21 22:17:02,173 root                INFO: Train: Epoch 107: train loss 0.0039
2022-01-21 22:17:02,914 root                INFO: Train: Epoch 108: train loss 0.0040
2022-01-21 22:17:03,700 root                INFO: Train: Epoch 109: train loss 0.0039
2022-01-21 22:17:04,459 root                INFO: Train: Epoch 110: train loss 0.0041
2022-01-21 22:17:05,182 root                INFO: Train: Epoch 111: train loss 0.0036
2022-01-21 22:17:05,996 root                INFO: Train: Epoch 112: train loss 0.0037
2022-01-21 22:17:06,787 root                INFO: Train: Epoch 113: train loss 0.0036
2022-01-21 22:17:07,489 root                INFO: Train: Epoch 114: train loss 0.0036
2022-01-21 22:17:08,352 root                INFO: Train: Epoch 115: train loss 0.0035
2022-01-21 22:17:09,068 root                INFO: Train: Epoch 116: train loss 0.0034
2022-01-21 22:17:09,861 root                INFO: Train: Epoch 117: train loss 0.0032
2022-01-21 22:17:10,674 root                INFO: Train: Epoch 118: train loss 0.0029
2022-01-21 22:17:11,453 root                INFO: Train: Epoch 119: train loss 0.0029
2022-01-21 22:17:12,184 root                INFO: Train: Epoch 120: train loss 0.0028
2022-01-21 22:17:12,997 root                INFO: Train: Epoch 121: train loss 0.0028
2022-01-21 22:17:13,817 root                INFO: Train: Epoch 122: train loss 0.0026
2022-01-21 22:17:14,571 root                INFO: Train: Epoch 123: train loss 0.0026
2022-01-21 22:17:15,350 root                INFO: Train: Epoch 124: train loss 0.0023
2022-01-21 22:17:16,071 root                INFO: Train: Epoch 125: train loss 0.0023
2022-01-21 22:17:16,775 root                INFO: Train: Epoch 126: train loss 0.0021
2022-01-21 22:17:17,533 root                INFO: Train: Epoch 127: train loss 0.0020
2022-01-21 22:17:18,328 root                INFO: Train: Epoch 128: train loss 0.0019
2022-01-21 22:17:19,008 root                INFO: Train: Epoch 129: train loss 0.0017
2022-01-21 22:17:19,718 root                INFO: Train: Epoch 130: train loss 0.0019
2022-01-21 22:17:20,510 root                INFO: Train: Epoch 131: train loss 0.0016
2022-01-21 22:17:21,214 root                INFO: Train: Epoch 132: train loss 0.0015
2022-01-21 22:17:21,947 root                INFO: Train: Epoch 133: train loss 0.0013
2022-01-21 22:17:22,670 root                INFO: Train: Epoch 134: train loss 0.0013
2022-01-21 22:17:23,442 root                INFO: Train: Epoch 135: train loss 0.0012
2022-01-21 22:17:24,160 root                INFO: Train: Epoch 136: train loss 0.0013
2022-01-21 22:17:24,814 root                INFO: Train: Epoch 137: train loss 0.0012
2022-01-21 22:17:25,575 root                INFO: Train: Epoch 138: train loss 0.0011
2022-01-21 22:17:26,355 root                INFO: Train: Epoch 139: train loss 0.0011
2022-01-21 22:17:27,114 root                INFO: Train: Epoch 140: train loss 0.0011
2022-01-21 22:17:27,925 root                INFO: Train: Epoch 141: train loss 0.0010
2022-01-21 22:17:28,701 root                INFO: Train: Epoch 142: train loss 0.0010
2022-01-21 22:17:29,359 root                INFO: Train: Epoch 143: train loss 0.0010
2022-01-21 22:17:30,080 root                INFO: Train: Epoch 144: train loss 0.0008
2022-01-21 22:17:30,778 root                INFO: Train: Epoch 145: train loss 0.0010
2022-01-21 22:17:31,644 root                INFO: Train: Epoch 146: train loss 0.0009
2022-01-21 22:17:32,315 root                INFO: Train: Epoch 147: train loss 0.0009
2022-01-21 22:17:33,049 root                INFO: Train: Epoch 148: train loss 0.0008
2022-01-21 22:17:33,835 root                INFO: Train: Epoch 149: train loss 0.0008
2022-01-21 22:17:34,628 root                INFO: Train: Epoch 150: train loss 0.0009
2022-01-21 22:17:35,326 root                INFO: Train: Epoch 151: train loss 0.0008
2022-01-21 22:17:36,095 root                INFO: Train: Epoch 152: train loss 0.0009
2022-01-21 22:17:36,847 root                INFO: Train: Epoch 153: train loss 0.0009
2022-01-21 22:17:37,667 root                INFO: Train: Epoch 154: train loss 0.0009
2022-01-21 22:17:38,305 root                INFO: Train: Epoch 155: train loss 0.0008
2022-01-21 22:17:39,046 root                INFO: Train: Epoch 156: train loss 0.0009
2022-01-21 22:17:39,734 root                INFO: Train: Epoch 157: train loss 0.0009
2022-01-21 22:17:40,484 root                INFO: Train: Epoch 158: train loss 0.0010
2022-01-21 22:17:41,201 root                INFO: Train: Epoch 159: train loss 0.0008
2022-01-21 22:17:41,903 root                INFO: Train: Epoch 160: train loss 0.0008
2022-01-21 22:17:42,722 root                INFO: Train: Epoch 161: train loss 0.0008
2022-01-21 22:17:43,454 root                INFO: Train: Epoch 162: train loss 0.0009
2022-01-21 22:17:44,165 root                INFO: Train: Epoch 163: train loss 0.0008
2022-01-21 22:17:44,893 root                INFO: Train: Epoch 164: train loss 0.0008
2022-01-21 22:17:45,583 root                INFO: Train: Epoch 165: train loss 0.0008
2022-01-21 22:17:46,357 root                INFO: Train: Epoch 166: train loss 0.0010
2022-01-21 22:17:47,033 root                INFO: Train: Epoch 167: train loss 0.0008
2022-01-21 22:17:47,767 root                INFO: Train: Epoch 168: train loss 0.0009
2022-01-21 22:17:48,795 root                INFO: Train: Epoch 169: train loss 0.0009
2022-01-21 22:17:49,746 root                INFO: Train: Epoch 170: train loss 0.0007
2022-01-21 22:17:50,625 root                INFO: Train: Epoch 171: train loss 0.0008
2022-01-21 22:17:51,634 root                INFO: Train: Epoch 172: train loss 0.0008
2022-01-21 22:17:52,808 root                INFO: Train: Epoch 173: train loss 0.0007
2022-01-21 22:17:53,855 root                INFO: Train: Epoch 174: train loss 0.0009
2022-01-21 22:17:55,067 root                INFO: Train: Epoch 175: train loss 0.0008
2022-01-21 22:17:56,187 root                INFO: Train: Epoch 176: train loss 0.0007
2022-01-21 22:17:57,199 root                INFO: Train: Epoch 177: train loss 0.0008
2022-01-21 22:17:58,082 root                INFO: Train: Epoch 178: train loss 0.0008
2022-01-21 22:17:58,838 root                INFO: Train: Epoch 179: train loss 0.0008
2022-01-21 22:17:59,795 root                INFO: Train: Epoch 180: train loss 0.0008
2022-01-21 22:18:00,501 root                INFO: Train: Epoch 181: train loss 0.0008
2022-01-21 22:18:01,265 root                INFO: Train: Epoch 182: train loss 0.0008
2022-01-21 22:18:02,028 root                INFO: Train: Epoch 183: train loss 0.0007
2022-01-21 22:18:02,858 root                INFO: Train: Epoch 184: train loss 0.0008
2022-01-21 22:18:03,490 root                INFO: Train: Epoch 185: train loss 0.0009
2022-01-21 22:18:04,378 root                INFO: Train: Epoch 186: train loss 0.0008
2022-01-21 22:18:05,117 root                INFO: Train: Epoch 187: train loss 0.0007
2022-01-21 22:18:05,858 root                INFO: Train: Epoch 188: train loss 0.0008
2022-01-21 22:18:06,588 root                INFO: Train: Epoch 189: train loss 0.0008
2022-01-21 22:18:07,298 root                INFO: Train: Epoch 190: train loss 0.0007
2022-01-21 22:18:08,066 root                INFO: Train: Epoch 191: train loss 0.0008
2022-01-21 22:18:08,788 root                INFO: Train: Epoch 192: train loss 0.0009
2022-01-21 22:18:09,592 root                INFO: Train: Epoch 193: train loss 0.0009
2022-01-21 22:18:10,413 root                INFO: Train: Epoch 194: train loss 0.0008
2022-01-21 22:18:11,154 root                INFO: Train: Epoch 195: train loss 0.0006
2022-01-21 22:18:11,819 root                INFO: Train: Epoch 196: train loss 0.0008
2022-01-21 22:18:12,566 root                INFO: Train: Epoch 197: train loss 0.0007
2022-01-21 22:18:13,380 root                INFO: Train: Epoch 198: train loss 0.0007
2022-01-21 22:18:14,070 root                INFO: Train: Epoch 199: train loss 0.0008
2022-01-21 22:18:14,818 root                INFO: Train: Epoch 200: train loss 0.0009
2022-01-21 22:18:29,996 root                INFO: Valid: Epoch 200: kendall tau 0.2191 0.2143; loss 0.0003982 0.0002516
2022-01-21 22:18:30,003 root                INFO: Epoch 200: Save checkpoint to nb301_anytime_tagates/tagates_0.01/123/202121/200.ckpt
2022-01-21 22:18:45,789 root                INFO: [0.0, 0.0, 0.0, 0.024676850763807285, 0.1202271392206775, 0.6190867794486216, 1.0]
2022-01-21 22:18:45,789 root                INFO: [0.0, 0.0, 0.0, 0.020368194281237758, 0.11709418445271197, 0.6089442355889725, 1.0]
2022-01-21 22:18:45,789 root                INFO: [4147, 3689]
2022-01-21 22:18:45,789 root                INFO: [3235, 3235]
