2022-01-19 23:28:48,331 root                INFO: GPU device = 2
2022-01-19 23:28:48,332 root                INFO: Load pkl cache from nasbench101.pkl and nasbench101_valid.pkl
2022-01-19 23:28:48,691 root                INFO: Config: {'arch_network_cfg': {'arch_embedder_cfg': {'b_use_bn': False, 'backward_gcn_out_dims': [128, 128, 128, 128, 128], 'concat_param_zs_as_opemb_dimension': 7, 'concat_param_zs_as_opemb_scale': 0.1, 'detach_vinfo': False, 'fb_conversion_dims': [128, 128], 'gcn_kwargs': {'plus_I': True, 'residual_only': 1}, 'gcn_out_dims': [128, 128, 128, 128, 128], 'hid_dim': 96, 'mask_nonparametrized_ops': False, 'node_embedding_dim': 48, 'num_time_steps': 3, 'op_embedding_dim': 48, 'symmetry_breaking_method': 'param_zs_add', 'updateopemb_detach_finfo': True, 'updateopemb_detach_opemb': True, 'updateopemb_dims': [128], 'updateopemb_method': 'concat_ofb', 'updateopemb_scale': 0.1}, 'arch_embedder_type': 'nb101-fbflow', 'compare_loss_type': 'margin_linear', 'compare_margin': 0.1, 'mlp_dropout': 0.1, 'mlp_hiddens': [200], 'optimizer': {'lr': 0.001, 'type': 'Adam'}, 'scheduler': None}, 'batch_size': 512, 'choose_pair_criterion': 'random', 'compare': True, 'compare_threshold': 0.0, 'epochs': 200, 'max_compare_ratio': 4.0}
2022-01-19 23:28:52,497 root                INFO: Combined args: Namespace(batch_size=512, cfg_file='cfgs/nb101_cfgs/gates_true_scale0.1.yaml', choose_pair_criterion='random', compare=True, compare_threshold=0.0, epochs=200, eval_only_last=5, gpu=2, load=None, max_compare_ratio=4.0, num_workers=4, report_freq=200, save_every=200, save_predict=None, seed=2021, test_funcs=None, test_only=False, train_dir='nb1shot1_ablation_scale/true/0.1_1/123/2021', train_pkl='../mynas/data/nasbench-1shot1/nasbench101_train_123.pkl', train_ratio=1.0, valid_pkl='../mynas/data/nasbench-1shot1/nasbench101_valid.pkl')
2022-01-19 23:28:52,497 root                INFO: Train dataset ratio: 1.000
2022-01-19 23:28:52,497 root                INFO: Number of architectures: train: 7290; valid: 7290
2022-01-19 23:28:57,968 root                INFO: Train: Epoch   1: train loss 0.0681
2022-01-19 23:29:01,624 root                INFO: Train: Epoch   2: train loss 0.0409
2022-01-19 23:29:05,064 root                INFO: Train: Epoch   3: train loss 0.0292
2022-01-19 23:29:08,428 root                INFO: Train: Epoch   4: train loss 0.0249
2022-01-19 23:29:11,745 root                INFO: Train: Epoch   5: train loss 0.0220
2022-01-19 23:29:15,145 root                INFO: Train: Epoch   6: train loss 0.0221
2022-01-19 23:29:18,712 root                INFO: Train: Epoch   7: train loss 0.0205
2022-01-19 23:29:22,038 root                INFO: Train: Epoch   8: train loss 0.0209
2022-01-19 23:29:25,416 root                INFO: Train: Epoch   9: train loss 0.0202
2022-01-19 23:29:28,915 root                INFO: Train: Epoch  10: train loss 0.0189
2022-01-19 23:29:32,230 root                INFO: Train: Epoch  11: train loss 0.0177
2022-01-19 23:29:35,906 root                INFO: Train: Epoch  12: train loss 0.0186
2022-01-19 23:29:39,319 root                INFO: Train: Epoch  13: train loss 0.0173
2022-01-19 23:29:42,829 root                INFO: Train: Epoch  14: train loss 0.0178
2022-01-19 23:29:46,259 root                INFO: Train: Epoch  15: train loss 0.0175
2022-01-19 23:29:49,911 root                INFO: Train: Epoch  16: train loss 0.0174
2022-01-19 23:29:53,427 root                INFO: Train: Epoch  17: train loss 0.0163
2022-01-19 23:29:56,946 root                INFO: Train: Epoch  18: train loss 0.0168
2022-01-19 23:30:00,412 root                INFO: Train: Epoch  19: train loss 0.0167
2022-01-19 23:30:03,910 root                INFO: Train: Epoch  20: train loss 0.0157
2022-01-19 23:30:07,531 root                INFO: Train: Epoch  21: train loss 0.0162
2022-01-19 23:30:11,115 root                INFO: Train: Epoch  22: train loss 0.0160
2022-01-19 23:30:14,812 root                INFO: Train: Epoch  23: train loss 0.0159
2022-01-19 23:30:18,489 root                INFO: Train: Epoch  24: train loss 0.0166
2022-01-19 23:30:22,153 root                INFO: Train: Epoch  25: train loss 0.0162
2022-01-19 23:30:25,786 root                INFO: Train: Epoch  26: train loss 0.0161
2022-01-19 23:30:29,258 root                INFO: Train: Epoch  27: train loss 0.0153
2022-01-19 23:30:32,989 root                INFO: Train: Epoch  28: train loss 0.0153
2022-01-19 23:30:36,592 root                INFO: Train: Epoch  29: train loss 0.0152
2022-01-19 23:30:40,250 root                INFO: Train: Epoch  30: train loss 0.0151
2022-01-19 23:30:43,781 root                INFO: Train: Epoch  31: train loss 0.0163
2022-01-19 23:30:47,305 root                INFO: Train: Epoch  32: train loss 0.0157
2022-01-19 23:30:51,069 root                INFO: Train: Epoch  33: train loss 0.0147
2022-01-19 23:30:54,735 root                INFO: Train: Epoch  34: train loss 0.0154
2022-01-19 23:30:58,442 root                INFO: Train: Epoch  35: train loss 0.0144
2022-01-19 23:31:01,991 root                INFO: Train: Epoch  36: train loss 0.0151
2022-01-19 23:31:05,788 root                INFO: Train: Epoch  37: train loss 0.0145
2022-01-19 23:31:09,580 root                INFO: Train: Epoch  38: train loss 0.0154
2022-01-19 23:31:13,281 root                INFO: Train: Epoch  39: train loss 0.0154
2022-01-19 23:31:16,977 root                INFO: Train: Epoch  40: train loss 0.0148
2022-01-19 23:31:20,673 root                INFO: Train: Epoch  41: train loss 0.0145
2022-01-19 23:31:24,434 root                INFO: Train: Epoch  42: train loss 0.0157
2022-01-19 23:31:27,958 root                INFO: Train: Epoch  43: train loss 0.0153
2022-01-19 23:31:31,588 root                INFO: Train: Epoch  44: train loss 0.0141
2022-01-19 23:31:35,038 root                INFO: Train: Epoch  45: train loss 0.0145
2022-01-19 23:31:38,429 root                INFO: Train: Epoch  46: train loss 0.0146
2022-01-19 23:31:41,987 root                INFO: Train: Epoch  47: train loss 0.0149
2022-01-19 23:31:45,355 root                INFO: Train: Epoch  48: train loss 0.0143
2022-01-19 23:31:48,875 root                INFO: Train: Epoch  49: train loss 0.0145
2022-01-19 23:31:52,216 root                INFO: Train: Epoch  50: train loss 0.0140
2022-01-19 23:31:55,562 root                INFO: Train: Epoch  51: train loss 0.0143
2022-01-19 23:31:59,108 root                INFO: Train: Epoch  52: train loss 0.0153
2022-01-19 23:32:02,515 root                INFO: Train: Epoch  53: train loss 0.0139
2022-01-19 23:32:06,044 root                INFO: Train: Epoch  54: train loss 0.0146
2022-01-19 23:32:09,567 root                INFO: Train: Epoch  55: train loss 0.0141
2022-01-19 23:32:13,016 root                INFO: Train: Epoch  56: train loss 0.0141
2022-01-19 23:32:16,508 root                INFO: Train: Epoch  57: train loss 0.0143
2022-01-19 23:32:20,022 root                INFO: Train: Epoch  58: train loss 0.0139
2022-01-19 23:32:23,720 root                INFO: Train: Epoch  59: train loss 0.0141
2022-01-19 23:32:27,283 root                INFO: Train: Epoch  60: train loss 0.0143
2022-01-19 23:32:30,601 root                INFO: Train: Epoch  61: train loss 0.0138
2022-01-19 23:32:34,266 root                INFO: Train: Epoch  62: train loss 0.0146
2022-01-19 23:32:37,921 root                INFO: Train: Epoch  63: train loss 0.0138
2022-01-19 23:32:41,434 root                INFO: Train: Epoch  64: train loss 0.0141
2022-01-19 23:32:44,888 root                INFO: Train: Epoch  65: train loss 0.0142
2022-01-19 23:32:48,436 root                INFO: Train: Epoch  66: train loss 0.0138
2022-01-19 23:32:51,932 root                INFO: Train: Epoch  67: train loss 0.0141
2022-01-19 23:32:55,397 root                INFO: Train: Epoch  68: train loss 0.0141
2022-01-19 23:32:58,850 root                INFO: Train: Epoch  69: train loss 0.0136
2022-01-19 23:33:02,432 root                INFO: Train: Epoch  70: train loss 0.0149
2022-01-19 23:33:05,988 root                INFO: Train: Epoch  71: train loss 0.0137
2022-01-19 23:33:09,920 root                INFO: Train: Epoch  72: train loss 0.0140
2022-01-19 23:33:13,568 root                INFO: Train: Epoch  73: train loss 0.0140
2022-01-19 23:33:17,113 root                INFO: Train: Epoch  74: train loss 0.0142
2022-01-19 23:33:20,606 root                INFO: Train: Epoch  75: train loss 0.0141
2022-01-19 23:33:24,132 root                INFO: Train: Epoch  76: train loss 0.0132
2022-01-19 23:33:27,553 root                INFO: Train: Epoch  77: train loss 0.0134
2022-01-19 23:33:31,009 root                INFO: Train: Epoch  78: train loss 0.0137
2022-01-19 23:33:34,520 root                INFO: Train: Epoch  79: train loss 0.0138
2022-01-19 23:33:37,894 root                INFO: Train: Epoch  80: train loss 0.0132
2022-01-19 23:33:41,469 root                INFO: Train: Epoch  81: train loss 0.0135
2022-01-19 23:33:44,900 root                INFO: Train: Epoch  82: train loss 0.0137
2022-01-19 23:33:48,381 root                INFO: Train: Epoch  83: train loss 0.0141
2022-01-19 23:33:51,908 root                INFO: Train: Epoch  84: train loss 0.0141
2022-01-19 23:33:55,417 root                INFO: Train: Epoch  85: train loss 0.0133
2022-01-19 23:33:58,904 root                INFO: Train: Epoch  86: train loss 0.0131
2022-01-19 23:34:02,344 root                INFO: Train: Epoch  87: train loss 0.0136
2022-01-19 23:34:05,798 root                INFO: Train: Epoch  88: train loss 0.0140
2022-01-19 23:34:09,316 root                INFO: Train: Epoch  89: train loss 0.0132
2022-01-19 23:34:12,779 root                INFO: Train: Epoch  90: train loss 0.0136
2022-01-19 23:34:16,393 root                INFO: Train: Epoch  91: train loss 0.0128
2022-01-19 23:34:19,995 root                INFO: Train: Epoch  92: train loss 0.0128
2022-01-19 23:34:23,534 root                INFO: Train: Epoch  93: train loss 0.0135
2022-01-19 23:34:27,116 root                INFO: Train: Epoch  94: train loss 0.0135
2022-01-19 23:34:30,610 root                INFO: Train: Epoch  95: train loss 0.0131
2022-01-19 23:34:34,167 root                INFO: Train: Epoch  96: train loss 0.0138
2022-01-19 23:34:37,613 root                INFO: Train: Epoch  97: train loss 0.0131
2022-01-19 23:34:41,019 root                INFO: Train: Epoch  98: train loss 0.0132
2022-01-19 23:34:44,424 root                INFO: Train: Epoch  99: train loss 0.0128
2022-01-19 23:34:48,077 root                INFO: Train: Epoch 100: train loss 0.0130
2022-01-19 23:34:51,613 root                INFO: Train: Epoch 101: train loss 0.0137
2022-01-19 23:34:55,081 root                INFO: Train: Epoch 102: train loss 0.0131
2022-01-19 23:34:58,549 root                INFO: Train: Epoch 103: train loss 0.0134
2022-01-19 23:35:02,057 root                INFO: Train: Epoch 104: train loss 0.0132
2022-01-19 23:35:05,539 root                INFO: Train: Epoch 105: train loss 0.0137
2022-01-19 23:35:09,186 root                INFO: Train: Epoch 106: train loss 0.0132
2022-01-19 23:35:12,871 root                INFO: Train: Epoch 107: train loss 0.0134
2022-01-19 23:35:16,408 root                INFO: Train: Epoch 108: train loss 0.0132
2022-01-19 23:35:19,931 root                INFO: Train: Epoch 109: train loss 0.0133
2022-01-19 23:35:23,497 root                INFO: Train: Epoch 110: train loss 0.0138
2022-01-19 23:35:27,102 root                INFO: Train: Epoch 111: train loss 0.0127
2022-01-19 23:35:31,009 root                INFO: Train: Epoch 112: train loss 0.0132
2022-01-19 23:35:34,671 root                INFO: Train: Epoch 113: train loss 0.0134
2022-01-19 23:35:38,389 root                INFO: Train: Epoch 114: train loss 0.0127
2022-01-19 23:35:42,102 root                INFO: Train: Epoch 115: train loss 0.0129
2022-01-19 23:35:45,751 root                INFO: Train: Epoch 116: train loss 0.0125
2022-01-19 23:35:49,534 root                INFO: Train: Epoch 117: train loss 0.0131
2022-01-19 23:35:53,285 root                INFO: Train: Epoch 118: train loss 0.0127
2022-01-19 23:35:57,009 root                INFO: Train: Epoch 119: train loss 0.0134
2022-01-19 23:36:00,925 root                INFO: Train: Epoch 120: train loss 0.0132
2022-01-19 23:36:04,624 root                INFO: Train: Epoch 121: train loss 0.0137
2022-01-19 23:36:08,418 root                INFO: Train: Epoch 122: train loss 0.0136
2022-01-19 23:36:12,081 root                INFO: Train: Epoch 123: train loss 0.0121
2022-01-19 23:36:15,853 root                INFO: Train: Epoch 124: train loss 0.0133
2022-01-19 23:36:19,567 root                INFO: Train: Epoch 125: train loss 0.0125
2022-01-19 23:36:23,209 root                INFO: Train: Epoch 126: train loss 0.0132
2022-01-19 23:36:27,033 root                INFO: Train: Epoch 127: train loss 0.0128
2022-01-19 23:36:30,794 root                INFO: Train: Epoch 128: train loss 0.0132
2022-01-19 23:36:34,590 root                INFO: Train: Epoch 129: train loss 0.0126
2022-01-19 23:36:38,381 root                INFO: Train: Epoch 130: train loss 0.0131
2022-01-19 23:36:41,927 root                INFO: Train: Epoch 131: train loss 0.0123
2022-01-19 23:36:45,659 root                INFO: Train: Epoch 132: train loss 0.0127
2022-01-19 23:36:49,260 root                INFO: Train: Epoch 133: train loss 0.0129
2022-01-19 23:36:52,887 root                INFO: Train: Epoch 134: train loss 0.0125
2022-01-19 23:36:56,437 root                INFO: Train: Epoch 135: train loss 0.0130
2022-01-19 23:37:00,046 root                INFO: Train: Epoch 136: train loss 0.0131
2022-01-19 23:37:03,551 root                INFO: Train: Epoch 137: train loss 0.0128
2022-01-19 23:37:06,900 root                INFO: Train: Epoch 138: train loss 0.0127
2022-01-19 23:37:10,450 root                INFO: Train: Epoch 139: train loss 0.0125
2022-01-19 23:37:14,235 root                INFO: Train: Epoch 140: train loss 0.0128
2022-01-19 23:37:17,899 root                INFO: Train: Epoch 141: train loss 0.0130
2022-01-19 23:37:21,506 root                INFO: Train: Epoch 142: train loss 0.0127
2022-01-19 23:37:25,097 root                INFO: Train: Epoch 143: train loss 0.0128
2022-01-19 23:37:28,714 root                INFO: Train: Epoch 144: train loss 0.0131
2022-01-19 23:37:32,393 root                INFO: Train: Epoch 145: train loss 0.0125
2022-01-19 23:37:35,910 root                INFO: Train: Epoch 146: train loss 0.0122
2022-01-19 23:37:39,359 root                INFO: Train: Epoch 147: train loss 0.0127
2022-01-19 23:37:42,961 root                INFO: Train: Epoch 148: train loss 0.0128
2022-01-19 23:37:46,411 root                INFO: Train: Epoch 149: train loss 0.0127
2022-01-19 23:37:50,153 root                INFO: Train: Epoch 150: train loss 0.0128
2022-01-19 23:37:53,640 root                INFO: Train: Epoch 151: train loss 0.0126
2022-01-19 23:37:57,134 root                INFO: Train: Epoch 152: train loss 0.0128
2022-01-19 23:38:00,618 root                INFO: Train: Epoch 153: train loss 0.0125
2022-01-19 23:38:04,110 root                INFO: Train: Epoch 154: train loss 0.0130
2022-01-19 23:38:07,436 root                INFO: Train: Epoch 155: train loss 0.0123
2022-01-19 23:38:10,923 root                INFO: Train: Epoch 156: train loss 0.0126
2022-01-19 23:38:14,443 root                INFO: Train: Epoch 157: train loss 0.0123
2022-01-19 23:38:17,956 root                INFO: Train: Epoch 158: train loss 0.0128
2022-01-19 23:38:21,862 root                INFO: Train: Epoch 159: train loss 0.0121
2022-01-19 23:38:25,332 root                INFO: Train: Epoch 160: train loss 0.0130
2022-01-19 23:38:29,003 root                INFO: Train: Epoch 161: train loss 0.0121
2022-01-19 23:38:32,537 root                INFO: Train: Epoch 162: train loss 0.0122
2022-01-19 23:38:36,093 root                INFO: Train: Epoch 163: train loss 0.0121
2022-01-19 23:38:39,587 root                INFO: Train: Epoch 164: train loss 0.0125
2022-01-19 23:38:43,105 root                INFO: Train: Epoch 165: train loss 0.0125
2022-01-19 23:38:46,993 root                INFO: Train: Epoch 166: train loss 0.0126
2022-01-19 23:38:50,507 root                INFO: Train: Epoch 167: train loss 0.0127
2022-01-19 23:38:53,997 root                INFO: Train: Epoch 168: train loss 0.0121
2022-01-19 23:38:57,676 root                INFO: Train: Epoch 169: train loss 0.0127
2022-01-19 23:39:01,371 root                INFO: Train: Epoch 170: train loss 0.0122
2022-01-19 23:39:05,062 root                INFO: Train: Epoch 171: train loss 0.0125
2022-01-19 23:39:08,639 root                INFO: Train: Epoch 172: train loss 0.0128
2022-01-19 23:39:12,186 root                INFO: Train: Epoch 173: train loss 0.0124
2022-01-19 23:39:15,728 root                INFO: Train: Epoch 174: train loss 0.0123
2022-01-19 23:39:19,350 root                INFO: Train: Epoch 175: train loss 0.0125
2022-01-19 23:39:23,140 root                INFO: Train: Epoch 176: train loss 0.0125
2022-01-19 23:39:26,830 root                INFO: Train: Epoch 177: train loss 0.0122
2022-01-19 23:39:30,557 root                INFO: Train: Epoch 178: train loss 0.0135
2022-01-19 23:39:34,194 root                INFO: Train: Epoch 179: train loss 0.0123
2022-01-19 23:39:37,765 root                INFO: Train: Epoch 180: train loss 0.0124
2022-01-19 23:39:41,406 root                INFO: Train: Epoch 181: train loss 0.0120
2022-01-19 23:39:44,998 root                INFO: Train: Epoch 182: train loss 0.0127
2022-01-19 23:39:48,583 root                INFO: Train: Epoch 183: train loss 0.0118
2022-01-19 23:39:52,181 root                INFO: Train: Epoch 184: train loss 0.0127
2022-01-19 23:39:55,771 root                INFO: Train: Epoch 185: train loss 0.0121
2022-01-19 23:39:59,614 root                INFO: Train: Epoch 186: train loss 0.0122
2022-01-19 23:40:03,249 root                INFO: Train: Epoch 187: train loss 0.0119
2022-01-19 23:40:07,143 root                INFO: Train: Epoch 188: train loss 0.0119
2022-01-19 23:40:10,740 root                INFO: Train: Epoch 189: train loss 0.0124
2022-01-19 23:40:14,340 root                INFO: Train: Epoch 190: train loss 0.0123
2022-01-19 23:40:17,917 root                INFO: Train: Epoch 191: train loss 0.0123
2022-01-19 23:40:21,476 root                INFO: Train: Epoch 192: train loss 0.0119
2022-01-19 23:40:25,161 root                INFO: Train: Epoch 193: train loss 0.0128
2022-01-19 23:40:28,912 root                INFO: Train: Epoch 194: train loss 0.0118
2022-01-19 23:40:32,588 root                INFO: Train: Epoch 195: train loss 0.0122
2022-01-19 23:40:36,227 root                INFO: Train: Epoch 196: train loss 0.0118
2022-01-19 23:40:38,368 root                INFO: Valid: Epoch 196: kendall tau 0.8319; loss 0.2319
2022-01-19 23:40:41,936 root                INFO: Train: Epoch 197: train loss 0.0121
2022-01-19 23:40:44,429 root                INFO: Valid: Epoch 197: kendall tau 0.8282; loss 0.2469
2022-01-19 23:40:47,965 root                INFO: Train: Epoch 198: train loss 0.0120
2022-01-19 23:40:49,987 root                INFO: Valid: Epoch 198: kendall tau 0.8296; loss 0.2483
2022-01-19 23:40:53,493 root                INFO: Train: Epoch 199: train loss 0.0124
2022-01-19 23:40:55,556 root                INFO: Valid: Epoch 199: kendall tau 0.8206; loss 0.245
2022-01-19 23:40:59,306 root                INFO: Train: Epoch 200: train loss 0.0126
2022-01-19 23:41:01,404 root                INFO: Valid: Epoch 200: kendall tau 0.8065; loss 0.2606
2022-01-19 23:41:01,414 root                INFO: Epoch 200: Save checkpoint to nb1shot1_ablation_scale/true/0.1_1/123/2021/200.ckpt
2022-01-19 23:41:03,534 root                INFO: [0.14285714285714285, 0.5277777777777778, 0.5416666666666666, 0.7060439560439561, 0.7983539094650206, 0.9058984910836763, 1.0]
2022-01-19 23:41:03,534 root                INFO: [5, 5]
