2022-01-20 15:56:31,184 root                INFO: GPU device = 3
2022-01-20 15:56:31,185 root                INFO: Load pkl cache from nasbench301_train.pkl and nasbench301_valid.pkl
2022-01-20 15:56:32,118 root                INFO: Config: {'arch_network_cfg': {'arch_embedder_cfg': {'take_adj_as_input': True, 'gcn_kwargs': {'residual_only': 2}, 'gcn_out_dims': [64, 64, 64, 64, 64], 'hidden_dim': 32, 'node_dim': 32, 'op_dim': 32, 'use_bn': False, 'final_concat': False, 'other_node_zero': False, 'num_time_steps': 4, 'fb_conversion_dims': [64, 64], 'backward_gcn_out_dims': [64, 64, 64, 64, 64], 'updateopemb_method': 'concat_ofb', 'updateopemb_dims': [64], 'share_skip_and_outskip': True, 'detach_vinfo': False, 'updateopemb_scale': 0.1, 'updateopemb_detach_opemb': True, 'updateopemb_detach_finfo': True, 'mask_nonparametrized_ops': True, 'symmetry_breaking_method': 'param_zs_add', 'concat_param_zs_as_opemb_dimension': 5, 'concat_param_zs_as_opemb_scale': 1.0}, 'arch_embedder_type': 'cellss-fbflow', 'compare_loss_type': 'margin_linear', 'compare_margin': 0.1, 'mlp_dropout': 0.1, 'mlp_hiddens': [200], 'optimizer': {'lr': 0.001, 'type': 'Adam'}, 'scheduler': None}, 'arch_network_type': 'pointwise_comparator', 'batch_size': 128, 'choose_pair_criterion': 'random', 'compare': True, 'compare_threshold': 0.0, 'epochs': 200, 'max_compare_ratio': 16.0}
2022-01-20 15:56:35,377 root                INFO: Combined args: Namespace(arch_network_type='pointwise_comparator', batch_size=128, cfg_file='cfgs/nb301_cfgs/gates_true_masktrue.yaml', choose_pair_criterion='random', compare=True, compare_threshold=0.0, epochs=200, eval_only_last=1, gpu=3, load=None, max_compare_ratio=16.0, num_workers=4, report_freq=200, save_every=200, save_predict=None, seed=21, test_funcs=None, test_only=False, train_dir='nb301_ablation_mask/true/true_0.01/123/21', train_pkl='../mynas/data/nasbench-301/nasbench301_train_mtx_123.pkl', train_ratio=0.01, valid_pkl='../mynas/data/nasbench-301/nasbench301_valid_mtx.pkl')
2022-01-20 15:56:35,386 root                INFO: Train dataset ratio: 0.010
2022-01-20 15:56:35,386 root                INFO: Number of architectures: train: 58; valid: 51072
2022-01-20 15:56:51,227 root                INFO: Train: Epoch   1: train loss 0.1005
2022-01-20 15:56:51,738 root                INFO: Train: Epoch   2: train loss 0.0990
2022-01-20 15:56:52,254 root                INFO: Train: Epoch   3: train loss 0.0967
2022-01-20 15:56:52,775 root                INFO: Train: Epoch   4: train loss 0.0938
2022-01-20 15:56:53,296 root                INFO: Train: Epoch   5: train loss 0.0899
2022-01-20 15:56:53,817 root                INFO: Train: Epoch   6: train loss 0.0861
2022-01-20 15:56:54,358 root                INFO: Train: Epoch   7: train loss 0.0805
2022-01-20 15:56:54,899 root                INFO: Train: Epoch   8: train loss 0.0737
2022-01-20 15:56:55,430 root                INFO: Train: Epoch   9: train loss 0.0671
2022-01-20 15:56:55,968 root                INFO: Train: Epoch  10: train loss 0.0616
2022-01-20 15:56:56,514 root                INFO: Train: Epoch  11: train loss 0.0559
2022-01-20 15:56:57,050 root                INFO: Train: Epoch  12: train loss 0.0574
2022-01-20 15:56:57,617 root                INFO: Train: Epoch  13: train loss 0.0506
2022-01-20 15:56:58,159 root                INFO: Train: Epoch  14: train loss 0.0464
2022-01-20 15:56:58,694 root                INFO: Train: Epoch  15: train loss 0.0388
2022-01-20 15:56:59,229 root                INFO: Train: Epoch  16: train loss 0.0349
2022-01-20 15:56:59,822 root                INFO: Train: Epoch  17: train loss 0.0296
2022-01-20 15:57:00,328 root                INFO: Train: Epoch  18: train loss 0.0344
2022-01-20 15:57:00,816 root                INFO: Train: Epoch  19: train loss 0.0299
2022-01-20 15:57:01,296 root                INFO: Train: Epoch  20: train loss 0.0299
2022-01-20 15:57:01,784 root                INFO: Train: Epoch  21: train loss 0.0289
2022-01-20 15:57:02,295 root                INFO: Train: Epoch  22: train loss 0.0249
2022-01-20 15:57:02,798 root                INFO: Train: Epoch  23: train loss 0.0276
2022-01-20 15:57:03,295 root                INFO: Train: Epoch  24: train loss 0.0235
2022-01-20 15:57:03,828 root                INFO: Train: Epoch  25: train loss 0.0214
2022-01-20 15:57:04,326 root                INFO: Train: Epoch  26: train loss 0.0197
2022-01-20 15:57:04,817 root                INFO: Train: Epoch  27: train loss 0.0194
2022-01-20 15:57:05,316 root                INFO: Train: Epoch  28: train loss 0.0191
2022-01-20 15:57:05,818 root                INFO: Train: Epoch  29: train loss 0.0211
2022-01-20 15:57:06,329 root                INFO: Train: Epoch  30: train loss 0.0182
2022-01-20 15:57:06,822 root                INFO: Train: Epoch  31: train loss 0.0173
2022-01-20 15:57:07,319 root                INFO: Train: Epoch  32: train loss 0.0164
2022-01-20 15:57:07,839 root                INFO: Train: Epoch  33: train loss 0.0167
2022-01-20 15:57:08,334 root                INFO: Train: Epoch  34: train loss 0.0165
2022-01-20 15:57:08,867 root                INFO: Train: Epoch  35: train loss 0.0160
2022-01-20 15:57:09,420 root                INFO: Train: Epoch  36: train loss 0.0157
2022-01-20 15:57:09,919 root                INFO: Train: Epoch  37: train loss 0.0136
2022-01-20 15:57:10,436 root                INFO: Train: Epoch  38: train loss 0.0142
2022-01-20 15:57:10,949 root                INFO: Train: Epoch  39: train loss 0.0138
2022-01-20 15:57:11,473 root                INFO: Train: Epoch  40: train loss 0.0143
2022-01-20 15:57:11,981 root                INFO: Train: Epoch  41: train loss 0.0127
2022-01-20 15:57:12,510 root                INFO: Train: Epoch  42: train loss 0.0139
2022-01-20 15:57:13,081 root                INFO: Train: Epoch  43: train loss 0.0141
2022-01-20 15:57:13,655 root                INFO: Train: Epoch  44: train loss 0.0141
2022-01-20 15:57:14,257 root                INFO: Train: Epoch  45: train loss 0.0124
2022-01-20 15:57:14,867 root                INFO: Train: Epoch  46: train loss 0.0124
2022-01-20 15:57:15,437 root                INFO: Train: Epoch  47: train loss 0.0123
2022-01-20 15:57:15,947 root                INFO: Train: Epoch  48: train loss 0.0126
2022-01-20 15:57:16,457 root                INFO: Train: Epoch  49: train loss 0.0113
2022-01-20 15:57:16,965 root                INFO: Train: Epoch  50: train loss 0.0108
2022-01-20 15:57:17,511 root                INFO: Train: Epoch  51: train loss 0.0101
2022-01-20 15:57:18,056 root                INFO: Train: Epoch  52: train loss 0.0101
2022-01-20 15:57:18,626 root                INFO: Train: Epoch  53: train loss 0.0105
2022-01-20 15:57:19,163 root                INFO: Train: Epoch  54: train loss 0.0099
2022-01-20 15:57:19,693 root                INFO: Train: Epoch  55: train loss 0.0095
2022-01-20 15:57:20,229 root                INFO: Train: Epoch  56: train loss 0.0104
2022-01-20 15:57:20,778 root                INFO: Train: Epoch  57: train loss 0.0095
2022-01-20 15:57:21,313 root                INFO: Train: Epoch  58: train loss 0.0076
2022-01-20 15:57:21,851 root                INFO: Train: Epoch  59: train loss 0.0090
2022-01-20 15:57:22,464 root                INFO: Train: Epoch  60: train loss 0.0068
2022-01-20 15:57:23,050 root                INFO: Train: Epoch  61: train loss 0.0081
2022-01-20 15:57:23,611 root                INFO: Train: Epoch  62: train loss 0.0086
2022-01-20 15:57:24,204 root                INFO: Train: Epoch  63: train loss 0.0089
2022-01-20 15:57:24,778 root                INFO: Train: Epoch  64: train loss 0.0074
2022-01-20 15:57:25,340 root                INFO: Train: Epoch  65: train loss 0.0087
2022-01-20 15:57:25,900 root                INFO: Train: Epoch  66: train loss 0.0068
2022-01-20 15:57:26,463 root                INFO: Train: Epoch  67: train loss 0.0070
2022-01-20 15:57:27,042 root                INFO: Train: Epoch  68: train loss 0.0085
2022-01-20 15:57:27,625 root                INFO: Train: Epoch  69: train loss 0.0075
2022-01-20 15:57:28,177 root                INFO: Train: Epoch  70: train loss 0.0067
2022-01-20 15:57:28,741 root                INFO: Train: Epoch  71: train loss 0.0080
2022-01-20 15:57:29,306 root                INFO: Train: Epoch  72: train loss 0.0061
2022-01-20 15:57:29,869 root                INFO: Train: Epoch  73: train loss 0.0077
2022-01-20 15:57:30,462 root                INFO: Train: Epoch  74: train loss 0.0082
2022-01-20 15:57:31,078 root                INFO: Train: Epoch  75: train loss 0.0053
2022-01-20 15:57:31,654 root                INFO: Train: Epoch  76: train loss 0.0078
2022-01-20 15:57:32,257 root                INFO: Train: Epoch  77: train loss 0.0068
2022-01-20 15:57:32,904 root                INFO: Train: Epoch  78: train loss 0.0050
2022-01-20 15:57:33,501 root                INFO: Train: Epoch  79: train loss 0.0056
2022-01-20 15:57:34,072 root                INFO: Train: Epoch  80: train loss 0.0061
2022-01-20 15:57:34,673 root                INFO: Train: Epoch  81: train loss 0.0043
2022-01-20 15:57:35,287 root                INFO: Train: Epoch  82: train loss 0.0066
2022-01-20 15:57:35,871 root                INFO: Train: Epoch  83: train loss 0.0057
2022-01-20 15:57:36,465 root                INFO: Train: Epoch  84: train loss 0.0051
2022-01-20 15:57:37,057 root                INFO: Train: Epoch  85: train loss 0.0048
2022-01-20 15:57:37,661 root                INFO: Train: Epoch  86: train loss 0.0059
2022-01-20 15:57:38,273 root                INFO: Train: Epoch  87: train loss 0.0061
2022-01-20 15:57:38,897 root                INFO: Train: Epoch  88: train loss 0.0045
2022-01-20 15:57:39,465 root                INFO: Train: Epoch  89: train loss 0.0056
2022-01-20 15:57:40,054 root                INFO: Train: Epoch  90: train loss 0.0037
2022-01-20 15:57:40,633 root                INFO: Train: Epoch  91: train loss 0.0037
2022-01-20 15:57:41,225 root                INFO: Train: Epoch  92: train loss 0.0046
2022-01-20 15:57:41,788 root                INFO: Train: Epoch  93: train loss 0.0052
2022-01-20 15:57:42,354 root                INFO: Train: Epoch  94: train loss 0.0054
2022-01-20 15:57:42,946 root                INFO: Train: Epoch  95: train loss 0.0027
2022-01-20 15:57:43,527 root                INFO: Train: Epoch  96: train loss 0.0047
2022-01-20 15:57:44,139 root                INFO: Train: Epoch  97: train loss 0.0040
2022-01-20 15:57:44,748 root                INFO: Train: Epoch  98: train loss 0.0042
2022-01-20 15:57:45,332 root                INFO: Train: Epoch  99: train loss 0.0048
2022-01-20 15:57:45,952 root                INFO: Train: Epoch 100: train loss 0.0038
2022-01-20 15:57:46,583 root                INFO: Train: Epoch 101: train loss 0.0036
2022-01-20 15:57:47,139 root                INFO: Train: Epoch 102: train loss 0.0056
2022-01-20 15:57:47,754 root                INFO: Train: Epoch 103: train loss 0.0043
2022-01-20 15:57:48,422 root                INFO: Train: Epoch 104: train loss 0.0036
2022-01-20 15:57:49,206 root                INFO: Train: Epoch 105: train loss 0.0046
2022-01-20 15:57:50,017 root                INFO: Train: Epoch 106: train loss 0.0033
2022-01-20 15:57:50,753 root                INFO: Train: Epoch 107: train loss 0.0042
2022-01-20 15:57:51,473 root                INFO: Train: Epoch 108: train loss 0.0046
2022-01-20 15:57:52,255 root                INFO: Train: Epoch 109: train loss 0.0039
2022-01-20 15:57:53,043 root                INFO: Train: Epoch 110: train loss 0.0055
2022-01-20 15:57:53,788 root                INFO: Train: Epoch 111: train loss 0.0039
2022-01-20 15:57:54,510 root                INFO: Train: Epoch 112: train loss 0.0027
2022-01-20 15:57:55,252 root                INFO: Train: Epoch 113: train loss 0.0032
2022-01-20 15:57:56,011 root                INFO: Train: Epoch 114: train loss 0.0033
2022-01-20 15:57:56,780 root                INFO: Train: Epoch 115: train loss 0.0037
2022-01-20 15:57:57,528 root                INFO: Train: Epoch 116: train loss 0.0039
2022-01-20 15:57:58,277 root                INFO: Train: Epoch 117: train loss 0.0038
2022-01-20 15:57:59,014 root                INFO: Train: Epoch 118: train loss 0.0036
2022-01-20 15:57:59,778 root                INFO: Train: Epoch 119: train loss 0.0034
2022-01-20 15:58:00,524 root                INFO: Train: Epoch 120: train loss 0.0042
2022-01-20 15:58:01,292 root                INFO: Train: Epoch 121: train loss 0.0033
2022-01-20 15:58:02,054 root                INFO: Train: Epoch 122: train loss 0.0027
2022-01-20 15:58:02,777 root                INFO: Train: Epoch 123: train loss 0.0038
2022-01-20 15:58:03,499 root                INFO: Train: Epoch 124: train loss 0.0037
2022-01-20 15:58:04,229 root                INFO: Train: Epoch 125: train loss 0.0030
2022-01-20 15:58:04,966 root                INFO: Train: Epoch 126: train loss 0.0026
2022-01-20 15:58:05,745 root                INFO: Train: Epoch 127: train loss 0.0029
2022-01-20 15:58:06,479 root                INFO: Train: Epoch 128: train loss 0.0047
2022-01-20 15:58:07,197 root                INFO: Train: Epoch 129: train loss 0.0033
2022-01-20 15:58:07,929 root                INFO: Train: Epoch 130: train loss 0.0025
2022-01-20 15:58:08,684 root                INFO: Train: Epoch 131: train loss 0.0025
2022-01-20 15:58:09,462 root                INFO: Train: Epoch 132: train loss 0.0029
2022-01-20 15:58:10,161 root                INFO: Train: Epoch 133: train loss 0.0030
2022-01-20 15:58:10,876 root                INFO: Train: Epoch 134: train loss 0.0026
2022-01-20 15:58:11,611 root                INFO: Train: Epoch 135: train loss 0.0033
2022-01-20 15:58:12,339 root                INFO: Train: Epoch 136: train loss 0.0033
2022-01-20 15:58:13,071 root                INFO: Train: Epoch 137: train loss 0.0026
2022-01-20 15:58:13,822 root                INFO: Train: Epoch 138: train loss 0.0025
2022-01-20 15:58:14,580 root                INFO: Train: Epoch 139: train loss 0.0029
2022-01-20 15:58:15,306 root                INFO: Train: Epoch 140: train loss 0.0021
2022-01-20 15:58:16,071 root                INFO: Train: Epoch 141: train loss 0.0029
2022-01-20 15:58:16,823 root                INFO: Train: Epoch 142: train loss 0.0034
2022-01-20 15:58:17,526 root                INFO: Train: Epoch 143: train loss 0.0025
2022-01-20 15:58:18,260 root                INFO: Train: Epoch 144: train loss 0.0041
2022-01-20 15:58:19,015 root                INFO: Train: Epoch 145: train loss 0.0033
2022-01-20 15:58:19,725 root                INFO: Train: Epoch 146: train loss 0.0026
2022-01-20 15:58:20,455 root                INFO: Train: Epoch 147: train loss 0.0041
2022-01-20 15:58:21,198 root                INFO: Train: Epoch 148: train loss 0.0020
2022-01-20 15:58:21,941 root                INFO: Train: Epoch 149: train loss 0.0030
2022-01-20 15:58:22,720 root                INFO: Train: Epoch 150: train loss 0.0027
2022-01-20 15:58:23,469 root                INFO: Train: Epoch 151: train loss 0.0032
2022-01-20 15:58:24,235 root                INFO: Train: Epoch 152: train loss 0.0029
2022-01-20 15:58:24,994 root                INFO: Train: Epoch 153: train loss 0.0031
2022-01-20 15:58:25,733 root                INFO: Train: Epoch 154: train loss 0.0027
2022-01-20 15:58:26,484 root                INFO: Train: Epoch 155: train loss 0.0027
2022-01-20 15:58:27,230 root                INFO: Train: Epoch 156: train loss 0.0027
2022-01-20 15:58:27,950 root                INFO: Train: Epoch 157: train loss 0.0029
2022-01-20 15:58:28,680 root                INFO: Train: Epoch 158: train loss 0.0031
2022-01-20 15:58:29,415 root                INFO: Train: Epoch 159: train loss 0.0048
2022-01-20 15:58:30,164 root                INFO: Train: Epoch 160: train loss 0.0017
2022-01-20 15:58:30,884 root                INFO: Train: Epoch 161: train loss 0.0029
2022-01-20 15:58:31,591 root                INFO: Train: Epoch 162: train loss 0.0033
2022-01-20 15:58:32,329 root                INFO: Train: Epoch 163: train loss 0.0018
2022-01-20 15:58:33,034 root                INFO: Train: Epoch 164: train loss 0.0039
2022-01-20 15:58:33,799 root                INFO: Train: Epoch 165: train loss 0.0033
2022-01-20 15:58:34,509 root                INFO: Train: Epoch 166: train loss 0.0025
2022-01-20 15:58:35,248 root                INFO: Train: Epoch 167: train loss 0.0036
2022-01-20 15:58:35,967 root                INFO: Train: Epoch 168: train loss 0.0026
2022-01-20 15:58:36,684 root                INFO: Train: Epoch 169: train loss 0.0024
2022-01-20 15:58:37,424 root                INFO: Train: Epoch 170: train loss 0.0038
2022-01-20 15:58:38,159 root                INFO: Train: Epoch 171: train loss 0.0030
2022-01-20 15:58:38,876 root                INFO: Train: Epoch 172: train loss 0.0021
2022-01-20 15:58:39,623 root                INFO: Train: Epoch 173: train loss 0.0018
2022-01-20 15:58:40,378 root                INFO: Train: Epoch 174: train loss 0.0019
2022-01-20 15:58:41,112 root                INFO: Train: Epoch 175: train loss 0.0026
2022-01-20 15:58:41,842 root                INFO: Train: Epoch 176: train loss 0.0029
2022-01-20 15:58:42,546 root                INFO: Train: Epoch 177: train loss 0.0020
2022-01-20 15:58:43,264 root                INFO: Train: Epoch 178: train loss 0.0035
2022-01-20 15:58:43,977 root                INFO: Train: Epoch 179: train loss 0.0027
2022-01-20 15:58:44,716 root                INFO: Train: Epoch 180: train loss 0.0025
2022-01-20 15:58:45,474 root                INFO: Train: Epoch 181: train loss 0.0021
2022-01-20 15:58:46,216 root                INFO: Train: Epoch 182: train loss 0.0024
2022-01-20 15:58:46,939 root                INFO: Train: Epoch 183: train loss 0.0022
2022-01-20 15:58:47,692 root                INFO: Train: Epoch 184: train loss 0.0030
2022-01-20 15:58:48,411 root                INFO: Train: Epoch 185: train loss 0.0039
2022-01-20 15:58:49,175 root                INFO: Train: Epoch 186: train loss 0.0026
2022-01-20 15:58:49,892 root                INFO: Train: Epoch 187: train loss 0.0025
2022-01-20 15:58:50,683 root                INFO: Train: Epoch 188: train loss 0.0036
2022-01-20 15:58:51,431 root                INFO: Train: Epoch 189: train loss 0.0027
2022-01-20 15:58:52,165 root                INFO: Train: Epoch 190: train loss 0.0021
2022-01-20 15:58:52,905 root                INFO: Train: Epoch 191: train loss 0.0025
2022-01-20 15:58:53,619 root                INFO: Train: Epoch 192: train loss 0.0031
2022-01-20 15:58:54,356 root                INFO: Train: Epoch 193: train loss 0.0031
2022-01-20 15:58:55,077 root                INFO: Train: Epoch 194: train loss 0.0037
2022-01-20 15:58:55,822 root                INFO: Train: Epoch 195: train loss 0.0023
2022-01-20 15:58:56,553 root                INFO: Train: Epoch 196: train loss 0.0030
2022-01-20 15:58:57,293 root                INFO: Train: Epoch 197: train loss 0.0025
2022-01-20 15:58:58,038 root                INFO: Train: Epoch 198: train loss 0.0020
2022-01-20 15:58:58,764 root                INFO: Train: Epoch 199: train loss 0.0038
2022-01-20 15:58:59,477 root                INFO: Train: Epoch 200: train loss 0.0036
2022-01-20 15:59:16,161 root                INFO: Valid: Epoch 200: kendall tau 0.6303; loss 0.2656
2022-01-20 15:59:16,167 root                INFO: Epoch 200: Save checkpoint to nb301_ablation_mask/true/true_0.01/123/21/200.ckpt
2022-01-20 15:59:32,966 root                INFO: [0.0, 0.03529411764705882, 0.08235294117647059, 0.4880532706619663, 0.6614450753867241, 0.8150845864661654, 1.0]
2022-01-20 15:59:32,966 root                INFO: [388, 388]
