2022-01-19 23:00:40,828 root                INFO: GPU device = 4
2022-01-19 23:00:40,829 root                INFO: Load pkl cache from nasbench101.pkl and nasbench101_valid.pkl
2022-01-19 23:00:41,255 root                INFO: Config: {'arch_network_cfg': {'arch_embedder_cfg': {'b_use_bn': False, 'backward_gcn_out_dims': [128, 128, 128, 128, 128], 'concat_param_zs_as_opemb_dimension': 7, 'concat_param_zs_as_opemb_scale': 0.1, 'detach_vinfo': False, 'fb_conversion_dims': [128, 128], 'gcn_kwargs': {'plus_I': True, 'residual_only': 1}, 'gcn_out_dims': [128, 128, 128, 128, 128], 'hid_dim': 96, 'mask_nonparametrized_ops': False, 'node_embedding_dim': 48, 'num_time_steps': 3, 'op_embedding_dim': 48, 'symmetry_breaking_method': 'param_zs_add', 'updateopemb_detach_finfo': True, 'updateopemb_detach_opemb': True, 'updateopemb_dims': [128], 'updateopemb_method': 'concat_ofb', 'updateopemb_scale': 0.1}, 'arch_embedder_type': 'nb101-fbflow', 'compare_loss_type': 'margin_linear', 'compare_margin': 0.1, 'mlp_dropout': 0.1, 'mlp_hiddens': [200], 'optimizer': {'lr': 0.001, 'type': 'Adam'}, 'scheduler': None}, 'batch_size': 512, 'choose_pair_criterion': 'random', 'compare': True, 'compare_threshold': 0.0, 'epochs': 200, 'max_compare_ratio': 4.0}
2022-01-19 23:00:46,063 root                INFO: Combined args: Namespace(batch_size=512, cfg_file='cfgs/nb101_cfgs/gates_true_scale0.1.yaml', choose_pair_criterion='random', compare=True, compare_threshold=0.0, epochs=200, eval_only_last=5, gpu=4, load=None, max_compare_ratio=4.0, num_workers=4, report_freq=200, save_every=200, save_predict=None, seed=202121, test_funcs=None, test_only=False, train_dir='nb1shot1_ablation_scale/true/0.1_0.005/1/202121', train_pkl='../mynas/data/nasbench-1shot1/nasbench101_train_1.pkl', train_ratio=0.005, valid_pkl='../mynas/data/nasbench-1shot1/nasbench101_valid.pkl')
2022-01-19 23:00:46,074 root                INFO: Train dataset ratio: 0.005
2022-01-19 23:00:46,075 root                INFO: Number of architectures: train: 36; valid: 7290
2022-01-19 23:00:48,913 root                INFO: Train: Epoch   1: train loss 0.0989
2022-01-19 23:00:49,565 root                INFO: Train: Epoch   2: train loss 0.1011
2022-01-19 23:00:50,201 root                INFO: Train: Epoch   3: train loss 0.0942
2022-01-19 23:00:50,869 root                INFO: Train: Epoch   4: train loss 0.0930
2022-01-19 23:00:51,553 root                INFO: Train: Epoch   5: train loss 0.0865
2022-01-19 23:00:52,220 root                INFO: Train: Epoch   6: train loss 0.0762
2022-01-19 23:00:52,859 root                INFO: Train: Epoch   7: train loss 0.0630
2022-01-19 23:00:53,477 root                INFO: Train: Epoch   8: train loss 0.0656
2022-01-19 23:00:54,142 root                INFO: Train: Epoch   9: train loss 0.0622
2022-01-19 23:00:54,830 root                INFO: Train: Epoch  10: train loss 0.0614
2022-01-19 23:00:55,477 root                INFO: Train: Epoch  11: train loss 0.0615
2022-01-19 23:00:56,115 root                INFO: Train: Epoch  12: train loss 0.0819
2022-01-19 23:00:56,751 root                INFO: Train: Epoch  13: train loss 0.0641
2022-01-19 23:00:57,412 root                INFO: Train: Epoch  14: train loss 0.0635
2022-01-19 23:00:58,047 root                INFO: Train: Epoch  15: train loss 0.0573
2022-01-19 23:00:58,693 root                INFO: Train: Epoch  16: train loss 0.0570
2022-01-19 23:00:59,398 root                INFO: Train: Epoch  17: train loss 0.0659
2022-01-19 23:01:00,047 root                INFO: Train: Epoch  18: train loss 0.0576
2022-01-19 23:01:00,768 root                INFO: Train: Epoch  19: train loss 0.0544
2022-01-19 23:01:01,470 root                INFO: Train: Epoch  20: train loss 0.0587
2022-01-19 23:01:02,111 root                INFO: Train: Epoch  21: train loss 0.0420
2022-01-19 23:01:02,798 root                INFO: Train: Epoch  22: train loss 0.0508
2022-01-19 23:01:03,437 root                INFO: Train: Epoch  23: train loss 0.0340
2022-01-19 23:01:04,094 root                INFO: Train: Epoch  24: train loss 0.0444
2022-01-19 23:01:04,741 root                INFO: Train: Epoch  25: train loss 0.0345
2022-01-19 23:01:05,410 root                INFO: Train: Epoch  26: train loss 0.0310
2022-01-19 23:01:06,072 root                INFO: Train: Epoch  27: train loss 0.0315
2022-01-19 23:01:06,754 root                INFO: Train: Epoch  28: train loss 0.0239
2022-01-19 23:01:07,405 root                INFO: Train: Epoch  29: train loss 0.0308
2022-01-19 23:01:08,063 root                INFO: Train: Epoch  30: train loss 0.0292
2022-01-19 23:01:08,735 root                INFO: Train: Epoch  31: train loss 0.0217
2022-01-19 23:01:09,365 root                INFO: Train: Epoch  32: train loss 0.0345
2022-01-19 23:01:10,038 root                INFO: Train: Epoch  33: train loss 0.0174
2022-01-19 23:01:10,722 root                INFO: Train: Epoch  34: train loss 0.0225
2022-01-19 23:01:11,415 root                INFO: Train: Epoch  35: train loss 0.0194
2022-01-19 23:01:12,092 root                INFO: Train: Epoch  36: train loss 0.0206
2022-01-19 23:01:12,754 root                INFO: Train: Epoch  37: train loss 0.0263
2022-01-19 23:01:13,429 root                INFO: Train: Epoch  38: train loss 0.0164
2022-01-19 23:01:14,096 root                INFO: Train: Epoch  39: train loss 0.0305
2022-01-19 23:01:14,750 root                INFO: Train: Epoch  40: train loss 0.0192
2022-01-19 23:01:15,407 root                INFO: Train: Epoch  41: train loss 0.0256
2022-01-19 23:01:16,090 root                INFO: Train: Epoch  42: train loss 0.0292
2022-01-19 23:01:16,722 root                INFO: Train: Epoch  43: train loss 0.0235
2022-01-19 23:01:17,366 root                INFO: Train: Epoch  44: train loss 0.0198
2022-01-19 23:01:18,047 root                INFO: Train: Epoch  45: train loss 0.0156
2022-01-19 23:01:18,708 root                INFO: Train: Epoch  46: train loss 0.0201
2022-01-19 23:01:19,359 root                INFO: Train: Epoch  47: train loss 0.0201
2022-01-19 23:01:20,014 root                INFO: Train: Epoch  48: train loss 0.0275
2022-01-19 23:01:20,655 root                INFO: Train: Epoch  49: train loss 0.0180
2022-01-19 23:01:21,315 root                INFO: Train: Epoch  50: train loss 0.0185
2022-01-19 23:01:21,974 root                INFO: Train: Epoch  51: train loss 0.0210
2022-01-19 23:01:22,630 root                INFO: Train: Epoch  52: train loss 0.0140
2022-01-19 23:01:23,301 root                INFO: Train: Epoch  53: train loss 0.0153
2022-01-19 23:01:23,956 root                INFO: Train: Epoch  54: train loss 0.0266
2022-01-19 23:01:24,619 root                INFO: Train: Epoch  55: train loss 0.0184
2022-01-19 23:01:25,310 root                INFO: Train: Epoch  56: train loss 0.0127
2022-01-19 23:01:25,983 root                INFO: Train: Epoch  57: train loss 0.0135
2022-01-19 23:01:26,677 root                INFO: Train: Epoch  58: train loss 0.0129
2022-01-19 23:01:27,323 root                INFO: Train: Epoch  59: train loss 0.0165
2022-01-19 23:01:28,026 root                INFO: Train: Epoch  60: train loss 0.0211
2022-01-19 23:01:28,705 root                INFO: Train: Epoch  61: train loss 0.0172
2022-01-19 23:01:29,358 root                INFO: Train: Epoch  62: train loss 0.0128
2022-01-19 23:01:30,034 root                INFO: Train: Epoch  63: train loss 0.0221
2022-01-19 23:01:30,691 root                INFO: Train: Epoch  64: train loss 0.0162
2022-01-19 23:01:31,365 root                INFO: Train: Epoch  65: train loss 0.0173
2022-01-19 23:01:32,088 root                INFO: Train: Epoch  66: train loss 0.0102
2022-01-19 23:01:32,798 root                INFO: Train: Epoch  67: train loss 0.0167
2022-01-19 23:01:33,464 root                INFO: Train: Epoch  68: train loss 0.0249
2022-01-19 23:01:34,171 root                INFO: Train: Epoch  69: train loss 0.0125
2022-01-19 23:01:34,826 root                INFO: Train: Epoch  70: train loss 0.0165
2022-01-19 23:01:35,487 root                INFO: Train: Epoch  71: train loss 0.0177
2022-01-19 23:01:36,148 root                INFO: Train: Epoch  72: train loss 0.0113
2022-01-19 23:01:36,823 root                INFO: Train: Epoch  73: train loss 0.0128
2022-01-19 23:01:37,485 root                INFO: Train: Epoch  74: train loss 0.0263
2022-01-19 23:01:38,185 root                INFO: Train: Epoch  75: train loss 0.0136
2022-01-19 23:01:38,865 root                INFO: Train: Epoch  76: train loss 0.0082
2022-01-19 23:01:39,519 root                INFO: Train: Epoch  77: train loss 0.0130
2022-01-19 23:01:40,211 root                INFO: Train: Epoch  78: train loss 0.0154
2022-01-19 23:01:40,905 root                INFO: Train: Epoch  79: train loss 0.0212
2022-01-19 23:01:41,569 root                INFO: Train: Epoch  80: train loss 0.0129
2022-01-19 23:01:42,242 root                INFO: Train: Epoch  81: train loss 0.0129
2022-01-19 23:01:42,961 root                INFO: Train: Epoch  82: train loss 0.0163
2022-01-19 23:01:43,638 root                INFO: Train: Epoch  83: train loss 0.0189
2022-01-19 23:01:44,305 root                INFO: Train: Epoch  84: train loss 0.0091
2022-01-19 23:01:44,980 root                INFO: Train: Epoch  85: train loss 0.0143
2022-01-19 23:01:45,694 root                INFO: Train: Epoch  86: train loss 0.0116
2022-01-19 23:01:46,384 root                INFO: Train: Epoch  87: train loss 0.0087
2022-01-19 23:01:47,077 root                INFO: Train: Epoch  88: train loss 0.0085
2022-01-19 23:01:47,749 root                INFO: Train: Epoch  89: train loss 0.0118
2022-01-19 23:01:48,418 root                INFO: Train: Epoch  90: train loss 0.0081
2022-01-19 23:01:49,076 root                INFO: Train: Epoch  91: train loss 0.0179
2022-01-19 23:01:49,720 root                INFO: Train: Epoch  92: train loss 0.0112
2022-01-19 23:01:50,455 root                INFO: Train: Epoch  93: train loss 0.0053
2022-01-19 23:01:51,130 root                INFO: Train: Epoch  94: train loss 0.0067
2022-01-19 23:01:51,809 root                INFO: Train: Epoch  95: train loss 0.0051
2022-01-19 23:01:52,503 root                INFO: Train: Epoch  96: train loss 0.0087
2022-01-19 23:01:53,183 root                INFO: Train: Epoch  97: train loss 0.0086
2022-01-19 23:01:53,831 root                INFO: Train: Epoch  98: train loss 0.0107
2022-01-19 23:01:54,463 root                INFO: Train: Epoch  99: train loss 0.0109
2022-01-19 23:01:55,125 root                INFO: Train: Epoch 100: train loss 0.0098
2022-01-19 23:01:55,821 root                INFO: Train: Epoch 101: train loss 0.0065
2022-01-19 23:01:56,494 root                INFO: Train: Epoch 102: train loss 0.0109
2022-01-19 23:01:57,178 root                INFO: Train: Epoch 103: train loss 0.0222
2022-01-19 23:01:57,836 root                INFO: Train: Epoch 104: train loss 0.0108
2022-01-19 23:01:58,500 root                INFO: Train: Epoch 105: train loss 0.0164
2022-01-19 23:01:59,182 root                INFO: Train: Epoch 106: train loss 0.0131
2022-01-19 23:01:59,910 root                INFO: Train: Epoch 107: train loss 0.0125
2022-01-19 23:02:00,607 root                INFO: Train: Epoch 108: train loss 0.0102
2022-01-19 23:02:01,303 root                INFO: Train: Epoch 109: train loss 0.0148
2022-01-19 23:02:01,992 root                INFO: Train: Epoch 110: train loss 0.0104
2022-01-19 23:02:02,640 root                INFO: Train: Epoch 111: train loss 0.0126
2022-01-19 23:02:03,297 root                INFO: Train: Epoch 112: train loss 0.0096
2022-01-19 23:02:03,989 root                INFO: Train: Epoch 113: train loss 0.0141
2022-01-19 23:02:04,716 root                INFO: Train: Epoch 114: train loss 0.0090
2022-01-19 23:02:05,369 root                INFO: Train: Epoch 115: train loss 0.0160
2022-01-19 23:02:06,048 root                INFO: Train: Epoch 116: train loss 0.0128
2022-01-19 23:02:06,747 root                INFO: Train: Epoch 117: train loss 0.0082
2022-01-19 23:02:07,382 root                INFO: Train: Epoch 118: train loss 0.0098
2022-01-19 23:02:08,023 root                INFO: Train: Epoch 119: train loss 0.0144
2022-01-19 23:02:08,709 root                INFO: Train: Epoch 120: train loss 0.0154
2022-01-19 23:02:09,397 root                INFO: Train: Epoch 121: train loss 0.0129
2022-01-19 23:02:10,184 root                INFO: Train: Epoch 122: train loss 0.0070
2022-01-19 23:02:10,802 root                INFO: Train: Epoch 123: train loss 0.0082
2022-01-19 23:02:11,434 root                INFO: Train: Epoch 124: train loss 0.0074
2022-01-19 23:02:12,118 root                INFO: Train: Epoch 125: train loss 0.0072
2022-01-19 23:02:12,826 root                INFO: Train: Epoch 126: train loss 0.0054
2022-01-19 23:02:13,495 root                INFO: Train: Epoch 127: train loss 0.0058
2022-01-19 23:02:14,176 root                INFO: Train: Epoch 128: train loss 0.0109
2022-01-19 23:02:14,810 root                INFO: Train: Epoch 129: train loss 0.0102
2022-01-19 23:02:15,466 root                INFO: Train: Epoch 130: train loss 0.0133
2022-01-19 23:02:16,182 root                INFO: Train: Epoch 131: train loss 0.0056
2022-01-19 23:02:16,854 root                INFO: Train: Epoch 132: train loss 0.0110
2022-01-19 23:02:17,525 root                INFO: Train: Epoch 133: train loss 0.0154
2022-01-19 23:02:18,174 root                INFO: Train: Epoch 134: train loss 0.0030
2022-01-19 23:02:18,922 root                INFO: Train: Epoch 135: train loss 0.0074
2022-01-19 23:02:19,603 root                INFO: Train: Epoch 136: train loss 0.0115
2022-01-19 23:02:20,294 root                INFO: Train: Epoch 137: train loss 0.0115
2022-01-19 23:02:21,013 root                INFO: Train: Epoch 138: train loss 0.0070
2022-01-19 23:02:21,752 root                INFO: Train: Epoch 139: train loss 0.0112
2022-01-19 23:02:22,418 root                INFO: Train: Epoch 140: train loss 0.0071
2022-01-19 23:02:23,106 root                INFO: Train: Epoch 141: train loss 0.0133
2022-01-19 23:02:23,826 root                INFO: Train: Epoch 142: train loss 0.0096
2022-01-19 23:02:24,503 root                INFO: Train: Epoch 143: train loss 0.0090
2022-01-19 23:02:25,215 root                INFO: Train: Epoch 144: train loss 0.0045
2022-01-19 23:02:25,894 root                INFO: Train: Epoch 145: train loss 0.0065
2022-01-19 23:02:26,579 root                INFO: Train: Epoch 146: train loss 0.0134
2022-01-19 23:02:27,257 root                INFO: Train: Epoch 147: train loss 0.0107
2022-01-19 23:02:27,957 root                INFO: Train: Epoch 148: train loss 0.0135
2022-01-19 23:02:28,665 root                INFO: Train: Epoch 149: train loss 0.0126
2022-01-19 23:02:29,336 root                INFO: Train: Epoch 150: train loss 0.0070
2022-01-19 23:02:29,985 root                INFO: Train: Epoch 151: train loss 0.0128
2022-01-19 23:02:30,697 root                INFO: Train: Epoch 152: train loss 0.0137
2022-01-19 23:02:31,374 root                INFO: Train: Epoch 153: train loss 0.0042
2022-01-19 23:02:32,053 root                INFO: Train: Epoch 154: train loss 0.0082
2022-01-19 23:02:32,757 root                INFO: Train: Epoch 155: train loss 0.0058
2022-01-19 23:02:33,528 root                INFO: Train: Epoch 156: train loss 0.0064
2022-01-19 23:02:34,304 root                INFO: Train: Epoch 157: train loss 0.0037
2022-01-19 23:02:35,001 root                INFO: Train: Epoch 158: train loss 0.0058
2022-01-19 23:02:35,691 root                INFO: Train: Epoch 159: train loss 0.0095
2022-01-19 23:02:36,427 root                INFO: Train: Epoch 160: train loss 0.0065
2022-01-19 23:02:37,088 root                INFO: Train: Epoch 161: train loss 0.0063
2022-01-19 23:02:37,846 root                INFO: Train: Epoch 162: train loss 0.0067
2022-01-19 23:02:38,636 root                INFO: Train: Epoch 163: train loss 0.0025
2022-01-19 23:02:39,375 root                INFO: Train: Epoch 164: train loss 0.0035
2022-01-19 23:02:40,103 root                INFO: Train: Epoch 165: train loss 0.0062
2022-01-19 23:02:40,804 root                INFO: Train: Epoch 166: train loss 0.0073
2022-01-19 23:02:41,478 root                INFO: Train: Epoch 167: train loss 0.0030
2022-01-19 23:02:42,174 root                INFO: Train: Epoch 168: train loss 0.0059
2022-01-19 23:02:42,892 root                INFO: Train: Epoch 169: train loss 0.0070
2022-01-19 23:02:43,623 root                INFO: Train: Epoch 170: train loss 0.0107
2022-01-19 23:02:44,331 root                INFO: Train: Epoch 171: train loss 0.0128
2022-01-19 23:02:45,010 root                INFO: Train: Epoch 172: train loss 0.0134
2022-01-19 23:02:45,733 root                INFO: Train: Epoch 173: train loss 0.0055
2022-01-19 23:02:46,515 root                INFO: Train: Epoch 174: train loss 0.0097
2022-01-19 23:02:47,205 root                INFO: Train: Epoch 175: train loss 0.0040
2022-01-19 23:02:47,905 root                INFO: Train: Epoch 176: train loss 0.0044
2022-01-19 23:02:48,724 root                INFO: Train: Epoch 177: train loss 0.0037
2022-01-19 23:02:49,489 root                INFO: Train: Epoch 178: train loss 0.0061
2022-01-19 23:02:50,239 root                INFO: Train: Epoch 179: train loss 0.0060
2022-01-19 23:02:50,973 root                INFO: Train: Epoch 180: train loss 0.0000
2022-01-19 23:02:51,659 root                INFO: Train: Epoch 181: train loss 0.0125
2022-01-19 23:02:52,371 root                INFO: Train: Epoch 182: train loss 0.0056
2022-01-19 23:02:53,114 root                INFO: Train: Epoch 183: train loss 0.0050
2022-01-19 23:02:53,805 root                INFO: Train: Epoch 184: train loss 0.0017
2022-01-19 23:02:54,528 root                INFO: Train: Epoch 185: train loss 0.0070
2022-01-19 23:02:55,222 root                INFO: Train: Epoch 186: train loss 0.0028
2022-01-19 23:02:55,932 root                INFO: Train: Epoch 187: train loss 0.0084
2022-01-19 23:02:56,716 root                INFO: Train: Epoch 188: train loss 0.0060
2022-01-19 23:02:57,496 root                INFO: Train: Epoch 189: train loss 0.0086
2022-01-19 23:02:58,229 root                INFO: Train: Epoch 190: train loss 0.0044
2022-01-19 23:02:59,006 root                INFO: Train: Epoch 191: train loss 0.0072
2022-01-19 23:02:59,742 root                INFO: Train: Epoch 192: train loss 0.0120
2022-01-19 23:03:00,440 root                INFO: Train: Epoch 193: train loss 0.0077
2022-01-19 23:03:01,164 root                INFO: Train: Epoch 194: train loss 0.0044
2022-01-19 23:03:01,899 root                INFO: Train: Epoch 195: train loss 0.0057
2022-01-19 23:03:02,600 root                INFO: Train: Epoch 196: train loss 0.0180
2022-01-19 23:03:04,896 root                INFO: Valid: Epoch 196: kendall tau 0.5815; loss 0.2039
2022-01-19 23:03:05,592 root                INFO: Train: Epoch 197: train loss 0.0147
2022-01-19 23:03:07,691 root                INFO: Valid: Epoch 197: kendall tau 0.5851; loss 0.2248
2022-01-19 23:03:08,425 root                INFO: Train: Epoch 198: train loss 0.0103
2022-01-19 23:03:10,755 root                INFO: Valid: Epoch 198: kendall tau 0.5896; loss 0.2456
2022-01-19 23:03:11,519 root                INFO: Train: Epoch 199: train loss 0.0109
2022-01-19 23:03:13,758 root                INFO: Valid: Epoch 199: kendall tau 0.5950; loss 0.2585
2022-01-19 23:03:14,536 root                INFO: Train: Epoch 200: train loss 0.0059
2022-01-19 23:03:16,794 root                INFO: Valid: Epoch 200: kendall tau 0.6005; loss 0.2691
2022-01-19 23:03:16,801 root                INFO: Epoch 200: Save checkpoint to nb1shot1_ablation_scale/true/0.1_0.005/1/202121/200.ckpt
2022-01-19 23:03:18,947 root                INFO: [0.14285714285714285, 0.3333333333333333, 0.5277777777777778, 0.46153846153846156, 0.6117969821673526, 0.8027434842249657, 1.0]
2022-01-19 23:03:18,947 root                INFO: [33, 2]
