2022-01-21 17:40:51,309 root                INFO: GPU device = 4
2022-01-21 17:40:51,310 root                INFO: Load pkl cache from nasbench301_train.pkl and nasbench301_valid.pkl
2022-01-21 17:40:51,889 root                INFO: Config: {'arch_network_cfg': {'arch_embedder_cfg': {'take_adj_as_input': True, 'gcn_kwargs': {'residual_only': 2}, 'gcn_out_dims': [64, 64, 64, 64, 64], 'hidden_dim': 32, 'node_dim': 32, 'op_dim': 32, 'use_bn': False, 'final_concat': False, 'other_node_zero': False, 'num_time_steps': 2, 'fb_conversion_dims': [64, 64], 'backward_gcn_out_dims': [64, 64, 64, 64, 64], 'updateopemb_method': 'concat_ofb', 'updateopemb_dims': [64], 'share_skip_and_outskip': True, 'detach_vinfo': False, 'updateopemb_scale': 0.1, 'updateopemb_detach_opemb': True, 'updateopemb_detach_finfo': True, 'mask_nonparametrized_ops': True, 'symmetry_breaking_method': 'param_zs_add', 'concat_param_zs_as_opemb_dimension': 5, 'concat_param_zs_as_opemb_scale': 1.0}, 'arch_embedder_type': 'cellss-fbflow-anytime', 'compare_loss_type': 'margin_linear', 'compare_margin': 0.1, 'mlp_dropout': 0.1, 'mlp_hiddens': [200], 'mlp_out_dim': 1, 'optimizer': {'lr': 0.001, 'type': 'Adam'}, 'scheduler': None}, 'arch_network_type': 'pointwise_comparator', 'batch_size': 128, 'choose_pair_criterion': 'random', 'compare': False, 'compare_threshold': 0.0, 'epochs': 200, 'max_compare_ratio': 16.0}
2022-01-21 17:40:55,022 root                INFO: Combined args: Namespace(arch_network_type='pointwise_comparator', batch_size=128, cfg_file='cfgs/nb301_cfgs/tagates_anytime.yaml', choose_pair_criterion='random', compare=False, compare_threshold=0.0, epochs=200, eval_only_last=1, gpu=4, load=None, max_compare_ratio=16.0, num_workers=4, report_freq=200, save_every=200, save_predict=None, seed=21, test_funcs=None, test_only=False, train_dir='nb301_anytime_tagates/tagates_0.05/123/21', train_pkl='../mynas/data/nasbench-301/nasbench301_train_mtx_anytime_123.pkl', train_ratio=0.05, valid_pkl='../mynas/data/nasbench-301/nasbench301_valid_mtx_anytime.pkl')
2022-01-21 17:40:55,032 root                INFO: Train dataset ratio: 0.050
2022-01-21 17:40:55,033 root                INFO: Number of architectures: train: 294; valid: 51072
2022-01-21 17:41:08,318 root                INFO: Train: Epoch   1: train loss 0.3212
2022-01-21 17:41:08,911 root                INFO: Train: Epoch   2: train loss 0.2770
2022-01-21 17:41:09,501 root                INFO: Train: Epoch   3: train loss 0.1986
2022-01-21 17:41:10,093 root                INFO: Train: Epoch   4: train loss 0.0719
2022-01-21 17:41:10,650 root                INFO: Train: Epoch   5: train loss 0.0036
2022-01-21 17:41:11,257 root                INFO: Train: Epoch   6: train loss 0.0143
2022-01-21 17:41:11,825 root                INFO: Train: Epoch   7: train loss 0.0178
2022-01-21 17:41:12,413 root                INFO: Train: Epoch   8: train loss 0.0182
2022-01-21 17:41:12,992 root                INFO: Train: Epoch   9: train loss 0.0183
2022-01-21 17:41:13,600 root                INFO: Train: Epoch  10: train loss 0.0183
2022-01-21 17:41:14,204 root                INFO: Train: Epoch  11: train loss 0.0183
2022-01-21 17:41:14,785 root                INFO: Train: Epoch  12: train loss 0.0183
2022-01-21 17:41:15,369 root                INFO: Train: Epoch  13: train loss 0.0183
2022-01-21 17:41:15,953 root                INFO: Train: Epoch  14: train loss 0.0183
2022-01-21 17:41:16,547 root                INFO: Train: Epoch  15: train loss 0.0183
2022-01-21 17:41:17,110 root                INFO: Train: Epoch  16: train loss 0.0183
2022-01-21 17:41:17,715 root                INFO: Train: Epoch  17: train loss 0.0183
2022-01-21 17:41:18,315 root                INFO: Train: Epoch  18: train loss 0.0183
2022-01-21 17:41:18,891 root                INFO: Train: Epoch  19: train loss 0.0183
2022-01-21 17:41:19,473 root                INFO: Train: Epoch  20: train loss 0.0183
2022-01-21 17:41:20,056 root                INFO: Train: Epoch  21: train loss 0.0183
2022-01-21 17:41:20,649 root                INFO: Train: Epoch  22: train loss 0.0183
2022-01-21 17:41:21,253 root                INFO: Train: Epoch  23: train loss 0.0183
2022-01-21 17:41:21,797 root                INFO: Train: Epoch  24: train loss 0.0183
2022-01-21 17:41:22,370 root                INFO: Train: Epoch  25: train loss 0.0183
2022-01-21 17:41:22,959 root                INFO: Train: Epoch  26: train loss 0.0183
2022-01-21 17:41:23,529 root                INFO: Train: Epoch  27: train loss 0.0183
2022-01-21 17:41:24,095 root                INFO: Train: Epoch  28: train loss 0.0183
2022-01-21 17:41:24,657 root                INFO: Train: Epoch  29: train loss 0.0183
2022-01-21 17:41:25,234 root                INFO: Train: Epoch  30: train loss 0.0183
2022-01-21 17:41:25,807 root                INFO: Train: Epoch  31: train loss 0.0183
2022-01-21 17:41:26,370 root                INFO: Train: Epoch  32: train loss 0.0183
2022-01-21 17:41:26,946 root                INFO: Train: Epoch  33: train loss 0.0183
2022-01-21 17:41:27,519 root                INFO: Train: Epoch  34: train loss 0.0183
2022-01-21 17:41:28,068 root                INFO: Train: Epoch  35: train loss 0.0183
2022-01-21 17:41:28,626 root                INFO: Train: Epoch  36: train loss 0.0183
2022-01-21 17:41:29,176 root                INFO: Train: Epoch  37: train loss 0.0183
2022-01-21 17:41:29,703 root                INFO: Train: Epoch  38: train loss 0.0183
2022-01-21 17:41:30,231 root                INFO: Train: Epoch  39: train loss 0.0183
2022-01-21 17:41:30,769 root                INFO: Train: Epoch  40: train loss 0.0183
2022-01-21 17:41:31,281 root                INFO: Train: Epoch  41: train loss 0.0183
2022-01-21 17:41:31,818 root                INFO: Train: Epoch  42: train loss 0.0183
2022-01-21 17:41:32,358 root                INFO: Train: Epoch  43: train loss 0.0183
2022-01-21 17:41:32,934 root                INFO: Train: Epoch  44: train loss 0.0183
2022-01-21 17:41:33,462 root                INFO: Train: Epoch  45: train loss 0.0183
2022-01-21 17:41:33,983 root                INFO: Train: Epoch  46: train loss 0.0183
2022-01-21 17:41:34,528 root                INFO: Train: Epoch  47: train loss 0.0183
2022-01-21 17:41:35,078 root                INFO: Train: Epoch  48: train loss 0.0183
2022-01-21 17:41:35,613 root                INFO: Train: Epoch  49: train loss 0.0183
2022-01-21 17:41:36,154 root                INFO: Train: Epoch  50: train loss 0.0183
2022-01-21 17:41:36,696 root                INFO: Train: Epoch  51: train loss 0.0183
2022-01-21 17:41:37,223 root                INFO: Train: Epoch  52: train loss 0.0183
2022-01-21 17:41:37,794 root                INFO: Train: Epoch  53: train loss 0.0183
2022-01-21 17:41:38,345 root                INFO: Train: Epoch  54: train loss 0.0183
2022-01-21 17:41:38,866 root                INFO: Train: Epoch  55: train loss 0.0183
2022-01-21 17:41:39,395 root                INFO: Train: Epoch  56: train loss 0.0183
2022-01-21 17:41:39,936 root                INFO: Train: Epoch  57: train loss 0.0183
2022-01-21 17:41:40,469 root                INFO: Train: Epoch  58: train loss 0.0183
2022-01-21 17:41:41,011 root                INFO: Train: Epoch  59: train loss 0.0183
2022-01-21 17:41:41,541 root                INFO: Train: Epoch  60: train loss 0.0183
2022-01-21 17:41:42,105 root                INFO: Train: Epoch  61: train loss 0.0183
2022-01-21 17:41:42,662 root                INFO: Train: Epoch  62: train loss 0.0183
2022-01-21 17:41:43,204 root                INFO: Train: Epoch  63: train loss 0.0183
2022-01-21 17:41:43,736 root                INFO: Train: Epoch  64: train loss 0.0183
2022-01-21 17:41:44,267 root                INFO: Train: Epoch  65: train loss 0.0183
2022-01-21 17:41:44,807 root                INFO: Train: Epoch  66: train loss 0.0183
2022-01-21 17:41:45,345 root                INFO: Train: Epoch  67: train loss 0.0183
2022-01-21 17:41:45,882 root                INFO: Train: Epoch  68: train loss 0.0183
2022-01-21 17:41:46,441 root                INFO: Train: Epoch  69: train loss 0.0183
2022-01-21 17:41:47,008 root                INFO: Train: Epoch  70: train loss 0.0183
2022-01-21 17:41:47,568 root                INFO: Train: Epoch  71: train loss 0.0183
2022-01-21 17:41:48,077 root                INFO: Train: Epoch  72: train loss 0.0183
2022-01-21 17:41:48,622 root                INFO: Train: Epoch  73: train loss 0.0183
2022-01-21 17:41:49,169 root                INFO: Train: Epoch  74: train loss 0.0183
2022-01-21 17:41:49,701 root                INFO: Train: Epoch  75: train loss 0.0183
2022-01-21 17:41:50,245 root                INFO: Train: Epoch  76: train loss 0.0183
2022-01-21 17:41:50,797 root                INFO: Train: Epoch  77: train loss 0.0183
2022-01-21 17:41:51,336 root                INFO: Train: Epoch  78: train loss 0.0183
2022-01-21 17:41:51,909 root                INFO: Train: Epoch  79: train loss 0.0183
2022-01-21 17:41:52,450 root                INFO: Train: Epoch  80: train loss 0.0183
2022-01-21 17:41:52,974 root                INFO: Train: Epoch  81: train loss 0.0183
2022-01-21 17:41:53,515 root                INFO: Train: Epoch  82: train loss 0.0183
2022-01-21 17:41:54,062 root                INFO: Train: Epoch  83: train loss 0.0183
2022-01-21 17:41:54,629 root                INFO: Train: Epoch  84: train loss 0.0183
2022-01-21 17:41:55,192 root                INFO: Train: Epoch  85: train loss 0.0183
2022-01-21 17:41:55,742 root                INFO: Train: Epoch  86: train loss 0.0183
2022-01-21 17:41:56,299 root                INFO: Train: Epoch  87: train loss 0.0183
2022-01-21 17:41:56,847 root                INFO: Train: Epoch  88: train loss 0.0183
2022-01-21 17:41:57,394 root                INFO: Train: Epoch  89: train loss 0.0183
2022-01-21 17:41:57,947 root                INFO: Train: Epoch  90: train loss 0.0183
2022-01-21 17:41:58,464 root                INFO: Train: Epoch  91: train loss 0.0183
2022-01-21 17:41:59,019 root                INFO: Train: Epoch  92: train loss 0.0183
2022-01-21 17:41:59,582 root                INFO: Train: Epoch  93: train loss 0.0183
2022-01-21 17:42:00,136 root                INFO: Train: Epoch  94: train loss 0.0183
2022-01-21 17:42:00,671 root                INFO: Train: Epoch  95: train loss 0.0183
2022-01-21 17:42:01,219 root                INFO: Train: Epoch  96: train loss 0.0183
2022-01-21 17:42:01,769 root                INFO: Train: Epoch  97: train loss 0.0183
2022-01-21 17:42:02,322 root                INFO: Train: Epoch  98: train loss 0.0183
2022-01-21 17:42:02,869 root                INFO: Train: Epoch  99: train loss 0.0183
2022-01-21 17:42:03,407 root                INFO: Train: Epoch 100: train loss 0.0183
2022-01-21 17:42:03,944 root                INFO: Train: Epoch 101: train loss 0.0183
2022-01-21 17:42:04,489 root                INFO: Train: Epoch 102: train loss 0.0183
2022-01-21 17:42:05,066 root                INFO: Train: Epoch 103: train loss 0.0183
2022-01-21 17:42:05,682 root                INFO: Train: Epoch 104: train loss 0.0183
2022-01-21 17:42:06,292 root                INFO: Train: Epoch 105: train loss 0.0183
2022-01-21 17:42:06,880 root                INFO: Train: Epoch 106: train loss 0.0183
2022-01-21 17:42:07,495 root                INFO: Train: Epoch 107: train loss 0.0183
2022-01-21 17:42:08,093 root                INFO: Train: Epoch 108: train loss 0.0183
2022-01-21 17:42:08,683 root                INFO: Train: Epoch 109: train loss 0.0183
2022-01-21 17:42:09,245 root                INFO: Train: Epoch 110: train loss 0.0183
2022-01-21 17:42:09,793 root                INFO: Train: Epoch 111: train loss 0.0183
2022-01-21 17:42:10,336 root                INFO: Train: Epoch 112: train loss 0.0183
2022-01-21 17:42:10,861 root                INFO: Train: Epoch 113: train loss 0.0183
2022-01-21 17:42:11,395 root                INFO: Train: Epoch 114: train loss 0.0183
2022-01-21 17:42:11,966 root                INFO: Train: Epoch 115: train loss 0.0183
2022-01-21 17:42:12,509 root                INFO: Train: Epoch 116: train loss 0.0183
2022-01-21 17:42:13,091 root                INFO: Train: Epoch 117: train loss 0.0183
2022-01-21 17:42:13,655 root                INFO: Train: Epoch 118: train loss 0.0183
2022-01-21 17:42:14,206 root                INFO: Train: Epoch 119: train loss 0.0183
2022-01-21 17:42:14,749 root                INFO: Train: Epoch 120: train loss 0.0183
2022-01-21 17:42:15,313 root                INFO: Train: Epoch 121: train loss 0.0183
2022-01-21 17:42:15,885 root                INFO: Train: Epoch 122: train loss 0.0183
2022-01-21 17:42:16,453 root                INFO: Train: Epoch 123: train loss 0.0183
2022-01-21 17:42:16,999 root                INFO: Train: Epoch 124: train loss 0.0183
2022-01-21 17:42:17,578 root                INFO: Train: Epoch 125: train loss 0.0183
2022-01-21 17:42:18,135 root                INFO: Train: Epoch 126: train loss 0.0183
2022-01-21 17:42:18,698 root                INFO: Train: Epoch 127: train loss 0.0183
2022-01-21 17:42:19,288 root                INFO: Train: Epoch 128: train loss 0.0183
2022-01-21 17:42:19,869 root                INFO: Train: Epoch 129: train loss 0.0183
2022-01-21 17:42:20,465 root                INFO: Train: Epoch 130: train loss 0.0183
2022-01-21 17:42:21,031 root                INFO: Train: Epoch 131: train loss 0.0183
2022-01-21 17:42:21,628 root                INFO: Train: Epoch 132: train loss 0.0183
2022-01-21 17:42:22,191 root                INFO: Train: Epoch 133: train loss 0.0183
2022-01-21 17:42:22,777 root                INFO: Train: Epoch 134: train loss 0.0183
2022-01-21 17:42:23,370 root                INFO: Train: Epoch 135: train loss 0.0183
2022-01-21 17:42:23,940 root                INFO: Train: Epoch 136: train loss 0.0183
2022-01-21 17:42:24,521 root                INFO: Train: Epoch 137: train loss 0.0183
2022-01-21 17:42:25,084 root                INFO: Train: Epoch 138: train loss 0.0183
2022-01-21 17:42:25,663 root                INFO: Train: Epoch 139: train loss 0.0183
2022-01-21 17:42:26,250 root                INFO: Train: Epoch 140: train loss 0.0183
2022-01-21 17:42:26,803 root                INFO: Train: Epoch 141: train loss 0.0183
2022-01-21 17:42:27,354 root                INFO: Train: Epoch 142: train loss 0.0183
2022-01-21 17:42:27,897 root                INFO: Train: Epoch 143: train loss 0.0183
2022-01-21 17:42:28,458 root                INFO: Train: Epoch 144: train loss 0.0183
2022-01-21 17:42:29,028 root                INFO: Train: Epoch 145: train loss 0.0183
2022-01-21 17:42:29,588 root                INFO: Train: Epoch 146: train loss 0.0183
2022-01-21 17:42:30,145 root                INFO: Train: Epoch 147: train loss 0.0183
2022-01-21 17:42:30,715 root                INFO: Train: Epoch 148: train loss 0.0183
2022-01-21 17:42:31,249 root                INFO: Train: Epoch 149: train loss 0.0183
2022-01-21 17:42:31,803 root                INFO: Train: Epoch 150: train loss 0.0183
2022-01-21 17:42:32,374 root                INFO: Train: Epoch 151: train loss 0.0183
2022-01-21 17:42:32,930 root                INFO: Train: Epoch 152: train loss 0.0183
2022-01-21 17:42:33,490 root                INFO: Train: Epoch 153: train loss 0.0183
2022-01-21 17:42:34,021 root                INFO: Train: Epoch 154: train loss 0.0183
2022-01-21 17:42:34,554 root                INFO: Train: Epoch 155: train loss 0.0183
2022-01-21 17:42:35,076 root                INFO: Train: Epoch 156: train loss 0.0183
2022-01-21 17:42:35,640 root                INFO: Train: Epoch 157: train loss 0.0183
2022-01-21 17:42:36,194 root                INFO: Train: Epoch 158: train loss 0.0183
2022-01-21 17:42:36,745 root                INFO: Train: Epoch 159: train loss 0.0183
2022-01-21 17:42:37,305 root                INFO: Train: Epoch 160: train loss 0.0183
2022-01-21 17:42:37,874 root                INFO: Train: Epoch 161: train loss 0.0183
2022-01-21 17:42:38,463 root                INFO: Train: Epoch 162: train loss 0.0183
2022-01-21 17:42:39,013 root                INFO: Train: Epoch 163: train loss 0.0183
2022-01-21 17:42:39,572 root                INFO: Train: Epoch 164: train loss 0.0183
2022-01-21 17:42:40,107 root                INFO: Train: Epoch 165: train loss 0.0183
2022-01-21 17:42:40,650 root                INFO: Train: Epoch 166: train loss 0.0183
2022-01-21 17:42:41,190 root                INFO: Train: Epoch 167: train loss 0.0183
2022-01-21 17:42:41,764 root                INFO: Train: Epoch 168: train loss 0.0183
2022-01-21 17:42:42,320 root                INFO: Train: Epoch 169: train loss 0.0183
2022-01-21 17:42:42,884 root                INFO: Train: Epoch 170: train loss 0.0183
2022-01-21 17:42:43,434 root                INFO: Train: Epoch 171: train loss 0.0183
2022-01-21 17:42:44,009 root                INFO: Train: Epoch 172: train loss 0.0183
2022-01-21 17:42:44,576 root                INFO: Train: Epoch 173: train loss 0.0183
2022-01-21 17:42:45,109 root                INFO: Train: Epoch 174: train loss 0.0183
2022-01-21 17:42:45,681 root                INFO: Train: Epoch 175: train loss 0.0183
2022-01-21 17:42:46,250 root                INFO: Train: Epoch 176: train loss 0.0183
2022-01-21 17:42:46,836 root                INFO: Train: Epoch 177: train loss 0.0183
2022-01-21 17:42:47,450 root                INFO: Train: Epoch 178: train loss 0.0183
2022-01-21 17:42:48,009 root                INFO: Train: Epoch 179: train loss 0.0183
2022-01-21 17:42:48,552 root                INFO: Train: Epoch 180: train loss 0.0183
2022-01-21 17:42:49,117 root                INFO: Train: Epoch 181: train loss 0.0183
2022-01-21 17:42:49,666 root                INFO: Train: Epoch 182: train loss 0.0183
2022-01-21 17:42:50,207 root                INFO: Train: Epoch 183: train loss 0.0183
2022-01-21 17:42:50,772 root                INFO: Train: Epoch 184: train loss 0.0183
2022-01-21 17:42:51,322 root                INFO: Train: Epoch 185: train loss 0.0183
2022-01-21 17:42:51,872 root                INFO: Train: Epoch 186: train loss 0.0183
2022-01-21 17:42:52,473 root                INFO: Train: Epoch 187: train loss 0.0183
2022-01-21 17:42:53,050 root                INFO: Train: Epoch 188: train loss 0.0183
2022-01-21 17:42:53,607 root                INFO: Train: Epoch 189: train loss 0.0183
2022-01-21 17:42:54,156 root                INFO: Train: Epoch 190: train loss 0.0183
2022-01-21 17:42:54,678 root                INFO: Train: Epoch 191: train loss 0.0183
2022-01-21 17:42:55,223 root                INFO: Train: Epoch 192: train loss 0.0183
2022-01-21 17:42:55,768 root                INFO: Train: Epoch 193: train loss 0.0183
2022-01-21 17:42:56,289 root                INFO: Train: Epoch 194: train loss 0.0183
2022-01-21 17:42:56,819 root                INFO: Train: Epoch 195: train loss 0.0183
2022-01-21 17:42:57,392 root                INFO: Train: Epoch 196: train loss 0.0183
2022-01-21 17:42:57,980 root                INFO: Train: Epoch 197: train loss 0.0183
2022-01-21 17:42:58,518 root                INFO: Train: Epoch 198: train loss 0.0183
2022-01-21 17:42:59,065 root                INFO: Train: Epoch 199: train loss 0.0183
2022-01-21 17:42:59,600 root                INFO: Train: Epoch 200: train loss 0.0183
2022-01-21 17:43:14,207 root                INFO: Valid: Epoch 200: kendall tau 0.2142 0.0659; loss 0.01372 0.004756
2022-01-21 17:43:14,213 root                INFO: Epoch 200: Save checkpoint to nb301_anytime_tagates/tagates_0.05/123/21/200.ckpt
2022-01-21 17:43:28,272 root                INFO: [0.0, 0.0, 0.0058823529411764705, 0.13905209557383472, 0.24672018797728607, 0.6206923558897243, 1.0]
2022-01-21 17:43:28,272 root                INFO: [0.0, 0.0, 0.0, 0.07677242459851155, 0.16839631877814765, 0.6267622180451128, 1.0]
2022-01-21 17:43:28,272 root                INFO: [12559, 12559]
2022-01-21 17:43:28,272 root                INFO: [16244, 818]
2022-01-21 22:19:00,566 root                INFO: GPU device = 2
2022-01-21 22:19:00,567 root                INFO: Load pkl cache from nasbench301_train.pkl and nasbench301_valid.pkl
2022-01-21 22:19:01,434 root                INFO: Config: {'arch_network_cfg': {'arch_embedder_cfg': {'take_adj_as_input': True, 'gcn_kwargs': {'residual_only': 2}, 'gcn_out_dims': [64, 64, 64, 64, 64], 'hidden_dim': 32, 'node_dim': 32, 'op_dim': 32, 'use_bn': False, 'final_concat': False, 'other_node_zero': False, 'num_time_steps': 2, 'fb_conversion_dims': [64, 64], 'backward_gcn_out_dims': [64, 64, 64, 64, 64], 'updateopemb_method': 'concat_ofb', 'updateopemb_dims': [64], 'share_skip_and_outskip': True, 'detach_vinfo': False, 'updateopemb_scale': 0.1, 'updateopemb_detach_opemb': True, 'updateopemb_detach_finfo': True, 'mask_nonparametrized_ops': True, 'symmetry_breaking_method': 'param_zs_add', 'concat_param_zs_as_opemb_dimension': 5, 'concat_param_zs_as_opemb_scale': 1.0}, 'arch_embedder_type': 'cellss-fbflow-anytime', 'compare_loss_type': 'margin_linear', 'compare_margin': 0.1, 'mlp_dropout': 0.1, 'mlp_hiddens': [200], 'mlp_out_dim': 1, 'optimizer': {'lr': 0.0001, 'type': 'Adam'}, 'scheduler': None}, 'arch_network_type': 'pointwise_comparator', 'batch_size': 128, 'choose_pair_criterion': 'random', 'compare': False, 'compare_threshold': 0.0, 'epochs': 200, 'max_compare_ratio': 16.0}
2022-01-21 22:19:05,864 root                INFO: Combined args: Namespace(arch_network_type='pointwise_comparator', batch_size=128, cfg_file='cfgs/nb301_cfgs/tagates_anytime.yaml', choose_pair_criterion='random', compare=False, compare_threshold=0.0, epochs=200, eval_only_last=1, gpu=2, load=None, max_compare_ratio=16.0, num_workers=4, report_freq=200, save_every=200, save_predict=None, seed=21, test_funcs=None, test_only=False, train_dir='nb301_anytime_tagates/tagates_0.05/123/21', train_pkl='../mynas/data/nasbench-301/nasbench301_train_mtx_anytime_123.pkl', train_ratio=0.05, valid_pkl='../mynas/data/nasbench-301/nasbench301_valid_mtx_anytime.pkl')
2022-01-21 22:19:05,873 root                INFO: Train dataset ratio: 0.050
2022-01-21 22:19:05,874 root                INFO: Number of architectures: train: 294; valid: 51072
2022-01-21 22:19:20,030 root                INFO: Train: Epoch   1: train loss 0.3289
2022-01-21 22:19:20,779 root                INFO: Train: Epoch   2: train loss 0.3253
2022-01-21 22:19:21,541 root                INFO: Train: Epoch   3: train loss 0.3215
2022-01-21 22:19:22,340 root                INFO: Train: Epoch   4: train loss 0.3174
2022-01-21 22:19:23,245 root                INFO: Train: Epoch   5: train loss 0.3131
2022-01-21 22:19:24,065 root                INFO: Train: Epoch   6: train loss 0.3088
2022-01-21 22:19:24,835 root                INFO: Train: Epoch   7: train loss 0.3039
2022-01-21 22:19:25,601 root                INFO: Train: Epoch   8: train loss 0.2985
2022-01-21 22:19:26,351 root                INFO: Train: Epoch   9: train loss 0.2928
2022-01-21 22:19:27,122 root                INFO: Train: Epoch  10: train loss 0.2861
2022-01-21 22:19:27,877 root                INFO: Train: Epoch  11: train loss 0.2786
2022-01-21 22:19:28,646 root                INFO: Train: Epoch  12: train loss 0.2706
2022-01-21 22:19:29,405 root                INFO: Train: Epoch  13: train loss 0.2612
2022-01-21 22:19:30,118 root                INFO: Train: Epoch  14: train loss 0.2505
2022-01-21 22:19:30,889 root                INFO: Train: Epoch  15: train loss 0.2386
2022-01-21 22:19:31,691 root                INFO: Train: Epoch  16: train loss 0.2247
2022-01-21 22:19:32,488 root                INFO: Train: Epoch  17: train loss 0.2090
2022-01-21 22:19:33,319 root                INFO: Train: Epoch  18: train loss 0.1917
2022-01-21 22:19:34,094 root                INFO: Train: Epoch  19: train loss 0.1719
2022-01-21 22:19:34,845 root                INFO: Train: Epoch  20: train loss 0.1500
2022-01-21 22:19:35,556 root                INFO: Train: Epoch  21: train loss 0.1274
2022-01-21 22:19:36,275 root                INFO: Train: Epoch  22: train loss 0.1031
2022-01-21 22:19:37,040 root                INFO: Train: Epoch  23: train loss 0.0792
2022-01-21 22:19:37,772 root                INFO: Train: Epoch  24: train loss 0.0574
2022-01-21 22:19:38,522 root                INFO: Train: Epoch  25: train loss 0.0383
2022-01-21 22:19:39,233 root                INFO: Train: Epoch  26: train loss 0.0231
2022-01-21 22:19:39,992 root                INFO: Train: Epoch  27: train loss 0.0126
2022-01-21 22:19:40,798 root                INFO: Train: Epoch  28: train loss 0.0059
2022-01-21 22:19:41,557 root                INFO: Train: Epoch  29: train loss 0.0027
2022-01-21 22:19:42,349 root                INFO: Train: Epoch  30: train loss 0.0013
2022-01-21 22:19:43,164 root                INFO: Train: Epoch  31: train loss 0.0010
2022-01-21 22:19:43,928 root                INFO: Train: Epoch  32: train loss 0.0012
2022-01-21 22:19:44,703 root                INFO: Train: Epoch  33: train loss 0.0015
2022-01-21 22:19:45,506 root                INFO: Train: Epoch  34: train loss 0.0017
2022-01-21 22:19:46,246 root                INFO: Train: Epoch  35: train loss 0.0018
2022-01-21 22:19:46,952 root                INFO: Train: Epoch  36: train loss 0.0017
2022-01-21 22:19:47,665 root                INFO: Train: Epoch  37: train loss 0.0016
2022-01-21 22:19:48,409 root                INFO: Train: Epoch  38: train loss 0.0015
2022-01-21 22:19:49,193 root                INFO: Train: Epoch  39: train loss 0.0013
2022-01-21 22:19:49,951 root                INFO: Train: Epoch  40: train loss 0.0012
2022-01-21 22:19:50,776 root                INFO: Train: Epoch  41: train loss 0.0011
2022-01-21 22:19:51,537 root                INFO: Train: Epoch  42: train loss 0.0009
2022-01-21 22:19:52,262 root                INFO: Train: Epoch  43: train loss 0.0009
2022-01-21 22:19:52,992 root                INFO: Train: Epoch  44: train loss 0.0009
2022-01-21 22:19:53,681 root                INFO: Train: Epoch  45: train loss 0.0008
2022-01-21 22:19:54,398 root                INFO: Train: Epoch  46: train loss 0.0008
2022-01-21 22:19:55,121 root                INFO: Train: Epoch  47: train loss 0.0008
2022-01-21 22:19:55,839 root                INFO: Train: Epoch  48: train loss 0.0008
2022-01-21 22:19:56,626 root                INFO: Train: Epoch  49: train loss 0.0008
2022-01-21 22:19:57,490 root                INFO: Train: Epoch  50: train loss 0.0008
2022-01-21 22:19:58,227 root                INFO: Train: Epoch  51: train loss 0.0008
2022-01-21 22:19:58,966 root                INFO: Train: Epoch  52: train loss 0.0008
2022-01-21 22:19:59,719 root                INFO: Train: Epoch  53: train loss 0.0009
2022-01-21 22:20:00,461 root                INFO: Train: Epoch  54: train loss 0.0008
2022-01-21 22:20:01,186 root                INFO: Train: Epoch  55: train loss 0.0008
2022-01-21 22:20:01,949 root                INFO: Train: Epoch  56: train loss 0.0008
2022-01-21 22:20:02,711 root                INFO: Train: Epoch  57: train loss 0.0009
2022-01-21 22:20:03,440 root                INFO: Train: Epoch  58: train loss 0.0008
2022-01-21 22:20:04,193 root                INFO: Train: Epoch  59: train loss 0.0008
2022-01-21 22:20:04,958 root                INFO: Train: Epoch  60: train loss 0.0008
2022-01-21 22:20:05,713 root                INFO: Train: Epoch  61: train loss 0.0008
2022-01-21 22:20:06,459 root                INFO: Train: Epoch  62: train loss 0.0008
2022-01-21 22:20:07,237 root                INFO: Train: Epoch  63: train loss 0.0008
2022-01-21 22:20:08,013 root                INFO: Train: Epoch  64: train loss 0.0008
2022-01-21 22:20:08,818 root                INFO: Train: Epoch  65: train loss 0.0008
2022-01-21 22:20:09,658 root                INFO: Train: Epoch  66: train loss 0.0008
2022-01-21 22:20:10,446 root                INFO: Train: Epoch  67: train loss 0.0008
2022-01-21 22:20:11,243 root                INFO: Train: Epoch  68: train loss 0.0008
2022-01-21 22:20:12,027 root                INFO: Train: Epoch  69: train loss 0.0008
2022-01-21 22:20:12,845 root                INFO: Train: Epoch  70: train loss 0.0007
2022-01-21 22:20:13,692 root                INFO: Train: Epoch  71: train loss 0.0008
2022-01-21 22:20:14,543 root                INFO: Train: Epoch  72: train loss 0.0008
2022-01-21 22:20:15,385 root                INFO: Train: Epoch  73: train loss 0.0008
2022-01-21 22:20:16,192 root                INFO: Train: Epoch  74: train loss 0.0008
2022-01-21 22:20:16,999 root                INFO: Train: Epoch  75: train loss 0.0008
2022-01-21 22:20:17,957 root                INFO: Train: Epoch  76: train loss 0.0008
2022-01-21 22:20:18,816 root                INFO: Train: Epoch  77: train loss 0.0008
2022-01-21 22:20:19,603 root                INFO: Train: Epoch  78: train loss 0.0008
2022-01-21 22:20:20,365 root                INFO: Train: Epoch  79: train loss 0.0008
2022-01-21 22:20:21,155 root                INFO: Train: Epoch  80: train loss 0.0008
2022-01-21 22:20:22,025 root                INFO: Train: Epoch  81: train loss 0.0008
2022-01-21 22:20:22,842 root                INFO: Train: Epoch  82: train loss 0.0008
2022-01-21 22:20:23,617 root                INFO: Train: Epoch  83: train loss 0.0008
2022-01-21 22:20:24,369 root                INFO: Train: Epoch  84: train loss 0.0008
2022-01-21 22:20:25,199 root                INFO: Train: Epoch  85: train loss 0.0008
2022-01-21 22:20:25,972 root                INFO: Train: Epoch  86: train loss 0.0008
2022-01-21 22:20:26,786 root                INFO: Train: Epoch  87: train loss 0.0008
2022-01-21 22:20:27,587 root                INFO: Train: Epoch  88: train loss 0.0008
2022-01-21 22:20:28,400 root                INFO: Train: Epoch  89: train loss 0.0008
2022-01-21 22:20:29,169 root                INFO: Train: Epoch  90: train loss 0.0008
2022-01-21 22:20:30,012 root                INFO: Train: Epoch  91: train loss 0.0008
2022-01-21 22:20:30,806 root                INFO: Train: Epoch  92: train loss 0.0008
2022-01-21 22:20:31,587 root                INFO: Train: Epoch  93: train loss 0.0007
2022-01-21 22:20:32,415 root                INFO: Train: Epoch  94: train loss 0.0007
2022-01-21 22:20:33,233 root                INFO: Train: Epoch  95: train loss 0.0008
2022-01-21 22:20:34,106 root                INFO: Train: Epoch  96: train loss 0.0008
2022-01-21 22:20:35,004 root                INFO: Train: Epoch  97: train loss 0.0007
2022-01-21 22:20:35,763 root                INFO: Train: Epoch  98: train loss 0.0007
2022-01-21 22:20:36,554 root                INFO: Train: Epoch  99: train loss 0.0008
2022-01-21 22:20:37,362 root                INFO: Train: Epoch 100: train loss 0.0008
2022-01-21 22:20:38,237 root                INFO: Train: Epoch 101: train loss 0.0008
2022-01-21 22:20:39,048 root                INFO: Train: Epoch 102: train loss 0.0008
2022-01-21 22:20:39,860 root                INFO: Train: Epoch 103: train loss 0.0007
2022-01-21 22:20:40,631 root                INFO: Train: Epoch 104: train loss 0.0008
2022-01-21 22:20:41,441 root                INFO: Train: Epoch 105: train loss 0.0008
2022-01-21 22:20:42,303 root                INFO: Train: Epoch 106: train loss 0.0008
2022-01-21 22:20:43,137 root                INFO: Train: Epoch 107: train loss 0.0007
2022-01-21 22:20:43,936 root                INFO: Train: Epoch 108: train loss 0.0008
2022-01-21 22:20:44,739 root                INFO: Train: Epoch 109: train loss 0.0008
2022-01-21 22:20:45,578 root                INFO: Train: Epoch 110: train loss 0.0008
2022-01-21 22:20:46,419 root                INFO: Train: Epoch 111: train loss 0.0007
2022-01-21 22:20:47,191 root                INFO: Train: Epoch 112: train loss 0.0007
2022-01-21 22:20:47,955 root                INFO: Train: Epoch 113: train loss 0.0007
2022-01-21 22:20:48,746 root                INFO: Train: Epoch 114: train loss 0.0008
2022-01-21 22:20:49,567 root                INFO: Train: Epoch 115: train loss 0.0008
2022-01-21 22:20:50,367 root                INFO: Train: Epoch 116: train loss 0.0007
2022-01-21 22:20:51,188 root                INFO: Train: Epoch 117: train loss 0.0007
2022-01-21 22:20:52,045 root                INFO: Train: Epoch 118: train loss 0.0007
2022-01-21 22:20:52,813 root                INFO: Train: Epoch 119: train loss 0.0008
2022-01-21 22:20:53,600 root                INFO: Train: Epoch 120: train loss 0.0007
2022-01-21 22:20:54,383 root                INFO: Train: Epoch 121: train loss 0.0008
2022-01-21 22:20:55,232 root                INFO: Train: Epoch 122: train loss 0.0007
2022-01-21 22:20:56,060 root                INFO: Train: Epoch 123: train loss 0.0007
2022-01-21 22:20:56,904 root                INFO: Train: Epoch 124: train loss 0.0008
2022-01-21 22:20:57,702 root                INFO: Train: Epoch 125: train loss 0.0008
2022-01-21 22:20:58,477 root                INFO: Train: Epoch 126: train loss 0.0007
2022-01-21 22:20:59,291 root                INFO: Train: Epoch 127: train loss 0.0007
2022-01-21 22:21:00,097 root                INFO: Train: Epoch 128: train loss 0.0007
2022-01-21 22:21:00,925 root                INFO: Train: Epoch 129: train loss 0.0007
2022-01-21 22:21:01,733 root                INFO: Train: Epoch 130: train loss 0.0007
2022-01-21 22:21:02,489 root                INFO: Train: Epoch 131: train loss 0.0007
2022-01-21 22:21:03,236 root                INFO: Train: Epoch 132: train loss 0.0007
2022-01-21 22:21:04,075 root                INFO: Train: Epoch 133: train loss 0.0007
2022-01-21 22:21:04,893 root                INFO: Train: Epoch 134: train loss 0.0007
2022-01-21 22:21:05,706 root                INFO: Train: Epoch 135: train loss 0.0007
2022-01-21 22:21:06,550 root                INFO: Train: Epoch 136: train loss 0.0007
2022-01-21 22:21:07,375 root                INFO: Train: Epoch 137: train loss 0.0007
2022-01-21 22:21:08,240 root                INFO: Train: Epoch 138: train loss 0.0007
2022-01-21 22:21:09,034 root                INFO: Train: Epoch 139: train loss 0.0007
2022-01-21 22:21:09,870 root                INFO: Train: Epoch 140: train loss 0.0007
2022-01-21 22:21:10,728 root                INFO: Train: Epoch 141: train loss 0.0007
2022-01-21 22:21:11,603 root                INFO: Train: Epoch 142: train loss 0.0007
2022-01-21 22:21:12,441 root                INFO: Train: Epoch 143: train loss 0.0007
2022-01-21 22:21:13,334 root                INFO: Train: Epoch 144: train loss 0.0007
2022-01-21 22:21:14,209 root                INFO: Train: Epoch 145: train loss 0.0008
2022-01-21 22:21:15,185 root                INFO: Train: Epoch 146: train loss 0.0007
2022-01-21 22:21:15,986 root                INFO: Train: Epoch 147: train loss 0.0007
2022-01-21 22:21:16,826 root                INFO: Train: Epoch 148: train loss 0.0007
2022-01-21 22:21:17,645 root                INFO: Train: Epoch 149: train loss 0.0007
2022-01-21 22:21:18,530 root                INFO: Train: Epoch 150: train loss 0.0008
2022-01-21 22:21:19,410 root                INFO: Train: Epoch 151: train loss 0.0007
2022-01-21 22:21:20,191 root                INFO: Train: Epoch 152: train loss 0.0007
2022-01-21 22:21:20,962 root                INFO: Train: Epoch 153: train loss 0.0007
2022-01-21 22:21:21,734 root                INFO: Train: Epoch 154: train loss 0.0007
2022-01-21 22:21:22,521 root                INFO: Train: Epoch 155: train loss 0.0007
2022-01-21 22:21:23,298 root                INFO: Train: Epoch 156: train loss 0.0007
2022-01-21 22:21:24,137 root                INFO: Train: Epoch 157: train loss 0.0007
2022-01-21 22:21:24,959 root                INFO: Train: Epoch 158: train loss 0.0007
2022-01-21 22:21:25,742 root                INFO: Train: Epoch 159: train loss 0.0006
2022-01-21 22:21:26,595 root                INFO: Train: Epoch 160: train loss 0.0007
2022-01-21 22:21:27,422 root                INFO: Train: Epoch 161: train loss 0.0007
2022-01-21 22:21:28,209 root                INFO: Train: Epoch 162: train loss 0.0007
2022-01-21 22:21:29,026 root                INFO: Train: Epoch 163: train loss 0.0007
2022-01-21 22:21:29,975 root                INFO: Train: Epoch 164: train loss 0.0007
2022-01-21 22:21:30,953 root                INFO: Train: Epoch 165: train loss 0.0006
2022-01-21 22:21:31,937 root                INFO: Train: Epoch 166: train loss 0.0007
2022-01-21 22:21:32,759 root                INFO: Train: Epoch 167: train loss 0.0007
2022-01-21 22:21:33,587 root                INFO: Train: Epoch 168: train loss 0.0007
2022-01-21 22:21:34,504 root                INFO: Train: Epoch 169: train loss 0.0007
2022-01-21 22:21:35,367 root                INFO: Train: Epoch 170: train loss 0.0007
2022-01-21 22:21:36,185 root                INFO: Train: Epoch 171: train loss 0.0006
2022-01-21 22:21:36,995 root                INFO: Train: Epoch 172: train loss 0.0007
2022-01-21 22:21:37,844 root                INFO: Train: Epoch 173: train loss 0.0007
2022-01-21 22:21:38,732 root                INFO: Train: Epoch 174: train loss 0.0007
2022-01-21 22:21:39,584 root                INFO: Train: Epoch 175: train loss 0.0007
2022-01-21 22:21:40,371 root                INFO: Train: Epoch 176: train loss 0.0007
2022-01-21 22:21:41,137 root                INFO: Train: Epoch 177: train loss 0.0006
2022-01-21 22:21:41,925 root                INFO: Train: Epoch 178: train loss 0.0006
2022-01-21 22:21:42,699 root                INFO: Train: Epoch 179: train loss 0.0007
2022-01-21 22:21:43,464 root                INFO: Train: Epoch 180: train loss 0.0007
2022-01-21 22:21:44,253 root                INFO: Train: Epoch 181: train loss 0.0007
2022-01-21 22:21:45,030 root                INFO: Train: Epoch 182: train loss 0.0007
2022-01-21 22:21:45,798 root                INFO: Train: Epoch 183: train loss 0.0006
2022-01-21 22:21:46,554 root                INFO: Train: Epoch 184: train loss 0.0007
2022-01-21 22:21:47,346 root                INFO: Train: Epoch 185: train loss 0.0007
2022-01-21 22:21:48,089 root                INFO: Train: Epoch 186: train loss 0.0007
2022-01-21 22:21:48,813 root                INFO: Train: Epoch 187: train loss 0.0007
2022-01-21 22:21:49,539 root                INFO: Train: Epoch 188: train loss 0.0006
2022-01-21 22:21:50,324 root                INFO: Train: Epoch 189: train loss 0.0007
2022-01-21 22:21:51,004 root                INFO: Train: Epoch 190: train loss 0.0006
2022-01-21 22:21:51,696 root                INFO: Train: Epoch 191: train loss 0.0007
2022-01-21 22:21:52,414 root                INFO: Train: Epoch 192: train loss 0.0006
2022-01-21 22:21:53,119 root                INFO: Train: Epoch 193: train loss 0.0007
2022-01-21 22:21:53,888 root                INFO: Train: Epoch 194: train loss 0.0006
2022-01-21 22:21:54,613 root                INFO: Train: Epoch 195: train loss 0.0007
2022-01-21 22:21:55,322 root                INFO: Train: Epoch 196: train loss 0.0007
2022-01-21 22:21:56,033 root                INFO: Train: Epoch 197: train loss 0.0006
2022-01-21 22:21:56,795 root                INFO: Train: Epoch 198: train loss 0.0007
2022-01-21 22:21:57,493 root                INFO: Train: Epoch 199: train loss 0.0006
2022-01-21 22:21:58,226 root                INFO: Train: Epoch 200: train loss 0.0007
2022-01-21 22:22:12,911 root                INFO: Valid: Epoch 200: kendall tau 0.2885 0.2465; loss 0.0003492 0.0002351
2022-01-21 22:22:12,917 root                INFO: Epoch 200: Save checkpoint to nb301_anytime_tagates/tagates_0.05/123/21/200.ckpt
2022-01-21 22:22:27,489 root                INFO: [0.0, 0.0, 0.0, 0.06619663141402272, 0.22204816917955747, 0.6519815162907269, 1.0]
2022-01-21 22:22:27,489 root                INFO: [0.0, 0.0, 0.0, 0.03916960438699569, 0.17838261210103779, 0.6286027568922306, 1.0]
2022-01-21 22:22:27,489 root                INFO: [2341, 2341]
2022-01-21 22:22:27,490 root                INFO: [2446, 2446]
