2022-01-23 22:46:56,818 root                INFO: GPU device = 1
2022-01-23 22:46:56,818 root                INFO: Load pkl cache from nasbench301_train.pkl and nasbench301_valid.pkl
2022-01-23 22:46:57,605 root                INFO: Config: {'arch_network_cfg': {'arch_embedder_cfg': {'take_adj_as_input': True, 'gcn_kwargs': {'residual_only': 2}, 'gcn_out_dims': [64, 64, 64, 64, 64], 'hidden_dim': 32, 'node_dim': 32, 'op_dim': 32, 'use_bn': False, 'final_concat': False, 'other_node_zero': False, 'num_time_steps': 4, 'fb_conversion_dims': [64, 64], 'backward_gcn_out_dims': [64, 64, 64, 64, 64], 'updateopemb_method': 'concat_ofb', 'updateopemb_dims': [64], 'share_skip_and_outskip': True, 'detach_vinfo': False, 'updateopemb_scale': 0.1, 'updateopemb_detach_opemb': True, 'updateopemb_detach_finfo': True, 'mask_nonparametrized_ops': True, 'symmetry_breaking_method': 'param_zs_add', 'concat_param_zs_as_opemb_dimension': 5, 'concat_param_zs_as_opemb_scale': 1.0}, 'arch_embedder_type': 'cellss-fbflow', 'compare_loss_type': 'margin_linear', 'compare_margin': 0.1, 'mlp_dropout': 0.1, 'mlp_hiddens': [200], 'optimizer': {'lr': 0.001, 'type': 'Adam'}, 'scheduler': None}, 'arch_network_type': 'pointwise_comparator', 'batch_size': 128, 'choose_pair_criterion': 'random', 'compare': True, 'compare_threshold': 0.0, 'epochs': 200, 'max_compare_ratio': 16.0}
2022-01-23 22:47:00,977 root                INFO: Combined args: Namespace(arch_network_type='pointwise_comparator', batch_size=128, cfg_file='cfgs/nb301_cfgs/gates_true_masktrue.yaml', choose_pair_criterion='random', compare=True, compare_threshold=0.0, epochs=200, eval_only_last=1, gpu=1, load=None, max_compare_ratio=16.0, num_workers=4, report_freq=200, save_every=200, save_predict=None, seed=2021, test_funcs=None, test_only=False, train_dir='../results/nb301/nb301_ablation_mask/true/true_0.5/123/2021', train_pkl='../mynas/data/nasbench-301/nasbench301_train_mtx_123.pkl', train_ratio=0.5, valid_pkl='../mynas/data/nasbench-301/nasbench301_valid_mtx.pkl')
2022-01-23 22:47:00,982 root                INFO: Train dataset ratio: 0.500
2022-01-23 22:47:00,983 root                INFO: Number of architectures: train: 2948; valid: 51072
2022-01-23 22:47:21,898 root                INFO: Train: Epoch   1: train loss 0.0630
2022-01-23 22:47:27,803 root                INFO: Train: Epoch   2: train loss 0.0348
2022-01-23 22:47:33,756 root                INFO: Train: Epoch   3: train loss 0.0313
2022-01-23 22:47:39,683 root                INFO: Train: Epoch   4: train loss 0.0313
2022-01-23 22:47:45,599 root                INFO: Train: Epoch   5: train loss 0.0311
2022-01-23 22:47:51,535 root                INFO: Train: Epoch   6: train loss 0.0289
2022-01-23 22:47:57,485 root                INFO: Train: Epoch   7: train loss 0.0276
2022-01-23 22:48:03,459 root                INFO: Train: Epoch   8: train loss 0.0256
2022-01-23 22:48:09,442 root                INFO: Train: Epoch   9: train loss 0.0287
2022-01-23 22:48:15,401 root                INFO: Train: Epoch  10: train loss 0.0258
2022-01-23 22:48:21,343 root                INFO: Train: Epoch  11: train loss 0.0254
2022-01-23 22:48:27,327 root                INFO: Train: Epoch  12: train loss 0.0249
2022-01-23 22:48:33,294 root                INFO: Train: Epoch  13: train loss 0.0247
2022-01-23 22:48:39,250 root                INFO: Train: Epoch  14: train loss 0.0251
2022-01-23 22:48:45,186 root                INFO: Train: Epoch  15: train loss 0.0230
2022-01-23 22:48:51,109 root                INFO: Train: Epoch  16: train loss 0.0301
2022-01-23 22:48:57,014 root                INFO: Train: Epoch  17: train loss 0.0251
2022-01-23 22:49:02,929 root                INFO: Train: Epoch  18: train loss 0.0282
2022-01-23 22:49:08,822 root                INFO: Train: Epoch  19: train loss 0.0242
2022-01-23 22:49:14,727 root                INFO: Train: Epoch  20: train loss 0.0224
2022-01-23 22:49:20,633 root                INFO: Train: Epoch  21: train loss 0.0241
2022-01-23 22:49:26,539 root                INFO: Train: Epoch  22: train loss 0.0217
2022-01-23 22:49:32,452 root                INFO: Train: Epoch  23: train loss 0.0263
2022-01-23 22:49:38,367 root                INFO: Train: Epoch  24: train loss 0.0226
2022-01-23 22:49:44,267 root                INFO: Train: Epoch  25: train loss 0.0247
2022-01-23 22:49:50,154 root                INFO: Train: Epoch  26: train loss 0.0235
2022-01-23 22:49:56,058 root                INFO: Train: Epoch  27: train loss 0.0257
2022-01-23 22:50:01,959 root                INFO: Train: Epoch  28: train loss 0.0224
2022-01-23 22:50:07,860 root                INFO: Train: Epoch  29: train loss 0.0286
2022-01-23 22:50:13,782 root                INFO: Train: Epoch  30: train loss 0.0236
2022-01-23 22:50:19,670 root                INFO: Train: Epoch  31: train loss 0.0222
2022-01-23 22:50:25,549 root                INFO: Train: Epoch  32: train loss 0.0216
2022-01-23 22:50:31,440 root                INFO: Train: Epoch  33: train loss 0.0208
2022-01-23 22:50:37,364 root                INFO: Train: Epoch  34: train loss 0.0205
2022-01-23 22:50:43,284 root                INFO: Train: Epoch  35: train loss 0.0200
2022-01-23 22:50:49,200 root                INFO: Train: Epoch  36: train loss 0.0227
2022-01-23 22:50:55,094 root                INFO: Train: Epoch  37: train loss 0.0214
2022-01-23 22:51:00,997 root                INFO: Train: Epoch  38: train loss 0.0211
2022-01-23 22:51:06,923 root                INFO: Train: Epoch  39: train loss 0.0228
2022-01-23 22:51:12,825 root                INFO: Train: Epoch  40: train loss 0.0208
2022-01-23 22:51:18,742 root                INFO: Train: Epoch  41: train loss 0.0212
2022-01-23 22:51:24,631 root                INFO: Train: Epoch  42: train loss 0.0210
2022-01-23 22:51:30,543 root                INFO: Train: Epoch  43: train loss 0.0200
2022-01-23 22:51:36,450 root                INFO: Train: Epoch  44: train loss 0.0222
2022-01-23 22:51:42,349 root                INFO: Train: Epoch  45: train loss 0.0218
2022-01-23 22:51:48,247 root                INFO: Train: Epoch  46: train loss 0.0208
2022-01-23 22:51:54,188 root                INFO: Train: Epoch  47: train loss 0.0200
2022-01-23 22:52:00,142 root                INFO: Train: Epoch  48: train loss 0.0194
2022-01-23 22:52:06,086 root                INFO: Train: Epoch  49: train loss 0.0207
2022-01-23 22:52:12,003 root                INFO: Train: Epoch  50: train loss 0.0201
2022-01-23 22:52:17,915 root                INFO: Train: Epoch  51: train loss 0.0210
2022-01-23 22:52:23,835 root                INFO: Train: Epoch  52: train loss 0.0215
2022-01-23 22:52:29,759 root                INFO: Train: Epoch  53: train loss 0.0229
2022-01-23 22:52:35,690 root                INFO: Train: Epoch  54: train loss 0.0243
2022-01-23 22:52:41,608 root                INFO: Train: Epoch  55: train loss 0.0274
2022-01-23 22:52:47,508 root                INFO: Train: Epoch  56: train loss 0.0220
2022-01-23 22:52:53,421 root                INFO: Train: Epoch  57: train loss 0.0205
2022-01-23 22:52:59,333 root                INFO: Train: Epoch  58: train loss 0.0208
2022-01-23 22:53:05,289 root                INFO: Train: Epoch  59: train loss 0.0194
2022-01-23 22:53:11,241 root                INFO: Train: Epoch  60: train loss 0.0206
2022-01-23 22:53:17,192 root                INFO: Train: Epoch  61: train loss 0.0194
2022-01-23 22:53:23,107 root                INFO: Train: Epoch  62: train loss 0.0231
2022-01-23 22:53:28,995 root                INFO: Train: Epoch  63: train loss 0.0212
2022-01-23 22:53:34,899 root                INFO: Train: Epoch  64: train loss 0.0199
2022-01-23 22:53:40,797 root                INFO: Train: Epoch  65: train loss 0.0189
2022-01-23 22:53:46,697 root                INFO: Train: Epoch  66: train loss 0.0185
2022-01-23 22:53:52,585 root                INFO: Train: Epoch  67: train loss 0.0212
2022-01-23 22:53:58,498 root                INFO: Train: Epoch  68: train loss 0.0187
2022-01-23 22:54:04,415 root                INFO: Train: Epoch  69: train loss 0.0186
2022-01-23 22:54:10,364 root                INFO: Train: Epoch  70: train loss 0.0182
2022-01-23 22:54:16,300 root                INFO: Train: Epoch  71: train loss 0.0237
2022-01-23 22:54:22,226 root                INFO: Train: Epoch  72: train loss 0.0194
2022-01-23 22:54:28,152 root                INFO: Train: Epoch  73: train loss 0.0185
2022-01-23 22:54:34,076 root                INFO: Train: Epoch  74: train loss 0.0194
2022-01-23 22:54:40,008 root                INFO: Train: Epoch  75: train loss 0.0189
2022-01-23 22:54:45,969 root                INFO: Train: Epoch  76: train loss 0.0224
2022-01-23 22:54:51,895 root                INFO: Train: Epoch  77: train loss 0.0219
2022-01-23 22:54:57,800 root                INFO: Train: Epoch  78: train loss 0.0194
2022-01-23 22:55:03,713 root                INFO: Train: Epoch  79: train loss 0.0197
2022-01-23 22:55:09,645 root                INFO: Train: Epoch  80: train loss 0.0181
2022-01-23 22:55:15,569 root                INFO: Train: Epoch  81: train loss 0.0211
2022-01-23 22:55:21,488 root                INFO: Train: Epoch  82: train loss 0.0183
2022-01-23 22:55:27,434 root                INFO: Train: Epoch  83: train loss 0.0185
2022-01-23 22:55:33,336 root                INFO: Train: Epoch  84: train loss 0.0198
2022-01-23 22:55:39,259 root                INFO: Train: Epoch  85: train loss 0.0217
2022-01-23 22:55:45,184 root                INFO: Train: Epoch  86: train loss 0.0205
2022-01-23 22:55:51,092 root                INFO: Train: Epoch  87: train loss 0.0189
2022-01-23 22:55:56,999 root                INFO: Train: Epoch  88: train loss 0.0196
2022-01-23 22:56:02,900 root                INFO: Train: Epoch  89: train loss 0.0199
2022-01-23 22:56:08,804 root                INFO: Train: Epoch  90: train loss 0.0199
2022-01-23 22:56:14,719 root                INFO: Train: Epoch  91: train loss 0.0178
2022-01-23 22:56:20,643 root                INFO: Train: Epoch  92: train loss 0.0174
2022-01-23 22:56:26,544 root                INFO: Train: Epoch  93: train loss 0.0172
2022-01-23 22:56:32,448 root                INFO: Train: Epoch  94: train loss 0.0253
2022-01-23 22:56:38,358 root                INFO: Train: Epoch  95: train loss 0.0196
2022-01-23 22:56:44,254 root                INFO: Train: Epoch  96: train loss 0.0197
2022-01-23 22:56:50,146 root                INFO: Train: Epoch  97: train loss 0.0177
2022-01-23 22:56:56,107 root                INFO: Train: Epoch  98: train loss 0.0187
2022-01-23 22:57:02,077 root                INFO: Train: Epoch  99: train loss 0.0168
2022-01-23 22:57:07,993 root                INFO: Train: Epoch 100: train loss 0.0186
2022-01-23 22:57:13,895 root                INFO: Train: Epoch 101: train loss 0.0229
2022-01-23 22:57:19,810 root                INFO: Train: Epoch 102: train loss 0.0204
2022-01-23 22:57:25,725 root                INFO: Train: Epoch 103: train loss 0.0210
2022-01-23 22:57:31,648 root                INFO: Train: Epoch 104: train loss 0.0190
2022-01-23 22:57:37,542 root                INFO: Train: Epoch 105: train loss 0.0184
2022-01-23 22:57:43,446 root                INFO: Train: Epoch 106: train loss 0.0201
2022-01-23 22:57:49,364 root                INFO: Train: Epoch 107: train loss 0.0245
2022-01-23 22:57:55,283 root                INFO: Train: Epoch 108: train loss 0.0199
2022-01-23 22:58:01,188 root                INFO: Train: Epoch 109: train loss 0.0200
2022-01-23 22:58:07,115 root                INFO: Train: Epoch 110: train loss 0.0194
2022-01-23 22:58:13,035 root                INFO: Train: Epoch 111: train loss 0.0183
2022-01-23 22:58:18,979 root                INFO: Train: Epoch 112: train loss 0.0180
2022-01-23 22:58:24,877 root                INFO: Train: Epoch 113: train loss 0.0182
2022-01-23 22:58:30,774 root                INFO: Train: Epoch 114: train loss 0.0168
2022-01-23 22:58:36,643 root                INFO: Train: Epoch 115: train loss 0.0169
2022-01-23 22:58:42,545 root                INFO: Train: Epoch 116: train loss 0.0190
2022-01-23 22:58:48,454 root                INFO: Train: Epoch 117: train loss 0.0175
2022-01-23 22:58:54,350 root                INFO: Train: Epoch 118: train loss 0.0170
2022-01-23 22:59:00,282 root                INFO: Train: Epoch 119: train loss 0.0162
2022-01-23 22:59:06,203 root                INFO: Train: Epoch 120: train loss 0.0157
2022-01-23 22:59:12,112 root                INFO: Train: Epoch 121: train loss 0.0169
2022-01-23 22:59:18,027 root                INFO: Train: Epoch 122: train loss 0.0159
2022-01-23 22:59:23,933 root                INFO: Train: Epoch 123: train loss 0.0157
2022-01-23 22:59:29,834 root                INFO: Train: Epoch 124: train loss 0.0166
2022-01-23 22:59:35,720 root                INFO: Train: Epoch 125: train loss 0.0160
2022-01-23 22:59:41,628 root                INFO: Train: Epoch 126: train loss 0.0176
2022-01-23 22:59:47,530 root                INFO: Train: Epoch 127: train loss 0.0176
2022-01-23 22:59:53,460 root                INFO: Train: Epoch 128: train loss 0.0163
2022-01-23 22:59:59,525 root                INFO: Train: Epoch 129: train loss 0.0162
2022-01-23 23:00:05,505 root                INFO: Train: Epoch 130: train loss 0.0169
2022-01-23 23:00:11,458 root                INFO: Train: Epoch 131: train loss 0.0164
2022-01-23 23:00:17,412 root                INFO: Train: Epoch 132: train loss 0.0164
2022-01-23 23:00:23,371 root                INFO: Train: Epoch 133: train loss 0.0169
2022-01-23 23:00:29,333 root                INFO: Train: Epoch 134: train loss 0.0191
2022-01-23 23:00:35,312 root                INFO: Train: Epoch 135: train loss 0.0196
2022-01-23 23:00:41,280 root                INFO: Train: Epoch 136: train loss 0.0164
2022-01-23 23:00:47,236 root                INFO: Train: Epoch 137: train loss 0.0174
2022-01-23 23:00:53,191 root                INFO: Train: Epoch 138: train loss 0.0183
2022-01-23 23:00:59,162 root                INFO: Train: Epoch 139: train loss 0.0172
2022-01-23 23:01:05,127 root                INFO: Train: Epoch 140: train loss 0.0179
2022-01-23 23:01:11,085 root                INFO: Train: Epoch 141: train loss 0.0166
2022-01-23 23:01:17,021 root                INFO: Train: Epoch 142: train loss 0.0168
2022-01-23 23:01:22,987 root                INFO: Train: Epoch 143: train loss 0.0152
2022-01-23 23:01:28,935 root                INFO: Train: Epoch 144: train loss 0.0148
2022-01-23 23:01:34,884 root                INFO: Train: Epoch 145: train loss 0.0180
2022-01-23 23:01:40,823 root                INFO: Train: Epoch 146: train loss 0.0156
2022-01-23 23:01:46,753 root                INFO: Train: Epoch 147: train loss 0.0180
2022-01-23 23:01:52,696 root                INFO: Train: Epoch 148: train loss 0.0163
2022-01-23 23:01:58,635 root                INFO: Train: Epoch 149: train loss 0.0173
2022-01-23 23:02:04,563 root                INFO: Train: Epoch 150: train loss 0.0171
2022-01-23 23:02:10,506 root                INFO: Train: Epoch 151: train loss 0.0170
2022-01-23 23:02:16,444 root                INFO: Train: Epoch 152: train loss 0.0168
2022-01-23 23:02:22,386 root                INFO: Train: Epoch 153: train loss 0.0158
2022-01-23 23:02:28,338 root                INFO: Train: Epoch 154: train loss 0.0158
2022-01-23 23:02:34,292 root                INFO: Train: Epoch 155: train loss 0.0145
2022-01-23 23:02:40,256 root                INFO: Train: Epoch 156: train loss 0.0146
2022-01-23 23:02:46,199 root                INFO: Train: Epoch 157: train loss 0.0169
2022-01-23 23:02:52,157 root                INFO: Train: Epoch 158: train loss 0.0160
2022-01-23 23:02:58,103 root                INFO: Train: Epoch 159: train loss 0.0147
2022-01-23 23:03:04,044 root                INFO: Train: Epoch 160: train loss 0.0161
2022-01-23 23:03:09,986 root                INFO: Train: Epoch 161: train loss 0.0145
2022-01-23 23:03:15,941 root                INFO: Train: Epoch 162: train loss 0.0157
2022-01-23 23:03:21,883 root                INFO: Train: Epoch 163: train loss 0.0159
2022-01-23 23:03:27,835 root                INFO: Train: Epoch 164: train loss 0.0141
2022-01-23 23:03:33,780 root                INFO: Train: Epoch 165: train loss 0.0193
2022-01-23 23:03:39,733 root                INFO: Train: Epoch 166: train loss 0.0176
2022-01-23 23:03:45,684 root                INFO: Train: Epoch 167: train loss 0.0186
2022-01-23 23:03:51,673 root                INFO: Train: Epoch 168: train loss 0.0166
2022-01-23 23:03:57,656 root                INFO: Train: Epoch 169: train loss 0.0152
2022-01-23 23:04:03,654 root                INFO: Train: Epoch 170: train loss 0.0195
2022-01-23 23:04:09,613 root                INFO: Train: Epoch 171: train loss 0.0169
2022-01-23 23:04:15,538 root                INFO: Train: Epoch 172: train loss 0.0174
2022-01-23 23:04:21,521 root                INFO: Train: Epoch 173: train loss 0.0160
2022-01-23 23:04:27,468 root                INFO: Train: Epoch 174: train loss 0.0163
2022-01-23 23:04:33,416 root                INFO: Train: Epoch 175: train loss 0.0144
2022-01-23 23:04:39,344 root                INFO: Train: Epoch 176: train loss 0.0139
2022-01-23 23:04:45,317 root                INFO: Train: Epoch 177: train loss 0.0158
2022-01-23 23:04:51,272 root                INFO: Train: Epoch 178: train loss 0.0164
2022-01-23 23:04:57,204 root                INFO: Train: Epoch 179: train loss 0.0154
2022-01-23 23:05:03,123 root                INFO: Train: Epoch 180: train loss 0.0140
2022-01-23 23:05:09,077 root                INFO: Train: Epoch 181: train loss 0.0136
2022-01-23 23:05:15,046 root                INFO: Train: Epoch 182: train loss 0.0163
2022-01-23 23:05:20,999 root                INFO: Train: Epoch 183: train loss 0.0236
2022-01-23 23:05:26,954 root                INFO: Train: Epoch 184: train loss 0.0173
2022-01-23 23:05:32,898 root                INFO: Train: Epoch 185: train loss 0.0157
2022-01-23 23:05:38,851 root                INFO: Train: Epoch 186: train loss 0.0162
2022-01-23 23:05:44,797 root                INFO: Train: Epoch 187: train loss 0.0151
2022-01-23 23:05:50,732 root                INFO: Train: Epoch 188: train loss 0.0152
2022-01-23 23:05:56,674 root                INFO: Train: Epoch 189: train loss 0.0144
2022-01-23 23:06:02,635 root                INFO: Train: Epoch 190: train loss 0.0166
2022-01-23 23:06:08,574 root                INFO: Train: Epoch 191: train loss 0.0144
2022-01-23 23:06:14,502 root                INFO: Train: Epoch 192: train loss 0.0151
2022-01-23 23:06:20,450 root                INFO: Train: Epoch 193: train loss 0.0145
2022-01-23 23:06:26,410 root                INFO: Train: Epoch 194: train loss 0.0131
2022-01-23 23:06:32,351 root                INFO: Train: Epoch 195: train loss 0.0149
2022-01-23 23:06:38,303 root                INFO: Train: Epoch 196: train loss 0.0133
2022-01-23 23:06:44,277 root                INFO: Train: Epoch 197: train loss 0.0131
2022-01-23 23:06:50,256 root                INFO: Train: Epoch 198: train loss 0.0136
2022-01-23 23:06:56,241 root                INFO: Train: Epoch 199: train loss 0.0133
2022-01-23 23:07:02,246 root                INFO: Train: Epoch 200: train loss 0.0140
2022-01-23 23:07:18,261 root                INFO: Valid: Epoch 200: kendall tau 0.7723; loss 0.2025
2022-01-23 23:07:18,266 root                INFO: Epoch 200: Save checkpoint to ../results/nb301/nb301_ablation_mask/true/true_0.5/123/2021/200.ckpt
2022-01-23 23:07:34,260 root                INFO: [0.058823529411764705, 0.16862745098039217, 0.26666666666666666, 0.6529573051312182, 0.7990992755042099, 0.8878054511278195, 1.0]
2022-01-23 23:07:34,261 root                INFO: [126, 126]
