2022-01-21 15:56:35,739 root                INFO: GPU device = 3
2022-01-21 15:56:35,739 root                INFO: Load pkl cache from nasbench101.pkl and nasbench101_valid.pkl
2022-01-21 15:56:36,194 root                INFO: Config: {'arch_network_cfg': {'arch_embedder_cfg': {'gcn_kwargs': {'plus_I': True, 'residual_only': 1}, 'gcn_out_dims': [128, 128, 128, 128, 128], 'backward_gcn_out_dims': [128, 128, 128, 128, 128], 'hid_dim': 96, 'node_embedding_dim': 48, 'op_embedding_dim': 48, 'num_time_steps': 2, 'fb_conversion_dims': [128, 128], 'updateopemb_method': 'concat_ofb', 'updateopemb_dims': [128], 'updateopemb_scale': 0.1, 'b_use_bn': False, 'detach_vinfo': False, 'updateopemb_detach_opemb': True, 'updateopemb_detach_finfo': True, 'symmetry_breaking_method': 'param_zs_add', 'concat_param_zs_as_opemb_dimension': 7, 'concat_param_zs_as_opemb_scale': 1.0, 'mask_nonparametrized_ops': False}, 'arch_embedder_type': 'nb101-fbflow-anytime', 'compare_loss_type': 'margin_linear', 'compare_margin': 0.1, 'mlp_dropout': 0.1, 'mlp_hiddens': [200], 'mlp_out_dim': 1, 'optimizer': {'lr': 0.001, 'type': 'Adam'}, 'scheduler': None}, 'batch_size': 512, 'choose_pair_criterion': 'random', 'compare': False, 'compare_threshold': 0.0, 'epochs': 200, 'max_compare_ratio': 4.0}
2022-01-21 15:56:40,880 root                INFO: Combined args: Namespace(batch_size=512, cfg_file='cfgs/nb101_cfgs/tagates_anytime.yaml', choose_pair_criterion='random', compare=False, compare_threshold=0.0, epochs=200, eval_only_last=200, gpu=3, load=None, max_compare_ratio=4.0, num_workers=4, report_freq=200, save_every=200, save_predict=None, seed=21, test_funcs=None, test_only=False, train_dir='nb1shot1_anytime_tagates/tagates_1/1/21', train_pkl='../mynas/data/nasbench-1shot1/nasbench101_anytime_train_1.pkl', train_ratio=1.0, valid_pkl='../mynas/data/nasbench-1shot1/nasbench101_anytime_valid.pkl')
2022-01-21 15:56:40,881 root                INFO: Train dataset ratio: 1.000
2022-01-21 15:56:40,881 root                INFO: Number of architectures: train: 7290; valid: 7290
2022-01-21 15:56:45,534 root                INFO: Train: Epoch   1: train loss 0.0949
2022-01-21 15:56:47,518 root                INFO: Valid: Epoch   1: kendall tau 0.2923 0.4114; loss 0.01986 0.01048
2022-01-21 15:56:49,606 root                INFO: Train: Epoch   2: train loss 0.0152
2022-01-21 15:56:51,544 root                INFO: Valid: Epoch   2: kendall tau 0.3252 0.4731; loss 0.02236 0.008793
2022-01-21 15:56:53,637 root                INFO: Train: Epoch   3: train loss 0.0112
2022-01-21 15:56:55,672 root                INFO: Valid: Epoch   3: kendall tau 0.3320 0.5033; loss 0.01959 0.008523
2022-01-21 15:56:57,650 root                INFO: Train: Epoch   4: train loss 0.0105
2022-01-21 15:56:59,463 root                INFO: Valid: Epoch   4: kendall tau 0.3326 0.5506; loss 0.02109 0.007786
2022-01-21 15:57:01,482 root                INFO: Train: Epoch   5: train loss 0.0098
2022-01-21 15:57:03,329 root                INFO: Valid: Epoch   5: kendall tau 0.2956 0.5893; loss 0.0216 0.007671
2022-01-21 15:57:05,410 root                INFO: Train: Epoch   6: train loss 0.0092
2022-01-21 15:57:07,229 root                INFO: Valid: Epoch   6: kendall tau 0.3396 0.5724; loss 0.02082 0.00734
2022-01-21 15:57:09,186 root                INFO: Train: Epoch   7: train loss 0.0087
2022-01-21 15:57:10,923 root                INFO: Valid: Epoch   7: kendall tau 0.4297 0.5792; loss 0.01722 0.006879
2022-01-21 15:57:12,906 root                INFO: Train: Epoch   8: train loss 0.0081
2022-01-21 15:57:14,700 root                INFO: Valid: Epoch   8: kendall tau 0.4220 0.5381; loss 0.01601 0.006859
2022-01-21 15:57:16,661 root                INFO: Train: Epoch   9: train loss 0.0072
2022-01-21 15:57:18,422 root                INFO: Valid: Epoch   9: kendall tau 0.4589 0.5389; loss 0.01388 0.005659
2022-01-21 15:57:20,400 root                INFO: Train: Epoch  10: train loss 0.0069
2022-01-21 15:57:22,310 root                INFO: Valid: Epoch  10: kendall tau 0.4340 0.5571; loss 0.01526 0.005409
2022-01-21 15:57:24,316 root                INFO: Train: Epoch  11: train loss 0.0065
2022-01-21 15:57:26,142 root                INFO: Valid: Epoch  11: kendall tau 0.4515 0.5917; loss 0.01322 0.005041
2022-01-21 15:57:28,070 root                INFO: Train: Epoch  12: train loss 0.0063
2022-01-21 15:57:29,944 root                INFO: Valid: Epoch  12: kendall tau 0.4640 0.5709; loss 0.01426 0.006546
2022-01-21 15:57:31,970 root                INFO: Train: Epoch  13: train loss 0.0060
2022-01-21 15:57:33,801 root                INFO: Valid: Epoch  13: kendall tau 0.4698 0.5903; loss 0.01388 0.005426
2022-01-21 15:57:35,740 root                INFO: Train: Epoch  14: train loss 0.0058
2022-01-21 15:57:37,677 root                INFO: Valid: Epoch  14: kendall tau 0.4963 0.5908; loss 0.009591 0.005056
2022-01-21 15:57:39,655 root                INFO: Train: Epoch  15: train loss 0.0058
2022-01-21 15:57:41,459 root                INFO: Valid: Epoch  15: kendall tau 0.4626 0.6020; loss 0.01252 0.004921
2022-01-21 15:57:43,544 root                INFO: Train: Epoch  16: train loss 0.0054
2022-01-21 15:57:45,285 root                INFO: Valid: Epoch  16: kendall tau 0.4448 0.5800; loss 0.01412 0.005403
2022-01-21 15:57:47,416 root                INFO: Train: Epoch  17: train loss 0.0053
2022-01-21 15:57:49,193 root                INFO: Valid: Epoch  17: kendall tau 0.4837 0.5992; loss 0.01038 0.006328
2022-01-21 15:57:51,269 root                INFO: Train: Epoch  18: train loss 0.0052
2022-01-21 15:57:53,067 root                INFO: Valid: Epoch  18: kendall tau 0.4435 0.6148; loss 0.01233 0.005295
2022-01-21 15:57:55,261 root                INFO: Train: Epoch  19: train loss 0.0049
2022-01-21 15:57:57,109 root                INFO: Valid: Epoch  19: kendall tau 0.4361 0.5815; loss 0.01303 0.00581
2022-01-21 15:57:59,124 root                INFO: Train: Epoch  20: train loss 0.0048
2022-01-21 15:58:00,967 root                INFO: Valid: Epoch  20: kendall tau 0.4347 0.5863; loss 0.01262 0.005368
2022-01-21 15:58:02,982 root                INFO: Train: Epoch  21: train loss 0.0046
2022-01-21 15:58:04,877 root                INFO: Valid: Epoch  21: kendall tau 0.4299 0.5934; loss 0.01278 0.005701
2022-01-21 15:58:06,864 root                INFO: Train: Epoch  22: train loss 0.0049
2022-01-21 15:58:08,646 root                INFO: Valid: Epoch  22: kendall tau 0.4146 0.6090; loss 0.01399 0.005338
2022-01-21 15:58:10,590 root                INFO: Train: Epoch  23: train loss 0.0050
2022-01-21 15:58:12,482 root                INFO: Valid: Epoch  23: kendall tau 0.4288 0.6063; loss 0.01562 0.005283
2022-01-21 15:58:14,367 root                INFO: Train: Epoch  24: train loss 0.0044
2022-01-21 15:58:16,198 root                INFO: Valid: Epoch  24: kendall tau 0.4388 0.6098; loss 0.01244 0.005332
2022-01-21 15:58:18,174 root                INFO: Train: Epoch  25: train loss 0.0045
2022-01-21 15:58:20,115 root                INFO: Valid: Epoch  25: kendall tau 0.4641 0.6137; loss 0.008961 0.005161
2022-01-21 15:58:22,118 root                INFO: Train: Epoch  26: train loss 0.0045
2022-01-21 15:58:23,884 root                INFO: Valid: Epoch  26: kendall tau 0.4295 0.6182; loss 0.01236 0.005652
2022-01-21 15:58:25,883 root                INFO: Train: Epoch  27: train loss 0.0044
2022-01-21 15:58:27,623 root                INFO: Valid: Epoch  27: kendall tau 0.4459 0.6080; loss 0.01073 0.005514
2022-01-21 15:58:29,850 root                INFO: Train: Epoch  28: train loss 0.0044
2022-01-21 15:58:31,644 root                INFO: Valid: Epoch  28: kendall tau 0.4345 0.6269; loss 0.0124 0.005744
2022-01-21 15:58:33,724 root                INFO: Train: Epoch  29: train loss 0.0043
2022-01-21 15:58:35,512 root                INFO: Valid: Epoch  29: kendall tau 0.4281 0.6186; loss 0.01471 0.005715
2022-01-21 15:58:37,491 root                INFO: Train: Epoch  30: train loss 0.0043
2022-01-21 15:58:39,503 root                INFO: Valid: Epoch  30: kendall tau 0.4385 0.6306; loss 0.0155 0.005851
2022-01-21 15:58:41,523 root                INFO: Train: Epoch  31: train loss 0.0044
2022-01-21 15:58:43,265 root                INFO: Valid: Epoch  31: kendall tau 0.4498 0.6413; loss 0.0122 0.005169
2022-01-21 15:58:45,320 root                INFO: Train: Epoch  32: train loss 0.0041
2022-01-21 15:58:47,088 root                INFO: Valid: Epoch  32: kendall tau 0.4476 0.6339; loss 0.01146 0.00514
2022-01-21 15:58:49,217 root                INFO: Train: Epoch  33: train loss 0.0041
2022-01-21 15:58:50,965 root                INFO: Valid: Epoch  33: kendall tau 0.4576 0.6500; loss 0.01135 0.00484
2022-01-21 15:58:52,954 root                INFO: Train: Epoch  34: train loss 0.0045
2022-01-21 15:58:54,764 root                INFO: Valid: Epoch  34: kendall tau 0.4544 0.6495; loss 0.01245 0.00514
2022-01-21 15:58:56,765 root                INFO: Train: Epoch  35: train loss 0.0042
2022-01-21 15:58:58,674 root                INFO: Valid: Epoch  35: kendall tau 0.4278 0.6123; loss 0.01507 0.005351
2022-01-21 15:59:00,666 root                INFO: Train: Epoch  36: train loss 0.0041
2022-01-21 15:59:02,455 root                INFO: Valid: Epoch  36: kendall tau 0.4764 0.6419; loss 0.01099 0.005038
2022-01-21 15:59:04,420 root                INFO: Train: Epoch  37: train loss 0.0041
2022-01-21 15:59:06,160 root                INFO: Valid: Epoch  37: kendall tau 0.4724 0.6569; loss 0.01099 0.004937
2022-01-21 15:59:08,334 root                INFO: Train: Epoch  38: train loss 0.0040
2022-01-21 15:59:10,146 root                INFO: Valid: Epoch  38: kendall tau 0.4705 0.6615; loss 0.01103 0.004883
2022-01-21 15:59:12,078 root                INFO: Train: Epoch  39: train loss 0.0040
2022-01-21 15:59:13,817 root                INFO: Valid: Epoch  39: kendall tau 0.4729 0.6613; loss 0.01206 0.005404
2022-01-21 15:59:15,861 root                INFO: Train: Epoch  40: train loss 0.0039
2022-01-21 15:59:17,606 root                INFO: Valid: Epoch  40: kendall tau 0.4782 0.6306; loss 0.0116 0.005198
2022-01-21 15:59:19,649 root                INFO: Train: Epoch  41: train loss 0.0039
2022-01-21 15:59:21,446 root                INFO: Valid: Epoch  41: kendall tau 0.4752 0.6527; loss 0.01092 0.004947
2022-01-21 15:59:23,420 root                INFO: Train: Epoch  42: train loss 0.0041
2022-01-21 15:59:25,376 root                INFO: Valid: Epoch  42: kendall tau 0.5042 0.6677; loss 0.00979 0.004559
2022-01-21 15:59:27,409 root                INFO: Train: Epoch  43: train loss 0.0041
2022-01-21 15:59:29,277 root                INFO: Valid: Epoch  43: kendall tau 0.4992 0.6488; loss 0.00971 0.005092
2022-01-21 15:59:31,279 root                INFO: Train: Epoch  44: train loss 0.0042
2022-01-21 15:59:33,085 root                INFO: Valid: Epoch  44: kendall tau 0.5085 0.6570; loss 0.01074 0.004658
2022-01-21 15:59:35,303 root                INFO: Train: Epoch  45: train loss 0.0038
2022-01-21 15:59:37,118 root                INFO: Valid: Epoch  45: kendall tau 0.4880 0.6732; loss 0.01184 0.005242
2022-01-21 15:59:39,131 root                INFO: Train: Epoch  46: train loss 0.0040
2022-01-21 15:59:40,894 root                INFO: Valid: Epoch  46: kendall tau 0.5038 0.6508; loss 0.009462 0.004734
2022-01-21 15:59:43,032 root                INFO: Train: Epoch  47: train loss 0.0040
2022-01-21 15:59:44,826 root                INFO: Valid: Epoch  47: kendall tau 0.4972 0.6600; loss 0.009946 0.005221
2022-01-21 15:59:46,854 root                INFO: Train: Epoch  48: train loss 0.0037
2022-01-21 15:59:48,589 root                INFO: Valid: Epoch  48: kendall tau 0.5102 0.6818; loss 0.0111 0.004731
2022-01-21 15:59:50,630 root                INFO: Train: Epoch  49: train loss 0.0036
2022-01-21 15:59:52,587 root                INFO: Valid: Epoch  49: kendall tau 0.5069 0.6600; loss 0.0112 0.004544
2022-01-21 15:59:54,641 root                INFO: Train: Epoch  50: train loss 0.0037
2022-01-21 15:59:56,426 root                INFO: Valid: Epoch  50: kendall tau 0.5154 0.6809; loss 0.01222 0.00474
2022-01-21 15:59:58,471 root                INFO: Train: Epoch  51: train loss 0.0037
2022-01-21 16:00:00,418 root                INFO: Valid: Epoch  51: kendall tau 0.5229 0.6800; loss 0.009161 0.004735
2022-01-21 16:00:02,406 root                INFO: Train: Epoch  52: train loss 0.0038
2022-01-21 16:00:04,197 root                INFO: Valid: Epoch  52: kendall tau 0.5124 0.6843; loss 0.01221 0.004789
2022-01-21 16:00:06,210 root                INFO: Train: Epoch  53: train loss 0.0041
2022-01-21 16:00:08,158 root                INFO: Valid: Epoch  53: kendall tau 0.5257 0.6578; loss 0.01111 0.004675
2022-01-21 16:00:10,177 root                INFO: Train: Epoch  54: train loss 0.0036
2022-01-21 16:00:11,977 root                INFO: Valid: Epoch  54: kendall tau 0.5185 0.6776; loss 0.01015 0.004693
2022-01-21 16:00:13,950 root                INFO: Train: Epoch  55: train loss 0.0037
2022-01-21 16:00:15,681 root                INFO: Valid: Epoch  55: kendall tau 0.5258 0.6725; loss 0.009733 0.00453
2022-01-21 16:00:17,834 root                INFO: Train: Epoch  56: train loss 0.0035
2022-01-21 16:00:19,585 root                INFO: Valid: Epoch  56: kendall tau 0.5162 0.6699; loss 0.01098 0.005356
2022-01-21 16:00:21,549 root                INFO: Train: Epoch  57: train loss 0.0037
2022-01-21 16:00:23,388 root                INFO: Valid: Epoch  57: kendall tau 0.5167 0.6758; loss 0.009519 0.00444
2022-01-21 16:00:25,404 root                INFO: Train: Epoch  58: train loss 0.0036
2022-01-21 16:00:27,286 root                INFO: Valid: Epoch  58: kendall tau 0.5338 0.6377; loss 0.008732 0.004631
2022-01-21 16:00:29,210 root                INFO: Train: Epoch  59: train loss 0.0036
2022-01-21 16:00:30,994 root                INFO: Valid: Epoch  59: kendall tau 0.5371 0.6540; loss 0.008678 0.004715
2022-01-21 16:00:32,994 root                INFO: Train: Epoch  60: train loss 0.0036
2022-01-21 16:00:34,781 root                INFO: Valid: Epoch  60: kendall tau 0.5400 0.6402; loss 0.01108 0.004961
2022-01-21 16:00:36,949 root                INFO: Train: Epoch  61: train loss 0.0037
2022-01-21 16:00:38,858 root                INFO: Valid: Epoch  61: kendall tau 0.5508 0.6583; loss 0.01069 0.00459
2022-01-21 16:00:40,876 root                INFO: Train: Epoch  62: train loss 0.0034
2022-01-21 16:00:42,622 root                INFO: Valid: Epoch  62: kendall tau 0.5403 0.6497; loss 0.01057 0.004761
2022-01-21 16:00:44,861 root                INFO: Train: Epoch  63: train loss 0.0035
2022-01-21 16:00:46,724 root                INFO: Valid: Epoch  63: kendall tau 0.5341 0.6449; loss 0.01141 0.005017
2022-01-21 16:00:48,775 root                INFO: Train: Epoch  64: train loss 0.0033
2022-01-21 16:00:50,596 root                INFO: Valid: Epoch  64: kendall tau 0.5549 0.6675; loss 0.01034 0.004575
2022-01-21 16:00:52,565 root                INFO: Train: Epoch  65: train loss 0.0034
2022-01-21 16:00:54,510 root                INFO: Valid: Epoch  65: kendall tau 0.5308 0.6193; loss 0.009734 0.004772
2022-01-21 16:00:56,625 root                INFO: Train: Epoch  66: train loss 0.0034
2022-01-21 16:00:58,375 root                INFO: Valid: Epoch  66: kendall tau 0.5401 0.6829; loss 0.0123 0.005063
2022-01-21 16:01:00,354 root                INFO: Train: Epoch  67: train loss 0.0035
2022-01-21 16:01:02,162 root                INFO: Valid: Epoch  67: kendall tau 0.5608 0.7028; loss 0.009405 0.004658
2022-01-21 16:01:04,262 root                INFO: Train: Epoch  68: train loss 0.0035
2022-01-21 16:01:06,025 root                INFO: Valid: Epoch  68: kendall tau 0.5445 0.6492; loss 0.009916 0.004396
2022-01-21 16:01:07,984 root                INFO: Train: Epoch  69: train loss 0.0035
2022-01-21 16:01:09,743 root                INFO: Valid: Epoch  69: kendall tau 0.5594 0.6503; loss 0.01183 0.005324
2022-01-21 16:01:11,928 root                INFO: Train: Epoch  70: train loss 0.0036
2022-01-21 16:01:13,678 root                INFO: Valid: Epoch  70: kendall tau 0.5352 0.6395; loss 0.01078 0.005011
2022-01-21 16:01:15,663 root                INFO: Train: Epoch  71: train loss 0.0033
2022-01-21 16:01:17,376 root                INFO: Valid: Epoch  71: kendall tau 0.5432 0.6607; loss 0.00969 0.004624
2022-01-21 16:01:19,366 root                INFO: Train: Epoch  72: train loss 0.0032
2022-01-21 16:01:21,248 root                INFO: Valid: Epoch  72: kendall tau 0.5351 0.6444; loss 0.00995 0.005011
2022-01-21 16:01:23,337 root                INFO: Train: Epoch  73: train loss 0.0032
2022-01-21 16:01:25,096 root                INFO: Valid: Epoch  73: kendall tau 0.5491 0.6592; loss 0.009388 0.005638
2022-01-21 16:01:26,969 root                INFO: Train: Epoch  74: train loss 0.0032
2022-01-21 16:01:28,718 root                INFO: Valid: Epoch  74: kendall tau 0.5239 0.6825; loss 0.01073 0.005084
2022-01-21 16:01:30,863 root                INFO: Train: Epoch  75: train loss 0.0032
2022-01-21 16:01:32,610 root                INFO: Valid: Epoch  75: kendall tau 0.5504 0.6366; loss 0.009946 0.005331
2022-01-21 16:01:34,585 root                INFO: Train: Epoch  76: train loss 0.0031
2022-01-21 16:01:36,407 root                INFO: Valid: Epoch  76: kendall tau 0.5431 0.6927; loss 0.009894 0.004825
2022-01-21 16:01:38,457 root                INFO: Train: Epoch  77: train loss 0.0032
2022-01-21 16:01:40,209 root                INFO: Valid: Epoch  77: kendall tau 0.5413 0.6618; loss 0.009523 0.004378
2022-01-21 16:01:42,193 root                INFO: Train: Epoch  78: train loss 0.0036
2022-01-21 16:01:43,932 root                INFO: Valid: Epoch  78: kendall tau 0.5560 0.6528; loss 0.009966 0.004502
2022-01-21 16:01:46,083 root                INFO: Train: Epoch  79: train loss 0.0038
2022-01-21 16:01:47,825 root                INFO: Valid: Epoch  79: kendall tau 0.5197 0.6015; loss 0.01013 0.005135
2022-01-21 16:01:49,820 root                INFO: Train: Epoch  80: train loss 0.0033
2022-01-21 16:01:51,707 root                INFO: Valid: Epoch  80: kendall tau 0.5542 0.6792; loss 0.01017 0.00467
2022-01-21 16:01:53,591 root                INFO: Train: Epoch  81: train loss 0.0031
2022-01-21 16:01:55,445 root                INFO: Valid: Epoch  81: kendall tau 0.5707 0.6913; loss 0.008554 0.004647
2022-01-21 16:01:57,481 root                INFO: Train: Epoch  82: train loss 0.0032
2022-01-21 16:01:59,220 root                INFO: Valid: Epoch  82: kendall tau 0.5707 0.6624; loss 0.009655 0.004769
2022-01-21 16:02:01,138 root                INFO: Train: Epoch  83: train loss 0.0032
2022-01-21 16:02:03,175 root                INFO: Valid: Epoch  83: kendall tau 0.5665 0.6500; loss 0.008228 0.004521
2022-01-21 16:02:05,183 root                INFO: Train: Epoch  84: train loss 0.0031
2022-01-21 16:02:06,895 root                INFO: Valid: Epoch  84: kendall tau 0.5574 0.6539; loss 0.01081 0.004742
2022-01-21 16:02:08,952 root                INFO: Train: Epoch  85: train loss 0.0030
2022-01-21 16:02:10,722 root                INFO: Valid: Epoch  85: kendall tau 0.5584 0.6721; loss 0.008122 0.004752
2022-01-21 16:02:12,883 root                INFO: Train: Epoch  86: train loss 0.0032
2022-01-21 16:02:14,656 root                INFO: Valid: Epoch  86: kendall tau 0.5450 0.6415; loss 0.01183 0.00535
2022-01-21 16:02:16,678 root                INFO: Train: Epoch  87: train loss 0.0031
2022-01-21 16:02:18,381 root                INFO: Valid: Epoch  87: kendall tau 0.5598 0.6828; loss 0.008968 0.004673
2022-01-21 16:02:20,394 root                INFO: Train: Epoch  88: train loss 0.0031
2022-01-21 16:02:22,286 root                INFO: Valid: Epoch  88: kendall tau 0.5428 0.6661; loss 0.009741 0.004815
2022-01-21 16:02:24,292 root                INFO: Train: Epoch  89: train loss 0.0030
2022-01-21 16:02:26,151 root                INFO: Valid: Epoch  89: kendall tau 0.5685 0.6856; loss 0.008213 0.004578
2022-01-21 16:02:28,165 root                INFO: Train: Epoch  90: train loss 0.0032
2022-01-21 16:02:29,980 root                INFO: Valid: Epoch  90: kendall tau 0.5396 0.6608; loss 0.01229 0.005418
2022-01-21 16:02:32,105 root                INFO: Train: Epoch  91: train loss 0.0032
2022-01-21 16:02:33,925 root                INFO: Valid: Epoch  91: kendall tau 0.5541 0.6742; loss 0.01018 0.005054
2022-01-21 16:02:35,869 root                INFO: Train: Epoch  92: train loss 0.0031
2022-01-21 16:02:37,620 root                INFO: Valid: Epoch  92: kendall tau 0.5497 0.6706; loss 0.0115 0.005147
2022-01-21 16:02:39,563 root                INFO: Train: Epoch  93: train loss 0.0030
2022-01-21 16:02:41,480 root                INFO: Valid: Epoch  93: kendall tau 0.5611 0.6948; loss 0.01009 0.004843
2022-01-21 16:02:43,498 root                INFO: Train: Epoch  94: train loss 0.0029
2022-01-21 16:02:45,245 root                INFO: Valid: Epoch  94: kendall tau 0.5418 0.6771; loss 0.008828 0.005041
2022-01-21 16:02:47,256 root                INFO: Train: Epoch  95: train loss 0.0029
2022-01-21 16:02:49,024 root                INFO: Valid: Epoch  95: kendall tau 0.5677 0.6460; loss 0.009433 0.00541
2022-01-21 16:02:51,257 root                INFO: Train: Epoch  96: train loss 0.0030
2022-01-21 16:02:52,985 root                INFO: Valid: Epoch  96: kendall tau 0.5647 0.6897; loss 0.009867 0.004732
2022-01-21 16:02:54,950 root                INFO: Train: Epoch  97: train loss 0.0030
2022-01-21 16:02:56,739 root                INFO: Valid: Epoch  97: kendall tau 0.5748 0.6846; loss 0.008098 0.004583
2022-01-21 16:02:58,873 root                INFO: Train: Epoch  98: train loss 0.0030
2022-01-21 16:03:00,681 root                INFO: Valid: Epoch  98: kendall tau 0.5667 0.6730; loss 0.009823 0.004816
2022-01-21 16:03:02,733 root                INFO: Train: Epoch  99: train loss 0.0028
2022-01-21 16:03:04,533 root                INFO: Valid: Epoch  99: kendall tau 0.5583 0.6857; loss 0.008799 0.004882
2022-01-21 16:03:06,695 root                INFO: Train: Epoch 100: train loss 0.0028
2022-01-21 16:03:08,440 root                INFO: Valid: Epoch 100: kendall tau 0.5567 0.6626; loss 0.01053 0.005071
2022-01-21 16:03:10,384 root                INFO: Train: Epoch 101: train loss 0.0028
2022-01-21 16:03:12,181 root                INFO: Valid: Epoch 101: kendall tau 0.5701 0.6531; loss 0.008182 0.005076
2022-01-21 16:03:14,295 root                INFO: Train: Epoch 102: train loss 0.0031
2022-01-21 16:03:16,037 root                INFO: Valid: Epoch 102: kendall tau 0.5335 0.6645; loss 0.01185 0.005538
2022-01-21 16:03:18,036 root                INFO: Train: Epoch 103: train loss 0.0029
2022-01-21 16:03:19,806 root                INFO: Valid: Epoch 103: kendall tau 0.5571 0.6912; loss 0.008155 0.004493
2022-01-21 16:03:21,971 root                INFO: Train: Epoch 104: train loss 0.0027
2022-01-21 16:03:23,829 root                INFO: Valid: Epoch 104: kendall tau 0.5583 0.6768; loss 0.01025 0.005048
2022-01-21 16:03:25,802 root                INFO: Train: Epoch 105: train loss 0.0029
2022-01-21 16:03:27,591 root                INFO: Valid: Epoch 105: kendall tau 0.5411 0.6427; loss 0.009297 0.005002
2022-01-21 16:03:29,717 root                INFO: Train: Epoch 106: train loss 0.0029
2022-01-21 16:03:31,548 root                INFO: Valid: Epoch 106: kendall tau 0.5638 0.6546; loss 0.01036 0.005038
2022-01-21 16:03:33,571 root                INFO: Train: Epoch 107: train loss 0.0029
2022-01-21 16:03:35,414 root                INFO: Valid: Epoch 107: kendall tau 0.5751 0.6544; loss 0.008589 0.005031
2022-01-21 16:03:37,403 root                INFO: Train: Epoch 108: train loss 0.0028
2022-01-21 16:03:39,388 root                INFO: Valid: Epoch 108: kendall tau 0.5599 0.6588; loss 0.009457 0.00471
2022-01-21 16:03:41,353 root                INFO: Train: Epoch 109: train loss 0.0028
2022-01-21 16:03:43,161 root                INFO: Valid: Epoch 109: kendall tau 0.5518 0.6698; loss 0.01056 0.005248
2022-01-21 16:03:45,147 root                INFO: Train: Epoch 110: train loss 0.0028
2022-01-21 16:03:46,886 root                INFO: Valid: Epoch 110: kendall tau 0.5682 0.6714; loss 0.008459 0.004732
2022-01-21 16:03:48,967 root                INFO: Train: Epoch 111: train loss 0.0028
2022-01-21 16:03:50,757 root                INFO: Valid: Epoch 111: kendall tau 0.5676 0.6528; loss 0.008442 0.005042
2022-01-21 16:03:52,840 root                INFO: Train: Epoch 112: train loss 0.0027
2022-01-21 16:03:54,694 root                INFO: Valid: Epoch 112: kendall tau 0.5896 0.6799; loss 0.008442 0.00535
2022-01-21 16:03:56,871 root                INFO: Train: Epoch 113: train loss 0.0028
2022-01-21 16:03:58,695 root                INFO: Valid: Epoch 113: kendall tau 0.5711 0.6640; loss 0.007766 0.004724
2022-01-21 16:04:00,735 root                INFO: Train: Epoch 114: train loss 0.0029
2022-01-21 16:04:02,577 root                INFO: Valid: Epoch 114: kendall tau 0.5601 0.6528; loss 0.01026 0.00513
2022-01-21 16:04:04,633 root                INFO: Train: Epoch 115: train loss 0.0027
2022-01-21 16:04:06,559 root                INFO: Valid: Epoch 115: kendall tau 0.5543 0.6347; loss 0.009551 0.004916
2022-01-21 16:04:08,708 root                INFO: Train: Epoch 116: train loss 0.0026
2022-01-21 16:04:10,595 root                INFO: Valid: Epoch 116: kendall tau 0.5594 0.6530; loss 0.009035 0.005111
2022-01-21 16:04:12,629 root                INFO: Train: Epoch 117: train loss 0.0026
2022-01-21 16:04:14,384 root                INFO: Valid: Epoch 117: kendall tau 0.5577 0.6452; loss 0.01127 0.005256
2022-01-21 16:04:16,511 root                INFO: Train: Epoch 118: train loss 0.0027
2022-01-21 16:04:18,309 root                INFO: Valid: Epoch 118: kendall tau 0.5715 0.6446; loss 0.007871 0.004743
2022-01-21 16:04:20,333 root                INFO: Train: Epoch 119: train loss 0.0028
2022-01-21 16:04:22,178 root                INFO: Valid: Epoch 119: kendall tau 0.5648 0.6624; loss 0.008165 0.00498
2022-01-21 16:04:24,282 root                INFO: Train: Epoch 120: train loss 0.0029
2022-01-21 16:04:26,108 root                INFO: Valid: Epoch 120: kendall tau 0.5451 0.6352; loss 0.01059 0.005536
2022-01-21 16:04:28,102 root                INFO: Train: Epoch 121: train loss 0.0028
2022-01-21 16:04:29,854 root                INFO: Valid: Epoch 121: kendall tau 0.5517 0.6476; loss 0.007793 0.005149
2022-01-21 16:04:32,013 root                INFO: Train: Epoch 122: train loss 0.0028
2022-01-21 16:04:33,765 root                INFO: Valid: Epoch 122: kendall tau 0.5341 0.6858; loss 0.0105 0.004915
2022-01-21 16:04:35,754 root                INFO: Train: Epoch 123: train loss 0.0026
2022-01-21 16:04:37,563 root                INFO: Valid: Epoch 123: kendall tau 0.5465 0.6816; loss 0.01047 0.005372
2022-01-21 16:04:39,588 root                INFO: Train: Epoch 124: train loss 0.0026
2022-01-21 16:04:41,569 root                INFO: Valid: Epoch 124: kendall tau 0.5688 0.6609; loss 0.008544 0.005008
2022-01-21 16:04:43,588 root                INFO: Train: Epoch 125: train loss 0.0025
2022-01-21 16:04:45,357 root                INFO: Valid: Epoch 125: kendall tau 0.5585 0.6420; loss 0.008755 0.005014
2022-01-21 16:04:47,250 root                INFO: Train: Epoch 126: train loss 0.0026
2022-01-21 16:04:49,013 root                INFO: Valid: Epoch 126: kendall tau 0.5434 0.6350; loss 0.01072 0.005128
2022-01-21 16:04:51,189 root                INFO: Train: Epoch 127: train loss 0.0025
2022-01-21 16:04:52,949 root                INFO: Valid: Epoch 127: kendall tau 0.5585 0.6232; loss 0.008935 0.005119
2022-01-21 16:04:54,927 root                INFO: Train: Epoch 128: train loss 0.0026
2022-01-21 16:04:56,661 root                INFO: Valid: Epoch 128: kendall tau 0.5608 0.6642; loss 0.009337 0.005508
2022-01-21 16:04:58,751 root                INFO: Train: Epoch 129: train loss 0.0025
2022-01-21 16:05:00,467 root                INFO: Valid: Epoch 129: kendall tau 0.5465 0.6347; loss 0.009849 0.005119
2022-01-21 16:05:02,425 root                INFO: Train: Epoch 130: train loss 0.0025
2022-01-21 16:05:04,241 root                INFO: Valid: Epoch 130: kendall tau 0.5603 0.6697; loss 0.009141 0.005114
2022-01-21 16:05:06,328 root                INFO: Train: Epoch 131: train loss 0.0025
2022-01-21 16:05:08,060 root                INFO: Valid: Epoch 131: kendall tau 0.5573 0.6454; loss 0.009271 0.005122
2022-01-21 16:05:10,065 root                INFO: Train: Epoch 132: train loss 0.0025
2022-01-21 16:05:11,863 root                INFO: Valid: Epoch 132: kendall tau 0.5516 0.6441; loss 0.00968 0.005195
2022-01-21 16:05:13,810 root                INFO: Train: Epoch 133: train loss 0.0024
2022-01-21 16:05:15,669 root                INFO: Valid: Epoch 133: kendall tau 0.5534 0.6456; loss 0.009092 0.005065
2022-01-21 16:05:17,639 root                INFO: Train: Epoch 134: train loss 0.0025
2022-01-21 16:05:19,336 root                INFO: Valid: Epoch 134: kendall tau 0.5506 0.6609; loss 0.008689 0.005601
2022-01-21 16:05:21,303 root                INFO: Train: Epoch 135: train loss 0.0025
2022-01-21 16:05:23,010 root                INFO: Valid: Epoch 135: kendall tau 0.5636 0.6727; loss 0.00941 0.004964
2022-01-21 16:05:25,178 root                INFO: Train: Epoch 136: train loss 0.0024
2022-01-21 16:05:26,954 root                INFO: Valid: Epoch 136: kendall tau 0.5686 0.6646; loss 0.008064 0.004949
2022-01-21 16:05:28,879 root                INFO: Train: Epoch 137: train loss 0.0024
2022-01-21 16:05:30,599 root                INFO: Valid: Epoch 137: kendall tau 0.5253 0.6663; loss 0.01128 0.005434
2022-01-21 16:05:32,522 root                INFO: Train: Epoch 138: train loss 0.0025
2022-01-21 16:05:34,458 root                INFO: Valid: Epoch 138: kendall tau 0.5521 0.6817; loss 0.009387 0.005464
2022-01-21 16:05:36,470 root                INFO: Train: Epoch 139: train loss 0.0025
2022-01-21 16:05:38,214 root                INFO: Valid: Epoch 139: kendall tau 0.5371 0.6620; loss 0.01078 0.005282
2022-01-21 16:05:40,208 root                INFO: Train: Epoch 140: train loss 0.0024
2022-01-21 16:05:42,057 root                INFO: Valid: Epoch 140: kendall tau 0.5473 0.6514; loss 0.009401 0.005058
2022-01-21 16:05:44,003 root                INFO: Train: Epoch 141: train loss 0.0024
2022-01-21 16:05:45,803 root                INFO: Valid: Epoch 141: kendall tau 0.5378 0.6604; loss 0.01149 0.005533
2022-01-21 16:05:47,727 root                INFO: Train: Epoch 142: train loss 0.0025
2022-01-21 16:05:49,597 root                INFO: Valid: Epoch 142: kendall tau 0.5519 0.6620; loss 0.009574 0.005252
2022-01-21 16:05:51,502 root                INFO: Train: Epoch 143: train loss 0.0024
2022-01-21 16:05:53,245 root                INFO: Valid: Epoch 143: kendall tau 0.5721 0.6647; loss 0.009993 0.005103
2022-01-21 16:05:55,305 root                INFO: Train: Epoch 144: train loss 0.0024
2022-01-21 16:05:57,106 root                INFO: Valid: Epoch 144: kendall tau 0.5547 0.6747; loss 0.008446 0.00523
2022-01-21 16:05:59,254 root                INFO: Train: Epoch 145: train loss 0.0024
2022-01-21 16:06:01,023 root                INFO: Valid: Epoch 145: kendall tau 0.5237 0.6520; loss 0.01059 0.005504
2022-01-21 16:06:03,022 root                INFO: Train: Epoch 146: train loss 0.0023
2022-01-21 16:06:04,796 root                INFO: Valid: Epoch 146: kendall tau 0.5486 0.6629; loss 0.009112 0.004813
2022-01-21 16:06:06,787 root                INFO: Train: Epoch 147: train loss 0.0023
2022-01-21 16:06:08,757 root                INFO: Valid: Epoch 147: kendall tau 0.5427 0.6928; loss 0.01076 0.005447
2022-01-21 16:06:10,715 root                INFO: Train: Epoch 148: train loss 0.0023
2022-01-21 16:06:12,462 root                INFO: Valid: Epoch 148: kendall tau 0.5570 0.6852; loss 0.008471 0.005052
2022-01-21 16:06:14,453 root                INFO: Train: Epoch 149: train loss 0.0023
2022-01-21 16:06:16,423 root                INFO: Valid: Epoch 149: kendall tau 0.5502 0.6948; loss 0.009937 0.005345
2022-01-21 16:06:18,425 root                INFO: Train: Epoch 150: train loss 0.0023
2022-01-21 16:06:20,172 root                INFO: Valid: Epoch 150: kendall tau 0.5605 0.6743; loss 0.008897 0.005167
2022-01-21 16:06:22,122 root                INFO: Train: Epoch 151: train loss 0.0024
2022-01-21 16:06:23,967 root                INFO: Valid: Epoch 151: kendall tau 0.5495 0.6705; loss 0.01012 0.005415
2022-01-21 16:06:25,934 root                INFO: Train: Epoch 152: train loss 0.0023
2022-01-21 16:06:27,724 root                INFO: Valid: Epoch 152: kendall tau 0.5249 0.6907; loss 0.01108 0.005307
2022-01-21 16:06:29,714 root                INFO: Train: Epoch 153: train loss 0.0023
2022-01-21 16:06:31,467 root                INFO: Valid: Epoch 153: kendall tau 0.5388 0.6755; loss 0.01043 0.005396
2022-01-21 16:06:33,647 root                INFO: Train: Epoch 154: train loss 0.0024
2022-01-21 16:06:35,409 root                INFO: Valid: Epoch 154: kendall tau 0.5360 0.6857; loss 0.009256 0.004987
2022-01-21 16:06:37,368 root                INFO: Train: Epoch 155: train loss 0.0030
2022-01-21 16:06:39,056 root                INFO: Valid: Epoch 155: kendall tau 0.5175 0.6727; loss 0.01136 0.006216
2022-01-21 16:06:41,008 root                INFO: Train: Epoch 156: train loss 0.0030
2022-01-21 16:06:42,878 root                INFO: Valid: Epoch 156: kendall tau 0.5362 0.6944; loss 0.009661 0.005027
2022-01-21 16:06:44,801 root                INFO: Train: Epoch 157: train loss 0.0027
2022-01-21 16:06:46,477 root                INFO: Valid: Epoch 157: kendall tau 0.5435 0.6652; loss 0.009369 0.005491
2022-01-21 16:06:48,421 root                INFO: Train: Epoch 158: train loss 0.0024
2022-01-21 16:06:50,110 root                INFO: Valid: Epoch 158: kendall tau 0.5278 0.6671; loss 0.01099 0.00525
2022-01-21 16:06:52,101 root                INFO: Train: Epoch 159: train loss 0.0023
2022-01-21 16:06:53,802 root                INFO: Valid: Epoch 159: kendall tau 0.5399 0.6737; loss 0.0092 0.00557
2022-01-21 16:06:55,685 root                INFO: Train: Epoch 160: train loss 0.0023
2022-01-21 16:06:57,403 root                INFO: Valid: Epoch 160: kendall tau 0.5321 0.6913; loss 0.01017 0.0052
2022-01-21 16:06:59,270 root                INFO: Train: Epoch 161: train loss 0.0024
2022-01-21 16:07:01,145 root                INFO: Valid: Epoch 161: kendall tau 0.5376 0.6858; loss 0.0095 0.005445
2022-01-21 16:07:03,077 root                INFO: Train: Epoch 162: train loss 0.0024
2022-01-21 16:07:04,780 root                INFO: Valid: Epoch 162: kendall tau 0.5466 0.6996; loss 0.0101 0.004989
2022-01-21 16:07:06,724 root                INFO: Train: Epoch 163: train loss 0.0022
2022-01-21 16:07:08,441 root                INFO: Valid: Epoch 163: kendall tau 0.5338 0.6772; loss 0.0115 0.005531
2022-01-21 16:07:10,498 root                INFO: Train: Epoch 164: train loss 0.0022
2022-01-21 16:07:12,205 root                INFO: Valid: Epoch 164: kendall tau 0.5532 0.6939; loss 0.008877 0.005541
2022-01-21 16:07:14,177 root                INFO: Train: Epoch 165: train loss 0.0022
2022-01-21 16:07:15,885 root                INFO: Valid: Epoch 165: kendall tau 0.5233 0.6794; loss 0.01125 0.005266
2022-01-21 16:07:17,937 root                INFO: Train: Epoch 166: train loss 0.0021
2022-01-21 16:07:19,627 root                INFO: Valid: Epoch 166: kendall tau 0.5359 0.6898; loss 0.009959 0.00542
2022-01-21 16:07:21,525 root                INFO: Train: Epoch 167: train loss 0.0022
2022-01-21 16:07:23,259 root                INFO: Valid: Epoch 167: kendall tau 0.5410 0.7025; loss 0.009001 0.005191
2022-01-21 16:07:25,115 root                INFO: Train: Epoch 168: train loss 0.0023
2022-01-21 16:07:26,902 root                INFO: Valid: Epoch 168: kendall tau 0.5094 0.6888; loss 0.0106 0.005542
2022-01-21 16:07:28,784 root                INFO: Train: Epoch 169: train loss 0.0021
2022-01-21 16:07:30,507 root                INFO: Valid: Epoch 169: kendall tau 0.5127 0.6820; loss 0.01054 0.005842
2022-01-21 16:07:32,394 root                INFO: Train: Epoch 170: train loss 0.0021
2022-01-21 16:07:34,253 root                INFO: Valid: Epoch 170: kendall tau 0.5549 0.6857; loss 0.008652 0.005124
2022-01-21 16:07:36,208 root                INFO: Train: Epoch 171: train loss 0.0021
2022-01-21 16:07:37,922 root                INFO: Valid: Epoch 171: kendall tau 0.5386 0.6840; loss 0.01001 0.005423
2022-01-21 16:07:39,877 root                INFO: Train: Epoch 172: train loss 0.0021
2022-01-21 16:07:41,687 root                INFO: Valid: Epoch 172: kendall tau 0.5254 0.6812; loss 0.01039 0.005629
2022-01-21 16:07:43,589 root                INFO: Train: Epoch 173: train loss 0.0022
2022-01-21 16:07:45,251 root                INFO: Valid: Epoch 173: kendall tau 0.5020 0.6818; loss 0.01068 0.005756
2022-01-21 16:07:47,181 root                INFO: Train: Epoch 174: train loss 0.0022
2022-01-21 16:07:48,995 root                INFO: Valid: Epoch 174: kendall tau 0.5129 0.6825; loss 0.01227 0.005513
2022-01-21 16:07:50,855 root                INFO: Train: Epoch 175: train loss 0.0021
2022-01-21 16:07:52,500 root                INFO: Valid: Epoch 175: kendall tau 0.5229 0.6803; loss 0.01053 0.005583
2022-01-21 16:07:54,393 root                INFO: Train: Epoch 176: train loss 0.0022
2022-01-21 16:07:56,185 root                INFO: Valid: Epoch 176: kendall tau 0.5473 0.6924; loss 0.009273 0.00528
2022-01-21 16:07:58,070 root                INFO: Train: Epoch 177: train loss 0.0022
2022-01-21 16:07:59,771 root                INFO: Valid: Epoch 177: kendall tau 0.5253 0.6905; loss 0.009596 0.005423
2022-01-21 16:08:01,668 root                INFO: Train: Epoch 178: train loss 0.0022
2022-01-21 16:08:03,445 root                INFO: Valid: Epoch 178: kendall tau 0.5288 0.6803; loss 0.01143 0.005722
2022-01-21 16:08:05,482 root                INFO: Train: Epoch 179: train loss 0.0026
2022-01-21 16:08:07,160 root                INFO: Valid: Epoch 179: kendall tau 0.5273 0.6706; loss 0.01008 0.005641
2022-01-21 16:08:09,063 root                INFO: Train: Epoch 180: train loss 0.0022
2022-01-21 16:08:10,765 root                INFO: Valid: Epoch 180: kendall tau 0.5211 0.6863; loss 0.01071 0.005381
2022-01-21 16:08:12,756 root                INFO: Train: Epoch 181: train loss 0.0022
2022-01-21 16:08:14,467 root                INFO: Valid: Epoch 181: kendall tau 0.5212 0.7022; loss 0.009581 0.00498
2022-01-21 16:08:16,388 root                INFO: Train: Epoch 182: train loss 0.0020
2022-01-21 16:08:18,126 root                INFO: Valid: Epoch 182: kendall tau 0.5158 0.6919; loss 0.01041 0.006383
2022-01-21 16:08:20,012 root                INFO: Train: Epoch 183: train loss 0.0023
2022-01-21 16:08:21,644 root                INFO: Valid: Epoch 183: kendall tau 0.5234 0.6903; loss 0.009986 0.005383
2022-01-21 16:08:23,582 root                INFO: Train: Epoch 184: train loss 0.0020
2022-01-21 16:08:25,270 root                INFO: Valid: Epoch 184: kendall tau 0.5296 0.6957; loss 0.009466 0.005309
2022-01-21 16:08:27,125 root                INFO: Train: Epoch 185: train loss 0.0021
2022-01-21 16:08:28,825 root                INFO: Valid: Epoch 185: kendall tau 0.5375 0.6920; loss 0.009325 0.005525
2022-01-21 16:08:30,841 root                INFO: Train: Epoch 186: train loss 0.0020
2022-01-21 16:08:32,504 root                INFO: Valid: Epoch 186: kendall tau 0.5375 0.6864; loss 0.009383 0.005426
2022-01-21 16:08:34,401 root                INFO: Train: Epoch 187: train loss 0.0021
2022-01-21 16:08:36,095 root                INFO: Valid: Epoch 187: kendall tau 0.5226 0.6739; loss 0.01087 0.005608
2022-01-21 16:08:38,194 root                INFO: Train: Epoch 188: train loss 0.0020
2022-01-21 16:08:39,877 root                INFO: Valid: Epoch 188: kendall tau 0.5237 0.6910; loss 0.00993 0.005828
2022-01-21 16:08:41,813 root                INFO: Train: Epoch 189: train loss 0.0020
2022-01-21 16:08:43,529 root                INFO: Valid: Epoch 189: kendall tau 0.5263 0.6977; loss 0.009555 0.005504
2022-01-21 16:08:45,560 root                INFO: Train: Epoch 190: train loss 0.0020
2022-01-21 16:08:47,240 root                INFO: Valid: Epoch 190: kendall tau 0.5214 0.6975; loss 0.011 0.005487
2022-01-21 16:08:49,137 root                INFO: Train: Epoch 191: train loss 0.0020
2022-01-21 16:08:50,845 root                INFO: Valid: Epoch 191: kendall tau 0.5201 0.6961; loss 0.01 0.005332
2022-01-21 16:08:52,727 root                INFO: Train: Epoch 192: train loss 0.0021
2022-01-21 16:08:54,548 root                INFO: Valid: Epoch 192: kendall tau 0.5267 0.6986; loss 0.009432 0.005515
2022-01-21 16:08:56,429 root                INFO: Train: Epoch 193: train loss 0.0021
2022-01-21 16:08:58,123 root                INFO: Valid: Epoch 193: kendall tau 0.5007 0.6980; loss 0.01323 0.005619
2022-01-21 16:09:00,004 root                INFO: Train: Epoch 194: train loss 0.0021
2022-01-21 16:09:01,690 root                INFO: Valid: Epoch 194: kendall tau 0.5267 0.6812; loss 0.009579 0.005514
2022-01-21 16:09:03,770 root                INFO: Train: Epoch 195: train loss 0.0020
2022-01-21 16:09:05,446 root                INFO: Valid: Epoch 195: kendall tau 0.5339 0.6833; loss 0.01057 0.005281
2022-01-21 16:09:07,330 root                INFO: Train: Epoch 196: train loss 0.0019
2022-01-21 16:09:09,060 root                INFO: Valid: Epoch 196: kendall tau 0.5424 0.6959; loss 0.00939 0.005738
2022-01-21 16:09:10,991 root                INFO: Train: Epoch 197: train loss 0.0019
2022-01-21 16:09:12,735 root                INFO: Valid: Epoch 197: kendall tau 0.5289 0.6954; loss 0.01043 0.005637
2022-01-21 16:09:14,831 root                INFO: Train: Epoch 198: train loss 0.0019
2022-01-21 16:09:16,537 root                INFO: Valid: Epoch 198: kendall tau 0.5307 0.6856; loss 0.01044 0.005698
2022-01-21 16:09:18,433 root                INFO: Train: Epoch 199: train loss 0.0019
2022-01-21 16:09:20,164 root                INFO: Valid: Epoch 199: kendall tau 0.5345 0.6983; loss 0.009816 0.005759
2022-01-21 16:09:22,169 root                INFO: Train: Epoch 200: train loss 0.0019
2022-01-21 16:09:23,883 root                INFO: Valid: Epoch 200: kendall tau 0.5189 0.6988; loss 0.01019 0.00557
2022-01-21 16:09:23,889 root                INFO: Epoch 200: Save checkpoint to nb1shot1_anytime_tagates/tagates_1/1/21/200.ckpt
2022-01-21 16:09:25,577 root                INFO: [0.0, 0.08333333333333333, 0.1527777777777778, 0.2857142857142857, 0.411522633744856, 0.762962962962963, 1.0]
2022-01-21 16:09:25,578 root                INFO: [0.0, 0.2222222222222222, 0.25, 0.5961538461538461, 0.6515775034293553, 0.8614540466392319, 1.0]
2022-01-21 16:09:25,578 root                INFO: [39, 39]
2022-01-21 16:09:25,578 root                INFO: [36, 19]
