2022-01-20 15:53:31,700 root                INFO: GPU device = 3
2022-01-20 15:53:31,700 root                INFO: Load pkl cache from nasbench301_train.pkl and nasbench301_valid.pkl
2022-01-20 15:53:32,601 root                INFO: Config: {'arch_network_cfg': {'arch_embedder_cfg': {'take_adj_as_input': True, 'gcn_kwargs': {'residual_only': 2}, 'gcn_out_dims': [64, 64, 64, 64, 64], 'hidden_dim': 32, 'node_dim': 32, 'op_dim': 32, 'use_bn': False, 'final_concat': False, 'other_node_zero': False, 'num_time_steps': 4, 'fb_conversion_dims': [64, 64], 'backward_gcn_out_dims': [64, 64, 64, 64, 64], 'updateopemb_method': 'concat_ofb', 'updateopemb_dims': [64], 'share_skip_and_outskip': True, 'detach_vinfo': False, 'updateopemb_scale': 0.1, 'updateopemb_detach_opemb': True, 'updateopemb_detach_finfo': True, 'mask_nonparametrized_ops': True, 'symmetry_breaking_method': 'param_zs_add', 'concat_param_zs_as_opemb_dimension': 5, 'concat_param_zs_as_opemb_scale': 1.0}, 'arch_embedder_type': 'cellss-fbflow', 'compare_loss_type': 'margin_linear', 'compare_margin': 0.1, 'mlp_dropout': 0.1, 'mlp_hiddens': [200], 'optimizer': {'lr': 0.001, 'type': 'Adam'}, 'scheduler': None}, 'arch_network_type': 'pointwise_comparator', 'batch_size': 128, 'choose_pair_criterion': 'random', 'compare': True, 'compare_threshold': 0.0, 'epochs': 200, 'max_compare_ratio': 16.0}
2022-01-20 15:53:35,714 root                INFO: Combined args: Namespace(arch_network_type='pointwise_comparator', batch_size=128, cfg_file='cfgs/nb301_cfgs/gates_true_masktrue.yaml', choose_pair_criterion='random', compare=True, compare_threshold=0.0, epochs=200, eval_only_last=1, gpu=3, load=None, max_compare_ratio=16.0, num_workers=4, report_freq=200, save_every=200, save_predict=None, seed=21, test_funcs=None, test_only=False, train_dir='nb301_ablation_mask/true/true_0.005/123/21', train_pkl='../mynas/data/nasbench-301/nasbench301_train_mtx_123.pkl', train_ratio=0.005, valid_pkl='../mynas/data/nasbench-301/nasbench301_valid_mtx.pkl')
2022-01-20 15:53:35,719 root                INFO: Train dataset ratio: 0.005
2022-01-20 15:53:35,720 root                INFO: Number of architectures: train: 29; valid: 51072
2022-01-20 15:53:51,470 root                INFO: Train: Epoch   1: train loss 0.1012
2022-01-20 15:53:52,042 root                INFO: Train: Epoch   2: train loss 0.0990
2022-01-20 15:53:52,609 root                INFO: Train: Epoch   3: train loss 0.0964
2022-01-20 15:53:53,162 root                INFO: Train: Epoch   4: train loss 0.0935
2022-01-20 15:53:53,742 root                INFO: Train: Epoch   5: train loss 0.0894
2022-01-20 15:53:54,300 root                INFO: Train: Epoch   6: train loss 0.0848
2022-01-20 15:53:54,865 root                INFO: Train: Epoch   7: train loss 0.0773
2022-01-20 15:53:55,482 root                INFO: Train: Epoch   8: train loss 0.0700
2022-01-20 15:53:56,042 root                INFO: Train: Epoch   9: train loss 0.0623
2022-01-20 15:53:56,606 root                INFO: Train: Epoch  10: train loss 0.0553
2022-01-20 15:53:57,143 root                INFO: Train: Epoch  11: train loss 0.0528
2022-01-20 15:53:57,693 root                INFO: Train: Epoch  12: train loss 0.0483
2022-01-20 15:53:58,259 root                INFO: Train: Epoch  13: train loss 0.0397
2022-01-20 15:53:58,804 root                INFO: Train: Epoch  14: train loss 0.0443
2022-01-20 15:53:59,357 root                INFO: Train: Epoch  15: train loss 0.0360
2022-01-20 15:53:59,903 root                INFO: Train: Epoch  16: train loss 0.0322
2022-01-20 15:54:00,474 root                INFO: Train: Epoch  17: train loss 0.0307
2022-01-20 15:54:01,038 root                INFO: Train: Epoch  18: train loss 0.0276
2022-01-20 15:54:01,609 root                INFO: Train: Epoch  19: train loss 0.0266
2022-01-20 15:54:02,166 root                INFO: Train: Epoch  20: train loss 0.0247
2022-01-20 15:54:02,702 root                INFO: Train: Epoch  21: train loss 0.0235
2022-01-20 15:54:03,251 root                INFO: Train: Epoch  22: train loss 0.0221
2022-01-20 15:54:03,820 root                INFO: Train: Epoch  23: train loss 0.0194
2022-01-20 15:54:04,361 root                INFO: Train: Epoch  24: train loss 0.0190
2022-01-20 15:54:04,908 root                INFO: Train: Epoch  25: train loss 0.0190
2022-01-20 15:54:05,472 root                INFO: Train: Epoch  26: train loss 0.0171
2022-01-20 15:54:06,014 root                INFO: Train: Epoch  27: train loss 0.0196
2022-01-20 15:54:06,542 root                INFO: Train: Epoch  28: train loss 0.0174
2022-01-20 15:54:07,076 root                INFO: Train: Epoch  29: train loss 0.0141
2022-01-20 15:54:07,600 root                INFO: Train: Epoch  30: train loss 0.0161
2022-01-20 15:54:08,172 root                INFO: Train: Epoch  31: train loss 0.0132
2022-01-20 15:54:08,710 root                INFO: Train: Epoch  32: train loss 0.0124
2022-01-20 15:54:09,255 root                INFO: Train: Epoch  33: train loss 0.0124
2022-01-20 15:54:09,800 root                INFO: Train: Epoch  34: train loss 0.0130
2022-01-20 15:54:10,341 root                INFO: Train: Epoch  35: train loss 0.0119
2022-01-20 15:54:10,897 root                INFO: Train: Epoch  36: train loss 0.0126
2022-01-20 15:54:11,485 root                INFO: Train: Epoch  37: train loss 0.0116
2022-01-20 15:54:12,028 root                INFO: Train: Epoch  38: train loss 0.0119
2022-01-20 15:54:12,562 root                INFO: Train: Epoch  39: train loss 0.0107
2022-01-20 15:54:13,196 root                INFO: Train: Epoch  40: train loss 0.0108
2022-01-20 15:54:13,780 root                INFO: Train: Epoch  41: train loss 0.0101
2022-01-20 15:54:14,345 root                INFO: Train: Epoch  42: train loss 0.0080
2022-01-20 15:54:14,916 root                INFO: Train: Epoch  43: train loss 0.0078
2022-01-20 15:54:15,474 root                INFO: Train: Epoch  44: train loss 0.0082
2022-01-20 15:54:16,111 root                INFO: Train: Epoch  45: train loss 0.0078
2022-01-20 15:54:16,695 root                INFO: Train: Epoch  46: train loss 0.0080
2022-01-20 15:54:17,271 root                INFO: Train: Epoch  47: train loss 0.0073
2022-01-20 15:54:17,867 root                INFO: Train: Epoch  48: train loss 0.0060
2022-01-20 15:54:18,464 root                INFO: Train: Epoch  49: train loss 0.0059
2022-01-20 15:54:19,069 root                INFO: Train: Epoch  50: train loss 0.0061
2022-01-20 15:54:19,630 root                INFO: Train: Epoch  51: train loss 0.0059
2022-01-20 15:54:20,207 root                INFO: Train: Epoch  52: train loss 0.0051
2022-01-20 15:54:20,802 root                INFO: Train: Epoch  53: train loss 0.0047
2022-01-20 15:54:21,368 root                INFO: Train: Epoch  54: train loss 0.0049
2022-01-20 15:54:21,923 root                INFO: Train: Epoch  55: train loss 0.0037
2022-01-20 15:54:22,472 root                INFO: Train: Epoch  56: train loss 0.0050
2022-01-20 15:54:22,997 root                INFO: Train: Epoch  57: train loss 0.0045
2022-01-20 15:54:23,498 root                INFO: Train: Epoch  58: train loss 0.0026
2022-01-20 15:54:24,001 root                INFO: Train: Epoch  59: train loss 0.0034
2022-01-20 15:54:24,519 root                INFO: Train: Epoch  60: train loss 0.0034
2022-01-20 15:54:25,042 root                INFO: Train: Epoch  61: train loss 0.0028
2022-01-20 15:54:25,537 root                INFO: Train: Epoch  62: train loss 0.0033
2022-01-20 15:54:26,056 root                INFO: Train: Epoch  63: train loss 0.0021
2022-01-20 15:54:26,547 root                INFO: Train: Epoch  64: train loss 0.0022
2022-01-20 15:54:27,070 root                INFO: Train: Epoch  65: train loss 0.0021
2022-01-20 15:54:27,641 root                INFO: Train: Epoch  66: train loss 0.0029
2022-01-20 15:54:28,262 root                INFO: Train: Epoch  67: train loss 0.0024
2022-01-20 15:54:28,810 root                INFO: Train: Epoch  68: train loss 0.0028
2022-01-20 15:54:29,373 root                INFO: Train: Epoch  69: train loss 0.0017
2022-01-20 15:54:29,909 root                INFO: Train: Epoch  70: train loss 0.0011
2022-01-20 15:54:30,467 root                INFO: Train: Epoch  71: train loss 0.0041
2022-01-20 15:54:31,006 root                INFO: Train: Epoch  72: train loss 0.0041
2022-01-20 15:54:31,567 root                INFO: Train: Epoch  73: train loss 0.0021
2022-01-20 15:54:32,132 root                INFO: Train: Epoch  74: train loss 0.0026
2022-01-20 15:54:32,760 root                INFO: Train: Epoch  75: train loss 0.0039
2022-01-20 15:54:33,341 root                INFO: Train: Epoch  76: train loss 0.0024
2022-01-20 15:54:33,898 root                INFO: Train: Epoch  77: train loss 0.0030
2022-01-20 15:54:34,501 root                INFO: Train: Epoch  78: train loss 0.0029
2022-01-20 15:54:35,084 root                INFO: Train: Epoch  79: train loss 0.0034
2022-01-20 15:54:35,650 root                INFO: Train: Epoch  80: train loss 0.0012
2022-01-20 15:54:36,231 root                INFO: Train: Epoch  81: train loss 0.0014
2022-01-20 15:54:36,808 root                INFO: Train: Epoch  82: train loss 0.0028
2022-01-20 15:54:37,386 root                INFO: Train: Epoch  83: train loss 0.0013
2022-01-20 15:54:37,949 root                INFO: Train: Epoch  84: train loss 0.0020
2022-01-20 15:54:38,497 root                INFO: Train: Epoch  85: train loss 0.0030
2022-01-20 15:54:39,079 root                INFO: Train: Epoch  86: train loss 0.0027
2022-01-20 15:54:39,649 root                INFO: Train: Epoch  87: train loss 0.0017
2022-01-20 15:54:40,238 root                INFO: Train: Epoch  88: train loss 0.0015
2022-01-20 15:54:40,816 root                INFO: Train: Epoch  89: train loss 0.0033
2022-01-20 15:54:41,364 root                INFO: Train: Epoch  90: train loss 0.0023
2022-01-20 15:54:41,989 root                INFO: Train: Epoch  91: train loss 0.0015
2022-01-20 15:54:42,722 root                INFO: Train: Epoch  92: train loss 0.0025
2022-01-20 15:54:43,436 root                INFO: Train: Epoch  93: train loss 0.0022
2022-01-20 15:54:44,202 root                INFO: Train: Epoch  94: train loss 0.0021
2022-01-20 15:54:44,950 root                INFO: Train: Epoch  95: train loss 0.0038
2022-01-20 15:54:45,703 root                INFO: Train: Epoch  96: train loss 0.0032
2022-01-20 15:54:46,408 root                INFO: Train: Epoch  97: train loss 0.0023
2022-01-20 15:54:47,120 root                INFO: Train: Epoch  98: train loss 0.0026
2022-01-20 15:54:47,863 root                INFO: Train: Epoch  99: train loss 0.0026
2022-01-20 15:54:48,626 root                INFO: Train: Epoch 100: train loss 0.0020
2022-01-20 15:54:49,368 root                INFO: Train: Epoch 101: train loss 0.0027
2022-01-20 15:54:50,135 root                INFO: Train: Epoch 102: train loss 0.0017
2022-01-20 15:54:50,859 root                INFO: Train: Epoch 103: train loss 0.0024
2022-01-20 15:54:51,622 root                INFO: Train: Epoch 104: train loss 0.0012
2022-01-20 15:54:52,344 root                INFO: Train: Epoch 105: train loss 0.0025
2022-01-20 15:54:53,055 root                INFO: Train: Epoch 106: train loss 0.0006
2022-01-20 15:54:53,802 root                INFO: Train: Epoch 107: train loss 0.0015
2022-01-20 15:54:54,553 root                INFO: Train: Epoch 108: train loss 0.0008
2022-01-20 15:54:55,334 root                INFO: Train: Epoch 109: train loss 0.0015
2022-01-20 15:54:56,077 root                INFO: Train: Epoch 110: train loss 0.0016
2022-01-20 15:54:56,829 root                INFO: Train: Epoch 111: train loss 0.0013
2022-01-20 15:54:57,593 root                INFO: Train: Epoch 112: train loss 0.0011
2022-01-20 15:54:58,401 root                INFO: Train: Epoch 113: train loss 0.0015
2022-01-20 15:54:59,174 root                INFO: Train: Epoch 114: train loss 0.0015
2022-01-20 15:54:59,931 root                INFO: Train: Epoch 115: train loss 0.0017
2022-01-20 15:55:00,720 root                INFO: Train: Epoch 116: train loss 0.0019
2022-01-20 15:55:01,459 root                INFO: Train: Epoch 117: train loss 0.0009
2022-01-20 15:55:02,210 root                INFO: Train: Epoch 118: train loss 0.0023
2022-01-20 15:55:02,950 root                INFO: Train: Epoch 119: train loss 0.0027
2022-01-20 15:55:03,718 root                INFO: Train: Epoch 120: train loss 0.0015
2022-01-20 15:55:04,461 root                INFO: Train: Epoch 121: train loss 0.0019
2022-01-20 15:55:05,220 root                INFO: Train: Epoch 122: train loss 0.0022
2022-01-20 15:55:05,976 root                INFO: Train: Epoch 123: train loss 0.0029
2022-01-20 15:55:06,578 root                INFO: Train: Epoch 124: train loss 0.0028
2022-01-20 15:55:07,168 root                INFO: Train: Epoch 125: train loss 0.0024
2022-01-20 15:55:07,782 root                INFO: Train: Epoch 126: train loss 0.0006
2022-01-20 15:55:08,404 root                INFO: Train: Epoch 127: train loss 0.0013
2022-01-20 15:55:09,019 root                INFO: Train: Epoch 128: train loss 0.0020
2022-01-20 15:55:09,642 root                INFO: Train: Epoch 129: train loss 0.0018
2022-01-20 15:55:10,254 root                INFO: Train: Epoch 130: train loss 0.0009
2022-01-20 15:55:10,844 root                INFO: Train: Epoch 131: train loss 0.0030
2022-01-20 15:55:11,475 root                INFO: Train: Epoch 132: train loss 0.0010
2022-01-20 15:55:12,131 root                INFO: Train: Epoch 133: train loss 0.0014
2022-01-20 15:55:12,733 root                INFO: Train: Epoch 134: train loss 0.0013
2022-01-20 15:55:13,355 root                INFO: Train: Epoch 135: train loss 0.0018
2022-01-20 15:55:13,940 root                INFO: Train: Epoch 136: train loss 0.0024
2022-01-20 15:55:14,552 root                INFO: Train: Epoch 137: train loss 0.0018
2022-01-20 15:55:15,198 root                INFO: Train: Epoch 138: train loss 0.0006
2022-01-20 15:55:15,837 root                INFO: Train: Epoch 139: train loss 0.0005
2022-01-20 15:55:16,451 root                INFO: Train: Epoch 140: train loss 0.0025
2022-01-20 15:55:17,075 root                INFO: Train: Epoch 141: train loss 0.0019
2022-01-20 15:55:17,691 root                INFO: Train: Epoch 142: train loss 0.0016
2022-01-20 15:55:18,304 root                INFO: Train: Epoch 143: train loss 0.0030
2022-01-20 15:55:18,939 root                INFO: Train: Epoch 144: train loss 0.0024
2022-01-20 15:55:19,549 root                INFO: Train: Epoch 145: train loss 0.0011
2022-01-20 15:55:20,169 root                INFO: Train: Epoch 146: train loss 0.0009
2022-01-20 15:55:20,768 root                INFO: Train: Epoch 147: train loss 0.0010
2022-01-20 15:55:21,364 root                INFO: Train: Epoch 148: train loss 0.0028
2022-01-20 15:55:21,965 root                INFO: Train: Epoch 149: train loss 0.0015
2022-01-20 15:55:22,599 root                INFO: Train: Epoch 150: train loss 0.0016
2022-01-20 15:55:23,199 root                INFO: Train: Epoch 151: train loss 0.0006
2022-01-20 15:55:23,809 root                INFO: Train: Epoch 152: train loss 0.0009
2022-01-20 15:55:24,394 root                INFO: Train: Epoch 153: train loss 0.0019
2022-01-20 15:55:25,012 root                INFO: Train: Epoch 154: train loss 0.0017
2022-01-20 15:55:25,614 root                INFO: Train: Epoch 155: train loss 0.0024
2022-01-20 15:55:26,229 root                INFO: Train: Epoch 156: train loss 0.0013
2022-01-20 15:55:26,837 root                INFO: Train: Epoch 157: train loss 0.0008
2022-01-20 15:55:27,426 root                INFO: Train: Epoch 158: train loss 0.0004
2022-01-20 15:55:28,056 root                INFO: Train: Epoch 159: train loss 0.0011
2022-01-20 15:55:28,676 root                INFO: Train: Epoch 160: train loss 0.0009
2022-01-20 15:55:29,313 root                INFO: Train: Epoch 161: train loss 0.0029
2022-01-20 15:55:29,921 root                INFO: Train: Epoch 162: train loss 0.0024
2022-01-20 15:55:30,529 root                INFO: Train: Epoch 163: train loss 0.0017
2022-01-20 15:55:31,114 root                INFO: Train: Epoch 164: train loss 0.0018
2022-01-20 15:55:31,730 root                INFO: Train: Epoch 165: train loss 0.0017
2022-01-20 15:55:32,326 root                INFO: Train: Epoch 166: train loss 0.0019
2022-01-20 15:55:32,915 root                INFO: Train: Epoch 167: train loss 0.0010
2022-01-20 15:55:33,501 root                INFO: Train: Epoch 168: train loss 0.0016
2022-01-20 15:55:34,091 root                INFO: Train: Epoch 169: train loss 0.0021
2022-01-20 15:55:34,696 root                INFO: Train: Epoch 170: train loss 0.0019
2022-01-20 15:55:35,299 root                INFO: Train: Epoch 171: train loss 0.0013
2022-01-20 15:55:35,899 root                INFO: Train: Epoch 172: train loss 0.0007
2022-01-20 15:55:36,491 root                INFO: Train: Epoch 173: train loss 0.0008
2022-01-20 15:55:37,079 root                INFO: Train: Epoch 174: train loss 0.0011
2022-01-20 15:55:37,668 root                INFO: Train: Epoch 175: train loss 0.0014
2022-01-20 15:55:38,277 root                INFO: Train: Epoch 176: train loss 0.0000
2022-01-20 15:55:38,881 root                INFO: Train: Epoch 177: train loss 0.0014
2022-01-20 15:55:39,465 root                INFO: Train: Epoch 178: train loss 0.0017
2022-01-20 15:55:40,043 root                INFO: Train: Epoch 179: train loss 0.0006
2022-01-20 15:55:40,612 root                INFO: Train: Epoch 180: train loss 0.0006
2022-01-20 15:55:41,222 root                INFO: Train: Epoch 181: train loss 0.0006
2022-01-20 15:55:41,833 root                INFO: Train: Epoch 182: train loss 0.0010
2022-01-20 15:55:42,436 root                INFO: Train: Epoch 183: train loss 0.0000
2022-01-20 15:55:43,018 root                INFO: Train: Epoch 184: train loss 0.0009
2022-01-20 15:55:43,614 root                INFO: Train: Epoch 185: train loss 0.0009
2022-01-20 15:55:44,180 root                INFO: Train: Epoch 186: train loss 0.0009
2022-01-20 15:55:44,789 root                INFO: Train: Epoch 187: train loss 0.0008
2022-01-20 15:55:45,414 root                INFO: Train: Epoch 188: train loss 0.0002
2022-01-20 15:55:46,152 root                INFO: Train: Epoch 189: train loss 0.0013
2022-01-20 15:55:46,906 root                INFO: Train: Epoch 190: train loss 0.0006
2022-01-20 15:55:47,646 root                INFO: Train: Epoch 191: train loss 0.0006
2022-01-20 15:55:48,369 root                INFO: Train: Epoch 192: train loss 0.0013
2022-01-20 15:55:49,080 root                INFO: Train: Epoch 193: train loss 0.0008
2022-01-20 15:55:49,844 root                INFO: Train: Epoch 194: train loss 0.0008
2022-01-20 15:55:50,623 root                INFO: Train: Epoch 195: train loss 0.0011
2022-01-20 15:55:51,401 root                INFO: Train: Epoch 196: train loss 0.0014
2022-01-20 15:55:52,140 root                INFO: Train: Epoch 197: train loss 0.0005
2022-01-20 15:55:52,870 root                INFO: Train: Epoch 198: train loss 0.0012
2022-01-20 15:55:53,558 root                INFO: Train: Epoch 199: train loss 0.0013
2022-01-20 15:55:54,238 root                INFO: Train: Epoch 200: train loss 0.0003
2022-01-20 15:56:10,910 root                INFO: Valid: Epoch 200: kendall tau 0.5568; loss 0.2505
2022-01-20 15:56:10,915 root                INFO: Epoch 200: Save checkpoint to nb301_ablation_mask/true/true_0.005/123/21/200.ckpt
2022-01-20 15:56:27,027 root                INFO: [0.0, 0.058823529411764705, 0.12352941176470589, 0.3709361535448492, 0.5566869003328765, 0.7792528195488722, 1.0]
2022-01-20 15:56:27,028 root                INFO: [180, 180]
