2022-01-19 23:06:37,605 root                INFO: GPU device = 5
2022-01-19 23:06:37,605 root                INFO: Load pkl cache from nasbench101.pkl and nasbench101_valid.pkl
2022-01-19 23:06:38,174 root                INFO: Config: {'arch_network_cfg': {'arch_embedder_cfg': {'b_use_bn': False, 'backward_gcn_out_dims': [128, 128, 128, 128, 128], 'concat_param_zs_as_opemb_dimension': 7, 'concat_param_zs_as_opemb_scale': 0.1, 'detach_vinfo': False, 'fb_conversion_dims': [128, 128], 'gcn_kwargs': {'plus_I': True, 'residual_only': 1}, 'gcn_out_dims': [128, 128, 128, 128, 128], 'hid_dim': 96, 'mask_nonparametrized_ops': False, 'node_embedding_dim': 48, 'num_time_steps': 3, 'op_embedding_dim': 48, 'symmetry_breaking_method': 'param_zs_add', 'updateopemb_detach_finfo': True, 'updateopemb_detach_opemb': True, 'updateopemb_dims': [128], 'updateopemb_method': 'concat_ofb', 'updateopemb_scale': 0.1}, 'arch_embedder_type': 'nb101-fbflow', 'compare_loss_type': 'margin_linear', 'compare_margin': 0.1, 'mlp_dropout': 0.1, 'mlp_hiddens': [200], 'optimizer': {'lr': 0.001, 'type': 'Adam'}, 'scheduler': None}, 'batch_size': 512, 'choose_pair_criterion': 'random', 'compare': True, 'compare_threshold': 0.0, 'epochs': 200, 'max_compare_ratio': 4.0}
2022-01-19 23:06:42,681 root                INFO: Combined args: Namespace(batch_size=512, cfg_file='cfgs/nb101_cfgs/gates_true_scale0.1.yaml', choose_pair_criterion='random', compare=True, compare_threshold=0.0, epochs=200, eval_only_last=5, gpu=5, load=None, max_compare_ratio=4.0, num_workers=4, report_freq=200, save_every=200, save_predict=None, seed=2021, test_funcs=None, test_only=False, train_dir='nb1shot1_ablation_scale/true/0.1_0.01/123/2021', train_pkl='../mynas/data/nasbench-1shot1/nasbench101_train_123.pkl', train_ratio=0.01, valid_pkl='../mynas/data/nasbench-1shot1/nasbench101_valid.pkl')
2022-01-19 23:06:42,693 root                INFO: Train dataset ratio: 0.010
2022-01-19 23:06:42,694 root                INFO: Number of architectures: train: 72; valid: 7290
2022-01-19 23:06:45,712 root                INFO: Train: Epoch   1: train loss 0.0986
2022-01-19 23:06:46,415 root                INFO: Train: Epoch   2: train loss 0.0959
2022-01-19 23:06:47,073 root                INFO: Train: Epoch   3: train loss 0.0917
2022-01-19 23:06:47,748 root                INFO: Train: Epoch   4: train loss 0.0825
2022-01-19 23:06:48,588 root                INFO: Train: Epoch   5: train loss 0.0726
2022-01-19 23:06:49,332 root                INFO: Train: Epoch   6: train loss 0.0627
2022-01-19 23:06:50,000 root                INFO: Train: Epoch   7: train loss 0.0484
2022-01-19 23:06:50,632 root                INFO: Train: Epoch   8: train loss 0.0623
2022-01-19 23:06:51,307 root                INFO: Train: Epoch   9: train loss 0.0490
2022-01-19 23:06:52,082 root                INFO: Train: Epoch  10: train loss 0.0638
2022-01-19 23:06:52,762 root                INFO: Train: Epoch  11: train loss 0.0528
2022-01-19 23:06:53,425 root                INFO: Train: Epoch  12: train loss 0.0609
2022-01-19 23:06:54,093 root                INFO: Train: Epoch  13: train loss 0.0516
2022-01-19 23:06:54,788 root                INFO: Train: Epoch  14: train loss 0.0546
2022-01-19 23:06:55,488 root                INFO: Train: Epoch  15: train loss 0.0473
2022-01-19 23:06:56,162 root                INFO: Train: Epoch  16: train loss 0.0469
2022-01-19 23:06:56,891 root                INFO: Train: Epoch  17: train loss 0.0489
2022-01-19 23:06:57,568 root                INFO: Train: Epoch  18: train loss 0.0487
2022-01-19 23:06:58,232 root                INFO: Train: Epoch  19: train loss 0.0459
2022-01-19 23:06:58,933 root                INFO: Train: Epoch  20: train loss 0.0384
2022-01-19 23:06:59,660 root                INFO: Train: Epoch  21: train loss 0.0470
2022-01-19 23:07:00,356 root                INFO: Train: Epoch  22: train loss 0.0425
2022-01-19 23:07:01,031 root                INFO: Train: Epoch  23: train loss 0.0477
2022-01-19 23:07:01,740 root                INFO: Train: Epoch  24: train loss 0.0426
2022-01-19 23:07:02,417 root                INFO: Train: Epoch  25: train loss 0.0385
2022-01-19 23:07:03,146 root                INFO: Train: Epoch  26: train loss 0.0377
2022-01-19 23:07:03,887 root                INFO: Train: Epoch  27: train loss 0.0339
2022-01-19 23:07:04,617 root                INFO: Train: Epoch  28: train loss 0.0359
2022-01-19 23:07:05,373 root                INFO: Train: Epoch  29: train loss 0.0319
2022-01-19 23:07:06,069 root                INFO: Train: Epoch  30: train loss 0.0378
2022-01-19 23:07:06,845 root                INFO: Train: Epoch  31: train loss 0.0322
2022-01-19 23:07:07,605 root                INFO: Train: Epoch  32: train loss 0.0296
2022-01-19 23:07:08,358 root                INFO: Train: Epoch  33: train loss 0.0349
2022-01-19 23:07:09,036 root                INFO: Train: Epoch  34: train loss 0.0335
2022-01-19 23:07:09,777 root                INFO: Train: Epoch  35: train loss 0.0324
2022-01-19 23:07:10,454 root                INFO: Train: Epoch  36: train loss 0.0310
2022-01-19 23:07:11,181 root                INFO: Train: Epoch  37: train loss 0.0329
2022-01-19 23:07:11,921 root                INFO: Train: Epoch  38: train loss 0.0262
2022-01-19 23:07:12,642 root                INFO: Train: Epoch  39: train loss 0.0323
2022-01-19 23:07:13,295 root                INFO: Train: Epoch  40: train loss 0.0296
2022-01-19 23:07:13,979 root                INFO: Train: Epoch  41: train loss 0.0343
2022-01-19 23:07:14,707 root                INFO: Train: Epoch  42: train loss 0.0315
2022-01-19 23:07:15,419 root                INFO: Train: Epoch  43: train loss 0.0236
2022-01-19 23:07:16,173 root                INFO: Train: Epoch  44: train loss 0.0225
2022-01-19 23:07:16,907 root                INFO: Train: Epoch  45: train loss 0.0223
2022-01-19 23:07:17,579 root                INFO: Train: Epoch  46: train loss 0.0272
2022-01-19 23:07:18,327 root                INFO: Train: Epoch  47: train loss 0.0296
2022-01-19 23:07:19,059 root                INFO: Train: Epoch  48: train loss 0.0298
2022-01-19 23:07:19,799 root                INFO: Train: Epoch  49: train loss 0.0230
2022-01-19 23:07:20,506 root                INFO: Train: Epoch  50: train loss 0.0302
2022-01-19 23:07:21,137 root                INFO: Train: Epoch  51: train loss 0.0229
2022-01-19 23:07:21,847 root                INFO: Train: Epoch  52: train loss 0.0196
2022-01-19 23:07:22,547 root                INFO: Train: Epoch  53: train loss 0.0190
2022-01-19 23:07:23,290 root                INFO: Train: Epoch  54: train loss 0.0279
2022-01-19 23:07:23,977 root                INFO: Train: Epoch  55: train loss 0.0236
2022-01-19 23:07:24,657 root                INFO: Train: Epoch  56: train loss 0.0233
2022-01-19 23:07:25,339 root                INFO: Train: Epoch  57: train loss 0.0218
2022-01-19 23:07:26,051 root                INFO: Train: Epoch  58: train loss 0.0316
2022-01-19 23:07:26,718 root                INFO: Train: Epoch  59: train loss 0.0261
2022-01-19 23:07:27,398 root                INFO: Train: Epoch  60: train loss 0.0172
2022-01-19 23:07:28,082 root                INFO: Train: Epoch  61: train loss 0.0227
2022-01-19 23:07:28,761 root                INFO: Train: Epoch  62: train loss 0.0210
2022-01-19 23:07:29,402 root                INFO: Train: Epoch  63: train loss 0.0246
2022-01-19 23:07:30,049 root                INFO: Train: Epoch  64: train loss 0.0260
2022-01-19 23:07:30,777 root                INFO: Train: Epoch  65: train loss 0.0262
2022-01-19 23:07:31,474 root                INFO: Train: Epoch  66: train loss 0.0297
2022-01-19 23:07:32,118 root                INFO: Train: Epoch  67: train loss 0.0249
2022-01-19 23:07:32,754 root                INFO: Train: Epoch  68: train loss 0.0188
2022-01-19 23:07:33,382 root                INFO: Train: Epoch  69: train loss 0.0288
2022-01-19 23:07:34,146 root                INFO: Train: Epoch  70: train loss 0.0277
2022-01-19 23:07:34,910 root                INFO: Train: Epoch  71: train loss 0.0258
2022-01-19 23:07:35,587 root                INFO: Train: Epoch  72: train loss 0.0219
2022-01-19 23:07:36,313 root                INFO: Train: Epoch  73: train loss 0.0191
2022-01-19 23:07:36,981 root                INFO: Train: Epoch  74: train loss 0.0210
2022-01-19 23:07:37,691 root                INFO: Train: Epoch  75: train loss 0.0172
2022-01-19 23:07:38,431 root                INFO: Train: Epoch  76: train loss 0.0214
2022-01-19 23:07:39,148 root                INFO: Train: Epoch  77: train loss 0.0201
2022-01-19 23:07:39,809 root                INFO: Train: Epoch  78: train loss 0.0250
2022-01-19 23:07:40,501 root                INFO: Train: Epoch  79: train loss 0.0194
2022-01-19 23:07:41,258 root                INFO: Train: Epoch  80: train loss 0.0203
2022-01-19 23:07:41,999 root                INFO: Train: Epoch  81: train loss 0.0210
2022-01-19 23:07:42,742 root                INFO: Train: Epoch  82: train loss 0.0200
2022-01-19 23:07:43,398 root                INFO: Train: Epoch  83: train loss 0.0162
2022-01-19 23:07:44,089 root                INFO: Train: Epoch  84: train loss 0.0192
2022-01-19 23:07:44,746 root                INFO: Train: Epoch  85: train loss 0.0205
2022-01-19 23:07:45,450 root                INFO: Train: Epoch  86: train loss 0.0154
2022-01-19 23:07:46,204 root                INFO: Train: Epoch  87: train loss 0.0207
2022-01-19 23:07:46,951 root                INFO: Train: Epoch  88: train loss 0.0157
2022-01-19 23:07:47,583 root                INFO: Train: Epoch  89: train loss 0.0193
2022-01-19 23:07:48,234 root                INFO: Train: Epoch  90: train loss 0.0204
2022-01-19 23:07:48,880 root                INFO: Train: Epoch  91: train loss 0.0164
2022-01-19 23:07:49,575 root                INFO: Train: Epoch  92: train loss 0.0166
2022-01-19 23:07:50,285 root                INFO: Train: Epoch  93: train loss 0.0124
2022-01-19 23:07:50,951 root                INFO: Train: Epoch  94: train loss 0.0163
2022-01-19 23:07:51,715 root                INFO: Train: Epoch  95: train loss 0.0177
2022-01-19 23:07:52,368 root                INFO: Train: Epoch  96: train loss 0.0221
2022-01-19 23:07:53,086 root                INFO: Train: Epoch  97: train loss 0.0142
2022-01-19 23:07:53,783 root                INFO: Train: Epoch  98: train loss 0.0150
2022-01-19 23:07:54,525 root                INFO: Train: Epoch  99: train loss 0.0146
2022-01-19 23:07:55,185 root                INFO: Train: Epoch 100: train loss 0.0178
2022-01-19 23:07:55,914 root                INFO: Train: Epoch 101: train loss 0.0130
2022-01-19 23:07:56,627 root                INFO: Train: Epoch 102: train loss 0.0181
2022-01-19 23:07:57,296 root                INFO: Train: Epoch 103: train loss 0.0103
2022-01-19 23:07:58,013 root                INFO: Train: Epoch 104: train loss 0.0154
2022-01-19 23:07:58,668 root                INFO: Train: Epoch 105: train loss 0.0147
2022-01-19 23:07:59,347 root                INFO: Train: Epoch 106: train loss 0.0118
2022-01-19 23:08:00,045 root                INFO: Train: Epoch 107: train loss 0.0158
2022-01-19 23:08:00,743 root                INFO: Train: Epoch 108: train loss 0.0120
2022-01-19 23:08:01,462 root                INFO: Train: Epoch 109: train loss 0.0172
2022-01-19 23:08:02,151 root                INFO: Train: Epoch 110: train loss 0.0159
2022-01-19 23:08:02,815 root                INFO: Train: Epoch 111: train loss 0.0140
2022-01-19 23:08:03,466 root                INFO: Train: Epoch 112: train loss 0.0118
2022-01-19 23:08:04,146 root                INFO: Train: Epoch 113: train loss 0.0110
2022-01-19 23:08:04,856 root                INFO: Train: Epoch 114: train loss 0.0093
2022-01-19 23:08:05,568 root                INFO: Train: Epoch 115: train loss 0.0175
2022-01-19 23:08:06,366 root                INFO: Train: Epoch 116: train loss 0.0177
2022-01-19 23:08:07,032 root                INFO: Train: Epoch 117: train loss 0.0116
2022-01-19 23:08:07,723 root                INFO: Train: Epoch 118: train loss 0.0178
2022-01-19 23:08:08,434 root                INFO: Train: Epoch 119: train loss 0.0137
2022-01-19 23:08:09,145 root                INFO: Train: Epoch 120: train loss 0.0102
2022-01-19 23:08:09,846 root                INFO: Train: Epoch 121: train loss 0.0157
2022-01-19 23:08:10,795 root                INFO: Train: Epoch 122: train loss 0.0123
2022-01-19 23:08:11,459 root                INFO: Train: Epoch 123: train loss 0.0101
2022-01-19 23:08:12,140 root                INFO: Train: Epoch 124: train loss 0.0103
2022-01-19 23:08:12,865 root                INFO: Train: Epoch 125: train loss 0.0085
2022-01-19 23:08:13,548 root                INFO: Train: Epoch 126: train loss 0.0112
2022-01-19 23:08:14,222 root                INFO: Train: Epoch 127: train loss 0.0097
2022-01-19 23:08:14,899 root                INFO: Train: Epoch 128: train loss 0.0107
2022-01-19 23:08:15,568 root                INFO: Train: Epoch 129: train loss 0.0115
2022-01-19 23:08:16,282 root                INFO: Train: Epoch 130: train loss 0.0114
2022-01-19 23:08:17,082 root                INFO: Train: Epoch 131: train loss 0.0136
2022-01-19 23:08:17,870 root                INFO: Train: Epoch 132: train loss 0.0060
2022-01-19 23:08:18,662 root                INFO: Train: Epoch 133: train loss 0.0093
2022-01-19 23:08:19,480 root                INFO: Train: Epoch 134: train loss 0.0091
2022-01-19 23:08:20,267 root                INFO: Train: Epoch 135: train loss 0.0104
2022-01-19 23:08:21,069 root                INFO: Train: Epoch 136: train loss 0.0088
2022-01-19 23:08:21,860 root                INFO: Train: Epoch 137: train loss 0.0097
2022-01-19 23:08:22,604 root                INFO: Train: Epoch 138: train loss 0.0103
2022-01-19 23:08:23,286 root                INFO: Train: Epoch 139: train loss 0.0106
2022-01-19 23:08:23,990 root                INFO: Train: Epoch 140: train loss 0.0104
2022-01-19 23:08:24,739 root                INFO: Train: Epoch 141: train loss 0.0170
2022-01-19 23:08:25,446 root                INFO: Train: Epoch 142: train loss 0.0083
2022-01-19 23:08:26,221 root                INFO: Train: Epoch 143: train loss 0.0145
2022-01-19 23:08:26,912 root                INFO: Train: Epoch 144: train loss 0.0096
2022-01-19 23:08:27,606 root                INFO: Train: Epoch 145: train loss 0.0083
2022-01-19 23:08:28,274 root                INFO: Train: Epoch 146: train loss 0.0145
2022-01-19 23:08:29,019 root                INFO: Train: Epoch 147: train loss 0.0140
2022-01-19 23:08:29,685 root                INFO: Train: Epoch 148: train loss 0.0105
2022-01-19 23:08:30,393 root                INFO: Train: Epoch 149: train loss 0.0068
2022-01-19 23:08:31,047 root                INFO: Train: Epoch 150: train loss 0.0088
2022-01-19 23:08:31,713 root                INFO: Train: Epoch 151: train loss 0.0120
2022-01-19 23:08:32,406 root                INFO: Train: Epoch 152: train loss 0.0107
2022-01-19 23:08:33,092 root                INFO: Train: Epoch 153: train loss 0.0099
2022-01-19 23:08:33,799 root                INFO: Train: Epoch 154: train loss 0.0114
2022-01-19 23:08:34,477 root                INFO: Train: Epoch 155: train loss 0.0111
2022-01-19 23:08:35,126 root                INFO: Train: Epoch 156: train loss 0.0139
2022-01-19 23:08:35,829 root                INFO: Train: Epoch 157: train loss 0.0084
2022-01-19 23:08:36,580 root                INFO: Train: Epoch 158: train loss 0.0103
2022-01-19 23:08:37,321 root                INFO: Train: Epoch 159: train loss 0.0098
2022-01-19 23:08:38,032 root                INFO: Train: Epoch 160: train loss 0.0092
2022-01-19 23:08:38,715 root                INFO: Train: Epoch 161: train loss 0.0111
2022-01-19 23:08:39,398 root                INFO: Train: Epoch 162: train loss 0.0128
2022-01-19 23:08:40,101 root                INFO: Train: Epoch 163: train loss 0.0103
2022-01-19 23:08:40,876 root                INFO: Train: Epoch 164: train loss 0.0055
2022-01-19 23:08:41,583 root                INFO: Train: Epoch 165: train loss 0.0044
2022-01-19 23:08:42,262 root                INFO: Train: Epoch 166: train loss 0.0082
2022-01-19 23:08:42,917 root                INFO: Train: Epoch 167: train loss 0.0063
2022-01-19 23:08:43,657 root                INFO: Train: Epoch 168: train loss 0.0106
2022-01-19 23:08:44,423 root                INFO: Train: Epoch 169: train loss 0.0057
2022-01-19 23:08:45,102 root                INFO: Train: Epoch 170: train loss 0.0087
2022-01-19 23:08:45,838 root                INFO: Train: Epoch 171: train loss 0.0095
2022-01-19 23:08:46,529 root                INFO: Train: Epoch 172: train loss 0.0082
2022-01-19 23:08:47,219 root                INFO: Train: Epoch 173: train loss 0.0063
2022-01-19 23:08:47,977 root                INFO: Train: Epoch 174: train loss 0.0092
2022-01-19 23:08:48,699 root                INFO: Train: Epoch 175: train loss 0.0097
2022-01-19 23:08:49,409 root                INFO: Train: Epoch 176: train loss 0.0068
2022-01-19 23:08:50,101 root                INFO: Train: Epoch 177: train loss 0.0113
2022-01-19 23:08:50,769 root                INFO: Train: Epoch 178: train loss 0.0097
2022-01-19 23:08:51,469 root                INFO: Train: Epoch 179: train loss 0.0118
2022-01-19 23:08:52,178 root                INFO: Train: Epoch 180: train loss 0.0100
2022-01-19 23:08:52,864 root                INFO: Train: Epoch 181: train loss 0.0121
2022-01-19 23:08:53,512 root                INFO: Train: Epoch 182: train loss 0.0113
2022-01-19 23:08:54,160 root                INFO: Train: Epoch 183: train loss 0.0070
2022-01-19 23:08:54,830 root                INFO: Train: Epoch 184: train loss 0.0087
2022-01-19 23:08:55,526 root                INFO: Train: Epoch 185: train loss 0.0145
2022-01-19 23:08:56,216 root                INFO: Train: Epoch 186: train loss 0.0114
2022-01-19 23:08:56,907 root                INFO: Train: Epoch 187: train loss 0.0042
2022-01-19 23:08:57,597 root                INFO: Train: Epoch 188: train loss 0.0059
2022-01-19 23:08:58,394 root                INFO: Train: Epoch 189: train loss 0.0077
2022-01-19 23:08:59,126 root                INFO: Train: Epoch 190: train loss 0.0066
2022-01-19 23:08:59,822 root                INFO: Train: Epoch 191: train loss 0.0109
2022-01-19 23:09:00,541 root                INFO: Train: Epoch 192: train loss 0.0129
2022-01-19 23:09:01,257 root                INFO: Train: Epoch 193: train loss 0.0095
2022-01-19 23:09:01,985 root                INFO: Train: Epoch 194: train loss 0.0083
2022-01-19 23:09:02,657 root                INFO: Train: Epoch 195: train loss 0.0081
2022-01-19 23:09:03,426 root                INFO: Train: Epoch 196: train loss 0.0078
2022-01-19 23:09:05,495 root                INFO: Valid: Epoch 196: kendall tau 0.7076; loss 0.2379
2022-01-19 23:09:06,174 root                INFO: Train: Epoch 197: train loss 0.0072
2022-01-19 23:09:08,338 root                INFO: Valid: Epoch 197: kendall tau 0.7067; loss 0.2482
2022-01-19 23:09:09,034 root                INFO: Train: Epoch 198: train loss 0.0082
2022-01-19 23:09:11,412 root                INFO: Valid: Epoch 198: kendall tau 0.7108; loss 0.2444
2022-01-19 23:09:12,138 root                INFO: Train: Epoch 199: train loss 0.0082
2022-01-19 23:09:14,255 root                INFO: Valid: Epoch 199: kendall tau 0.7159; loss 0.233
2022-01-19 23:09:14,947 root                INFO: Train: Epoch 200: train loss 0.0089
2022-01-19 23:09:17,111 root                INFO: Valid: Epoch 200: kendall tau 0.7180; loss 0.2231
2022-01-19 23:09:17,119 root                INFO: Epoch 200: Save checkpoint to nb1shot1_ablation_scale/true/0.1_0.01/123/2021/200.ckpt
2022-01-19 23:09:19,506 root                INFO: [0.0, 0.4166666666666667, 0.4444444444444444, 0.6318681318681318, 0.7174211248285323, 0.8716049382716049, 1.0]
2022-01-19 23:09:19,506 root                INFO: [12, 12]
