2022-01-20 15:47:36,373 root                INFO: GPU device = 5
2022-01-20 15:47:36,374 root                INFO: Load pkl cache from nasbench301_train.pkl and nasbench301_valid.pkl
2022-01-20 15:47:37,268 root                INFO: Config: {'arch_network_cfg': {'arch_embedder_cfg': {'take_adj_as_input': True, 'gcn_kwargs': {'residual_only': 2}, 'gcn_out_dims': [64, 64, 64, 64, 64], 'hidden_dim': 32, 'node_dim': 32, 'op_dim': 32, 'use_bn': False, 'final_concat': False, 'other_node_zero': False, 'num_time_steps': 4, 'fb_conversion_dims': [64, 64], 'backward_gcn_out_dims': [64, 64, 64, 64, 64], 'updateopemb_method': 'concat_ofb', 'updateopemb_dims': [64], 'share_skip_and_outskip': True, 'detach_vinfo': False, 'updateopemb_scale': 0.1, 'updateopemb_detach_opemb': True, 'updateopemb_detach_finfo': True, 'mask_nonparametrized_ops': True, 'symmetry_breaking_method': 'param_zs_add', 'concat_param_zs_as_opemb_dimension': 5, 'concat_param_zs_as_opemb_scale': 1.0}, 'arch_embedder_type': 'cellss-fbflow', 'compare_loss_type': 'margin_linear', 'compare_margin': 0.1, 'mlp_dropout': 0.1, 'mlp_hiddens': [200], 'optimizer': {'lr': 0.001, 'type': 'Adam'}, 'scheduler': None}, 'arch_network_type': 'pointwise_comparator', 'batch_size': 128, 'choose_pair_criterion': 'random', 'compare': True, 'compare_threshold': 0.0, 'epochs': 200, 'max_compare_ratio': 16.0}
2022-01-20 15:47:40,896 root                INFO: Combined args: Namespace(arch_network_type='pointwise_comparator', batch_size=128, cfg_file='cfgs/nb301_cfgs/gates_true_masktrue.yaml', choose_pair_criterion='random', compare=True, compare_threshold=0.0, epochs=200, eval_only_last=1, gpu=5, load=None, max_compare_ratio=16.0, num_workers=4, report_freq=200, save_every=200, save_predict=None, seed=21, test_funcs=None, test_only=False, train_dir='nb301_ablation_mask/true/true_0.001/1/21', train_pkl='../mynas/data/nasbench-301/nasbench301_train_mtx_1.pkl', train_ratio=0.001, valid_pkl='../mynas/data/nasbench-301/nasbench301_valid_mtx.pkl')
2022-01-20 15:47:40,905 root                INFO: Train dataset ratio: 0.001
2022-01-20 15:47:40,906 root                INFO: Number of architectures: train: 5; valid: 51072
2022-01-20 15:47:57,222 root                INFO: Train: Epoch   1: train loss 0.1071
2022-01-20 15:47:57,928 root                INFO: Train: Epoch   2: train loss 0.0968
2022-01-20 15:47:58,666 root                INFO: Train: Epoch   3: train loss 0.0962
2022-01-20 15:47:59,392 root                INFO: Train: Epoch   4: train loss 0.0874
2022-01-20 15:48:00,122 root                INFO: Train: Epoch   5: train loss 0.0838
2022-01-20 15:48:00,852 root                INFO: Train: Epoch   6: train loss 0.0770
2022-01-20 15:48:01,557 root                INFO: Train: Epoch   7: train loss 0.0697
2022-01-20 15:48:02,295 root                INFO: Train: Epoch   8: train loss 0.0565
2022-01-20 15:48:02,994 root                INFO: Train: Epoch   9: train loss 0.0568
2022-01-20 15:48:03,757 root                INFO: Train: Epoch  10: train loss 0.0568
2022-01-20 15:48:04,488 root                INFO: Train: Epoch  11: train loss 0.0463
2022-01-20 15:48:05,258 root                INFO: Train: Epoch  12: train loss 0.0443
2022-01-20 15:48:05,972 root                INFO: Train: Epoch  13: train loss 0.0447
2022-01-20 15:48:06,747 root                INFO: Train: Epoch  14: train loss 0.0288
2022-01-20 15:48:07,502 root                INFO: Train: Epoch  15: train loss 0.0338
2022-01-20 15:48:08,265 root                INFO: Train: Epoch  16: train loss 0.0274
2022-01-20 15:48:09,065 root                INFO: Train: Epoch  17: train loss 0.0209
2022-01-20 15:48:09,823 root                INFO: Train: Epoch  18: train loss 0.0092
2022-01-20 15:48:10,558 root                INFO: Train: Epoch  19: train loss 0.0168
2022-01-20 15:48:11,313 root                INFO: Train: Epoch  20: train loss 0.0092
2022-01-20 15:48:12,068 root                INFO: Train: Epoch  21: train loss 0.0025
2022-01-20 15:48:12,806 root                INFO: Train: Epoch  22: train loss 0.0000
2022-01-20 15:48:13,566 root                INFO: Train: Epoch  23: train loss 0.0007
2022-01-20 15:48:14,323 root                INFO: Train: Epoch  24: train loss 0.0022
2022-01-20 15:48:15,095 root                INFO: Train: Epoch  25: train loss 0.0022
2022-01-20 15:48:15,826 root                INFO: Train: Epoch  26: train loss 0.0000
2022-01-20 15:48:16,566 root                INFO: Train: Epoch  27: train loss 0.0000
2022-01-20 15:48:17,281 root                INFO: Train: Epoch  28: train loss 0.0000
2022-01-20 15:48:18,038 root                INFO: Train: Epoch  29: train loss 0.0000
2022-01-20 15:48:18,772 root                INFO: Train: Epoch  30: train loss 0.0044
2022-01-20 15:48:19,523 root                INFO: Train: Epoch  31: train loss 0.0000
2022-01-20 15:48:20,232 root                INFO: Train: Epoch  32: train loss 0.0000
2022-01-20 15:48:20,976 root                INFO: Train: Epoch  33: train loss 0.0000
2022-01-20 15:48:21,730 root                INFO: Train: Epoch  34: train loss 0.0000
2022-01-20 15:48:22,431 root                INFO: Train: Epoch  35: train loss 0.0000
2022-01-20 15:48:23,171 root                INFO: Train: Epoch  36: train loss 0.0000
2022-01-20 15:48:23,908 root                INFO: Train: Epoch  37: train loss 0.0000
2022-01-20 15:48:24,669 root                INFO: Train: Epoch  38: train loss 0.0000
2022-01-20 15:48:25,382 root                INFO: Train: Epoch  39: train loss 0.0009
2022-01-20 15:48:26,117 root                INFO: Train: Epoch  40: train loss 0.0000
2022-01-20 15:48:26,831 root                INFO: Train: Epoch  41: train loss 0.0000
2022-01-20 15:48:27,578 root                INFO: Train: Epoch  42: train loss 0.0000
2022-01-20 15:48:28,321 root                INFO: Train: Epoch  43: train loss 0.0000
2022-01-20 15:48:29,050 root                INFO: Train: Epoch  44: train loss 0.0000
2022-01-20 15:48:29,791 root                INFO: Train: Epoch  45: train loss 0.0000
2022-01-20 15:48:30,521 root                INFO: Train: Epoch  46: train loss 0.0000
2022-01-20 15:48:31,276 root                INFO: Train: Epoch  47: train loss 0.0000
2022-01-20 15:48:32,000 root                INFO: Train: Epoch  48: train loss 0.0002
2022-01-20 15:48:32,742 root                INFO: Train: Epoch  49: train loss 0.0000
2022-01-20 15:48:33,454 root                INFO: Train: Epoch  50: train loss 0.0000
2022-01-20 15:48:34,226 root                INFO: Train: Epoch  51: train loss 0.0000
2022-01-20 15:48:34,951 root                INFO: Train: Epoch  52: train loss 0.0000
2022-01-20 15:48:35,682 root                INFO: Train: Epoch  53: train loss 0.0000
2022-01-20 15:48:36,416 root                INFO: Train: Epoch  54: train loss 0.0000
2022-01-20 15:48:37,188 root                INFO: Train: Epoch  55: train loss 0.0000
2022-01-20 15:48:37,952 root                INFO: Train: Epoch  56: train loss 0.0000
2022-01-20 15:48:38,706 root                INFO: Train: Epoch  57: train loss 0.0000
2022-01-20 15:48:39,473 root                INFO: Train: Epoch  58: train loss 0.0000
2022-01-20 15:48:40,222 root                INFO: Train: Epoch  59: train loss 0.0000
2022-01-20 15:48:40,990 root                INFO: Train: Epoch  60: train loss 0.0000
2022-01-20 15:48:41,754 root                INFO: Train: Epoch  61: train loss 0.0000
2022-01-20 15:48:42,526 root                INFO: Train: Epoch  62: train loss 0.0000
2022-01-20 15:48:43,272 root                INFO: Train: Epoch  63: train loss 0.0000
2022-01-20 15:48:44,049 root                INFO: Train: Epoch  64: train loss 0.0000
2022-01-20 15:48:44,804 root                INFO: Train: Epoch  65: train loss 0.0000
2022-01-20 15:48:45,581 root                INFO: Train: Epoch  66: train loss 0.0000
2022-01-20 15:48:46,360 root                INFO: Train: Epoch  67: train loss 0.0000
2022-01-20 15:48:47,136 root                INFO: Train: Epoch  68: train loss 0.0000
2022-01-20 15:48:47,910 root                INFO: Train: Epoch  69: train loss 0.0000
2022-01-20 15:48:48,676 root                INFO: Train: Epoch  70: train loss 0.0000
2022-01-20 15:48:49,448 root                INFO: Train: Epoch  71: train loss 0.0081
2022-01-20 15:48:50,242 root                INFO: Train: Epoch  72: train loss 0.0000
2022-01-20 15:48:51,056 root                INFO: Train: Epoch  73: train loss 0.0000
2022-01-20 15:48:51,850 root                INFO: Train: Epoch  74: train loss 0.0000
2022-01-20 15:48:52,633 root                INFO: Train: Epoch  75: train loss 0.0000
2022-01-20 15:48:53,419 root                INFO: Train: Epoch  76: train loss 0.0000
2022-01-20 15:48:54,190 root                INFO: Train: Epoch  77: train loss 0.0000
2022-01-20 15:48:54,961 root                INFO: Train: Epoch  78: train loss 0.0000
2022-01-20 15:48:55,726 root                INFO: Train: Epoch  79: train loss 0.0000
2022-01-20 15:48:56,533 root                INFO: Train: Epoch  80: train loss 0.0000
2022-01-20 15:48:57,319 root                INFO: Train: Epoch  81: train loss 0.0000
2022-01-20 15:48:58,106 root                INFO: Train: Epoch  82: train loss 0.0000
2022-01-20 15:48:58,920 root                INFO: Train: Epoch  83: train loss 0.0000
2022-01-20 15:48:59,710 root                INFO: Train: Epoch  84: train loss 0.0000
2022-01-20 15:49:00,513 root                INFO: Train: Epoch  85: train loss 0.0000
2022-01-20 15:49:01,284 root                INFO: Train: Epoch  86: train loss 0.0000
2022-01-20 15:49:02,075 root                INFO: Train: Epoch  87: train loss 0.0000
2022-01-20 15:49:02,828 root                INFO: Train: Epoch  88: train loss 0.0000
2022-01-20 15:49:03,631 root                INFO: Train: Epoch  89: train loss 0.0000
2022-01-20 15:49:04,396 root                INFO: Train: Epoch  90: train loss 0.0000
2022-01-20 15:49:05,200 root                INFO: Train: Epoch  91: train loss 0.0000
2022-01-20 15:49:05,969 root                INFO: Train: Epoch  92: train loss 0.0000
2022-01-20 15:49:06,761 root                INFO: Train: Epoch  93: train loss 0.0000
2022-01-20 15:49:07,534 root                INFO: Train: Epoch  94: train loss 0.0008
2022-01-20 15:49:08,328 root                INFO: Train: Epoch  95: train loss 0.0000
2022-01-20 15:49:09,110 root                INFO: Train: Epoch  96: train loss 0.0000
2022-01-20 15:49:09,899 root                INFO: Train: Epoch  97: train loss 0.0000
2022-01-20 15:49:10,684 root                INFO: Train: Epoch  98: train loss 0.0000
2022-01-20 15:49:11,483 root                INFO: Train: Epoch  99: train loss 0.0000
2022-01-20 15:49:12,278 root                INFO: Train: Epoch 100: train loss 0.0000
2022-01-20 15:49:13,129 root                INFO: Train: Epoch 101: train loss 0.0000
2022-01-20 15:49:13,933 root                INFO: Train: Epoch 102: train loss 0.0000
2022-01-20 15:49:14,789 root                INFO: Train: Epoch 103: train loss 0.0051
2022-01-20 15:49:15,580 root                INFO: Train: Epoch 104: train loss 0.0000
2022-01-20 15:49:16,403 root                INFO: Train: Epoch 105: train loss 0.0000
2022-01-20 15:49:17,208 root                INFO: Train: Epoch 106: train loss 0.0000
2022-01-20 15:49:18,009 root                INFO: Train: Epoch 107: train loss 0.0000
2022-01-20 15:49:18,818 root                INFO: Train: Epoch 108: train loss 0.0000
2022-01-20 15:49:19,671 root                INFO: Train: Epoch 109: train loss 0.0000
2022-01-20 15:49:20,452 root                INFO: Train: Epoch 110: train loss 0.0000
2022-01-20 15:49:21,213 root                INFO: Train: Epoch 111: train loss 0.0000
2022-01-20 15:49:22,045 root                INFO: Train: Epoch 112: train loss 0.0000
2022-01-20 15:49:22,831 root                INFO: Train: Epoch 113: train loss 0.0000
2022-01-20 15:49:23,650 root                INFO: Train: Epoch 114: train loss 0.0000
2022-01-20 15:49:24,433 root                INFO: Train: Epoch 115: train loss 0.0000
2022-01-20 15:49:25,260 root                INFO: Train: Epoch 116: train loss 0.0000
2022-01-20 15:49:26,046 root                INFO: Train: Epoch 117: train loss 0.0040
2022-01-20 15:49:26,846 root                INFO: Train: Epoch 118: train loss 0.0000
2022-01-20 15:49:27,635 root                INFO: Train: Epoch 119: train loss 0.0000
2022-01-20 15:49:28,484 root                INFO: Train: Epoch 120: train loss 0.0000
2022-01-20 15:49:29,260 root                INFO: Train: Epoch 121: train loss 0.0000
2022-01-20 15:49:30,070 root                INFO: Train: Epoch 122: train loss 0.0000
2022-01-20 15:49:30,858 root                INFO: Train: Epoch 123: train loss 0.0000
2022-01-20 15:49:31,655 root                INFO: Train: Epoch 124: train loss 0.0000
2022-01-20 15:49:32,449 root                INFO: Train: Epoch 125: train loss 0.0000
2022-01-20 15:49:33,251 root                INFO: Train: Epoch 126: train loss 0.0000
2022-01-20 15:49:34,050 root                INFO: Train: Epoch 127: train loss 0.0000
2022-01-20 15:49:34,849 root                INFO: Train: Epoch 128: train loss 0.0000
2022-01-20 15:49:35,621 root                INFO: Train: Epoch 129: train loss 0.0000
2022-01-20 15:49:36,478 root                INFO: Train: Epoch 130: train loss 0.0000
2022-01-20 15:49:37,252 root                INFO: Train: Epoch 131: train loss 0.0000
2022-01-20 15:49:38,066 root                INFO: Train: Epoch 132: train loss 0.0000
2022-01-20 15:49:38,861 root                INFO: Train: Epoch 133: train loss 0.0000
2022-01-20 15:49:39,690 root                INFO: Train: Epoch 134: train loss 0.0000
2022-01-20 15:49:40,476 root                INFO: Train: Epoch 135: train loss 0.0000
2022-01-20 15:49:41,295 root                INFO: Train: Epoch 136: train loss 0.0000
2022-01-20 15:49:42,100 root                INFO: Train: Epoch 137: train loss 0.0000
2022-01-20 15:49:42,929 root                INFO: Train: Epoch 138: train loss 0.0000
2022-01-20 15:49:43,703 root                INFO: Train: Epoch 139: train loss 0.0000
2022-01-20 15:49:44,508 root                INFO: Train: Epoch 140: train loss 0.0000
2022-01-20 15:49:45,300 root                INFO: Train: Epoch 141: train loss 0.0000
2022-01-20 15:49:46,108 root                INFO: Train: Epoch 142: train loss 0.0000
2022-01-20 15:49:46,914 root                INFO: Train: Epoch 143: train loss 0.0000
2022-01-20 15:49:47,703 root                INFO: Train: Epoch 144: train loss 0.0000
2022-01-20 15:49:48,495 root                INFO: Train: Epoch 145: train loss 0.0000
2022-01-20 15:49:49,289 root                INFO: Train: Epoch 146: train loss 0.0000
2022-01-20 15:49:50,090 root                INFO: Train: Epoch 147: train loss 0.0000
2022-01-20 15:49:50,890 root                INFO: Train: Epoch 148: train loss 0.0000
2022-01-20 15:49:51,698 root                INFO: Train: Epoch 149: train loss 0.0000
2022-01-20 15:49:52,568 root                INFO: Train: Epoch 150: train loss 0.0000
2022-01-20 15:49:53,374 root                INFO: Train: Epoch 151: train loss 0.0000
2022-01-20 15:49:54,202 root                INFO: Train: Epoch 152: train loss 0.0000
2022-01-20 15:49:55,027 root                INFO: Train: Epoch 153: train loss 0.0000
2022-01-20 15:49:55,831 root                INFO: Train: Epoch 154: train loss 0.0000
2022-01-20 15:49:56,640 root                INFO: Train: Epoch 155: train loss 0.0000
2022-01-20 15:49:57,416 root                INFO: Train: Epoch 156: train loss 0.0000
2022-01-20 15:49:58,199 root                INFO: Train: Epoch 157: train loss 0.0000
2022-01-20 15:49:59,008 root                INFO: Train: Epoch 158: train loss 0.0000
2022-01-20 15:49:59,798 root                INFO: Train: Epoch 159: train loss 0.0000
2022-01-20 15:50:00,584 root                INFO: Train: Epoch 160: train loss 0.0000
2022-01-20 15:50:01,365 root                INFO: Train: Epoch 161: train loss 0.0000
2022-01-20 15:50:02,118 root                INFO: Train: Epoch 162: train loss 0.0000
2022-01-20 15:50:02,895 root                INFO: Train: Epoch 163: train loss 0.0000
2022-01-20 15:50:03,663 root                INFO: Train: Epoch 164: train loss 0.0000
2022-01-20 15:50:04,451 root                INFO: Train: Epoch 165: train loss 0.0000
2022-01-20 15:50:05,224 root                INFO: Train: Epoch 166: train loss 0.0000
2022-01-20 15:50:06,030 root                INFO: Train: Epoch 167: train loss 0.0000
2022-01-20 15:50:06,808 root                INFO: Train: Epoch 168: train loss 0.0000
2022-01-20 15:50:07,590 root                INFO: Train: Epoch 169: train loss 0.0000
2022-01-20 15:50:08,360 root                INFO: Train: Epoch 170: train loss 0.0000
2022-01-20 15:50:09,137 root                INFO: Train: Epoch 171: train loss 0.0000
2022-01-20 15:50:09,903 root                INFO: Train: Epoch 172: train loss 0.0000
2022-01-20 15:50:10,678 root                INFO: Train: Epoch 173: train loss 0.0000
2022-01-20 15:50:11,468 root                INFO: Train: Epoch 174: train loss 0.0000
2022-01-20 15:50:12,250 root                INFO: Train: Epoch 175: train loss 0.0000
2022-01-20 15:50:13,044 root                INFO: Train: Epoch 176: train loss 0.0000
2022-01-20 15:50:13,824 root                INFO: Train: Epoch 177: train loss 0.0000
2022-01-20 15:50:14,593 root                INFO: Train: Epoch 178: train loss 0.0000
2022-01-20 15:50:15,385 root                INFO: Train: Epoch 179: train loss 0.0000
2022-01-20 15:50:16,150 root                INFO: Train: Epoch 180: train loss 0.0000
2022-01-20 15:50:16,919 root                INFO: Train: Epoch 181: train loss 0.0000
2022-01-20 15:50:17,677 root                INFO: Train: Epoch 182: train loss 0.0000
2022-01-20 15:50:18,430 root                INFO: Train: Epoch 183: train loss 0.0000
2022-01-20 15:50:19,187 root                INFO: Train: Epoch 184: train loss 0.0000
2022-01-20 15:50:19,950 root                INFO: Train: Epoch 185: train loss 0.0000
2022-01-20 15:50:20,711 root                INFO: Train: Epoch 186: train loss 0.0000
2022-01-20 15:50:21,496 root                INFO: Train: Epoch 187: train loss 0.0000
2022-01-20 15:50:22,250 root                INFO: Train: Epoch 188: train loss 0.0000
2022-01-20 15:50:23,027 root                INFO: Train: Epoch 189: train loss 0.0000
2022-01-20 15:50:23,783 root                INFO: Train: Epoch 190: train loss 0.0000
2022-01-20 15:50:24,551 root                INFO: Train: Epoch 191: train loss 0.0000
2022-01-20 15:50:25,331 root                INFO: Train: Epoch 192: train loss 0.0000
2022-01-20 15:50:26,148 root                INFO: Train: Epoch 193: train loss 0.0000
2022-01-20 15:50:26,917 root                INFO: Train: Epoch 194: train loss 0.0000
2022-01-20 15:50:27,701 root                INFO: Train: Epoch 195: train loss 0.0000
2022-01-20 15:50:28,476 root                INFO: Train: Epoch 196: train loss 0.0000
2022-01-20 15:50:29,240 root                INFO: Train: Epoch 197: train loss 0.0000
2022-01-20 15:50:30,029 root                INFO: Train: Epoch 198: train loss 0.0000
2022-01-20 15:50:30,806 root                INFO: Train: Epoch 199: train loss 0.0000
2022-01-20 15:50:31,589 root                INFO: Train: Epoch 200: train loss 0.0000
2022-01-20 15:50:48,365 root                INFO: Valid: Epoch 200: kendall tau 0.1958; loss 0.549
2022-01-20 15:50:48,372 root                INFO: Epoch 200: Save checkpoint to nb301_ablation_mask/true/true_0.001/1/21/200.ckpt
2022-01-20 15:51:05,138 root                INFO: [0.0, 0.00784313725490196, 0.027450980392156862, 0.16333725029377202, 0.24241237517133346, 0.5978226817042607, 1.0]
2022-01-20 15:51:05,138 root                INFO: [1177, 1177]
