2022-01-19 23:02:13,026 root                INFO: GPU device = 3
2022-01-19 23:02:13,026 root                INFO: Load pkl cache from nasbench101.pkl and nasbench101_valid.pkl
2022-01-19 23:02:13,572 root                INFO: Config: {'arch_network_cfg': {'arch_embedder_cfg': {'b_use_bn': False, 'backward_gcn_out_dims': [128, 128, 128, 128, 128], 'concat_param_zs_as_opemb_dimension': 7, 'concat_param_zs_as_opemb_scale': 0.1, 'detach_vinfo': False, 'fb_conversion_dims': [128, 128], 'gcn_kwargs': {'plus_I': True, 'residual_only': 1}, 'gcn_out_dims': [128, 128, 128, 128, 128], 'hid_dim': 96, 'mask_nonparametrized_ops': False, 'node_embedding_dim': 48, 'num_time_steps': 3, 'op_embedding_dim': 48, 'symmetry_breaking_method': 'param_zs_add', 'updateopemb_detach_finfo': True, 'updateopemb_detach_opemb': True, 'updateopemb_dims': [128], 'updateopemb_method': 'concat_ofb', 'updateopemb_scale': 0.1}, 'arch_embedder_type': 'nb101-fbflow', 'compare_loss_type': 'margin_linear', 'compare_margin': 0.1, 'mlp_dropout': 0.1, 'mlp_hiddens': [200], 'optimizer': {'lr': 0.001, 'type': 'Adam'}, 'scheduler': None}, 'batch_size': 512, 'choose_pair_criterion': 'random', 'compare': True, 'compare_threshold': 0.0, 'epochs': 200, 'max_compare_ratio': 4.0}
2022-01-19 23:02:18,104 root                INFO: Combined args: Namespace(batch_size=512, cfg_file='cfgs/nb101_cfgs/gates_true_scale0.1.yaml', choose_pair_criterion='random', compare=True, compare_threshold=0.0, epochs=200, eval_only_last=5, gpu=3, load=None, max_compare_ratio=4.0, num_workers=4, report_freq=200, save_every=200, save_predict=None, seed=21, test_funcs=None, test_only=False, train_dir='nb1shot1_ablation_scale/true/0.1_0.005/123/21', train_pkl='../mynas/data/nasbench-1shot1/nasbench101_train_123.pkl', train_ratio=0.005, valid_pkl='../mynas/data/nasbench-1shot1/nasbench101_valid.pkl')
2022-01-19 23:02:18,115 root                INFO: Train dataset ratio: 0.005
2022-01-19 23:02:18,115 root                INFO: Number of architectures: train: 36; valid: 7290
2022-01-19 23:02:20,969 root                INFO: Train: Epoch   1: train loss 0.0990
2022-01-19 23:02:21,728 root                INFO: Train: Epoch   2: train loss 0.0920
2022-01-19 23:02:22,433 root                INFO: Train: Epoch   3: train loss 0.0824
2022-01-19 23:02:23,085 root                INFO: Train: Epoch   4: train loss 0.0713
2022-01-19 23:02:23,674 root                INFO: Train: Epoch   5: train loss 0.0609
2022-01-19 23:02:24,269 root                INFO: Train: Epoch   6: train loss 0.0496
2022-01-19 23:02:24,893 root                INFO: Train: Epoch   7: train loss 0.0483
2022-01-19 23:02:25,524 root                INFO: Train: Epoch   8: train loss 0.0453
2022-01-19 23:02:26,180 root                INFO: Train: Epoch   9: train loss 0.0501
2022-01-19 23:02:26,823 root                INFO: Train: Epoch  10: train loss 0.0456
2022-01-19 23:02:27,418 root                INFO: Train: Epoch  11: train loss 0.0554
2022-01-19 23:02:28,049 root                INFO: Train: Epoch  12: train loss 0.0412
2022-01-19 23:02:28,722 root                INFO: Train: Epoch  13: train loss 0.0423
2022-01-19 23:02:29,353 root                INFO: Train: Epoch  14: train loss 0.0392
2022-01-19 23:02:29,959 root                INFO: Train: Epoch  15: train loss 0.0427
2022-01-19 23:02:30,635 root                INFO: Train: Epoch  16: train loss 0.0464
2022-01-19 23:02:31,268 root                INFO: Train: Epoch  17: train loss 0.0439
2022-01-19 23:02:31,919 root                INFO: Train: Epoch  18: train loss 0.0334
2022-01-19 23:02:32,557 root                INFO: Train: Epoch  19: train loss 0.0518
2022-01-19 23:02:33,310 root                INFO: Train: Epoch  20: train loss 0.0513
2022-01-19 23:02:33,906 root                INFO: Train: Epoch  21: train loss 0.0401
2022-01-19 23:02:34,593 root                INFO: Train: Epoch  22: train loss 0.0360
2022-01-19 23:02:35,265 root                INFO: Train: Epoch  23: train loss 0.0498
2022-01-19 23:02:35,926 root                INFO: Train: Epoch  24: train loss 0.0355
2022-01-19 23:02:36,575 root                INFO: Train: Epoch  25: train loss 0.0375
2022-01-19 23:02:37,196 root                INFO: Train: Epoch  26: train loss 0.0421
2022-01-19 23:02:37,913 root                INFO: Train: Epoch  27: train loss 0.0488
2022-01-19 23:02:38,590 root                INFO: Train: Epoch  28: train loss 0.0328
2022-01-19 23:02:39,308 root                INFO: Train: Epoch  29: train loss 0.0313
2022-01-19 23:02:39,974 root                INFO: Train: Epoch  30: train loss 0.0296
2022-01-19 23:02:40,648 root                INFO: Train: Epoch  31: train loss 0.0325
2022-01-19 23:02:41,285 root                INFO: Train: Epoch  32: train loss 0.0249
2022-01-19 23:02:41,936 root                INFO: Train: Epoch  33: train loss 0.0268
2022-01-19 23:02:42,575 root                INFO: Train: Epoch  34: train loss 0.0239
2022-01-19 23:02:43,252 root                INFO: Train: Epoch  35: train loss 0.0269
2022-01-19 23:02:43,928 root                INFO: Train: Epoch  36: train loss 0.0320
2022-01-19 23:02:44,588 root                INFO: Train: Epoch  37: train loss 0.0250
2022-01-19 23:02:45,257 root                INFO: Train: Epoch  38: train loss 0.0256
2022-01-19 23:02:46,027 root                INFO: Train: Epoch  39: train loss 0.0204
2022-01-19 23:02:46,721 root                INFO: Train: Epoch  40: train loss 0.0282
2022-01-19 23:02:47,323 root                INFO: Train: Epoch  41: train loss 0.0224
2022-01-19 23:02:47,959 root                INFO: Train: Epoch  42: train loss 0.0253
2022-01-19 23:02:48,706 root                INFO: Train: Epoch  43: train loss 0.0222
2022-01-19 23:02:49,395 root                INFO: Train: Epoch  44: train loss 0.0242
2022-01-19 23:02:50,025 root                INFO: Train: Epoch  45: train loss 0.0234
2022-01-19 23:02:50,707 root                INFO: Train: Epoch  46: train loss 0.0211
2022-01-19 23:02:51,311 root                INFO: Train: Epoch  47: train loss 0.0184
2022-01-19 23:02:51,927 root                INFO: Train: Epoch  48: train loss 0.0261
2022-01-19 23:02:52,582 root                INFO: Train: Epoch  49: train loss 0.0250
2022-01-19 23:02:53,217 root                INFO: Train: Epoch  50: train loss 0.0185
2022-01-19 23:02:53,858 root                INFO: Train: Epoch  51: train loss 0.0153
2022-01-19 23:02:54,505 root                INFO: Train: Epoch  52: train loss 0.0214
2022-01-19 23:02:55,112 root                INFO: Train: Epoch  53: train loss 0.0191
2022-01-19 23:02:55,778 root                INFO: Train: Epoch  54: train loss 0.0122
2022-01-19 23:02:56,557 root                INFO: Train: Epoch  55: train loss 0.0182
2022-01-19 23:02:57,315 root                INFO: Train: Epoch  56: train loss 0.0199
2022-01-19 23:02:57,993 root                INFO: Train: Epoch  57: train loss 0.0136
2022-01-19 23:02:58,670 root                INFO: Train: Epoch  58: train loss 0.0204
2022-01-19 23:02:59,336 root                INFO: Train: Epoch  59: train loss 0.0228
2022-01-19 23:02:59,996 root                INFO: Train: Epoch  60: train loss 0.0243
2022-01-19 23:03:00,698 root                INFO: Train: Epoch  61: train loss 0.0186
2022-01-19 23:03:01,380 root                INFO: Train: Epoch  62: train loss 0.0181
2022-01-19 23:03:02,023 root                INFO: Train: Epoch  63: train loss 0.0157
2022-01-19 23:03:02,659 root                INFO: Train: Epoch  64: train loss 0.0146
2022-01-19 23:03:03,308 root                INFO: Train: Epoch  65: train loss 0.0296
2022-01-19 23:03:03,942 root                INFO: Train: Epoch  66: train loss 0.0184
2022-01-19 23:03:04,642 root                INFO: Train: Epoch  67: train loss 0.0202
2022-01-19 23:03:05,272 root                INFO: Train: Epoch  68: train loss 0.0198
2022-01-19 23:03:05,911 root                INFO: Train: Epoch  69: train loss 0.0188
2022-01-19 23:03:06,582 root                INFO: Train: Epoch  70: train loss 0.0153
2022-01-19 23:03:07,204 root                INFO: Train: Epoch  71: train loss 0.0173
2022-01-19 23:03:07,876 root                INFO: Train: Epoch  72: train loss 0.0102
2022-01-19 23:03:08,585 root                INFO: Train: Epoch  73: train loss 0.0179
2022-01-19 23:03:09,229 root                INFO: Train: Epoch  74: train loss 0.0141
2022-01-19 23:03:09,912 root                INFO: Train: Epoch  75: train loss 0.0140
2022-01-19 23:03:10,658 root                INFO: Train: Epoch  76: train loss 0.0171
2022-01-19 23:03:11,395 root                INFO: Train: Epoch  77: train loss 0.0093
2022-01-19 23:03:12,130 root                INFO: Train: Epoch  78: train loss 0.0104
2022-01-19 23:03:12,822 root                INFO: Train: Epoch  79: train loss 0.0168
2022-01-19 23:03:13,457 root                INFO: Train: Epoch  80: train loss 0.0191
2022-01-19 23:03:14,226 root                INFO: Train: Epoch  81: train loss 0.0115
2022-01-19 23:03:14,987 root                INFO: Train: Epoch  82: train loss 0.0202
2022-01-19 23:03:15,671 root                INFO: Train: Epoch  83: train loss 0.0148
2022-01-19 23:03:16,331 root                INFO: Train: Epoch  84: train loss 0.0131
2022-01-19 23:03:17,011 root                INFO: Train: Epoch  85: train loss 0.0056
2022-01-19 23:03:17,683 root                INFO: Train: Epoch  86: train loss 0.0190
2022-01-19 23:03:18,336 root                INFO: Train: Epoch  87: train loss 0.0166
2022-01-19 23:03:19,023 root                INFO: Train: Epoch  88: train loss 0.0119
2022-01-19 23:03:19,739 root                INFO: Train: Epoch  89: train loss 0.0106
2022-01-19 23:03:20,410 root                INFO: Train: Epoch  90: train loss 0.0148
2022-01-19 23:03:21,063 root                INFO: Train: Epoch  91: train loss 0.0139
2022-01-19 23:03:21,718 root                INFO: Train: Epoch  92: train loss 0.0122
2022-01-19 23:03:22,381 root                INFO: Train: Epoch  93: train loss 0.0153
2022-01-19 23:03:23,070 root                INFO: Train: Epoch  94: train loss 0.0138
2022-01-19 23:03:23,780 root                INFO: Train: Epoch  95: train loss 0.0115
2022-01-19 23:03:24,446 root                INFO: Train: Epoch  96: train loss 0.0132
2022-01-19 23:03:25,116 root                INFO: Train: Epoch  97: train loss 0.0115
2022-01-19 23:03:25,854 root                INFO: Train: Epoch  98: train loss 0.0184
2022-01-19 23:03:26,551 root                INFO: Train: Epoch  99: train loss 0.0100
2022-01-19 23:03:27,255 root                INFO: Train: Epoch 100: train loss 0.0165
2022-01-19 23:03:27,913 root                INFO: Train: Epoch 101: train loss 0.0100
2022-01-19 23:03:28,605 root                INFO: Train: Epoch 102: train loss 0.0080
2022-01-19 23:03:29,404 root                INFO: Train: Epoch 103: train loss 0.0077
2022-01-19 23:03:30,130 root                INFO: Train: Epoch 104: train loss 0.0109
2022-01-19 23:03:30,810 root                INFO: Train: Epoch 105: train loss 0.0079
2022-01-19 23:03:31,483 root                INFO: Train: Epoch 106: train loss 0.0101
2022-01-19 23:03:32,102 root                INFO: Train: Epoch 107: train loss 0.0068
2022-01-19 23:03:32,782 root                INFO: Train: Epoch 108: train loss 0.0054
2022-01-19 23:03:33,533 root                INFO: Train: Epoch 109: train loss 0.0082
2022-01-19 23:03:34,279 root                INFO: Train: Epoch 110: train loss 0.0092
2022-01-19 23:03:34,973 root                INFO: Train: Epoch 111: train loss 0.0080
2022-01-19 23:03:35,633 root                INFO: Train: Epoch 112: train loss 0.0114
2022-01-19 23:03:36,334 root                INFO: Train: Epoch 113: train loss 0.0102
2022-01-19 23:03:37,043 root                INFO: Train: Epoch 114: train loss 0.0077
2022-01-19 23:03:37,826 root                INFO: Train: Epoch 115: train loss 0.0144
2022-01-19 23:03:38,475 root                INFO: Train: Epoch 116: train loss 0.0088
2022-01-19 23:03:39,111 root                INFO: Train: Epoch 117: train loss 0.0085
2022-01-19 23:03:39,779 root                INFO: Train: Epoch 118: train loss 0.0138
2022-01-19 23:03:40,429 root                INFO: Train: Epoch 119: train loss 0.0130
2022-01-19 23:03:41,143 root                INFO: Train: Epoch 120: train loss 0.0090
2022-01-19 23:03:41,815 root                INFO: Train: Epoch 121: train loss 0.0152
2022-01-19 23:03:42,439 root                INFO: Train: Epoch 122: train loss 0.0072
2022-01-19 23:03:43,077 root                INFO: Train: Epoch 123: train loss 0.0079
2022-01-19 23:03:43,762 root                INFO: Train: Epoch 124: train loss 0.0115
2022-01-19 23:03:44,411 root                INFO: Train: Epoch 125: train loss 0.0076
2022-01-19 23:03:45,135 root                INFO: Train: Epoch 126: train loss 0.0098
2022-01-19 23:03:45,843 root                INFO: Train: Epoch 127: train loss 0.0066
2022-01-19 23:03:46,502 root                INFO: Train: Epoch 128: train loss 0.0044
2022-01-19 23:03:47,187 root                INFO: Train: Epoch 129: train loss 0.0072
2022-01-19 23:03:47,861 root                INFO: Train: Epoch 130: train loss 0.0073
2022-01-19 23:03:48,525 root                INFO: Train: Epoch 131: train loss 0.0064
2022-01-19 23:03:49,263 root                INFO: Train: Epoch 132: train loss 0.0045
2022-01-19 23:03:49,937 root                INFO: Train: Epoch 133: train loss 0.0032
2022-01-19 23:03:50,589 root                INFO: Train: Epoch 134: train loss 0.0055
2022-01-19 23:03:51,251 root                INFO: Train: Epoch 135: train loss 0.0018
2022-01-19 23:03:51,853 root                INFO: Train: Epoch 136: train loss 0.0037
2022-01-19 23:03:52,596 root                INFO: Train: Epoch 137: train loss 0.0065
2022-01-19 23:03:53,346 root                INFO: Train: Epoch 138: train loss 0.0089
2022-01-19 23:03:53,990 root                INFO: Train: Epoch 139: train loss 0.0027
2022-01-19 23:03:54,697 root                INFO: Train: Epoch 140: train loss 0.0052
2022-01-19 23:03:55,379 root                INFO: Train: Epoch 141: train loss 0.0068
2022-01-19 23:03:56,063 root                INFO: Train: Epoch 142: train loss 0.0080
2022-01-19 23:03:56,805 root                INFO: Train: Epoch 143: train loss 0.0093
2022-01-19 23:03:57,575 root                INFO: Train: Epoch 144: train loss 0.0033
2022-01-19 23:03:58,269 root                INFO: Train: Epoch 145: train loss 0.0102
2022-01-19 23:03:58,943 root                INFO: Train: Epoch 146: train loss 0.0053
2022-01-19 23:03:59,578 root                INFO: Train: Epoch 147: train loss 0.0069
2022-01-19 23:04:00,198 root                INFO: Train: Epoch 148: train loss 0.0044
2022-01-19 23:04:00,935 root                INFO: Train: Epoch 149: train loss 0.0050
2022-01-19 23:04:01,665 root                INFO: Train: Epoch 150: train loss 0.0022
2022-01-19 23:04:02,330 root                INFO: Train: Epoch 151: train loss 0.0038
2022-01-19 23:04:02,982 root                INFO: Train: Epoch 152: train loss 0.0046
2022-01-19 23:04:03,660 root                INFO: Train: Epoch 153: train loss 0.0022
2022-01-19 23:04:04,342 root                INFO: Train: Epoch 154: train loss 0.0025
2022-01-19 23:04:05,048 root                INFO: Train: Epoch 155: train loss 0.0018
2022-01-19 23:04:05,685 root                INFO: Train: Epoch 156: train loss 0.0024
2022-01-19 23:04:06,295 root                INFO: Train: Epoch 157: train loss 0.0050
2022-01-19 23:04:06,968 root                INFO: Train: Epoch 158: train loss 0.0019
2022-01-19 23:04:07,614 root                INFO: Train: Epoch 159: train loss 0.0048
2022-01-19 23:04:08,306 root                INFO: Train: Epoch 160: train loss 0.0049
2022-01-19 23:04:08,954 root                INFO: Train: Epoch 161: train loss 0.0039
2022-01-19 23:04:09,639 root                INFO: Train: Epoch 162: train loss 0.0026
2022-01-19 23:04:10,330 root                INFO: Train: Epoch 163: train loss 0.0058
2022-01-19 23:04:10,987 root                INFO: Train: Epoch 164: train loss 0.0018
2022-01-19 23:04:11,652 root                INFO: Train: Epoch 165: train loss 0.0029
2022-01-19 23:04:12,325 root                INFO: Train: Epoch 166: train loss 0.0082
2022-01-19 23:04:12,989 root                INFO: Train: Epoch 167: train loss 0.0057
2022-01-19 23:04:13,659 root                INFO: Train: Epoch 168: train loss 0.0036
2022-01-19 23:04:14,289 root                INFO: Train: Epoch 169: train loss 0.0082
2022-01-19 23:04:14,957 root                INFO: Train: Epoch 170: train loss 0.0217
2022-01-19 23:04:15,636 root                INFO: Train: Epoch 171: train loss 0.0068
2022-01-19 23:04:16,287 root                INFO: Train: Epoch 172: train loss 0.0164
2022-01-19 23:04:16,961 root                INFO: Train: Epoch 173: train loss 0.0122
2022-01-19 23:04:17,666 root                INFO: Train: Epoch 174: train loss 0.0111
2022-01-19 23:04:18,309 root                INFO: Train: Epoch 175: train loss 0.0063
2022-01-19 23:04:19,001 root                INFO: Train: Epoch 176: train loss 0.0078
2022-01-19 23:04:19,696 root                INFO: Train: Epoch 177: train loss 0.0063
2022-01-19 23:04:20,407 root                INFO: Train: Epoch 178: train loss 0.0097
2022-01-19 23:04:21,131 root                INFO: Train: Epoch 179: train loss 0.0081
2022-01-19 23:04:21,801 root                INFO: Train: Epoch 180: train loss 0.0082
2022-01-19 23:04:22,482 root                INFO: Train: Epoch 181: train loss 0.0029
2022-01-19 23:04:23,222 root                INFO: Train: Epoch 182: train loss 0.0128
2022-01-19 23:04:23,902 root                INFO: Train: Epoch 183: train loss 0.0089
2022-01-19 23:04:24,590 root                INFO: Train: Epoch 184: train loss 0.0159
2022-01-19 23:04:25,303 root                INFO: Train: Epoch 185: train loss 0.0150
2022-01-19 23:04:25,961 root                INFO: Train: Epoch 186: train loss 0.0070
2022-01-19 23:04:26,788 root                INFO: Train: Epoch 187: train loss 0.0071
2022-01-19 23:04:27,450 root                INFO: Train: Epoch 188: train loss 0.0106
2022-01-19 23:04:28,082 root                INFO: Train: Epoch 189: train loss 0.0040
2022-01-19 23:04:28,764 root                INFO: Train: Epoch 190: train loss 0.0026
2022-01-19 23:04:29,436 root                INFO: Train: Epoch 191: train loss 0.0058
2022-01-19 23:04:30,106 root                INFO: Train: Epoch 192: train loss 0.0052
2022-01-19 23:04:30,796 root                INFO: Train: Epoch 193: train loss 0.0073
2022-01-19 23:04:31,489 root                INFO: Train: Epoch 194: train loss 0.0053
2022-01-19 23:04:32,181 root                INFO: Train: Epoch 195: train loss 0.0030
2022-01-19 23:04:32,826 root                INFO: Train: Epoch 196: train loss 0.0074
2022-01-19 23:04:35,101 root                INFO: Valid: Epoch 196: kendall tau 0.6644; loss 0.3425
2022-01-19 23:04:35,706 root                INFO: Train: Epoch 197: train loss 0.0038
2022-01-19 23:04:37,796 root                INFO: Valid: Epoch 197: kendall tau 0.6583; loss 0.3477
2022-01-19 23:04:38,518 root                INFO: Train: Epoch 198: train loss 0.0060
2022-01-19 23:04:40,645 root                INFO: Valid: Epoch 198: kendall tau 0.6494; loss 0.3571
2022-01-19 23:04:41,436 root                INFO: Train: Epoch 199: train loss 0.0055
2022-01-19 23:04:43,729 root                INFO: Valid: Epoch 199: kendall tau 0.6441; loss 0.3586
2022-01-19 23:04:44,378 root                INFO: Train: Epoch 200: train loss 0.0071
2022-01-19 23:04:46,511 root                INFO: Valid: Epoch 200: kendall tau 0.6442; loss 0.3465
2022-01-19 23:04:46,518 root                INFO: Epoch 200: Save checkpoint to nb1shot1_ablation_scale/true/0.1_0.005/123/21/200.ckpt
2022-01-19 23:04:48,595 root                INFO: [0.14285714285714285, 0.2222222222222222, 0.3888888888888889, 0.5824175824175825, 0.6748971193415638, 0.8381344307270233, 1.0]
2022-01-19 23:04:48,596 root                INFO: [42, 7]
