2022-01-21 17:36:15,483 root                INFO: GPU device = 3
2022-01-21 17:36:15,483 root                INFO: Load pkl cache from nasbench301_train.pkl and nasbench301_valid.pkl
2022-01-21 17:36:16,046 root                INFO: Config: {'arch_network_cfg': {'arch_embedder_cfg': {'take_adj_as_input': True, 'gcn_kwargs': {'residual_only': 2}, 'gcn_out_dims': [64, 64, 64, 64, 64], 'hidden_dim': 32, 'node_dim': 32, 'op_dim': 32, 'use_bn': False, 'final_concat': False, 'other_node_zero': False, 'num_time_steps': 2, 'fb_conversion_dims': [64, 64], 'backward_gcn_out_dims': [64, 64, 64, 64, 64], 'updateopemb_method': 'concat_ofb', 'updateopemb_dims': [64], 'share_skip_and_outskip': True, 'detach_vinfo': False, 'updateopemb_scale': 0.1, 'updateopemb_detach_opemb': True, 'updateopemb_detach_finfo': True, 'mask_nonparametrized_ops': True, 'symmetry_breaking_method': 'param_zs_add', 'concat_param_zs_as_opemb_dimension': 5, 'concat_param_zs_as_opemb_scale': 1.0}, 'arch_embedder_type': 'cellss-fbflow-anytime', 'compare_loss_type': 'margin_linear', 'compare_margin': 0.1, 'mlp_dropout': 0.1, 'mlp_hiddens': [200], 'mlp_out_dim': 1, 'optimizer': {'lr': 0.001, 'type': 'Adam'}, 'scheduler': None}, 'arch_network_type': 'pointwise_comparator', 'batch_size': 128, 'choose_pair_criterion': 'random', 'compare': False, 'compare_threshold': 0.0, 'epochs': 200, 'max_compare_ratio': 16.0}
2022-01-21 17:36:19,240 root                INFO: Combined args: Namespace(arch_network_type='pointwise_comparator', batch_size=128, cfg_file='cfgs/nb301_cfgs/tagates_anytime.yaml', choose_pair_criterion='random', compare=False, compare_threshold=0.0, epochs=200, eval_only_last=1, gpu=3, load=None, max_compare_ratio=16.0, num_workers=4, report_freq=200, save_every=200, save_predict=None, seed=21, test_funcs=None, test_only=False, train_dir='nb301_anytime_tagates/tagates_0.01/12/21', train_pkl='../mynas/data/nasbench-301/nasbench301_train_mtx_anytime_12.pkl', train_ratio=0.01, valid_pkl='../mynas/data/nasbench-301/nasbench301_valid_mtx_anytime.pkl')
2022-01-21 17:36:19,249 root                INFO: Train dataset ratio: 0.010
2022-01-21 17:36:19,250 root                INFO: Number of architectures: train: 58; valid: 51072
2022-01-21 17:36:32,691 root                INFO: Train: Epoch   1: train loss 0.3300
2022-01-21 17:36:33,252 root                INFO: Train: Epoch   2: train loss 0.3181
2022-01-21 17:36:33,768 root                INFO: Train: Epoch   3: train loss 0.3059
2022-01-21 17:36:34,322 root                INFO: Train: Epoch   4: train loss 0.2905
2022-01-21 17:36:34,904 root                INFO: Train: Epoch   5: train loss 0.2736
2022-01-21 17:36:35,434 root                INFO: Train: Epoch   6: train loss 0.2519
2022-01-21 17:36:35,977 root                INFO: Train: Epoch   7: train loss 0.2247
2022-01-21 17:36:36,511 root                INFO: Train: Epoch   8: train loss 0.1921
2022-01-21 17:36:37,032 root                INFO: Train: Epoch   9: train loss 0.1523
2022-01-21 17:36:37,565 root                INFO: Train: Epoch  10: train loss 0.1059
2022-01-21 17:36:38,098 root                INFO: Train: Epoch  11: train loss 0.0608
2022-01-21 17:36:38,652 root                INFO: Train: Epoch  12: train loss 0.0231
2022-01-21 17:36:39,186 root                INFO: Train: Epoch  13: train loss 0.0041
2022-01-21 17:36:39,694 root                INFO: Train: Epoch  14: train loss 0.0024
2022-01-21 17:36:40,234 root                INFO: Train: Epoch  15: train loss 0.0074
2022-01-21 17:36:40,762 root                INFO: Train: Epoch  16: train loss 0.0124
2022-01-21 17:36:41,271 root                INFO: Train: Epoch  17: train loss 0.0150
2022-01-21 17:36:41,832 root                INFO: Train: Epoch  18: train loss 0.0165
2022-01-21 17:36:42,385 root                INFO: Train: Epoch  19: train loss 0.0173
2022-01-21 17:36:42,947 root                INFO: Train: Epoch  20: train loss 0.0177
2022-01-21 17:36:43,503 root                INFO: Train: Epoch  21: train loss 0.0180
2022-01-21 17:36:44,042 root                INFO: Train: Epoch  22: train loss 0.0181
2022-01-21 17:36:44,583 root                INFO: Train: Epoch  23: train loss 0.0181
2022-01-21 17:36:45,123 root                INFO: Train: Epoch  24: train loss 0.0181
2022-01-21 17:36:45,670 root                INFO: Train: Epoch  25: train loss 0.0182
2022-01-21 17:36:46,226 root                INFO: Train: Epoch  26: train loss 0.0182
2022-01-21 17:36:46,747 root                INFO: Train: Epoch  27: train loss 0.0182
2022-01-21 17:36:47,285 root                INFO: Train: Epoch  28: train loss 0.0182
2022-01-21 17:36:47,816 root                INFO: Train: Epoch  29: train loss 0.0182
2022-01-21 17:36:48,361 root                INFO: Train: Epoch  30: train loss 0.0182
2022-01-21 17:36:48,898 root                INFO: Train: Epoch  31: train loss 0.0182
2022-01-21 17:36:49,404 root                INFO: Train: Epoch  32: train loss 0.0182
2022-01-21 17:36:49,929 root                INFO: Train: Epoch  33: train loss 0.0182
2022-01-21 17:36:50,461 root                INFO: Train: Epoch  34: train loss 0.0182
2022-01-21 17:36:51,021 root                INFO: Train: Epoch  35: train loss 0.0182
2022-01-21 17:36:51,534 root                INFO: Train: Epoch  36: train loss 0.0182
2022-01-21 17:36:52,075 root                INFO: Train: Epoch  37: train loss 0.0182
2022-01-21 17:36:52,634 root                INFO: Train: Epoch  38: train loss 0.0182
2022-01-21 17:36:53,191 root                INFO: Train: Epoch  39: train loss 0.0182
2022-01-21 17:36:53,756 root                INFO: Train: Epoch  40: train loss 0.0182
2022-01-21 17:36:54,311 root                INFO: Train: Epoch  41: train loss 0.0182
2022-01-21 17:36:54,906 root                INFO: Train: Epoch  42: train loss 0.0182
2022-01-21 17:36:55,432 root                INFO: Train: Epoch  43: train loss 0.0182
2022-01-21 17:36:55,951 root                INFO: Train: Epoch  44: train loss 0.0182
2022-01-21 17:36:56,510 root                INFO: Train: Epoch  45: train loss 0.0182
2022-01-21 17:36:57,078 root                INFO: Train: Epoch  46: train loss 0.0182
2022-01-21 17:36:57,630 root                INFO: Train: Epoch  47: train loss 0.0182
2022-01-21 17:36:58,170 root                INFO: Train: Epoch  48: train loss 0.0182
2022-01-21 17:36:58,681 root                INFO: Train: Epoch  49: train loss 0.0182
2022-01-21 17:36:59,218 root                INFO: Train: Epoch  50: train loss 0.0182
2022-01-21 17:36:59,746 root                INFO: Train: Epoch  51: train loss 0.0182
2022-01-21 17:37:00,264 root                INFO: Train: Epoch  52: train loss 0.0182
2022-01-21 17:37:00,798 root                INFO: Train: Epoch  53: train loss 0.0182
2022-01-21 17:37:01,332 root                INFO: Train: Epoch  54: train loss 0.0182
2022-01-21 17:37:01,867 root                INFO: Train: Epoch  55: train loss 0.0182
2022-01-21 17:37:02,409 root                INFO: Train: Epoch  56: train loss 0.0182
2022-01-21 17:37:02,937 root                INFO: Train: Epoch  57: train loss 0.0182
2022-01-21 17:37:03,434 root                INFO: Train: Epoch  58: train loss 0.0182
2022-01-21 17:37:03,997 root                INFO: Train: Epoch  59: train loss 0.0182
2022-01-21 17:37:04,518 root                INFO: Train: Epoch  60: train loss 0.0182
2022-01-21 17:37:05,026 root                INFO: Train: Epoch  61: train loss 0.0182
2022-01-21 17:37:05,513 root                INFO: Train: Epoch  62: train loss 0.0182
2022-01-21 17:37:06,017 root                INFO: Train: Epoch  63: train loss 0.0182
2022-01-21 17:37:06,520 root                INFO: Train: Epoch  64: train loss 0.0182
2022-01-21 17:37:07,015 root                INFO: Train: Epoch  65: train loss 0.0182
2022-01-21 17:37:07,536 root                INFO: Train: Epoch  66: train loss 0.0182
2022-01-21 17:37:08,029 root                INFO: Train: Epoch  67: train loss 0.0182
2022-01-21 17:37:08,546 root                INFO: Train: Epoch  68: train loss 0.0182
2022-01-21 17:37:09,090 root                INFO: Train: Epoch  69: train loss 0.0182
2022-01-21 17:37:09,618 root                INFO: Train: Epoch  70: train loss 0.0182
2022-01-21 17:37:10,164 root                INFO: Train: Epoch  71: train loss 0.0182
2022-01-21 17:37:10,664 root                INFO: Train: Epoch  72: train loss 0.0182
2022-01-21 17:37:11,172 root                INFO: Train: Epoch  73: train loss 0.0182
2022-01-21 17:37:11,675 root                INFO: Train: Epoch  74: train loss 0.0182
2022-01-21 17:37:12,196 root                INFO: Train: Epoch  75: train loss 0.0182
2022-01-21 17:37:12,678 root                INFO: Train: Epoch  76: train loss 0.0182
2022-01-21 17:37:13,191 root                INFO: Train: Epoch  77: train loss 0.0182
2022-01-21 17:37:13,692 root                INFO: Train: Epoch  78: train loss 0.0182
2022-01-21 17:37:14,198 root                INFO: Train: Epoch  79: train loss 0.0182
2022-01-21 17:37:14,711 root                INFO: Train: Epoch  80: train loss 0.0182
2022-01-21 17:37:15,209 root                INFO: Train: Epoch  81: train loss 0.0182
2022-01-21 17:37:15,711 root                INFO: Train: Epoch  82: train loss 0.0182
2022-01-21 17:37:16,201 root                INFO: Train: Epoch  83: train loss 0.0182
2022-01-21 17:37:16,677 root                INFO: Train: Epoch  84: train loss 0.0182
2022-01-21 17:37:17,160 root                INFO: Train: Epoch  85: train loss 0.0182
2022-01-21 17:37:17,671 root                INFO: Train: Epoch  86: train loss 0.0182
2022-01-21 17:37:18,195 root                INFO: Train: Epoch  87: train loss 0.0182
2022-01-21 17:37:18,745 root                INFO: Train: Epoch  88: train loss 0.0182
2022-01-21 17:37:19,216 root                INFO: Train: Epoch  89: train loss 0.0182
2022-01-21 17:37:19,673 root                INFO: Train: Epoch  90: train loss 0.0182
2022-01-21 17:37:20,133 root                INFO: Train: Epoch  91: train loss 0.0182
2022-01-21 17:37:20,613 root                INFO: Train: Epoch  92: train loss 0.0182
2022-01-21 17:37:21,137 root                INFO: Train: Epoch  93: train loss 0.0182
2022-01-21 17:37:21,616 root                INFO: Train: Epoch  94: train loss 0.0182
2022-01-21 17:37:22,131 root                INFO: Train: Epoch  95: train loss 0.0182
2022-01-21 17:37:22,611 root                INFO: Train: Epoch  96: train loss 0.0182
2022-01-21 17:37:23,120 root                INFO: Train: Epoch  97: train loss 0.0182
2022-01-21 17:37:23,637 root                INFO: Train: Epoch  98: train loss 0.0182
2022-01-21 17:37:24,151 root                INFO: Train: Epoch  99: train loss 0.0182
2022-01-21 17:37:24,674 root                INFO: Train: Epoch 100: train loss 0.0182
2022-01-21 17:37:25,180 root                INFO: Train: Epoch 101: train loss 0.0182
2022-01-21 17:37:25,683 root                INFO: Train: Epoch 102: train loss 0.0182
2022-01-21 17:37:26,211 root                INFO: Train: Epoch 103: train loss 0.0182
2022-01-21 17:37:26,726 root                INFO: Train: Epoch 104: train loss 0.0182
2022-01-21 17:37:27,236 root                INFO: Train: Epoch 105: train loss 0.0182
2022-01-21 17:37:27,733 root                INFO: Train: Epoch 106: train loss 0.0182
2022-01-21 17:37:28,225 root                INFO: Train: Epoch 107: train loss 0.0182
2022-01-21 17:37:28,686 root                INFO: Train: Epoch 108: train loss 0.0182
2022-01-21 17:37:29,214 root                INFO: Train: Epoch 109: train loss 0.0182
2022-01-21 17:37:29,708 root                INFO: Train: Epoch 110: train loss 0.0182
2022-01-21 17:37:30,194 root                INFO: Train: Epoch 111: train loss 0.0182
2022-01-21 17:37:30,707 root                INFO: Train: Epoch 112: train loss 0.0182
2022-01-21 17:37:31,198 root                INFO: Train: Epoch 113: train loss 0.0182
2022-01-21 17:37:31,709 root                INFO: Train: Epoch 114: train loss 0.0182
2022-01-21 17:37:32,232 root                INFO: Train: Epoch 115: train loss 0.0182
2022-01-21 17:37:32,735 root                INFO: Train: Epoch 116: train loss 0.0182
2022-01-21 17:37:33,251 root                INFO: Train: Epoch 117: train loss 0.0182
2022-01-21 17:37:33,755 root                INFO: Train: Epoch 118: train loss 0.0182
2022-01-21 17:37:34,255 root                INFO: Train: Epoch 119: train loss 0.0182
2022-01-21 17:37:34,825 root                INFO: Train: Epoch 120: train loss 0.0182
2022-01-21 17:37:35,343 root                INFO: Train: Epoch 121: train loss 0.0182
2022-01-21 17:37:35,870 root                INFO: Train: Epoch 122: train loss 0.0182
2022-01-21 17:37:36,489 root                INFO: Train: Epoch 123: train loss 0.0182
2022-01-21 17:37:37,053 root                INFO: Train: Epoch 124: train loss 0.0182
2022-01-21 17:37:37,605 root                INFO: Train: Epoch 125: train loss 0.0182
2022-01-21 17:37:38,118 root                INFO: Train: Epoch 126: train loss 0.0182
2022-01-21 17:37:38,631 root                INFO: Train: Epoch 127: train loss 0.0182
2022-01-21 17:37:39,167 root                INFO: Train: Epoch 128: train loss 0.0182
2022-01-21 17:37:39,707 root                INFO: Train: Epoch 129: train loss 0.0182
2022-01-21 17:37:40,237 root                INFO: Train: Epoch 130: train loss 0.0182
2022-01-21 17:37:40,766 root                INFO: Train: Epoch 131: train loss 0.0182
2022-01-21 17:37:41,309 root                INFO: Train: Epoch 132: train loss 0.0182
2022-01-21 17:37:41,856 root                INFO: Train: Epoch 133: train loss 0.0182
2022-01-21 17:37:42,412 root                INFO: Train: Epoch 134: train loss 0.0182
2022-01-21 17:37:42,942 root                INFO: Train: Epoch 135: train loss 0.0182
2022-01-21 17:37:43,488 root                INFO: Train: Epoch 136: train loss 0.0182
2022-01-21 17:37:44,051 root                INFO: Train: Epoch 137: train loss 0.0182
2022-01-21 17:37:44,614 root                INFO: Train: Epoch 138: train loss 0.0182
2022-01-21 17:37:45,142 root                INFO: Train: Epoch 139: train loss 0.0182
2022-01-21 17:37:45,683 root                INFO: Train: Epoch 140: train loss 0.0182
2022-01-21 17:37:46,212 root                INFO: Train: Epoch 141: train loss 0.0182
2022-01-21 17:37:46,728 root                INFO: Train: Epoch 142: train loss 0.0182
2022-01-21 17:37:47,241 root                INFO: Train: Epoch 143: train loss 0.0182
2022-01-21 17:37:47,749 root                INFO: Train: Epoch 144: train loss 0.0182
2022-01-21 17:37:48,269 root                INFO: Train: Epoch 145: train loss 0.0182
2022-01-21 17:37:48,785 root                INFO: Train: Epoch 146: train loss 0.0182
2022-01-21 17:37:49,283 root                INFO: Train: Epoch 147: train loss 0.0182
2022-01-21 17:37:49,796 root                INFO: Train: Epoch 148: train loss 0.0182
2022-01-21 17:37:50,310 root                INFO: Train: Epoch 149: train loss 0.0182
2022-01-21 17:37:50,860 root                INFO: Train: Epoch 150: train loss 0.0182
2022-01-21 17:37:51,393 root                INFO: Train: Epoch 151: train loss 0.0182
2022-01-21 17:37:51,915 root                INFO: Train: Epoch 152: train loss 0.0182
2022-01-21 17:37:52,433 root                INFO: Train: Epoch 153: train loss 0.0182
2022-01-21 17:37:52,968 root                INFO: Train: Epoch 154: train loss 0.0182
2022-01-21 17:37:53,498 root                INFO: Train: Epoch 155: train loss 0.0182
2022-01-21 17:37:54,059 root                INFO: Train: Epoch 156: train loss 0.0182
2022-01-21 17:37:54,612 root                INFO: Train: Epoch 157: train loss 0.0182
2022-01-21 17:37:55,164 root                INFO: Train: Epoch 158: train loss 0.0182
2022-01-21 17:37:55,706 root                INFO: Train: Epoch 159: train loss 0.0182
2022-01-21 17:37:56,253 root                INFO: Train: Epoch 160: train loss 0.0182
2022-01-21 17:37:56,789 root                INFO: Train: Epoch 161: train loss 0.0182
2022-01-21 17:37:57,330 root                INFO: Train: Epoch 162: train loss 0.0182
2022-01-21 17:37:57,865 root                INFO: Train: Epoch 163: train loss 0.0182
2022-01-21 17:37:58,404 root                INFO: Train: Epoch 164: train loss 0.0182
2022-01-21 17:37:58,986 root                INFO: Train: Epoch 165: train loss 0.0182
2022-01-21 17:37:59,544 root                INFO: Train: Epoch 166: train loss 0.0182
2022-01-21 17:38:00,106 root                INFO: Train: Epoch 167: train loss 0.0182
2022-01-21 17:38:00,665 root                INFO: Train: Epoch 168: train loss 0.0182
2022-01-21 17:38:01,205 root                INFO: Train: Epoch 169: train loss 0.0182
2022-01-21 17:38:01,729 root                INFO: Train: Epoch 170: train loss 0.0182
2022-01-21 17:38:02,221 root                INFO: Train: Epoch 171: train loss 0.0182
2022-01-21 17:38:02,727 root                INFO: Train: Epoch 172: train loss 0.0182
2022-01-21 17:38:03,282 root                INFO: Train: Epoch 173: train loss 0.0182
2022-01-21 17:38:03,843 root                INFO: Train: Epoch 174: train loss 0.0182
2022-01-21 17:38:04,372 root                INFO: Train: Epoch 175: train loss 0.0182
2022-01-21 17:38:04,885 root                INFO: Train: Epoch 176: train loss 0.0182
2022-01-21 17:38:05,426 root                INFO: Train: Epoch 177: train loss 0.0182
2022-01-21 17:38:05,969 root                INFO: Train: Epoch 178: train loss 0.0182
2022-01-21 17:38:06,503 root                INFO: Train: Epoch 179: train loss 0.0182
2022-01-21 17:38:07,048 root                INFO: Train: Epoch 180: train loss 0.0182
2022-01-21 17:38:07,583 root                INFO: Train: Epoch 181: train loss 0.0182
2022-01-21 17:38:08,142 root                INFO: Train: Epoch 182: train loss 0.0182
2022-01-21 17:38:08,667 root                INFO: Train: Epoch 183: train loss 0.0182
2022-01-21 17:38:09,178 root                INFO: Train: Epoch 184: train loss 0.0182
2022-01-21 17:38:09,698 root                INFO: Train: Epoch 185: train loss 0.0182
2022-01-21 17:38:10,216 root                INFO: Train: Epoch 186: train loss 0.0182
2022-01-21 17:38:10,732 root                INFO: Train: Epoch 187: train loss 0.0182
2022-01-21 17:38:11,235 root                INFO: Train: Epoch 188: train loss 0.0182
2022-01-21 17:38:11,747 root                INFO: Train: Epoch 189: train loss 0.0182
2022-01-21 17:38:12,251 root                INFO: Train: Epoch 190: train loss 0.0182
2022-01-21 17:38:12,764 root                INFO: Train: Epoch 191: train loss 0.0182
2022-01-21 17:38:13,259 root                INFO: Train: Epoch 192: train loss 0.0182
2022-01-21 17:38:13,782 root                INFO: Train: Epoch 193: train loss 0.0182
2022-01-21 17:38:14,308 root                INFO: Train: Epoch 194: train loss 0.0182
2022-01-21 17:38:14,821 root                INFO: Train: Epoch 195: train loss 0.0182
2022-01-21 17:38:15,337 root                INFO: Train: Epoch 196: train loss 0.0182
2022-01-21 17:38:15,841 root                INFO: Train: Epoch 197: train loss 0.0182
2022-01-21 17:38:16,400 root                INFO: Train: Epoch 198: train loss 0.0182
2022-01-21 17:38:16,934 root                INFO: Train: Epoch 199: train loss 0.0182
2022-01-21 17:38:17,472 root                INFO: Train: Epoch 200: train loss 0.0182
2022-01-21 17:38:31,735 root                INFO: Valid: Epoch 200: kendall tau 0.1914 0.0724; loss 0.01372 0.004756
2022-01-21 17:38:31,741 root                INFO: Epoch 200: Save checkpoint to nb301_anytime_tagates/tagates_0.01/12/21/200.ckpt
2022-01-21 17:38:45,865 root                INFO: [0.0, 0.0, 0.011764705882352941, 0.09831570701135918, 0.2416291364793421, 0.621984649122807, 1.0]
2022-01-21 17:38:45,865 root                INFO: [0.0, 0.0, 0.0, 0.07794751273012143, 0.1703544155081261, 0.6270755012531328, 1.0]
2022-01-21 17:38:45,865 root                INFO: [13484, 13484]
2022-01-21 17:38:45,865 root                INFO: [16237, 810]
2022-01-21 22:12:08,156 root                INFO: GPU device = 5
2022-01-21 22:12:08,157 root                INFO: Load pkl cache from nasbench301_train.pkl and nasbench301_valid.pkl
2022-01-21 22:12:08,763 root                INFO: Config: {'arch_network_cfg': {'arch_embedder_cfg': {'take_adj_as_input': True, 'gcn_kwargs': {'residual_only': 2}, 'gcn_out_dims': [64, 64, 64, 64, 64], 'hidden_dim': 32, 'node_dim': 32, 'op_dim': 32, 'use_bn': False, 'final_concat': False, 'other_node_zero': False, 'num_time_steps': 2, 'fb_conversion_dims': [64, 64], 'backward_gcn_out_dims': [64, 64, 64, 64, 64], 'updateopemb_method': 'concat_ofb', 'updateopemb_dims': [64], 'share_skip_and_outskip': True, 'detach_vinfo': False, 'updateopemb_scale': 0.1, 'updateopemb_detach_opemb': True, 'updateopemb_detach_finfo': True, 'mask_nonparametrized_ops': True, 'symmetry_breaking_method': 'param_zs_add', 'concat_param_zs_as_opemb_dimension': 5, 'concat_param_zs_as_opemb_scale': 1.0}, 'arch_embedder_type': 'cellss-fbflow-anytime', 'compare_loss_type': 'margin_linear', 'compare_margin': 0.1, 'mlp_dropout': 0.1, 'mlp_hiddens': [200], 'mlp_out_dim': 1, 'optimizer': {'lr': 0.0001, 'type': 'Adam'}, 'scheduler': None}, 'arch_network_type': 'pointwise_comparator', 'batch_size': 128, 'choose_pair_criterion': 'random', 'compare': False, 'compare_threshold': 0.0, 'epochs': 200, 'max_compare_ratio': 16.0}
2022-01-21 22:12:13,254 root                INFO: Combined args: Namespace(arch_network_type='pointwise_comparator', batch_size=128, cfg_file='cfgs/nb301_cfgs/tagates_anytime.yaml', choose_pair_criterion='random', compare=False, compare_threshold=0.0, epochs=200, eval_only_last=1, gpu=5, load=None, max_compare_ratio=16.0, num_workers=4, report_freq=200, save_every=200, save_predict=None, seed=21, test_funcs=None, test_only=False, train_dir='nb301_anytime_tagates/tagates_0.01/12/21', train_pkl='../mynas/data/nasbench-301/nasbench301_train_mtx_anytime_12.pkl', train_ratio=0.01, valid_pkl='../mynas/data/nasbench-301/nasbench301_valid_mtx_anytime.pkl')
2022-01-21 22:12:13,265 root                INFO: Train dataset ratio: 0.010
2022-01-21 22:12:13,266 root                INFO: Number of architectures: train: 58; valid: 51072
2022-01-21 22:12:28,616 root                INFO: Train: Epoch   1: train loss 0.3300
2022-01-21 22:12:29,638 root                INFO: Train: Epoch   2: train loss 0.3289
2022-01-21 22:12:30,518 root                INFO: Train: Epoch   3: train loss 0.3283
2022-01-21 22:12:31,437 root                INFO: Train: Epoch   4: train loss 0.3263
2022-01-21 22:12:32,501 root                INFO: Train: Epoch   5: train loss 0.3257
2022-01-21 22:12:33,366 root                INFO: Train: Epoch   6: train loss 0.3241
2022-01-21 22:12:34,262 root                INFO: Train: Epoch   7: train loss 0.3227
2022-01-21 22:12:35,226 root                INFO: Train: Epoch   8: train loss 0.3212
2022-01-21 22:12:36,123 root                INFO: Train: Epoch   9: train loss 0.3202
2022-01-21 22:12:37,016 root                INFO: Train: Epoch  10: train loss 0.3187
2022-01-21 22:12:38,075 root                INFO: Train: Epoch  11: train loss 0.3174
2022-01-21 22:12:38,993 root                INFO: Train: Epoch  12: train loss 0.3162
2022-01-21 22:12:39,998 root                INFO: Train: Epoch  13: train loss 0.3150
2022-01-21 22:12:40,973 root                INFO: Train: Epoch  14: train loss 0.3130
2022-01-21 22:12:41,864 root                INFO: Train: Epoch  15: train loss 0.3119
2022-01-21 22:12:42,864 root                INFO: Train: Epoch  16: train loss 0.3102
2022-01-21 22:12:43,759 root                INFO: Train: Epoch  17: train loss 0.3087
2022-01-21 22:12:44,650 root                INFO: Train: Epoch  18: train loss 0.3075
2022-01-21 22:12:45,661 root                INFO: Train: Epoch  19: train loss 0.3056
2022-01-21 22:12:46,760 root                INFO: Train: Epoch  20: train loss 0.3040
2022-01-21 22:12:47,689 root                INFO: Train: Epoch  21: train loss 0.3020
2022-01-21 22:12:48,693 root                INFO: Train: Epoch  22: train loss 0.3007
2022-01-21 22:12:49,728 root                INFO: Train: Epoch  23: train loss 0.2989
2022-01-21 22:12:50,846 root                INFO: Train: Epoch  24: train loss 0.2968
2022-01-21 22:12:52,019 root                INFO: Train: Epoch  25: train loss 0.2951
2022-01-21 22:12:53,035 root                INFO: Train: Epoch  26: train loss 0.2929
2022-01-21 22:12:54,090 root                INFO: Train: Epoch  27: train loss 0.2911
2022-01-21 22:12:55,257 root                INFO: Train: Epoch  28: train loss 0.2884
2022-01-21 22:12:56,315 root                INFO: Train: Epoch  29: train loss 0.2857
2022-01-21 22:12:57,406 root                INFO: Train: Epoch  30: train loss 0.2838
2022-01-21 22:12:58,518 root                INFO: Train: Epoch  31: train loss 0.2811
2022-01-21 22:12:59,602 root                INFO: Train: Epoch  32: train loss 0.2797
2022-01-21 22:13:00,764 root                INFO: Train: Epoch  33: train loss 0.2763
2022-01-21 22:13:01,816 root                INFO: Train: Epoch  34: train loss 0.2740
2022-01-21 22:13:02,882 root                INFO: Train: Epoch  35: train loss 0.2704
2022-01-21 22:13:04,003 root                INFO: Train: Epoch  36: train loss 0.2684
2022-01-21 22:13:05,164 root                INFO: Train: Epoch  37: train loss 0.2652
2022-01-21 22:13:06,328 root                INFO: Train: Epoch  38: train loss 0.2611
2022-01-21 22:13:07,435 root                INFO: Train: Epoch  39: train loss 0.2582
2022-01-21 22:13:08,562 root                INFO: Train: Epoch  40: train loss 0.2553
2022-01-21 22:13:09,612 root                INFO: Train: Epoch  41: train loss 0.2505
2022-01-21 22:13:10,562 root                INFO: Train: Epoch  42: train loss 0.2470
2022-01-21 22:13:11,668 root                INFO: Train: Epoch  43: train loss 0.2433
2022-01-21 22:13:12,707 root                INFO: Train: Epoch  44: train loss 0.2391
2022-01-21 22:13:13,701 root                INFO: Train: Epoch  45: train loss 0.2347
2022-01-21 22:13:14,682 root                INFO: Train: Epoch  46: train loss 0.2307
2022-01-21 22:13:15,703 root                INFO: Train: Epoch  47: train loss 0.2255
2022-01-21 22:13:16,722 root                INFO: Train: Epoch  48: train loss 0.2205
2022-01-21 22:13:17,816 root                INFO: Train: Epoch  49: train loss 0.2159
2022-01-21 22:13:18,963 root                INFO: Train: Epoch  50: train loss 0.2101
2022-01-21 22:13:19,918 root                INFO: Train: Epoch  51: train loss 0.2040
2022-01-21 22:13:20,918 root                INFO: Train: Epoch  52: train loss 0.1985
2022-01-21 22:13:21,897 root                INFO: Train: Epoch  53: train loss 0.1936
2022-01-21 22:13:22,837 root                INFO: Train: Epoch  54: train loss 0.1872
2022-01-21 22:13:23,848 root                INFO: Train: Epoch  55: train loss 0.1790
2022-01-21 22:13:24,811 root                INFO: Train: Epoch  56: train loss 0.1736
2022-01-21 22:13:25,855 root                INFO: Train: Epoch  57: train loss 0.1657
2022-01-21 22:13:26,917 root                INFO: Train: Epoch  58: train loss 0.1591
2022-01-21 22:13:27,906 root                INFO: Train: Epoch  59: train loss 0.1503
2022-01-21 22:13:28,933 root                INFO: Train: Epoch  60: train loss 0.1432
2022-01-21 22:13:29,846 root                INFO: Train: Epoch  61: train loss 0.1376
2022-01-21 22:13:30,904 root                INFO: Train: Epoch  62: train loss 0.1275
2022-01-21 22:13:31,844 root                INFO: Train: Epoch  63: train loss 0.1214
2022-01-21 22:13:32,783 root                INFO: Train: Epoch  64: train loss 0.1117
2022-01-21 22:13:33,700 root                INFO: Train: Epoch  65: train loss 0.1031
2022-01-21 22:13:34,644 root                INFO: Train: Epoch  66: train loss 0.0954
2022-01-21 22:13:35,594 root                INFO: Train: Epoch  67: train loss 0.0876
2022-01-21 22:13:36,524 root                INFO: Train: Epoch  68: train loss 0.0792
2022-01-21 22:13:37,449 root                INFO: Train: Epoch  69: train loss 0.0724
2022-01-21 22:13:38,392 root                INFO: Train: Epoch  70: train loss 0.0649
2022-01-21 22:13:39,388 root                INFO: Train: Epoch  71: train loss 0.0587
2022-01-21 22:13:40,421 root                INFO: Train: Epoch  72: train loss 0.0510
2022-01-21 22:13:41,388 root                INFO: Train: Epoch  73: train loss 0.0455
2022-01-21 22:13:42,299 root                INFO: Train: Epoch  74: train loss 0.0381
2022-01-21 22:13:43,249 root                INFO: Train: Epoch  75: train loss 0.0327
2022-01-21 22:13:44,151 root                INFO: Train: Epoch  76: train loss 0.0270
2022-01-21 22:13:44,934 root                INFO: Train: Epoch  77: train loss 0.0232
2022-01-21 22:13:45,754 root                INFO: Train: Epoch  78: train loss 0.0185
2022-01-21 22:13:46,650 root                INFO: Train: Epoch  79: train loss 0.0162
2022-01-21 22:13:47,563 root                INFO: Train: Epoch  80: train loss 0.0124
2022-01-21 22:13:48,485 root                INFO: Train: Epoch  81: train loss 0.0101
2022-01-21 22:13:49,426 root                INFO: Train: Epoch  82: train loss 0.0074
2022-01-21 22:13:50,377 root                INFO: Train: Epoch  83: train loss 0.0060
2022-01-21 22:13:51,295 root                INFO: Train: Epoch  84: train loss 0.0046
2022-01-21 22:13:52,206 root                INFO: Train: Epoch  85: train loss 0.0041
2022-01-21 22:13:53,285 root                INFO: Train: Epoch  86: train loss 0.0024
2022-01-21 22:13:54,185 root                INFO: Train: Epoch  87: train loss 0.0020
2022-01-21 22:13:55,050 root                INFO: Train: Epoch  88: train loss 0.0016
2022-01-21 22:13:56,095 root                INFO: Train: Epoch  89: train loss 0.0013
2022-01-21 22:13:57,342 root                INFO: Train: Epoch  90: train loss 0.0012
2022-01-21 22:13:58,543 root                INFO: Train: Epoch  91: train loss 0.0011
2022-01-21 22:13:59,706 root                INFO: Train: Epoch  92: train loss 0.0012
2022-01-21 22:14:00,609 root                INFO: Train: Epoch  93: train loss 0.0011
2022-01-21 22:14:01,664 root                INFO: Train: Epoch  94: train loss 0.0012
2022-01-21 22:14:02,844 root                INFO: Train: Epoch  95: train loss 0.0012
2022-01-21 22:14:03,840 root                INFO: Train: Epoch  96: train loss 0.0014
2022-01-21 22:14:04,890 root                INFO: Train: Epoch  97: train loss 0.0013
2022-01-21 22:14:05,848 root                INFO: Train: Epoch  98: train loss 0.0016
2022-01-21 22:14:06,875 root                INFO: Train: Epoch  99: train loss 0.0015
2022-01-21 22:14:08,084 root                INFO: Train: Epoch 100: train loss 0.0018
2022-01-21 22:14:09,108 root                INFO: Train: Epoch 101: train loss 0.0018
2022-01-21 22:14:10,098 root                INFO: Train: Epoch 102: train loss 0.0017
2022-01-21 22:14:11,086 root                INFO: Train: Epoch 103: train loss 0.0016
2022-01-21 22:14:12,040 root                INFO: Train: Epoch 104: train loss 0.0017
2022-01-21 22:14:13,020 root                INFO: Train: Epoch 105: train loss 0.0016
2022-01-21 22:14:13,979 root                INFO: Train: Epoch 106: train loss 0.0017
2022-01-21 22:14:15,016 root                INFO: Train: Epoch 107: train loss 0.0019
2022-01-21 22:14:15,949 root                INFO: Train: Epoch 108: train loss 0.0017
2022-01-21 22:14:16,872 root                INFO: Train: Epoch 109: train loss 0.0017
2022-01-21 22:14:17,909 root                INFO: Train: Epoch 110: train loss 0.0018
2022-01-21 22:14:18,993 root                INFO: Train: Epoch 111: train loss 0.0015
2022-01-21 22:14:20,116 root                INFO: Train: Epoch 112: train loss 0.0016
2022-01-21 22:14:21,155 root                INFO: Train: Epoch 113: train loss 0.0015
2022-01-21 22:14:22,193 root                INFO: Train: Epoch 114: train loss 0.0015
2022-01-21 22:14:23,275 root                INFO: Train: Epoch 115: train loss 0.0013
2022-01-21 22:14:24,368 root                INFO: Train: Epoch 116: train loss 0.0014
2022-01-21 22:14:25,443 root                INFO: Train: Epoch 117: train loss 0.0013
2022-01-21 22:14:26,497 root                INFO: Train: Epoch 118: train loss 0.0013
2022-01-21 22:14:27,508 root                INFO: Train: Epoch 119: train loss 0.0011
2022-01-21 22:14:28,526 root                INFO: Train: Epoch 120: train loss 0.0010
2022-01-21 22:14:29,541 root                INFO: Train: Epoch 121: train loss 0.0012
2022-01-21 22:14:30,277 root                INFO: Train: Epoch 122: train loss 0.0010
2022-01-21 22:14:31,042 root                INFO: Train: Epoch 123: train loss 0.0010
2022-01-21 22:14:31,816 root                INFO: Train: Epoch 124: train loss 0.0009
2022-01-21 22:14:32,625 root                INFO: Train: Epoch 125: train loss 0.0009
2022-01-21 22:14:33,435 root                INFO: Train: Epoch 126: train loss 0.0009
2022-01-21 22:14:34,559 root                INFO: Train: Epoch 127: train loss 0.0008
2022-01-21 22:14:35,485 root                INFO: Train: Epoch 128: train loss 0.0008
2022-01-21 22:14:36,311 root                INFO: Train: Epoch 129: train loss 0.0008
2022-01-21 22:14:37,112 root                INFO: Train: Epoch 130: train loss 0.0008
2022-01-21 22:14:38,273 root                INFO: Train: Epoch 131: train loss 0.0010
2022-01-21 22:14:39,290 root                INFO: Train: Epoch 132: train loss 0.0008
2022-01-21 22:14:40,392 root                INFO: Train: Epoch 133: train loss 0.0009
2022-01-21 22:14:41,426 root                INFO: Train: Epoch 134: train loss 0.0010
2022-01-21 22:14:42,586 root                INFO: Train: Epoch 135: train loss 0.0009
2022-01-21 22:14:43,609 root                INFO: Train: Epoch 136: train loss 0.0007
2022-01-21 22:14:44,669 root                INFO: Train: Epoch 137: train loss 0.0008
2022-01-21 22:14:45,738 root                INFO: Train: Epoch 138: train loss 0.0010
2022-01-21 22:14:46,847 root                INFO: Train: Epoch 139: train loss 0.0008
2022-01-21 22:14:47,795 root                INFO: Train: Epoch 140: train loss 0.0007
2022-01-21 22:14:48,836 root                INFO: Train: Epoch 141: train loss 0.0007
2022-01-21 22:14:49,843 root                INFO: Train: Epoch 142: train loss 0.0008
2022-01-21 22:14:50,810 root                INFO: Train: Epoch 143: train loss 0.0008
2022-01-21 22:14:51,823 root                INFO: Train: Epoch 144: train loss 0.0009
2022-01-21 22:14:52,664 root                INFO: Train: Epoch 145: train loss 0.0009
2022-01-21 22:14:53,525 root                INFO: Train: Epoch 146: train loss 0.0007
2022-01-21 22:14:54,384 root                INFO: Train: Epoch 147: train loss 0.0008
2022-01-21 22:14:55,299 root                INFO: Train: Epoch 148: train loss 0.0008
2022-01-21 22:14:56,142 root                INFO: Train: Epoch 149: train loss 0.0009
2022-01-21 22:14:56,994 root                INFO: Train: Epoch 150: train loss 0.0008
2022-01-21 22:14:57,794 root                INFO: Train: Epoch 151: train loss 0.0008
2022-01-21 22:14:58,562 root                INFO: Train: Epoch 152: train loss 0.0009
2022-01-21 22:14:59,298 root                INFO: Train: Epoch 153: train loss 0.0008
2022-01-21 22:15:00,075 root                INFO: Train: Epoch 154: train loss 0.0009
2022-01-21 22:15:00,833 root                INFO: Train: Epoch 155: train loss 0.0007
2022-01-21 22:15:01,619 root                INFO: Train: Epoch 156: train loss 0.0007
2022-01-21 22:15:02,399 root                INFO: Train: Epoch 157: train loss 0.0008
2022-01-21 22:15:03,187 root                INFO: Train: Epoch 158: train loss 0.0009
2022-01-21 22:15:03,983 root                INFO: Train: Epoch 159: train loss 0.0008
2022-01-21 22:15:04,747 root                INFO: Train: Epoch 160: train loss 0.0008
2022-01-21 22:15:05,513 root                INFO: Train: Epoch 161: train loss 0.0008
2022-01-21 22:15:06,309 root                INFO: Train: Epoch 162: train loss 0.0008
2022-01-21 22:15:07,001 root                INFO: Train: Epoch 163: train loss 0.0009
2022-01-21 22:15:07,763 root                INFO: Train: Epoch 164: train loss 0.0008
2022-01-21 22:15:08,574 root                INFO: Train: Epoch 165: train loss 0.0008
2022-01-21 22:15:09,341 root                INFO: Train: Epoch 166: train loss 0.0008
2022-01-21 22:15:10,125 root                INFO: Train: Epoch 167: train loss 0.0009
2022-01-21 22:15:10,913 root                INFO: Train: Epoch 168: train loss 0.0008
2022-01-21 22:15:11,679 root                INFO: Train: Epoch 169: train loss 0.0007
2022-01-21 22:15:12,465 root                INFO: Train: Epoch 170: train loss 0.0008
2022-01-21 22:15:13,225 root                INFO: Train: Epoch 171: train loss 0.0008
2022-01-21 22:15:13,992 root                INFO: Train: Epoch 172: train loss 0.0008
2022-01-21 22:15:14,744 root                INFO: Train: Epoch 173: train loss 0.0008
2022-01-21 22:15:15,540 root                INFO: Train: Epoch 174: train loss 0.0007
2022-01-21 22:15:16,297 root                INFO: Train: Epoch 175: train loss 0.0008
2022-01-21 22:15:17,072 root                INFO: Train: Epoch 176: train loss 0.0009
2022-01-21 22:15:17,828 root                INFO: Train: Epoch 177: train loss 0.0008
2022-01-21 22:15:18,584 root                INFO: Train: Epoch 178: train loss 0.0008
2022-01-21 22:15:19,305 root                INFO: Train: Epoch 179: train loss 0.0008
2022-01-21 22:15:19,987 root                INFO: Train: Epoch 180: train loss 0.0007
2022-01-21 22:15:20,701 root                INFO: Train: Epoch 181: train loss 0.0008
2022-01-21 22:15:21,439 root                INFO: Train: Epoch 182: train loss 0.0009
2022-01-21 22:15:22,143 root                INFO: Train: Epoch 183: train loss 0.0009
2022-01-21 22:15:22,835 root                INFO: Train: Epoch 184: train loss 0.0008
2022-01-21 22:15:23,540 root                INFO: Train: Epoch 185: train loss 0.0008
2022-01-21 22:15:24,273 root                INFO: Train: Epoch 186: train loss 0.0007
2022-01-21 22:15:24,925 root                INFO: Train: Epoch 187: train loss 0.0008
2022-01-21 22:15:25,619 root                INFO: Train: Epoch 188: train loss 0.0008
2022-01-21 22:15:26,320 root                INFO: Train: Epoch 189: train loss 0.0009
2022-01-21 22:15:26,981 root                INFO: Train: Epoch 190: train loss 0.0008
2022-01-21 22:15:27,652 root                INFO: Train: Epoch 191: train loss 0.0009
2022-01-21 22:15:28,317 root                INFO: Train: Epoch 192: train loss 0.0008
2022-01-21 22:15:28,989 root                INFO: Train: Epoch 193: train loss 0.0007
2022-01-21 22:15:29,650 root                INFO: Train: Epoch 194: train loss 0.0008
2022-01-21 22:15:30,298 root                INFO: Train: Epoch 195: train loss 0.0008
2022-01-21 22:15:30,957 root                INFO: Train: Epoch 196: train loss 0.0009
2022-01-21 22:15:31,627 root                INFO: Train: Epoch 197: train loss 0.0008
2022-01-21 22:15:32,300 root                INFO: Train: Epoch 198: train loss 0.0008
2022-01-21 22:15:32,989 root                INFO: Train: Epoch 199: train loss 0.0008
2022-01-21 22:15:33,680 root                INFO: Train: Epoch 200: train loss 0.0009
2022-01-21 22:15:48,182 root                INFO: Valid: Epoch 200: kendall tau 0.2351 0.1794; loss 0.000453 0.0003061
2022-01-21 22:15:48,189 root                INFO: Epoch 200: Save checkpoint to nb301_anytime_tagates/tagates_0.01/12/21/200.ckpt
2022-01-21 22:16:03,457 root                INFO: [0.0, 0.0, 0.0, 0.03564433999216608, 0.1470530644213824, 0.6329495614035088, 1.0]
2022-01-21 22:16:03,458 root                INFO: [0.0, 0.0, 0.0, 0.01645123384253819, 0.10260426865087136, 0.6015820802005013, 1.0]
2022-01-21 22:16:03,458 root                INFO: [3425, 3425]
2022-01-21 22:16:03,458 root                INFO: [3590, 3590]
