2022-01-21 15:45:38,119 root                INFO: GPU device = 3
2022-01-21 15:45:38,120 root                INFO: Load pkl cache from nasbench101.pkl and nasbench101_valid.pkl
2022-01-21 15:45:38,484 root                INFO: Config: {'arch_network_cfg': {'arch_embedder_cfg': {'gcn_kwargs': {'plus_I': True, 'residual_only': 1}, 'gcn_out_dims': [128, 128, 128, 128, 128], 'backward_gcn_out_dims': [128, 128, 128, 128, 128], 'hid_dim': 96, 'node_embedding_dim': 48, 'op_embedding_dim': 48, 'num_time_steps': 2, 'fb_conversion_dims': [128, 128], 'updateopemb_method': 'concat_ofb', 'updateopemb_dims': [128], 'updateopemb_scale': 0.1, 'b_use_bn': False, 'detach_vinfo': False, 'updateopemb_detach_opemb': True, 'updateopemb_detach_finfo': True, 'symmetry_breaking_method': 'param_zs_add', 'concat_param_zs_as_opemb_dimension': 7, 'concat_param_zs_as_opemb_scale': 1.0, 'mask_nonparametrized_ops': False}, 'arch_embedder_type': 'nb101-fbflow-anytime', 'compare_loss_type': 'margin_linear', 'compare_margin': 0.1, 'mlp_dropout': 0.1, 'mlp_hiddens': [200], 'mlp_out_dim': 1, 'optimizer': {'lr': 0.001, 'type': 'Adam'}, 'scheduler': None}, 'batch_size': 512, 'choose_pair_criterion': 'random', 'compare': False, 'compare_threshold': 0.0, 'epochs': 400, 'max_compare_ratio': 4.0}
2022-01-21 15:45:53,344 root                INFO: Combined args: Namespace(batch_size=512, cfg_file='cfgs/nb101_cfgs/tagates_anytime.yaml', choose_pair_criterion='random', compare=False, compare_threshold=0.0, epochs=400, eval_only_last=200, gpu=3, load=None, max_compare_ratio=4.0, num_workers=4, report_freq=200, save_every=200, save_predict=None, seed=21, test_funcs=None, test_only=False, train_dir='nb1shot1_anytime_tagates/tagates_0.005/12/21', train_pkl='../mynas/data/nasbench-1shot1/nasbench101_anytime_train_12.pkl', train_ratio=0.005, valid_pkl='../mynas/data/nasbench-1shot1/nasbench101_anytime_valid.pkl')
2022-01-21 15:45:53,357 root                INFO: Train dataset ratio: 0.005
2022-01-21 15:45:53,357 root                INFO: Number of architectures: train: 36; valid: 7290
2022-01-21 15:45:57,415 root                INFO: Train: Epoch   1: train loss 0.2467
2022-01-21 15:45:59,140 root                INFO: Train: Epoch   2: train loss 0.2248
2022-01-21 15:47:17,867 root                INFO: GPU device = 3
2022-01-21 15:47:17,868 root                INFO: Load pkl cache from nasbench101.pkl and nasbench101_valid.pkl
2022-01-21 15:47:18,186 root                INFO: Config: {'arch_network_cfg': {'arch_embedder_cfg': {'gcn_kwargs': {'plus_I': True, 'residual_only': 1}, 'gcn_out_dims': [128, 128, 128, 128, 128], 'backward_gcn_out_dims': [128, 128, 128, 128, 128], 'hid_dim': 96, 'node_embedding_dim': 48, 'op_embedding_dim': 48, 'num_time_steps': 2, 'fb_conversion_dims': [128, 128], 'updateopemb_method': 'concat_ofb', 'updateopemb_dims': [128], 'updateopemb_scale': 0.1, 'b_use_bn': False, 'detach_vinfo': False, 'updateopemb_detach_opemb': True, 'updateopemb_detach_finfo': True, 'symmetry_breaking_method': 'param_zs_add', 'concat_param_zs_as_opemb_dimension': 7, 'concat_param_zs_as_opemb_scale': 1.0, 'mask_nonparametrized_ops': False}, 'arch_embedder_type': 'nb101-fbflow-anytime', 'compare_loss_type': 'margin_linear', 'compare_margin': 0.1, 'mlp_dropout': 0.1, 'mlp_hiddens': [200], 'mlp_out_dim': 1, 'optimizer': {'lr': 0.001, 'type': 'Adam'}, 'scheduler': None}, 'batch_size': 512, 'choose_pair_criterion': 'random', 'compare': False, 'compare_threshold': 0.0, 'epochs': 200, 'max_compare_ratio': 4.0}
2022-01-21 15:47:31,786 root                INFO: Combined args: Namespace(batch_size=512, cfg_file='cfgs/nb101_cfgs/tagates_anytime.yaml', choose_pair_criterion='random', compare=False, compare_threshold=0.0, epochs=200, eval_only_last=200, gpu=3, load=None, max_compare_ratio=4.0, num_workers=4, report_freq=200, save_every=200, save_predict=None, seed=21, test_funcs=None, test_only=False, train_dir='nb1shot1_anytime_tagates/tagates_0.005/12/21', train_pkl='../mynas/data/nasbench-1shot1/nasbench101_anytime_train_12.pkl', train_ratio=0.005, valid_pkl='../mynas/data/nasbench-1shot1/nasbench101_anytime_valid.pkl')
2022-01-21 15:47:31,801 root                INFO: Train dataset ratio: 0.005
2022-01-21 15:47:31,802 root                INFO: Number of architectures: train: 36; valid: 7290
2022-01-21 15:47:34,756 root                INFO: Train: Epoch   1: train loss 0.2467
2022-01-21 15:47:37,057 root                INFO: Valid: Epoch   1: kendall tau 0.2725 0.3913; loss 0.02963 0.1598
2022-01-21 15:47:37,541 root                INFO: Train: Epoch   2: train loss 0.2248
2022-01-21 15:47:39,566 root                INFO: Valid: Epoch   2: kendall tau 0.3130 0.3942; loss 0.02713 0.1445
2022-01-21 15:47:40,049 root                INFO: Train: Epoch   3: train loss 0.2026
2022-01-21 15:47:42,548 root                INFO: Valid: Epoch   3: kendall tau 0.2911 0.3784; loss 0.0238 0.1278
2022-01-21 15:47:43,119 root                INFO: Train: Epoch   4: train loss 0.1748
2022-01-21 15:47:45,040 root                INFO: Valid: Epoch   4: kendall tau 0.2920 0.3841; loss 0.01999 0.1075
2022-01-21 15:47:45,734 root                INFO: Train: Epoch   5: train loss 0.1404
2022-01-21 15:47:47,874 root                INFO: Valid: Epoch   5: kendall tau 0.2931 0.3866; loss 0.01745 0.08118
2022-01-21 15:47:48,681 root                INFO: Train: Epoch   6: train loss 0.0986
2022-01-21 15:47:50,729 root                INFO: Valid: Epoch   6: kendall tau 0.2910 0.3881; loss 0.02191 0.04952
2022-01-21 15:47:51,302 root                INFO: Train: Epoch   7: train loss 0.0534
2022-01-21 15:47:53,354 root                INFO: Valid: Epoch   7: kendall tau 0.2902 0.3914; loss 0.04283 0.02009
2022-01-21 15:47:54,084 root                INFO: Train: Epoch   8: train loss 0.0288
2022-01-21 15:47:56,133 root                INFO: Valid: Epoch   8: kendall tau 0.2919 0.3952; loss 0.06912 0.008538
2022-01-21 15:47:56,752 root                INFO: Train: Epoch   9: train loss 0.0351
2022-01-21 15:47:58,884 root                INFO: Valid: Epoch   9: kendall tau 0.2953 0.3994; loss 0.0791 0.01066
2022-01-21 15:47:59,441 root                INFO: Train: Epoch  10: train loss 0.0435
2022-01-21 15:48:01,447 root                INFO: Valid: Epoch  10: kendall tau 0.3002 0.4022; loss 0.07194 0.01358
2022-01-21 15:48:02,015 root                INFO: Train: Epoch  11: train loss 0.0401
2022-01-21 15:48:04,277 root                INFO: Valid: Epoch  11: kendall tau 0.3041 0.4041; loss 0.05321 0.01478
2022-01-21 15:48:04,737 root                INFO: Train: Epoch  12: train loss 0.0281
2022-01-21 15:48:06,667 root                INFO: Valid: Epoch  12: kendall tau 0.3099 0.4053; loss 0.03143 0.01462
2022-01-21 15:48:07,232 root                INFO: Train: Epoch  13: train loss 0.0132
2022-01-21 15:48:09,259 root                INFO: Valid: Epoch  13: kendall tau 0.3207 0.4061; loss 0.01864 0.01388
2022-01-21 15:48:09,869 root                INFO: Train: Epoch  14: train loss 0.0124
2022-01-21 15:48:11,808 root                INFO: Valid: Epoch  14: kendall tau 0.3415 0.4070; loss 0.0178 0.01307
2022-01-21 15:48:12,299 root                INFO: Train: Epoch  15: train loss 0.0216
2022-01-21 15:48:14,445 root                INFO: Valid: Epoch  15: kendall tau 0.3600 0.4073; loss 0.0189 0.01235
2022-01-21 15:48:14,942 root                INFO: Train: Epoch  16: train loss 0.0232
2022-01-21 15:48:17,011 root                INFO: Valid: Epoch  16: kendall tau 0.3588 0.4072; loss 0.01824 0.01174
2022-01-21 15:48:17,468 root                INFO: Train: Epoch  17: train loss 0.0211
2022-01-21 15:48:19,524 root                INFO: Valid: Epoch  17: kendall tau 0.3520 0.4073; loss 0.01722 0.01126
2022-01-21 15:48:19,978 root                INFO: Train: Epoch  18: train loss 0.0155
2022-01-21 15:48:21,957 root                INFO: Valid: Epoch  18: kendall tau 0.3504 0.4076; loss 0.01726 0.01091
2022-01-21 15:48:22,426 root                INFO: Train: Epoch  19: train loss 0.0118
2022-01-21 15:48:24,565 root                INFO: Valid: Epoch  19: kendall tau 0.3524 0.4080; loss 0.01878 0.0106
2022-01-21 15:48:25,010 root                INFO: Train: Epoch  20: train loss 0.0083
2022-01-21 15:48:26,967 root                INFO: Valid: Epoch  20: kendall tau 0.3546 0.4086; loss 0.0213 0.01026
2022-01-21 15:48:27,461 root                INFO: Train: Epoch  21: train loss 0.0075
2022-01-21 15:48:29,811 root                INFO: Valid: Epoch  21: kendall tau 0.3570 0.4091; loss 0.02395 0.009836
2022-01-21 15:48:30,324 root                INFO: Train: Epoch  22: train loss 0.0074
2022-01-21 15:48:32,228 root                INFO: Valid: Epoch  22: kendall tau 0.3591 0.4094; loss 0.02585 0.009321
2022-01-21 15:48:32,720 root                INFO: Train: Epoch  23: train loss 0.0077
2022-01-21 15:48:35,415 root                INFO: Valid: Epoch  23: kendall tau 0.3615 0.4094; loss 0.02653 0.008782
2022-01-21 15:48:36,016 root                INFO: Train: Epoch  24: train loss 0.0086
2022-01-21 15:48:38,164 root                INFO: Valid: Epoch  24: kendall tau 0.3646 0.4093; loss 0.02597 0.008393
2022-01-21 15:48:38,656 root                INFO: Train: Epoch  25: train loss 0.0070
2022-01-21 15:48:40,836 root                INFO: Valid: Epoch  25: kendall tau 0.3681 0.4091; loss 0.02479 0.008351
2022-01-21 15:48:41,214 root                INFO: Train: Epoch  26: train loss 0.0071
2022-01-21 15:48:43,189 root                INFO: Valid: Epoch  26: kendall tau 0.3716 0.4088; loss 0.02343 0.008682
2022-01-21 15:48:43,696 root                INFO: Train: Epoch  27: train loss 0.0073
2022-01-21 15:48:46,028 root                INFO: Valid: Epoch  27: kendall tau 0.3746 0.4084; loss 0.02233 0.009166
2022-01-21 15:48:46,445 root                INFO: Train: Epoch  28: train loss 0.0081
2022-01-21 15:48:48,411 root                INFO: Valid: Epoch  28: kendall tau 0.3769 0.4081; loss 0.02166 0.009463
2022-01-21 15:48:48,835 root                INFO: Train: Epoch  29: train loss 0.0080
2022-01-21 15:48:51,020 root                INFO: Valid: Epoch  29: kendall tau 0.3786 0.4081; loss 0.02134 0.009463
2022-01-21 15:48:51,479 root                INFO: Train: Epoch  30: train loss 0.0082
2022-01-21 15:48:53,517 root                INFO: Valid: Epoch  30: kendall tau 0.3798 0.4084; loss 0.0214 0.009153
2022-01-21 15:48:54,086 root                INFO: Train: Epoch  31: train loss 0.0072
2022-01-21 15:48:56,301 root                INFO: Valid: Epoch  31: kendall tau 0.3805 0.4091; loss 0.02178 0.008731
2022-01-21 15:48:56,815 root                INFO: Train: Epoch  32: train loss 0.0077
2022-01-21 15:48:58,802 root                INFO: Valid: Epoch  32: kendall tau 0.3809 0.4098; loss 0.02229 0.00843
2022-01-21 15:48:59,441 root                INFO: Train: Epoch  33: train loss 0.0075
2022-01-21 15:49:01,732 root                INFO: Valid: Epoch  33: kendall tau 0.3816 0.4105; loss 0.0228 0.008335
2022-01-21 15:49:02,638 root                INFO: Train: Epoch  34: train loss 0.0070
2022-01-21 15:49:04,706 root                INFO: Valid: Epoch  34: kendall tau 0.3823 0.4112; loss 0.02321 0.008432
2022-01-21 15:49:05,526 root                INFO: Train: Epoch  35: train loss 0.0073
2022-01-21 15:49:08,132 root                INFO: Valid: Epoch  35: kendall tau 0.3833 0.4115; loss 0.02328 0.008613
2022-01-21 15:49:09,246 root                INFO: Train: Epoch  36: train loss 0.0071
2022-01-21 15:49:11,323 root                INFO: Valid: Epoch  36: kendall tau 0.3844 0.4118; loss 0.02293 0.008758
2022-01-21 15:49:11,888 root                INFO: Train: Epoch  37: train loss 0.0068
2022-01-21 15:49:14,188 root                INFO: Valid: Epoch  37: kendall tau 0.3857 0.4119; loss 0.02222 0.008824
2022-01-21 15:49:14,881 root                INFO: Train: Epoch  38: train loss 0.0065
2022-01-21 15:49:16,853 root                INFO: Valid: Epoch  38: kendall tau 0.3870 0.4120; loss 0.02138 0.008813
2022-01-21 15:49:17,350 root                INFO: Train: Epoch  39: train loss 0.0063
2022-01-21 15:49:19,556 root                INFO: Valid: Epoch  39: kendall tau 0.3883 0.4122; loss 0.02054 0.008748
2022-01-21 15:49:20,053 root                INFO: Train: Epoch  40: train loss 0.0065
2022-01-21 15:49:22,071 root                INFO: Valid: Epoch  40: kendall tau 0.3896 0.4123; loss 0.0198 0.008664
2022-01-21 15:49:22,486 root                INFO: Train: Epoch  41: train loss 0.0060
2022-01-21 15:49:24,713 root                INFO: Valid: Epoch  41: kendall tau 0.3907 0.4123; loss 0.01923 0.008595
2022-01-21 15:49:25,144 root                INFO: Train: Epoch  42: train loss 0.0063
2022-01-21 15:49:27,167 root                INFO: Valid: Epoch  42: kendall tau 0.3917 0.4123; loss 0.01882 0.00854
2022-01-21 15:49:27,762 root                INFO: Train: Epoch  43: train loss 0.0062
2022-01-21 15:49:29,925 root                INFO: Valid: Epoch  43: kendall tau 0.3926 0.4124; loss 0.01861 0.008521
2022-01-21 15:49:30,393 root                INFO: Train: Epoch  44: train loss 0.0060
2022-01-21 15:49:32,427 root                INFO: Valid: Epoch  44: kendall tau 0.3932 0.4125; loss 0.01856 0.008531
2022-01-21 15:49:32,847 root                INFO: Train: Epoch  45: train loss 0.0065
2022-01-21 15:49:35,099 root                INFO: Valid: Epoch  45: kendall tau 0.3937 0.4127; loss 0.01867 0.008574
2022-01-21 15:49:35,498 root                INFO: Train: Epoch  46: train loss 0.0065
2022-01-21 15:49:37,546 root                INFO: Valid: Epoch  46: kendall tau 0.3941 0.4130; loss 0.01895 0.008664
2022-01-21 15:49:38,228 root                INFO: Train: Epoch  47: train loss 0.0065
2022-01-21 15:49:40,375 root                INFO: Valid: Epoch  47: kendall tau 0.3943 0.4135; loss 0.0194 0.008806
2022-01-21 15:49:40,853 root                INFO: Train: Epoch  48: train loss 0.0059
2022-01-21 15:49:42,997 root                INFO: Valid: Epoch  48: kendall tau 0.3946 0.4140; loss 0.01996 0.008975
2022-01-21 15:49:43,468 root                INFO: Train: Epoch  49: train loss 0.0064
2022-01-21 15:49:45,378 root                INFO: Valid: Epoch  49: kendall tau 0.3950 0.4145; loss 0.02055 0.009129
2022-01-21 15:49:45,924 root                INFO: Train: Epoch  50: train loss 0.0055
2022-01-21 15:49:48,097 root                INFO: Valid: Epoch  50: kendall tau 0.3957 0.4146; loss 0.0209 0.009167
2022-01-21 15:49:48,703 root                INFO: Train: Epoch  51: train loss 0.0059
2022-01-21 15:49:50,617 root                INFO: Valid: Epoch  51: kendall tau 0.3967 0.4145; loss 0.02104 0.009106
2022-01-21 15:49:51,058 root                INFO: Train: Epoch  52: train loss 0.0065
2022-01-21 15:49:53,285 root                INFO: Valid: Epoch  52: kendall tau 0.3977 0.4142; loss 0.02097 0.008968
2022-01-21 15:49:53,710 root                INFO: Train: Epoch  53: train loss 0.0061
2022-01-21 15:49:55,715 root                INFO: Valid: Epoch  53: kendall tau 0.3988 0.4138; loss 0.02078 0.008812
2022-01-21 15:49:56,295 root                INFO: Train: Epoch  54: train loss 0.0064
2022-01-21 15:49:58,816 root                INFO: Valid: Epoch  54: kendall tau 0.4000 0.4132; loss 0.02055 0.008668
2022-01-21 15:49:59,292 root                INFO: Train: Epoch  55: train loss 0.0059
2022-01-21 15:50:01,514 root                INFO: Valid: Epoch  55: kendall tau 0.4012 0.4128; loss 0.02041 0.008566
2022-01-21 15:50:02,142 root                INFO: Train: Epoch  56: train loss 0.0059
2022-01-21 15:50:04,592 root                INFO: Valid: Epoch  56: kendall tau 0.4024 0.4125; loss 0.02029 0.008493
2022-01-21 15:50:05,241 root                INFO: Train: Epoch  57: train loss 0.0058
2022-01-21 15:50:07,349 root                INFO: Valid: Epoch  57: kendall tau 0.4037 0.4123; loss 0.02025 0.008449
2022-01-21 15:50:07,999 root                INFO: Train: Epoch  58: train loss 0.0055
2022-01-21 15:50:10,142 root                INFO: Valid: Epoch  58: kendall tau 0.4049 0.4123; loss 0.02025 0.008423
2022-01-21 15:50:10,865 root                INFO: Train: Epoch  59: train loss 0.0062
2022-01-21 15:50:12,882 root                INFO: Valid: Epoch  59: kendall tau 0.4058 0.4126; loss 0.02037 0.008421
2022-01-21 15:50:13,582 root                INFO: Train: Epoch  60: train loss 0.0057
2022-01-21 15:50:15,868 root                INFO: Valid: Epoch  60: kendall tau 0.4067 0.4133; loss 0.02057 0.008437
2022-01-21 15:50:16,470 root                INFO: Train: Epoch  61: train loss 0.0058
2022-01-21 15:50:18,535 root                INFO: Valid: Epoch  61: kendall tau 0.4077 0.4143; loss 0.0208 0.008461
2022-01-21 15:50:19,107 root                INFO: Train: Epoch  62: train loss 0.0057
2022-01-21 15:50:21,325 root                INFO: Valid: Epoch  62: kendall tau 0.4087 0.4153; loss 0.02096 0.008482
2022-01-21 15:50:21,856 root                INFO: Train: Epoch  63: train loss 0.0058
2022-01-21 15:50:23,846 root                INFO: Valid: Epoch  63: kendall tau 0.4097 0.4163; loss 0.02105 0.008504
2022-01-21 15:50:24,440 root                INFO: Train: Epoch  64: train loss 0.0055
2022-01-21 15:50:26,628 root                INFO: Valid: Epoch  64: kendall tau 0.4107 0.4174; loss 0.0211 0.008522
2022-01-21 15:50:27,178 root                INFO: Train: Epoch  65: train loss 0.0058
2022-01-21 15:50:29,246 root                INFO: Valid: Epoch  65: kendall tau 0.4116 0.4186; loss 0.0211 0.008539
2022-01-21 15:50:29,706 root                INFO: Train: Epoch  66: train loss 0.0056
2022-01-21 15:50:32,082 root                INFO: Valid: Epoch  66: kendall tau 0.4127 0.4195; loss 0.02101 0.008536
2022-01-21 15:50:32,497 root                INFO: Train: Epoch  67: train loss 0.0058
2022-01-21 15:50:34,716 root                INFO: Valid: Epoch  67: kendall tau 0.4139 0.4203; loss 0.02085 0.008514
2022-01-21 15:50:35,269 root                INFO: Train: Epoch  68: train loss 0.0056
2022-01-21 15:50:37,168 root                INFO: Valid: Epoch  68: kendall tau 0.4151 0.4212; loss 0.02074 0.008506
2022-01-21 15:50:37,723 root                INFO: Train: Epoch  69: train loss 0.0053
2022-01-21 15:50:39,670 root                INFO: Valid: Epoch  69: kendall tau 0.4166 0.4217; loss 0.02061 0.008486
2022-01-21 15:50:40,147 root                INFO: Train: Epoch  70: train loss 0.0057
2022-01-21 15:50:42,549 root                INFO: Valid: Epoch  70: kendall tau 0.4179 0.4226; loss 0.02058 0.008482
2022-01-21 15:50:43,029 root                INFO: Train: Epoch  71: train loss 0.0058
2022-01-21 15:50:44,918 root                INFO: Valid: Epoch  71: kendall tau 0.4194 0.4237; loss 0.02058 0.008486
2022-01-21 15:50:45,411 root                INFO: Train: Epoch  72: train loss 0.0056
2022-01-21 15:50:47,482 root                INFO: Valid: Epoch  72: kendall tau 0.4206 0.4256; loss 0.02072 0.008537
2022-01-21 15:50:48,052 root                INFO: Train: Epoch  73: train loss 0.0055
2022-01-21 15:50:50,028 root                INFO: Valid: Epoch  73: kendall tau 0.4216 0.4286; loss 0.02101 0.008636
2022-01-21 15:50:50,673 root                INFO: Train: Epoch  74: train loss 0.0048
2022-01-21 15:50:52,758 root                INFO: Valid: Epoch  74: kendall tau 0.4226 0.4319; loss 0.02126 0.008713
2022-01-21 15:50:53,410 root                INFO: Train: Epoch  75: train loss 0.0053
2022-01-21 15:50:55,380 root                INFO: Valid: Epoch  75: kendall tau 0.4236 0.4343; loss 0.02113 0.008647
2022-01-21 15:50:55,909 root                INFO: Train: Epoch  76: train loss 0.0054
2022-01-21 15:50:58,394 root                INFO: Valid: Epoch  76: kendall tau 0.4245 0.4371; loss 0.02088 0.008525
2022-01-21 15:50:58,839 root                INFO: Train: Epoch  77: train loss 0.0056
2022-01-21 15:51:01,028 root                INFO: Valid: Epoch  77: kendall tau 0.4249 0.4431; loss 0.02081 0.00844
2022-01-21 15:51:01,458 root                INFO: Train: Epoch  78: train loss 0.0051
2022-01-21 15:51:03,851 root                INFO: Valid: Epoch  78: kendall tau 0.4252 0.4537; loss 0.02088 0.008359
2022-01-21 15:51:04,294 root                INFO: Train: Epoch  79: train loss 0.0048
2022-01-21 15:51:06,546 root                INFO: Valid: Epoch  79: kendall tau 0.4249 0.4681; loss 0.02105 0.008297
2022-01-21 15:51:06,986 root                INFO: Train: Epoch  80: train loss 0.0051
2022-01-21 15:51:09,214 root                INFO: Valid: Epoch  80: kendall tau 0.4244 0.4926; loss 0.02128 0.008176
2022-01-21 15:51:09,762 root                INFO: Train: Epoch  81: train loss 0.0051
2022-01-21 15:51:11,785 root                INFO: Valid: Epoch  81: kendall tau 0.4238 0.5003; loss 0.02172 0.008342
2022-01-21 15:51:12,267 root                INFO: Train: Epoch  82: train loss 0.0049
2022-01-21 15:51:14,733 root                INFO: Valid: Epoch  82: kendall tau 0.4236 0.5018; loss 0.02205 0.008605
2022-01-21 15:51:15,231 root                INFO: Train: Epoch  83: train loss 0.0047
2022-01-21 15:51:17,218 root                INFO: Valid: Epoch  83: kendall tau 0.4235 0.5247; loss 0.02206 0.008443
2022-01-21 15:51:17,633 root                INFO: Train: Epoch  84: train loss 0.0045
2022-01-21 15:51:19,849 root                INFO: Valid: Epoch  84: kendall tau 0.4234 0.5437; loss 0.02178 0.00827
2022-01-21 15:51:20,305 root                INFO: Train: Epoch  85: train loss 0.0046
2022-01-21 15:51:22,478 root                INFO: Valid: Epoch  85: kendall tau 0.4231 0.5570; loss 0.02141 0.008119
2022-01-21 15:51:22,961 root                INFO: Train: Epoch  86: train loss 0.0046
2022-01-21 15:51:25,200 root                INFO: Valid: Epoch  86: kendall tau 0.4226 0.5237; loss 0.02123 0.00861
2022-01-21 15:51:25,664 root                INFO: Train: Epoch  87: train loss 0.0047
2022-01-21 15:51:27,775 root                INFO: Valid: Epoch  87: kendall tau 0.4223 0.4936; loss 0.02103 0.009074
2022-01-21 15:51:28,240 root                INFO: Train: Epoch  88: train loss 0.0049
2022-01-21 15:51:30,487 root                INFO: Valid: Epoch  88: kendall tau 0.4231 0.4944; loss 0.02059 0.008828
2022-01-21 15:51:30,929 root                INFO: Train: Epoch  89: train loss 0.0045
2022-01-21 15:51:32,782 root                INFO: Valid: Epoch  89: kendall tau 0.4217 0.4884; loss 0.02058 0.008762
2022-01-21 15:51:33,230 root                INFO: Train: Epoch  90: train loss 0.0049
2022-01-21 15:51:35,321 root                INFO: Valid: Epoch  90: kendall tau 0.4215 0.4655; loss 0.02082 0.008863
2022-01-21 15:51:35,816 root                INFO: Train: Epoch  91: train loss 0.0045
2022-01-21 15:51:37,770 root                INFO: Valid: Epoch  91: kendall tau 0.4206 0.4203; loss 0.02131 0.009519
2022-01-21 15:51:38,272 root                INFO: Train: Epoch  92: train loss 0.0043
2022-01-21 15:51:40,573 root                INFO: Valid: Epoch  92: kendall tau 0.4207 0.3820; loss 0.02162 0.01016
2022-01-21 15:51:41,085 root                INFO: Train: Epoch  93: train loss 0.0041
2022-01-21 15:51:42,963 root                INFO: Valid: Epoch  93: kendall tau 0.4237 0.3858; loss 0.0212 0.009428
2022-01-21 15:51:43,467 root                INFO: Train: Epoch  94: train loss 0.0044
2022-01-21 15:51:45,548 root                INFO: Valid: Epoch  94: kendall tau 0.4265 0.3848; loss 0.02079 0.008969
2022-01-21 15:51:45,984 root                INFO: Train: Epoch  95: train loss 0.0041
2022-01-21 15:51:47,952 root                INFO: Valid: Epoch  95: kendall tau 0.4282 0.3615; loss 0.02093 0.009687
2022-01-21 15:51:48,423 root                INFO: Train: Epoch  96: train loss 0.0039
2022-01-21 15:51:50,602 root                INFO: Valid: Epoch  96: kendall tau 0.4307 0.3363; loss 0.02072 0.01018
2022-01-21 15:51:51,065 root                INFO: Train: Epoch  97: train loss 0.0042
2022-01-21 15:51:53,039 root                INFO: Valid: Epoch  97: kendall tau 0.4342 0.3233; loss 0.01997 0.009737
2022-01-21 15:51:53,549 root                INFO: Train: Epoch  98: train loss 0.0038
2022-01-21 15:51:56,125 root                INFO: Valid: Epoch  98: kendall tau 0.4368 0.3043; loss 0.01937 0.009384
2022-01-21 15:51:56,631 root                INFO: Train: Epoch  99: train loss 0.0044
2022-01-21 15:51:58,605 root                INFO: Valid: Epoch  99: kendall tau 0.4377 0.2671; loss 0.01944 0.009628
2022-01-21 15:51:59,106 root                INFO: Train: Epoch 100: train loss 0.0039
2022-01-21 15:52:01,274 root                INFO: Valid: Epoch 100: kendall tau 0.4376 0.2095; loss 0.02 0.01043
2022-01-21 15:52:01,711 root                INFO: Train: Epoch 101: train loss 0.0041
2022-01-21 15:52:03,629 root                INFO: Valid: Epoch 101: kendall tau 0.4377 0.1426; loss 0.02047 0.01121
2022-01-21 15:52:04,085 root                INFO: Train: Epoch 102: train loss 0.0038
2022-01-21 15:52:06,374 root                INFO: Valid: Epoch 102: kendall tau 0.4387 0.0787; loss 0.02032 0.01127
2022-01-21 15:52:06,814 root                INFO: Train: Epoch 103: train loss 0.0038
2022-01-21 15:52:08,651 root                INFO: Valid: Epoch 103: kendall tau 0.4399 0.0315; loss 0.01968 0.01098
2022-01-21 15:52:09,142 root                INFO: Train: Epoch 104: train loss 0.0035
2022-01-21 15:52:11,258 root                INFO: Valid: Epoch 104: kendall tau 0.4412 -0.0220; loss 0.01907 0.01156
2022-01-21 15:52:11,809 root                INFO: Train: Epoch 105: train loss 0.0038
2022-01-21 15:52:13,726 root                INFO: Valid: Epoch 105: kendall tau 0.4417 -0.0663; loss 0.01888 0.01309
2022-01-21 15:52:14,167 root                INFO: Train: Epoch 106: train loss 0.0034
2022-01-21 15:52:16,400 root                INFO: Valid: Epoch 106: kendall tau 0.4436 -0.0339; loss 0.01825 0.01174
2022-01-21 15:52:16,816 root                INFO: Train: Epoch 107: train loss 0.0038
2022-01-21 15:52:18,747 root                INFO: Valid: Epoch 107: kendall tau 0.4468 0.0081; loss 0.01805 0.01078
2022-01-21 15:52:19,250 root                INFO: Train: Epoch 108: train loss 0.0030
2022-01-21 15:52:21,330 root                INFO: Valid: Epoch 108: kendall tau 0.4499 0.0446; loss 0.01852 0.01057
2022-01-21 15:52:21,884 root                INFO: Train: Epoch 109: train loss 0.0035
2022-01-21 15:52:24,111 root                INFO: Valid: Epoch 109: kendall tau 0.4530 0.0739; loss 0.01929 0.01089
2022-01-21 15:52:24,830 root                INFO: Train: Epoch 110: train loss 0.0037
2022-01-21 15:52:27,026 root                INFO: Valid: Epoch 110: kendall tau 0.4551 0.1132; loss 0.01927 0.01068
2022-01-21 15:52:27,908 root                INFO: Train: Epoch 111: train loss 0.0037
2022-01-21 15:52:29,994 root                INFO: Valid: Epoch 111: kendall tau 0.4564 0.1639; loss 0.0183 0.009679
2022-01-21 15:52:30,904 root                INFO: Train: Epoch 112: train loss 0.0033
2022-01-21 15:52:33,324 root                INFO: Valid: Epoch 112: kendall tau 0.4562 0.1641; loss 0.01791 0.009943
2022-01-21 15:52:34,089 root                INFO: Train: Epoch 113: train loss 0.0034
2022-01-21 15:52:36,218 root                INFO: Valid: Epoch 113: kendall tau 0.4556 0.1510; loss 0.01802 0.01062
2022-01-21 15:52:37,141 root                INFO: Train: Epoch 114: train loss 0.0037
2022-01-21 15:52:39,275 root                INFO: Valid: Epoch 114: kendall tau 0.4537 0.1387; loss 0.01791 0.01075
2022-01-21 15:52:39,923 root                INFO: Train: Epoch 115: train loss 0.0033
2022-01-21 15:52:41,863 root                INFO: Valid: Epoch 115: kendall tau 0.4518 0.1501; loss 0.01742 0.0101
2022-01-21 15:52:42,468 root                INFO: Train: Epoch 116: train loss 0.0033
2022-01-21 15:52:44,666 root                INFO: Valid: Epoch 116: kendall tau 0.4494 0.1585; loss 0.01722 0.009722
2022-01-21 15:52:45,163 root                INFO: Train: Epoch 117: train loss 0.0031
2022-01-21 15:52:47,250 root                INFO: Valid: Epoch 117: kendall tau 0.4480 0.1402; loss 0.0181 0.01035
2022-01-21 15:52:47,691 root                INFO: Train: Epoch 118: train loss 0.0032
2022-01-21 15:52:50,231 root                INFO: Valid: Epoch 118: kendall tau 0.4463 0.1232; loss 0.01882 0.0109
2022-01-21 15:52:50,696 root                INFO: Train: Epoch 119: train loss 0.0036
2022-01-21 15:52:52,788 root                INFO: Valid: Epoch 119: kendall tau 0.4452 0.1421; loss 0.01829 0.01031
2022-01-21 15:52:53,411 root                INFO: Train: Epoch 120: train loss 0.0031
2022-01-21 15:52:55,656 root                INFO: Valid: Epoch 120: kendall tau 0.4438 0.1461; loss 0.01761 0.01025
2022-01-21 15:52:56,299 root                INFO: Train: Epoch 121: train loss 0.0030
2022-01-21 15:52:58,419 root                INFO: Valid: Epoch 121: kendall tau 0.4428 0.1420; loss 0.01723 0.01049
2022-01-21 15:52:58,981 root                INFO: Train: Epoch 122: train loss 0.0030
2022-01-21 15:53:01,149 root                INFO: Valid: Epoch 122: kendall tau 0.4438 0.1509; loss 0.01718 0.01065
2022-01-21 15:53:01,670 root                INFO: Train: Epoch 123: train loss 0.0030
2022-01-21 15:53:03,644 root                INFO: Valid: Epoch 123: kendall tau 0.4451 0.1639; loss 0.01736 0.01074
2022-01-21 15:53:04,110 root                INFO: Train: Epoch 124: train loss 0.0028
2022-01-21 15:53:06,385 root                INFO: Valid: Epoch 124: kendall tau 0.4472 0.1905; loss 0.0179 0.01065
2022-01-21 15:53:06,840 root                INFO: Train: Epoch 125: train loss 0.0030
2022-01-21 15:53:09,006 root                INFO: Valid: Epoch 125: kendall tau 0.4487 0.2224; loss 0.01824 0.0102
2022-01-21 15:53:09,505 root                INFO: Train: Epoch 126: train loss 0.0030
2022-01-21 15:53:11,793 root                INFO: Valid: Epoch 126: kendall tau 0.4492 0.2419; loss 0.01754 0.009541
2022-01-21 15:53:12,326 root                INFO: Train: Epoch 127: train loss 0.0028
2022-01-21 15:53:14,449 root                INFO: Valid: Epoch 127: kendall tau 0.4460 0.2291; loss 0.01703 0.009863
2022-01-21 15:53:14,986 root                INFO: Train: Epoch 128: train loss 0.0031
2022-01-21 15:53:17,380 root                INFO: Valid: Epoch 128: kendall tau 0.4430 0.2091; loss 0.01765 0.01104
2022-01-21 15:53:17,886 root                INFO: Train: Epoch 129: train loss 0.0029
2022-01-21 15:53:19,936 root                INFO: Valid: Epoch 129: kendall tau 0.4399 0.2074; loss 0.01724 0.01078
2022-01-21 15:53:20,440 root                INFO: Train: Epoch 130: train loss 0.0029
2022-01-21 15:53:22,585 root                INFO: Valid: Epoch 130: kendall tau 0.4379 0.2154; loss 0.01687 0.01008
2022-01-21 15:53:23,038 root                INFO: Train: Epoch 131: train loss 0.0026
2022-01-21 15:53:25,250 root                INFO: Valid: Epoch 131: kendall tau 0.4365 0.2271; loss 0.01748 0.009656
2022-01-21 15:53:25,907 root                INFO: Train: Epoch 132: train loss 0.0030
2022-01-21 15:53:28,088 root                INFO: Valid: Epoch 132: kendall tau 0.4329 0.2251; loss 0.01923 0.01006
2022-01-21 15:53:28,730 root                INFO: Train: Epoch 133: train loss 0.0027
2022-01-21 15:53:30,900 root                INFO: Valid: Epoch 133: kendall tau 0.4317 0.2261; loss 0.01968 0.009912
2022-01-21 15:53:31,293 root                INFO: Train: Epoch 134: train loss 0.0028
2022-01-21 15:53:33,468 root                INFO: Valid: Epoch 134: kendall tau 0.4321 0.2154; loss 0.01836 0.009823
2022-01-21 15:53:33,915 root                INFO: Train: Epoch 135: train loss 0.0025
2022-01-21 15:53:35,790 root                INFO: Valid: Epoch 135: kendall tau 0.4306 0.1861; loss 0.01691 0.01013
2022-01-21 15:53:36,291 root                INFO: Train: Epoch 136: train loss 0.0030
2022-01-21 15:53:38,543 root                INFO: Valid: Epoch 136: kendall tau 0.4293 0.1649; loss 0.017 0.0109
2022-01-21 15:53:39,228 root                INFO: Train: Epoch 137: train loss 0.0027
2022-01-21 15:53:41,318 root                INFO: Valid: Epoch 137: kendall tau 0.4296 0.1601; loss 0.01765 0.01144
2022-01-21 15:53:41,985 root                INFO: Train: Epoch 138: train loss 0.0028
2022-01-21 15:53:44,026 root                INFO: Valid: Epoch 138: kendall tau 0.4304 0.1779; loss 0.01772 0.01074
2022-01-21 15:53:44,573 root                INFO: Train: Epoch 139: train loss 0.0026
2022-01-21 15:53:46,805 root                INFO: Valid: Epoch 139: kendall tau 0.4331 0.2061; loss 0.01841 0.00984
2022-01-21 15:53:47,757 root                INFO: Train: Epoch 140: train loss 0.0025
2022-01-21 15:53:49,843 root                INFO: Valid: Epoch 140: kendall tau 0.4341 0.2145; loss 0.01911 0.009765
2022-01-21 15:53:50,306 root                INFO: Train: Epoch 141: train loss 0.0028
2022-01-21 15:53:52,474 root                INFO: Valid: Epoch 141: kendall tau 0.4331 0.1976; loss 0.01895 0.01033
2022-01-21 15:53:52,943 root                INFO: Train: Epoch 142: train loss 0.0024
2022-01-21 15:53:54,886 root                INFO: Valid: Epoch 142: kendall tau 0.4317 0.1743; loss 0.01787 0.01073
2022-01-21 15:53:55,427 root                INFO: Train: Epoch 143: train loss 0.0026
2022-01-21 15:53:57,767 root                INFO: Valid: Epoch 143: kendall tau 0.4298 0.1549; loss 0.01635 0.01061
2022-01-21 15:53:58,420 root                INFO: Train: Epoch 144: train loss 0.0023
2022-01-21 15:54:00,705 root                INFO: Valid: Epoch 144: kendall tau 0.4293 0.1500; loss 0.01727 0.01109
2022-01-21 15:54:01,295 root                INFO: Train: Epoch 145: train loss 0.0025
2022-01-21 15:54:03,503 root                INFO: Valid: Epoch 145: kendall tau 0.4270 0.1570; loss 0.01909 0.01137
2022-01-21 15:54:04,138 root                INFO: Train: Epoch 146: train loss 0.0023
2022-01-21 15:54:06,543 root                INFO: Valid: Epoch 146: kendall tau 0.4269 0.1730; loss 0.01898 0.01049
2022-01-21 15:54:07,182 root                INFO: Train: Epoch 147: train loss 0.0023
2022-01-21 15:54:09,384 root                INFO: Valid: Epoch 147: kendall tau 0.4295 0.1875; loss 0.01907 0.009896
2022-01-21 15:54:09,947 root                INFO: Train: Epoch 148: train loss 0.0025
2022-01-21 15:54:12,269 root                INFO: Valid: Epoch 148: kendall tau 0.4323 0.1845; loss 0.01913 0.009977
2022-01-21 15:54:12,658 root                INFO: Train: Epoch 149: train loss 0.0021
2022-01-21 15:54:14,860 root                INFO: Valid: Epoch 149: kendall tau 0.4345 0.1699; loss 0.01936 0.01069
2022-01-21 15:54:15,274 root                INFO: Train: Epoch 150: train loss 0.0022
2022-01-21 15:54:17,641 root                INFO: Valid: Epoch 150: kendall tau 0.4379 0.1520; loss 0.01777 0.01106
2022-01-21 15:54:18,125 root                INFO: Train: Epoch 151: train loss 0.0021
2022-01-21 15:54:20,262 root                INFO: Valid: Epoch 151: kendall tau 0.4404 0.1500; loss 0.01691 0.01101
2022-01-21 15:54:20,797 root                INFO: Train: Epoch 152: train loss 0.0021
2022-01-21 15:54:23,039 root                INFO: Valid: Epoch 152: kendall tau 0.4421 0.1670; loss 0.01728 0.0108
2022-01-21 15:54:23,805 root                INFO: Train: Epoch 153: train loss 0.0018
2022-01-21 15:54:26,043 root                INFO: Valid: Epoch 153: kendall tau 0.4426 0.2012; loss 0.01886 0.01043
2022-01-21 15:54:26,654 root                INFO: Train: Epoch 154: train loss 0.0017
2022-01-21 15:54:29,097 root                INFO: Valid: Epoch 154: kendall tau 0.4420 0.2334; loss 0.01903 0.00965
2022-01-21 15:54:29,713 root                INFO: Train: Epoch 155: train loss 0.0024
2022-01-21 15:54:31,698 root                INFO: Valid: Epoch 155: kendall tau 0.4428 0.2357; loss 0.01797 0.009498
2022-01-21 15:54:32,216 root                INFO: Train: Epoch 156: train loss 0.0019
2022-01-21 15:54:34,470 root                INFO: Valid: Epoch 156: kendall tau 0.4415 0.2227; loss 0.01837 0.01045
2022-01-21 15:54:35,224 root                INFO: Train: Epoch 157: train loss 0.0020
2022-01-21 15:54:37,450 root                INFO: Valid: Epoch 157: kendall tau 0.4421 0.2046; loss 0.01757 0.01101
2022-01-21 15:54:38,078 root                INFO: Train: Epoch 158: train loss 0.0017
2022-01-21 15:54:40,540 root                INFO: Valid: Epoch 158: kendall tau 0.4424 0.2038; loss 0.01662 0.01068
2022-01-21 15:54:41,133 root                INFO: Train: Epoch 159: train loss 0.0019
2022-01-21 15:54:43,334 root                INFO: Valid: Epoch 159: kendall tau 0.4410 0.2262; loss 0.0178 0.01036
2022-01-21 15:54:44,039 root                INFO: Train: Epoch 160: train loss 0.0016
2022-01-21 15:54:46,407 root                INFO: Valid: Epoch 160: kendall tau 0.4369 0.2556; loss 0.01984 0.009974
2022-01-21 15:54:47,035 root                INFO: Train: Epoch 161: train loss 0.0019
2022-01-21 15:54:49,336 root                INFO: Valid: Epoch 161: kendall tau 0.4383 0.2670; loss 0.01892 0.009277
2022-01-21 15:54:49,834 root                INFO: Train: Epoch 162: train loss 0.0020
2022-01-21 15:54:52,096 root                INFO: Valid: Epoch 162: kendall tau 0.4372 0.2480; loss 0.01842 0.009623
2022-01-21 15:54:52,889 root                INFO: Train: Epoch 163: train loss 0.0016
2022-01-21 15:54:55,066 root                INFO: Valid: Epoch 163: kendall tau 0.4358 0.2223; loss 0.01794 0.01034
2022-01-21 15:54:55,569 root                INFO: Train: Epoch 164: train loss 0.0018
2022-01-21 15:54:57,802 root                INFO: Valid: Epoch 164: kendall tau 0.4306 0.2082; loss 0.01916 0.01145
2022-01-21 15:54:58,325 root                INFO: Train: Epoch 165: train loss 0.0015
2022-01-21 15:55:00,883 root                INFO: Valid: Epoch 165: kendall tau 0.4276 0.2021; loss 0.01874 0.01137
2022-01-21 15:55:01,484 root                INFO: Train: Epoch 166: train loss 0.0015
2022-01-21 15:55:03,788 root                INFO: Valid: Epoch 166: kendall tau 0.4254 0.2096; loss 0.01761 0.01036
2022-01-21 15:55:04,455 root                INFO: Train: Epoch 167: train loss 0.0015
2022-01-21 15:55:06,557 root                INFO: Valid: Epoch 167: kendall tau 0.4153 0.2309; loss 0.01881 0.009851
2022-01-21 15:55:07,230 root                INFO: Train: Epoch 168: train loss 0.0015
2022-01-21 15:55:09,540 root                INFO: Valid: Epoch 168: kendall tau 0.4050 0.2474; loss 0.0205 0.009971
2022-01-21 15:55:10,203 root                INFO: Train: Epoch 169: train loss 0.0015
2022-01-21 15:55:12,418 root                INFO: Valid: Epoch 169: kendall tau 0.4089 0.2449; loss 0.02027 0.0101
2022-01-21 15:55:13,055 root                INFO: Train: Epoch 170: train loss 0.0014
2022-01-21 15:55:15,341 root                INFO: Valid: Epoch 170: kendall tau 0.4186 0.2364; loss 0.01862 0.0101
2022-01-21 15:55:15,758 root                INFO: Train: Epoch 171: train loss 0.0013
2022-01-21 15:55:17,699 root                INFO: Valid: Epoch 171: kendall tau 0.4202 0.2296; loss 0.01854 0.01044
2022-01-21 15:55:18,201 root                INFO: Train: Epoch 172: train loss 0.0014
2022-01-21 15:55:20,681 root                INFO: Valid: Epoch 172: kendall tau 0.4125 0.2372; loss 0.02005 0.01068
2022-01-21 15:55:21,229 root                INFO: Train: Epoch 173: train loss 0.0011
2022-01-21 15:55:23,452 root                INFO: Valid: Epoch 173: kendall tau 0.4048 0.2429; loss 0.02022 0.01039
2022-01-21 15:55:23,962 root                INFO: Train: Epoch 174: train loss 0.0014
2022-01-21 15:55:26,269 root                INFO: Valid: Epoch 174: kendall tau 0.4032 0.2450; loss 0.01906 0.009856
2022-01-21 15:55:26,736 root                INFO: Train: Epoch 175: train loss 0.0014
2022-01-21 15:55:28,761 root                INFO: Valid: Epoch 175: kendall tau 0.3969 0.2383; loss 0.01914 0.009868
2022-01-21 15:55:29,250 root                INFO: Train: Epoch 176: train loss 0.0014
2022-01-21 15:55:31,391 root                INFO: Valid: Epoch 176: kendall tau 0.3933 0.2330; loss 0.02013 0.0102
2022-01-21 15:55:32,082 root                INFO: Train: Epoch 177: train loss 0.0014
2022-01-21 15:55:34,195 root                INFO: Valid: Epoch 177: kendall tau 0.3957 0.2293; loss 0.02055 0.01034
2022-01-21 15:55:34,755 root                INFO: Train: Epoch 178: train loss 0.0011
2022-01-21 15:55:36,676 root                INFO: Valid: Epoch 178: kendall tau 0.4045 0.2171; loss 0.01968 0.0103
2022-01-21 15:55:37,189 root                INFO: Train: Epoch 179: train loss 0.0013
2022-01-21 15:55:39,658 root                INFO: Valid: Epoch 179: kendall tau 0.3974 0.2119; loss 0.02098 0.01057
2022-01-21 15:55:40,163 root                INFO: Train: Epoch 180: train loss 0.0015
2022-01-21 15:55:42,534 root                INFO: Valid: Epoch 180: kendall tau 0.3966 0.2048; loss 0.02027 0.01046
2022-01-21 15:55:42,957 root                INFO: Train: Epoch 181: train loss 0.0012
2022-01-21 15:55:45,142 root                INFO: Valid: Epoch 181: kendall tau 0.3973 0.2064; loss 0.01913 0.01013
2022-01-21 15:55:45,582 root                INFO: Train: Epoch 182: train loss 0.0015
2022-01-21 15:55:47,517 root                INFO: Valid: Epoch 182: kendall tau 0.3778 0.2177; loss 0.02116 0.01067
2022-01-21 15:55:48,026 root                INFO: Train: Epoch 183: train loss 0.0014
2022-01-21 15:55:49,922 root                INFO: Valid: Epoch 183: kendall tau 0.3752 0.2280; loss 0.02108 0.01077
2022-01-21 15:55:50,389 root                INFO: Train: Epoch 184: train loss 0.0013
2022-01-21 15:55:52,589 root                INFO: Valid: Epoch 184: kendall tau 0.3933 0.2482; loss 0.01843 0.00988
2022-01-21 15:55:53,015 root                INFO: Train: Epoch 185: train loss 0.0013
2022-01-21 15:55:54,887 root                INFO: Valid: Epoch 185: kendall tau 0.4000 0.2627; loss 0.01769 0.009587
2022-01-21 15:55:55,405 root                INFO: Train: Epoch 186: train loss 0.0016
2022-01-21 15:55:57,560 root                INFO: Valid: Epoch 186: kendall tau 0.3788 0.2739; loss 0.02176 0.01049
2022-01-21 15:55:58,053 root                INFO: Train: Epoch 187: train loss 0.0014
2022-01-21 15:55:59,890 root                INFO: Valid: Epoch 187: kendall tau 0.3829 0.2833; loss 0.02172 0.01035
2022-01-21 15:56:00,290 root                INFO: Train: Epoch 188: train loss 0.0015
2022-01-21 15:56:02,414 root                INFO: Valid: Epoch 188: kendall tau 0.4003 0.2778; loss 0.01854 0.009618
2022-01-21 15:56:02,831 root                INFO: Train: Epoch 189: train loss 0.0014
2022-01-21 15:56:04,674 root                INFO: Valid: Epoch 189: kendall tau 0.3981 0.2775; loss 0.01857 0.009568
2022-01-21 15:56:05,105 root                INFO: Train: Epoch 190: train loss 0.0015
2022-01-21 15:56:07,280 root                INFO: Valid: Epoch 190: kendall tau 0.3784 0.2767; loss 0.02168 0.01025
2022-01-21 15:56:07,785 root                INFO: Train: Epoch 191: train loss 0.0012
2022-01-21 15:56:09,710 root                INFO: Valid: Epoch 191: kendall tau 0.3751 0.2728; loss 0.0218 0.01028
2022-01-21 15:56:10,237 root                INFO: Train: Epoch 192: train loss 0.0013
2022-01-21 15:56:12,543 root                INFO: Valid: Epoch 192: kendall tau 0.3831 0.2643; loss 0.02028 0.01008
2022-01-21 15:56:13,040 root                INFO: Train: Epoch 193: train loss 0.0013
2022-01-21 15:56:14,970 root                INFO: Valid: Epoch 193: kendall tau 0.3898 0.2524; loss 0.01892 0.009976
2022-01-21 15:56:15,594 root                INFO: Train: Epoch 194: train loss 0.0010
2022-01-21 15:56:17,692 root                INFO: Valid: Epoch 194: kendall tau 0.3854 0.2456; loss 0.01952 0.01017
2022-01-21 15:56:18,222 root                INFO: Train: Epoch 195: train loss 0.0014
2022-01-21 15:56:20,309 root                INFO: Valid: Epoch 195: kendall tau 0.3772 0.2474; loss 0.0212 0.01046
2022-01-21 15:56:20,861 root                INFO: Train: Epoch 196: train loss 0.0011
2022-01-21 15:56:22,892 root                INFO: Valid: Epoch 196: kendall tau 0.3783 0.2503; loss 0.0213 0.01034
2022-01-21 15:56:23,357 root                INFO: Train: Epoch 197: train loss 0.0010
2022-01-21 15:56:25,311 root                INFO: Valid: Epoch 197: kendall tau 0.3865 0.2559; loss 0.01982 0.009794
2022-01-21 15:56:25,830 root                INFO: Train: Epoch 198: train loss 0.0012
2022-01-21 15:56:28,018 root                INFO: Valid: Epoch 198: kendall tau 0.3860 0.2575; loss 0.01993 0.009707
2022-01-21 15:56:28,455 root                INFO: Train: Epoch 199: train loss 0.0011
2022-01-21 15:56:30,481 root                INFO: Valid: Epoch 199: kendall tau 0.3765 0.2487; loss 0.02151 0.01024
2022-01-21 15:56:30,926 root                INFO: Train: Epoch 200: train loss 0.0012
2022-01-21 15:56:33,005 root                INFO: Valid: Epoch 200: kendall tau 0.3746 0.2336; loss 0.02157 0.01066
2022-01-21 15:56:33,013 root                INFO: Epoch 200: Save checkpoint to nb1shot1_anytime_tagates/tagates_0.005/12/21/200.ckpt
2022-01-21 15:56:34,798 root                INFO: [0.0, 0.0, 0.013888888888888888, 0.11813186813186813, 0.21810699588477367, 0.6883401920438957, 1.0]
2022-01-21 15:56:34,799 root                INFO: [0.0, 0.0, 0.0, 0.12087912087912088, 0.2345679012345679, 0.6337448559670782, 1.0]
2022-01-21 15:56:34,799 root                INFO: [283, 38]
2022-01-21 15:56:34,799 root                INFO: [511, 184]
