2022-01-21 15:56:21,585 root                INFO: GPU device = 1
2022-01-21 15:56:21,586 root                INFO: Load pkl cache from nasbench101.pkl and nasbench101_valid.pkl
2022-01-21 15:56:22,257 root                INFO: Config: {'arch_network_cfg': {'arch_embedder_cfg': {'gcn_kwargs': {'plus_I': True, 'residual_only': 1}, 'gcn_out_dims': [128, 128, 128, 128, 128], 'backward_gcn_out_dims': [128, 128, 128, 128, 128], 'hid_dim': 96, 'node_embedding_dim': 48, 'op_embedding_dim': 48, 'num_time_steps': 2, 'fb_conversion_dims': [128, 128], 'updateopemb_method': 'concat_ofb', 'updateopemb_dims': [128], 'updateopemb_scale': 0.1, 'b_use_bn': False, 'detach_vinfo': False, 'updateopemb_detach_opemb': True, 'updateopemb_detach_finfo': True, 'symmetry_breaking_method': 'param_zs_add', 'concat_param_zs_as_opemb_dimension': 7, 'concat_param_zs_as_opemb_scale': 1.0, 'mask_nonparametrized_ops': False}, 'arch_embedder_type': 'nb101-fbflow-anytime', 'compare_loss_type': 'margin_linear', 'compare_margin': 0.1, 'mlp_dropout': 0.1, 'mlp_hiddens': [200], 'mlp_out_dim': 1, 'optimizer': {'lr': 0.001, 'type': 'Adam'}, 'scheduler': None}, 'batch_size': 512, 'choose_pair_criterion': 'random', 'compare': False, 'compare_threshold': 0.0, 'epochs': 200, 'max_compare_ratio': 4.0}
2022-01-21 15:56:26,528 root                INFO: Combined args: Namespace(batch_size=512, cfg_file='cfgs/nb101_cfgs/tagates_anytime.yaml', choose_pair_criterion='random', compare=False, compare_threshold=0.0, epochs=200, eval_only_last=200, gpu=1, load=None, max_compare_ratio=4.0, num_workers=4, report_freq=200, save_every=200, save_predict=None, seed=2021, test_funcs=None, test_only=False, train_dir='nb1shot1_anytime_tagates/tagates_0.5/12/2021', train_pkl='../mynas/data/nasbench-1shot1/nasbench101_anytime_train_12.pkl', train_ratio=0.5, valid_pkl='../mynas/data/nasbench-1shot1/nasbench101_anytime_valid.pkl')
2022-01-21 15:56:26,540 root                INFO: Train dataset ratio: 0.500
2022-01-21 15:56:26,540 root                INFO: Number of architectures: train: 3645; valid: 7290
2022-01-21 15:56:30,374 root                INFO: Train: Epoch   1: train loss 0.1409
2022-01-21 15:56:32,410 root                INFO: Valid: Epoch   1: kendall tau 0.3306 0.3493; loss 0.06173 0.00914
2022-01-21 15:56:33,881 root                INFO: Train: Epoch   2: train loss 0.0277
2022-01-21 15:56:35,825 root                INFO: Valid: Epoch   2: kendall tau 0.3655 0.3705; loss 0.01832 0.008918
2022-01-21 15:56:37,230 root                INFO: Train: Epoch   3: train loss 0.0160
2022-01-21 15:56:39,480 root                INFO: Valid: Epoch   3: kendall tau 0.3611 0.3939; loss 0.0247 0.008857
2022-01-21 15:56:40,796 root                INFO: Train: Epoch   4: train loss 0.0125
2022-01-21 15:56:43,236 root                INFO: Valid: Epoch   4: kendall tau 0.3603 0.4130; loss 0.0195 0.008609
2022-01-21 15:56:44,444 root                INFO: Train: Epoch   5: train loss 0.0115
2022-01-21 15:56:46,353 root                INFO: Valid: Epoch   5: kendall tau 0.3555 0.4320; loss 0.02021 0.008867
2022-01-21 15:56:47,470 root                INFO: Train: Epoch   6: train loss 0.0112
2022-01-21 15:56:49,269 root                INFO: Valid: Epoch   6: kendall tau 0.3522 0.4494; loss 0.01895 0.00846
2022-01-21 15:56:50,707 root                INFO: Train: Epoch   7: train loss 0.0109
2022-01-21 15:56:52,757 root                INFO: Valid: Epoch   7: kendall tau 0.3510 0.4728; loss 0.01956 0.008109
2022-01-21 15:56:54,100 root                INFO: Train: Epoch   8: train loss 0.0106
2022-01-21 15:56:56,003 root                INFO: Valid: Epoch   8: kendall tau 0.3516 0.5024; loss 0.02113 0.008303
2022-01-21 15:56:57,161 root                INFO: Train: Epoch   9: train loss 0.0103
2022-01-21 15:56:59,200 root                INFO: Valid: Epoch   9: kendall tau 0.3582 0.5456; loss 0.01997 0.008026
2022-01-21 15:57:00,362 root                INFO: Train: Epoch  10: train loss 0.0100
2022-01-21 15:57:02,247 root                INFO: Valid: Epoch  10: kendall tau 0.3627 0.6039; loss 0.01967 0.007611
2022-01-21 15:57:03,383 root                INFO: Train: Epoch  11: train loss 0.0096
2022-01-21 15:57:05,371 root                INFO: Valid: Epoch  11: kendall tau 0.3512 0.6149; loss 0.02007 0.007501
2022-01-21 15:57:06,483 root                INFO: Train: Epoch  12: train loss 0.0092
2022-01-21 15:57:08,207 root                INFO: Valid: Epoch  12: kendall tau 0.3665 0.5959; loss 0.01943 0.007329
2022-01-21 15:57:09,460 root                INFO: Train: Epoch  13: train loss 0.0090
2022-01-21 15:57:11,236 root                INFO: Valid: Epoch  13: kendall tau 0.4151 0.5961; loss 0.01826 0.007324
2022-01-21 15:57:12,568 root                INFO: Train: Epoch  14: train loss 0.0087
2022-01-21 15:57:14,463 root                INFO: Valid: Epoch  14: kendall tau 0.4387 0.5809; loss 0.01834 0.007378
2022-01-21 15:57:15,612 root                INFO: Train: Epoch  15: train loss 0.0085
2022-01-21 15:57:17,263 root                INFO: Valid: Epoch  15: kendall tau 0.4677 0.5592; loss 0.0158 0.007156
2022-01-21 15:57:18,565 root                INFO: Train: Epoch  16: train loss 0.0083
2022-01-21 15:57:20,242 root                INFO: Valid: Epoch  16: kendall tau 0.4545 0.5351; loss 0.01729 0.007427
2022-01-21 15:57:21,557 root                INFO: Train: Epoch  17: train loss 0.0080
2022-01-21 15:57:23,220 root                INFO: Valid: Epoch  17: kendall tau 0.4580 0.5221; loss 0.01503 0.007041
2022-01-21 15:57:24,482 root                INFO: Train: Epoch  18: train loss 0.0075
2022-01-21 15:57:26,188 root                INFO: Valid: Epoch  18: kendall tau 0.4657 0.5074; loss 0.01347 0.006902
2022-01-21 15:57:27,470 root                INFO: Train: Epoch  19: train loss 0.0070
2022-01-21 15:57:29,154 root                INFO: Valid: Epoch  19: kendall tau 0.4907 0.5088; loss 0.0127 0.006446
2022-01-21 15:57:30,400 root                INFO: Train: Epoch  20: train loss 0.0067
2022-01-21 15:57:32,157 root                INFO: Valid: Epoch  20: kendall tau 0.4677 0.5577; loss 0.01075 0.005546
2022-01-21 15:57:33,478 root                INFO: Train: Epoch  21: train loss 0.0077
2022-01-21 15:57:35,187 root                INFO: Valid: Epoch  21: kendall tau 0.4801 0.5008; loss 0.01233 0.005977
2022-01-21 15:57:36,424 root                INFO: Train: Epoch  22: train loss 0.0070
2022-01-21 15:57:38,271 root                INFO: Valid: Epoch  22: kendall tau 0.4615 0.5458; loss 0.01197 0.005628
2022-01-21 15:57:39,392 root                INFO: Train: Epoch  23: train loss 0.0065
2022-01-21 15:57:41,182 root                INFO: Valid: Epoch  23: kendall tau 0.4873 0.5869; loss 0.0116 0.005789
2022-01-21 15:57:42,492 root                INFO: Train: Epoch  24: train loss 0.0063
2022-01-21 15:57:44,488 root                INFO: Valid: Epoch  24: kendall tau 0.4676 0.5743; loss 0.01181 0.005776
2022-01-21 15:57:45,629 root                INFO: Train: Epoch  25: train loss 0.0061
2022-01-21 15:57:47,419 root                INFO: Valid: Epoch  25: kendall tau 0.4588 0.5634; loss 0.01294 0.005612
2022-01-21 15:57:48,711 root                INFO: Train: Epoch  26: train loss 0.0060
2022-01-21 15:57:50,432 root                INFO: Valid: Epoch  26: kendall tau 0.4730 0.5619; loss 0.01351 0.006204
2022-01-21 15:57:51,690 root                INFO: Train: Epoch  27: train loss 0.0060
2022-01-21 15:57:53,392 root                INFO: Valid: Epoch  27: kendall tau 0.4708 0.5360; loss 0.01485 0.007164
2022-01-21 15:57:54,693 root                INFO: Train: Epoch  28: train loss 0.0060
2022-01-21 15:57:56,399 root                INFO: Valid: Epoch  28: kendall tau 0.4710 0.5690; loss 0.01463 0.006111
2022-01-21 15:57:57,670 root                INFO: Train: Epoch  29: train loss 0.0059
2022-01-21 15:57:59,387 root                INFO: Valid: Epoch  29: kendall tau 0.4532 0.5675; loss 0.01309 0.005648
2022-01-21 15:58:00,656 root                INFO: Train: Epoch  30: train loss 0.0056
2022-01-21 15:58:02,384 root                INFO: Valid: Epoch  30: kendall tau 0.4652 0.5529; loss 0.01242 0.006695
2022-01-21 15:58:03,678 root                INFO: Train: Epoch  31: train loss 0.0059
2022-01-21 15:58:05,470 root                INFO: Valid: Epoch  31: kendall tau 0.4541 0.5875; loss 0.01169 0.004911
2022-01-21 15:58:06,770 root                INFO: Train: Epoch  32: train loss 0.0057
2022-01-21 15:58:08,564 root                INFO: Valid: Epoch  32: kendall tau 0.4469 0.5887; loss 0.009949 0.004979
2022-01-21 15:58:09,938 root                INFO: Train: Epoch  33: train loss 0.0058
2022-01-21 15:58:11,874 root                INFO: Valid: Epoch  33: kendall tau 0.4526 0.6009; loss 0.01065 0.004793
2022-01-21 15:58:13,047 root                INFO: Train: Epoch  34: train loss 0.0053
2022-01-21 15:58:14,740 root                INFO: Valid: Epoch  34: kendall tau 0.4588 0.6083; loss 0.01011 0.004559
2022-01-21 15:58:16,028 root                INFO: Train: Epoch  35: train loss 0.0052
2022-01-21 15:58:17,635 root                INFO: Valid: Epoch  35: kendall tau 0.4407 0.5785; loss 0.01109 0.005094
2022-01-21 15:58:18,972 root                INFO: Train: Epoch  36: train loss 0.0049
2022-01-21 15:58:20,639 root                INFO: Valid: Epoch  36: kendall tau 0.4501 0.5803; loss 0.01107 0.004882
2022-01-21 15:58:21,954 root                INFO: Train: Epoch  37: train loss 0.0047
2022-01-21 15:58:23,731 root                INFO: Valid: Epoch  37: kendall tau 0.4529 0.5684; loss 0.0123 0.005225
2022-01-21 15:58:24,951 root                INFO: Train: Epoch  38: train loss 0.0054
2022-01-21 15:58:26,674 root                INFO: Valid: Epoch  38: kendall tau 0.4275 0.5680; loss 0.01296 0.005529
2022-01-21 15:58:27,950 root                INFO: Train: Epoch  39: train loss 0.0060
2022-01-21 15:58:29,700 root                INFO: Valid: Epoch  39: kendall tau 0.4200 0.5551; loss 0.01181 0.005493
2022-01-21 15:58:30,954 root                INFO: Train: Epoch  40: train loss 0.0055
2022-01-21 15:58:32,615 root                INFO: Valid: Epoch  40: kendall tau 0.4587 0.5782; loss 0.01087 0.005277
2022-01-21 15:58:33,848 root                INFO: Train: Epoch  41: train loss 0.0047
2022-01-21 15:58:35,606 root                INFO: Valid: Epoch  41: kendall tau 0.4508 0.5817; loss 0.01203 0.005343
2022-01-21 15:58:36,868 root                INFO: Train: Epoch  42: train loss 0.0046
2022-01-21 15:58:38,609 root                INFO: Valid: Epoch  42: kendall tau 0.4353 0.5829; loss 0.01242 0.006232
2022-01-21 15:58:39,889 root                INFO: Train: Epoch  43: train loss 0.0045
2022-01-21 15:58:41,649 root                INFO: Valid: Epoch  43: kendall tau 0.4521 0.5811; loss 0.01206 0.004892
2022-01-21 15:58:42,932 root                INFO: Train: Epoch  44: train loss 0.0043
2022-01-21 15:58:44,658 root                INFO: Valid: Epoch  44: kendall tau 0.4501 0.5750; loss 0.01156 0.005526
2022-01-21 15:58:45,937 root                INFO: Train: Epoch  45: train loss 0.0044
2022-01-21 15:58:47,652 root                INFO: Valid: Epoch  45: kendall tau 0.4255 0.5338; loss 0.01209 0.005396
2022-01-21 15:58:48,952 root                INFO: Train: Epoch  46: train loss 0.0043
2022-01-21 15:58:50,706 root                INFO: Valid: Epoch  46: kendall tau 0.4419 0.5632; loss 0.01427 0.005175
2022-01-21 15:58:51,971 root                INFO: Train: Epoch  47: train loss 0.0045
2022-01-21 15:58:53,625 root                INFO: Valid: Epoch  47: kendall tau 0.4420 0.5662; loss 0.01471 0.006126
2022-01-21 15:58:54,881 root                INFO: Train: Epoch  48: train loss 0.0045
2022-01-21 15:58:56,555 root                INFO: Valid: Epoch  48: kendall tau 0.4416 0.5749; loss 0.01241 0.006011
2022-01-21 15:58:57,932 root                INFO: Train: Epoch  49: train loss 0.0046
2022-01-21 15:58:59,767 root                INFO: Valid: Epoch  49: kendall tau 0.4451 0.5830; loss 0.01007 0.00671
2022-01-21 15:59:00,959 root                INFO: Train: Epoch  50: train loss 0.0051
2022-01-21 15:59:02,707 root                INFO: Valid: Epoch  50: kendall tau 0.4553 0.5671; loss 0.0109 0.005089
2022-01-21 15:59:03,963 root                INFO: Train: Epoch  51: train loss 0.0049
2022-01-21 15:59:05,689 root                INFO: Valid: Epoch  51: kendall tau 0.4645 0.5883; loss 0.01223 0.005625
2022-01-21 15:59:06,941 root                INFO: Train: Epoch  52: train loss 0.0044
2022-01-21 15:59:08,709 root                INFO: Valid: Epoch  52: kendall tau 0.4541 0.5829; loss 0.01221 0.005565
2022-01-21 15:59:09,974 root                INFO: Train: Epoch  53: train loss 0.0041
2022-01-21 15:59:11,681 root                INFO: Valid: Epoch  53: kendall tau 0.4552 0.5869; loss 0.01206 0.005194
2022-01-21 15:59:12,971 root                INFO: Train: Epoch  54: train loss 0.0040
2022-01-21 15:59:14,629 root                INFO: Valid: Epoch  54: kendall tau 0.4367 0.5881; loss 0.01306 0.004931
2022-01-21 15:59:15,894 root                INFO: Train: Epoch  55: train loss 0.0043
2022-01-21 15:59:17,568 root                INFO: Valid: Epoch  55: kendall tau 0.4202 0.5831; loss 0.01782 0.005851
2022-01-21 15:59:18,871 root                INFO: Train: Epoch  56: train loss 0.0046
2022-01-21 15:59:20,580 root                INFO: Valid: Epoch  56: kendall tau 0.4536 0.5835; loss 0.01216 0.008409
2022-01-21 15:59:21,850 root                INFO: Train: Epoch  57: train loss 0.0056
2022-01-21 15:59:23,741 root                INFO: Valid: Epoch  57: kendall tau 0.4616 0.5879; loss 0.01228 0.004884
2022-01-21 15:59:24,893 root                INFO: Train: Epoch  58: train loss 0.0047
2022-01-21 15:59:26,770 root                INFO: Valid: Epoch  58: kendall tau 0.4791 0.5881; loss 0.01147 0.005834
2022-01-21 15:59:27,865 root                INFO: Train: Epoch  59: train loss 0.0041
2022-01-21 15:59:29,781 root                INFO: Valid: Epoch  59: kendall tau 0.4476 0.5822; loss 0.01201 0.005681
2022-01-21 15:59:30,930 root                INFO: Train: Epoch  60: train loss 0.0040
2022-01-21 15:59:32,633 root                INFO: Valid: Epoch  60: kendall tau 0.4359 0.5724; loss 0.01323 0.005126
2022-01-21 15:59:33,897 root                INFO: Train: Epoch  61: train loss 0.0039
2022-01-21 15:59:35,658 root                INFO: Valid: Epoch  61: kendall tau 0.4463 0.5820; loss 0.01163 0.006076
2022-01-21 15:59:36,934 root                INFO: Train: Epoch  62: train loss 0.0039
2022-01-21 15:59:38,714 root                INFO: Valid: Epoch  62: kendall tau 0.4415 0.5710; loss 0.01211 0.005501
2022-01-21 15:59:40,016 root                INFO: Train: Epoch  63: train loss 0.0038
2022-01-21 15:59:41,734 root                INFO: Valid: Epoch  63: kendall tau 0.4392 0.5689; loss 0.0123 0.005919
2022-01-21 15:59:43,001 root                INFO: Train: Epoch  64: train loss 0.0038
2022-01-21 15:59:44,701 root                INFO: Valid: Epoch  64: kendall tau 0.4453 0.5785; loss 0.01155 0.006
2022-01-21 15:59:45,980 root                INFO: Train: Epoch  65: train loss 0.0038
2022-01-21 15:59:47,685 root                INFO: Valid: Epoch  65: kendall tau 0.4251 0.5695; loss 0.0131 0.005822
2022-01-21 15:59:48,912 root                INFO: Train: Epoch  66: train loss 0.0037
2022-01-21 15:59:50,656 root                INFO: Valid: Epoch  66: kendall tau 0.4455 0.5789; loss 0.0121 0.005464
2022-01-21 15:59:51,925 root                INFO: Train: Epoch  67: train loss 0.0038
2022-01-21 15:59:53,702 root                INFO: Valid: Epoch  67: kendall tau 0.4461 0.5795; loss 0.01237 0.006107
2022-01-21 15:59:54,869 root                INFO: Train: Epoch  68: train loss 0.0037
2022-01-21 15:59:56,608 root                INFO: Valid: Epoch  68: kendall tau 0.4408 0.5823; loss 0.01311 0.005192
2022-01-21 15:59:57,901 root                INFO: Train: Epoch  69: train loss 0.0037
2022-01-21 15:59:59,697 root                INFO: Valid: Epoch  69: kendall tau 0.4448 0.5926; loss 0.0134 0.006373
2022-01-21 16:00:00,807 root                INFO: Train: Epoch  70: train loss 0.0038
2022-01-21 16:00:02,552 root                INFO: Valid: Epoch  70: kendall tau 0.4645 0.6016; loss 0.01235 0.005432
2022-01-21 16:00:03,813 root                INFO: Train: Epoch  71: train loss 0.0037
2022-01-21 16:00:05,556 root                INFO: Valid: Epoch  71: kendall tau 0.4560 0.5957; loss 0.01249 0.005914
2022-01-21 16:00:06,828 root                INFO: Train: Epoch  72: train loss 0.0036
2022-01-21 16:00:08,638 root                INFO: Valid: Epoch  72: kendall tau 0.4347 0.5958; loss 0.01661 0.00528
2022-01-21 16:00:09,758 root                INFO: Train: Epoch  73: train loss 0.0047
2022-01-21 16:00:11,476 root                INFO: Valid: Epoch  73: kendall tau 0.4270 0.5899; loss 0.01584 0.005617
2022-01-21 16:00:12,817 root                INFO: Train: Epoch  74: train loss 0.0039
2022-01-21 16:00:14,510 root                INFO: Valid: Epoch  74: kendall tau 0.4688 0.6045; loss 0.01134 0.00542
2022-01-21 16:00:15,824 root                INFO: Train: Epoch  75: train loss 0.0038
2022-01-21 16:00:17,710 root                INFO: Valid: Epoch  75: kendall tau 0.4618 0.5856; loss 0.01101 0.006238
2022-01-21 16:00:18,905 root                INFO: Train: Epoch  76: train loss 0.0037
2022-01-21 16:00:20,638 root                INFO: Valid: Epoch  76: kendall tau 0.4471 0.5787; loss 0.01186 0.005072
2022-01-21 16:00:21,958 root                INFO: Train: Epoch  77: train loss 0.0036
2022-01-21 16:00:23,830 root                INFO: Valid: Epoch  77: kendall tau 0.4704 0.5853; loss 0.01166 0.006098
2022-01-21 16:00:25,002 root                INFO: Train: Epoch  78: train loss 0.0036
2022-01-21 16:00:26,798 root                INFO: Valid: Epoch  78: kendall tau 0.4571 0.5832; loss 0.01228 0.005354
2022-01-21 16:00:28,113 root                INFO: Train: Epoch  79: train loss 0.0037
2022-01-21 16:00:29,817 root                INFO: Valid: Epoch  79: kendall tau 0.4659 0.6009; loss 0.01263 0.00582
2022-01-21 16:00:31,103 root                INFO: Train: Epoch  80: train loss 0.0035
2022-01-21 16:00:33,045 root                INFO: Valid: Epoch  80: kendall tau 0.4808 0.6050; loss 0.01202 0.005178
2022-01-21 16:00:34,197 root                INFO: Train: Epoch  81: train loss 0.0037
2022-01-21 16:00:35,969 root                INFO: Valid: Epoch  81: kendall tau 0.4818 0.6039; loss 0.01142 0.005791
2022-01-21 16:00:37,293 root                INFO: Train: Epoch  82: train loss 0.0035
2022-01-21 16:00:39,184 root                INFO: Valid: Epoch  82: kendall tau 0.4737 0.6066; loss 0.0127 0.005182
2022-01-21 16:00:40,334 root                INFO: Train: Epoch  83: train loss 0.0035
2022-01-21 16:00:42,277 root                INFO: Valid: Epoch  83: kendall tau 0.4654 0.6088; loss 0.01279 0.006968
2022-01-21 16:00:43,429 root                INFO: Train: Epoch  84: train loss 0.0039
2022-01-21 16:00:45,229 root                INFO: Valid: Epoch  84: kendall tau 0.4805 0.5932; loss 0.01162 0.004803
2022-01-21 16:00:46,529 root                INFO: Train: Epoch  85: train loss 0.0040
2022-01-21 16:00:48,413 root                INFO: Valid: Epoch  85: kendall tau 0.4619 0.5839; loss 0.01345 0.009102
2022-01-21 16:00:49,580 root                INFO: Train: Epoch  86: train loss 0.0037
2022-01-21 16:00:51,268 root                INFO: Valid: Epoch  86: kendall tau 0.4963 0.5926; loss 0.01132 0.005132
2022-01-21 16:00:52,591 root                INFO: Train: Epoch  87: train loss 0.0037
2022-01-21 16:00:54,373 root                INFO: Valid: Epoch  87: kendall tau 0.4812 0.5966; loss 0.0113 0.005757
2022-01-21 16:00:55,663 root                INFO: Train: Epoch  88: train loss 0.0035
2022-01-21 16:00:57,507 root                INFO: Valid: Epoch  88: kendall tau 0.4680 0.5857; loss 0.01295 0.005517
2022-01-21 16:00:58,837 root                INFO: Train: Epoch  89: train loss 0.0035
2022-01-21 16:01:00,773 root                INFO: Valid: Epoch  89: kendall tau 0.4632 0.5816; loss 0.01171 0.005453
2022-01-21 16:01:01,922 root                INFO: Train: Epoch  90: train loss 0.0035
2022-01-21 16:01:03,639 root                INFO: Valid: Epoch  90: kendall tau 0.4747 0.5899; loss 0.01149 0.005292
2022-01-21 16:01:04,934 root                INFO: Train: Epoch  91: train loss 0.0034
2022-01-21 16:01:06,677 root                INFO: Valid: Epoch  91: kendall tau 0.4701 0.5947; loss 0.01265 0.005975
2022-01-21 16:01:07,958 root                INFO: Train: Epoch  92: train loss 0.0034
2022-01-21 16:01:09,663 root                INFO: Valid: Epoch  92: kendall tau 0.4878 0.5973; loss 0.01169 0.005159
2022-01-21 16:01:10,925 root                INFO: Train: Epoch  93: train loss 0.0033
2022-01-21 16:01:12,706 root                INFO: Valid: Epoch  93: kendall tau 0.4831 0.6017; loss 0.01222 0.005419
2022-01-21 16:01:13,980 root                INFO: Train: Epoch  94: train loss 0.0034
2022-01-21 16:01:15,700 root                INFO: Valid: Epoch  94: kendall tau 0.4810 0.6015; loss 0.01266 0.00625
2022-01-21 16:01:16,971 root                INFO: Train: Epoch  95: train loss 0.0034
2022-01-21 16:01:18,786 root                INFO: Valid: Epoch  95: kendall tau 0.5129 0.5868; loss 0.009681 0.005865
2022-01-21 16:01:19,853 root                INFO: Train: Epoch  96: train loss 0.0035
2022-01-21 16:01:21,597 root                INFO: Valid: Epoch  96: kendall tau 0.4892 0.5784; loss 0.01203 0.005165
2022-01-21 16:01:22,899 root                INFO: Train: Epoch  97: train loss 0.0036
2022-01-21 16:01:24,604 root                INFO: Valid: Epoch  97: kendall tau 0.4969 0.5941; loss 0.01109 0.006474
2022-01-21 16:01:25,890 root                INFO: Train: Epoch  98: train loss 0.0036
2022-01-21 16:01:27,610 root                INFO: Valid: Epoch  98: kendall tau 0.5160 0.6131; loss 0.01069 0.005151
2022-01-21 16:01:28,911 root                INFO: Train: Epoch  99: train loss 0.0034
2022-01-21 16:01:30,609 root                INFO: Valid: Epoch  99: kendall tau 0.5066 0.6253; loss 0.01279 0.005366
2022-01-21 16:01:31,874 root                INFO: Train: Epoch 100: train loss 0.0034
2022-01-21 16:01:33,601 root                INFO: Valid: Epoch 100: kendall tau 0.5331 0.6057; loss 0.008768 0.005616
2022-01-21 16:01:34,889 root                INFO: Train: Epoch 101: train loss 0.0033
2022-01-21 16:01:36,788 root                INFO: Valid: Epoch 101: kendall tau 0.4834 0.5939; loss 0.01272 0.005528
2022-01-21 16:01:37,888 root                INFO: Train: Epoch 102: train loss 0.0033
2022-01-21 16:01:39,606 root                INFO: Valid: Epoch 102: kendall tau 0.5011 0.5958; loss 0.01286 0.00627
2022-01-21 16:01:40,918 root                INFO: Train: Epoch 103: train loss 0.0033
2022-01-21 16:01:42,663 root                INFO: Valid: Epoch 103: kendall tau 0.5172 0.6128; loss 0.009365 0.00539
2022-01-21 16:01:43,947 root                INFO: Train: Epoch 104: train loss 0.0036
2022-01-21 16:01:45,641 root                INFO: Valid: Epoch 104: kendall tau 0.5154 0.6237; loss 0.0109 0.005678
2022-01-21 16:01:46,903 root                INFO: Train: Epoch 105: train loss 0.0032
2022-01-21 16:01:48,748 root                INFO: Valid: Epoch 105: kendall tau 0.5223 0.6171; loss 0.01319 0.005504
2022-01-21 16:01:49,925 root                INFO: Train: Epoch 106: train loss 0.0034
2022-01-21 16:01:51,733 root                INFO: Valid: Epoch 106: kendall tau 0.5332 0.6250; loss 0.01135 0.005566
2022-01-21 16:01:52,860 root                INFO: Train: Epoch 107: train loss 0.0034
2022-01-21 16:01:54,558 root                INFO: Valid: Epoch 107: kendall tau 0.5172 0.6303; loss 0.01081 0.005757
2022-01-21 16:01:55,826 root                INFO: Train: Epoch 108: train loss 0.0035
2022-01-21 16:01:57,564 root                INFO: Valid: Epoch 108: kendall tau 0.5081 0.6300; loss 0.01135 0.005284
2022-01-21 16:01:58,883 root                INFO: Train: Epoch 109: train loss 0.0033
2022-01-21 16:02:00,761 root                INFO: Valid: Epoch 109: kendall tau 0.5267 0.6280; loss 0.01091 0.005231
2022-01-21 16:02:01,889 root                INFO: Train: Epoch 110: train loss 0.0032
2022-01-21 16:02:03,681 root                INFO: Valid: Epoch 110: kendall tau 0.5074 0.5935; loss 0.01014 0.004943
2022-01-21 16:02:04,846 root                INFO: Train: Epoch 111: train loss 0.0034
2022-01-21 16:02:06,714 root                INFO: Valid: Epoch 111: kendall tau 0.5218 0.6271; loss 0.01151 0.005321
2022-01-21 16:02:07,899 root                INFO: Train: Epoch 112: train loss 0.0031
2022-01-21 16:02:09,749 root                INFO: Valid: Epoch 112: kendall tau 0.5371 0.6324; loss 0.009547 0.005406
2022-01-21 16:02:10,925 root                INFO: Train: Epoch 113: train loss 0.0033
2022-01-21 16:02:12,856 root                INFO: Valid: Epoch 113: kendall tau 0.5307 0.6206; loss 0.01012 0.00545
2022-01-21 16:02:14,019 root                INFO: Train: Epoch 114: train loss 0.0031
2022-01-21 16:02:15,885 root                INFO: Valid: Epoch 114: kendall tau 0.5091 0.6148; loss 0.01094 0.006367
2022-01-21 16:02:17,004 root                INFO: Train: Epoch 115: train loss 0.0037
2022-01-21 16:02:18,822 root                INFO: Valid: Epoch 115: kendall tau 0.5157 0.5957; loss 0.009144 0.005495
2022-01-21 16:02:19,963 root                INFO: Train: Epoch 116: train loss 0.0035
2022-01-21 16:02:21,792 root                INFO: Valid: Epoch 116: kendall tau 0.5293 0.6162; loss 0.01024 0.005443
2022-01-21 16:02:22,922 root                INFO: Train: Epoch 117: train loss 0.0034
2022-01-21 16:02:24,776 root                INFO: Valid: Epoch 117: kendall tau 0.5420 0.6041; loss 0.01068 0.005358
2022-01-21 16:02:25,934 root                INFO: Train: Epoch 118: train loss 0.0034
2022-01-21 16:02:27,793 root                INFO: Valid: Epoch 118: kendall tau 0.5470 0.6067; loss 0.01041 0.006725
2022-01-21 16:02:29,079 root                INFO: Train: Epoch 119: train loss 0.0033
2022-01-21 16:02:30,855 root                INFO: Valid: Epoch 119: kendall tau 0.5357 0.6159; loss 0.01074 0.00557
2022-01-21 16:02:31,986 root                INFO: Train: Epoch 120: train loss 0.0032
2022-01-21 16:02:33,820 root                INFO: Valid: Epoch 120: kendall tau 0.5292 0.6276; loss 0.01017 0.005233
2022-01-21 16:02:34,955 root                INFO: Train: Epoch 121: train loss 0.0031
2022-01-21 16:02:36,798 root                INFO: Valid: Epoch 121: kendall tau 0.5494 0.6292; loss 0.01053 0.005367
2022-01-21 16:02:37,946 root                INFO: Train: Epoch 122: train loss 0.0041
2022-01-21 16:02:39,938 root                INFO: Valid: Epoch 122: kendall tau 0.5548 0.6162; loss 0.008432 0.006452
2022-01-21 16:02:41,054 root                INFO: Train: Epoch 123: train loss 0.0044
2022-01-21 16:02:42,877 root                INFO: Valid: Epoch 123: kendall tau 0.5277 0.5548; loss 0.01306 0.006831
2022-01-21 16:02:44,009 root                INFO: Train: Epoch 124: train loss 0.0053
2022-01-21 16:02:45,859 root                INFO: Valid: Epoch 124: kendall tau 0.5560 0.6419; loss 0.008753 0.005419
2022-01-21 16:02:46,990 root                INFO: Train: Epoch 125: train loss 0.0036
2022-01-21 16:02:48,856 root                INFO: Valid: Epoch 125: kendall tau 0.5461 0.6494; loss 0.008598 0.004845
2022-01-21 16:02:50,015 root                INFO: Train: Epoch 126: train loss 0.0034
2022-01-21 16:02:51,877 root                INFO: Valid: Epoch 126: kendall tau 0.5317 0.5945; loss 0.01109 0.006027
2022-01-21 16:02:53,130 root                INFO: Train: Epoch 127: train loss 0.0033
2022-01-21 16:02:54,879 root                INFO: Valid: Epoch 127: kendall tau 0.5196 0.5827; loss 0.01104 0.005778
2022-01-21 16:02:55,965 root                INFO: Train: Epoch 128: train loss 0.0031
2022-01-21 16:02:57,786 root                INFO: Valid: Epoch 128: kendall tau 0.5445 0.6172; loss 0.01035 0.005413
2022-01-21 16:02:59,101 root                INFO: Train: Epoch 129: train loss 0.0030
2022-01-21 16:03:00,829 root                INFO: Valid: Epoch 129: kendall tau 0.5502 0.6294; loss 0.01094 0.005201
2022-01-21 16:03:01,954 root                INFO: Train: Epoch 130: train loss 0.0034
2022-01-21 16:03:03,808 root                INFO: Valid: Epoch 130: kendall tau 0.5594 0.6230; loss 0.008382 0.005777
2022-01-21 16:03:05,139 root                INFO: Train: Epoch 131: train loss 0.0037
2022-01-21 16:03:06,887 root                INFO: Valid: Epoch 131: kendall tau 0.5309 0.5969; loss 0.009107 0.006711
2022-01-21 16:03:08,205 root                INFO: Train: Epoch 132: train loss 0.0034
2022-01-21 16:03:09,880 root                INFO: Valid: Epoch 132: kendall tau 0.5537 0.6003; loss 0.009481 0.006009
2022-01-21 16:03:11,238 root                INFO: Train: Epoch 133: train loss 0.0032
2022-01-21 16:03:12,997 root                INFO: Valid: Epoch 133: kendall tau 0.5616 0.6099; loss 0.0104 0.005705
2022-01-21 16:03:14,329 root                INFO: Train: Epoch 134: train loss 0.0031
2022-01-21 16:03:16,118 root                INFO: Valid: Epoch 134: kendall tau 0.5523 0.6002; loss 0.009414 0.005195
2022-01-21 16:03:17,429 root                INFO: Train: Epoch 135: train loss 0.0030
2022-01-21 16:03:19,158 root                INFO: Valid: Epoch 135: kendall tau 0.5605 0.6072; loss 0.009574 0.005911
2022-01-21 16:03:20,476 root                INFO: Train: Epoch 136: train loss 0.0029
2022-01-21 16:03:22,183 root                INFO: Valid: Epoch 136: kendall tau 0.5594 0.6020; loss 0.008799 0.00522
2022-01-21 16:03:23,333 root                INFO: Train: Epoch 137: train loss 0.0028
2022-01-21 16:03:25,190 root                INFO: Valid: Epoch 137: kendall tau 0.5521 0.6102; loss 0.009477 0.005764
2022-01-21 16:03:26,331 root                INFO: Train: Epoch 138: train loss 0.0028
2022-01-21 16:03:28,158 root                INFO: Valid: Epoch 138: kendall tau 0.5629 0.6057; loss 0.009602 0.005566
2022-01-21 16:03:29,292 root                INFO: Train: Epoch 139: train loss 0.0027
2022-01-21 16:03:31,125 root                INFO: Valid: Epoch 139: kendall tau 0.5482 0.6167; loss 0.01023 0.005402
2022-01-21 16:03:32,274 root                INFO: Train: Epoch 140: train loss 0.0027
2022-01-21 16:03:34,198 root                INFO: Valid: Epoch 140: kendall tau 0.5669 0.6156; loss 0.01018 0.005923
2022-01-21 16:03:35,491 root                INFO: Train: Epoch 141: train loss 0.0030
2022-01-21 16:03:37,216 root                INFO: Valid: Epoch 141: kendall tau 0.5608 0.5997; loss 0.008173 0.006038
2022-01-21 16:03:38,550 root                INFO: Train: Epoch 142: train loss 0.0027
2022-01-21 16:03:40,292 root                INFO: Valid: Epoch 142: kendall tau 0.5548 0.6109; loss 0.009597 0.005802
2022-01-21 16:03:41,623 root                INFO: Train: Epoch 143: train loss 0.0027
2022-01-21 16:03:43,410 root                INFO: Valid: Epoch 143: kendall tau 0.5623 0.6226; loss 0.009194 0.005887
2022-01-21 16:03:44,551 root                INFO: Train: Epoch 144: train loss 0.0027
2022-01-21 16:03:46,451 root                INFO: Valid: Epoch 144: kendall tau 0.5587 0.6251; loss 0.008602 0.00633
2022-01-21 16:03:47,609 root                INFO: Train: Epoch 145: train loss 0.0028
2022-01-21 16:03:49,544 root                INFO: Valid: Epoch 145: kendall tau 0.5619 0.6082; loss 0.009489 0.0063
2022-01-21 16:03:50,683 root                INFO: Train: Epoch 146: train loss 0.0027
2022-01-21 16:03:52,568 root                INFO: Valid: Epoch 146: kendall tau 0.5629 0.6218; loss 0.009578 0.005505
2022-01-21 16:03:53,730 root                INFO: Train: Epoch 147: train loss 0.0027
2022-01-21 16:03:55,614 root                INFO: Valid: Epoch 147: kendall tau 0.5690 0.6058; loss 0.007848 0.006574
2022-01-21 16:03:56,835 root                INFO: Train: Epoch 148: train loss 0.0027
2022-01-21 16:03:58,580 root                INFO: Valid: Epoch 148: kendall tau 0.5656 0.6082; loss 0.008757 0.006348
2022-01-21 16:03:59,843 root                INFO: Train: Epoch 149: train loss 0.0027
2022-01-21 16:04:01,586 root                INFO: Valid: Epoch 149: kendall tau 0.5696 0.6291; loss 0.009654 0.005693
2022-01-21 16:04:02,906 root                INFO: Train: Epoch 150: train loss 0.0026
2022-01-21 16:04:04,693 root                INFO: Valid: Epoch 150: kendall tau 0.5735 0.6107; loss 0.007795 0.006377
2022-01-21 16:04:06,001 root                INFO: Train: Epoch 151: train loss 0.0027
2022-01-21 16:04:07,737 root                INFO: Valid: Epoch 151: kendall tau 0.5654 0.6364; loss 0.01021 0.006034
2022-01-21 16:04:09,047 root                INFO: Train: Epoch 152: train loss 0.0027
2022-01-21 16:04:10,820 root                INFO: Valid: Epoch 152: kendall tau 0.5706 0.6222; loss 0.008739 0.006702
2022-01-21 16:04:12,118 root                INFO: Train: Epoch 153: train loss 0.0025
2022-01-21 16:04:13,902 root                INFO: Valid: Epoch 153: kendall tau 0.5777 0.6267; loss 0.008803 0.006056
2022-01-21 16:04:15,240 root                INFO: Train: Epoch 154: train loss 0.0025
2022-01-21 16:04:17,001 root                INFO: Valid: Epoch 154: kendall tau 0.5778 0.6181; loss 0.008183 0.006544
2022-01-21 16:04:18,336 root                INFO: Train: Epoch 155: train loss 0.0025
2022-01-21 16:04:20,107 root                INFO: Valid: Epoch 155: kendall tau 0.5663 0.6286; loss 0.01036 0.00626
2022-01-21 16:04:21,435 root                INFO: Train: Epoch 156: train loss 0.0025
2022-01-21 16:04:23,189 root                INFO: Valid: Epoch 156: kendall tau 0.5777 0.6104; loss 0.007529 0.006545
2022-01-21 16:04:24,498 root                INFO: Train: Epoch 157: train loss 0.0025
2022-01-21 16:04:26,280 root                INFO: Valid: Epoch 157: kendall tau 0.5758 0.6269; loss 0.008523 0.006433
2022-01-21 16:04:27,580 root                INFO: Train: Epoch 158: train loss 0.0024
2022-01-21 16:04:29,346 root                INFO: Valid: Epoch 158: kendall tau 0.5730 0.6337; loss 0.009177 0.006063
2022-01-21 16:04:30,656 root                INFO: Train: Epoch 159: train loss 0.0024
2022-01-21 16:04:32,441 root                INFO: Valid: Epoch 159: kendall tau 0.5717 0.6318; loss 0.00984 0.005957
2022-01-21 16:04:33,760 root                INFO: Train: Epoch 160: train loss 0.0030
2022-01-21 16:04:35,504 root                INFO: Valid: Epoch 160: kendall tau 0.5756 0.5909; loss 0.007698 0.008539
2022-01-21 16:04:36,750 root                INFO: Train: Epoch 161: train loss 0.0031
2022-01-21 16:04:38,510 root                INFO: Valid: Epoch 161: kendall tau 0.5621 0.6087; loss 0.009588 0.005857
2022-01-21 16:04:39,794 root                INFO: Train: Epoch 162: train loss 0.0027
2022-01-21 16:04:41,505 root                INFO: Valid: Epoch 162: kendall tau 0.5613 0.6123; loss 0.01015 0.006337
2022-01-21 16:04:42,838 root                INFO: Train: Epoch 163: train loss 0.0026
2022-01-21 16:04:44,573 root                INFO: Valid: Epoch 163: kendall tau 0.5651 0.6076; loss 0.008444 0.006041
2022-01-21 16:04:45,846 root                INFO: Train: Epoch 164: train loss 0.0026
2022-01-21 16:04:47,579 root                INFO: Valid: Epoch 164: kendall tau 0.5713 0.6230; loss 0.008673 0.006458
2022-01-21 16:04:48,907 root                INFO: Train: Epoch 165: train loss 0.0025
2022-01-21 16:04:50,639 root                INFO: Valid: Epoch 165: kendall tau 0.5690 0.6242; loss 0.008881 0.006696
2022-01-21 16:04:51,762 root                INFO: Train: Epoch 166: train loss 0.0025
2022-01-21 16:04:53,583 root                INFO: Valid: Epoch 166: kendall tau 0.5648 0.5941; loss 0.007906 0.007029
2022-01-21 16:04:54,892 root                INFO: Train: Epoch 167: train loss 0.0032
2022-01-21 16:04:56,583 root                INFO: Valid: Epoch 167: kendall tau 0.5718 0.5974; loss 0.008823 0.005653
2022-01-21 16:04:57,707 root                INFO: Train: Epoch 168: train loss 0.0028
2022-01-21 16:04:59,580 root                INFO: Valid: Epoch 168: kendall tau 0.5518 0.6073; loss 0.009841 0.006624
2022-01-21 16:05:00,730 root                INFO: Train: Epoch 169: train loss 0.0025
2022-01-21 16:05:02,593 root                INFO: Valid: Epoch 169: kendall tau 0.5621 0.6225; loss 0.009147 0.00635
2022-01-21 16:05:03,730 root                INFO: Train: Epoch 170: train loss 0.0025
2022-01-21 16:05:05,571 root                INFO: Valid: Epoch 170: kendall tau 0.5559 0.6164; loss 0.01037 0.006255
2022-01-21 16:05:06,843 root                INFO: Train: Epoch 171: train loss 0.0027
2022-01-21 16:05:08,551 root                INFO: Valid: Epoch 171: kendall tau 0.5663 0.5936; loss 0.009144 0.006762
2022-01-21 16:05:09,800 root                INFO: Train: Epoch 172: train loss 0.0025
2022-01-21 16:05:11,528 root                INFO: Valid: Epoch 172: kendall tau 0.5633 0.6275; loss 0.008287 0.005411
2022-01-21 16:05:12,846 root                INFO: Train: Epoch 173: train loss 0.0025
2022-01-21 16:05:14,579 root                INFO: Valid: Epoch 173: kendall tau 0.5534 0.6028; loss 0.01007 0.007479
2022-01-21 16:05:15,868 root                INFO: Train: Epoch 174: train loss 0.0026
2022-01-21 16:05:17,580 root                INFO: Valid: Epoch 174: kendall tau 0.5624 0.6199; loss 0.009512 0.005707
2022-01-21 16:05:18,864 root                INFO: Train: Epoch 175: train loss 0.0028
2022-01-21 16:05:20,596 root                INFO: Valid: Epoch 175: kendall tau 0.5565 0.5643; loss 0.00765 0.008473
2022-01-21 16:05:21,870 root                INFO: Train: Epoch 176: train loss 0.0029
2022-01-21 16:05:23,636 root                INFO: Valid: Epoch 176: kendall tau 0.5497 0.5741; loss 0.009457 0.007647
2022-01-21 16:05:24,865 root                INFO: Train: Epoch 177: train loss 0.0027
2022-01-21 16:05:26,543 root                INFO: Valid: Epoch 177: kendall tau 0.5449 0.6063; loss 0.01085 0.006017
2022-01-21 16:05:27,801 root                INFO: Train: Epoch 178: train loss 0.0026
2022-01-21 16:05:29,521 root                INFO: Valid: Epoch 178: kendall tau 0.5544 0.6210; loss 0.01021 0.006914
2022-01-21 16:05:30,789 root                INFO: Train: Epoch 179: train loss 0.0030
2022-01-21 16:05:32,541 root                INFO: Valid: Epoch 179: kendall tau 0.5718 0.5512; loss 0.007663 0.008032
2022-01-21 16:05:33,643 root                INFO: Train: Epoch 180: train loss 0.0042
2022-01-21 16:05:35,438 root                INFO: Valid: Epoch 180: kendall tau 0.5553 0.5271; loss 0.009845 0.00582
2022-01-21 16:05:36,709 root                INFO: Train: Epoch 181: train loss 0.0037
2022-01-21 16:05:38,366 root                INFO: Valid: Epoch 181: kendall tau 0.5452 0.5870; loss 0.01128 0.00783
2022-01-21 16:05:39,669 root                INFO: Train: Epoch 182: train loss 0.0031
2022-01-21 16:05:41,360 root                INFO: Valid: Epoch 182: kendall tau 0.5610 0.6092; loss 0.008396 0.006412
2022-01-21 16:05:42,651 root                INFO: Train: Epoch 183: train loss 0.0027
2022-01-21 16:05:44,389 root                INFO: Valid: Epoch 183: kendall tau 0.5620 0.5916; loss 0.008645 0.006393
2022-01-21 16:05:45,706 root                INFO: Train: Epoch 184: train loss 0.0026
2022-01-21 16:05:47,416 root                INFO: Valid: Epoch 184: kendall tau 0.5616 0.5741; loss 0.009076 0.006415
2022-01-21 16:05:48,711 root                INFO: Train: Epoch 185: train loss 0.0024
2022-01-21 16:05:50,453 root                INFO: Valid: Epoch 185: kendall tau 0.5616 0.6022; loss 0.008899 0.006322
2022-01-21 16:05:51,715 root                INFO: Train: Epoch 186: train loss 0.0025
2022-01-21 16:05:53,444 root                INFO: Valid: Epoch 186: kendall tau 0.5640 0.5810; loss 0.008325 0.006592
2022-01-21 16:05:54,741 root                INFO: Train: Epoch 187: train loss 0.0024
2022-01-21 16:05:56,477 root                INFO: Valid: Epoch 187: kendall tau 0.5645 0.6053; loss 0.01063 0.006026
2022-01-21 16:05:57,696 root                INFO: Train: Epoch 188: train loss 0.0026
2022-01-21 16:05:59,416 root                INFO: Valid: Epoch 188: kendall tau 0.5613 0.5918; loss 0.009277 0.007955
2022-01-21 16:06:00,690 root                INFO: Train: Epoch 189: train loss 0.0024
2022-01-21 16:06:02,366 root                INFO: Valid: Epoch 189: kendall tau 0.5598 0.6122; loss 0.008721 0.00603
2022-01-21 16:06:03,620 root                INFO: Train: Epoch 190: train loss 0.0025
2022-01-21 16:06:05,341 root                INFO: Valid: Epoch 190: kendall tau 0.5575 0.5812; loss 0.008813 0.005814
2022-01-21 16:06:06,599 root                INFO: Train: Epoch 191: train loss 0.0024
2022-01-21 16:06:08,256 root                INFO: Valid: Epoch 191: kendall tau 0.5531 0.6129; loss 0.0101 0.006616
2022-01-21 16:06:09,516 root                INFO: Train: Epoch 192: train loss 0.0023
2022-01-21 16:06:11,197 root                INFO: Valid: Epoch 192: kendall tau 0.5703 0.6205; loss 0.009797 0.005984
2022-01-21 16:06:12,458 root                INFO: Train: Epoch 193: train loss 0.0024
2022-01-21 16:06:14,181 root                INFO: Valid: Epoch 193: kendall tau 0.5573 0.6050; loss 0.009473 0.005993
2022-01-21 16:06:15,305 root                INFO: Train: Epoch 194: train loss 0.0023
2022-01-21 16:06:17,108 root                INFO: Valid: Epoch 194: kendall tau 0.5785 0.6282; loss 0.008288 0.006321
2022-01-21 16:06:18,223 root                INFO: Train: Epoch 195: train loss 0.0022
2022-01-21 16:06:20,153 root                INFO: Valid: Epoch 195: kendall tau 0.5742 0.6341; loss 0.00858 0.006264
2022-01-21 16:06:21,318 root                INFO: Train: Epoch 196: train loss 0.0022
2022-01-21 16:06:23,173 root                INFO: Valid: Epoch 196: kendall tau 0.5711 0.6310; loss 0.009286 0.005945
2022-01-21 16:06:24,315 root                INFO: Train: Epoch 197: train loss 0.0024
2022-01-21 16:06:26,093 root                INFO: Valid: Epoch 197: kendall tau 0.5538 0.6257; loss 0.008732 0.006693
2022-01-21 16:06:27,373 root                INFO: Train: Epoch 198: train loss 0.0023
2022-01-21 16:06:29,110 root                INFO: Valid: Epoch 198: kendall tau 0.5515 0.5974; loss 0.008739 0.006558
2022-01-21 16:06:30,238 root                INFO: Train: Epoch 199: train loss 0.0022
2022-01-21 16:06:32,041 root                INFO: Valid: Epoch 199: kendall tau 0.5611 0.6369; loss 0.009226 0.005792
2022-01-21 16:06:33,301 root                INFO: Train: Epoch 200: train loss 0.0022
2022-01-21 16:06:35,046 root                INFO: Valid: Epoch 200: kendall tau 0.5715 0.6488; loss 0.009012 0.005847
2022-01-21 16:06:35,053 root                INFO: Epoch 200: Save checkpoint to nb1shot1_anytime_tagates/tagates_0.5/12/2021/200.ckpt
2022-01-21 16:06:36,783 root                INFO: [0.2857142857142857, 0.1388888888888889, 0.1527777777777778, 0.34615384615384615, 0.4554183813443073, 0.7887517146776406, 1.0]
2022-01-21 16:06:36,784 root                INFO: [0.0, 0.19444444444444445, 0.3333333333333333, 0.5274725274725275, 0.6049382716049383, 0.8337448559670781, 1.0]
2022-01-21 16:06:36,784 root                INFO: [1, 1]
2022-01-21 16:06:36,784 root                INFO: [26, 26]
