2022-01-21 17:43:32,140 root                INFO: GPU device = 4
2022-01-21 17:43:32,141 root                INFO: Load pkl cache from nasbench301_train.pkl and nasbench301_valid.pkl
2022-01-21 17:43:32,715 root                INFO: Config: {'arch_network_cfg': {'arch_embedder_cfg': {'take_adj_as_input': True, 'gcn_kwargs': {'residual_only': 2}, 'gcn_out_dims': [64, 64, 64, 64, 64], 'hidden_dim': 32, 'node_dim': 32, 'op_dim': 32, 'use_bn': False, 'final_concat': False, 'other_node_zero': False, 'num_time_steps': 2, 'fb_conversion_dims': [64, 64], 'backward_gcn_out_dims': [64, 64, 64, 64, 64], 'updateopemb_method': 'concat_ofb', 'updateopemb_dims': [64], 'share_skip_and_outskip': True, 'detach_vinfo': False, 'updateopemb_scale': 0.1, 'updateopemb_detach_opemb': True, 'updateopemb_detach_finfo': True, 'mask_nonparametrized_ops': True, 'symmetry_breaking_method': 'param_zs_add', 'concat_param_zs_as_opemb_dimension': 5, 'concat_param_zs_as_opemb_scale': 1.0}, 'arch_embedder_type': 'cellss-fbflow-anytime', 'compare_loss_type': 'margin_linear', 'compare_margin': 0.1, 'mlp_dropout': 0.1, 'mlp_hiddens': [200], 'mlp_out_dim': 1, 'optimizer': {'lr': 0.001, 'type': 'Adam'}, 'scheduler': None}, 'arch_network_type': 'pointwise_comparator', 'batch_size': 128, 'choose_pair_criterion': 'random', 'compare': False, 'compare_threshold': 0.0, 'epochs': 200, 'max_compare_ratio': 16.0}
2022-01-21 17:43:35,795 root                INFO: Combined args: Namespace(arch_network_type='pointwise_comparator', batch_size=128, cfg_file='cfgs/nb301_cfgs/tagates_anytime.yaml', choose_pair_criterion='random', compare=False, compare_threshold=0.0, epochs=200, eval_only_last=1, gpu=4, load=None, max_compare_ratio=16.0, num_workers=4, report_freq=200, save_every=200, save_predict=None, seed=202121, test_funcs=None, test_only=False, train_dir='nb301_anytime_tagates/tagates_0.1/12/202121', train_pkl='../mynas/data/nasbench-301/nasbench301_train_mtx_anytime_12.pkl', train_ratio=0.1, valid_pkl='../mynas/data/nasbench-301/nasbench301_valid_mtx_anytime.pkl')
2022-01-21 17:43:35,804 root                INFO: Train dataset ratio: 0.100
2022-01-21 17:43:35,805 root                INFO: Number of architectures: train: 589; valid: 51072
2022-01-21 17:43:48,958 root                INFO: Train: Epoch   1: train loss 0.3305
2022-01-21 17:43:49,503 root                INFO: Train: Epoch   2: train loss 0.2546
2022-01-21 17:43:50,047 root                INFO: Train: Epoch   3: train loss 0.0759
2022-01-21 17:43:50,608 root                INFO: Train: Epoch   4: train loss 0.0123
2022-01-21 17:43:51,189 root                INFO: Train: Epoch   5: train loss 0.0180
2022-01-21 17:43:51,768 root                INFO: Train: Epoch   6: train loss 0.0182
2022-01-21 17:43:52,349 root                INFO: Train: Epoch   7: train loss 0.0182
2022-01-21 17:43:52,926 root                INFO: Train: Epoch   8: train loss 0.0182
2022-01-21 17:43:53,509 root                INFO: Train: Epoch   9: train loss 0.0182
2022-01-21 17:43:54,081 root                INFO: Train: Epoch  10: train loss 0.0182
2022-01-21 17:43:54,652 root                INFO: Train: Epoch  11: train loss 0.0182
2022-01-21 17:43:55,213 root                INFO: Train: Epoch  12: train loss 0.0182
2022-01-21 17:43:55,785 root                INFO: Train: Epoch  13: train loss 0.0182
2022-01-21 17:43:56,341 root                INFO: Train: Epoch  14: train loss 0.0182
2022-01-21 17:43:56,917 root                INFO: Train: Epoch  15: train loss 0.0182
2022-01-21 17:43:57,500 root                INFO: Train: Epoch  16: train loss 0.0182
2022-01-21 17:43:58,097 root                INFO: Train: Epoch  17: train loss 0.0182
2022-01-21 17:43:58,659 root                INFO: Train: Epoch  18: train loss 0.0182
2022-01-21 17:43:59,222 root                INFO: Train: Epoch  19: train loss 0.0182
2022-01-21 17:43:59,801 root                INFO: Train: Epoch  20: train loss 0.0182
2022-01-21 17:44:00,362 root                INFO: Train: Epoch  21: train loss 0.0182
2022-01-21 17:44:00,927 root                INFO: Train: Epoch  22: train loss 0.0182
2022-01-21 17:44:01,528 root                INFO: Train: Epoch  23: train loss 0.0182
2022-01-21 17:44:02,169 root                INFO: Train: Epoch  24: train loss 0.0182
2022-01-21 17:44:02,758 root                INFO: Train: Epoch  25: train loss 0.0182
2022-01-21 17:44:03,339 root                INFO: Train: Epoch  26: train loss 0.0182
2022-01-21 17:44:03,945 root                INFO: Train: Epoch  27: train loss 0.0182
2022-01-21 17:44:04,529 root                INFO: Train: Epoch  28: train loss 0.0182
2022-01-21 17:44:05,105 root                INFO: Train: Epoch  29: train loss 0.0182
2022-01-21 17:44:05,649 root                INFO: Train: Epoch  30: train loss 0.0182
2022-01-21 17:44:06,204 root                INFO: Train: Epoch  31: train loss 0.0182
2022-01-21 17:44:06,775 root                INFO: Train: Epoch  32: train loss 0.0182
2022-01-21 17:44:07,327 root                INFO: Train: Epoch  33: train loss 0.0182
2022-01-21 17:44:07,895 root                INFO: Train: Epoch  34: train loss 0.0182
2022-01-21 17:44:08,455 root                INFO: Train: Epoch  35: train loss 0.0182
2022-01-21 17:44:09,005 root                INFO: Train: Epoch  36: train loss 0.0182
2022-01-21 17:44:09,574 root                INFO: Train: Epoch  37: train loss 0.0182
2022-01-21 17:44:10,120 root                INFO: Train: Epoch  38: train loss 0.0182
2022-01-21 17:44:10,677 root                INFO: Train: Epoch  39: train loss 0.0182
2022-01-21 17:44:11,246 root                INFO: Train: Epoch  40: train loss 0.0182
2022-01-21 17:44:11,794 root                INFO: Train: Epoch  41: train loss 0.0182
2022-01-21 17:44:12,359 root                INFO: Train: Epoch  42: train loss 0.0182
2022-01-21 17:44:13,042 root                INFO: Train: Epoch  43: train loss 0.0182
2022-01-21 17:44:13,617 root                INFO: Train: Epoch  44: train loss 0.0182
2022-01-21 17:44:14,182 root                INFO: Train: Epoch  45: train loss 0.0182
2022-01-21 17:44:14,754 root                INFO: Train: Epoch  46: train loss 0.0182
2022-01-21 17:44:15,266 root                INFO: Train: Epoch  47: train loss 0.0182
2022-01-21 17:44:15,791 root                INFO: Train: Epoch  48: train loss 0.0182
2022-01-21 17:44:16,334 root                INFO: Train: Epoch  49: train loss 0.0182
2022-01-21 17:44:16,867 root                INFO: Train: Epoch  50: train loss 0.0182
2022-01-21 17:44:17,393 root                INFO: Train: Epoch  51: train loss 0.0182
2022-01-21 17:44:17,948 root                INFO: Train: Epoch  52: train loss 0.0182
2022-01-21 17:44:18,479 root                INFO: Train: Epoch  53: train loss 0.0182
2022-01-21 17:44:19,043 root                INFO: Train: Epoch  54: train loss 0.0182
2022-01-21 17:44:19,591 root                INFO: Train: Epoch  55: train loss 0.0182
2022-01-21 17:44:20,154 root                INFO: Train: Epoch  56: train loss 0.0182
2022-01-21 17:44:20,741 root                INFO: Train: Epoch  57: train loss 0.0182
2022-01-21 17:44:21,283 root                INFO: Train: Epoch  58: train loss 0.0182
2022-01-21 17:44:21,809 root                INFO: Train: Epoch  59: train loss 0.0182
2022-01-21 17:44:22,338 root                INFO: Train: Epoch  60: train loss 0.0182
2022-01-21 17:44:22,845 root                INFO: Train: Epoch  61: train loss 0.0182
2022-01-21 17:44:23,367 root                INFO: Train: Epoch  62: train loss 0.0182
2022-01-21 17:44:23,889 root                INFO: Train: Epoch  63: train loss 0.0182
2022-01-21 17:44:24,407 root                INFO: Train: Epoch  64: train loss 0.0182
2022-01-21 17:44:24,928 root                INFO: Train: Epoch  65: train loss 0.0182
2022-01-21 17:44:25,471 root                INFO: Train: Epoch  66: train loss 0.0182
2022-01-21 17:44:25,998 root                INFO: Train: Epoch  67: train loss 0.0182
2022-01-21 17:44:26,570 root                INFO: Train: Epoch  68: train loss 0.0182
2022-01-21 17:44:27,094 root                INFO: Train: Epoch  69: train loss 0.0182
2022-01-21 17:44:27,721 root                INFO: Train: Epoch  70: train loss 0.0182
2022-01-21 17:44:28,261 root                INFO: Train: Epoch  71: train loss 0.0182
2022-01-21 17:44:28,798 root                INFO: Train: Epoch  72: train loss 0.0182
2022-01-21 17:44:29,339 root                INFO: Train: Epoch  73: train loss 0.0182
2022-01-21 17:44:29,873 root                INFO: Train: Epoch  74: train loss 0.0182
2022-01-21 17:44:30,409 root                INFO: Train: Epoch  75: train loss 0.0182
2022-01-21 17:44:30,925 root                INFO: Train: Epoch  76: train loss 0.0182
2022-01-21 17:44:31,458 root                INFO: Train: Epoch  77: train loss 0.0182
2022-01-21 17:44:31,989 root                INFO: Train: Epoch  78: train loss 0.0182
2022-01-21 17:44:32,541 root                INFO: Train: Epoch  79: train loss 0.0182
2022-01-21 17:44:33,125 root                INFO: Train: Epoch  80: train loss 0.0182
2022-01-21 17:44:33,702 root                INFO: Train: Epoch  81: train loss 0.0182
2022-01-21 17:44:34,264 root                INFO: Train: Epoch  82: train loss 0.0182
2022-01-21 17:44:34,818 root                INFO: Train: Epoch  83: train loss 0.0182
2022-01-21 17:44:35,342 root                INFO: Train: Epoch  84: train loss 0.0182
2022-01-21 17:44:35,860 root                INFO: Train: Epoch  85: train loss 0.0182
2022-01-21 17:44:36,394 root                INFO: Train: Epoch  86: train loss 0.0182
2022-01-21 17:44:36,954 root                INFO: Train: Epoch  87: train loss 0.0182
2022-01-21 17:44:37,517 root                INFO: Train: Epoch  88: train loss 0.0182
2022-01-21 17:44:38,031 root                INFO: Train: Epoch  89: train loss 0.0182
2022-01-21 17:44:38,560 root                INFO: Train: Epoch  90: train loss 0.0182
2022-01-21 17:44:39,068 root                INFO: Train: Epoch  91: train loss 0.0182
2022-01-21 17:44:39,594 root                INFO: Train: Epoch  92: train loss 0.0182
2022-01-21 17:44:40,144 root                INFO: Train: Epoch  93: train loss 0.0182
2022-01-21 17:44:40,662 root                INFO: Train: Epoch  94: train loss 0.0182
2022-01-21 17:44:41,189 root                INFO: Train: Epoch  95: train loss 0.0182
2022-01-21 17:44:41,708 root                INFO: Train: Epoch  96: train loss 0.0182
2022-01-21 17:44:42,244 root                INFO: Train: Epoch  97: train loss 0.0182
2022-01-21 17:44:42,771 root                INFO: Train: Epoch  98: train loss 0.0182
2022-01-21 17:44:43,354 root                INFO: Train: Epoch  99: train loss 0.0182
2022-01-21 17:44:43,944 root                INFO: Train: Epoch 100: train loss 0.0182
2022-01-21 17:44:44,502 root                INFO: Train: Epoch 101: train loss 0.0182
2022-01-21 17:44:45,056 root                INFO: Train: Epoch 102: train loss 0.0182
2022-01-21 17:44:45,604 root                INFO: Train: Epoch 103: train loss 0.0182
2022-01-21 17:44:46,132 root                INFO: Train: Epoch 104: train loss 0.0182
2022-01-21 17:44:46,652 root                INFO: Train: Epoch 105: train loss 0.0182
2022-01-21 17:44:47,199 root                INFO: Train: Epoch 106: train loss 0.0182
2022-01-21 17:44:47,744 root                INFO: Train: Epoch 107: train loss 0.0182
2022-01-21 17:44:48,274 root                INFO: Train: Epoch 108: train loss 0.0182
2022-01-21 17:44:48,819 root                INFO: Train: Epoch 109: train loss 0.0182
2022-01-21 17:44:49,360 root                INFO: Train: Epoch 110: train loss 0.0182
2022-01-21 17:44:49,901 root                INFO: Train: Epoch 111: train loss 0.0182
2022-01-21 17:44:50,424 root                INFO: Train: Epoch 112: train loss 0.0182
2022-01-21 17:44:50,970 root                INFO: Train: Epoch 113: train loss 0.0182
2022-01-21 17:44:51,537 root                INFO: Train: Epoch 114: train loss 0.0182
2022-01-21 17:44:52,089 root                INFO: Train: Epoch 115: train loss 0.0182
2022-01-21 17:44:52,616 root                INFO: Train: Epoch 116: train loss 0.0182
2022-01-21 17:44:53,170 root                INFO: Train: Epoch 117: train loss 0.0182
2022-01-21 17:44:53,743 root                INFO: Train: Epoch 118: train loss 0.0182
2022-01-21 17:44:54,293 root                INFO: Train: Epoch 119: train loss 0.0182
2022-01-21 17:44:54,855 root                INFO: Train: Epoch 120: train loss 0.0182
2022-01-21 17:44:55,453 root                INFO: Train: Epoch 121: train loss 0.0182
2022-01-21 17:44:55,999 root                INFO: Train: Epoch 122: train loss 0.0182
2022-01-21 17:44:56,584 root                INFO: Train: Epoch 123: train loss 0.0182
2022-01-21 17:44:57,167 root                INFO: Train: Epoch 124: train loss 0.0182
2022-01-21 17:44:57,739 root                INFO: Train: Epoch 125: train loss 0.0182
2022-01-21 17:44:58,306 root                INFO: Train: Epoch 126: train loss 0.0182
2022-01-21 17:44:58,874 root                INFO: Train: Epoch 127: train loss 0.0182
2022-01-21 17:44:59,410 root                INFO: Train: Epoch 128: train loss 0.0182
2022-01-21 17:44:59,954 root                INFO: Train: Epoch 129: train loss 0.0182
2022-01-21 17:45:00,486 root                INFO: Train: Epoch 130: train loss 0.0182
2022-01-21 17:45:01,018 root                INFO: Train: Epoch 131: train loss 0.0182
2022-01-21 17:45:01,568 root                INFO: Train: Epoch 132: train loss 0.0182
2022-01-21 17:45:02,132 root                INFO: Train: Epoch 133: train loss 0.0182
2022-01-21 17:45:02,718 root                INFO: Train: Epoch 134: train loss 0.0182
2022-01-21 17:45:03,256 root                INFO: Train: Epoch 135: train loss 0.0182
2022-01-21 17:45:03,791 root                INFO: Train: Epoch 136: train loss 0.0182
2022-01-21 17:45:04,334 root                INFO: Train: Epoch 137: train loss 0.0182
2022-01-21 17:45:04,861 root                INFO: Train: Epoch 138: train loss 0.0182
2022-01-21 17:45:05,417 root                INFO: Train: Epoch 139: train loss 0.0182
2022-01-21 17:45:05,952 root                INFO: Train: Epoch 140: train loss 0.0182
2022-01-21 17:45:06,581 root                INFO: Train: Epoch 141: train loss 0.0182
2022-01-21 17:45:07,142 root                INFO: Train: Epoch 142: train loss 0.0182
2022-01-21 17:45:07,669 root                INFO: Train: Epoch 143: train loss 0.0182
2022-01-21 17:45:08,210 root                INFO: Train: Epoch 144: train loss 0.0182
2022-01-21 17:45:08,868 root                INFO: Train: Epoch 145: train loss 0.0182
2022-01-21 17:45:09,492 root                INFO: Train: Epoch 146: train loss 0.0182
2022-01-21 17:45:10,054 root                INFO: Train: Epoch 147: train loss 0.0182
2022-01-21 17:45:10,613 root                INFO: Train: Epoch 148: train loss 0.0182
2022-01-21 17:45:11,152 root                INFO: Train: Epoch 149: train loss 0.0182
2022-01-21 17:45:11,724 root                INFO: Train: Epoch 150: train loss 0.0182
2022-01-21 17:45:12,275 root                INFO: Train: Epoch 151: train loss 0.0182
2022-01-21 17:45:12,833 root                INFO: Train: Epoch 152: train loss 0.0182
2022-01-21 17:45:13,375 root                INFO: Train: Epoch 153: train loss 0.0182
2022-01-21 17:45:13,952 root                INFO: Train: Epoch 154: train loss 0.0182
2022-01-21 17:45:14,503 root                INFO: Train: Epoch 155: train loss 0.0182
2022-01-21 17:45:15,053 root                INFO: Train: Epoch 156: train loss 0.0182
2022-01-21 17:45:15,589 root                INFO: Train: Epoch 157: train loss 0.0182
2022-01-21 17:45:16,126 root                INFO: Train: Epoch 158: train loss 0.0182
2022-01-21 17:45:16,688 root                INFO: Train: Epoch 159: train loss 0.0182
2022-01-21 17:45:17,238 root                INFO: Train: Epoch 160: train loss 0.0182
2022-01-21 17:45:17,774 root                INFO: Train: Epoch 161: train loss 0.0182
2022-01-21 17:45:18,323 root                INFO: Train: Epoch 162: train loss 0.0182
2022-01-21 17:45:18,838 root                INFO: Train: Epoch 163: train loss 0.0182
2022-01-21 17:45:19,353 root                INFO: Train: Epoch 164: train loss 0.0182
2022-01-21 17:45:19,946 root                INFO: Train: Epoch 165: train loss 0.0182
2022-01-21 17:45:20,510 root                INFO: Train: Epoch 166: train loss 0.0182
2022-01-21 17:45:21,048 root                INFO: Train: Epoch 167: train loss 0.0182
2022-01-21 17:45:21,612 root                INFO: Train: Epoch 168: train loss 0.0182
2022-01-21 17:45:22,149 root                INFO: Train: Epoch 169: train loss 0.0182
2022-01-21 17:45:22,682 root                INFO: Train: Epoch 170: train loss 0.0182
2022-01-21 17:45:23,225 root                INFO: Train: Epoch 171: train loss 0.0182
2022-01-21 17:45:23,762 root                INFO: Train: Epoch 172: train loss 0.0182
2022-01-21 17:45:24,301 root                INFO: Train: Epoch 173: train loss 0.0182
2022-01-21 17:45:24,850 root                INFO: Train: Epoch 174: train loss 0.0182
2022-01-21 17:45:25,413 root                INFO: Train: Epoch 175: train loss 0.0182
2022-01-21 17:45:25,980 root                INFO: Train: Epoch 176: train loss 0.0182
2022-01-21 17:45:26,557 root                INFO: Train: Epoch 177: train loss 0.0182
2022-01-21 17:45:27,129 root                INFO: Train: Epoch 178: train loss 0.0182
2022-01-21 17:45:27,651 root                INFO: Train: Epoch 179: train loss 0.0182
2022-01-21 17:45:28,201 root                INFO: Train: Epoch 180: train loss 0.0182
2022-01-21 17:45:28,736 root                INFO: Train: Epoch 181: train loss 0.0182
2022-01-21 17:45:29,294 root                INFO: Train: Epoch 182: train loss 0.0182
2022-01-21 17:45:29,876 root                INFO: Train: Epoch 183: train loss 0.0182
2022-01-21 17:45:30,438 root                INFO: Train: Epoch 184: train loss 0.0182
2022-01-21 17:45:30,991 root                INFO: Train: Epoch 185: train loss 0.0182
2022-01-21 17:45:31,534 root                INFO: Train: Epoch 186: train loss 0.0182
2022-01-21 17:45:32,072 root                INFO: Train: Epoch 187: train loss 0.0182
2022-01-21 17:45:32,614 root                INFO: Train: Epoch 188: train loss 0.0182
2022-01-21 17:45:33,136 root                INFO: Train: Epoch 189: train loss 0.0182
2022-01-21 17:45:33,677 root                INFO: Train: Epoch 190: train loss 0.0182
2022-01-21 17:45:34,217 root                INFO: Train: Epoch 191: train loss 0.0182
2022-01-21 17:45:34,773 root                INFO: Train: Epoch 192: train loss 0.0182
2022-01-21 17:45:35,367 root                INFO: Train: Epoch 193: train loss 0.0182
2022-01-21 17:45:35,903 root                INFO: Train: Epoch 194: train loss 0.0182
2022-01-21 17:45:36,443 root                INFO: Train: Epoch 195: train loss 0.0182
2022-01-21 17:45:37,002 root                INFO: Train: Epoch 196: train loss 0.0182
2022-01-21 17:45:37,556 root                INFO: Train: Epoch 197: train loss 0.0182
2022-01-21 17:45:38,085 root                INFO: Train: Epoch 198: train loss 0.0182
2022-01-21 17:45:38,627 root                INFO: Train: Epoch 199: train loss 0.0182
2022-01-21 17:45:39,144 root                INFO: Train: Epoch 200: train loss 0.0182
2022-01-21 17:45:53,033 root                INFO: Valid: Epoch 200: kendall tau 0.0616 0.0642; loss 0.01372 0.004756
2022-01-21 17:45:53,039 root                INFO: Epoch 200: Save checkpoint to nb301_anytime_tagates/tagates_0.1/12/202121/200.ckpt
2022-01-21 17:46:07,148 root                INFO: [0.0, 0.0, 0.0, 0.04230317273795535, 0.1405913452124535, 0.6230028195488722, 1.0]
2022-01-21 17:46:07,148 root                INFO: [0.0, 0.0, 0.0, 0.07677242459851155, 0.16722146074016056, 0.6266838972431078, 1.0]
2022-01-21 17:46:07,148 root                INFO: [16249, 16249]
2022-01-21 17:46:07,148 root                INFO: [16247, 846]
2022-01-21 22:22:31,705 root                INFO: GPU device = 2
2022-01-21 22:22:31,705 root                INFO: Load pkl cache from nasbench301_train.pkl and nasbench301_valid.pkl
2022-01-21 22:22:32,381 root                INFO: Config: {'arch_network_cfg': {'arch_embedder_cfg': {'take_adj_as_input': True, 'gcn_kwargs': {'residual_only': 2}, 'gcn_out_dims': [64, 64, 64, 64, 64], 'hidden_dim': 32, 'node_dim': 32, 'op_dim': 32, 'use_bn': False, 'final_concat': False, 'other_node_zero': False, 'num_time_steps': 2, 'fb_conversion_dims': [64, 64], 'backward_gcn_out_dims': [64, 64, 64, 64, 64], 'updateopemb_method': 'concat_ofb', 'updateopemb_dims': [64], 'share_skip_and_outskip': True, 'detach_vinfo': False, 'updateopemb_scale': 0.1, 'updateopemb_detach_opemb': True, 'updateopemb_detach_finfo': True, 'mask_nonparametrized_ops': True, 'symmetry_breaking_method': 'param_zs_add', 'concat_param_zs_as_opemb_dimension': 5, 'concat_param_zs_as_opemb_scale': 1.0}, 'arch_embedder_type': 'cellss-fbflow-anytime', 'compare_loss_type': 'margin_linear', 'compare_margin': 0.1, 'mlp_dropout': 0.1, 'mlp_hiddens': [200], 'mlp_out_dim': 1, 'optimizer': {'lr': 0.0001, 'type': 'Adam'}, 'scheduler': None}, 'arch_network_type': 'pointwise_comparator', 'batch_size': 128, 'choose_pair_criterion': 'random', 'compare': False, 'compare_threshold': 0.0, 'epochs': 200, 'max_compare_ratio': 16.0}
2022-01-21 22:22:36,075 root                INFO: Combined args: Namespace(arch_network_type='pointwise_comparator', batch_size=128, cfg_file='cfgs/nb301_cfgs/tagates_anytime.yaml', choose_pair_criterion='random', compare=False, compare_threshold=0.0, epochs=200, eval_only_last=1, gpu=2, load=None, max_compare_ratio=16.0, num_workers=4, report_freq=200, save_every=200, save_predict=None, seed=202121, test_funcs=None, test_only=False, train_dir='nb301_anytime_tagates/tagates_0.1/12/202121', train_pkl='../mynas/data/nasbench-301/nasbench301_train_mtx_anytime_12.pkl', train_ratio=0.1, valid_pkl='../mynas/data/nasbench-301/nasbench301_valid_mtx_anytime.pkl')
2022-01-21 22:22:36,085 root                INFO: Train dataset ratio: 0.100
2022-01-21 22:22:36,085 root                INFO: Number of architectures: train: 589; valid: 51072
2022-01-21 22:22:49,581 root                INFO: Train: Epoch   1: train loss 0.3437
2022-01-21 22:22:50,242 root                INFO: Train: Epoch   2: train loss 0.3398
2022-01-21 22:22:50,918 root                INFO: Train: Epoch   3: train loss 0.3359
2022-01-21 22:22:51,593 root                INFO: Train: Epoch   4: train loss 0.3314
2022-01-21 22:22:52,242 root                INFO: Train: Epoch   5: train loss 0.3264
2022-01-21 22:22:52,883 root                INFO: Train: Epoch   6: train loss 0.3197
2022-01-21 22:22:53,551 root                INFO: Train: Epoch   7: train loss 0.3112
2022-01-21 22:22:54,188 root                INFO: Train: Epoch   8: train loss 0.3007
2022-01-21 22:22:54,837 root                INFO: Train: Epoch   9: train loss 0.2871
2022-01-21 22:22:55,495 root                INFO: Train: Epoch  10: train loss 0.2698
2022-01-21 22:22:56,182 root                INFO: Train: Epoch  11: train loss 0.2465
2022-01-21 22:22:56,841 root                INFO: Train: Epoch  12: train loss 0.2182
2022-01-21 22:22:57,512 root                INFO: Train: Epoch  13: train loss 0.1826
2022-01-21 22:22:58,175 root                INFO: Train: Epoch  14: train loss 0.1422
2022-01-21 22:22:58,850 root                INFO: Train: Epoch  15: train loss 0.1000
2022-01-21 22:22:59,525 root                INFO: Train: Epoch  16: train loss 0.0606
2022-01-21 22:23:00,178 root                INFO: Train: Epoch  17: train loss 0.0306
2022-01-21 22:23:00,841 root                INFO: Train: Epoch  18: train loss 0.0132
2022-01-21 22:23:01,497 root                INFO: Train: Epoch  19: train loss 0.0060
2022-01-21 22:23:02,156 root                INFO: Train: Epoch  20: train loss 0.0041
2022-01-21 22:23:02,798 root                INFO: Train: Epoch  21: train loss 0.0039
2022-01-21 22:23:03,465 root                INFO: Train: Epoch  22: train loss 0.0038
2022-01-21 22:23:04,145 root                INFO: Train: Epoch  23: train loss 0.0035
2022-01-21 22:23:04,879 root                INFO: Train: Epoch  24: train loss 0.0029
2022-01-21 22:23:05,518 root                INFO: Train: Epoch  25: train loss 0.0024
2022-01-21 22:23:06,177 root                INFO: Train: Epoch  26: train loss 0.0017
2022-01-21 22:23:06,839 root                INFO: Train: Epoch  27: train loss 0.0013
2022-01-21 22:23:07,489 root                INFO: Train: Epoch  28: train loss 0.0011
2022-01-21 22:23:08,147 root                INFO: Train: Epoch  29: train loss 0.0009
2022-01-21 22:23:08,821 root                INFO: Train: Epoch  30: train loss 0.0009
2022-01-21 22:23:09,501 root                INFO: Train: Epoch  31: train loss 0.0008
2022-01-21 22:23:10,172 root                INFO: Train: Epoch  32: train loss 0.0008
2022-01-21 22:23:10,861 root                INFO: Train: Epoch  33: train loss 0.0008
2022-01-21 22:23:11,550 root                INFO: Train: Epoch  34: train loss 0.0008
2022-01-21 22:23:12,232 root                INFO: Train: Epoch  35: train loss 0.0008
2022-01-21 22:23:12,912 root                INFO: Train: Epoch  36: train loss 0.0008
2022-01-21 22:23:13,594 root                INFO: Train: Epoch  37: train loss 0.0008
2022-01-21 22:23:14,284 root                INFO: Train: Epoch  38: train loss 0.0008
2022-01-21 22:23:15,011 root                INFO: Train: Epoch  39: train loss 0.0008
2022-01-21 22:23:15,697 root                INFO: Train: Epoch  40: train loss 0.0008
2022-01-21 22:23:16,363 root                INFO: Train: Epoch  41: train loss 0.0008
2022-01-21 22:23:17,014 root                INFO: Train: Epoch  42: train loss 0.0008
2022-01-21 22:23:17,842 root                INFO: Train: Epoch  43: train loss 0.0008
2022-01-21 22:23:18,527 root                INFO: Train: Epoch  44: train loss 0.0008
2022-01-21 22:23:19,223 root                INFO: Train: Epoch  45: train loss 0.0008
2022-01-21 22:23:19,917 root                INFO: Train: Epoch  46: train loss 0.0008
2022-01-21 22:23:20,613 root                INFO: Train: Epoch  47: train loss 0.0008
2022-01-21 22:23:21,294 root                INFO: Train: Epoch  48: train loss 0.0007
2022-01-21 22:23:21,979 root                INFO: Train: Epoch  49: train loss 0.0008
2022-01-21 22:23:22,648 root                INFO: Train: Epoch  50: train loss 0.0007
2022-01-21 22:23:23,373 root                INFO: Train: Epoch  51: train loss 0.0008
2022-01-21 22:23:24,061 root                INFO: Train: Epoch  52: train loss 0.0008
2022-01-21 22:23:24,762 root                INFO: Train: Epoch  53: train loss 0.0008
2022-01-21 22:23:25,455 root                INFO: Train: Epoch  54: train loss 0.0008
2022-01-21 22:23:26,128 root                INFO: Train: Epoch  55: train loss 0.0007
2022-01-21 22:23:26,804 root                INFO: Train: Epoch  56: train loss 0.0007
2022-01-21 22:23:27,502 root                INFO: Train: Epoch  57: train loss 0.0007
2022-01-21 22:23:28,245 root                INFO: Train: Epoch  58: train loss 0.0007
2022-01-21 22:23:28,943 root                INFO: Train: Epoch  59: train loss 0.0008
2022-01-21 22:23:29,629 root                INFO: Train: Epoch  60: train loss 0.0007
2022-01-21 22:23:30,330 root                INFO: Train: Epoch  61: train loss 0.0007
2022-01-21 22:23:31,025 root                INFO: Train: Epoch  62: train loss 0.0007
2022-01-21 22:23:31,718 root                INFO: Train: Epoch  63: train loss 0.0007
2022-01-21 22:23:32,403 root                INFO: Train: Epoch  64: train loss 0.0007
2022-01-21 22:23:33,109 root                INFO: Train: Epoch  65: train loss 0.0008
2022-01-21 22:23:33,780 root                INFO: Train: Epoch  66: train loss 0.0007
2022-01-21 22:23:34,466 root                INFO: Train: Epoch  67: train loss 0.0007
2022-01-21 22:23:35,159 root                INFO: Train: Epoch  68: train loss 0.0007
2022-01-21 22:23:35,863 root                INFO: Train: Epoch  69: train loss 0.0007
2022-01-21 22:23:36,550 root                INFO: Train: Epoch  70: train loss 0.0007
2022-01-21 22:23:37,234 root                INFO: Train: Epoch  71: train loss 0.0007
2022-01-21 22:23:37,918 root                INFO: Train: Epoch  72: train loss 0.0007
2022-01-21 22:23:38,604 root                INFO: Train: Epoch  73: train loss 0.0007
2022-01-21 22:23:39,283 root                INFO: Train: Epoch  74: train loss 0.0007
2022-01-21 22:23:39,952 root                INFO: Train: Epoch  75: train loss 0.0007
2022-01-21 22:23:40,645 root                INFO: Train: Epoch  76: train loss 0.0007
2022-01-21 22:23:41,309 root                INFO: Train: Epoch  77: train loss 0.0007
2022-01-21 22:23:41,994 root                INFO: Train: Epoch  78: train loss 0.0006
2022-01-21 22:23:42,669 root                INFO: Train: Epoch  79: train loss 0.0007
2022-01-21 22:23:43,353 root                INFO: Train: Epoch  80: train loss 0.0007
2022-01-21 22:23:44,023 root                INFO: Train: Epoch  81: train loss 0.0007
2022-01-21 22:23:44,703 root                INFO: Train: Epoch  82: train loss 0.0007
2022-01-21 22:23:45,384 root                INFO: Train: Epoch  83: train loss 0.0007
2022-01-21 22:23:46,054 root                INFO: Train: Epoch  84: train loss 0.0007
2022-01-21 22:23:46,741 root                INFO: Train: Epoch  85: train loss 0.0007
2022-01-21 22:23:47,391 root                INFO: Train: Epoch  86: train loss 0.0006
2022-01-21 22:23:48,077 root                INFO: Train: Epoch  87: train loss 0.0007
2022-01-21 22:23:48,763 root                INFO: Train: Epoch  88: train loss 0.0007
2022-01-21 22:23:49,458 root                INFO: Train: Epoch  89: train loss 0.0007
2022-01-21 22:23:50,182 root                INFO: Train: Epoch  90: train loss 0.0007
2022-01-21 22:23:50,879 root                INFO: Train: Epoch  91: train loss 0.0007
2022-01-21 22:23:51,570 root                INFO: Train: Epoch  92: train loss 0.0007
2022-01-21 22:23:52,289 root                INFO: Train: Epoch  93: train loss 0.0006
2022-01-21 22:23:53,011 root                INFO: Train: Epoch  94: train loss 0.0007
2022-01-21 22:23:53,721 root                INFO: Train: Epoch  95: train loss 0.0006
2022-01-21 22:23:54,491 root                INFO: Train: Epoch  96: train loss 0.0007
2022-01-21 22:23:55,237 root                INFO: Train: Epoch  97: train loss 0.0006
2022-01-21 22:23:55,964 root                INFO: Train: Epoch  98: train loss 0.0006
2022-01-21 22:23:56,667 root                INFO: Train: Epoch  99: train loss 0.0006
2022-01-21 22:23:57,389 root                INFO: Train: Epoch 100: train loss 0.0006
2022-01-21 22:23:58,106 root                INFO: Train: Epoch 101: train loss 0.0006
2022-01-21 22:23:58,810 root                INFO: Train: Epoch 102: train loss 0.0006
2022-01-21 22:23:59,549 root                INFO: Train: Epoch 103: train loss 0.0006
2022-01-21 22:24:00,252 root                INFO: Train: Epoch 104: train loss 0.0006
2022-01-21 22:24:00,952 root                INFO: Train: Epoch 105: train loss 0.0006
2022-01-21 22:24:01,667 root                INFO: Train: Epoch 106: train loss 0.0006
2022-01-21 22:24:02,386 root                INFO: Train: Epoch 107: train loss 0.0006
2022-01-21 22:24:03,100 root                INFO: Train: Epoch 108: train loss 0.0006
2022-01-21 22:24:03,795 root                INFO: Train: Epoch 109: train loss 0.0006
2022-01-21 22:24:04,507 root                INFO: Train: Epoch 110: train loss 0.0006
2022-01-21 22:24:05,230 root                INFO: Train: Epoch 111: train loss 0.0006
2022-01-21 22:24:05,947 root                INFO: Train: Epoch 112: train loss 0.0006
2022-01-21 22:24:06,688 root                INFO: Train: Epoch 113: train loss 0.0006
2022-01-21 22:24:07,402 root                INFO: Train: Epoch 114: train loss 0.0006
2022-01-21 22:24:08,137 root                INFO: Train: Epoch 115: train loss 0.0006
2022-01-21 22:24:08,854 root                INFO: Train: Epoch 116: train loss 0.0006
2022-01-21 22:24:09,560 root                INFO: Train: Epoch 117: train loss 0.0006
2022-01-21 22:24:10,278 root                INFO: Train: Epoch 118: train loss 0.0006
2022-01-21 22:24:10,966 root                INFO: Train: Epoch 119: train loss 0.0006
2022-01-21 22:24:11,677 root                INFO: Train: Epoch 120: train loss 0.0006
2022-01-21 22:24:12,392 root                INFO: Train: Epoch 121: train loss 0.0006
2022-01-21 22:24:13,104 root                INFO: Train: Epoch 122: train loss 0.0006
2022-01-21 22:24:13,822 root                INFO: Train: Epoch 123: train loss 0.0006
2022-01-21 22:24:14,522 root                INFO: Train: Epoch 124: train loss 0.0006
2022-01-21 22:24:15,217 root                INFO: Train: Epoch 125: train loss 0.0006
2022-01-21 22:24:15,906 root                INFO: Train: Epoch 126: train loss 0.0006
2022-01-21 22:24:16,612 root                INFO: Train: Epoch 127: train loss 0.0006
2022-01-21 22:24:17,336 root                INFO: Train: Epoch 128: train loss 0.0006
2022-01-21 22:24:18,056 root                INFO: Train: Epoch 129: train loss 0.0006
2022-01-21 22:24:18,742 root                INFO: Train: Epoch 130: train loss 0.0006
2022-01-21 22:24:19,449 root                INFO: Train: Epoch 131: train loss 0.0006
2022-01-21 22:24:20,159 root                INFO: Train: Epoch 132: train loss 0.0006
2022-01-21 22:24:20,885 root                INFO: Train: Epoch 133: train loss 0.0005
2022-01-21 22:24:21,606 root                INFO: Train: Epoch 134: train loss 0.0005
2022-01-21 22:24:22,308 root                INFO: Train: Epoch 135: train loss 0.0006
2022-01-21 22:24:23,012 root                INFO: Train: Epoch 136: train loss 0.0005
2022-01-21 22:24:23,722 root                INFO: Train: Epoch 137: train loss 0.0006
2022-01-21 22:24:24,418 root                INFO: Train: Epoch 138: train loss 0.0005
2022-01-21 22:24:25,128 root                INFO: Train: Epoch 139: train loss 0.0005
2022-01-21 22:24:25,827 root                INFO: Train: Epoch 140: train loss 0.0005
2022-01-21 22:24:26,504 root                INFO: Train: Epoch 141: train loss 0.0005
2022-01-21 22:24:27,197 root                INFO: Train: Epoch 142: train loss 0.0005
2022-01-21 22:24:27,905 root                INFO: Train: Epoch 143: train loss 0.0006
2022-01-21 22:24:28,590 root                INFO: Train: Epoch 144: train loss 0.0006
2022-01-21 22:24:29,277 root                INFO: Train: Epoch 145: train loss 0.0005
2022-01-21 22:24:29,970 root                INFO: Train: Epoch 146: train loss 0.0005
2022-01-21 22:24:30,650 root                INFO: Train: Epoch 147: train loss 0.0005
2022-01-21 22:24:31,335 root                INFO: Train: Epoch 148: train loss 0.0006
2022-01-21 22:24:32,026 root                INFO: Train: Epoch 149: train loss 0.0005
2022-01-21 22:24:32,740 root                INFO: Train: Epoch 150: train loss 0.0005
2022-01-21 22:24:33,424 root                INFO: Train: Epoch 151: train loss 0.0005
2022-01-21 22:24:34,107 root                INFO: Train: Epoch 152: train loss 0.0005
2022-01-21 22:24:34,824 root                INFO: Train: Epoch 153: train loss 0.0005
2022-01-21 22:24:35,515 root                INFO: Train: Epoch 154: train loss 0.0005
2022-01-21 22:24:36,201 root                INFO: Train: Epoch 155: train loss 0.0005
2022-01-21 22:24:36,906 root                INFO: Train: Epoch 156: train loss 0.0005
2022-01-21 22:24:37,583 root                INFO: Train: Epoch 157: train loss 0.0005
2022-01-21 22:24:38,269 root                INFO: Train: Epoch 158: train loss 0.0005
2022-01-21 22:24:38,971 root                INFO: Train: Epoch 159: train loss 0.0005
2022-01-21 22:24:39,641 root                INFO: Train: Epoch 160: train loss 0.0005
2022-01-21 22:24:40,310 root                INFO: Train: Epoch 161: train loss 0.0005
2022-01-21 22:24:40,971 root                INFO: Train: Epoch 162: train loss 0.0005
2022-01-21 22:24:41,645 root                INFO: Train: Epoch 163: train loss 0.0005
2022-01-21 22:24:42,307 root                INFO: Train: Epoch 164: train loss 0.0005
2022-01-21 22:24:42,990 root                INFO: Train: Epoch 165: train loss 0.0005
2022-01-21 22:24:43,653 root                INFO: Train: Epoch 166: train loss 0.0005
2022-01-21 22:24:44,363 root                INFO: Train: Epoch 167: train loss 0.0005
2022-01-21 22:24:45,053 root                INFO: Train: Epoch 168: train loss 0.0005
2022-01-21 22:24:45,739 root                INFO: Train: Epoch 169: train loss 0.0005
2022-01-21 22:24:46,445 root                INFO: Train: Epoch 170: train loss 0.0005
2022-01-21 22:24:47,151 root                INFO: Train: Epoch 171: train loss 0.0005
2022-01-21 22:24:47,836 root                INFO: Train: Epoch 172: train loss 0.0005
2022-01-21 22:24:48,545 root                INFO: Train: Epoch 173: train loss 0.0005
2022-01-21 22:24:49,260 root                INFO: Train: Epoch 174: train loss 0.0005
2022-01-21 22:24:49,965 root                INFO: Train: Epoch 175: train loss 0.0005
2022-01-21 22:24:50,662 root                INFO: Train: Epoch 176: train loss 0.0005
2022-01-21 22:24:51,361 root                INFO: Train: Epoch 177: train loss 0.0005
2022-01-21 22:24:52,062 root                INFO: Train: Epoch 178: train loss 0.0005
2022-01-21 22:24:52,766 root                INFO: Train: Epoch 179: train loss 0.0005
2022-01-21 22:24:53,476 root                INFO: Train: Epoch 180: train loss 0.0005
2022-01-21 22:24:54,191 root                INFO: Train: Epoch 181: train loss 0.0005
2022-01-21 22:24:54,915 root                INFO: Train: Epoch 182: train loss 0.0005
2022-01-21 22:24:55,619 root                INFO: Train: Epoch 183: train loss 0.0005
2022-01-21 22:24:56,330 root                INFO: Train: Epoch 184: train loss 0.0005
2022-01-21 22:24:57,055 root                INFO: Train: Epoch 185: train loss 0.0004
2022-01-21 22:24:57,801 root                INFO: Train: Epoch 186: train loss 0.0005
2022-01-21 22:24:58,508 root                INFO: Train: Epoch 187: train loss 0.0005
2022-01-21 22:24:59,210 root                INFO: Train: Epoch 188: train loss 0.0004
2022-01-21 22:24:59,908 root                INFO: Train: Epoch 189: train loss 0.0005
2022-01-21 22:25:00,645 root                INFO: Train: Epoch 190: train loss 0.0004
2022-01-21 22:25:01,358 root                INFO: Train: Epoch 191: train loss 0.0004
2022-01-21 22:25:02,062 root                INFO: Train: Epoch 192: train loss 0.0005
2022-01-21 22:25:02,765 root                INFO: Train: Epoch 193: train loss 0.0004
2022-01-21 22:25:03,499 root                INFO: Train: Epoch 194: train loss 0.0004
2022-01-21 22:25:04,191 root                INFO: Train: Epoch 195: train loss 0.0004
2022-01-21 22:25:04,913 root                INFO: Train: Epoch 196: train loss 0.0004
2022-01-21 22:25:05,632 root                INFO: Train: Epoch 197: train loss 0.0004
2022-01-21 22:25:06,356 root                INFO: Train: Epoch 198: train loss 0.0004
2022-01-21 22:25:07,056 root                INFO: Train: Epoch 199: train loss 0.0004
2022-01-21 22:25:07,763 root                INFO: Train: Epoch 200: train loss 0.0004
2022-01-21 22:25:21,756 root                INFO: Valid: Epoch 200: kendall tau 0.3716 0.4244; loss 0.0002019 8.947e-05
2022-01-21 22:25:21,763 root                INFO: Epoch 200: Save checkpoint to nb301_anytime_tagates/tagates_0.1/12/202121/200.ckpt
2022-01-21 22:25:35,876 root                INFO: [0.0, 0.0, 0.00784313725490196, 0.1555033294163729, 0.3497160759741531, 0.684484649122807, 1.0]
2022-01-21 22:25:35,876 root                INFO: [0.0, 0.00392156862745098, 0.023529411764705882, 0.27927927927927926, 0.4066966908165263, 0.7111920426065163, 1.0]
2022-01-21 22:25:35,877 root                INFO: [961, 961]
2022-01-21 22:25:35,877 root                INFO: [583, 583]
