2022-01-19 23:09:10,013 root                INFO: GPU device = 4
2022-01-19 23:09:10,013 root                INFO: Load pkl cache from nasbench101.pkl and nasbench101_valid.pkl
2022-01-19 23:09:10,588 root                INFO: Config: {'arch_network_cfg': {'arch_embedder_cfg': {'b_use_bn': False, 'backward_gcn_out_dims': [128, 128, 128, 128, 128], 'concat_param_zs_as_opemb_dimension': 7, 'concat_param_zs_as_opemb_scale': 0.1, 'detach_vinfo': False, 'fb_conversion_dims': [128, 128], 'gcn_kwargs': {'plus_I': True, 'residual_only': 1}, 'gcn_out_dims': [128, 128, 128, 128, 128], 'hid_dim': 96, 'mask_nonparametrized_ops': False, 'node_embedding_dim': 48, 'num_time_steps': 3, 'op_embedding_dim': 48, 'symmetry_breaking_method': 'param_zs_add', 'updateopemb_detach_finfo': True, 'updateopemb_detach_opemb': True, 'updateopemb_dims': [128], 'updateopemb_method': 'concat_ofb', 'updateopemb_scale': 0.1}, 'arch_embedder_type': 'nb101-fbflow', 'compare_loss_type': 'margin_linear', 'compare_margin': 0.1, 'mlp_dropout': 0.1, 'mlp_hiddens': [200], 'optimizer': {'lr': 0.001, 'type': 'Adam'}, 'scheduler': None}, 'batch_size': 512, 'choose_pair_criterion': 'random', 'compare': True, 'compare_threshold': 0.0, 'epochs': 200, 'max_compare_ratio': 4.0}
2022-01-19 23:09:14,966 root                INFO: Combined args: Namespace(batch_size=512, cfg_file='cfgs/nb101_cfgs/gates_true_scale0.1.yaml', choose_pair_criterion='random', compare=True, compare_threshold=0.0, epochs=200, eval_only_last=5, gpu=4, load=None, max_compare_ratio=4.0, num_workers=4, report_freq=200, save_every=200, save_predict=None, seed=2021, test_funcs=None, test_only=False, train_dir='nb1shot1_ablation_scale/true/0.1_0.05/12/2021', train_pkl='../mynas/data/nasbench-1shot1/nasbench101_train_12.pkl', train_ratio=0.05, valid_pkl='../mynas/data/nasbench-1shot1/nasbench101_valid.pkl')
2022-01-19 23:09:14,980 root                INFO: Train dataset ratio: 0.050
2022-01-19 23:09:14,981 root                INFO: Number of architectures: train: 364; valid: 7290
2022-01-19 23:09:18,001 root                INFO: Train: Epoch   1: train loss 0.1001
2022-01-19 23:09:18,804 root                INFO: Train: Epoch   2: train loss 0.0960
2022-01-19 23:09:19,552 root                INFO: Train: Epoch   3: train loss 0.0922
2022-01-19 23:09:20,368 root                INFO: Train: Epoch   4: train loss 0.0846
2022-01-19 23:09:21,110 root                INFO: Train: Epoch   5: train loss 0.0749
2022-01-19 23:09:21,813 root                INFO: Train: Epoch   6: train loss 0.0664
2022-01-19 23:09:22,768 root                INFO: Train: Epoch   7: train loss 0.0621
2022-01-19 23:09:23,545 root                INFO: Train: Epoch   8: train loss 0.0632
2022-01-19 23:09:24,289 root                INFO: Train: Epoch   9: train loss 0.0561
2022-01-19 23:09:24,987 root                INFO: Train: Epoch  10: train loss 0.0583
2022-01-19 23:09:25,718 root                INFO: Train: Epoch  11: train loss 0.0596
2022-01-19 23:09:26,470 root                INFO: Train: Epoch  12: train loss 0.0563
2022-01-19 23:09:27,211 root                INFO: Train: Epoch  13: train loss 0.0538
2022-01-19 23:09:27,923 root                INFO: Train: Epoch  14: train loss 0.0537
2022-01-19 23:09:28,662 root                INFO: Train: Epoch  15: train loss 0.0518
2022-01-19 23:09:29,390 root                INFO: Train: Epoch  16: train loss 0.0452
2022-01-19 23:09:30,138 root                INFO: Train: Epoch  17: train loss 0.0498
2022-01-19 23:09:30,889 root                INFO: Train: Epoch  18: train loss 0.0496
2022-01-19 23:09:31,588 root                INFO: Train: Epoch  19: train loss 0.0472
2022-01-19 23:09:32,356 root                INFO: Train: Epoch  20: train loss 0.0457
2022-01-19 23:09:33,058 root                INFO: Train: Epoch  21: train loss 0.0478
2022-01-19 23:09:33,766 root                INFO: Train: Epoch  22: train loss 0.0438
2022-01-19 23:09:34,482 root                INFO: Train: Epoch  23: train loss 0.0421
2022-01-19 23:09:35,240 root                INFO: Train: Epoch  24: train loss 0.0411
2022-01-19 23:09:35,955 root                INFO: Train: Epoch  25: train loss 0.0362
2022-01-19 23:09:36,641 root                INFO: Train: Epoch  26: train loss 0.0395
2022-01-19 23:09:37,352 root                INFO: Train: Epoch  27: train loss 0.0371
2022-01-19 23:09:38,087 root                INFO: Train: Epoch  28: train loss 0.0401
2022-01-19 23:09:39,100 root                INFO: Train: Epoch  29: train loss 0.0346
2022-01-19 23:09:39,834 root                INFO: Train: Epoch  30: train loss 0.0360
2022-01-19 23:09:40,611 root                INFO: Train: Epoch  31: train loss 0.0307
2022-01-19 23:09:41,301 root                INFO: Train: Epoch  32: train loss 0.0345
2022-01-19 23:09:42,058 root                INFO: Train: Epoch  33: train loss 0.0359
2022-01-19 23:09:42,822 root                INFO: Train: Epoch  34: train loss 0.0329
2022-01-19 23:09:43,522 root                INFO: Train: Epoch  35: train loss 0.0306
2022-01-19 23:09:44,230 root                INFO: Train: Epoch  36: train loss 0.0329
2022-01-19 23:09:44,923 root                INFO: Train: Epoch  37: train loss 0.0345
2022-01-19 23:09:45,673 root                INFO: Train: Epoch  38: train loss 0.0295
2022-01-19 23:09:46,461 root                INFO: Train: Epoch  39: train loss 0.0319
2022-01-19 23:09:47,252 root                INFO: Train: Epoch  40: train loss 0.0313
2022-01-19 23:09:47,988 root                INFO: Train: Epoch  41: train loss 0.0321
2022-01-19 23:09:48,713 root                INFO: Train: Epoch  42: train loss 0.0322
2022-01-19 23:09:49,452 root                INFO: Train: Epoch  43: train loss 0.0266
2022-01-19 23:09:50,304 root                INFO: Train: Epoch  44: train loss 0.0288
2022-01-19 23:09:51,041 root                INFO: Train: Epoch  45: train loss 0.0291
2022-01-19 23:09:51,774 root                INFO: Train: Epoch  46: train loss 0.0282
2022-01-19 23:09:52,550 root                INFO: Train: Epoch  47: train loss 0.0245
2022-01-19 23:09:53,297 root                INFO: Train: Epoch  48: train loss 0.0283
2022-01-19 23:09:54,157 root                INFO: Train: Epoch  49: train loss 0.0286
2022-01-19 23:09:54,898 root                INFO: Train: Epoch  50: train loss 0.0270
2022-01-19 23:09:55,626 root                INFO: Train: Epoch  51: train loss 0.0252
2022-01-19 23:09:56,365 root                INFO: Train: Epoch  52: train loss 0.0238
2022-01-19 23:09:57,108 root                INFO: Train: Epoch  53: train loss 0.0271
2022-01-19 23:09:57,842 root                INFO: Train: Epoch  54: train loss 0.0244
2022-01-19 23:09:58,769 root                INFO: Train: Epoch  55: train loss 0.0248
2022-01-19 23:09:59,495 root                INFO: Train: Epoch  56: train loss 0.0263
2022-01-19 23:10:00,208 root                INFO: Train: Epoch  57: train loss 0.0232
2022-01-19 23:10:00,913 root                INFO: Train: Epoch  58: train loss 0.0258
2022-01-19 23:10:01,755 root                INFO: Train: Epoch  59: train loss 0.0242
2022-01-19 23:10:02,548 root                INFO: Train: Epoch  60: train loss 0.0234
2022-01-19 23:10:03,335 root                INFO: Train: Epoch  61: train loss 0.0227
2022-01-19 23:10:04,097 root                INFO: Train: Epoch  62: train loss 0.0250
2022-01-19 23:10:04,915 root                INFO: Train: Epoch  63: train loss 0.0228
2022-01-19 23:10:05,630 root                INFO: Train: Epoch  64: train loss 0.0227
2022-01-19 23:10:06,410 root                INFO: Train: Epoch  65: train loss 0.0237
2022-01-19 23:10:07,165 root                INFO: Train: Epoch  66: train loss 0.0217
2022-01-19 23:10:07,886 root                INFO: Train: Epoch  67: train loss 0.0247
2022-01-19 23:10:08,632 root                INFO: Train: Epoch  68: train loss 0.0203
2022-01-19 23:10:09,439 root                INFO: Train: Epoch  69: train loss 0.0248
2022-01-19 23:10:10,198 root                INFO: Train: Epoch  70: train loss 0.0226
2022-01-19 23:10:10,964 root                INFO: Train: Epoch  71: train loss 0.0216
2022-01-19 23:10:11,680 root                INFO: Train: Epoch  72: train loss 0.0222
2022-01-19 23:10:12,385 root                INFO: Train: Epoch  73: train loss 0.0215
2022-01-19 23:10:13,176 root                INFO: Train: Epoch  74: train loss 0.0234
2022-01-19 23:10:13,949 root                INFO: Train: Epoch  75: train loss 0.0206
2022-01-19 23:10:14,730 root                INFO: Train: Epoch  76: train loss 0.0207
2022-01-19 23:10:15,675 root                INFO: Train: Epoch  77: train loss 0.0225
2022-01-19 23:10:16,403 root                INFO: Train: Epoch  78: train loss 0.0190
2022-01-19 23:10:17,149 root                INFO: Train: Epoch  79: train loss 0.0209
2022-01-19 23:10:17,904 root                INFO: Train: Epoch  80: train loss 0.0206
2022-01-19 23:10:18,617 root                INFO: Train: Epoch  81: train loss 0.0218
2022-01-19 23:10:19,329 root                INFO: Train: Epoch  82: train loss 0.0204
2022-01-19 23:10:20,060 root                INFO: Train: Epoch  83: train loss 0.0228
2022-01-19 23:10:20,751 root                INFO: Train: Epoch  84: train loss 0.0200
2022-01-19 23:10:21,499 root                INFO: Train: Epoch  85: train loss 0.0215
2022-01-19 23:10:22,267 root                INFO: Train: Epoch  86: train loss 0.0212
2022-01-19 23:10:22,938 root                INFO: Train: Epoch  87: train loss 0.0210
2022-01-19 23:10:23,663 root                INFO: Train: Epoch  88: train loss 0.0216
2022-01-19 23:10:24,543 root                INFO: Train: Epoch  89: train loss 0.0207
2022-01-19 23:10:25,275 root                INFO: Train: Epoch  90: train loss 0.0200
2022-01-19 23:10:26,001 root                INFO: Train: Epoch  91: train loss 0.0199
2022-01-19 23:10:26,728 root                INFO: Train: Epoch  92: train loss 0.0202
2022-01-19 23:10:27,504 root                INFO: Train: Epoch  93: train loss 0.0213
2022-01-19 23:10:28,261 root                INFO: Train: Epoch  94: train loss 0.0195
2022-01-19 23:10:28,999 root                INFO: Train: Epoch  95: train loss 0.0194
2022-01-19 23:10:29,750 root                INFO: Train: Epoch  96: train loss 0.0175
2022-01-19 23:10:30,478 root                INFO: Train: Epoch  97: train loss 0.0191
2022-01-19 23:10:31,229 root                INFO: Train: Epoch  98: train loss 0.0186
2022-01-19 23:10:32,055 root                INFO: Train: Epoch  99: train loss 0.0179
2022-01-19 23:10:32,794 root                INFO: Train: Epoch 100: train loss 0.0194
2022-01-19 23:10:33,570 root                INFO: Train: Epoch 101: train loss 0.0185
2022-01-19 23:10:34,280 root                INFO: Train: Epoch 102: train loss 0.0187
2022-01-19 23:10:35,241 root                INFO: Train: Epoch 103: train loss 0.0192
2022-01-19 23:10:35,986 root                INFO: Train: Epoch 104: train loss 0.0155
2022-01-19 23:10:36,717 root                INFO: Train: Epoch 105: train loss 0.0199
2022-01-19 23:10:37,453 root                INFO: Train: Epoch 106: train loss 0.0183
2022-01-19 23:10:38,189 root                INFO: Train: Epoch 107: train loss 0.0182
2022-01-19 23:10:38,891 root                INFO: Train: Epoch 108: train loss 0.0180
2022-01-19 23:10:39,690 root                INFO: Train: Epoch 109: train loss 0.0175
2022-01-19 23:10:40,457 root                INFO: Train: Epoch 110: train loss 0.0174
2022-01-19 23:10:41,218 root                INFO: Train: Epoch 111: train loss 0.0189
2022-01-19 23:10:41,954 root                INFO: Train: Epoch 112: train loss 0.0170
2022-01-19 23:10:42,715 root                INFO: Train: Epoch 113: train loss 0.0166
2022-01-19 23:10:43,458 root                INFO: Train: Epoch 114: train loss 0.0193
2022-01-19 23:10:44,221 root                INFO: Train: Epoch 115: train loss 0.0178
2022-01-19 23:10:45,014 root                INFO: Train: Epoch 116: train loss 0.0197
2022-01-19 23:10:45,790 root                INFO: Train: Epoch 117: train loss 0.0210
2022-01-19 23:10:46,548 root                INFO: Train: Epoch 118: train loss 0.0189
2022-01-19 23:10:47,304 root                INFO: Train: Epoch 119: train loss 0.0185
2022-01-19 23:10:48,099 root                INFO: Train: Epoch 120: train loss 0.0220
2022-01-19 23:10:48,760 root                INFO: Train: Epoch 121: train loss 0.0197
2022-01-19 23:10:49,576 root                INFO: Train: Epoch 122: train loss 0.0206
2022-01-19 23:10:50,272 root                INFO: Train: Epoch 123: train loss 0.0207
2022-01-19 23:10:50,964 root                INFO: Train: Epoch 124: train loss 0.0199
2022-01-19 23:10:51,700 root                INFO: Train: Epoch 125: train loss 0.0170
2022-01-19 23:10:52,646 root                INFO: Train: Epoch 126: train loss 0.0153
2022-01-19 23:10:53,324 root                INFO: Train: Epoch 127: train loss 0.0211
2022-01-19 23:10:54,009 root                INFO: Train: Epoch 128: train loss 0.0201
2022-01-19 23:10:54,706 root                INFO: Train: Epoch 129: train loss 0.0158
2022-01-19 23:10:55,372 root                INFO: Train: Epoch 130: train loss 0.0161
2022-01-19 23:10:56,097 root                INFO: Train: Epoch 131: train loss 0.0167
2022-01-19 23:10:56,839 root                INFO: Train: Epoch 132: train loss 0.0184
2022-01-19 23:10:57,538 root                INFO: Train: Epoch 133: train loss 0.0179
2022-01-19 23:10:58,264 root                INFO: Train: Epoch 134: train loss 0.0159
2022-01-19 23:10:59,004 root                INFO: Train: Epoch 135: train loss 0.0162
2022-01-19 23:10:59,708 root                INFO: Train: Epoch 136: train loss 0.0179
2022-01-19 23:11:00,465 root                INFO: Train: Epoch 137: train loss 0.0161
2022-01-19 23:11:01,194 root                INFO: Train: Epoch 138: train loss 0.0181
2022-01-19 23:11:01,871 root                INFO: Train: Epoch 139: train loss 0.0164
2022-01-19 23:11:02,590 root                INFO: Train: Epoch 140: train loss 0.0152
2022-01-19 23:11:03,339 root                INFO: Train: Epoch 141: train loss 0.0207
2022-01-19 23:11:04,006 root                INFO: Train: Epoch 142: train loss 0.0173
2022-01-19 23:11:04,718 root                INFO: Train: Epoch 143: train loss 0.0207
2022-01-19 23:11:05,430 root                INFO: Train: Epoch 144: train loss 0.0188
2022-01-19 23:11:06,171 root                INFO: Train: Epoch 145: train loss 0.0195
2022-01-19 23:11:06,842 root                INFO: Train: Epoch 146: train loss 0.0165
2022-01-19 23:11:07,538 root                INFO: Train: Epoch 147: train loss 0.0148
2022-01-19 23:11:08,463 root                INFO: Train: Epoch 148: train loss 0.0178
2022-01-19 23:11:09,211 root                INFO: Train: Epoch 149: train loss 0.0171
2022-01-19 23:11:09,924 root                INFO: Train: Epoch 150: train loss 0.0162
2022-01-19 23:11:10,647 root                INFO: Train: Epoch 151: train loss 0.0178
2022-01-19 23:11:11,437 root                INFO: Train: Epoch 152: train loss 0.0176
2022-01-19 23:11:12,177 root                INFO: Train: Epoch 153: train loss 0.0189
2022-01-19 23:11:12,993 root                INFO: Train: Epoch 154: train loss 0.0145
2022-01-19 23:11:13,780 root                INFO: Train: Epoch 155: train loss 0.0162
2022-01-19 23:11:14,554 root                INFO: Train: Epoch 156: train loss 0.0172
2022-01-19 23:11:15,318 root                INFO: Train: Epoch 157: train loss 0.0139
2022-01-19 23:11:16,127 root                INFO: Train: Epoch 158: train loss 0.0167
2022-01-19 23:11:16,833 root                INFO: Train: Epoch 159: train loss 0.0142
2022-01-19 23:11:17,538 root                INFO: Train: Epoch 160: train loss 0.0163
2022-01-19 23:11:18,266 root                INFO: Train: Epoch 161: train loss 0.0169
2022-01-19 23:11:18,989 root                INFO: Train: Epoch 162: train loss 0.0134
2022-01-19 23:11:19,729 root                INFO: Train: Epoch 163: train loss 0.0172
2022-01-19 23:11:20,519 root                INFO: Train: Epoch 164: train loss 0.0127
2022-01-19 23:11:21,224 root                INFO: Train: Epoch 165: train loss 0.0164
2022-01-19 23:11:21,950 root                INFO: Train: Epoch 166: train loss 0.0158
2022-01-19 23:11:22,713 root                INFO: Train: Epoch 167: train loss 0.0157
2022-01-19 23:11:23,526 root                INFO: Train: Epoch 168: train loss 0.0152
2022-01-19 23:11:24,260 root                INFO: Train: Epoch 169: train loss 0.0157
2022-01-19 23:11:24,997 root                INFO: Train: Epoch 170: train loss 0.0143
2022-01-19 23:11:25,735 root                INFO: Train: Epoch 171: train loss 0.0167
2022-01-19 23:11:26,389 root                INFO: Train: Epoch 172: train loss 0.0129
2022-01-19 23:11:27,213 root                INFO: Train: Epoch 173: train loss 0.0157
2022-01-19 23:11:28,110 root                INFO: Train: Epoch 174: train loss 0.0162
2022-01-19 23:11:28,827 root                INFO: Train: Epoch 175: train loss 0.0148
2022-01-19 23:11:29,576 root                INFO: Train: Epoch 176: train loss 0.0160
2022-01-19 23:11:30,244 root                INFO: Train: Epoch 177: train loss 0.0149
2022-01-19 23:11:30,932 root                INFO: Train: Epoch 178: train loss 0.0150
2022-01-19 23:11:31,690 root                INFO: Train: Epoch 179: train loss 0.0142
2022-01-19 23:11:32,438 root                INFO: Train: Epoch 180: train loss 0.0141
2022-01-19 23:11:33,122 root                INFO: Train: Epoch 181: train loss 0.0161
2022-01-19 23:11:33,812 root                INFO: Train: Epoch 182: train loss 0.0158
2022-01-19 23:11:34,524 root                INFO: Train: Epoch 183: train loss 0.0145
2022-01-19 23:11:35,185 root                INFO: Train: Epoch 184: train loss 0.0154
2022-01-19 23:11:35,899 root                INFO: Train: Epoch 185: train loss 0.0158
2022-01-19 23:11:36,588 root                INFO: Train: Epoch 186: train loss 0.0178
2022-01-19 23:11:37,271 root                INFO: Train: Epoch 187: train loss 0.0134
2022-01-19 23:11:38,005 root                INFO: Train: Epoch 188: train loss 0.0122
2022-01-19 23:11:38,775 root                INFO: Train: Epoch 189: train loss 0.0154
2022-01-19 23:11:39,468 root                INFO: Train: Epoch 190: train loss 0.0138
2022-01-19 23:11:40,192 root                INFO: Train: Epoch 191: train loss 0.0167
2022-01-19 23:11:40,922 root                INFO: Train: Epoch 192: train loss 0.0125
2022-01-19 23:11:41,605 root                INFO: Train: Epoch 193: train loss 0.0164
2022-01-19 23:11:42,301 root                INFO: Train: Epoch 194: train loss 0.0168
2022-01-19 23:11:43,032 root                INFO: Train: Epoch 195: train loss 0.0139
2022-01-19 23:11:43,713 root                INFO: Train: Epoch 196: train loss 0.0139
2022-01-19 23:11:45,750 root                INFO: Valid: Epoch 196: kendall tau 0.7329; loss 0.1674
2022-01-19 23:11:46,427 root                INFO: Train: Epoch 197: train loss 0.0143
2022-01-19 23:11:48,387 root                INFO: Valid: Epoch 197: kendall tau 0.7215; loss 0.1751
2022-01-19 23:11:49,089 root                INFO: Train: Epoch 198: train loss 0.0141
2022-01-19 23:11:51,061 root                INFO: Valid: Epoch 198: kendall tau 0.7422; loss 0.1872
2022-01-19 23:11:51,976 root                INFO: Train: Epoch 199: train loss 0.0148
2022-01-19 23:11:54,047 root                INFO: Valid: Epoch 199: kendall tau 0.7682; loss 0.197
2022-01-19 23:11:54,734 root                INFO: Train: Epoch 200: train loss 0.0140
2022-01-19 23:11:56,818 root                INFO: Valid: Epoch 200: kendall tau 0.7750; loss 0.2025
2022-01-19 23:11:56,825 root                INFO: Epoch 200: Save checkpoint to nb1shot1_ablation_scale/true/0.1_0.05/12/2021/200.ckpt
2022-01-19 23:11:59,006 root                INFO: [0.0, 0.3888888888888889, 0.4861111111111111, 0.6346153846153846, 0.7311385459533608, 0.8902606310013718, 1.0]
2022-01-19 23:11:59,007 root                INFO: [28, 8]
