2022-01-20 15:54:27,993 root                INFO: GPU device = 7
2022-01-20 15:54:27,994 root                INFO: Load pkl cache from nasbench301_train.pkl and nasbench301_valid.pkl
2022-01-20 15:54:28,886 root                INFO: Config: {'arch_network_cfg': {'arch_embedder_cfg': {'take_adj_as_input': True, 'gcn_kwargs': {'residual_only': 2}, 'gcn_out_dims': [64, 64, 64, 64, 64], 'hidden_dim': 32, 'node_dim': 32, 'op_dim': 32, 'use_bn': False, 'final_concat': False, 'other_node_zero': False, 'num_time_steps': 4, 'fb_conversion_dims': [64, 64], 'backward_gcn_out_dims': [64, 64, 64, 64, 64], 'updateopemb_method': 'concat_ofb', 'updateopemb_dims': [64], 'share_skip_and_outskip': True, 'detach_vinfo': False, 'updateopemb_scale': 0.1, 'updateopemb_detach_opemb': True, 'updateopemb_detach_finfo': True, 'mask_nonparametrized_ops': True, 'symmetry_breaking_method': 'param_zs_add', 'concat_param_zs_as_opemb_dimension': 5, 'concat_param_zs_as_opemb_scale': 1.0}, 'arch_embedder_type': 'cellss-fbflow', 'compare_loss_type': 'margin_linear', 'compare_margin': 0.1, 'mlp_dropout': 0.1, 'mlp_hiddens': [200], 'optimizer': {'lr': 0.001, 'type': 'Adam'}, 'scheduler': None}, 'arch_network_type': 'pointwise_comparator', 'batch_size': 128, 'choose_pair_criterion': 'random', 'compare': True, 'compare_threshold': 0.0, 'epochs': 200, 'max_compare_ratio': 16.0}
2022-01-20 15:54:32,206 root                INFO: Combined args: Namespace(arch_network_type='pointwise_comparator', batch_size=128, cfg_file='cfgs/nb301_cfgs/gates_true_masktrue.yaml', choose_pair_criterion='random', compare=True, compare_threshold=0.0, epochs=200, eval_only_last=1, gpu=7, load=None, max_compare_ratio=16.0, num_workers=4, report_freq=200, save_every=200, save_predict=None, seed=202121, test_funcs=None, test_only=False, train_dir='nb301_ablation_mask/true/true_0.01/1/202121', train_pkl='../mynas/data/nasbench-301/nasbench301_train_mtx_1.pkl', train_ratio=0.01, valid_pkl='../mynas/data/nasbench-301/nasbench301_valid_mtx.pkl')
2022-01-20 15:54:32,216 root                INFO: Train dataset ratio: 0.010
2022-01-20 15:54:32,216 root                INFO: Number of architectures: train: 58; valid: 51072
2022-01-20 15:54:48,402 root                INFO: Train: Epoch   1: train loss 0.1006
2022-01-20 15:54:49,211 root                INFO: Train: Epoch   2: train loss 0.0998
2022-01-20 15:54:50,005 root                INFO: Train: Epoch   3: train loss 0.0985
2022-01-20 15:54:50,736 root                INFO: Train: Epoch   4: train loss 0.0987
2022-01-20 15:54:51,528 root                INFO: Train: Epoch   5: train loss 0.0966
2022-01-20 15:54:52,281 root                INFO: Train: Epoch   6: train loss 0.0949
2022-01-20 15:54:53,022 root                INFO: Train: Epoch   7: train loss 0.0926
2022-01-20 15:54:53,801 root                INFO: Train: Epoch   8: train loss 0.0897
2022-01-20 15:54:54,576 root                INFO: Train: Epoch   9: train loss 0.0839
2022-01-20 15:54:55,355 root                INFO: Train: Epoch  10: train loss 0.0785
2022-01-20 15:54:56,127 root                INFO: Train: Epoch  11: train loss 0.0718
2022-01-20 15:54:56,905 root                INFO: Train: Epoch  12: train loss 0.0620
2022-01-20 15:54:57,700 root                INFO: Train: Epoch  13: train loss 0.0595
2022-01-20 15:54:58,510 root                INFO: Train: Epoch  14: train loss 0.0531
2022-01-20 15:54:59,288 root                INFO: Train: Epoch  15: train loss 0.0461
2022-01-20 15:55:00,068 root                INFO: Train: Epoch  16: train loss 0.0425
2022-01-20 15:55:00,887 root                INFO: Train: Epoch  17: train loss 0.0402
2022-01-20 15:55:01,651 root                INFO: Train: Epoch  18: train loss 0.0369
2022-01-20 15:55:02,422 root                INFO: Train: Epoch  19: train loss 0.0351
2022-01-20 15:55:03,209 root                INFO: Train: Epoch  20: train loss 0.0345
2022-01-20 15:55:04,046 root                INFO: Train: Epoch  21: train loss 0.0329
2022-01-20 15:55:04,846 root                INFO: Train: Epoch  22: train loss 0.0339
2022-01-20 15:55:05,647 root                INFO: Train: Epoch  23: train loss 0.0316
2022-01-20 15:55:06,419 root                INFO: Train: Epoch  24: train loss 0.0317
2022-01-20 15:55:07,194 root                INFO: Train: Epoch  25: train loss 0.0283
2022-01-20 15:55:07,943 root                INFO: Train: Epoch  26: train loss 0.0278
2022-01-20 15:55:08,709 root                INFO: Train: Epoch  27: train loss 0.0267
2022-01-20 15:55:09,504 root                INFO: Train: Epoch  28: train loss 0.0241
2022-01-20 15:55:10,284 root                INFO: Train: Epoch  29: train loss 0.0239
2022-01-20 15:55:11,063 root                INFO: Train: Epoch  30: train loss 0.0215
2022-01-20 15:55:11,799 root                INFO: Train: Epoch  31: train loss 0.0226
2022-01-20 15:55:12,584 root                INFO: Train: Epoch  32: train loss 0.0217
2022-01-20 15:55:13,360 root                INFO: Train: Epoch  33: train loss 0.0186
2022-01-20 15:55:14,121 root                INFO: Train: Epoch  34: train loss 0.0172
2022-01-20 15:55:14,889 root                INFO: Train: Epoch  35: train loss 0.0181
2022-01-20 15:55:15,629 root                INFO: Train: Epoch  36: train loss 0.0179
2022-01-20 15:55:16,391 root                INFO: Train: Epoch  37: train loss 0.0161
2022-01-20 15:55:17,161 root                INFO: Train: Epoch  38: train loss 0.0129
2022-01-20 15:55:17,895 root                INFO: Train: Epoch  39: train loss 0.0142
2022-01-20 15:55:18,643 root                INFO: Train: Epoch  40: train loss 0.0138
2022-01-20 15:55:19,376 root                INFO: Train: Epoch  41: train loss 0.0135
2022-01-20 15:55:20,138 root                INFO: Train: Epoch  42: train loss 0.0149
2022-01-20 15:55:20,890 root                INFO: Train: Epoch  43: train loss 0.0137
2022-01-20 15:55:21,612 root                INFO: Train: Epoch  44: train loss 0.0114
2022-01-20 15:55:22,356 root                INFO: Train: Epoch  45: train loss 0.0116
2022-01-20 15:55:23,140 root                INFO: Train: Epoch  46: train loss 0.0114
2022-01-20 15:55:23,908 root                INFO: Train: Epoch  47: train loss 0.0111
2022-01-20 15:55:24,642 root                INFO: Train: Epoch  48: train loss 0.0105
2022-01-20 15:55:25,363 root                INFO: Train: Epoch  49: train loss 0.0105
2022-01-20 15:55:26,104 root                INFO: Train: Epoch  50: train loss 0.0112
2022-01-20 15:55:26,868 root                INFO: Train: Epoch  51: train loss 0.0092
2022-01-20 15:55:27,595 root                INFO: Train: Epoch  52: train loss 0.0098
2022-01-20 15:55:28,341 root                INFO: Train: Epoch  53: train loss 0.0089
2022-01-20 15:55:29,092 root                INFO: Train: Epoch  54: train loss 0.0104
2022-01-20 15:55:29,838 root                INFO: Train: Epoch  55: train loss 0.0080
2022-01-20 15:55:30,583 root                INFO: Train: Epoch  56: train loss 0.0110
2022-01-20 15:55:31,318 root                INFO: Train: Epoch  57: train loss 0.0092
2022-01-20 15:55:32,057 root                INFO: Train: Epoch  58: train loss 0.0071
2022-01-20 15:55:32,792 root                INFO: Train: Epoch  59: train loss 0.0084
2022-01-20 15:55:33,557 root                INFO: Train: Epoch  60: train loss 0.0072
2022-01-20 15:55:34,277 root                INFO: Train: Epoch  61: train loss 0.0079
2022-01-20 15:55:35,008 root                INFO: Train: Epoch  62: train loss 0.0063
2022-01-20 15:55:35,718 root                INFO: Train: Epoch  63: train loss 0.0076
2022-01-20 15:55:36,449 root                INFO: Train: Epoch  64: train loss 0.0086
2022-01-20 15:55:37,184 root                INFO: Train: Epoch  65: train loss 0.0058
2022-01-20 15:55:37,929 root                INFO: Train: Epoch  66: train loss 0.0066
2022-01-20 15:55:38,657 root                INFO: Train: Epoch  67: train loss 0.0084
2022-01-20 15:55:39,420 root                INFO: Train: Epoch  68: train loss 0.0053
2022-01-20 15:55:40,144 root                INFO: Train: Epoch  69: train loss 0.0060
2022-01-20 15:55:40,852 root                INFO: Train: Epoch  70: train loss 0.0057
2022-01-20 15:55:41,572 root                INFO: Train: Epoch  71: train loss 0.0058
2022-01-20 15:55:42,299 root                INFO: Train: Epoch  72: train loss 0.0047
2022-01-20 15:55:43,038 root                INFO: Train: Epoch  73: train loss 0.0052
2022-01-20 15:55:43,749 root                INFO: Train: Epoch  74: train loss 0.0052
2022-01-20 15:55:44,451 root                INFO: Train: Epoch  75: train loss 0.0057
2022-01-20 15:55:45,175 root                INFO: Train: Epoch  76: train loss 0.0060
2022-01-20 15:55:45,945 root                INFO: Train: Epoch  77: train loss 0.0059
2022-01-20 15:55:46,701 root                INFO: Train: Epoch  78: train loss 0.0055
2022-01-20 15:55:47,484 root                INFO: Train: Epoch  79: train loss 0.0049
2022-01-20 15:55:48,282 root                INFO: Train: Epoch  80: train loss 0.0053
2022-01-20 15:55:49,034 root                INFO: Train: Epoch  81: train loss 0.0038
2022-01-20 15:55:49,821 root                INFO: Train: Epoch  82: train loss 0.0047
2022-01-20 15:55:50,604 root                INFO: Train: Epoch  83: train loss 0.0061
2022-01-20 15:55:51,383 root                INFO: Train: Epoch  84: train loss 0.0041
2022-01-20 15:55:52,181 root                INFO: Train: Epoch  85: train loss 0.0044
2022-01-20 15:55:52,933 root                INFO: Train: Epoch  86: train loss 0.0033
2022-01-20 15:55:53,647 root                INFO: Train: Epoch  87: train loss 0.0042
2022-01-20 15:55:54,378 root                INFO: Train: Epoch  88: train loss 0.0039
2022-01-20 15:55:55,081 root                INFO: Train: Epoch  89: train loss 0.0036
2022-01-20 15:55:55,749 root                INFO: Train: Epoch  90: train loss 0.0036
2022-01-20 15:55:56,445 root                INFO: Train: Epoch  91: train loss 0.0037
2022-01-20 15:55:57,165 root                INFO: Train: Epoch  92: train loss 0.0065
2022-01-20 15:55:57,865 root                INFO: Train: Epoch  93: train loss 0.0045
2022-01-20 15:55:58,562 root                INFO: Train: Epoch  94: train loss 0.0045
2022-01-20 15:55:59,242 root                INFO: Train: Epoch  95: train loss 0.0035
2022-01-20 15:55:59,927 root                INFO: Train: Epoch  96: train loss 0.0040
2022-01-20 15:56:00,592 root                INFO: Train: Epoch  97: train loss 0.0063
2022-01-20 15:56:01,381 root                INFO: Train: Epoch  98: train loss 0.0040
2022-01-20 15:56:02,184 root                INFO: Train: Epoch  99: train loss 0.0029
2022-01-20 15:56:02,933 root                INFO: Train: Epoch 100: train loss 0.0054
2022-01-20 15:56:03,574 root                INFO: Train: Epoch 101: train loss 0.0046
2022-01-20 15:56:04,293 root                INFO: Train: Epoch 102: train loss 0.0047
2022-01-20 15:56:05,062 root                INFO: Train: Epoch 103: train loss 0.0032
2022-01-20 15:56:05,773 root                INFO: Train: Epoch 104: train loss 0.0045
2022-01-20 15:56:06,402 root                INFO: Train: Epoch 105: train loss 0.0043
2022-01-20 15:56:07,076 root                INFO: Train: Epoch 106: train loss 0.0055
2022-01-20 15:56:07,710 root                INFO: Train: Epoch 107: train loss 0.0044
2022-01-20 15:56:08,375 root                INFO: Train: Epoch 108: train loss 0.0045
2022-01-20 15:56:09,042 root                INFO: Train: Epoch 109: train loss 0.0048
2022-01-20 15:56:09,641 root                INFO: Train: Epoch 110: train loss 0.0035
2022-01-20 15:56:10,251 root                INFO: Train: Epoch 111: train loss 0.0053
2022-01-20 15:56:10,852 root                INFO: Train: Epoch 112: train loss 0.0044
2022-01-20 15:56:11,472 root                INFO: Train: Epoch 113: train loss 0.0033
2022-01-20 15:56:12,104 root                INFO: Train: Epoch 114: train loss 0.0069
2022-01-20 15:56:12,730 root                INFO: Train: Epoch 115: train loss 0.0039
2022-01-20 15:56:13,404 root                INFO: Train: Epoch 116: train loss 0.0050
2022-01-20 15:56:14,006 root                INFO: Train: Epoch 117: train loss 0.0059
2022-01-20 15:56:14,600 root                INFO: Train: Epoch 118: train loss 0.0043
2022-01-20 15:56:15,204 root                INFO: Train: Epoch 119: train loss 0.0050
2022-01-20 15:56:15,787 root                INFO: Train: Epoch 120: train loss 0.0038
2022-01-20 15:56:16,380 root                INFO: Train: Epoch 121: train loss 0.0034
2022-01-20 15:56:17,043 root                INFO: Train: Epoch 122: train loss 0.0039
2022-01-20 15:56:17,683 root                INFO: Train: Epoch 123: train loss 0.0051
2022-01-20 15:56:18,280 root                INFO: Train: Epoch 124: train loss 0.0026
2022-01-20 15:56:18,870 root                INFO: Train: Epoch 125: train loss 0.0057
2022-01-20 15:56:19,493 root                INFO: Train: Epoch 126: train loss 0.0051
2022-01-20 15:56:20,113 root                INFO: Train: Epoch 127: train loss 0.0042
2022-01-20 15:56:20,698 root                INFO: Train: Epoch 128: train loss 0.0039
2022-01-20 15:56:21,280 root                INFO: Train: Epoch 129: train loss 0.0039
2022-01-20 15:56:21,890 root                INFO: Train: Epoch 130: train loss 0.0025
2022-01-20 15:56:22,503 root                INFO: Train: Epoch 131: train loss 0.0039
2022-01-20 15:56:23,092 root                INFO: Train: Epoch 132: train loss 0.0033
2022-01-20 15:56:23,713 root                INFO: Train: Epoch 133: train loss 0.0033
2022-01-20 15:56:24,319 root                INFO: Train: Epoch 134: train loss 0.0036
2022-01-20 15:56:24,922 root                INFO: Train: Epoch 135: train loss 0.0038
2022-01-20 15:56:25,561 root                INFO: Train: Epoch 136: train loss 0.0029
2022-01-20 15:56:26,159 root                INFO: Train: Epoch 137: train loss 0.0027
2022-01-20 15:56:26,808 root                INFO: Train: Epoch 138: train loss 0.0024
2022-01-20 15:56:27,411 root                INFO: Train: Epoch 139: train loss 0.0033
2022-01-20 15:56:28,065 root                INFO: Train: Epoch 140: train loss 0.0030
2022-01-20 15:56:28,684 root                INFO: Train: Epoch 141: train loss 0.0028
2022-01-20 15:56:29,304 root                INFO: Train: Epoch 142: train loss 0.0033
2022-01-20 15:56:29,924 root                INFO: Train: Epoch 143: train loss 0.0027
2022-01-20 15:56:30,555 root                INFO: Train: Epoch 144: train loss 0.0022
2022-01-20 15:56:31,137 root                INFO: Train: Epoch 145: train loss 0.0031
2022-01-20 15:56:31,709 root                INFO: Train: Epoch 146: train loss 0.0028
2022-01-20 15:56:32,277 root                INFO: Train: Epoch 147: train loss 0.0023
2022-01-20 15:56:32,866 root                INFO: Train: Epoch 148: train loss 0.0027
2022-01-20 15:56:33,447 root                INFO: Train: Epoch 149: train loss 0.0033
2022-01-20 15:56:34,155 root                INFO: Train: Epoch 150: train loss 0.0023
2022-01-20 15:56:34,787 root                INFO: Train: Epoch 151: train loss 0.0024
2022-01-20 15:56:35,384 root                INFO: Train: Epoch 152: train loss 0.0016
2022-01-20 15:56:36,183 root                INFO: Train: Epoch 153: train loss 0.0027
2022-01-20 15:56:36,843 root                INFO: Train: Epoch 154: train loss 0.0026
2022-01-20 15:56:37,499 root                INFO: Train: Epoch 155: train loss 0.0032
2022-01-20 15:56:38,168 root                INFO: Train: Epoch 156: train loss 0.0020
2022-01-20 15:56:38,844 root                INFO: Train: Epoch 157: train loss 0.0030
2022-01-20 15:56:39,515 root                INFO: Train: Epoch 158: train loss 0.0027
2022-01-20 15:56:40,205 root                INFO: Train: Epoch 159: train loss 0.0024
2022-01-20 15:56:40,879 root                INFO: Train: Epoch 160: train loss 0.0024
2022-01-20 15:56:41,532 root                INFO: Train: Epoch 161: train loss 0.0034
2022-01-20 15:56:42,195 root                INFO: Train: Epoch 162: train loss 0.0031
2022-01-20 15:56:42,843 root                INFO: Train: Epoch 163: train loss 0.0059
2022-01-20 15:56:43,453 root                INFO: Train: Epoch 164: train loss 0.0043
2022-01-20 15:56:44,072 root                INFO: Train: Epoch 165: train loss 0.0025
2022-01-20 15:56:44,811 root                INFO: Train: Epoch 166: train loss 0.0046
2022-01-20 15:56:45,651 root                INFO: Train: Epoch 167: train loss 0.0051
2022-01-20 15:56:46,439 root                INFO: Train: Epoch 168: train loss 0.0026
2022-01-20 15:56:47,223 root                INFO: Train: Epoch 169: train loss 0.0022
2022-01-20 15:56:48,066 root                INFO: Train: Epoch 170: train loss 0.0035
2022-01-20 15:56:48,733 root                INFO: Train: Epoch 171: train loss 0.0035
2022-01-20 15:56:49,354 root                INFO: Train: Epoch 172: train loss 0.0024
2022-01-20 15:56:49,927 root                INFO: Train: Epoch 173: train loss 0.0035
2022-01-20 15:56:50,564 root                INFO: Train: Epoch 174: train loss 0.0038
2022-01-20 15:56:51,195 root                INFO: Train: Epoch 175: train loss 0.0038
2022-01-20 15:56:51,792 root                INFO: Train: Epoch 176: train loss 0.0047
2022-01-20 15:56:52,385 root                INFO: Train: Epoch 177: train loss 0.0027
2022-01-20 15:56:52,984 root                INFO: Train: Epoch 178: train loss 0.0028
2022-01-20 15:56:53,580 root                INFO: Train: Epoch 179: train loss 0.0038
2022-01-20 15:56:54,221 root                INFO: Train: Epoch 180: train loss 0.0035
2022-01-20 15:56:54,835 root                INFO: Train: Epoch 181: train loss 0.0032
2022-01-20 15:56:55,437 root                INFO: Train: Epoch 182: train loss 0.0023
2022-01-20 15:56:56,022 root                INFO: Train: Epoch 183: train loss 0.0031
2022-01-20 15:56:56,610 root                INFO: Train: Epoch 184: train loss 0.0023
2022-01-20 15:56:57,232 root                INFO: Train: Epoch 185: train loss 0.0037
2022-01-20 15:56:57,842 root                INFO: Train: Epoch 186: train loss 0.0042
2022-01-20 15:56:58,411 root                INFO: Train: Epoch 187: train loss 0.0022
2022-01-20 15:56:58,982 root                INFO: Train: Epoch 188: train loss 0.0025
2022-01-20 15:56:59,651 root                INFO: Train: Epoch 189: train loss 0.0025
2022-01-20 15:57:00,264 root                INFO: Train: Epoch 190: train loss 0.0035
2022-01-20 15:57:00,849 root                INFO: Train: Epoch 191: train loss 0.0028
2022-01-20 15:57:01,415 root                INFO: Train: Epoch 192: train loss 0.0014
2022-01-20 15:57:01,986 root                INFO: Train: Epoch 193: train loss 0.0026
2022-01-20 15:57:02,612 root                INFO: Train: Epoch 194: train loss 0.0022
2022-01-20 15:57:03,196 root                INFO: Train: Epoch 195: train loss 0.0023
2022-01-20 15:57:03,796 root                INFO: Train: Epoch 196: train loss 0.0028
2022-01-20 15:57:04,397 root                INFO: Train: Epoch 197: train loss 0.0036
2022-01-20 15:57:04,976 root                INFO: Train: Epoch 198: train loss 0.0027
2022-01-20 15:57:05,564 root                INFO: Train: Epoch 199: train loss 0.0039
2022-01-20 15:57:06,183 root                INFO: Train: Epoch 200: train loss 0.0037
2022-01-20 15:57:23,152 root                INFO: Valid: Epoch 200: kendall tau 0.6134; loss 0.2136
2022-01-20 15:57:23,158 root                INFO: Epoch 200: Save checkpoint to nb301_ablation_mask/true/true_0.01/1/202121/200.ckpt
2022-01-20 15:57:39,956 root                INFO: [0.058823529411764705, 0.1568627450980392, 0.22156862745098038, 0.563650607128868, 0.6970824358723321, 0.8031015037593985, 1.0]
2022-01-20 15:57:39,957 root                INFO: [232, 215]
