2022-01-20 15:59:05,208 root                INFO: GPU device = 4
2022-01-20 15:59:05,209 root                INFO: Load pkl cache from nasbench301_train.pkl and nasbench301_valid.pkl
2022-01-20 15:59:06,160 root                INFO: Config: {'arch_network_cfg': {'arch_embedder_cfg': {'take_adj_as_input': True, 'gcn_kwargs': {'residual_only': 2}, 'gcn_out_dims': [64, 64, 64, 64, 64], 'hidden_dim': 32, 'node_dim': 32, 'op_dim': 32, 'use_bn': False, 'final_concat': False, 'other_node_zero': False, 'num_time_steps': 4, 'fb_conversion_dims': [64, 64], 'backward_gcn_out_dims': [64, 64, 64, 64, 64], 'updateopemb_method': 'concat_ofb', 'updateopemb_dims': [64], 'share_skip_and_outskip': True, 'detach_vinfo': False, 'updateopemb_scale': 0.1, 'updateopemb_detach_opemb': True, 'updateopemb_detach_finfo': True, 'mask_nonparametrized_ops': True, 'symmetry_breaking_method': 'param_zs_add', 'concat_param_zs_as_opemb_dimension': 5, 'concat_param_zs_as_opemb_scale': 1.0}, 'arch_embedder_type': 'cellss-fbflow', 'compare_loss_type': 'margin_linear', 'compare_margin': 0.1, 'mlp_dropout': 0.1, 'mlp_hiddens': [200], 'optimizer': {'lr': 0.001, 'type': 'Adam'}, 'scheduler': None}, 'arch_network_type': 'pointwise_comparator', 'batch_size': 128, 'choose_pair_criterion': 'random', 'compare': True, 'compare_threshold': 0.0, 'epochs': 200, 'max_compare_ratio': 16.0}
2022-01-20 15:59:09,311 root                INFO: Combined args: Namespace(arch_network_type='pointwise_comparator', batch_size=128, cfg_file='cfgs/nb301_cfgs/gates_true_masktrue.yaml', choose_pair_criterion='random', compare=True, compare_threshold=0.0, epochs=200, eval_only_last=1, gpu=4, load=None, max_compare_ratio=16.0, num_workers=4, report_freq=200, save_every=200, save_predict=None, seed=202121, test_funcs=None, test_only=False, train_dir='nb301_ablation_mask/true/true_0.05/1/202121', train_pkl='../mynas/data/nasbench-301/nasbench301_train_mtx_1.pkl', train_ratio=0.05, valid_pkl='../mynas/data/nasbench-301/nasbench301_valid_mtx.pkl')
2022-01-20 15:59:09,320 root                INFO: Train dataset ratio: 0.050
2022-01-20 15:59:09,321 root                INFO: Number of architectures: train: 294; valid: 51072
2022-01-20 15:59:25,198 root                INFO: Train: Epoch   1: train loss 0.0996
2022-01-20 15:59:26,288 root                INFO: Train: Epoch   2: train loss 0.0955
2022-01-20 15:59:27,325 root                INFO: Train: Epoch   3: train loss 0.0865
2022-01-20 15:59:28,396 root                INFO: Train: Epoch   4: train loss 0.0684
2022-01-20 15:59:29,492 root                INFO: Train: Epoch   5: train loss 0.0568
2022-01-20 15:59:30,576 root                INFO: Train: Epoch   6: train loss 0.0469
2022-01-20 15:59:31,649 root                INFO: Train: Epoch   7: train loss 0.0423
2022-01-20 15:59:32,695 root                INFO: Train: Epoch   8: train loss 0.0382
2022-01-20 15:59:33,759 root                INFO: Train: Epoch   9: train loss 0.0358
2022-01-20 15:59:34,830 root                INFO: Train: Epoch  10: train loss 0.0341
2022-01-20 15:59:35,899 root                INFO: Train: Epoch  11: train loss 0.0337
2022-01-20 15:59:36,997 root                INFO: Train: Epoch  12: train loss 0.0334
2022-01-20 15:59:38,097 root                INFO: Train: Epoch  13: train loss 0.0322
2022-01-20 15:59:39,187 root                INFO: Train: Epoch  14: train loss 0.0305
2022-01-20 15:59:40,249 root                INFO: Train: Epoch  15: train loss 0.0302
2022-01-20 15:59:41,336 root                INFO: Train: Epoch  16: train loss 0.0308
2022-01-20 15:59:42,469 root                INFO: Train: Epoch  17: train loss 0.0288
2022-01-20 15:59:43,531 root                INFO: Train: Epoch  18: train loss 0.0299
2022-01-20 15:59:44,667 root                INFO: Train: Epoch  19: train loss 0.0281
2022-01-20 15:59:45,731 root                INFO: Train: Epoch  20: train loss 0.0279
2022-01-20 15:59:46,791 root                INFO: Train: Epoch  21: train loss 0.0279
2022-01-20 15:59:47,868 root                INFO: Train: Epoch  22: train loss 0.0262
2022-01-20 15:59:49,030 root                INFO: Train: Epoch  23: train loss 0.0261
2022-01-20 15:59:50,145 root                INFO: Train: Epoch  24: train loss 0.0232
2022-01-20 15:59:51,207 root                INFO: Train: Epoch  25: train loss 0.0250
2022-01-20 15:59:52,250 root                INFO: Train: Epoch  26: train loss 0.0240
2022-01-20 15:59:53,300 root                INFO: Train: Epoch  27: train loss 0.0238
2022-01-20 15:59:54,346 root                INFO: Train: Epoch  28: train loss 0.0250
2022-01-20 15:59:55,481 root                INFO: Train: Epoch  29: train loss 0.0227
2022-01-20 15:59:56,588 root                INFO: Train: Epoch  30: train loss 0.0225
2022-01-20 15:59:57,736 root                INFO: Train: Epoch  31: train loss 0.0225
2022-01-20 15:59:58,831 root                INFO: Train: Epoch  32: train loss 0.0223
2022-01-20 15:59:59,905 root                INFO: Train: Epoch  33: train loss 0.0204
2022-01-20 16:00:01,031 root                INFO: Train: Epoch  34: train loss 0.0204
2022-01-20 16:00:02,130 root                INFO: Train: Epoch  35: train loss 0.0194
2022-01-20 16:00:03,237 root                INFO: Train: Epoch  36: train loss 0.0198
2022-01-20 16:00:04,324 root                INFO: Train: Epoch  37: train loss 0.0188
2022-01-20 16:00:05,444 root                INFO: Train: Epoch  38: train loss 0.0197
2022-01-20 16:00:06,531 root                INFO: Train: Epoch  39: train loss 0.0207
2022-01-20 16:00:07,580 root                INFO: Train: Epoch  40: train loss 0.0174
2022-01-20 16:00:08,647 root                INFO: Train: Epoch  41: train loss 0.0201
2022-01-20 16:00:09,729 root                INFO: Train: Epoch  42: train loss 0.0194
2022-01-20 16:00:10,805 root                INFO: Train: Epoch  43: train loss 0.0173
2022-01-20 16:00:11,871 root                INFO: Train: Epoch  44: train loss 0.0185
2022-01-20 16:00:12,958 root                INFO: Train: Epoch  45: train loss 0.0170
2022-01-20 16:00:14,043 root                INFO: Train: Epoch  46: train loss 0.0177
2022-01-20 16:00:15,110 root                INFO: Train: Epoch  47: train loss 0.0161
2022-01-20 16:00:16,211 root                INFO: Train: Epoch  48: train loss 0.0160
2022-01-20 16:00:17,291 root                INFO: Train: Epoch  49: train loss 0.0168
2022-01-20 16:00:18,418 root                INFO: Train: Epoch  50: train loss 0.0167
2022-01-20 16:00:19,493 root                INFO: Train: Epoch  51: train loss 0.0159
2022-01-20 16:00:20,583 root                INFO: Train: Epoch  52: train loss 0.0168
2022-01-20 16:00:21,696 root                INFO: Train: Epoch  53: train loss 0.0164
2022-01-20 16:00:22,833 root                INFO: Train: Epoch  54: train loss 0.0182
2022-01-20 16:00:23,913 root                INFO: Train: Epoch  55: train loss 0.0164
2022-01-20 16:00:24,969 root                INFO: Train: Epoch  56: train loss 0.0172
2022-01-20 16:00:26,021 root                INFO: Train: Epoch  57: train loss 0.0182
2022-01-20 16:00:27,052 root                INFO: Train: Epoch  58: train loss 0.0163
2022-01-20 16:00:28,097 root                INFO: Train: Epoch  59: train loss 0.0171
2022-01-20 16:00:29,169 root                INFO: Train: Epoch  60: train loss 0.0163
2022-01-20 16:00:30,210 root                INFO: Train: Epoch  61: train loss 0.0169
2022-01-20 16:00:31,271 root                INFO: Train: Epoch  62: train loss 0.0163
2022-01-20 16:00:32,343 root                INFO: Train: Epoch  63: train loss 0.0146
2022-01-20 16:00:33,417 root                INFO: Train: Epoch  64: train loss 0.0137
2022-01-20 16:00:34,485 root                INFO: Train: Epoch  65: train loss 0.0164
2022-01-20 16:00:35,576 root                INFO: Train: Epoch  66: train loss 0.0143
2022-01-20 16:00:36,646 root                INFO: Train: Epoch  67: train loss 0.0134
2022-01-20 16:00:37,715 root                INFO: Train: Epoch  68: train loss 0.0128
2022-01-20 16:00:38,789 root                INFO: Train: Epoch  69: train loss 0.0143
2022-01-20 16:00:39,822 root                INFO: Train: Epoch  70: train loss 0.0143
2022-01-20 16:00:40,918 root                INFO: Train: Epoch  71: train loss 0.0132
2022-01-20 16:00:42,021 root                INFO: Train: Epoch  72: train loss 0.0138
2022-01-20 16:00:43,099 root                INFO: Train: Epoch  73: train loss 0.0128
2022-01-20 16:00:44,146 root                INFO: Train: Epoch  74: train loss 0.0131
2022-01-20 16:00:45,181 root                INFO: Train: Epoch  75: train loss 0.0134
2022-01-20 16:00:46,285 root                INFO: Train: Epoch  76: train loss 0.0128
2022-01-20 16:00:47,476 root                INFO: Train: Epoch  77: train loss 0.0123
2022-01-20 16:00:48,588 root                INFO: Train: Epoch  78: train loss 0.0118
2022-01-20 16:00:49,701 root                INFO: Train: Epoch  79: train loss 0.0118
2022-01-20 16:00:50,785 root                INFO: Train: Epoch  80: train loss 0.0119
2022-01-20 16:00:51,840 root                INFO: Train: Epoch  81: train loss 0.0117
2022-01-20 16:00:52,921 root                INFO: Train: Epoch  82: train loss 0.0109
2022-01-20 16:00:54,065 root                INFO: Train: Epoch  83: train loss 0.0105
2022-01-20 16:00:55,159 root                INFO: Train: Epoch  84: train loss 0.0121
2022-01-20 16:00:56,265 root                INFO: Train: Epoch  85: train loss 0.0124
2022-01-20 16:00:57,365 root                INFO: Train: Epoch  86: train loss 0.0116
2022-01-20 16:00:58,414 root                INFO: Train: Epoch  87: train loss 0.0093
2022-01-20 16:00:59,449 root                INFO: Train: Epoch  88: train loss 0.0109
2022-01-20 16:01:00,630 root                INFO: Train: Epoch  89: train loss 0.0102
2022-01-20 16:01:01,758 root                INFO: Train: Epoch  90: train loss 0.0107
2022-01-20 16:01:02,824 root                INFO: Train: Epoch  91: train loss 0.0098
2022-01-20 16:01:03,916 root                INFO: Train: Epoch  92: train loss 0.0116
2022-01-20 16:01:05,006 root                INFO: Train: Epoch  93: train loss 0.0099
2022-01-20 16:01:06,068 root                INFO: Train: Epoch  94: train loss 0.0102
2022-01-20 16:01:07,142 root                INFO: Train: Epoch  95: train loss 0.0115
2022-01-20 16:01:08,255 root                INFO: Train: Epoch  96: train loss 0.0137
2022-01-20 16:01:09,320 root                INFO: Train: Epoch  97: train loss 0.0117
2022-01-20 16:01:10,405 root                INFO: Train: Epoch  98: train loss 0.0130
2022-01-20 16:01:11,447 root                INFO: Train: Epoch  99: train loss 0.0117
2022-01-20 16:01:12,543 root                INFO: Train: Epoch 100: train loss 0.0109
2022-01-20 16:01:13,634 root                INFO: Train: Epoch 101: train loss 0.0122
2022-01-20 16:01:14,758 root                INFO: Train: Epoch 102: train loss 0.0104
2022-01-20 16:01:15,834 root                INFO: Train: Epoch 103: train loss 0.0107
2022-01-20 16:01:16,912 root                INFO: Train: Epoch 104: train loss 0.0100
2022-01-20 16:01:17,955 root                INFO: Train: Epoch 105: train loss 0.0095
2022-01-20 16:01:19,002 root                INFO: Train: Epoch 106: train loss 0.0106
2022-01-20 16:01:20,075 root                INFO: Train: Epoch 107: train loss 0.0094
2022-01-20 16:01:21,129 root                INFO: Train: Epoch 108: train loss 0.0106
2022-01-20 16:01:22,187 root                INFO: Train: Epoch 109: train loss 0.0101
2022-01-20 16:01:23,167 root                INFO: Train: Epoch 110: train loss 0.0094
2022-01-20 16:01:24,172 root                INFO: Train: Epoch 111: train loss 0.0083
2022-01-20 16:01:25,234 root                INFO: Train: Epoch 112: train loss 0.0098
2022-01-20 16:01:26,276 root                INFO: Train: Epoch 113: train loss 0.0091
2022-01-20 16:01:27,336 root                INFO: Train: Epoch 114: train loss 0.0087
2022-01-20 16:01:28,355 root                INFO: Train: Epoch 115: train loss 0.0095
2022-01-20 16:01:29,434 root                INFO: Train: Epoch 116: train loss 0.0086
2022-01-20 16:01:30,540 root                INFO: Train: Epoch 117: train loss 0.0093
2022-01-20 16:01:31,662 root                INFO: Train: Epoch 118: train loss 0.0085
2022-01-20 16:01:32,771 root                INFO: Train: Epoch 119: train loss 0.0099
2022-01-20 16:01:33,875 root                INFO: Train: Epoch 120: train loss 0.0079
2022-01-20 16:01:34,994 root                INFO: Train: Epoch 121: train loss 0.0087
2022-01-20 16:01:36,084 root                INFO: Train: Epoch 122: train loss 0.0088
2022-01-20 16:01:37,225 root                INFO: Train: Epoch 123: train loss 0.0083
2022-01-20 16:01:38,385 root                INFO: Train: Epoch 124: train loss 0.0084
2022-01-20 16:01:39,503 root                INFO: Train: Epoch 125: train loss 0.0078
2022-01-20 16:01:40,614 root                INFO: Train: Epoch 126: train loss 0.0096
2022-01-20 16:01:41,741 root                INFO: Train: Epoch 127: train loss 0.0088
2022-01-20 16:01:42,839 root                INFO: Train: Epoch 128: train loss 0.0083
2022-01-20 16:01:43,921 root                INFO: Train: Epoch 129: train loss 0.0092
2022-01-20 16:01:45,036 root                INFO: Train: Epoch 130: train loss 0.0090
2022-01-20 16:01:46,135 root                INFO: Train: Epoch 131: train loss 0.0075
2022-01-20 16:01:47,281 root                INFO: Train: Epoch 132: train loss 0.0092
2022-01-20 16:01:48,423 root                INFO: Train: Epoch 133: train loss 0.0092
2022-01-20 16:01:49,538 root                INFO: Train: Epoch 134: train loss 0.0100
2022-01-20 16:01:50,659 root                INFO: Train: Epoch 135: train loss 0.0111
2022-01-20 16:01:51,760 root                INFO: Train: Epoch 136: train loss 0.0133
2022-01-20 16:01:52,873 root                INFO: Train: Epoch 137: train loss 0.0126
2022-01-20 16:01:53,973 root                INFO: Train: Epoch 138: train loss 0.0148
2022-01-20 16:01:55,088 root                INFO: Train: Epoch 139: train loss 0.0114
2022-01-20 16:01:56,157 root                INFO: Train: Epoch 140: train loss 0.0121
2022-01-20 16:01:57,214 root                INFO: Train: Epoch 141: train loss 0.0111
2022-01-20 16:01:58,259 root                INFO: Train: Epoch 142: train loss 0.0105
2022-01-20 16:01:59,360 root                INFO: Train: Epoch 143: train loss 0.0089
2022-01-20 16:02:00,444 root                INFO: Train: Epoch 144: train loss 0.0084
2022-01-20 16:02:01,528 root                INFO: Train: Epoch 145: train loss 0.0080
2022-01-20 16:02:02,568 root                INFO: Train: Epoch 146: train loss 0.0085
2022-01-20 16:02:03,543 root                INFO: Train: Epoch 147: train loss 0.0080
2022-01-20 16:02:04,565 root                INFO: Train: Epoch 148: train loss 0.0066
2022-01-20 16:02:05,618 root                INFO: Train: Epoch 149: train loss 0.0079
2022-01-20 16:02:06,701 root                INFO: Train: Epoch 150: train loss 0.0066
2022-01-20 16:02:07,772 root                INFO: Train: Epoch 151: train loss 0.0059
2022-01-20 16:02:08,841 root                INFO: Train: Epoch 152: train loss 0.0066
2022-01-20 16:02:09,916 root                INFO: Train: Epoch 153: train loss 0.0073
2022-01-20 16:02:10,953 root                INFO: Train: Epoch 154: train loss 0.0080
2022-01-20 16:02:11,970 root                INFO: Train: Epoch 155: train loss 0.0068
2022-01-20 16:02:13,037 root                INFO: Train: Epoch 156: train loss 0.0085
2022-01-20 16:02:14,107 root                INFO: Train: Epoch 157: train loss 0.0074
2022-01-20 16:02:15,180 root                INFO: Train: Epoch 158: train loss 0.0070
2022-01-20 16:02:16,218 root                INFO: Train: Epoch 159: train loss 0.0075
2022-01-20 16:02:17,301 root                INFO: Train: Epoch 160: train loss 0.0072
2022-01-20 16:02:18,350 root                INFO: Train: Epoch 161: train loss 0.0072
2022-01-20 16:02:19,378 root                INFO: Train: Epoch 162: train loss 0.0074
2022-01-20 16:02:20,415 root                INFO: Train: Epoch 163: train loss 0.0063
2022-01-20 16:02:21,461 root                INFO: Train: Epoch 164: train loss 0.0062
2022-01-20 16:02:22,567 root                INFO: Train: Epoch 165: train loss 0.0071
2022-01-20 16:02:23,658 root                INFO: Train: Epoch 166: train loss 0.0067
2022-01-20 16:02:24,729 root                INFO: Train: Epoch 167: train loss 0.0063
2022-01-20 16:02:25,775 root                INFO: Train: Epoch 168: train loss 0.0065
2022-01-20 16:02:26,798 root                INFO: Train: Epoch 169: train loss 0.0069
2022-01-20 16:02:27,836 root                INFO: Train: Epoch 170: train loss 0.0080
2022-01-20 16:02:28,869 root                INFO: Train: Epoch 171: train loss 0.0076
2022-01-20 16:02:29,929 root                INFO: Train: Epoch 172: train loss 0.0075
2022-01-20 16:02:31,010 root                INFO: Train: Epoch 173: train loss 0.0075
2022-01-20 16:02:32,078 root                INFO: Train: Epoch 174: train loss 0.0080
2022-01-20 16:02:33,160 root                INFO: Train: Epoch 175: train loss 0.0068
2022-01-20 16:02:34,249 root                INFO: Train: Epoch 176: train loss 0.0072
2022-01-20 16:02:35,327 root                INFO: Train: Epoch 177: train loss 0.0074
2022-01-20 16:02:36,439 root                INFO: Train: Epoch 178: train loss 0.0072
2022-01-20 16:02:37,574 root                INFO: Train: Epoch 179: train loss 0.0063
2022-01-20 16:02:38,654 root                INFO: Train: Epoch 180: train loss 0.0070
2022-01-20 16:02:39,748 root                INFO: Train: Epoch 181: train loss 0.0062
2022-01-20 16:02:40,837 root                INFO: Train: Epoch 182: train loss 0.0073
2022-01-20 16:02:41,878 root                INFO: Train: Epoch 183: train loss 0.0066
2022-01-20 16:02:42,895 root                INFO: Train: Epoch 184: train loss 0.0060
2022-01-20 16:02:43,937 root                INFO: Train: Epoch 185: train loss 0.0062
2022-01-20 16:02:45,026 root                INFO: Train: Epoch 186: train loss 0.0061
2022-01-20 16:02:46,100 root                INFO: Train: Epoch 187: train loss 0.0062
2022-01-20 16:02:47,149 root                INFO: Train: Epoch 188: train loss 0.0062
2022-01-20 16:02:48,233 root                INFO: Train: Epoch 189: train loss 0.0071
2022-01-20 16:02:49,338 root                INFO: Train: Epoch 190: train loss 0.0067
2022-01-20 16:02:50,350 root                INFO: Train: Epoch 191: train loss 0.0071
2022-01-20 16:02:51,430 root                INFO: Train: Epoch 192: train loss 0.0057
2022-01-20 16:02:52,494 root                INFO: Train: Epoch 193: train loss 0.0064
2022-01-20 16:02:53,601 root                INFO: Train: Epoch 194: train loss 0.0057
2022-01-20 16:02:54,741 root                INFO: Train: Epoch 195: train loss 0.0067
2022-01-20 16:02:55,852 root                INFO: Train: Epoch 196: train loss 0.0068
2022-01-20 16:02:56,949 root                INFO: Train: Epoch 197: train loss 0.0064
2022-01-20 16:02:58,044 root                INFO: Train: Epoch 198: train loss 0.0063
2022-01-20 16:02:59,113 root                INFO: Train: Epoch 199: train loss 0.0056
2022-01-20 16:03:00,141 root                INFO: Train: Epoch 200: train loss 0.0059
2022-01-20 16:03:16,325 root                INFO: Valid: Epoch 200: kendall tau 0.6951; loss 0.2147
2022-01-20 16:03:16,330 root                INFO: Epoch 200: Save checkpoint to nb301_ablation_mask/true/true_0.05/1/202121/200.ckpt
2022-01-20 16:03:32,582 root                INFO: [0.058823529411764705, 0.12941176470588237, 0.23529411764705882, 0.6243634939287113, 0.7701194439005287, 0.8475485588972431, 1.0]
2022-01-20 16:03:32,583 root                INFO: [340, 340]
