2022-01-21 17:31:04,677 root                INFO: GPU device = 6
2022-01-21 17:31:04,677 root                INFO: Load pkl cache from nasbench301_train.pkl and nasbench301_valid.pkl
2022-01-21 17:31:05,228 root                INFO: Config: {'arch_network_cfg': {'arch_embedder_cfg': {'take_adj_as_input': True, 'gcn_kwargs': {'residual_only': 2}, 'gcn_out_dims': [64, 64, 64, 64, 64], 'hidden_dim': 32, 'node_dim': 32, 'op_dim': 32, 'use_bn': False, 'final_concat': False, 'other_node_zero': False, 'num_time_steps': 2, 'fb_conversion_dims': [64, 64], 'backward_gcn_out_dims': [64, 64, 64, 64, 64], 'updateopemb_method': 'concat_ofb', 'updateopemb_dims': [64], 'share_skip_and_outskip': True, 'detach_vinfo': False, 'updateopemb_scale': 0.1, 'updateopemb_detach_opemb': True, 'updateopemb_detach_finfo': True, 'mask_nonparametrized_ops': True, 'symmetry_breaking_method': 'param_zs_add', 'concat_param_zs_as_opemb_dimension': 5, 'concat_param_zs_as_opemb_scale': 1.0}, 'arch_embedder_type': 'cellss-fbflow-anytime', 'compare_loss_type': 'margin_linear', 'compare_margin': 0.1, 'mlp_dropout': 0.1, 'mlp_hiddens': [200], 'mlp_out_dim': 1, 'optimizer': {'lr': 0.001, 'type': 'Adam'}, 'scheduler': None}, 'arch_network_type': 'pointwise_comparator', 'batch_size': 128, 'choose_pair_criterion': 'random', 'compare': False, 'compare_threshold': 0.0, 'epochs': 200, 'max_compare_ratio': 16.0}
2022-01-21 17:31:09,219 root                INFO: Combined args: Namespace(arch_network_type='pointwise_comparator', batch_size=128, cfg_file='cfgs/nb301_cfgs/tagates_anytime.yaml', choose_pair_criterion='random', compare=False, compare_threshold=0.0, epochs=200, eval_only_last=1, gpu=6, load=None, max_compare_ratio=16.0, num_workers=4, report_freq=200, save_every=200, save_predict=None, seed=21, test_funcs=None, test_only=False, train_dir='nb301_anytime_tagates/tagates_0.001/123/21', train_pkl='../mynas/data/nasbench-301/nasbench301_train_mtx_anytime_123.pkl', train_ratio=0.001, valid_pkl='../mynas/data/nasbench-301/nasbench301_valid_mtx_anytime.pkl')
2022-01-21 17:31:09,226 root                INFO: Train dataset ratio: 0.001
2022-01-21 17:31:09,227 root                INFO: Number of architectures: train: 5; valid: 51072
2022-01-21 17:31:23,153 root                INFO: Train: Epoch   1: train loss 0.3381
2022-01-21 17:31:23,593 root                INFO: Train: Epoch   2: train loss 0.3250
2022-01-21 17:31:24,041 root                INFO: Train: Epoch   3: train loss 0.3116
2022-01-21 17:31:24,494 root                INFO: Train: Epoch   4: train loss 0.2979
2022-01-21 17:31:24,953 root                INFO: Train: Epoch   5: train loss 0.2785
2022-01-21 17:31:25,435 root                INFO: Train: Epoch   6: train loss 0.2596
2022-01-21 17:31:25,941 root                INFO: Train: Epoch   7: train loss 0.2292
2022-01-21 17:31:26,370 root                INFO: Train: Epoch   8: train loss 0.1999
2022-01-21 17:31:26,818 root                INFO: Train: Epoch   9: train loss 0.1579
2022-01-21 17:31:27,273 root                INFO: Train: Epoch  10: train loss 0.1100
2022-01-21 17:31:27,758 root                INFO: Train: Epoch  11: train loss 0.0674
2022-01-21 17:31:28,221 root                INFO: Train: Epoch  12: train loss 0.0286
2022-01-21 17:31:28,673 root                INFO: Train: Epoch  13: train loss 0.0049
2022-01-21 17:31:29,142 root                INFO: Train: Epoch  14: train loss 0.0021
2022-01-21 17:31:29,617 root                INFO: Train: Epoch  15: train loss 0.0058
2022-01-21 17:31:30,108 root                INFO: Train: Epoch  16: train loss 0.0106
2022-01-21 17:31:30,598 root                INFO: Train: Epoch  17: train loss 0.0134
2022-01-21 17:31:31,065 root                INFO: Train: Epoch  18: train loss 0.0154
2022-01-21 17:31:31,551 root                INFO: Train: Epoch  19: train loss 0.0157
2022-01-21 17:31:32,058 root                INFO: Train: Epoch  20: train loss 0.0164
2022-01-21 17:31:32,541 root                INFO: Train: Epoch  21: train loss 0.0166
2022-01-21 17:31:33,040 root                INFO: Train: Epoch  22: train loss 0.0167
2022-01-21 17:31:33,517 root                INFO: Train: Epoch  23: train loss 0.0168
2022-01-21 17:31:33,982 root                INFO: Train: Epoch  24: train loss 0.0168
2022-01-21 17:31:34,456 root                INFO: Train: Epoch  25: train loss 0.0168
2022-01-21 17:31:34,927 root                INFO: Train: Epoch  26: train loss 0.0168
2022-01-21 17:31:35,391 root                INFO: Train: Epoch  27: train loss 0.0168
2022-01-21 17:31:35,887 root                INFO: Train: Epoch  28: train loss 0.0169
2022-01-21 17:31:36,373 root                INFO: Train: Epoch  29: train loss 0.0169
2022-01-21 17:31:36,854 root                INFO: Train: Epoch  30: train loss 0.0169
2022-01-21 17:31:37,329 root                INFO: Train: Epoch  31: train loss 0.0169
2022-01-21 17:31:37,801 root                INFO: Train: Epoch  32: train loss 0.0169
2022-01-21 17:31:38,280 root                INFO: Train: Epoch  33: train loss 0.0169
2022-01-21 17:31:38,769 root                INFO: Train: Epoch  34: train loss 0.0169
2022-01-21 17:31:39,291 root                INFO: Train: Epoch  35: train loss 0.0169
2022-01-21 17:31:39,805 root                INFO: Train: Epoch  36: train loss 0.0169
2022-01-21 17:31:40,275 root                INFO: Train: Epoch  37: train loss 0.0169
2022-01-21 17:31:40,790 root                INFO: Train: Epoch  38: train loss 0.0169
2022-01-21 17:31:41,281 root                INFO: Train: Epoch  39: train loss 0.0169
2022-01-21 17:31:41,765 root                INFO: Train: Epoch  40: train loss 0.0169
2022-01-21 17:31:42,253 root                INFO: Train: Epoch  41: train loss 0.0169
2022-01-21 17:31:42,735 root                INFO: Train: Epoch  42: train loss 0.0169
2022-01-21 17:31:43,204 root                INFO: Train: Epoch  43: train loss 0.0169
2022-01-21 17:31:43,694 root                INFO: Train: Epoch  44: train loss 0.0169
2022-01-21 17:31:44,178 root                INFO: Train: Epoch  45: train loss 0.0169
2022-01-21 17:31:44,633 root                INFO: Train: Epoch  46: train loss 0.0169
2022-01-21 17:31:45,157 root                INFO: Train: Epoch  47: train loss 0.0169
2022-01-21 17:31:45,654 root                INFO: Train: Epoch  48: train loss 0.0169
2022-01-21 17:31:46,147 root                INFO: Train: Epoch  49: train loss 0.0169
2022-01-21 17:31:46,634 root                INFO: Train: Epoch  50: train loss 0.0169
2022-01-21 17:31:47,139 root                INFO: Train: Epoch  51: train loss 0.0169
2022-01-21 17:31:47,626 root                INFO: Train: Epoch  52: train loss 0.0169
2022-01-21 17:31:48,134 root                INFO: Train: Epoch  53: train loss 0.0169
2022-01-21 17:31:48,629 root                INFO: Train: Epoch  54: train loss 0.0169
2022-01-21 17:31:49,123 root                INFO: Train: Epoch  55: train loss 0.0169
2022-01-21 17:31:49,626 root                INFO: Train: Epoch  56: train loss 0.0169
2022-01-21 17:31:50,085 root                INFO: Train: Epoch  57: train loss 0.0169
2022-01-21 17:31:50,554 root                INFO: Train: Epoch  58: train loss 0.0169
2022-01-21 17:31:51,037 root                INFO: Train: Epoch  59: train loss 0.0169
2022-01-21 17:31:51,523 root                INFO: Train: Epoch  60: train loss 0.0169
2022-01-21 17:31:52,023 root                INFO: Train: Epoch  61: train loss 0.0169
2022-01-21 17:31:52,538 root                INFO: Train: Epoch  62: train loss 0.0169
2022-01-21 17:31:53,046 root                INFO: Train: Epoch  63: train loss 0.0169
2022-01-21 17:31:53,557 root                INFO: Train: Epoch  64: train loss 0.0169
2022-01-21 17:31:54,093 root                INFO: Train: Epoch  65: train loss 0.0169
2022-01-21 17:31:54,598 root                INFO: Train: Epoch  66: train loss 0.0169
2022-01-21 17:31:55,112 root                INFO: Train: Epoch  67: train loss 0.0169
2022-01-21 17:31:55,595 root                INFO: Train: Epoch  68: train loss 0.0169
2022-01-21 17:31:56,056 root                INFO: Train: Epoch  69: train loss 0.0169
2022-01-21 17:31:56,519 root                INFO: Train: Epoch  70: train loss 0.0169
2022-01-21 17:31:56,975 root                INFO: Train: Epoch  71: train loss 0.0169
2022-01-21 17:31:57,457 root                INFO: Train: Epoch  72: train loss 0.0169
2022-01-21 17:31:57,951 root                INFO: Train: Epoch  73: train loss 0.0169
2022-01-21 17:31:58,453 root                INFO: Train: Epoch  74: train loss 0.0169
2022-01-21 17:31:58,945 root                INFO: Train: Epoch  75: train loss 0.0169
2022-01-21 17:31:59,434 root                INFO: Train: Epoch  76: train loss 0.0169
2022-01-21 17:31:59,922 root                INFO: Train: Epoch  77: train loss 0.0169
2022-01-21 17:32:00,403 root                INFO: Train: Epoch  78: train loss 0.0169
2022-01-21 17:32:00,891 root                INFO: Train: Epoch  79: train loss 0.0169
2022-01-21 17:32:01,368 root                INFO: Train: Epoch  80: train loss 0.0169
2022-01-21 17:32:01,825 root                INFO: Train: Epoch  81: train loss 0.0169
2022-01-21 17:32:02,297 root                INFO: Train: Epoch  82: train loss 0.0169
2022-01-21 17:32:02,762 root                INFO: Train: Epoch  83: train loss 0.0169
2022-01-21 17:32:03,244 root                INFO: Train: Epoch  84: train loss 0.0169
2022-01-21 17:32:03,737 root                INFO: Train: Epoch  85: train loss 0.0169
2022-01-21 17:32:04,228 root                INFO: Train: Epoch  86: train loss 0.0169
2022-01-21 17:32:04,696 root                INFO: Train: Epoch  87: train loss 0.0169
2022-01-21 17:32:05,198 root                INFO: Train: Epoch  88: train loss 0.0169
2022-01-21 17:32:05,663 root                INFO: Train: Epoch  89: train loss 0.0169
2022-01-21 17:32:06,083 root                INFO: Train: Epoch  90: train loss 0.0169
2022-01-21 17:32:06,540 root                INFO: Train: Epoch  91: train loss 0.0169
2022-01-21 17:32:07,007 root                INFO: Train: Epoch  92: train loss 0.0169
2022-01-21 17:32:07,473 root                INFO: Train: Epoch  93: train loss 0.0169
2022-01-21 17:32:07,971 root                INFO: Train: Epoch  94: train loss 0.0169
2022-01-21 17:32:08,441 root                INFO: Train: Epoch  95: train loss 0.0169
2022-01-21 17:32:08,914 root                INFO: Train: Epoch  96: train loss 0.0169
2022-01-21 17:32:09,382 root                INFO: Train: Epoch  97: train loss 0.0169
2022-01-21 17:32:09,856 root                INFO: Train: Epoch  98: train loss 0.0169
2022-01-21 17:32:10,335 root                INFO: Train: Epoch  99: train loss 0.0169
2022-01-21 17:32:10,818 root                INFO: Train: Epoch 100: train loss 0.0169
2022-01-21 17:32:11,327 root                INFO: Train: Epoch 101: train loss 0.0169
2022-01-21 17:32:11,819 root                INFO: Train: Epoch 102: train loss 0.0169
2022-01-21 17:32:12,308 root                INFO: Train: Epoch 103: train loss 0.0169
2022-01-21 17:32:12,783 root                INFO: Train: Epoch 104: train loss 0.0169
2022-01-21 17:32:13,283 root                INFO: Train: Epoch 105: train loss 0.0169
2022-01-21 17:32:13,807 root                INFO: Train: Epoch 106: train loss 0.0169
2022-01-21 17:32:14,322 root                INFO: Train: Epoch 107: train loss 0.0169
2022-01-21 17:32:14,791 root                INFO: Train: Epoch 108: train loss 0.0169
2022-01-21 17:32:15,283 root                INFO: Train: Epoch 109: train loss 0.0169
2022-01-21 17:32:15,774 root                INFO: Train: Epoch 110: train loss 0.0169
2022-01-21 17:32:16,266 root                INFO: Train: Epoch 111: train loss 0.0169
2022-01-21 17:32:16,755 root                INFO: Train: Epoch 112: train loss 0.0169
2022-01-21 17:32:17,257 root                INFO: Train: Epoch 113: train loss 0.0169
2022-01-21 17:32:17,743 root                INFO: Train: Epoch 114: train loss 0.0169
2022-01-21 17:32:18,214 root                INFO: Train: Epoch 115: train loss 0.0169
2022-01-21 17:32:18,679 root                INFO: Train: Epoch 116: train loss 0.0169
2022-01-21 17:32:19,189 root                INFO: Train: Epoch 117: train loss 0.0169
2022-01-21 17:32:19,698 root                INFO: Train: Epoch 118: train loss 0.0169
2022-01-21 17:32:20,158 root                INFO: Train: Epoch 119: train loss 0.0169
2022-01-21 17:32:20,653 root                INFO: Train: Epoch 120: train loss 0.0169
2022-01-21 17:32:21,154 root                INFO: Train: Epoch 121: train loss 0.0169
2022-01-21 17:32:21,632 root                INFO: Train: Epoch 122: train loss 0.0169
2022-01-21 17:32:22,107 root                INFO: Train: Epoch 123: train loss 0.0169
2022-01-21 17:32:22,588 root                INFO: Train: Epoch 124: train loss 0.0169
2022-01-21 17:32:23,086 root                INFO: Train: Epoch 125: train loss 0.0169
2022-01-21 17:32:23,529 root                INFO: Train: Epoch 126: train loss 0.0169
2022-01-21 17:32:24,012 root                INFO: Train: Epoch 127: train loss 0.0169
2022-01-21 17:32:24,517 root                INFO: Train: Epoch 128: train loss 0.0169
2022-01-21 17:32:25,001 root                INFO: Train: Epoch 129: train loss 0.0169
2022-01-21 17:32:25,507 root                INFO: Train: Epoch 130: train loss 0.0169
2022-01-21 17:32:25,998 root                INFO: Train: Epoch 131: train loss 0.0169
2022-01-21 17:32:26,486 root                INFO: Train: Epoch 132: train loss 0.0169
2022-01-21 17:32:26,951 root                INFO: Train: Epoch 133: train loss 0.0169
2022-01-21 17:32:27,423 root                INFO: Train: Epoch 134: train loss 0.0169
2022-01-21 17:32:27,893 root                INFO: Train: Epoch 135: train loss 0.0169
2022-01-21 17:32:28,434 root                INFO: Train: Epoch 136: train loss 0.0169
2022-01-21 17:32:28,914 root                INFO: Train: Epoch 137: train loss 0.0169
2022-01-21 17:32:29,417 root                INFO: Train: Epoch 138: train loss 0.0169
2022-01-21 17:32:29,898 root                INFO: Train: Epoch 139: train loss 0.0169
2022-01-21 17:32:30,381 root                INFO: Train: Epoch 140: train loss 0.0169
2022-01-21 17:32:30,857 root                INFO: Train: Epoch 141: train loss 0.0169
2022-01-21 17:32:31,322 root                INFO: Train: Epoch 142: train loss 0.0169
2022-01-21 17:32:31,782 root                INFO: Train: Epoch 143: train loss 0.0169
2022-01-21 17:32:32,268 root                INFO: Train: Epoch 144: train loss 0.0169
2022-01-21 17:32:32,742 root                INFO: Train: Epoch 145: train loss 0.0169
2022-01-21 17:32:33,208 root                INFO: Train: Epoch 146: train loss 0.0169
2022-01-21 17:32:33,707 root                INFO: Train: Epoch 147: train loss 0.0169
2022-01-21 17:32:34,190 root                INFO: Train: Epoch 148: train loss 0.0169
2022-01-21 17:32:34,649 root                INFO: Train: Epoch 149: train loss 0.0169
2022-01-21 17:32:35,103 root                INFO: Train: Epoch 150: train loss 0.0169
2022-01-21 17:32:35,594 root                INFO: Train: Epoch 151: train loss 0.0169
2022-01-21 17:32:36,083 root                INFO: Train: Epoch 152: train loss 0.0169
2022-01-21 17:32:36,545 root                INFO: Train: Epoch 153: train loss 0.0169
2022-01-21 17:32:37,026 root                INFO: Train: Epoch 154: train loss 0.0169
2022-01-21 17:32:37,500 root                INFO: Train: Epoch 155: train loss 0.0169
2022-01-21 17:32:37,986 root                INFO: Train: Epoch 156: train loss 0.0169
2022-01-21 17:32:38,472 root                INFO: Train: Epoch 157: train loss 0.0169
2022-01-21 17:32:38,948 root                INFO: Train: Epoch 158: train loss 0.0169
2022-01-21 17:32:39,420 root                INFO: Train: Epoch 159: train loss 0.0169
2022-01-21 17:32:39,899 root                INFO: Train: Epoch 160: train loss 0.0169
2022-01-21 17:32:40,371 root                INFO: Train: Epoch 161: train loss 0.0169
2022-01-21 17:32:40,881 root                INFO: Train: Epoch 162: train loss 0.0169
2022-01-21 17:32:41,375 root                INFO: Train: Epoch 163: train loss 0.0169
2022-01-21 17:32:41,867 root                INFO: Train: Epoch 164: train loss 0.0169
2022-01-21 17:32:42,368 root                INFO: Train: Epoch 165: train loss 0.0169
2022-01-21 17:32:42,847 root                INFO: Train: Epoch 166: train loss 0.0169
2022-01-21 17:32:43,328 root                INFO: Train: Epoch 167: train loss 0.0169
2022-01-21 17:32:43,809 root                INFO: Train: Epoch 168: train loss 0.0169
2022-01-21 17:32:44,286 root                INFO: Train: Epoch 169: train loss 0.0169
2022-01-21 17:32:44,757 root                INFO: Train: Epoch 170: train loss 0.0169
2022-01-21 17:32:45,243 root                INFO: Train: Epoch 171: train loss 0.0169
2022-01-21 17:32:45,713 root                INFO: Train: Epoch 172: train loss 0.0169
2022-01-21 17:32:46,198 root                INFO: Train: Epoch 173: train loss 0.0169
2022-01-21 17:32:46,661 root                INFO: Train: Epoch 174: train loss 0.0169
2022-01-21 17:32:47,168 root                INFO: Train: Epoch 175: train loss 0.0169
2022-01-21 17:32:47,657 root                INFO: Train: Epoch 176: train loss 0.0169
2022-01-21 17:32:48,150 root                INFO: Train: Epoch 177: train loss 0.0169
2022-01-21 17:32:48,631 root                INFO: Train: Epoch 178: train loss 0.0169
2022-01-21 17:32:49,138 root                INFO: Train: Epoch 179: train loss 0.0169
2022-01-21 17:32:49,652 root                INFO: Train: Epoch 180: train loss 0.0169
2022-01-21 17:32:50,162 root                INFO: Train: Epoch 181: train loss 0.0169
2022-01-21 17:32:50,706 root                INFO: Train: Epoch 182: train loss 0.0169
2022-01-21 17:32:51,220 root                INFO: Train: Epoch 183: train loss 0.0169
2022-01-21 17:32:51,717 root                INFO: Train: Epoch 184: train loss 0.0169
2022-01-21 17:32:52,185 root                INFO: Train: Epoch 185: train loss 0.0169
2022-01-21 17:32:52,648 root                INFO: Train: Epoch 186: train loss 0.0169
2022-01-21 17:32:53,110 root                INFO: Train: Epoch 187: train loss 0.0169
2022-01-21 17:32:53,586 root                INFO: Train: Epoch 188: train loss 0.0169
2022-01-21 17:32:54,051 root                INFO: Train: Epoch 189: train loss 0.0169
2022-01-21 17:32:54,525 root                INFO: Train: Epoch 190: train loss 0.0169
2022-01-21 17:32:54,974 root                INFO: Train: Epoch 191: train loss 0.0169
2022-01-21 17:32:55,443 root                INFO: Train: Epoch 192: train loss 0.0169
2022-01-21 17:32:55,887 root                INFO: Train: Epoch 193: train loss 0.0169
2022-01-21 17:32:56,349 root                INFO: Train: Epoch 194: train loss 0.0169
2022-01-21 17:32:56,866 root                INFO: Train: Epoch 195: train loss 0.0169
2022-01-21 17:32:57,334 root                INFO: Train: Epoch 196: train loss 0.0169
2022-01-21 17:32:57,809 root                INFO: Train: Epoch 197: train loss 0.0169
2022-01-21 17:32:58,285 root                INFO: Train: Epoch 198: train loss 0.0169
2022-01-21 17:32:58,712 root                INFO: Train: Epoch 199: train loss 0.0169
2022-01-21 17:32:59,147 root                INFO: Train: Epoch 200: train loss 0.0169
2022-01-21 17:33:13,473 root                INFO: Valid: Epoch 200: kendall tau 0.2356 0.0974; loss 0.01372 0.004756
2022-01-21 17:33:13,479 root                INFO: Epoch 200: Save checkpoint to nb301_anytime_tagates/tagates_0.001/123/21/200.ckpt
2022-01-21 17:33:27,607 root                INFO: [0.0, 0.0, 0.0, 0.11084998041519781, 0.16878793812414333, 0.6183035714285714, 1.0]
2022-01-21 17:33:27,608 root                INFO: [0.0, 0.0, 0.0, 0.07520564042303172, 0.17818680242803994, 0.6273887844611529, 1.0]
2022-01-21 17:33:27,608 root                INFO: [10559, 10163]
2022-01-21 17:33:27,608 root                INFO: [15966, 1099]
2022-01-21 22:05:31,384 root                INFO: GPU device = 6
2022-01-21 22:05:31,385 root                INFO: Load pkl cache from nasbench301_train.pkl and nasbench301_valid.pkl
2022-01-21 22:05:32,022 root                INFO: Config: {'arch_network_cfg': {'arch_embedder_cfg': {'take_adj_as_input': True, 'gcn_kwargs': {'residual_only': 2}, 'gcn_out_dims': [64, 64, 64, 64, 64], 'hidden_dim': 32, 'node_dim': 32, 'op_dim': 32, 'use_bn': False, 'final_concat': False, 'other_node_zero': False, 'num_time_steps': 2, 'fb_conversion_dims': [64, 64], 'backward_gcn_out_dims': [64, 64, 64, 64, 64], 'updateopemb_method': 'concat_ofb', 'updateopemb_dims': [64], 'share_skip_and_outskip': True, 'detach_vinfo': False, 'updateopemb_scale': 0.1, 'updateopemb_detach_opemb': True, 'updateopemb_detach_finfo': True, 'mask_nonparametrized_ops': True, 'symmetry_breaking_method': 'param_zs_add', 'concat_param_zs_as_opemb_dimension': 5, 'concat_param_zs_as_opemb_scale': 1.0}, 'arch_embedder_type': 'cellss-fbflow-anytime', 'compare_loss_type': 'margin_linear', 'compare_margin': 0.1, 'mlp_dropout': 0.1, 'mlp_hiddens': [200], 'mlp_out_dim': 1, 'optimizer': {'lr': 0.0001, 'type': 'Adam'}, 'scheduler': None}, 'arch_network_type': 'pointwise_comparator', 'batch_size': 128, 'choose_pair_criterion': 'random', 'compare': False, 'compare_threshold': 0.0, 'epochs': 200, 'max_compare_ratio': 16.0}
2022-01-21 22:05:36,647 root                INFO: Combined args: Namespace(arch_network_type='pointwise_comparator', batch_size=128, cfg_file='cfgs/nb301_cfgs/tagates_anytime.yaml', choose_pair_criterion='random', compare=False, compare_threshold=0.0, epochs=200, eval_only_last=1, gpu=6, load=None, max_compare_ratio=16.0, num_workers=4, report_freq=200, save_every=200, save_predict=None, seed=21, test_funcs=None, test_only=False, train_dir='nb301_anytime_tagates/tagates_0.001/123/21', train_pkl='../mynas/data/nasbench-301/nasbench301_train_mtx_anytime_123.pkl', train_ratio=0.001, valid_pkl='../mynas/data/nasbench-301/nasbench301_valid_mtx_anytime.pkl')
2022-01-21 22:05:36,662 root                INFO: Train dataset ratio: 0.001
2022-01-21 22:05:36,667 root                INFO: Number of architectures: train: 5; valid: 51072
2022-01-21 22:05:50,977 root                INFO: Train: Epoch   1: train loss 0.3381
2022-01-21 22:05:51,717 root                INFO: Train: Epoch   2: train loss 0.3360
2022-01-21 22:05:52,291 root                INFO: Train: Epoch   3: train loss 0.3343
2022-01-21 22:05:52,867 root                INFO: Train: Epoch   4: train loss 0.3333
2022-01-21 22:05:53,601 root                INFO: Train: Epoch   5: train loss 0.3307
2022-01-21 22:05:54,297 root                INFO: Train: Epoch   6: train loss 0.3304
2022-01-21 22:05:54,910 root                INFO: Train: Epoch   7: train loss 0.3284
2022-01-21 22:05:55,618 root                INFO: Train: Epoch   8: train loss 0.3272
2022-01-21 22:05:56,182 root                INFO: Train: Epoch   9: train loss 0.3246
2022-01-21 22:05:56,867 root                INFO: Train: Epoch  10: train loss 0.3239
2022-01-21 22:05:57,613 root                INFO: Train: Epoch  11: train loss 0.3234
2022-01-21 22:05:58,231 root                INFO: Train: Epoch  12: train loss 0.3225
2022-01-21 22:05:58,820 root                INFO: Train: Epoch  13: train loss 0.3195
2022-01-21 22:05:59,580 root                INFO: Train: Epoch  14: train loss 0.3164
2022-01-21 22:06:00,181 root                INFO: Train: Epoch  15: train loss 0.3167
2022-01-21 22:06:00,855 root                INFO: Train: Epoch  16: train loss 0.3158
2022-01-21 22:06:01,621 root                INFO: Train: Epoch  17: train loss 0.3137
2022-01-21 22:06:02,321 root                INFO: Train: Epoch  18: train loss 0.3121
2022-01-21 22:06:02,886 root                INFO: Train: Epoch  19: train loss 0.3099
2022-01-21 22:06:03,478 root                INFO: Train: Epoch  20: train loss 0.3106
2022-01-21 22:06:04,046 root                INFO: Train: Epoch  21: train loss 0.3065
2022-01-21 22:06:04,649 root                INFO: Train: Epoch  22: train loss 0.3044
2022-01-21 22:06:05,239 root                INFO: Train: Epoch  23: train loss 0.3053
2022-01-21 22:06:05,875 root                INFO: Train: Epoch  24: train loss 0.3026
2022-01-21 22:06:06,437 root                INFO: Train: Epoch  25: train loss 0.2995
2022-01-21 22:06:07,074 root                INFO: Train: Epoch  26: train loss 0.2959
2022-01-21 22:06:07,715 root                INFO: Train: Epoch  27: train loss 0.2950
2022-01-21 22:06:08,506 root                INFO: Train: Epoch  28: train loss 0.2927
2022-01-21 22:06:09,202 root                INFO: Train: Epoch  29: train loss 0.2908
2022-01-21 22:06:09,790 root                INFO: Train: Epoch  30: train loss 0.2864
2022-01-21 22:06:10,406 root                INFO: Train: Epoch  31: train loss 0.2859
2022-01-21 22:06:11,033 root                INFO: Train: Epoch  32: train loss 0.2852
2022-01-21 22:06:12,047 root                INFO: Train: Epoch  33: train loss 0.2806
2022-01-21 22:06:13,250 root                INFO: Train: Epoch  34: train loss 0.2763
2022-01-21 22:06:14,543 root                INFO: Train: Epoch  35: train loss 0.2734
2022-01-21 22:06:15,928 root                INFO: Train: Epoch  36: train loss 0.2738
2022-01-21 22:06:17,227 root                INFO: Train: Epoch  37: train loss 0.2689
2022-01-21 22:06:18,496 root                INFO: Train: Epoch  38: train loss 0.2672
2022-01-21 22:06:19,789 root                INFO: Train: Epoch  39: train loss 0.2639
2022-01-21 22:06:21,030 root                INFO: Train: Epoch  40: train loss 0.2614
2022-01-21 22:06:22,289 root                INFO: Train: Epoch  41: train loss 0.2551
2022-01-21 22:06:23,543 root                INFO: Train: Epoch  42: train loss 0.2541
2022-01-21 22:06:24,427 root                INFO: Train: Epoch  43: train loss 0.2502
2022-01-21 22:06:25,676 root                INFO: Train: Epoch  44: train loss 0.2445
2022-01-21 22:06:26,890 root                INFO: Train: Epoch  45: train loss 0.2371
2022-01-21 22:06:27,673 root                INFO: Train: Epoch  46: train loss 0.2371
2022-01-21 22:06:28,252 root                INFO: Train: Epoch  47: train loss 0.2337
2022-01-21 22:06:28,878 root                INFO: Train: Epoch  48: train loss 0.2267
2022-01-21 22:06:29,468 root                INFO: Train: Epoch  49: train loss 0.2185
2022-01-21 22:06:30,080 root                INFO: Train: Epoch  50: train loss 0.2130
2022-01-21 22:06:30,665 root                INFO: Train: Epoch  51: train loss 0.2105
2022-01-21 22:06:31,368 root                INFO: Train: Epoch  52: train loss 0.2052
2022-01-21 22:06:32,013 root                INFO: Train: Epoch  53: train loss 0.2019
2022-01-21 22:06:32,618 root                INFO: Train: Epoch  54: train loss 0.1947
2022-01-21 22:06:33,316 root                INFO: Train: Epoch  55: train loss 0.1850
2022-01-21 22:06:34,382 root                INFO: Train: Epoch  56: train loss 0.1778
2022-01-21 22:06:35,236 root                INFO: Train: Epoch  57: train loss 0.1733
2022-01-21 22:06:35,873 root                INFO: Train: Epoch  58: train loss 0.1619
2022-01-21 22:06:36,549 root                INFO: Train: Epoch  59: train loss 0.1575
2022-01-21 22:06:37,181 root                INFO: Train: Epoch  60: train loss 0.1485
2022-01-21 22:06:37,892 root                INFO: Train: Epoch  61: train loss 0.1430
2022-01-21 22:06:38,441 root                INFO: Train: Epoch  62: train loss 0.1272
2022-01-21 22:06:39,038 root                INFO: Train: Epoch  63: train loss 0.1303
2022-01-21 22:06:39,551 root                INFO: Train: Epoch  64: train loss 0.1154
2022-01-21 22:06:40,126 root                INFO: Train: Epoch  65: train loss 0.1111
2022-01-21 22:06:40,647 root                INFO: Train: Epoch  66: train loss 0.0985
2022-01-21 22:06:41,248 root                INFO: Train: Epoch  67: train loss 0.0974
2022-01-21 22:06:41,872 root                INFO: Train: Epoch  68: train loss 0.0834
2022-01-21 22:06:42,461 root                INFO: Train: Epoch  69: train loss 0.0781
2022-01-21 22:06:43,004 root                INFO: Train: Epoch  70: train loss 0.0689
2022-01-21 22:06:43,629 root                INFO: Train: Epoch  71: train loss 0.0660
2022-01-21 22:06:44,169 root                INFO: Train: Epoch  72: train loss 0.0571
2022-01-21 22:06:44,717 root                INFO: Train: Epoch  73: train loss 0.0475
2022-01-21 22:06:45,279 root                INFO: Train: Epoch  74: train loss 0.0434
2022-01-21 22:06:45,935 root                INFO: Train: Epoch  75: train loss 0.0410
2022-01-21 22:06:46,448 root                INFO: Train: Epoch  76: train loss 0.0307
2022-01-21 22:06:47,001 root                INFO: Train: Epoch  77: train loss 0.0228
2022-01-21 22:06:47,614 root                INFO: Train: Epoch  78: train loss 0.0219
2022-01-21 22:06:48,285 root                INFO: Train: Epoch  79: train loss 0.0168
2022-01-21 22:06:48,936 root                INFO: Train: Epoch  80: train loss 0.0143
2022-01-21 22:06:49,483 root                INFO: Train: Epoch  81: train loss 0.0126
2022-01-21 22:06:50,027 root                INFO: Train: Epoch  82: train loss 0.0108
2022-01-21 22:06:50,675 root                INFO: Train: Epoch  83: train loss 0.0079
2022-01-21 22:06:51,369 root                INFO: Train: Epoch  84: train loss 0.0056
2022-01-21 22:06:51,973 root                INFO: Train: Epoch  85: train loss 0.0057
2022-01-21 22:06:52,566 root                INFO: Train: Epoch  86: train loss 0.0032
2022-01-21 22:06:53,314 root                INFO: Train: Epoch  87: train loss 0.0021
2022-01-21 22:06:53,851 root                INFO: Train: Epoch  88: train loss 0.0027
2022-01-21 22:06:54,511 root                INFO: Train: Epoch  89: train loss 0.0013
2022-01-21 22:06:55,267 root                INFO: Train: Epoch  90: train loss 0.0010
2022-01-21 22:06:55,994 root                INFO: Train: Epoch  91: train loss 0.0010
2022-01-21 22:06:56,683 root                INFO: Train: Epoch  92: train loss 0.0015
2022-01-21 22:06:57,467 root                INFO: Train: Epoch  93: train loss 0.0004
2022-01-21 22:06:58,189 root                INFO: Train: Epoch  94: train loss 0.0006
2022-01-21 22:06:58,818 root                INFO: Train: Epoch  95: train loss 0.0014
2022-01-21 22:06:59,480 root                INFO: Train: Epoch  96: train loss 0.0012
2022-01-21 22:07:00,231 root                INFO: Train: Epoch  97: train loss 0.0010
2022-01-21 22:07:00,866 root                INFO: Train: Epoch  98: train loss 0.0011
2022-01-21 22:07:01,632 root                INFO: Train: Epoch  99: train loss 0.0010
2022-01-21 22:07:02,293 root                INFO: Train: Epoch 100: train loss 0.0010
2022-01-21 22:07:02,996 root                INFO: Train: Epoch 101: train loss 0.0012
2022-01-21 22:07:03,581 root                INFO: Train: Epoch 102: train loss 0.0012
2022-01-21 22:07:04,158 root                INFO: Train: Epoch 103: train loss 0.0015
2022-01-21 22:07:04,726 root                INFO: Train: Epoch 104: train loss 0.0011
2022-01-21 22:07:05,272 root                INFO: Train: Epoch 105: train loss 0.0014
2022-01-21 22:07:05,909 root                INFO: Train: Epoch 106: train loss 0.0015
2022-01-21 22:07:06,497 root                INFO: Train: Epoch 107: train loss 0.0011
2022-01-21 22:07:07,054 root                INFO: Train: Epoch 108: train loss 0.0017
2022-01-21 22:07:07,687 root                INFO: Train: Epoch 109: train loss 0.0017
2022-01-21 22:07:08,322 root                INFO: Train: Epoch 110: train loss 0.0017
2022-01-21 22:07:09,018 root                INFO: Train: Epoch 111: train loss 0.0018
2022-01-21 22:07:09,603 root                INFO: Train: Epoch 112: train loss 0.0012
2022-01-21 22:07:10,277 root                INFO: Train: Epoch 113: train loss 0.0013
2022-01-21 22:07:10,955 root                INFO: Train: Epoch 114: train loss 0.0011
2022-01-21 22:07:11,469 root                INFO: Train: Epoch 115: train loss 0.0010
2022-01-21 22:07:11,987 root                INFO: Train: Epoch 116: train loss 0.0012
2022-01-21 22:07:12,471 root                INFO: Train: Epoch 117: train loss 0.0017
2022-01-21 22:07:12,987 root                INFO: Train: Epoch 118: train loss 0.0014
2022-01-21 22:07:13,500 root                INFO: Train: Epoch 119: train loss 0.0014
2022-01-21 22:07:14,035 root                INFO: Train: Epoch 120: train loss 0.0016
2022-01-21 22:07:14,606 root                INFO: Train: Epoch 121: train loss 0.0013
2022-01-21 22:07:15,322 root                INFO: Train: Epoch 122: train loss 0.0011
2022-01-21 22:07:15,891 root                INFO: Train: Epoch 123: train loss 0.0013
2022-01-21 22:07:16,790 root                INFO: Train: Epoch 124: train loss 0.0007
2022-01-21 22:07:17,627 root                INFO: Train: Epoch 125: train loss 0.0009
2022-01-21 22:07:18,471 root                INFO: Train: Epoch 126: train loss 0.0008
2022-01-21 22:07:19,338 root                INFO: Train: Epoch 127: train loss 0.0007
2022-01-21 22:07:20,170 root                INFO: Train: Epoch 128: train loss 0.0011
2022-01-21 22:07:20,927 root                INFO: Train: Epoch 129: train loss 0.0012
2022-01-21 22:07:21,708 root                INFO: Train: Epoch 130: train loss 0.0011
2022-01-21 22:07:22,646 root                INFO: Train: Epoch 131: train loss 0.0007
2022-01-21 22:07:23,432 root                INFO: Train: Epoch 132: train loss 0.0007
2022-01-21 22:07:24,269 root                INFO: Train: Epoch 133: train loss 0.0011
2022-01-21 22:07:25,033 root                INFO: Train: Epoch 134: train loss 0.0005
2022-01-21 22:07:25,754 root                INFO: Train: Epoch 135: train loss 0.0008
2022-01-21 22:07:26,395 root                INFO: Train: Epoch 136: train loss 0.0008
2022-01-21 22:07:27,216 root                INFO: Train: Epoch 137: train loss 0.0011
2022-01-21 22:07:27,959 root                INFO: Train: Epoch 138: train loss 0.0006
2022-01-21 22:07:28,634 root                INFO: Train: Epoch 139: train loss 0.0008
2022-01-21 22:07:29,340 root                INFO: Train: Epoch 140: train loss 0.0004
2022-01-21 22:07:30,111 root                INFO: Train: Epoch 141: train loss 0.0005
2022-01-21 22:07:30,836 root                INFO: Train: Epoch 142: train loss 0.0006
2022-01-21 22:07:31,321 root                INFO: Train: Epoch 143: train loss 0.0007
2022-01-21 22:07:31,894 root                INFO: Train: Epoch 144: train loss 0.0005
2022-01-21 22:07:32,530 root                INFO: Train: Epoch 145: train loss 0.0004
2022-01-21 22:07:33,046 root                INFO: Train: Epoch 146: train loss 0.0007
2022-01-21 22:07:33,640 root                INFO: Train: Epoch 147: train loss 0.0008
2022-01-21 22:07:34,196 root                INFO: Train: Epoch 148: train loss 0.0009
2022-01-21 22:07:34,732 root                INFO: Train: Epoch 149: train loss 0.0010
2022-01-21 22:07:35,338 root                INFO: Train: Epoch 150: train loss 0.0004
2022-01-21 22:07:35,987 root                INFO: Train: Epoch 151: train loss 0.0006
2022-01-21 22:07:36,710 root                INFO: Train: Epoch 152: train loss 0.0003
2022-01-21 22:07:37,350 root                INFO: Train: Epoch 153: train loss 0.0006
2022-01-21 22:07:37,912 root                INFO: Train: Epoch 154: train loss 0.0010
2022-01-21 22:07:38,620 root                INFO: Train: Epoch 155: train loss 0.0006
2022-01-21 22:07:39,340 root                INFO: Train: Epoch 156: train loss 0.0007
2022-01-21 22:07:39,975 root                INFO: Train: Epoch 157: train loss 0.0009
2022-01-21 22:07:40,561 root                INFO: Train: Epoch 158: train loss 0.0005
2022-01-21 22:07:41,191 root                INFO: Train: Epoch 159: train loss 0.0009
2022-01-21 22:07:41,866 root                INFO: Train: Epoch 160: train loss 0.0006
2022-01-21 22:07:42,495 root                INFO: Train: Epoch 161: train loss 0.0006
2022-01-21 22:07:43,096 root                INFO: Train: Epoch 162: train loss 0.0006
2022-01-21 22:07:43,964 root                INFO: Train: Epoch 163: train loss 0.0005
2022-01-21 22:07:44,771 root                INFO: Train: Epoch 164: train loss 0.0007
2022-01-21 22:07:45,711 root                INFO: Train: Epoch 165: train loss 0.0007
2022-01-21 22:07:46,493 root                INFO: Train: Epoch 166: train loss 0.0006
2022-01-21 22:07:47,065 root                INFO: Train: Epoch 167: train loss 0.0009
2022-01-21 22:07:47,598 root                INFO: Train: Epoch 168: train loss 0.0009
2022-01-21 22:07:48,126 root                INFO: Train: Epoch 169: train loss 0.0010
2022-01-21 22:07:48,809 root                INFO: Train: Epoch 170: train loss 0.0004
2022-01-21 22:07:49,351 root                INFO: Train: Epoch 171: train loss 0.0012
2022-01-21 22:07:49,991 root                INFO: Train: Epoch 172: train loss 0.0006
2022-01-21 22:07:50,550 root                INFO: Train: Epoch 173: train loss 0.0006
2022-01-21 22:07:51,260 root                INFO: Train: Epoch 174: train loss 0.0004
2022-01-21 22:07:51,919 root                INFO: Train: Epoch 175: train loss 0.0008
2022-01-21 22:07:52,512 root                INFO: Train: Epoch 176: train loss 0.0009
2022-01-21 22:07:53,216 root                INFO: Train: Epoch 177: train loss 0.0008
2022-01-21 22:07:53,846 root                INFO: Train: Epoch 178: train loss 0.0007
2022-01-21 22:07:54,497 root                INFO: Train: Epoch 179: train loss 0.0005
2022-01-21 22:07:55,089 root                INFO: Train: Epoch 180: train loss 0.0003
2022-01-21 22:07:55,992 root                INFO: Train: Epoch 181: train loss 0.0005
2022-01-21 22:07:56,901 root                INFO: Train: Epoch 182: train loss 0.0011
2022-01-21 22:07:57,803 root                INFO: Train: Epoch 183: train loss 0.0008
2022-01-21 22:07:58,983 root                INFO: Train: Epoch 184: train loss 0.0006
2022-01-21 22:07:59,959 root                INFO: Train: Epoch 185: train loss 0.0009
2022-01-21 22:08:00,842 root                INFO: Train: Epoch 186: train loss 0.0005
2022-01-21 22:08:01,676 root                INFO: Train: Epoch 187: train loss 0.0005
2022-01-21 22:08:02,349 root                INFO: Train: Epoch 188: train loss 0.0009
2022-01-21 22:08:03,118 root                INFO: Train: Epoch 189: train loss 0.0007
2022-01-21 22:08:03,640 root                INFO: Train: Epoch 190: train loss 0.0006
2022-01-21 22:08:04,082 root                INFO: Train: Epoch 191: train loss 0.0009
2022-01-21 22:08:04,578 root                INFO: Train: Epoch 192: train loss 0.0009
2022-01-21 22:08:05,007 root                INFO: Train: Epoch 193: train loss 0.0008
2022-01-21 22:08:05,465 root                INFO: Train: Epoch 194: train loss 0.0004
2022-01-21 22:08:05,938 root                INFO: Train: Epoch 195: train loss 0.0004
2022-01-21 22:08:06,379 root                INFO: Train: Epoch 196: train loss 0.0008
2022-01-21 22:08:06,829 root                INFO: Train: Epoch 197: train loss 0.0005
2022-01-21 22:08:07,219 root                INFO: Train: Epoch 198: train loss 0.0009
2022-01-21 22:08:07,651 root                INFO: Train: Epoch 199: train loss 0.0004
2022-01-21 22:08:08,152 root                INFO: Train: Epoch 200: train loss 0.0009
2022-01-21 22:08:22,439 root                INFO: Valid: Epoch 200: kendall tau 0.2431 0.1857; loss 0.0004732 0.0003537
2022-01-21 22:08:22,446 root                INFO: Epoch 200: Save checkpoint to nb301_anytime_tagates/tagates_0.001/123/21/200.ckpt
2022-01-21 22:08:36,852 root                INFO: [0.0, 0.0, 0.0, 0.03525264394829612, 0.15390640297630703, 0.6371397243107769, 1.0]
2022-01-21 22:08:36,853 root                INFO: [0.0, 0.0, 0.0, 0.018018018018018018, 0.11024084589778735, 0.6048323934837093, 1.0]
2022-01-21 22:08:36,853 root                INFO: [3219, 3219]
2022-01-21 22:08:36,853 root                INFO: [3455, 3455]
