2022-01-21 17:40:41,597 root                INFO: GPU device = 6
2022-01-21 17:40:41,598 root                INFO: Load pkl cache from nasbench301_train.pkl and nasbench301_valid.pkl
2022-01-21 17:40:42,197 root                INFO: Config: {'arch_network_cfg': {'arch_embedder_cfg': {'take_adj_as_input': True, 'gcn_kwargs': {'residual_only': 2}, 'gcn_out_dims': [64, 64, 64, 64, 64], 'hidden_dim': 32, 'node_dim': 32, 'op_dim': 32, 'use_bn': False, 'final_concat': False, 'other_node_zero': False, 'num_time_steps': 2, 'fb_conversion_dims': [64, 64], 'backward_gcn_out_dims': [64, 64, 64, 64, 64], 'updateopemb_method': 'concat_ofb', 'updateopemb_dims': [64], 'share_skip_and_outskip': True, 'detach_vinfo': False, 'updateopemb_scale': 0.1, 'updateopemb_detach_opemb': True, 'updateopemb_detach_finfo': True, 'mask_nonparametrized_ops': True, 'symmetry_breaking_method': 'param_zs_add', 'concat_param_zs_as_opemb_dimension': 5, 'concat_param_zs_as_opemb_scale': 1.0}, 'arch_embedder_type': 'cellss-fbflow-anytime', 'compare_loss_type': 'margin_linear', 'compare_margin': 0.1, 'mlp_dropout': 0.1, 'mlp_hiddens': [200], 'mlp_out_dim': 1, 'optimizer': {'lr': 0.001, 'type': 'Adam'}, 'scheduler': None}, 'arch_network_type': 'pointwise_comparator', 'batch_size': 128, 'choose_pair_criterion': 'random', 'compare': False, 'compare_threshold': 0.0, 'epochs': 200, 'max_compare_ratio': 16.0}
2022-01-21 17:40:45,311 root                INFO: Combined args: Namespace(arch_network_type='pointwise_comparator', batch_size=128, cfg_file='cfgs/nb301_cfgs/tagates_anytime.yaml', choose_pair_criterion='random', compare=False, compare_threshold=0.0, epochs=200, eval_only_last=1, gpu=6, load=None, max_compare_ratio=16.0, num_workers=4, report_freq=200, save_every=200, save_predict=None, seed=202121, test_funcs=None, test_only=False, train_dir='nb301_anytime_tagates/tagates_0.05/12/202121', train_pkl='../mynas/data/nasbench-301/nasbench301_train_mtx_anytime_12.pkl', train_ratio=0.05, valid_pkl='../mynas/data/nasbench-301/nasbench301_valid_mtx_anytime.pkl')
2022-01-21 17:40:45,321 root                INFO: Train dataset ratio: 0.050
2022-01-21 17:40:45,322 root                INFO: Number of architectures: train: 294; valid: 51072
2022-01-21 17:40:58,766 root                INFO: Train: Epoch   1: train loss 0.3405
2022-01-21 17:40:59,333 root                INFO: Train: Epoch   2: train loss 0.3139
2022-01-21 17:40:59,920 root                INFO: Train: Epoch   3: train loss 0.2628
2022-01-21 17:41:00,503 root                INFO: Train: Epoch   4: train loss 0.1643
2022-01-21 17:41:01,085 root                INFO: Train: Epoch   5: train loss 0.0407
2022-01-21 17:41:01,641 root                INFO: Train: Epoch   6: train loss 0.0090
2022-01-21 17:41:02,229 root                INFO: Train: Epoch   7: train loss 0.0166
2022-01-21 17:41:02,810 root                INFO: Train: Epoch   8: train loss 0.0179
2022-01-21 17:41:03,393 root                INFO: Train: Epoch   9: train loss 0.0181
2022-01-21 17:41:03,963 root                INFO: Train: Epoch  10: train loss 0.0181
2022-01-21 17:41:04,538 root                INFO: Train: Epoch  11: train loss 0.0181
2022-01-21 17:41:05,134 root                INFO: Train: Epoch  12: train loss 0.0181
2022-01-21 17:41:05,699 root                INFO: Train: Epoch  13: train loss 0.0181
2022-01-21 17:41:06,279 root                INFO: Train: Epoch  14: train loss 0.0181
2022-01-21 17:41:06,838 root                INFO: Train: Epoch  15: train loss 0.0181
2022-01-21 17:41:07,418 root                INFO: Train: Epoch  16: train loss 0.0181
2022-01-21 17:41:07,986 root                INFO: Train: Epoch  17: train loss 0.0181
2022-01-21 17:41:08,586 root                INFO: Train: Epoch  18: train loss 0.0181
2022-01-21 17:41:09,174 root                INFO: Train: Epoch  19: train loss 0.0181
2022-01-21 17:41:09,750 root                INFO: Train: Epoch  20: train loss 0.0181
2022-01-21 17:41:10,353 root                INFO: Train: Epoch  21: train loss 0.0181
2022-01-21 17:41:10,913 root                INFO: Train: Epoch  22: train loss 0.0181
2022-01-21 17:41:11,502 root                INFO: Train: Epoch  23: train loss 0.0181
2022-01-21 17:41:12,082 root                INFO: Train: Epoch  24: train loss 0.0181
2022-01-21 17:41:12,671 root                INFO: Train: Epoch  25: train loss 0.0181
2022-01-21 17:41:13,242 root                INFO: Train: Epoch  26: train loss 0.0181
2022-01-21 17:41:13,819 root                INFO: Train: Epoch  27: train loss 0.0181
2022-01-21 17:41:14,416 root                INFO: Train: Epoch  28: train loss 0.0181
2022-01-21 17:41:15,018 root                INFO: Train: Epoch  29: train loss 0.0181
2022-01-21 17:41:15,584 root                INFO: Train: Epoch  30: train loss 0.0181
2022-01-21 17:41:16,188 root                INFO: Train: Epoch  31: train loss 0.0181
2022-01-21 17:41:16,770 root                INFO: Train: Epoch  32: train loss 0.0181
2022-01-21 17:41:17,359 root                INFO: Train: Epoch  33: train loss 0.0181
2022-01-21 17:41:17,947 root                INFO: Train: Epoch  34: train loss 0.0181
2022-01-21 17:41:18,534 root                INFO: Train: Epoch  35: train loss 0.0181
2022-01-21 17:41:19,107 root                INFO: Train: Epoch  36: train loss 0.0181
2022-01-21 17:41:19,693 root                INFO: Train: Epoch  37: train loss 0.0181
2022-01-21 17:41:20,266 root                INFO: Train: Epoch  38: train loss 0.0181
2022-01-21 17:41:20,861 root                INFO: Train: Epoch  39: train loss 0.0181
2022-01-21 17:41:21,463 root                INFO: Train: Epoch  40: train loss 0.0181
2022-01-21 17:41:22,045 root                INFO: Train: Epoch  41: train loss 0.0181
2022-01-21 17:41:22,659 root                INFO: Train: Epoch  42: train loss 0.0181
2022-01-21 17:41:23,256 root                INFO: Train: Epoch  43: train loss 0.0181
2022-01-21 17:41:23,833 root                INFO: Train: Epoch  44: train loss 0.0181
2022-01-21 17:41:24,429 root                INFO: Train: Epoch  45: train loss 0.0181
2022-01-21 17:41:25,010 root                INFO: Train: Epoch  46: train loss 0.0181
2022-01-21 17:41:25,618 root                INFO: Train: Epoch  47: train loss 0.0181
2022-01-21 17:41:26,202 root                INFO: Train: Epoch  48: train loss 0.0181
2022-01-21 17:41:26,769 root                INFO: Train: Epoch  49: train loss 0.0181
2022-01-21 17:41:27,364 root                INFO: Train: Epoch  50: train loss 0.0181
2022-01-21 17:41:27,945 root                INFO: Train: Epoch  51: train loss 0.0181
2022-01-21 17:41:28,529 root                INFO: Train: Epoch  52: train loss 0.0181
2022-01-21 17:41:29,099 root                INFO: Train: Epoch  53: train loss 0.0181
2022-01-21 17:41:29,678 root                INFO: Train: Epoch  54: train loss 0.0181
2022-01-21 17:41:30,258 root                INFO: Train: Epoch  55: train loss 0.0181
2022-01-21 17:41:30,806 root                INFO: Train: Epoch  56: train loss 0.0181
2022-01-21 17:41:31,357 root                INFO: Train: Epoch  57: train loss 0.0181
2022-01-21 17:41:31,906 root                INFO: Train: Epoch  58: train loss 0.0181
2022-01-21 17:41:32,506 root                INFO: Train: Epoch  59: train loss 0.0181
2022-01-21 17:41:33,046 root                INFO: Train: Epoch  60: train loss 0.0181
2022-01-21 17:41:33,586 root                INFO: Train: Epoch  61: train loss 0.0181
2022-01-21 17:41:34,152 root                INFO: Train: Epoch  62: train loss 0.0181
2022-01-21 17:41:34,704 root                INFO: Train: Epoch  63: train loss 0.0181
2022-01-21 17:41:35,272 root                INFO: Train: Epoch  64: train loss 0.0181
2022-01-21 17:41:35,830 root                INFO: Train: Epoch  65: train loss 0.0181
2022-01-21 17:41:36,367 root                INFO: Train: Epoch  66: train loss 0.0181
2022-01-21 17:41:36,896 root                INFO: Train: Epoch  67: train loss 0.0181
2022-01-21 17:41:37,443 root                INFO: Train: Epoch  68: train loss 0.0181
2022-01-21 17:41:38,026 root                INFO: Train: Epoch  69: train loss 0.0181
2022-01-21 17:41:38,589 root                INFO: Train: Epoch  70: train loss 0.0181
2022-01-21 17:41:39,146 root                INFO: Train: Epoch  71: train loss 0.0181
2022-01-21 17:41:39,694 root                INFO: Train: Epoch  72: train loss 0.0181
2022-01-21 17:41:40,234 root                INFO: Train: Epoch  73: train loss 0.0181
2022-01-21 17:41:40,780 root                INFO: Train: Epoch  74: train loss 0.0181
2022-01-21 17:41:41,316 root                INFO: Train: Epoch  75: train loss 0.0181
2022-01-21 17:41:41,850 root                INFO: Train: Epoch  76: train loss 0.0181
2022-01-21 17:41:42,425 root                INFO: Train: Epoch  77: train loss 0.0181
2022-01-21 17:41:42,993 root                INFO: Train: Epoch  78: train loss 0.0181
2022-01-21 17:41:43,548 root                INFO: Train: Epoch  79: train loss 0.0181
2022-01-21 17:41:44,094 root                INFO: Train: Epoch  80: train loss 0.0181
2022-01-21 17:41:44,675 root                INFO: Train: Epoch  81: train loss 0.0181
2022-01-21 17:41:45,246 root                INFO: Train: Epoch  82: train loss 0.0181
2022-01-21 17:41:45,791 root                INFO: Train: Epoch  83: train loss 0.0181
2022-01-21 17:41:46,362 root                INFO: Train: Epoch  84: train loss 0.0181
2022-01-21 17:41:46,934 root                INFO: Train: Epoch  85: train loss 0.0181
2022-01-21 17:41:47,496 root                INFO: Train: Epoch  86: train loss 0.0181
2022-01-21 17:41:48,053 root                INFO: Train: Epoch  87: train loss 0.0181
2022-01-21 17:41:48,605 root                INFO: Train: Epoch  88: train loss 0.0181
2022-01-21 17:41:49,170 root                INFO: Train: Epoch  89: train loss 0.0181
2022-01-21 17:41:49,724 root                INFO: Train: Epoch  90: train loss 0.0181
2022-01-21 17:41:50,273 root                INFO: Train: Epoch  91: train loss 0.0181
2022-01-21 17:41:50,829 root                INFO: Train: Epoch  92: train loss 0.0181
2022-01-21 17:41:51,402 root                INFO: Train: Epoch  93: train loss 0.0181
2022-01-21 17:41:51,953 root                INFO: Train: Epoch  94: train loss 0.0181
2022-01-21 17:41:52,530 root                INFO: Train: Epoch  95: train loss 0.0181
2022-01-21 17:41:53,077 root                INFO: Train: Epoch  96: train loss 0.0181
2022-01-21 17:41:53,625 root                INFO: Train: Epoch  97: train loss 0.0181
2022-01-21 17:41:54,177 root                INFO: Train: Epoch  98: train loss 0.0181
2022-01-21 17:41:54,748 root                INFO: Train: Epoch  99: train loss 0.0181
2022-01-21 17:41:55,360 root                INFO: Train: Epoch 100: train loss 0.0181
2022-01-21 17:41:55,933 root                INFO: Train: Epoch 101: train loss 0.0181
2022-01-21 17:41:56,497 root                INFO: Train: Epoch 102: train loss 0.0181
2022-01-21 17:41:57,037 root                INFO: Train: Epoch 103: train loss 0.0181
2022-01-21 17:41:57,605 root                INFO: Train: Epoch 104: train loss 0.0181
2022-01-21 17:41:58,166 root                INFO: Train: Epoch 105: train loss 0.0181
2022-01-21 17:41:58,721 root                INFO: Train: Epoch 106: train loss 0.0181
2022-01-21 17:41:59,292 root                INFO: Train: Epoch 107: train loss 0.0181
2022-01-21 17:41:59,861 root                INFO: Train: Epoch 108: train loss 0.0181
2022-01-21 17:42:00,424 root                INFO: Train: Epoch 109: train loss 0.0181
2022-01-21 17:42:00,978 root                INFO: Train: Epoch 110: train loss 0.0181
2022-01-21 17:42:01,556 root                INFO: Train: Epoch 111: train loss 0.0181
2022-01-21 17:42:02,134 root                INFO: Train: Epoch 112: train loss 0.0181
2022-01-21 17:42:02,744 root                INFO: Train: Epoch 113: train loss 0.0181
2022-01-21 17:42:03,317 root                INFO: Train: Epoch 114: train loss 0.0181
2022-01-21 17:42:03,871 root                INFO: Train: Epoch 115: train loss 0.0181
2022-01-21 17:42:04,438 root                INFO: Train: Epoch 116: train loss 0.0181
2022-01-21 17:42:05,055 root                INFO: Train: Epoch 117: train loss 0.0181
2022-01-21 17:42:05,685 root                INFO: Train: Epoch 118: train loss 0.0181
2022-01-21 17:42:06,322 root                INFO: Train: Epoch 119: train loss 0.0181
2022-01-21 17:42:06,953 root                INFO: Train: Epoch 120: train loss 0.0181
2022-01-21 17:42:07,579 root                INFO: Train: Epoch 121: train loss 0.0181
2022-01-21 17:42:08,159 root                INFO: Train: Epoch 122: train loss 0.0181
2022-01-21 17:42:08,771 root                INFO: Train: Epoch 123: train loss 0.0181
2022-01-21 17:42:09,358 root                INFO: Train: Epoch 124: train loss 0.0181
2022-01-21 17:42:09,925 root                INFO: Train: Epoch 125: train loss 0.0181
2022-01-21 17:42:10,496 root                INFO: Train: Epoch 126: train loss 0.0181
2022-01-21 17:42:11,054 root                INFO: Train: Epoch 127: train loss 0.0181
2022-01-21 17:42:11,649 root                INFO: Train: Epoch 128: train loss 0.0181
2022-01-21 17:42:12,236 root                INFO: Train: Epoch 129: train loss 0.0181
2022-01-21 17:42:12,822 root                INFO: Train: Epoch 130: train loss 0.0181
2022-01-21 17:42:13,411 root                INFO: Train: Epoch 131: train loss 0.0181
2022-01-21 17:42:13,960 root                INFO: Train: Epoch 132: train loss 0.0181
2022-01-21 17:42:14,532 root                INFO: Train: Epoch 133: train loss 0.0181
2022-01-21 17:42:15,106 root                INFO: Train: Epoch 134: train loss 0.0181
2022-01-21 17:42:15,680 root                INFO: Train: Epoch 135: train loss 0.0181
2022-01-21 17:42:16,267 root                INFO: Train: Epoch 136: train loss 0.0181
2022-01-21 17:42:16,909 root                INFO: Train: Epoch 137: train loss 0.0181
2022-01-21 17:42:17,509 root                INFO: Train: Epoch 138: train loss 0.0181
2022-01-21 17:42:18,083 root                INFO: Train: Epoch 139: train loss 0.0181
2022-01-21 17:42:18,685 root                INFO: Train: Epoch 140: train loss 0.0181
2022-01-21 17:42:19,313 root                INFO: Train: Epoch 141: train loss 0.0181
2022-01-21 17:42:19,938 root                INFO: Train: Epoch 142: train loss 0.0181
2022-01-21 17:42:20,538 root                INFO: Train: Epoch 143: train loss 0.0181
2022-01-21 17:42:21,120 root                INFO: Train: Epoch 144: train loss 0.0181
2022-01-21 17:42:21,706 root                INFO: Train: Epoch 145: train loss 0.0181
2022-01-21 17:42:22,287 root                INFO: Train: Epoch 146: train loss 0.0181
2022-01-21 17:42:22,871 root                INFO: Train: Epoch 147: train loss 0.0181
2022-01-21 17:42:23,437 root                INFO: Train: Epoch 148: train loss 0.0181
2022-01-21 17:42:24,016 root                INFO: Train: Epoch 149: train loss 0.0181
2022-01-21 17:42:24,597 root                INFO: Train: Epoch 150: train loss 0.0181
2022-01-21 17:42:25,189 root                INFO: Train: Epoch 151: train loss 0.0181
2022-01-21 17:42:25,758 root                INFO: Train: Epoch 152: train loss 0.0181
2022-01-21 17:42:26,334 root                INFO: Train: Epoch 153: train loss 0.0181
2022-01-21 17:42:26,920 root                INFO: Train: Epoch 154: train loss 0.0181
2022-01-21 17:42:27,507 root                INFO: Train: Epoch 155: train loss 0.0181
2022-01-21 17:42:28,059 root                INFO: Train: Epoch 156: train loss 0.0181
2022-01-21 17:42:28,644 root                INFO: Train: Epoch 157: train loss 0.0181
2022-01-21 17:42:29,209 root                INFO: Train: Epoch 158: train loss 0.0181
2022-01-21 17:42:29,789 root                INFO: Train: Epoch 159: train loss 0.0181
2022-01-21 17:42:30,371 root                INFO: Train: Epoch 160: train loss 0.0181
2022-01-21 17:42:30,954 root                INFO: Train: Epoch 161: train loss 0.0181
2022-01-21 17:42:31,529 root                INFO: Train: Epoch 162: train loss 0.0181
2022-01-21 17:42:32,131 root                INFO: Train: Epoch 163: train loss 0.0181
2022-01-21 17:42:32,711 root                INFO: Train: Epoch 164: train loss 0.0181
2022-01-21 17:42:33,289 root                INFO: Train: Epoch 165: train loss 0.0181
2022-01-21 17:42:33,855 root                INFO: Train: Epoch 166: train loss 0.0181
2022-01-21 17:42:34,438 root                INFO: Train: Epoch 167: train loss 0.0181
2022-01-21 17:42:34,999 root                INFO: Train: Epoch 168: train loss 0.0181
2022-01-21 17:42:35,569 root                INFO: Train: Epoch 169: train loss 0.0181
2022-01-21 17:42:36,144 root                INFO: Train: Epoch 170: train loss 0.0181
2022-01-21 17:42:36,714 root                INFO: Train: Epoch 171: train loss 0.0181
2022-01-21 17:42:37,313 root                INFO: Train: Epoch 172: train loss 0.0181
2022-01-21 17:42:37,896 root                INFO: Train: Epoch 173: train loss 0.0181
2022-01-21 17:42:38,497 root                INFO: Train: Epoch 174: train loss 0.0181
2022-01-21 17:42:39,075 root                INFO: Train: Epoch 175: train loss 0.0181
2022-01-21 17:42:39,651 root                INFO: Train: Epoch 176: train loss 0.0181
2022-01-21 17:42:40,228 root                INFO: Train: Epoch 177: train loss 0.0181
2022-01-21 17:42:40,783 root                INFO: Train: Epoch 178: train loss 0.0181
2022-01-21 17:42:41,326 root                INFO: Train: Epoch 179: train loss 0.0181
2022-01-21 17:42:41,883 root                INFO: Train: Epoch 180: train loss 0.0181
2022-01-21 17:42:42,414 root                INFO: Train: Epoch 181: train loss 0.0181
2022-01-21 17:42:42,996 root                INFO: Train: Epoch 182: train loss 0.0181
2022-01-21 17:42:43,558 root                INFO: Train: Epoch 183: train loss 0.0181
2022-01-21 17:42:44,115 root                INFO: Train: Epoch 184: train loss 0.0181
2022-01-21 17:42:44,674 root                INFO: Train: Epoch 185: train loss 0.0181
2022-01-21 17:42:45,229 root                INFO: Train: Epoch 186: train loss 0.0181
2022-01-21 17:42:45,774 root                INFO: Train: Epoch 187: train loss 0.0181
2022-01-21 17:42:46,353 root                INFO: Train: Epoch 188: train loss 0.0181
2022-01-21 17:42:46,921 root                INFO: Train: Epoch 189: train loss 0.0181
2022-01-21 17:42:47,497 root                INFO: Train: Epoch 190: train loss 0.0181
2022-01-21 17:42:48,058 root                INFO: Train: Epoch 191: train loss 0.0181
2022-01-21 17:42:48,641 root                INFO: Train: Epoch 192: train loss 0.0181
2022-01-21 17:42:49,210 root                INFO: Train: Epoch 193: train loss 0.0181
2022-01-21 17:42:49,765 root                INFO: Train: Epoch 194: train loss 0.0181
2022-01-21 17:42:50,346 root                INFO: Train: Epoch 195: train loss 0.0181
2022-01-21 17:42:50,901 root                INFO: Train: Epoch 196: train loss 0.0181
2022-01-21 17:42:51,485 root                INFO: Train: Epoch 197: train loss 0.0181
2022-01-21 17:42:52,075 root                INFO: Train: Epoch 198: train loss 0.0181
2022-01-21 17:42:52,654 root                INFO: Train: Epoch 199: train loss 0.0181
2022-01-21 17:42:53,231 root                INFO: Train: Epoch 200: train loss 0.0181
2022-01-21 17:43:07,758 root                INFO: Valid: Epoch 200: kendall tau 0.0616 0.0627; loss 0.01372 0.004756
2022-01-21 17:43:07,764 root                INFO: Epoch 200: Save checkpoint to nb301_anytime_tagates/tagates_0.05/12/202121/200.ckpt
2022-01-21 17:43:22,101 root                INFO: [0.0, 0.0, 0.0, 0.04230317273795535, 0.14078715488545135, 0.6230028195488722, 1.0]
2022-01-21 17:43:22,102 root                INFO: [0.0, 0.0, 0.0, 0.07677242459851155, 0.16800469943215196, 0.6266055764411027, 1.0]
2022-01-21 17:43:22,102 root                INFO: [16249, 16249]
2022-01-21 17:43:22,102 root                INFO: [16248, 819]
2022-01-21 22:18:50,351 root                INFO: GPU device = 6
2022-01-21 22:18:50,352 root                INFO: Load pkl cache from nasbench301_train.pkl and nasbench301_valid.pkl
2022-01-21 22:18:51,028 root                INFO: Config: {'arch_network_cfg': {'arch_embedder_cfg': {'take_adj_as_input': True, 'gcn_kwargs': {'residual_only': 2}, 'gcn_out_dims': [64, 64, 64, 64, 64], 'hidden_dim': 32, 'node_dim': 32, 'op_dim': 32, 'use_bn': False, 'final_concat': False, 'other_node_zero': False, 'num_time_steps': 2, 'fb_conversion_dims': [64, 64], 'backward_gcn_out_dims': [64, 64, 64, 64, 64], 'updateopemb_method': 'concat_ofb', 'updateopemb_dims': [64], 'share_skip_and_outskip': True, 'detach_vinfo': False, 'updateopemb_scale': 0.1, 'updateopemb_detach_opemb': True, 'updateopemb_detach_finfo': True, 'mask_nonparametrized_ops': True, 'symmetry_breaking_method': 'param_zs_add', 'concat_param_zs_as_opemb_dimension': 5, 'concat_param_zs_as_opemb_scale': 1.0}, 'arch_embedder_type': 'cellss-fbflow-anytime', 'compare_loss_type': 'margin_linear', 'compare_margin': 0.1, 'mlp_dropout': 0.1, 'mlp_hiddens': [200], 'mlp_out_dim': 1, 'optimizer': {'lr': 0.0001, 'type': 'Adam'}, 'scheduler': None}, 'arch_network_type': 'pointwise_comparator', 'batch_size': 128, 'choose_pair_criterion': 'random', 'compare': False, 'compare_threshold': 0.0, 'epochs': 200, 'max_compare_ratio': 16.0}
2022-01-21 22:18:55,098 root                INFO: Combined args: Namespace(arch_network_type='pointwise_comparator', batch_size=128, cfg_file='cfgs/nb301_cfgs/tagates_anytime.yaml', choose_pair_criterion='random', compare=False, compare_threshold=0.0, epochs=200, eval_only_last=1, gpu=6, load=None, max_compare_ratio=16.0, num_workers=4, report_freq=200, save_every=200, save_predict=None, seed=202121, test_funcs=None, test_only=False, train_dir='nb301_anytime_tagates/tagates_0.05/12/202121', train_pkl='../mynas/data/nasbench-301/nasbench301_train_mtx_anytime_12.pkl', train_ratio=0.05, valid_pkl='../mynas/data/nasbench-301/nasbench301_valid_mtx_anytime.pkl')
2022-01-21 22:18:55,107 root                INFO: Train dataset ratio: 0.050
2022-01-21 22:18:55,108 root                INFO: Number of architectures: train: 294; valid: 51072
2022-01-21 22:19:09,645 root                INFO: Train: Epoch   1: train loss 0.3451
2022-01-21 22:19:10,454 root                INFO: Train: Epoch   2: train loss 0.3427
2022-01-21 22:19:11,437 root                INFO: Train: Epoch   3: train loss 0.3402
2022-01-21 22:19:12,203 root                INFO: Train: Epoch   4: train loss 0.3382
2022-01-21 22:19:12,987 root                INFO: Train: Epoch   5: train loss 0.3356
2022-01-21 22:19:13,762 root                INFO: Train: Epoch   6: train loss 0.3330
2022-01-21 22:19:14,597 root                INFO: Train: Epoch   7: train loss 0.3300
2022-01-21 22:19:15,449 root                INFO: Train: Epoch   8: train loss 0.3271
2022-01-21 22:19:16,262 root                INFO: Train: Epoch   9: train loss 0.3233
2022-01-21 22:19:17,016 root                INFO: Train: Epoch  10: train loss 0.3189
2022-01-21 22:19:17,776 root                INFO: Train: Epoch  11: train loss 0.3143
2022-01-21 22:19:18,504 root                INFO: Train: Epoch  12: train loss 0.3082
2022-01-21 22:19:19,275 root                INFO: Train: Epoch  13: train loss 0.3019
2022-01-21 22:19:19,994 root                INFO: Train: Epoch  14: train loss 0.2945
2022-01-21 22:19:20,754 root                INFO: Train: Epoch  15: train loss 0.2854
2022-01-21 22:19:21,513 root                INFO: Train: Epoch  16: train loss 0.2752
2022-01-21 22:19:22,315 root                INFO: Train: Epoch  17: train loss 0.2636
2022-01-21 22:19:23,204 root                INFO: Train: Epoch  18: train loss 0.2488
2022-01-21 22:19:24,066 root                INFO: Train: Epoch  19: train loss 0.2333
2022-01-21 22:19:24,865 root                INFO: Train: Epoch  20: train loss 0.2149
2022-01-21 22:19:25,673 root                INFO: Train: Epoch  21: train loss 0.1935
2022-01-21 22:19:26,424 root                INFO: Train: Epoch  22: train loss 0.1703
2022-01-21 22:19:27,150 root                INFO: Train: Epoch  23: train loss 0.1458
2022-01-21 22:19:27,901 root                INFO: Train: Epoch  24: train loss 0.1199
2022-01-21 22:19:28,690 root                INFO: Train: Epoch  25: train loss 0.0954
2022-01-21 22:19:29,489 root                INFO: Train: Epoch  26: train loss 0.0709
2022-01-21 22:19:30,251 root                INFO: Train: Epoch  27: train loss 0.0498
2022-01-21 22:19:31,055 root                INFO: Train: Epoch  28: train loss 0.0323
2022-01-21 22:19:31,946 root                INFO: Train: Epoch  29: train loss 0.0201
2022-01-21 22:19:32,869 root                INFO: Train: Epoch  30: train loss 0.0121
2022-01-21 22:19:33,800 root                INFO: Train: Epoch  31: train loss 0.0074
2022-01-21 22:19:34,600 root                INFO: Train: Epoch  32: train loss 0.0051
2022-01-21 22:19:35,406 root                INFO: Train: Epoch  33: train loss 0.0042
2022-01-21 22:19:36,140 root                INFO: Train: Epoch  34: train loss 0.0039
2022-01-21 22:19:36,883 root                INFO: Train: Epoch  35: train loss 0.0040
2022-01-21 22:19:37,603 root                INFO: Train: Epoch  36: train loss 0.0039
2022-01-21 22:19:38,342 root                INFO: Train: Epoch  37: train loss 0.0038
2022-01-21 22:19:39,075 root                INFO: Train: Epoch  38: train loss 0.0036
2022-01-21 22:19:39,904 root                INFO: Train: Epoch  39: train loss 0.0033
2022-01-21 22:19:40,651 root                INFO: Train: Epoch  40: train loss 0.0029
2022-01-21 22:19:41,416 root                INFO: Train: Epoch  41: train loss 0.0026
2022-01-21 22:19:42,229 root                INFO: Train: Epoch  42: train loss 0.0023
2022-01-21 22:19:43,018 root                INFO: Train: Epoch  43: train loss 0.0019
2022-01-21 22:19:43,730 root                INFO: Train: Epoch  44: train loss 0.0016
2022-01-21 22:19:44,444 root                INFO: Train: Epoch  45: train loss 0.0013
2022-01-21 22:19:45,161 root                INFO: Train: Epoch  46: train loss 0.0012
2022-01-21 22:19:45,933 root                INFO: Train: Epoch  47: train loss 0.0010
2022-01-21 22:19:46,664 root                INFO: Train: Epoch  48: train loss 0.0009
2022-01-21 22:19:47,369 root                INFO: Train: Epoch  49: train loss 0.0009
2022-01-21 22:19:48,105 root                INFO: Train: Epoch  50: train loss 0.0009
2022-01-21 22:19:48,831 root                INFO: Train: Epoch  51: train loss 0.0008
2022-01-21 22:19:49,583 root                INFO: Train: Epoch  52: train loss 0.0009
2022-01-21 22:19:50,314 root                INFO: Train: Epoch  53: train loss 0.0008
2022-01-21 22:19:51,059 root                INFO: Train: Epoch  54: train loss 0.0008
2022-01-21 22:19:51,849 root                INFO: Train: Epoch  55: train loss 0.0008
2022-01-21 22:19:52,558 root                INFO: Train: Epoch  56: train loss 0.0008
2022-01-21 22:19:53,242 root                INFO: Train: Epoch  57: train loss 0.0008
2022-01-21 22:19:53,927 root                INFO: Train: Epoch  58: train loss 0.0008
2022-01-21 22:19:54,595 root                INFO: Train: Epoch  59: train loss 0.0008
2022-01-21 22:19:55,267 root                INFO: Train: Epoch  60: train loss 0.0008
2022-01-21 22:19:55,981 root                INFO: Train: Epoch  61: train loss 0.0008
2022-01-21 22:19:56,733 root                INFO: Train: Epoch  62: train loss 0.0008
2022-01-21 22:19:57,492 root                INFO: Train: Epoch  63: train loss 0.0008
2022-01-21 22:19:58,298 root                INFO: Train: Epoch  64: train loss 0.0008
2022-01-21 22:19:59,035 root                INFO: Train: Epoch  65: train loss 0.0008
2022-01-21 22:19:59,862 root                INFO: Train: Epoch  66: train loss 0.0008
2022-01-21 22:20:00,665 root                INFO: Train: Epoch  67: train loss 0.0008
2022-01-21 22:20:01,449 root                INFO: Train: Epoch  68: train loss 0.0008
2022-01-21 22:20:02,274 root                INFO: Train: Epoch  69: train loss 0.0008
2022-01-21 22:20:03,078 root                INFO: Train: Epoch  70: train loss 0.0008
2022-01-21 22:20:03,931 root                INFO: Train: Epoch  71: train loss 0.0008
2022-01-21 22:20:04,721 root                INFO: Train: Epoch  72: train loss 0.0008
2022-01-21 22:20:05,537 root                INFO: Train: Epoch  73: train loss 0.0008
2022-01-21 22:20:06,349 root                INFO: Train: Epoch  74: train loss 0.0008
2022-01-21 22:20:07,173 root                INFO: Train: Epoch  75: train loss 0.0008
2022-01-21 22:20:08,003 root                INFO: Train: Epoch  76: train loss 0.0008
2022-01-21 22:20:08,773 root                INFO: Train: Epoch  77: train loss 0.0008
2022-01-21 22:20:09,492 root                INFO: Train: Epoch  78: train loss 0.0008
2022-01-21 22:20:10,378 root                INFO: Train: Epoch  79: train loss 0.0008
2022-01-21 22:20:11,248 root                INFO: Train: Epoch  80: train loss 0.0007
2022-01-21 22:20:11,989 root                INFO: Train: Epoch  81: train loss 0.0007
2022-01-21 22:20:12,806 root                INFO: Train: Epoch  82: train loss 0.0008
2022-01-21 22:20:13,674 root                INFO: Train: Epoch  83: train loss 0.0007
2022-01-21 22:20:14,509 root                INFO: Train: Epoch  84: train loss 0.0008
2022-01-21 22:20:15,339 root                INFO: Train: Epoch  85: train loss 0.0008
2022-01-21 22:20:16,184 root                INFO: Train: Epoch  86: train loss 0.0008
2022-01-21 22:20:17,024 root                INFO: Train: Epoch  87: train loss 0.0008
2022-01-21 22:20:17,925 root                INFO: Train: Epoch  88: train loss 0.0007
2022-01-21 22:20:18,698 root                INFO: Train: Epoch  89: train loss 0.0007
2022-01-21 22:20:19,492 root                INFO: Train: Epoch  90: train loss 0.0008
2022-01-21 22:20:20,320 root                INFO: Train: Epoch  91: train loss 0.0007
2022-01-21 22:20:21,178 root                INFO: Train: Epoch  92: train loss 0.0008
2022-01-21 22:20:22,012 root                INFO: Train: Epoch  93: train loss 0.0008
2022-01-21 22:20:22,801 root                INFO: Train: Epoch  94: train loss 0.0007
2022-01-21 22:20:23,573 root                INFO: Train: Epoch  95: train loss 0.0008
2022-01-21 22:20:24,397 root                INFO: Train: Epoch  96: train loss 0.0008
2022-01-21 22:20:25,224 root                INFO: Train: Epoch  97: train loss 0.0007
2022-01-21 22:20:26,072 root                INFO: Train: Epoch  98: train loss 0.0008
2022-01-21 22:20:26,888 root                INFO: Train: Epoch  99: train loss 0.0007
2022-01-21 22:20:27,729 root                INFO: Train: Epoch 100: train loss 0.0007
2022-01-21 22:20:28,501 root                INFO: Train: Epoch 101: train loss 0.0007
2022-01-21 22:20:29,244 root                INFO: Train: Epoch 102: train loss 0.0007
2022-01-21 22:20:30,018 root                INFO: Train: Epoch 103: train loss 0.0007
2022-01-21 22:20:30,795 root                INFO: Train: Epoch 104: train loss 0.0007
2022-01-21 22:20:31,583 root                INFO: Train: Epoch 105: train loss 0.0007
2022-01-21 22:20:32,385 root                INFO: Train: Epoch 106: train loss 0.0007
2022-01-21 22:20:33,186 root                INFO: Train: Epoch 107: train loss 0.0007
2022-01-21 22:20:33,966 root                INFO: Train: Epoch 108: train loss 0.0008
2022-01-21 22:20:34,768 root                INFO: Train: Epoch 109: train loss 0.0007
2022-01-21 22:20:35,547 root                INFO: Train: Epoch 110: train loss 0.0007
2022-01-21 22:20:36,310 root                INFO: Train: Epoch 111: train loss 0.0007
2022-01-21 22:20:37,086 root                INFO: Train: Epoch 112: train loss 0.0008
2022-01-21 22:20:37,903 root                INFO: Train: Epoch 113: train loss 0.0007
2022-01-21 22:20:38,661 root                INFO: Train: Epoch 114: train loss 0.0008
2022-01-21 22:20:39,432 root                INFO: Train: Epoch 115: train loss 0.0007
2022-01-21 22:20:40,235 root                INFO: Train: Epoch 116: train loss 0.0007
2022-01-21 22:20:41,019 root                INFO: Train: Epoch 117: train loss 0.0007
2022-01-21 22:20:41,824 root                INFO: Train: Epoch 118: train loss 0.0008
2022-01-21 22:20:42,630 root                INFO: Train: Epoch 119: train loss 0.0007
2022-01-21 22:20:43,450 root                INFO: Train: Epoch 120: train loss 0.0007
2022-01-21 22:20:44,285 root                INFO: Train: Epoch 121: train loss 0.0007
2022-01-21 22:20:45,062 root                INFO: Train: Epoch 122: train loss 0.0007
2022-01-21 22:20:45,827 root                INFO: Train: Epoch 123: train loss 0.0007
2022-01-21 22:20:46,628 root                INFO: Train: Epoch 124: train loss 0.0007
2022-01-21 22:20:47,369 root                INFO: Train: Epoch 125: train loss 0.0007
2022-01-21 22:20:48,169 root                INFO: Train: Epoch 126: train loss 0.0007
2022-01-21 22:20:48,970 root                INFO: Train: Epoch 127: train loss 0.0007
2022-01-21 22:20:49,815 root                INFO: Train: Epoch 128: train loss 0.0007
2022-01-21 22:20:50,682 root                INFO: Train: Epoch 129: train loss 0.0007
2022-01-21 22:20:51,479 root                INFO: Train: Epoch 130: train loss 0.0007
2022-01-21 22:20:52,259 root                INFO: Train: Epoch 131: train loss 0.0007
2022-01-21 22:20:53,046 root                INFO: Train: Epoch 132: train loss 0.0007
2022-01-21 22:20:53,858 root                INFO: Train: Epoch 133: train loss 0.0007
2022-01-21 22:20:54,666 root                INFO: Train: Epoch 134: train loss 0.0007
2022-01-21 22:20:55,524 root                INFO: Train: Epoch 135: train loss 0.0008
2022-01-21 22:20:56,333 root                INFO: Train: Epoch 136: train loss 0.0007
2022-01-21 22:20:57,107 root                INFO: Train: Epoch 137: train loss 0.0007
2022-01-21 22:20:57,891 root                INFO: Train: Epoch 138: train loss 0.0007
2022-01-21 22:20:58,689 root                INFO: Train: Epoch 139: train loss 0.0007
2022-01-21 22:20:59,515 root                INFO: Train: Epoch 140: train loss 0.0007
2022-01-21 22:21:00,400 root                INFO: Train: Epoch 141: train loss 0.0007
2022-01-21 22:21:01,184 root                INFO: Train: Epoch 142: train loss 0.0007
2022-01-21 22:21:01,926 root                INFO: Train: Epoch 143: train loss 0.0007
2022-01-21 22:21:02,661 root                INFO: Train: Epoch 144: train loss 0.0007
2022-01-21 22:21:03,431 root                INFO: Train: Epoch 145: train loss 0.0006
2022-01-21 22:21:04,200 root                INFO: Train: Epoch 146: train loss 0.0006
2022-01-21 22:21:05,027 root                INFO: Train: Epoch 147: train loss 0.0007
2022-01-21 22:21:05,867 root                INFO: Train: Epoch 148: train loss 0.0007
2022-01-21 22:21:06,722 root                INFO: Train: Epoch 149: train loss 0.0006
2022-01-21 22:21:07,493 root                INFO: Train: Epoch 150: train loss 0.0006
2022-01-21 22:21:08,284 root                INFO: Train: Epoch 151: train loss 0.0007
2022-01-21 22:21:09,029 root                INFO: Train: Epoch 152: train loss 0.0007
2022-01-21 22:21:09,831 root                INFO: Train: Epoch 153: train loss 0.0006
2022-01-21 22:21:10,627 root                INFO: Train: Epoch 154: train loss 0.0006
2022-01-21 22:21:11,417 root                INFO: Train: Epoch 155: train loss 0.0007
2022-01-21 22:21:12,253 root                INFO: Train: Epoch 156: train loss 0.0006
2022-01-21 22:21:13,056 root                INFO: Train: Epoch 157: train loss 0.0006
2022-01-21 22:21:13,826 root                INFO: Train: Epoch 158: train loss 0.0006
2022-01-21 22:21:14,589 root                INFO: Train: Epoch 159: train loss 0.0006
2022-01-21 22:21:15,395 root                INFO: Train: Epoch 160: train loss 0.0007
2022-01-21 22:21:16,200 root                INFO: Train: Epoch 161: train loss 0.0007
2022-01-21 22:21:16,991 root                INFO: Train: Epoch 162: train loss 0.0006
2022-01-21 22:21:17,799 root                INFO: Train: Epoch 163: train loss 0.0006
2022-01-21 22:21:18,560 root                INFO: Train: Epoch 164: train loss 0.0006
2022-01-21 22:21:19,408 root                INFO: Train: Epoch 165: train loss 0.0007
2022-01-21 22:21:20,190 root                INFO: Train: Epoch 166: train loss 0.0006
2022-01-21 22:21:20,944 root                INFO: Train: Epoch 167: train loss 0.0007
2022-01-21 22:21:21,742 root                INFO: Train: Epoch 168: train loss 0.0006
2022-01-21 22:21:22,578 root                INFO: Train: Epoch 169: train loss 0.0006
2022-01-21 22:21:23,444 root                INFO: Train: Epoch 170: train loss 0.0006
2022-01-21 22:21:24,308 root                INFO: Train: Epoch 171: train loss 0.0006
2022-01-21 22:21:25,166 root                INFO: Train: Epoch 172: train loss 0.0006
2022-01-21 22:21:25,922 root                INFO: Train: Epoch 173: train loss 0.0006
2022-01-21 22:21:26,725 root                INFO: Train: Epoch 174: train loss 0.0006
2022-01-21 22:21:27,544 root                INFO: Train: Epoch 175: train loss 0.0007
2022-01-21 22:21:28,333 root                INFO: Train: Epoch 176: train loss 0.0006
2022-01-21 22:21:29,162 root                INFO: Train: Epoch 177: train loss 0.0006
2022-01-21 22:21:29,994 root                INFO: Train: Epoch 178: train loss 0.0007
2022-01-21 22:21:30,796 root                INFO: Train: Epoch 179: train loss 0.0006
2022-01-21 22:21:31,625 root                INFO: Train: Epoch 180: train loss 0.0006
2022-01-21 22:21:32,524 root                INFO: Train: Epoch 181: train loss 0.0006
2022-01-21 22:21:33,374 root                INFO: Train: Epoch 182: train loss 0.0006
2022-01-21 22:21:34,206 root                INFO: Train: Epoch 183: train loss 0.0006
2022-01-21 22:21:34,998 root                INFO: Train: Epoch 184: train loss 0.0006
2022-01-21 22:21:35,750 root                INFO: Train: Epoch 185: train loss 0.0007
2022-01-21 22:21:36,514 root                INFO: Train: Epoch 186: train loss 0.0006
2022-01-21 22:21:37,289 root                INFO: Train: Epoch 187: train loss 0.0006
2022-01-21 22:21:38,051 root                INFO: Train: Epoch 188: train loss 0.0006
2022-01-21 22:21:38,891 root                INFO: Train: Epoch 189: train loss 0.0006
2022-01-21 22:21:39,701 root                INFO: Train: Epoch 190: train loss 0.0006
2022-01-21 22:21:40,492 root                INFO: Train: Epoch 191: train loss 0.0006
2022-01-21 22:21:41,190 root                INFO: Train: Epoch 192: train loss 0.0006
2022-01-21 22:21:41,971 root                INFO: Train: Epoch 193: train loss 0.0006
2022-01-21 22:21:42,749 root                INFO: Train: Epoch 194: train loss 0.0006
2022-01-21 22:21:43,523 root                INFO: Train: Epoch 195: train loss 0.0006
2022-01-21 22:21:44,311 root                INFO: Train: Epoch 196: train loss 0.0006
2022-01-21 22:21:45,032 root                INFO: Train: Epoch 197: train loss 0.0006
2022-01-21 22:21:45,799 root                INFO: Train: Epoch 198: train loss 0.0006
2022-01-21 22:21:46,552 root                INFO: Train: Epoch 199: train loss 0.0006
2022-01-21 22:21:47,358 root                INFO: Train: Epoch 200: train loss 0.0005
2022-01-21 22:22:02,278 root                INFO: Valid: Epoch 200: kendall tau 0.2956 0.3473; loss 0.000312 0.0001592
2022-01-21 22:22:02,284 root                INFO: Epoch 200: Save checkpoint to nb301_anytime_tagates/tagates_0.05/12/202121/200.ckpt
2022-01-21 22:22:17,046 root                INFO: [0.0, 0.0, 0.0, 0.06188797493145319, 0.2157822596436264, 0.6519423558897243, 1.0]
2022-01-21 22:22:17,046 root                INFO: [0.0, 0.0, 0.013725490196078431, 0.1382687034860948, 0.2944977481887605, 0.6686638471177945, 1.0]
2022-01-21 22:22:17,046 root                INFO: [2154, 2154]
2022-01-21 22:22:17,046 root                INFO: [1081, 1081]
