2022-01-20 16:02:43,814 root                INFO: GPU device = 7
2022-01-20 16:02:43,815 root                INFO: Load pkl cache from nasbench301_train.pkl and nasbench301_valid.pkl
2022-01-20 16:02:44,760 root                INFO: Config: {'arch_network_cfg': {'arch_embedder_cfg': {'take_adj_as_input': True, 'gcn_kwargs': {'residual_only': 2}, 'gcn_out_dims': [64, 64, 64, 64, 64], 'hidden_dim': 32, 'node_dim': 32, 'op_dim': 32, 'use_bn': False, 'final_concat': False, 'other_node_zero': False, 'num_time_steps': 4, 'fb_conversion_dims': [64, 64], 'backward_gcn_out_dims': [64, 64, 64, 64, 64], 'updateopemb_method': 'concat_ofb', 'updateopemb_dims': [64], 'share_skip_and_outskip': True, 'detach_vinfo': False, 'updateopemb_scale': 0.1, 'updateopemb_detach_opemb': True, 'updateopemb_detach_finfo': True, 'mask_nonparametrized_ops': True, 'symmetry_breaking_method': 'param_zs_add', 'concat_param_zs_as_opemb_dimension': 5, 'concat_param_zs_as_opemb_scale': 1.0}, 'arch_embedder_type': 'cellss-fbflow', 'compare_loss_type': 'margin_linear', 'compare_margin': 0.1, 'mlp_dropout': 0.1, 'mlp_hiddens': [200], 'optimizer': {'lr': 0.001, 'type': 'Adam'}, 'scheduler': None}, 'arch_network_type': 'pointwise_comparator', 'batch_size': 128, 'choose_pair_criterion': 'random', 'compare': True, 'compare_threshold': 0.0, 'epochs': 200, 'max_compare_ratio': 16.0}
2022-01-20 16:02:48,048 root                INFO: Combined args: Namespace(arch_network_type='pointwise_comparator', batch_size=128, cfg_file='cfgs/nb301_cfgs/gates_true_masktrue.yaml', choose_pair_criterion='random', compare=True, compare_threshold=0.0, epochs=200, eval_only_last=1, gpu=7, load=None, max_compare_ratio=16.0, num_workers=4, report_freq=200, save_every=200, save_predict=None, seed=21, test_funcs=None, test_only=False, train_dir='nb301_ablation_mask/true/true_0.1/1/21', train_pkl='../mynas/data/nasbench-301/nasbench301_train_mtx_1.pkl', train_ratio=0.1, valid_pkl='../mynas/data/nasbench-301/nasbench301_valid_mtx.pkl')
2022-01-20 16:02:48,057 root                INFO: Train dataset ratio: 0.100
2022-01-20 16:02:48,057 root                INFO: Number of architectures: train: 589; valid: 51072
2022-01-20 16:03:05,118 root                INFO: Train: Epoch   1: train loss 0.0968
2022-01-20 16:03:06,691 root                INFO: Train: Epoch   2: train loss 0.0783
2022-01-20 16:03:08,363 root                INFO: Train: Epoch   3: train loss 0.0556
2022-01-20 16:03:09,999 root                INFO: Train: Epoch   4: train loss 0.0456
2022-01-20 16:03:11,581 root                INFO: Train: Epoch   5: train loss 0.0394
2022-01-20 16:03:13,266 root                INFO: Train: Epoch   6: train loss 0.0379
2022-01-20 16:03:14,897 root                INFO: Train: Epoch   7: train loss 0.0349
2022-01-20 16:03:16,506 root                INFO: Train: Epoch   8: train loss 0.0329
2022-01-20 16:03:18,168 root                INFO: Train: Epoch   9: train loss 0.0304
2022-01-20 16:03:19,788 root                INFO: Train: Epoch  10: train loss 0.0301
2022-01-20 16:03:21,323 root                INFO: Train: Epoch  11: train loss 0.0295
2022-01-20 16:03:22,996 root                INFO: Train: Epoch  12: train loss 0.0281
2022-01-20 16:03:24,638 root                INFO: Train: Epoch  13: train loss 0.0270
2022-01-20 16:03:26,251 root                INFO: Train: Epoch  14: train loss 0.0279
2022-01-20 16:03:27,872 root                INFO: Train: Epoch  15: train loss 0.0255
2022-01-20 16:03:29,574 root                INFO: Train: Epoch  16: train loss 0.0254
2022-01-20 16:03:31,177 root                INFO: Train: Epoch  17: train loss 0.0267
2022-01-20 16:03:32,805 root                INFO: Train: Epoch  18: train loss 0.0241
2022-01-20 16:03:34,457 root                INFO: Train: Epoch  19: train loss 0.0228
2022-01-20 16:03:36,070 root                INFO: Train: Epoch  20: train loss 0.0229
2022-01-20 16:03:37,666 root                INFO: Train: Epoch  21: train loss 0.0228
2022-01-20 16:03:39,314 root                INFO: Train: Epoch  22: train loss 0.0206
2022-01-20 16:03:40,899 root                INFO: Train: Epoch  23: train loss 0.0225
2022-01-20 16:03:42,514 root                INFO: Train: Epoch  24: train loss 0.0218
2022-01-20 16:03:44,150 root                INFO: Train: Epoch  25: train loss 0.0215
2022-01-20 16:03:45,750 root                INFO: Train: Epoch  26: train loss 0.0197
2022-01-20 16:03:47,390 root                INFO: Train: Epoch  27: train loss 0.0195
2022-01-20 16:03:49,037 root                INFO: Train: Epoch  28: train loss 0.0204
2022-01-20 16:03:50,586 root                INFO: Train: Epoch  29: train loss 0.0192
2022-01-20 16:03:52,163 root                INFO: Train: Epoch  30: train loss 0.0197
2022-01-20 16:03:53,804 root                INFO: Train: Epoch  31: train loss 0.0183
2022-01-20 16:03:55,354 root                INFO: Train: Epoch  32: train loss 0.0193
2022-01-20 16:03:56,890 root                INFO: Train: Epoch  33: train loss 0.0190
2022-01-20 16:03:58,501 root                INFO: Train: Epoch  34: train loss 0.0179
2022-01-20 16:04:00,105 root                INFO: Train: Epoch  35: train loss 0.0178
2022-01-20 16:04:01,625 root                INFO: Train: Epoch  36: train loss 0.0178
2022-01-20 16:04:03,203 root                INFO: Train: Epoch  37: train loss 0.0181
2022-01-20 16:04:04,812 root                INFO: Train: Epoch  38: train loss 0.0177
2022-01-20 16:04:06,428 root                INFO: Train: Epoch  39: train loss 0.0166
2022-01-20 16:04:08,048 root                INFO: Train: Epoch  40: train loss 0.0165
2022-01-20 16:04:09,649 root                INFO: Train: Epoch  41: train loss 0.0156
2022-01-20 16:04:11,251 root                INFO: Train: Epoch  42: train loss 0.0155
2022-01-20 16:04:12,781 root                INFO: Train: Epoch  43: train loss 0.0161
2022-01-20 16:04:14,400 root                INFO: Train: Epoch  44: train loss 0.0158
2022-01-20 16:04:16,005 root                INFO: Train: Epoch  45: train loss 0.0158
2022-01-20 16:04:17,577 root                INFO: Train: Epoch  46: train loss 0.0147
2022-01-20 16:04:19,152 root                INFO: Train: Epoch  47: train loss 0.0160
2022-01-20 16:04:20,665 root                INFO: Train: Epoch  48: train loss 0.0157
2022-01-20 16:04:22,196 root                INFO: Train: Epoch  49: train loss 0.0158
2022-01-20 16:04:23,699 root                INFO: Train: Epoch  50: train loss 0.0150
2022-01-20 16:04:25,244 root                INFO: Train: Epoch  51: train loss 0.0147
2022-01-20 16:04:26,780 root                INFO: Train: Epoch  52: train loss 0.0156
2022-01-20 16:04:28,344 root                INFO: Train: Epoch  53: train loss 0.0143
2022-01-20 16:04:29,882 root                INFO: Train: Epoch  54: train loss 0.0144
2022-01-20 16:04:31,438 root                INFO: Train: Epoch  55: train loss 0.0143
2022-01-20 16:04:33,001 root                INFO: Train: Epoch  56: train loss 0.0151
2022-01-20 16:04:34,623 root                INFO: Train: Epoch  57: train loss 0.0146
2022-01-20 16:04:36,176 root                INFO: Train: Epoch  58: train loss 0.0128
2022-01-20 16:04:37,726 root                INFO: Train: Epoch  59: train loss 0.0136
2022-01-20 16:04:39,287 root                INFO: Train: Epoch  60: train loss 0.0136
2022-01-20 16:04:40,867 root                INFO: Train: Epoch  61: train loss 0.0131
2022-01-20 16:04:42,412 root                INFO: Train: Epoch  62: train loss 0.0131
2022-01-20 16:04:43,994 root                INFO: Train: Epoch  63: train loss 0.0135
2022-01-20 16:04:45,622 root                INFO: Train: Epoch  64: train loss 0.0138
2022-01-20 16:04:47,235 root                INFO: Train: Epoch  65: train loss 0.0133
2022-01-20 16:04:48,804 root                INFO: Train: Epoch  66: train loss 0.0129
2022-01-20 16:04:50,391 root                INFO: Train: Epoch  67: train loss 0.0121
2022-01-20 16:04:51,954 root                INFO: Train: Epoch  68: train loss 0.0130
2022-01-20 16:04:53,513 root                INFO: Train: Epoch  69: train loss 0.0127
2022-01-20 16:04:55,148 root                INFO: Train: Epoch  70: train loss 0.0115
2022-01-20 16:04:56,694 root                INFO: Train: Epoch  71: train loss 0.0107
2022-01-20 16:04:58,210 root                INFO: Train: Epoch  72: train loss 0.0116
2022-01-20 16:04:59,741 root                INFO: Train: Epoch  73: train loss 0.0125
2022-01-20 16:05:01,262 root                INFO: Train: Epoch  74: train loss 0.0129
2022-01-20 16:05:02,821 root                INFO: Train: Epoch  75: train loss 0.0134
2022-01-20 16:05:04,399 root                INFO: Train: Epoch  76: train loss 0.0121
2022-01-20 16:05:05,963 root                INFO: Train: Epoch  77: train loss 0.0118
2022-01-20 16:05:07,544 root                INFO: Train: Epoch  78: train loss 0.0128
2022-01-20 16:05:09,197 root                INFO: Train: Epoch  79: train loss 0.0125
2022-01-20 16:05:10,887 root                INFO: Train: Epoch  80: train loss 0.0122
2022-01-20 16:05:12,538 root                INFO: Train: Epoch  81: train loss 0.0108
2022-01-20 16:05:14,186 root                INFO: Train: Epoch  82: train loss 0.0103
2022-01-20 16:05:15,790 root                INFO: Train: Epoch  83: train loss 0.0102
2022-01-20 16:05:17,345 root                INFO: Train: Epoch  84: train loss 0.0108
2022-01-20 16:05:18,948 root                INFO: Train: Epoch  85: train loss 0.0122
2022-01-20 16:05:20,563 root                INFO: Train: Epoch  86: train loss 0.0119
2022-01-20 16:05:22,194 root                INFO: Train: Epoch  87: train loss 0.0128
2022-01-20 16:05:23,848 root                INFO: Train: Epoch  88: train loss 0.0119
2022-01-20 16:05:25,538 root                INFO: Train: Epoch  89: train loss 0.0126
2022-01-20 16:05:27,190 root                INFO: Train: Epoch  90: train loss 0.0114
2022-01-20 16:05:28,870 root                INFO: Train: Epoch  91: train loss 0.0110
2022-01-20 16:05:30,514 root                INFO: Train: Epoch  92: train loss 0.0104
2022-01-20 16:05:32,127 root                INFO: Train: Epoch  93: train loss 0.0100
2022-01-20 16:05:33,757 root                INFO: Train: Epoch  94: train loss 0.0096
2022-01-20 16:05:35,407 root                INFO: Train: Epoch  95: train loss 0.0093
2022-01-20 16:05:37,029 root                INFO: Train: Epoch  96: train loss 0.0094
2022-01-20 16:05:38,669 root                INFO: Train: Epoch  97: train loss 0.0106
2022-01-20 16:05:40,298 root                INFO: Train: Epoch  98: train loss 0.0090
2022-01-20 16:05:41,931 root                INFO: Train: Epoch  99: train loss 0.0085
2022-01-20 16:05:43,570 root                INFO: Train: Epoch 100: train loss 0.0090
2022-01-20 16:05:45,185 root                INFO: Train: Epoch 101: train loss 0.0086
2022-01-20 16:05:46,792 root                INFO: Train: Epoch 102: train loss 0.0093
2022-01-20 16:05:48,352 root                INFO: Train: Epoch 103: train loss 0.0105
2022-01-20 16:05:49,921 root                INFO: Train: Epoch 104: train loss 0.0097
2022-01-20 16:05:51,547 root                INFO: Train: Epoch 105: train loss 0.0096
2022-01-20 16:05:53,202 root                INFO: Train: Epoch 106: train loss 0.0097
2022-01-20 16:05:54,883 root                INFO: Train: Epoch 107: train loss 0.0100
2022-01-20 16:05:56,551 root                INFO: Train: Epoch 108: train loss 0.0112
2022-01-20 16:05:58,190 root                INFO: Train: Epoch 109: train loss 0.0095
2022-01-20 16:05:59,811 root                INFO: Train: Epoch 110: train loss 0.0090
2022-01-20 16:06:01,331 root                INFO: Train: Epoch 111: train loss 0.0084
2022-01-20 16:06:02,877 root                INFO: Train: Epoch 112: train loss 0.0091
2022-01-20 16:06:04,432 root                INFO: Train: Epoch 113: train loss 0.0084
2022-01-20 16:06:06,013 root                INFO: Train: Epoch 114: train loss 0.0081
2022-01-20 16:06:07,648 root                INFO: Train: Epoch 115: train loss 0.0085
2022-01-20 16:06:09,269 root                INFO: Train: Epoch 116: train loss 0.0089
2022-01-20 16:06:10,929 root                INFO: Train: Epoch 117: train loss 0.0083
2022-01-20 16:06:12,579 root                INFO: Train: Epoch 118: train loss 0.0087
2022-01-20 16:06:14,216 root                INFO: Train: Epoch 119: train loss 0.0079
2022-01-20 16:06:15,812 root                INFO: Train: Epoch 120: train loss 0.0091
2022-01-20 16:06:17,459 root                INFO: Train: Epoch 121: train loss 0.0088
2022-01-20 16:06:19,286 root                INFO: Train: Epoch 122: train loss 0.0083
2022-01-20 16:06:21,082 root                INFO: Train: Epoch 123: train loss 0.0082
2022-01-20 16:06:22,742 root                INFO: Train: Epoch 124: train loss 0.0080
2022-01-20 16:06:24,343 root                INFO: Train: Epoch 125: train loss 0.0085
2022-01-20 16:06:25,988 root                INFO: Train: Epoch 126: train loss 0.0083
2022-01-20 16:06:27,641 root                INFO: Train: Epoch 127: train loss 0.0087
2022-01-20 16:06:29,258 root                INFO: Train: Epoch 128: train loss 0.0087
2022-01-20 16:06:30,874 root                INFO: Train: Epoch 129: train loss 0.0086
2022-01-20 16:06:32,485 root                INFO: Train: Epoch 130: train loss 0.0086
2022-01-20 16:06:34,076 root                INFO: Train: Epoch 131: train loss 0.0078
2022-01-20 16:06:35,736 root                INFO: Train: Epoch 132: train loss 0.0081
2022-01-20 16:06:37,357 root                INFO: Train: Epoch 133: train loss 0.0084
2022-01-20 16:06:39,023 root                INFO: Train: Epoch 134: train loss 0.0075
2022-01-20 16:06:40,708 root                INFO: Train: Epoch 135: train loss 0.0080
2022-01-20 16:06:42,388 root                INFO: Train: Epoch 136: train loss 0.0075
2022-01-20 16:06:44,115 root                INFO: Train: Epoch 137: train loss 0.0082
2022-01-20 16:06:45,806 root                INFO: Train: Epoch 138: train loss 0.0081
2022-01-20 16:06:47,464 root                INFO: Train: Epoch 139: train loss 0.0076
2022-01-20 16:06:49,131 root                INFO: Train: Epoch 140: train loss 0.0074
2022-01-20 16:06:50,768 root                INFO: Train: Epoch 141: train loss 0.0079
2022-01-20 16:06:52,395 root                INFO: Train: Epoch 142: train loss 0.0076
2022-01-20 16:06:53,984 root                INFO: Train: Epoch 143: train loss 0.0077
2022-01-20 16:06:55,575 root                INFO: Train: Epoch 144: train loss 0.0075
2022-01-20 16:06:57,124 root                INFO: Train: Epoch 145: train loss 0.0071
2022-01-20 16:06:58,699 root                INFO: Train: Epoch 146: train loss 0.0090
2022-01-20 16:07:00,302 root                INFO: Train: Epoch 147: train loss 0.0072
2022-01-20 16:07:01,909 root                INFO: Train: Epoch 148: train loss 0.0077
2022-01-20 16:07:03,506 root                INFO: Train: Epoch 149: train loss 0.0076
2022-01-20 16:07:05,090 root                INFO: Train: Epoch 150: train loss 0.0077
2022-01-20 16:07:06,671 root                INFO: Train: Epoch 151: train loss 0.0070
2022-01-20 16:07:08,291 root                INFO: Train: Epoch 152: train loss 0.0068
2022-01-20 16:07:09,892 root                INFO: Train: Epoch 153: train loss 0.0063
2022-01-20 16:07:11,501 root                INFO: Train: Epoch 154: train loss 0.0058
2022-01-20 16:07:13,099 root                INFO: Train: Epoch 155: train loss 0.0064
2022-01-20 16:07:14,708 root                INFO: Train: Epoch 156: train loss 0.0057
2022-01-20 16:07:16,300 root                INFO: Train: Epoch 157: train loss 0.0069
2022-01-20 16:07:17,900 root                INFO: Train: Epoch 158: train loss 0.0066
2022-01-20 16:07:19,463 root                INFO: Train: Epoch 159: train loss 0.0062
2022-01-20 16:07:21,037 root                INFO: Train: Epoch 160: train loss 0.0064
2022-01-20 16:07:22,630 root                INFO: Train: Epoch 161: train loss 0.0070
2022-01-20 16:07:24,243 root                INFO: Train: Epoch 162: train loss 0.0064
2022-01-20 16:07:25,890 root                INFO: Train: Epoch 163: train loss 0.0067
2022-01-20 16:07:27,485 root                INFO: Train: Epoch 164: train loss 0.0064
2022-01-20 16:07:29,080 root                INFO: Train: Epoch 165: train loss 0.0069
2022-01-20 16:07:30,646 root                INFO: Train: Epoch 166: train loss 0.0062
2022-01-20 16:07:32,228 root                INFO: Train: Epoch 167: train loss 0.0066
2022-01-20 16:07:33,806 root                INFO: Train: Epoch 168: train loss 0.0074
2022-01-20 16:07:35,377 root                INFO: Train: Epoch 169: train loss 0.0073
2022-01-20 16:07:36,957 root                INFO: Train: Epoch 170: train loss 0.0072
2022-01-20 16:07:38,579 root                INFO: Train: Epoch 171: train loss 0.0066
2022-01-20 16:07:40,201 root                INFO: Train: Epoch 172: train loss 0.0073
2022-01-20 16:07:41,832 root                INFO: Train: Epoch 173: train loss 0.0074
2022-01-20 16:07:43,444 root                INFO: Train: Epoch 174: train loss 0.0068
2022-01-20 16:07:45,048 root                INFO: Train: Epoch 175: train loss 0.0071
2022-01-20 16:07:46,633 root                INFO: Train: Epoch 176: train loss 0.0073
2022-01-20 16:07:48,224 root                INFO: Train: Epoch 177: train loss 0.0064
2022-01-20 16:07:49,847 root                INFO: Train: Epoch 178: train loss 0.0065
2022-01-20 16:07:51,492 root                INFO: Train: Epoch 179: train loss 0.0065
2022-01-20 16:07:53,134 root                INFO: Train: Epoch 180: train loss 0.0066
2022-01-20 16:07:54,790 root                INFO: Train: Epoch 181: train loss 0.0059
2022-01-20 16:07:56,469 root                INFO: Train: Epoch 182: train loss 0.0071
2022-01-20 16:07:58,136 root                INFO: Train: Epoch 183: train loss 0.0068
2022-01-20 16:07:59,737 root                INFO: Train: Epoch 184: train loss 0.0072
2022-01-20 16:08:01,303 root                INFO: Train: Epoch 185: train loss 0.0064
2022-01-20 16:08:02,882 root                INFO: Train: Epoch 186: train loss 0.0069
2022-01-20 16:08:04,495 root                INFO: Train: Epoch 187: train loss 0.0063
2022-01-20 16:08:06,132 root                INFO: Train: Epoch 188: train loss 0.0066
2022-01-20 16:08:07,759 root                INFO: Train: Epoch 189: train loss 0.0067
2022-01-20 16:08:09,383 root                INFO: Train: Epoch 190: train loss 0.0070
2022-01-20 16:08:10,998 root                INFO: Train: Epoch 191: train loss 0.0064
2022-01-20 16:08:12,558 root                INFO: Train: Epoch 192: train loss 0.0060
2022-01-20 16:08:14,156 root                INFO: Train: Epoch 193: train loss 0.0066
2022-01-20 16:08:15,760 root                INFO: Train: Epoch 194: train loss 0.0062
2022-01-20 16:08:17,379 root                INFO: Train: Epoch 195: train loss 0.0062
2022-01-20 16:08:19,038 root                INFO: Train: Epoch 196: train loss 0.0057
2022-01-20 16:08:20,739 root                INFO: Train: Epoch 197: train loss 0.0066
2022-01-20 16:08:22,395 root                INFO: Train: Epoch 198: train loss 0.0059
2022-01-20 16:08:24,042 root                INFO: Train: Epoch 199: train loss 0.0062
2022-01-20 16:08:25,670 root                INFO: Train: Epoch 200: train loss 0.0057
2022-01-20 16:08:42,247 root                INFO: Valid: Epoch 200: kendall tau 0.7380; loss 0.2203
2022-01-20 16:08:42,253 root                INFO: Epoch 200: Save checkpoint to nb301_ablation_mask/true/true_0.1/1/21/200.ckpt
2022-01-20 16:08:59,284 root                INFO: [0.058823529411764705, 0.17254901960784313, 0.23333333333333334, 0.6321974148061105, 0.783826121010378, 0.8727286967418546, 1.0]
2022-01-20 16:08:59,284 root                INFO: [53, 53]
