2022-01-19 23:03:37,401 root                INFO: GPU device = 0
2022-01-19 23:03:37,401 root                INFO: Load pkl cache from nasbench101.pkl and nasbench101_valid.pkl
2022-01-19 23:03:37,737 root                INFO: Config: {'arch_network_cfg': {'arch_embedder_cfg': {'b_use_bn': False, 'backward_gcn_out_dims': [128, 128, 128, 128, 128], 'concat_param_zs_as_opemb_dimension': 7, 'concat_param_zs_as_opemb_scale': 0.1, 'detach_vinfo': False, 'fb_conversion_dims': [128, 128], 'gcn_kwargs': {'plus_I': True, 'residual_only': 1}, 'gcn_out_dims': [128, 128, 128, 128, 128], 'hid_dim': 96, 'mask_nonparametrized_ops': False, 'node_embedding_dim': 48, 'num_time_steps': 3, 'op_embedding_dim': 48, 'symmetry_breaking_method': 'param_zs_add', 'updateopemb_detach_finfo': True, 'updateopemb_detach_opemb': True, 'updateopemb_dims': [128], 'updateopemb_method': 'concat_ofb', 'updateopemb_scale': 0.1}, 'arch_embedder_type': 'nb101-fbflow', 'compare_loss_type': 'margin_linear', 'compare_margin': 0.1, 'mlp_dropout': 0.1, 'mlp_hiddens': [200], 'optimizer': {'lr': 0.001, 'type': 'Adam'}, 'scheduler': None}, 'batch_size': 512, 'choose_pair_criterion': 'random', 'compare': True, 'compare_threshold': 0.0, 'epochs': 200, 'max_compare_ratio': 4.0}
2022-01-19 23:03:41,417 root                INFO: Combined args: Namespace(batch_size=512, cfg_file='cfgs/nb101_cfgs/gates_true_scale0.1.yaml', choose_pair_criterion='random', compare=True, compare_threshold=0.0, epochs=200, eval_only_last=5, gpu=0, load=None, max_compare_ratio=4.0, num_workers=4, report_freq=200, save_every=200, save_predict=None, seed=21, test_funcs=None, test_only=False, train_dir='nb1shot1_ablation_scale/true/0.1_0.01/1/21', train_pkl='../mynas/data/nasbench-1shot1/nasbench101_train_1.pkl', train_ratio=0.01, valid_pkl='../mynas/data/nasbench-1shot1/nasbench101_valid.pkl')
2022-01-19 23:03:41,426 root                INFO: Train dataset ratio: 0.010
2022-01-19 23:03:41,426 root                INFO: Number of architectures: train: 72; valid: 7290
2022-01-19 23:03:44,108 root                INFO: Train: Epoch   1: train loss 0.0996
2022-01-19 23:03:44,689 root                INFO: Train: Epoch   2: train loss 0.0941
2022-01-19 23:03:45,302 root                INFO: Train: Epoch   3: train loss 0.0839
2022-01-19 23:03:45,914 root                INFO: Train: Epoch   4: train loss 0.0754
2022-01-19 23:03:46,523 root                INFO: Train: Epoch   5: train loss 0.0744
2022-01-19 23:03:47,126 root                INFO: Train: Epoch   6: train loss 0.0666
2022-01-19 23:03:47,751 root                INFO: Train: Epoch   7: train loss 0.0655
2022-01-19 23:03:48,333 root                INFO: Train: Epoch   8: train loss 0.0663
2022-01-19 23:03:48,962 root                INFO: Train: Epoch   9: train loss 0.0735
2022-01-19 23:03:49,593 root                INFO: Train: Epoch  10: train loss 0.0612
2022-01-19 23:03:50,216 root                INFO: Train: Epoch  11: train loss 0.0537
2022-01-19 23:03:50,871 root                INFO: Train: Epoch  12: train loss 0.0643
2022-01-19 23:03:51,478 root                INFO: Train: Epoch  13: train loss 0.0565
2022-01-19 23:03:52,058 root                INFO: Train: Epoch  14: train loss 0.0592
2022-01-19 23:03:52,677 root                INFO: Train: Epoch  15: train loss 0.0558
2022-01-19 23:03:53,285 root                INFO: Train: Epoch  16: train loss 0.0624
2022-01-19 23:03:53,895 root                INFO: Train: Epoch  17: train loss 0.0550
2022-01-19 23:03:54,501 root                INFO: Train: Epoch  18: train loss 0.0577
2022-01-19 23:03:55,129 root                INFO: Train: Epoch  19: train loss 0.0582
2022-01-19 23:03:55,722 root                INFO: Train: Epoch  20: train loss 0.0532
2022-01-19 23:03:56,334 root                INFO: Train: Epoch  21: train loss 0.0519
2022-01-19 23:03:56,970 root                INFO: Train: Epoch  22: train loss 0.0472
2022-01-19 23:03:57,610 root                INFO: Train: Epoch  23: train loss 0.0446
2022-01-19 23:03:58,236 root                INFO: Train: Epoch  24: train loss 0.0447
2022-01-19 23:03:58,853 root                INFO: Train: Epoch  25: train loss 0.0397
2022-01-19 23:03:59,463 root                INFO: Train: Epoch  26: train loss 0.0277
2022-01-19 23:04:00,088 root                INFO: Train: Epoch  27: train loss 0.0264
2022-01-19 23:04:00,726 root                INFO: Train: Epoch  28: train loss 0.0333
2022-01-19 23:04:01,398 root                INFO: Train: Epoch  29: train loss 0.0411
2022-01-19 23:04:02,015 root                INFO: Train: Epoch  30: train loss 0.0332
2022-01-19 23:04:02,640 root                INFO: Train: Epoch  31: train loss 0.0365
2022-01-19 23:04:03,234 root                INFO: Train: Epoch  32: train loss 0.0314
2022-01-19 23:04:03,860 root                INFO: Train: Epoch  33: train loss 0.0291
2022-01-19 23:04:04,506 root                INFO: Train: Epoch  34: train loss 0.0286
2022-01-19 23:04:05,143 root                INFO: Train: Epoch  35: train loss 0.0330
2022-01-19 23:04:05,779 root                INFO: Train: Epoch  36: train loss 0.0301
2022-01-19 23:04:06,381 root                INFO: Train: Epoch  37: train loss 0.0258
2022-01-19 23:04:07,002 root                INFO: Train: Epoch  38: train loss 0.0281
2022-01-19 23:04:07,630 root                INFO: Train: Epoch  39: train loss 0.0243
2022-01-19 23:04:08,254 root                INFO: Train: Epoch  40: train loss 0.0231
2022-01-19 23:04:08,866 root                INFO: Train: Epoch  41: train loss 0.0268
2022-01-19 23:04:09,527 root                INFO: Train: Epoch  42: train loss 0.0305
2022-01-19 23:04:10,176 root                INFO: Train: Epoch  43: train loss 0.0333
2022-01-19 23:04:10,797 root                INFO: Train: Epoch  44: train loss 0.0282
2022-01-19 23:04:11,447 root                INFO: Train: Epoch  45: train loss 0.0243
2022-01-19 23:04:12,068 root                INFO: Train: Epoch  46: train loss 0.0209
2022-01-19 23:04:12,723 root                INFO: Train: Epoch  47: train loss 0.0238
2022-01-19 23:04:13,367 root                INFO: Train: Epoch  48: train loss 0.0222
2022-01-19 23:04:13,996 root                INFO: Train: Epoch  49: train loss 0.0285
2022-01-19 23:04:14,616 root                INFO: Train: Epoch  50: train loss 0.0274
2022-01-19 23:04:15,234 root                INFO: Train: Epoch  51: train loss 0.0238
2022-01-19 23:04:15,851 root                INFO: Train: Epoch  52: train loss 0.0229
2022-01-19 23:04:16,462 root                INFO: Train: Epoch  53: train loss 0.0225
2022-01-19 23:04:17,092 root                INFO: Train: Epoch  54: train loss 0.0190
2022-01-19 23:04:17,709 root                INFO: Train: Epoch  55: train loss 0.0215
2022-01-19 23:04:18,326 root                INFO: Train: Epoch  56: train loss 0.0192
2022-01-19 23:04:18,947 root                INFO: Train: Epoch  57: train loss 0.0188
2022-01-19 23:04:19,535 root                INFO: Train: Epoch  58: train loss 0.0212
2022-01-19 23:04:20,147 root                INFO: Train: Epoch  59: train loss 0.0212
2022-01-19 23:04:20,783 root                INFO: Train: Epoch  60: train loss 0.0244
2022-01-19 23:04:21,395 root                INFO: Train: Epoch  61: train loss 0.0226
2022-01-19 23:04:21,981 root                INFO: Train: Epoch  62: train loss 0.0152
2022-01-19 23:04:22,581 root                INFO: Train: Epoch  63: train loss 0.0206
2022-01-19 23:04:23,198 root                INFO: Train: Epoch  64: train loss 0.0180
2022-01-19 23:04:23,795 root                INFO: Train: Epoch  65: train loss 0.0140
2022-01-19 23:04:24,402 root                INFO: Train: Epoch  66: train loss 0.0175
2022-01-19 23:04:25,028 root                INFO: Train: Epoch  67: train loss 0.0152
2022-01-19 23:04:25,617 root                INFO: Train: Epoch  68: train loss 0.0191
2022-01-19 23:04:26,222 root                INFO: Train: Epoch  69: train loss 0.0226
2022-01-19 23:04:26,867 root                INFO: Train: Epoch  70: train loss 0.0231
2022-01-19 23:04:27,493 root                INFO: Train: Epoch  71: train loss 0.0128
2022-01-19 23:04:28,116 root                INFO: Train: Epoch  72: train loss 0.0279
2022-01-19 23:04:28,761 root                INFO: Train: Epoch  73: train loss 0.0163
2022-01-19 23:04:29,390 root                INFO: Train: Epoch  74: train loss 0.0179
2022-01-19 23:04:29,988 root                INFO: Train: Epoch  75: train loss 0.0158
2022-01-19 23:04:30,601 root                INFO: Train: Epoch  76: train loss 0.0153
2022-01-19 23:04:31,224 root                INFO: Train: Epoch  77: train loss 0.0171
2022-01-19 23:04:31,837 root                INFO: Train: Epoch  78: train loss 0.0172
2022-01-19 23:04:32,465 root                INFO: Train: Epoch  79: train loss 0.0222
2022-01-19 23:04:33,089 root                INFO: Train: Epoch  80: train loss 0.0165
2022-01-19 23:04:33,678 root                INFO: Train: Epoch  81: train loss 0.0141
2022-01-19 23:04:34,292 root                INFO: Train: Epoch  82: train loss 0.0199
2022-01-19 23:04:34,906 root                INFO: Train: Epoch  83: train loss 0.0147
2022-01-19 23:04:35,518 root                INFO: Train: Epoch  84: train loss 0.0146
2022-01-19 23:04:36,118 root                INFO: Train: Epoch  85: train loss 0.0118
2022-01-19 23:04:36,696 root                INFO: Train: Epoch  86: train loss 0.0171
2022-01-19 23:04:37,294 root                INFO: Train: Epoch  87: train loss 0.0170
2022-01-19 23:04:38,042 root                INFO: Train: Epoch  88: train loss 0.0095
2022-01-19 23:04:38,663 root                INFO: Train: Epoch  89: train loss 0.0195
2022-01-19 23:04:39,247 root                INFO: Train: Epoch  90: train loss 0.0190
2022-01-19 23:04:39,829 root                INFO: Train: Epoch  91: train loss 0.0112
2022-01-19 23:04:40,429 root                INFO: Train: Epoch  92: train loss 0.0229
2022-01-19 23:04:41,016 root                INFO: Train: Epoch  93: train loss 0.0124
2022-01-19 23:04:41,619 root                INFO: Train: Epoch  94: train loss 0.0159
2022-01-19 23:04:42,207 root                INFO: Train: Epoch  95: train loss 0.0142
2022-01-19 23:04:42,782 root                INFO: Train: Epoch  96: train loss 0.0228
2022-01-19 23:04:43,369 root                INFO: Train: Epoch  97: train loss 0.0141
2022-01-19 23:04:43,987 root                INFO: Train: Epoch  98: train loss 0.0173
2022-01-19 23:04:44,582 root                INFO: Train: Epoch  99: train loss 0.0214
2022-01-19 23:04:45,173 root                INFO: Train: Epoch 100: train loss 0.0183
2022-01-19 23:04:45,781 root                INFO: Train: Epoch 101: train loss 0.0156
2022-01-19 23:04:46,340 root                INFO: Train: Epoch 102: train loss 0.0115
2022-01-19 23:04:46,906 root                INFO: Train: Epoch 103: train loss 0.0192
2022-01-19 23:04:47,511 root                INFO: Train: Epoch 104: train loss 0.0150
2022-01-19 23:04:48,092 root                INFO: Train: Epoch 105: train loss 0.0210
2022-01-19 23:04:48,657 root                INFO: Train: Epoch 106: train loss 0.0188
2022-01-19 23:04:49,278 root                INFO: Train: Epoch 107: train loss 0.0159
2022-01-19 23:04:49,837 root                INFO: Train: Epoch 108: train loss 0.0135
2022-01-19 23:04:50,412 root                INFO: Train: Epoch 109: train loss 0.0187
2022-01-19 23:04:51,066 root                INFO: Train: Epoch 110: train loss 0.0204
2022-01-19 23:04:51,722 root                INFO: Train: Epoch 111: train loss 0.0217
2022-01-19 23:04:52,298 root                INFO: Train: Epoch 112: train loss 0.0169
2022-01-19 23:04:52,892 root                INFO: Train: Epoch 113: train loss 0.0163
2022-01-19 23:04:53,486 root                INFO: Train: Epoch 114: train loss 0.0183
2022-01-19 23:04:54,078 root                INFO: Train: Epoch 115: train loss 0.0222
2022-01-19 23:04:54,666 root                INFO: Train: Epoch 116: train loss 0.0167
2022-01-19 23:04:55,256 root                INFO: Train: Epoch 117: train loss 0.0125
2022-01-19 23:04:55,869 root                INFO: Train: Epoch 118: train loss 0.0127
2022-01-19 23:04:56,468 root                INFO: Train: Epoch 119: train loss 0.0171
2022-01-19 23:04:57,060 root                INFO: Train: Epoch 120: train loss 0.0156
2022-01-19 23:04:57,689 root                INFO: Train: Epoch 121: train loss 0.0165
2022-01-19 23:04:58,263 root                INFO: Train: Epoch 122: train loss 0.0134
2022-01-19 23:04:58,877 root                INFO: Train: Epoch 123: train loss 0.0114
2022-01-19 23:04:59,507 root                INFO: Train: Epoch 124: train loss 0.0124
2022-01-19 23:05:00,092 root                INFO: Train: Epoch 125: train loss 0.0194
2022-01-19 23:05:00,703 root                INFO: Train: Epoch 126: train loss 0.0163
2022-01-19 23:05:01,322 root                INFO: Train: Epoch 127: train loss 0.0189
2022-01-19 23:05:01,928 root                INFO: Train: Epoch 128: train loss 0.0144
2022-01-19 23:05:02,550 root                INFO: Train: Epoch 129: train loss 0.0134
2022-01-19 23:05:03,165 root                INFO: Train: Epoch 130: train loss 0.0149
2022-01-19 23:05:03,784 root                INFO: Train: Epoch 131: train loss 0.0148
2022-01-19 23:05:04,429 root                INFO: Train: Epoch 132: train loss 0.0089
2022-01-19 23:05:05,058 root                INFO: Train: Epoch 133: train loss 0.0136
2022-01-19 23:05:05,664 root                INFO: Train: Epoch 134: train loss 0.0131
2022-01-19 23:05:06,279 root                INFO: Train: Epoch 135: train loss 0.0124
2022-01-19 23:05:06,890 root                INFO: Train: Epoch 136: train loss 0.0120
2022-01-19 23:05:07,497 root                INFO: Train: Epoch 137: train loss 0.0096
2022-01-19 23:05:08,073 root                INFO: Train: Epoch 138: train loss 0.0139
2022-01-19 23:05:08,658 root                INFO: Train: Epoch 139: train loss 0.0114
2022-01-19 23:05:09,297 root                INFO: Train: Epoch 140: train loss 0.0161
2022-01-19 23:05:09,874 root                INFO: Train: Epoch 141: train loss 0.0101
2022-01-19 23:05:10,449 root                INFO: Train: Epoch 142: train loss 0.0080
2022-01-19 23:05:11,059 root                INFO: Train: Epoch 143: train loss 0.0101
2022-01-19 23:05:11,649 root                INFO: Train: Epoch 144: train loss 0.0131
2022-01-19 23:05:12,251 root                INFO: Train: Epoch 145: train loss 0.0070
2022-01-19 23:05:12,838 root                INFO: Train: Epoch 146: train loss 0.0124
2022-01-19 23:05:13,423 root                INFO: Train: Epoch 147: train loss 0.0111
2022-01-19 23:05:14,026 root                INFO: Train: Epoch 148: train loss 0.0125
2022-01-19 23:05:14,704 root                INFO: Train: Epoch 149: train loss 0.0111
2022-01-19 23:05:15,312 root                INFO: Train: Epoch 150: train loss 0.0089
2022-01-19 23:05:15,922 root                INFO: Train: Epoch 151: train loss 0.0095
2022-01-19 23:05:16,589 root                INFO: Train: Epoch 152: train loss 0.0108
2022-01-19 23:05:17,182 root                INFO: Train: Epoch 153: train loss 0.0097
2022-01-19 23:05:17,755 root                INFO: Train: Epoch 154: train loss 0.0179
2022-01-19 23:05:18,366 root                INFO: Train: Epoch 155: train loss 0.0093
2022-01-19 23:05:18,966 root                INFO: Train: Epoch 156: train loss 0.0091
2022-01-19 23:05:19,586 root                INFO: Train: Epoch 157: train loss 0.0120
2022-01-19 23:05:20,175 root                INFO: Train: Epoch 158: train loss 0.0136
2022-01-19 23:05:20,771 root                INFO: Train: Epoch 159: train loss 0.0195
2022-01-19 23:05:21,361 root                INFO: Train: Epoch 160: train loss 0.0116
2022-01-19 23:05:21,935 root                INFO: Train: Epoch 161: train loss 0.0135
2022-01-19 23:05:22,534 root                INFO: Train: Epoch 162: train loss 0.0112
2022-01-19 23:05:23,227 root                INFO: Train: Epoch 163: train loss 0.0127
2022-01-19 23:05:23,836 root                INFO: Train: Epoch 164: train loss 0.0103
2022-01-19 23:05:24,431 root                INFO: Train: Epoch 165: train loss 0.0077
2022-01-19 23:05:25,016 root                INFO: Train: Epoch 166: train loss 0.0154
2022-01-19 23:05:25,607 root                INFO: Train: Epoch 167: train loss 0.0091
2022-01-19 23:05:26,211 root                INFO: Train: Epoch 168: train loss 0.0103
2022-01-19 23:05:26,826 root                INFO: Train: Epoch 169: train loss 0.0074
2022-01-19 23:05:27,422 root                INFO: Train: Epoch 170: train loss 0.0071
2022-01-19 23:05:28,019 root                INFO: Train: Epoch 171: train loss 0.0112
2022-01-19 23:05:28,615 root                INFO: Train: Epoch 172: train loss 0.0069
2022-01-19 23:05:29,207 root                INFO: Train: Epoch 173: train loss 0.0102
2022-01-19 23:05:29,784 root                INFO: Train: Epoch 174: train loss 0.0106
2022-01-19 23:05:30,395 root                INFO: Train: Epoch 175: train loss 0.0121
2022-01-19 23:05:31,005 root                INFO: Train: Epoch 176: train loss 0.0124
2022-01-19 23:05:31,610 root                INFO: Train: Epoch 177: train loss 0.0075
2022-01-19 23:05:32,186 root                INFO: Train: Epoch 178: train loss 0.0057
2022-01-19 23:05:32,761 root                INFO: Train: Epoch 179: train loss 0.0125
2022-01-19 23:05:33,369 root                INFO: Train: Epoch 180: train loss 0.0085
2022-01-19 23:05:33,963 root                INFO: Train: Epoch 181: train loss 0.0092
2022-01-19 23:05:34,580 root                INFO: Train: Epoch 182: train loss 0.0119
2022-01-19 23:05:35,169 root                INFO: Train: Epoch 183: train loss 0.0097
2022-01-19 23:05:35,743 root                INFO: Train: Epoch 184: train loss 0.0099
2022-01-19 23:05:36,311 root                INFO: Train: Epoch 185: train loss 0.0046
2022-01-19 23:05:36,904 root                INFO: Train: Epoch 186: train loss 0.0121
2022-01-19 23:05:37,502 root                INFO: Train: Epoch 187: train loss 0.0112
2022-01-19 23:05:38,101 root                INFO: Train: Epoch 188: train loss 0.0077
2022-01-19 23:05:38,688 root                INFO: Train: Epoch 189: train loss 0.0153
2022-01-19 23:05:39,273 root                INFO: Train: Epoch 190: train loss 0.0093
2022-01-19 23:05:39,841 root                INFO: Train: Epoch 191: train loss 0.0128
2022-01-19 23:05:40,419 root                INFO: Train: Epoch 192: train loss 0.0086
2022-01-19 23:05:41,041 root                INFO: Train: Epoch 193: train loss 0.0062
2022-01-19 23:05:41,609 root                INFO: Train: Epoch 194: train loss 0.0092
2022-01-19 23:05:42,227 root                INFO: Train: Epoch 195: train loss 0.0113
2022-01-19 23:05:42,828 root                INFO: Train: Epoch 196: train loss 0.0070
2022-01-19 23:05:44,714 root                INFO: Valid: Epoch 196: kendall tau 0.6712; loss 0.2133
2022-01-19 23:05:45,298 root                INFO: Train: Epoch 197: train loss 0.0072
2022-01-19 23:05:47,208 root                INFO: Valid: Epoch 197: kendall tau 0.6599; loss 0.229
2022-01-19 23:05:47,773 root                INFO: Train: Epoch 198: train loss 0.0129
2022-01-19 23:05:49,559 root                INFO: Valid: Epoch 198: kendall tau 0.6469; loss 0.2379
2022-01-19 23:05:50,183 root                INFO: Train: Epoch 199: train loss 0.0053
2022-01-19 23:05:51,950 root                INFO: Valid: Epoch 199: kendall tau 0.6358; loss 0.2383
2022-01-19 23:05:52,511 root                INFO: Train: Epoch 200: train loss 0.0074
2022-01-19 23:05:54,331 root                INFO: Valid: Epoch 200: kendall tau 0.6274; loss 0.2387
2022-01-19 23:05:54,337 root                INFO: Epoch 200: Save checkpoint to nb1shot1_ablation_scale/true/0.1_0.01/1/21/200.ckpt
2022-01-19 23:05:56,307 root                INFO: [0.0, 0.19444444444444445, 0.2916666666666667, 0.47527472527472525, 0.5720164609053497, 0.8249657064471879, 1.0]
2022-01-19 23:05:56,307 root                INFO: [21, 14]
