2022-01-20 16:04:38,727 root                INFO: GPU device = 1
2022-01-20 16:04:38,728 root                INFO: Load pkl cache from nasbench301_train.pkl and nasbench301_valid.pkl
2022-01-20 16:04:39,805 root                INFO: Config: {'arch_network_cfg': {'arch_embedder_cfg': {'take_adj_as_input': True, 'gcn_kwargs': {'residual_only': 2}, 'gcn_out_dims': [64, 64, 64, 64, 64], 'hidden_dim': 32, 'node_dim': 32, 'op_dim': 32, 'use_bn': False, 'final_concat': False, 'other_node_zero': False, 'num_time_steps': 4, 'fb_conversion_dims': [64, 64], 'backward_gcn_out_dims': [64, 64, 64, 64, 64], 'updateopemb_method': 'concat_ofb', 'updateopemb_dims': [64], 'share_skip_and_outskip': True, 'detach_vinfo': False, 'updateopemb_scale': 0.1, 'updateopemb_detach_opemb': True, 'updateopemb_detach_finfo': True, 'mask_nonparametrized_ops': True, 'symmetry_breaking_method': 'param_zs_add', 'concat_param_zs_as_opemb_dimension': 5, 'concat_param_zs_as_opemb_scale': 1.0}, 'arch_embedder_type': 'cellss-fbflow', 'compare_loss_type': 'margin_linear', 'compare_margin': 0.1, 'mlp_dropout': 0.1, 'mlp_hiddens': [200], 'optimizer': {'lr': 0.001, 'type': 'Adam'}, 'scheduler': None}, 'arch_network_type': 'pointwise_comparator', 'batch_size': 128, 'choose_pair_criterion': 'random', 'compare': True, 'compare_threshold': 0.0, 'epochs': 200, 'max_compare_ratio': 16.0}
2022-01-20 16:04:43,213 root                INFO: Combined args: Namespace(arch_network_type='pointwise_comparator', batch_size=128, cfg_file='cfgs/nb301_cfgs/gates_true_masktrue.yaml', choose_pair_criterion='random', compare=True, compare_threshold=0.0, epochs=200, eval_only_last=1, gpu=1, load=None, max_compare_ratio=16.0, num_workers=4, report_freq=200, save_every=200, save_predict=None, seed=202121, test_funcs=None, test_only=False, train_dir='nb301_ablation_mask/true/true_0.1/12/202121', train_pkl='../mynas/data/nasbench-301/nasbench301_train_mtx_12.pkl', train_ratio=0.1, valid_pkl='../mynas/data/nasbench-301/nasbench301_valid_mtx.pkl')
2022-01-20 16:04:43,222 root                INFO: Train dataset ratio: 0.100
2022-01-20 16:04:43,223 root                INFO: Number of architectures: train: 589; valid: 51072
2022-01-20 16:05:00,355 root                INFO: Train: Epoch   1: train loss 0.0989
2022-01-20 16:05:02,112 root                INFO: Train: Epoch   2: train loss 0.0885
2022-01-20 16:05:03,861 root                INFO: Train: Epoch   3: train loss 0.0607
2022-01-20 16:05:05,620 root                INFO: Train: Epoch   4: train loss 0.0417
2022-01-20 16:05:07,368 root                INFO: Train: Epoch   5: train loss 0.0378
2022-01-20 16:05:09,121 root                INFO: Train: Epoch   6: train loss 0.0357
2022-01-20 16:05:10,901 root                INFO: Train: Epoch   7: train loss 0.0337
2022-01-20 16:05:12,713 root                INFO: Train: Epoch   8: train loss 0.0330
2022-01-20 16:05:14,503 root                INFO: Train: Epoch   9: train loss 0.0323
2022-01-20 16:05:16,274 root                INFO: Train: Epoch  10: train loss 0.0326
2022-01-20 16:05:18,042 root                INFO: Train: Epoch  11: train loss 0.0325
2022-01-20 16:05:19,781 root                INFO: Train: Epoch  12: train loss 0.0310
2022-01-20 16:05:21,520 root                INFO: Train: Epoch  13: train loss 0.0298
2022-01-20 16:05:23,220 root                INFO: Train: Epoch  14: train loss 0.0280
2022-01-20 16:05:24,968 root                INFO: Train: Epoch  15: train loss 0.0285
2022-01-20 16:05:26,721 root                INFO: Train: Epoch  16: train loss 0.0264
2022-01-20 16:05:28,456 root                INFO: Train: Epoch  17: train loss 0.0267
2022-01-20 16:05:30,191 root                INFO: Train: Epoch  18: train loss 0.0252
2022-01-20 16:05:31,938 root                INFO: Train: Epoch  19: train loss 0.0264
2022-01-20 16:05:33,691 root                INFO: Train: Epoch  20: train loss 0.0250
2022-01-20 16:05:35,437 root                INFO: Train: Epoch  21: train loss 0.0243
2022-01-20 16:05:37,182 root                INFO: Train: Epoch  22: train loss 0.0240
2022-01-20 16:05:38,985 root                INFO: Train: Epoch  23: train loss 0.0233
2022-01-20 16:05:40,734 root                INFO: Train: Epoch  24: train loss 0.0219
2022-01-20 16:05:42,502 root                INFO: Train: Epoch  25: train loss 0.0222
2022-01-20 16:05:44,240 root                INFO: Train: Epoch  26: train loss 0.0221
2022-01-20 16:05:46,012 root                INFO: Train: Epoch  27: train loss 0.0203
2022-01-20 16:05:47,765 root                INFO: Train: Epoch  28: train loss 0.0205
2022-01-20 16:05:49,530 root                INFO: Train: Epoch  29: train loss 0.0197
2022-01-20 16:05:51,299 root                INFO: Train: Epoch  30: train loss 0.0189
2022-01-20 16:05:53,079 root                INFO: Train: Epoch  31: train loss 0.0186
2022-01-20 16:05:54,868 root                INFO: Train: Epoch  32: train loss 0.0188
2022-01-20 16:05:56,641 root                INFO: Train: Epoch  33: train loss 0.0181
2022-01-20 16:05:58,462 root                INFO: Train: Epoch  34: train loss 0.0176
2022-01-20 16:06:00,258 root                INFO: Train: Epoch  35: train loss 0.0171
2022-01-20 16:06:02,078 root                INFO: Train: Epoch  36: train loss 0.0168
2022-01-20 16:06:03,883 root                INFO: Train: Epoch  37: train loss 0.0175
2022-01-20 16:06:05,674 root                INFO: Train: Epoch  38: train loss 0.0164
2022-01-20 16:06:07,437 root                INFO: Train: Epoch  39: train loss 0.0177
2022-01-20 16:06:09,178 root                INFO: Train: Epoch  40: train loss 0.0171
2022-01-20 16:06:10,949 root                INFO: Train: Epoch  41: train loss 0.0164
2022-01-20 16:06:12,734 root                INFO: Train: Epoch  42: train loss 0.0165
2022-01-20 16:06:14,523 root                INFO: Train: Epoch  43: train loss 0.0157
2022-01-20 16:06:16,276 root                INFO: Train: Epoch  44: train loss 0.0150
2022-01-20 16:06:18,051 root                INFO: Train: Epoch  45: train loss 0.0158
2022-01-20 16:06:19,784 root                INFO: Train: Epoch  46: train loss 0.0165
2022-01-20 16:06:21,523 root                INFO: Train: Epoch  47: train loss 0.0169
2022-01-20 16:06:23,241 root                INFO: Train: Epoch  48: train loss 0.0163
2022-01-20 16:06:24,966 root                INFO: Train: Epoch  49: train loss 0.0167
2022-01-20 16:06:26,710 root                INFO: Train: Epoch  50: train loss 0.0162
2022-01-20 16:06:28,415 root                INFO: Train: Epoch  51: train loss 0.0148
2022-01-20 16:06:30,149 root                INFO: Train: Epoch  52: train loss 0.0145
2022-01-20 16:06:31,894 root                INFO: Train: Epoch  53: train loss 0.0144
2022-01-20 16:06:33,628 root                INFO: Train: Epoch  54: train loss 0.0156
2022-01-20 16:06:35,371 root                INFO: Train: Epoch  55: train loss 0.0151
2022-01-20 16:06:37,142 root                INFO: Train: Epoch  56: train loss 0.0151
2022-01-20 16:06:38,916 root                INFO: Train: Epoch  57: train loss 0.0137
2022-01-20 16:06:40,720 root                INFO: Train: Epoch  58: train loss 0.0136
2022-01-20 16:06:42,533 root                INFO: Train: Epoch  59: train loss 0.0139
2022-01-20 16:06:44,302 root                INFO: Train: Epoch  60: train loss 0.0133
2022-01-20 16:06:46,074 root                INFO: Train: Epoch  61: train loss 0.0136
2022-01-20 16:06:47,796 root                INFO: Train: Epoch  62: train loss 0.0124
2022-01-20 16:06:49,549 root                INFO: Train: Epoch  63: train loss 0.0123
2022-01-20 16:06:51,266 root                INFO: Train: Epoch  64: train loss 0.0126
2022-01-20 16:06:52,973 root                INFO: Train: Epoch  65: train loss 0.0128
2022-01-20 16:06:54,728 root                INFO: Train: Epoch  66: train loss 0.0120
2022-01-20 16:06:56,465 root                INFO: Train: Epoch  67: train loss 0.0126
2022-01-20 16:06:58,196 root                INFO: Train: Epoch  68: train loss 0.0119
2022-01-20 16:06:59,939 root                INFO: Train: Epoch  69: train loss 0.0112
2022-01-20 16:07:01,678 root                INFO: Train: Epoch  70: train loss 0.0115
2022-01-20 16:07:03,425 root                INFO: Train: Epoch  71: train loss 0.0109
2022-01-20 16:07:05,180 root                INFO: Train: Epoch  72: train loss 0.0103
2022-01-20 16:07:06,882 root                INFO: Train: Epoch  73: train loss 0.0112
2022-01-20 16:07:08,586 root                INFO: Train: Epoch  74: train loss 0.0117
2022-01-20 16:07:10,304 root                INFO: Train: Epoch  75: train loss 0.0124
2022-01-20 16:07:11,998 root                INFO: Train: Epoch  76: train loss 0.0118
2022-01-20 16:07:13,683 root                INFO: Train: Epoch  77: train loss 0.0134
2022-01-20 16:07:15,394 root                INFO: Train: Epoch  78: train loss 0.0122
2022-01-20 16:07:17,070 root                INFO: Train: Epoch  79: train loss 0.0115
2022-01-20 16:07:18,772 root                INFO: Train: Epoch  80: train loss 0.0121
2022-01-20 16:07:20,500 root                INFO: Train: Epoch  81: train loss 0.0111
2022-01-20 16:07:22,210 root                INFO: Train: Epoch  82: train loss 0.0105
2022-01-20 16:07:23,981 root                INFO: Train: Epoch  83: train loss 0.0105
2022-01-20 16:07:25,756 root                INFO: Train: Epoch  84: train loss 0.0105
2022-01-20 16:07:27,498 root                INFO: Train: Epoch  85: train loss 0.0105
2022-01-20 16:07:29,239 root                INFO: Train: Epoch  86: train loss 0.0097
2022-01-20 16:07:30,980 root                INFO: Train: Epoch  87: train loss 0.0097
2022-01-20 16:07:32,686 root                INFO: Train: Epoch  88: train loss 0.0090
2022-01-20 16:07:34,413 root                INFO: Train: Epoch  89: train loss 0.0095
2022-01-20 16:07:36,123 root                INFO: Train: Epoch  90: train loss 0.0090
2022-01-20 16:07:37,832 root                INFO: Train: Epoch  91: train loss 0.0093
2022-01-20 16:07:39,519 root                INFO: Train: Epoch  92: train loss 0.0083
2022-01-20 16:07:41,209 root                INFO: Train: Epoch  93: train loss 0.0089
2022-01-20 16:07:42,897 root                INFO: Train: Epoch  94: train loss 0.0099
2022-01-20 16:07:44,601 root                INFO: Train: Epoch  95: train loss 0.0103
2022-01-20 16:07:46,325 root                INFO: Train: Epoch  96: train loss 0.0105
2022-01-20 16:07:48,024 root                INFO: Train: Epoch  97: train loss 0.0098
2022-01-20 16:07:49,787 root                INFO: Train: Epoch  98: train loss 0.0106
2022-01-20 16:07:51,552 root                INFO: Train: Epoch  99: train loss 0.0087
2022-01-20 16:07:53,297 root                INFO: Train: Epoch 100: train loss 0.0082
2022-01-20 16:07:55,064 root                INFO: Train: Epoch 101: train loss 0.0088
2022-01-20 16:07:56,821 root                INFO: Train: Epoch 102: train loss 0.0090
2022-01-20 16:07:58,589 root                INFO: Train: Epoch 103: train loss 0.0082
2022-01-20 16:08:00,346 root                INFO: Train: Epoch 104: train loss 0.0087
2022-01-20 16:08:02,072 root                INFO: Train: Epoch 105: train loss 0.0100
2022-01-20 16:08:03,785 root                INFO: Train: Epoch 106: train loss 0.0083
2022-01-20 16:08:05,488 root                INFO: Train: Epoch 107: train loss 0.0080
2022-01-20 16:08:07,186 root                INFO: Train: Epoch 108: train loss 0.0091
2022-01-20 16:08:08,857 root                INFO: Train: Epoch 109: train loss 0.0079
2022-01-20 16:08:10,535 root                INFO: Train: Epoch 110: train loss 0.0084
2022-01-20 16:08:12,237 root                INFO: Train: Epoch 111: train loss 0.0077
2022-01-20 16:08:13,948 root                INFO: Train: Epoch 112: train loss 0.0081
2022-01-20 16:08:15,668 root                INFO: Train: Epoch 113: train loss 0.0083
2022-01-20 16:08:17,410 root                INFO: Train: Epoch 114: train loss 0.0082
2022-01-20 16:08:19,141 root                INFO: Train: Epoch 115: train loss 0.0085
2022-01-20 16:08:20,889 root                INFO: Train: Epoch 116: train loss 0.0085
2022-01-20 16:08:22,680 root                INFO: Train: Epoch 117: train loss 0.0091
2022-01-20 16:08:24,434 root                INFO: Train: Epoch 118: train loss 0.0088
2022-01-20 16:08:26,210 root                INFO: Train: Epoch 119: train loss 0.0085
2022-01-20 16:08:27,955 root                INFO: Train: Epoch 120: train loss 0.0075
2022-01-20 16:08:29,686 root                INFO: Train: Epoch 121: train loss 0.0083
2022-01-20 16:08:31,411 root                INFO: Train: Epoch 122: train loss 0.0084
2022-01-20 16:08:33,105 root                INFO: Train: Epoch 123: train loss 0.0088
2022-01-20 16:08:34,790 root                INFO: Train: Epoch 124: train loss 0.0096
2022-01-20 16:08:36,473 root                INFO: Train: Epoch 125: train loss 0.0090
2022-01-20 16:08:38,148 root                INFO: Train: Epoch 126: train loss 0.0086
2022-01-20 16:08:39,823 root                INFO: Train: Epoch 127: train loss 0.0079
2022-01-20 16:08:41,510 root                INFO: Train: Epoch 128: train loss 0.0074
2022-01-20 16:08:43,237 root                INFO: Train: Epoch 129: train loss 0.0086
2022-01-20 16:08:44,969 root                INFO: Train: Epoch 130: train loss 0.0081
2022-01-20 16:08:46,709 root                INFO: Train: Epoch 131: train loss 0.0083
2022-01-20 16:08:48,441 root                INFO: Train: Epoch 132: train loss 0.0087
2022-01-20 16:08:50,183 root                INFO: Train: Epoch 133: train loss 0.0076
2022-01-20 16:08:51,929 root                INFO: Train: Epoch 134: train loss 0.0072
2022-01-20 16:08:53,670 root                INFO: Train: Epoch 135: train loss 0.0080
2022-01-20 16:08:55,393 root                INFO: Train: Epoch 136: train loss 0.0071
2022-01-20 16:08:57,131 root                INFO: Train: Epoch 137: train loss 0.0064
2022-01-20 16:08:58,863 root                INFO: Train: Epoch 138: train loss 0.0071
2022-01-20 16:09:00,590 root                INFO: Train: Epoch 139: train loss 0.0064
2022-01-20 16:09:02,302 root                INFO: Train: Epoch 140: train loss 0.0064
2022-01-20 16:09:04,015 root                INFO: Train: Epoch 141: train loss 0.0063
2022-01-20 16:09:05,698 root                INFO: Train: Epoch 142: train loss 0.0069
2022-01-20 16:09:07,392 root                INFO: Train: Epoch 143: train loss 0.0065
2022-01-20 16:09:09,119 root                INFO: Train: Epoch 144: train loss 0.0066
2022-01-20 16:09:10,839 root                INFO: Train: Epoch 145: train loss 0.0061
2022-01-20 16:09:12,565 root                INFO: Train: Epoch 146: train loss 0.0072
2022-01-20 16:09:14,297 root                INFO: Train: Epoch 147: train loss 0.0065
2022-01-20 16:09:16,068 root                INFO: Train: Epoch 148: train loss 0.0073
2022-01-20 16:09:17,826 root                INFO: Train: Epoch 149: train loss 0.0074
2022-01-20 16:09:19,584 root                INFO: Train: Epoch 150: train loss 0.0060
2022-01-20 16:09:21,326 root                INFO: Train: Epoch 151: train loss 0.0072
2022-01-20 16:09:23,069 root                INFO: Train: Epoch 152: train loss 0.0069
2022-01-20 16:09:24,843 root                INFO: Train: Epoch 153: train loss 0.0079
2022-01-20 16:09:26,606 root                INFO: Train: Epoch 154: train loss 0.0072
2022-01-20 16:09:28,413 root                INFO: Train: Epoch 155: train loss 0.0073
2022-01-20 16:09:30,175 root                INFO: Train: Epoch 156: train loss 0.0070
2022-01-20 16:09:31,981 root                INFO: Train: Epoch 157: train loss 0.0070
2022-01-20 16:09:33,784 root                INFO: Train: Epoch 158: train loss 0.0070
2022-01-20 16:09:35,589 root                INFO: Train: Epoch 159: train loss 0.0075
2022-01-20 16:09:37,403 root                INFO: Train: Epoch 160: train loss 0.0075
2022-01-20 16:09:39,192 root                INFO: Train: Epoch 161: train loss 0.0079
2022-01-20 16:09:40,960 root                INFO: Train: Epoch 162: train loss 0.0080
2022-01-20 16:09:42,719 root                INFO: Train: Epoch 163: train loss 0.0074
2022-01-20 16:09:44,467 root                INFO: Train: Epoch 164: train loss 0.0078
2022-01-20 16:09:46,238 root                INFO: Train: Epoch 165: train loss 0.0070
2022-01-20 16:09:48,000 root                INFO: Train: Epoch 166: train loss 0.0068
2022-01-20 16:09:49,753 root                INFO: Train: Epoch 167: train loss 0.0073
2022-01-20 16:09:51,503 root                INFO: Train: Epoch 168: train loss 0.0070
2022-01-20 16:09:53,250 root                INFO: Train: Epoch 169: train loss 0.0075
2022-01-20 16:09:54,987 root                INFO: Train: Epoch 170: train loss 0.0071
2022-01-20 16:09:56,745 root                INFO: Train: Epoch 171: train loss 0.0074
2022-01-20 16:09:58,460 root                INFO: Train: Epoch 172: train loss 0.0066
2022-01-20 16:10:00,036 root                INFO: Train: Epoch 173: train loss 0.0067
2022-01-20 16:10:01,634 root                INFO: Train: Epoch 174: train loss 0.0061
2022-01-20 16:10:03,268 root                INFO: Train: Epoch 175: train loss 0.0067
2022-01-20 16:10:04,891 root                INFO: Train: Epoch 176: train loss 0.0068
2022-01-20 16:10:06,536 root                INFO: Train: Epoch 177: train loss 0.0065
2022-01-20 16:10:08,203 root                INFO: Train: Epoch 178: train loss 0.0058
2022-01-20 16:10:09,846 root                INFO: Train: Epoch 179: train loss 0.0059
2022-01-20 16:10:11,483 root                INFO: Train: Epoch 180: train loss 0.0063
2022-01-20 16:10:13,028 root                INFO: Train: Epoch 181: train loss 0.0057
2022-01-20 16:10:14,560 root                INFO: Train: Epoch 182: train loss 0.0059
2022-01-20 16:10:16,113 root                INFO: Train: Epoch 183: train loss 0.0062
2022-01-20 16:10:17,700 root                INFO: Train: Epoch 184: train loss 0.0061
2022-01-20 16:10:19,296 root                INFO: Train: Epoch 185: train loss 0.0060
2022-01-20 16:10:20,938 root                INFO: Train: Epoch 186: train loss 0.0061
2022-01-20 16:10:22,560 root                INFO: Train: Epoch 187: train loss 0.0071
2022-01-20 16:10:24,262 root                INFO: Train: Epoch 188: train loss 0.0066
2022-01-20 16:10:26,029 root                INFO: Train: Epoch 189: train loss 0.0067
2022-01-20 16:10:27,765 root                INFO: Train: Epoch 190: train loss 0.0069
2022-01-20 16:10:29,507 root                INFO: Train: Epoch 191: train loss 0.0082
2022-01-20 16:10:31,255 root                INFO: Train: Epoch 192: train loss 0.0081
2022-01-20 16:10:32,980 root                INFO: Train: Epoch 193: train loss 0.0071
2022-01-20 16:10:34,693 root                INFO: Train: Epoch 194: train loss 0.0066
2022-01-20 16:10:36,397 root                INFO: Train: Epoch 195: train loss 0.0068
2022-01-20 16:10:38,126 root                INFO: Train: Epoch 196: train loss 0.0066
2022-01-20 16:10:39,859 root                INFO: Train: Epoch 197: train loss 0.0062
2022-01-20 16:10:41,573 root                INFO: Train: Epoch 198: train loss 0.0062
2022-01-20 16:10:43,273 root                INFO: Train: Epoch 199: train loss 0.0068
2022-01-20 16:10:44,988 root                INFO: Train: Epoch 200: train loss 0.0068
2022-01-20 16:11:01,728 root                INFO: Valid: Epoch 200: kendall tau 0.7288; loss 0.2484
2022-01-20 16:11:01,735 root                INFO: Epoch 200: Save checkpoint to nb301_ablation_mask/true/true_0.1/12/202121/200.ckpt
2022-01-20 16:11:18,338 root                INFO: [0.09803921568627451, 0.1411764705882353, 0.2235294117647059, 0.6259302781041911, 0.7787350695124339, 0.8681860902255639, 1.0]
2022-01-20 16:11:18,338 root                INFO: [197, 197]
