2022-01-21 15:45:38,844 root                INFO: GPU device = 4
2022-01-21 15:45:38,845 root                INFO: Load pkl cache from nasbench101.pkl and nasbench101_valid.pkl
2022-01-21 15:45:39,240 root                INFO: Config: {'arch_network_cfg': {'arch_embedder_cfg': {'gcn_kwargs': {'plus_I': True, 'residual_only': 1}, 'gcn_out_dims': [128, 128, 128, 128, 128], 'backward_gcn_out_dims': [128, 128, 128, 128, 128], 'hid_dim': 96, 'node_embedding_dim': 48, 'op_embedding_dim': 48, 'num_time_steps': 2, 'fb_conversion_dims': [128, 128], 'updateopemb_method': 'concat_ofb', 'updateopemb_dims': [128], 'updateopemb_scale': 0.1, 'b_use_bn': False, 'detach_vinfo': False, 'updateopemb_detach_opemb': True, 'updateopemb_detach_finfo': True, 'symmetry_breaking_method': 'param_zs_add', 'concat_param_zs_as_opemb_dimension': 7, 'concat_param_zs_as_opemb_scale': 1.0, 'mask_nonparametrized_ops': False}, 'arch_embedder_type': 'nb101-fbflow-anytime', 'compare_loss_type': 'margin_linear', 'compare_margin': 0.1, 'mlp_dropout': 0.1, 'mlp_hiddens': [200], 'mlp_out_dim': 1, 'optimizer': {'lr': 0.001, 'type': 'Adam'}, 'scheduler': None}, 'batch_size': 512, 'choose_pair_criterion': 'random', 'compare': False, 'compare_threshold': 0.0, 'epochs': 400, 'max_compare_ratio': 4.0}
2022-01-21 15:45:54,004 root                INFO: Combined args: Namespace(batch_size=512, cfg_file='cfgs/nb101_cfgs/tagates_anytime.yaml', choose_pair_criterion='random', compare=False, compare_threshold=0.0, epochs=400, eval_only_last=200, gpu=4, load=None, max_compare_ratio=4.0, num_workers=4, report_freq=200, save_every=200, save_predict=None, seed=21, test_funcs=None, test_only=False, train_dir='nb1shot1_anytime_tagates/tagates_0.01/12/21', train_pkl='../mynas/data/nasbench-1shot1/nasbench101_anytime_train_12.pkl', train_ratio=0.01, valid_pkl='../mynas/data/nasbench-1shot1/nasbench101_anytime_valid.pkl')
2022-01-21 15:45:54,018 root                INFO: Train dataset ratio: 0.010
2022-01-21 15:45:54,018 root                INFO: Number of architectures: train: 72; valid: 7290
2022-01-21 15:45:58,517 root                INFO: Train: Epoch   1: train loss 0.2463
2022-01-21 15:46:00,150 root                INFO: Train: Epoch   2: train loss 0.2244
2022-01-21 15:47:21,024 root                INFO: GPU device = 4
2022-01-21 15:47:21,025 root                INFO: Load pkl cache from nasbench101.pkl and nasbench101_valid.pkl
2022-01-21 15:47:21,412 root                INFO: Config: {'arch_network_cfg': {'arch_embedder_cfg': {'gcn_kwargs': {'plus_I': True, 'residual_only': 1}, 'gcn_out_dims': [128, 128, 128, 128, 128], 'backward_gcn_out_dims': [128, 128, 128, 128, 128], 'hid_dim': 96, 'node_embedding_dim': 48, 'op_embedding_dim': 48, 'num_time_steps': 2, 'fb_conversion_dims': [128, 128], 'updateopemb_method': 'concat_ofb', 'updateopemb_dims': [128], 'updateopemb_scale': 0.1, 'b_use_bn': False, 'detach_vinfo': False, 'updateopemb_detach_opemb': True, 'updateopemb_detach_finfo': True, 'symmetry_breaking_method': 'param_zs_add', 'concat_param_zs_as_opemb_dimension': 7, 'concat_param_zs_as_opemb_scale': 1.0, 'mask_nonparametrized_ops': False}, 'arch_embedder_type': 'nb101-fbflow-anytime', 'compare_loss_type': 'margin_linear', 'compare_margin': 0.1, 'mlp_dropout': 0.1, 'mlp_hiddens': [200], 'mlp_out_dim': 1, 'optimizer': {'lr': 0.001, 'type': 'Adam'}, 'scheduler': None}, 'batch_size': 512, 'choose_pair_criterion': 'random', 'compare': False, 'compare_threshold': 0.0, 'epochs': 200, 'max_compare_ratio': 4.0}
2022-01-21 15:47:33,011 root                INFO: Combined args: Namespace(batch_size=512, cfg_file='cfgs/nb101_cfgs/tagates_anytime.yaml', choose_pair_criterion='random', compare=False, compare_threshold=0.0, epochs=200, eval_only_last=200, gpu=4, load=None, max_compare_ratio=4.0, num_workers=4, report_freq=200, save_every=200, save_predict=None, seed=21, test_funcs=None, test_only=False, train_dir='nb1shot1_anytime_tagates/tagates_0.01/12/21', train_pkl='../mynas/data/nasbench-1shot1/nasbench101_anytime_train_12.pkl', train_ratio=0.01, valid_pkl='../mynas/data/nasbench-1shot1/nasbench101_anytime_valid.pkl')
2022-01-21 15:47:33,029 root                INFO: Train dataset ratio: 0.010
2022-01-21 15:47:33,031 root                INFO: Number of architectures: train: 72; valid: 7290
2022-01-21 15:47:35,865 root                INFO: Train: Epoch   1: train loss 0.2463
2022-01-21 15:47:38,197 root                INFO: Valid: Epoch   1: kendall tau 0.2704 0.3887; loss 0.02963 0.1597
2022-01-21 15:47:38,991 root                INFO: Train: Epoch   2: train loss 0.2244
2022-01-21 15:47:41,067 root                INFO: Valid: Epoch   2: kendall tau 0.3047 0.3915; loss 0.02711 0.1442
2022-01-21 15:47:41,570 root                INFO: Train: Epoch   3: train loss 0.2013
2022-01-21 15:47:43,802 root                INFO: Valid: Epoch   3: kendall tau 0.2883 0.3783; loss 0.02372 0.1274
2022-01-21 15:47:44,302 root                INFO: Train: Epoch   4: train loss 0.1738
2022-01-21 15:47:46,187 root                INFO: Valid: Epoch   4: kendall tau 0.2896 0.3842; loss 0.01993 0.1068
2022-01-21 15:47:46,597 root                INFO: Train: Epoch   5: train loss 0.1399
2022-01-21 15:47:48,801 root                INFO: Valid: Epoch   5: kendall tau 0.2915 0.3855; loss 0.01744 0.08015
2022-01-21 15:47:49,309 root                INFO: Train: Epoch   6: train loss 0.0970
2022-01-21 15:47:51,256 root                INFO: Valid: Epoch   6: kendall tau 0.2909 0.3872; loss 0.02226 0.04802
2022-01-21 15:47:51,787 root                INFO: Train: Epoch   7: train loss 0.0526
2022-01-21 15:47:54,025 root                INFO: Valid: Epoch   7: kendall tau 0.2891 0.3909; loss 0.04341 0.01898
2022-01-21 15:47:54,558 root                INFO: Train: Epoch   8: train loss 0.0309
2022-01-21 15:47:56,469 root                INFO: Valid: Epoch   8: kendall tau 0.2902 0.3953; loss 0.06736 0.008488
2022-01-21 15:47:56,965 root                INFO: Train: Epoch   9: train loss 0.0376
2022-01-21 15:47:59,114 root                INFO: Valid: Epoch   9: kendall tau 0.2929 0.4003; loss 0.0746 0.01064
2022-01-21 15:47:59,622 root                INFO: Train: Epoch  10: train loss 0.0444
2022-01-21 15:48:01,593 root                INFO: Valid: Epoch  10: kendall tau 0.2952 0.4040; loss 0.06543 0.01334
2022-01-21 15:48:02,088 root                INFO: Train: Epoch  11: train loss 0.0392
2022-01-21 15:48:04,143 root                INFO: Valid: Epoch  11: kendall tau 0.2961 0.4069; loss 0.0461 0.01437
2022-01-21 15:48:04,662 root                INFO: Train: Epoch  12: train loss 0.0258
2022-01-21 15:48:06,815 root                INFO: Valid: Epoch  12: kendall tau 0.2982 0.4094; loss 0.02644 0.01419
2022-01-21 15:48:07,442 root                INFO: Train: Epoch  13: train loss 0.0128
2022-01-21 15:48:09,612 root                INFO: Valid: Epoch  13: kendall tau 0.3030 0.4117; loss 0.01759 0.01355
2022-01-21 15:48:10,427 root                INFO: Train: Epoch  14: train loss 0.0131
2022-01-21 15:48:12,787 root                INFO: Valid: Epoch  14: kendall tau 0.3113 0.4140; loss 0.01855 0.01289
2022-01-21 15:48:13,357 root                INFO: Train: Epoch  15: train loss 0.0223
2022-01-21 15:48:15,701 root                INFO: Valid: Epoch  15: kendall tau 0.3182 0.4163; loss 0.01951 0.01229
2022-01-21 15:48:16,343 root                INFO: Train: Epoch  16: train loss 0.0249
2022-01-21 15:48:18,192 root                INFO: Valid: Epoch  16: kendall tau 0.3189 0.4187; loss 0.01849 0.01176
2022-01-21 15:48:18,673 root                INFO: Train: Epoch  17: train loss 0.0216
2022-01-21 15:48:21,118 root                INFO: Valid: Epoch  17: kendall tau 0.3200 0.4210; loss 0.01731 0.01133
2022-01-21 15:48:21,666 root                INFO: Train: Epoch  18: train loss 0.0157
2022-01-21 15:48:23,736 root                INFO: Valid: Epoch  18: kendall tau 0.3218 0.4234; loss 0.01735 0.01099
2022-01-21 15:48:24,438 root                INFO: Train: Epoch  19: train loss 0.0113
2022-01-21 15:48:26,671 root                INFO: Valid: Epoch  19: kendall tau 0.3241 0.4260; loss 0.01883 0.01067
2022-01-21 15:48:27,299 root                INFO: Train: Epoch  20: train loss 0.0088
2022-01-21 15:48:29,750 root                INFO: Valid: Epoch  20: kendall tau 0.3275 0.4284; loss 0.02117 0.0103
2022-01-21 15:48:30,414 root                INFO: Train: Epoch  21: train loss 0.0089
2022-01-21 15:48:32,649 root                INFO: Valid: Epoch  21: kendall tau 0.3316 0.4308; loss 0.02355 0.009833
2022-01-21 15:48:33,251 root                INFO: Train: Epoch  22: train loss 0.0088
2022-01-21 15:48:35,476 root                INFO: Valid: Epoch  22: kendall tau 0.3350 0.4330; loss 0.02506 0.009257
2022-01-21 15:48:36,012 root                INFO: Train: Epoch  23: train loss 0.0093
2022-01-21 15:48:38,427 root                INFO: Valid: Epoch  23: kendall tau 0.3373 0.4351; loss 0.02541 0.008684
2022-01-21 15:48:39,240 root                INFO: Train: Epoch  24: train loss 0.0088
2022-01-21 15:48:41,706 root                INFO: Valid: Epoch  24: kendall tau 0.3387 0.4371; loss 0.02476 0.008301
2022-01-21 15:48:42,267 root                INFO: Train: Epoch  25: train loss 0.0084
2022-01-21 15:48:44,489 root                INFO: Valid: Epoch  25: kendall tau 0.3399 0.4392; loss 0.02361 0.008293
2022-01-21 15:48:44,983 root                INFO: Train: Epoch  26: train loss 0.0084
2022-01-21 15:48:47,186 root                INFO: Valid: Epoch  26: kendall tau 0.3407 0.4413; loss 0.02241 0.008661
2022-01-21 15:48:47,842 root                INFO: Train: Epoch  27: train loss 0.0085
2022-01-21 15:48:50,256 root                INFO: Valid: Epoch  27: kendall tau 0.3415 0.4433; loss 0.02147 0.009188
2022-01-21 15:48:50,766 root                INFO: Train: Epoch  28: train loss 0.0089
2022-01-21 15:48:52,803 root                INFO: Valid: Epoch  28: kendall tau 0.3418 0.4451; loss 0.02089 0.009561
2022-01-21 15:48:53,385 root                INFO: Train: Epoch  29: train loss 0.0092
2022-01-21 15:48:55,505 root                INFO: Valid: Epoch  29: kendall tau 0.3417 0.4468; loss 0.02063 0.009596
2022-01-21 15:48:56,089 root                INFO: Train: Epoch  30: train loss 0.0093
2022-01-21 15:48:58,200 root                INFO: Valid: Epoch  30: kendall tau 0.3413 0.4483; loss 0.02072 0.009279
2022-01-21 15:48:58,798 root                INFO: Train: Epoch  31: train loss 0.0089
2022-01-21 15:49:00,949 root                INFO: Valid: Epoch  31: kendall tau 0.3403 0.4497; loss 0.02107 0.008807
2022-01-21 15:49:01,496 root                INFO: Train: Epoch  32: train loss 0.0079
2022-01-21 15:49:03,472 root                INFO: Valid: Epoch  32: kendall tau 0.3390 0.4511; loss 0.02158 0.008416
2022-01-21 15:49:03,852 root                INFO: Train: Epoch  33: train loss 0.0077
2022-01-21 15:49:06,025 root                INFO: Valid: Epoch  33: kendall tau 0.3376 0.4524; loss 0.02218 0.008227
2022-01-21 15:49:06,479 root                INFO: Train: Epoch  34: train loss 0.0078
2022-01-21 15:49:08,361 root                INFO: Valid: Epoch  34: kendall tau 0.3366 0.4537; loss 0.02265 0.008251
2022-01-21 15:49:08,914 root                INFO: Train: Epoch  35: train loss 0.0074
2022-01-21 15:49:10,968 root                INFO: Valid: Epoch  35: kendall tau 0.3359 0.4552; loss 0.02285 0.008393
2022-01-21 15:49:11,583 root                INFO: Train: Epoch  36: train loss 0.0078
2022-01-21 15:49:13,602 root                INFO: Valid: Epoch  36: kendall tau 0.3355 0.4566; loss 0.02264 0.008528
2022-01-21 15:49:14,103 root                INFO: Train: Epoch  37: train loss 0.0072
2022-01-21 15:49:16,370 root                INFO: Valid: Epoch  37: kendall tau 0.3354 0.4580; loss 0.02207 0.008593
2022-01-21 15:49:16,805 root                INFO: Train: Epoch  38: train loss 0.0070
2022-01-21 15:49:18,827 root                INFO: Valid: Epoch  38: kendall tau 0.3354 0.4596; loss 0.0213 0.008578
2022-01-21 15:49:19,184 root                INFO: Train: Epoch  39: train loss 0.0070
2022-01-21 15:49:21,468 root                INFO: Valid: Epoch  39: kendall tau 0.3356 0.4612; loss 0.0205 0.008514
2022-01-21 15:49:21,886 root                INFO: Train: Epoch  40: train loss 0.0067
2022-01-21 15:49:23,800 root                INFO: Valid: Epoch  40: kendall tau 0.3358 0.4628; loss 0.01978 0.008431
2022-01-21 15:49:24,331 root                INFO: Train: Epoch  41: train loss 0.0067
2022-01-21 15:49:26,697 root                INFO: Valid: Epoch  41: kendall tau 0.3359 0.4644; loss 0.01919 0.008356
2022-01-21 15:49:27,255 root                INFO: Train: Epoch  42: train loss 0.0072
2022-01-21 15:49:29,192 root                INFO: Valid: Epoch  42: kendall tau 0.3360 0.4660; loss 0.01878 0.008301
2022-01-21 15:49:29,690 root                INFO: Train: Epoch  43: train loss 0.0068
2022-01-21 15:49:31,877 root                INFO: Valid: Epoch  43: kendall tau 0.3360 0.4675; loss 0.01856 0.008281
2022-01-21 15:49:32,354 root                INFO: Train: Epoch  44: train loss 0.0071
2022-01-21 15:49:34,282 root                INFO: Valid: Epoch  44: kendall tau 0.3358 0.4690; loss 0.0185 0.008291
2022-01-21 15:49:34,821 root                INFO: Train: Epoch  45: train loss 0.0067
2022-01-21 15:49:36,893 root                INFO: Valid: Epoch  45: kendall tau 0.3355 0.4705; loss 0.01861 0.008343
2022-01-21 15:49:37,494 root                INFO: Train: Epoch  46: train loss 0.0069
2022-01-21 15:49:39,578 root                INFO: Valid: Epoch  46: kendall tau 0.3352 0.4720; loss 0.01886 0.008443
2022-01-21 15:49:40,126 root                INFO: Train: Epoch  47: train loss 0.0071
2022-01-21 15:49:42,328 root                INFO: Valid: Epoch  47: kendall tau 0.3348 0.4735; loss 0.01925 0.008591
2022-01-21 15:49:42,822 root                INFO: Train: Epoch  48: train loss 0.0070
2022-01-21 15:49:44,718 root                INFO: Valid: Epoch  48: kendall tau 0.3345 0.4750; loss 0.01974 0.008766
2022-01-21 15:49:45,166 root                INFO: Train: Epoch  49: train loss 0.0071
2022-01-21 15:49:47,380 root                INFO: Valid: Epoch  49: kendall tau 0.3342 0.4766; loss 0.02024 0.008912
2022-01-21 15:49:47,840 root                INFO: Train: Epoch  50: train loss 0.0067
2022-01-21 15:49:50,183 root                INFO: Valid: Epoch  50: kendall tau 0.3339 0.4782; loss 0.0205 0.008933
2022-01-21 15:49:50,651 root                INFO: Train: Epoch  51: train loss 0.0065
2022-01-21 15:49:52,820 root                INFO: Valid: Epoch  51: kendall tau 0.3336 0.4800; loss 0.02061 0.008864
2022-01-21 15:49:53,241 root                INFO: Train: Epoch  52: train loss 0.0065
2022-01-21 15:49:55,303 root                INFO: Valid: Epoch  52: kendall tau 0.3336 0.4818; loss 0.02056 0.008725
2022-01-21 15:49:55,734 root                INFO: Train: Epoch  53: train loss 0.0069
2022-01-21 15:49:57,871 root                INFO: Valid: Epoch  53: kendall tau 0.3335 0.4836; loss 0.02038 0.008553
2022-01-21 15:49:58,429 root                INFO: Train: Epoch  54: train loss 0.0067
2022-01-21 15:50:00,384 root                INFO: Valid: Epoch  54: kendall tau 0.3336 0.4855; loss 0.02015 0.008387
2022-01-21 15:50:00,888 root                INFO: Train: Epoch  55: train loss 0.0066
2022-01-21 15:50:03,169 root                INFO: Valid: Epoch  55: kendall tau 0.3339 0.4875; loss 0.01998 0.008264
2022-01-21 15:50:03,789 root                INFO: Train: Epoch  56: train loss 0.0066
2022-01-21 15:50:05,750 root                INFO: Valid: Epoch  56: kendall tau 0.3342 0.4897; loss 0.0199 0.008184
2022-01-21 15:50:06,157 root                INFO: Train: Epoch  57: train loss 0.0067
2022-01-21 15:50:08,328 root                INFO: Valid: Epoch  57: kendall tau 0.3345 0.4921; loss 0.01991 0.008137
2022-01-21 15:50:08,718 root                INFO: Train: Epoch  58: train loss 0.0063
2022-01-21 15:50:10,726 root                INFO: Valid: Epoch  58: kendall tau 0.3344 0.4949; loss 0.02004 0.008115
2022-01-21 15:50:11,176 root                INFO: Train: Epoch  59: train loss 0.0064
2022-01-21 15:50:13,334 root                INFO: Valid: Epoch  59: kendall tau 0.3340 0.4979; loss 0.02031 0.008122
2022-01-21 15:50:13,821 root                INFO: Train: Epoch  60: train loss 0.0066
2022-01-21 15:50:15,858 root                INFO: Valid: Epoch  60: kendall tau 0.3335 0.5011; loss 0.02072 0.008165
2022-01-21 15:50:16,305 root                INFO: Train: Epoch  61: train loss 0.0067
2022-01-21 15:50:18,572 root                INFO: Valid: Epoch  61: kendall tau 0.3332 0.5045; loss 0.02105 0.008192
2022-01-21 15:50:19,103 root                INFO: Train: Epoch  62: train loss 0.0065
2022-01-21 15:50:21,077 root                INFO: Valid: Epoch  62: kendall tau 0.3334 0.5080; loss 0.02124 0.008195
2022-01-21 15:50:21,988 root                INFO: Train: Epoch  63: train loss 0.0062
2022-01-21 15:50:24,549 root                INFO: Valid: Epoch  63: kendall tau 0.3339 0.5117; loss 0.02123 0.00816
2022-01-21 15:50:25,381 root                INFO: Train: Epoch  64: train loss 0.0062
2022-01-21 15:50:27,535 root                INFO: Valid: Epoch  64: kendall tau 0.3346 0.5155; loss 0.02108 0.008098
2022-01-21 15:50:28,494 root                INFO: Train: Epoch  65: train loss 0.0064
2022-01-21 15:50:30,854 root                INFO: Valid: Epoch  65: kendall tau 0.3352 0.5196; loss 0.02095 0.008048
2022-01-21 15:50:31,634 root                INFO: Train: Epoch  66: train loss 0.0062
2022-01-21 15:50:33,775 root                INFO: Valid: Epoch  66: kendall tau 0.3358 0.5240; loss 0.02091 0.008023
2022-01-21 15:50:34,415 root                INFO: Train: Epoch  67: train loss 0.0061
2022-01-21 15:50:36,882 root                INFO: Valid: Epoch  67: kendall tau 0.3358 0.5289; loss 0.02094 0.008018
2022-01-21 15:50:37,383 root                INFO: Train: Epoch  68: train loss 0.0062
2022-01-21 15:50:39,462 root                INFO: Valid: Epoch  68: kendall tau 0.3356 0.5343; loss 0.02104 0.00803
2022-01-21 15:50:40,407 root                INFO: Train: Epoch  69: train loss 0.0061
2022-01-21 15:50:42,369 root                INFO: Valid: Epoch  69: kendall tau 0.3353 0.5401; loss 0.02116 0.008055
2022-01-21 15:50:42,819 root                INFO: Train: Epoch  70: train loss 0.0060
2022-01-21 15:50:45,010 root                INFO: Valid: Epoch  70: kendall tau 0.3350 0.5464; loss 0.02128 0.008081
2022-01-21 15:50:45,430 root                INFO: Train: Epoch  71: train loss 0.0063
2022-01-21 15:50:47,509 root                INFO: Valid: Epoch  71: kendall tau 0.3342 0.5531; loss 0.02144 0.008131
2022-01-21 15:50:47,971 root                INFO: Train: Epoch  72: train loss 0.0061
2022-01-21 15:50:49,826 root                INFO: Valid: Epoch  72: kendall tau 0.3331 0.5601; loss 0.02163 0.008191
2022-01-21 15:50:50,284 root                INFO: Train: Epoch  73: train loss 0.0061
2022-01-21 15:50:52,551 root                INFO: Valid: Epoch  73: kendall tau 0.3321 0.5669; loss 0.02171 0.008224
2022-01-21 15:50:53,012 root                INFO: Train: Epoch  74: train loss 0.0060
2022-01-21 15:50:55,065 root                INFO: Valid: Epoch  74: kendall tau 0.3313 0.5731; loss 0.0217 0.008217
2022-01-21 15:50:55,440 root                INFO: Train: Epoch  75: train loss 0.0054
2022-01-21 15:50:57,639 root                INFO: Valid: Epoch  75: kendall tau 0.3307 0.5788; loss 0.02162 0.00817
2022-01-21 15:50:58,069 root                INFO: Train: Epoch  76: train loss 0.0058
2022-01-21 15:51:00,038 root                INFO: Valid: Epoch  76: kendall tau 0.3298 0.5840; loss 0.02151 0.008092
2022-01-21 15:51:00,488 root                INFO: Train: Epoch  77: train loss 0.0055
2022-01-21 15:51:02,706 root                INFO: Valid: Epoch  77: kendall tau 0.3279 0.5895; loss 0.02154 0.008038
2022-01-21 15:51:03,170 root                INFO: Train: Epoch  78: train loss 0.0058
2022-01-21 15:51:05,040 root                INFO: Valid: Epoch  78: kendall tau 0.3254 0.5958; loss 0.02163 0.007962
2022-01-21 15:51:05,636 root                INFO: Train: Epoch  79: train loss 0.0056
2022-01-21 15:51:07,800 root                INFO: Valid: Epoch  79: kendall tau 0.3220 0.6006; loss 0.02187 0.007956
2022-01-21 15:51:08,280 root                INFO: Train: Epoch  80: train loss 0.0055
2022-01-21 15:51:10,246 root                INFO: Valid: Epoch  80: kendall tau 0.3179 0.6051; loss 0.02221 0.007946
2022-01-21 15:51:10,694 root                INFO: Train: Epoch  81: train loss 0.0056
2022-01-21 15:51:12,973 root                INFO: Valid: Epoch  81: kendall tau 0.3136 0.6086; loss 0.0226 0.007911
2022-01-21 15:51:13,495 root                INFO: Train: Epoch  82: train loss 0.0054
2022-01-21 15:51:15,386 root                INFO: Valid: Epoch  82: kendall tau 0.3104 0.5992; loss 0.02277 0.00808
2022-01-21 15:51:16,037 root                INFO: Train: Epoch  83: train loss 0.0057
2022-01-21 15:51:18,152 root                INFO: Valid: Epoch  83: kendall tau 0.3079 0.5896; loss 0.02268 0.008113
2022-01-21 15:51:18,757 root                INFO: Train: Epoch  84: train loss 0.0055
2022-01-21 15:51:20,714 root                INFO: Valid: Epoch  84: kendall tau 0.3078 0.5722; loss 0.02248 0.008357
2022-01-21 15:51:21,218 root                INFO: Train: Epoch  85: train loss 0.0057
2022-01-21 15:51:23,327 root                INFO: Valid: Epoch  85: kendall tau 0.3113 0.5706; loss 0.02211 0.008205
2022-01-21 15:51:23,817 root                INFO: Train: Epoch  86: train loss 0.0052
2022-01-21 15:51:25,700 root                INFO: Valid: Epoch  86: kendall tau 0.3175 0.5715; loss 0.02192 0.008129
2022-01-21 15:51:26,210 root                INFO: Train: Epoch  87: train loss 0.0053
2022-01-21 15:51:28,273 root                INFO: Valid: Epoch  87: kendall tau 0.3251 0.5720; loss 0.02183 0.008145
2022-01-21 15:51:28,734 root                INFO: Train: Epoch  88: train loss 0.0054
2022-01-21 15:51:30,672 root                INFO: Valid: Epoch  88: kendall tau 0.3335 0.5701; loss 0.0217 0.008268
2022-01-21 15:51:31,085 root                INFO: Train: Epoch  89: train loss 0.0053
2022-01-21 15:51:33,163 root                INFO: Valid: Epoch  89: kendall tau 0.3405 0.5724; loss 0.02169 0.00827
2022-01-21 15:51:33,593 root                INFO: Train: Epoch  90: train loss 0.0049
2022-01-21 15:51:35,477 root                INFO: Valid: Epoch  90: kendall tau 0.3507 0.5913; loss 0.02123 0.007602
2022-01-21 15:51:35,946 root                INFO: Train: Epoch  91: train loss 0.0047
2022-01-21 15:51:38,160 root                INFO: Valid: Epoch  91: kendall tau 0.3568 0.5784; loss 0.02129 0.008177
2022-01-21 15:51:38,629 root                INFO: Train: Epoch  92: train loss 0.0050
2022-01-21 15:51:40,618 root                INFO: Valid: Epoch  92: kendall tau 0.3628 0.5574; loss 0.02131 0.008792
2022-01-21 15:51:41,171 root                INFO: Train: Epoch  93: train loss 0.0049
2022-01-21 15:51:43,306 root                INFO: Valid: Epoch  93: kendall tau 0.3738 0.5631; loss 0.0206 0.008399
2022-01-21 15:51:43,757 root                INFO: Train: Epoch  94: train loss 0.0048
2022-01-21 15:51:45,644 root                INFO: Valid: Epoch  94: kendall tau 0.3842 0.5738; loss 0.01988 0.007883
2022-01-21 15:51:46,090 root                INFO: Train: Epoch  95: train loss 0.0051
2022-01-21 15:51:48,224 root                INFO: Valid: Epoch  95: kendall tau 0.3908 0.5789; loss 0.01971 0.007701
2022-01-21 15:51:48,667 root                INFO: Train: Epoch  96: train loss 0.0050
2022-01-21 15:51:50,584 root                INFO: Valid: Epoch  96: kendall tau 0.3935 0.5751; loss 0.01999 0.007811
2022-01-21 15:51:51,153 root                INFO: Train: Epoch  97: train loss 0.0049
2022-01-21 15:51:53,377 root                INFO: Valid: Epoch  97: kendall tau 0.3935 0.5702; loss 0.02063 0.00806
2022-01-21 15:51:53,856 root                INFO: Train: Epoch  98: train loss 0.0047
2022-01-21 15:51:55,756 root                INFO: Valid: Epoch  98: kendall tau 0.3968 0.5652; loss 0.02074 0.008136
2022-01-21 15:51:56,292 root                INFO: Train: Epoch  99: train loss 0.0051
2022-01-21 15:51:58,543 root                INFO: Valid: Epoch  99: kendall tau 0.4029 0.5605; loss 0.02024 0.007963
2022-01-21 15:51:59,039 root                INFO: Train: Epoch 100: train loss 0.0048
2022-01-21 15:52:01,015 root                INFO: Valid: Epoch 100: kendall tau 0.4096 0.5531; loss 0.01958 0.007769
2022-01-21 15:52:01,429 root                INFO: Train: Epoch 101: train loss 0.0049
2022-01-21 15:52:03,644 root                INFO: Valid: Epoch 101: kendall tau 0.4134 0.5385; loss 0.01925 0.007803
2022-01-21 15:52:04,086 root                INFO: Train: Epoch 102: train loss 0.0045
2022-01-21 15:52:05,990 root                INFO: Valid: Epoch 102: kendall tau 0.4135 0.5163; loss 0.0195 0.008257
2022-01-21 15:52:06,505 root                INFO: Train: Epoch 103: train loss 0.0043
2022-01-21 15:52:08,890 root                INFO: Valid: Epoch 103: kendall tau 0.4132 0.4949; loss 0.01981 0.008781
2022-01-21 15:52:09,560 root                INFO: Train: Epoch 104: train loss 0.0045
2022-01-21 15:52:11,541 root                INFO: Valid: Epoch 104: kendall tau 0.4157 0.4819; loss 0.01947 0.008696
2022-01-21 15:52:12,115 root                INFO: Train: Epoch 105: train loss 0.0047
2022-01-21 15:52:14,197 root                INFO: Valid: Epoch 105: kendall tau 0.4191 0.4715; loss 0.01899 0.008377
2022-01-21 15:52:14,737 root                INFO: Train: Epoch 106: train loss 0.0046
2022-01-21 15:52:16,633 root                INFO: Valid: Epoch 106: kendall tau 0.4215 0.4562; loss 0.01877 0.008352
2022-01-21 15:52:17,060 root                INFO: Train: Epoch 107: train loss 0.0045
2022-01-21 15:52:19,155 root                INFO: Valid: Epoch 107: kendall tau 0.4222 0.4311; loss 0.01898 0.008837
2022-01-21 15:52:19,635 root                INFO: Train: Epoch 108: train loss 0.0045
2022-01-21 15:52:21,809 root                INFO: Valid: Epoch 108: kendall tau 0.4239 0.4106; loss 0.0193 0.009333
2022-01-21 15:52:22,228 root                INFO: Train: Epoch 109: train loss 0.0046
2022-01-21 15:52:24,470 root                INFO: Valid: Epoch 109: kendall tau 0.4272 0.3967; loss 0.01897 0.009164
2022-01-21 15:52:24,937 root                INFO: Train: Epoch 110: train loss 0.0046
2022-01-21 15:52:26,928 root                INFO: Valid: Epoch 110: kendall tau 0.4307 0.3855; loss 0.01856 0.008936
2022-01-21 15:52:27,429 root                INFO: Train: Epoch 111: train loss 0.0044
2022-01-21 15:52:29,657 root                INFO: Valid: Epoch 111: kendall tau 0.4331 0.3713; loss 0.01843 0.009058
2022-01-21 15:52:30,152 root                INFO: Train: Epoch 112: train loss 0.0045
2022-01-21 15:52:32,226 root                INFO: Valid: Epoch 112: kendall tau 0.4347 0.3525; loss 0.01853 0.009753
2022-01-21 15:52:32,784 root                INFO: Train: Epoch 113: train loss 0.0043
2022-01-21 15:52:35,101 root                INFO: Valid: Epoch 113: kendall tau 0.4377 0.3340; loss 0.01842 0.0101
2022-01-21 15:52:35,570 root                INFO: Train: Epoch 114: train loss 0.0045
2022-01-21 15:52:37,787 root                INFO: Valid: Epoch 114: kendall tau 0.4406 0.3292; loss 0.018 0.009715
2022-01-21 15:52:38,345 root                INFO: Train: Epoch 115: train loss 0.0044
2022-01-21 15:52:40,583 root                INFO: Valid: Epoch 115: kendall tau 0.4434 0.3289; loss 0.01782 0.009377
2022-01-21 15:52:41,129 root                INFO: Train: Epoch 116: train loss 0.0044
2022-01-21 15:52:43,166 root                INFO: Valid: Epoch 116: kendall tau 0.4448 0.3159; loss 0.01797 0.009583
2022-01-21 15:52:43,828 root                INFO: Train: Epoch 117: train loss 0.0042
2022-01-21 15:52:46,277 root                INFO: Valid: Epoch 117: kendall tau 0.4447 0.2942; loss 0.01801 0.009969
2022-01-21 15:52:46,914 root                INFO: Train: Epoch 118: train loss 0.0041
2022-01-21 15:52:49,114 root                INFO: Valid: Epoch 118: kendall tau 0.4424 0.2597; loss 0.01775 0.01029
2022-01-21 15:52:49,961 root                INFO: Train: Epoch 119: train loss 0.0043
2022-01-21 15:52:52,380 root                INFO: Valid: Epoch 119: kendall tau 0.4414 0.2303; loss 0.01733 0.01025
2022-01-21 15:52:53,026 root                INFO: Train: Epoch 120: train loss 0.0041
2022-01-21 15:52:55,247 root                INFO: Valid: Epoch 120: kendall tau 0.4404 0.1803; loss 0.01757 0.01084
2022-01-21 15:52:55,783 root                INFO: Train: Epoch 121: train loss 0.0042
2022-01-21 15:52:58,081 root                INFO: Valid: Epoch 121: kendall tau 0.4400 0.1443; loss 0.0177 0.01091
2022-01-21 15:52:58,814 root                INFO: Train: Epoch 122: train loss 0.0041
2022-01-21 15:53:01,077 root                INFO: Valid: Epoch 122: kendall tau 0.4411 0.1377; loss 0.01761 0.01048
2022-01-21 15:53:01,813 root                INFO: Train: Epoch 123: train loss 0.0042
2022-01-21 15:53:03,894 root                INFO: Valid: Epoch 123: kendall tau 0.4408 0.1271; loss 0.01771 0.01067
2022-01-21 15:53:04,358 root                INFO: Train: Epoch 124: train loss 0.0040
2022-01-21 15:53:06,434 root                INFO: Valid: Epoch 124: kendall tau 0.4394 0.1209; loss 0.0179 0.01143
2022-01-21 15:53:07,004 root                INFO: Train: Epoch 125: train loss 0.0039
2022-01-21 15:53:09,105 root                INFO: Valid: Epoch 125: kendall tau 0.4416 0.1682; loss 0.01733 0.01071
2022-01-21 15:53:09,713 root                INFO: Train: Epoch 126: train loss 0.0039
2022-01-21 15:53:11,775 root                INFO: Valid: Epoch 126: kendall tau 0.4460 0.2389; loss 0.01672 0.009644
2022-01-21 15:53:12,340 root                INFO: Train: Epoch 127: train loss 0.0040
2022-01-21 15:53:14,570 root                INFO: Valid: Epoch 127: kendall tau 0.4473 0.2533; loss 0.01687 0.009753
2022-01-21 15:53:15,180 root                INFO: Train: Epoch 128: train loss 0.0039
2022-01-21 15:53:17,155 root                INFO: Valid: Epoch 128: kendall tau 0.4457 0.2330; loss 0.01765 0.01063
2022-01-21 15:53:17,703 root                INFO: Train: Epoch 129: train loss 0.0038
2022-01-21 15:53:19,979 root                INFO: Valid: Epoch 129: kendall tau 0.4459 0.2771; loss 0.0164 0.009635
2022-01-21 15:53:20,482 root                INFO: Train: Epoch 130: train loss 0.0037
2022-01-21 15:53:22,444 root                INFO: Valid: Epoch 130: kendall tau 0.4439 0.3034; loss 0.01607 0.009398
2022-01-21 15:53:22,912 root                INFO: Train: Epoch 131: train loss 0.0034
2022-01-21 15:53:24,891 root                INFO: Valid: Epoch 131: kendall tau 0.4426 0.3062; loss 0.01675 0.009818
2022-01-21 15:53:25,483 root                INFO: Train: Epoch 132: train loss 0.0038
2022-01-21 15:53:27,468 root                INFO: Valid: Epoch 132: kendall tau 0.4418 0.3373; loss 0.01728 0.009668
2022-01-21 15:53:28,053 root                INFO: Train: Epoch 133: train loss 0.0033
2022-01-21 15:53:30,124 root                INFO: Valid: Epoch 133: kendall tau 0.4430 0.3924; loss 0.0168 0.008852
2022-01-21 15:53:30,637 root                INFO: Train: Epoch 134: train loss 0.0038
2022-01-21 15:53:32,881 root                INFO: Valid: Epoch 134: kendall tau 0.4409 0.3811; loss 0.01634 0.009299
2022-01-21 15:53:33,399 root                INFO: Train: Epoch 135: train loss 0.0036
2022-01-21 15:53:35,506 root                INFO: Valid: Epoch 135: kendall tau 0.4397 0.3723; loss 0.01609 0.009682
2022-01-21 15:53:36,103 root                INFO: Train: Epoch 136: train loss 0.0037
2022-01-21 15:53:38,475 root                INFO: Valid: Epoch 136: kendall tau 0.4443 0.4022; loss 0.01594 0.009386
2022-01-21 15:53:38,925 root                INFO: Train: Epoch 137: train loss 0.0034
2022-01-21 15:53:40,822 root                INFO: Valid: Epoch 137: kendall tau 0.4494 0.4392; loss 0.01591 0.008925
2022-01-21 15:53:41,381 root                INFO: Train: Epoch 138: train loss 0.0033
2022-01-21 15:53:43,501 root                INFO: Valid: Epoch 138: kendall tau 0.4534 0.4635; loss 0.01585 0.008638
2022-01-21 15:53:43,924 root                INFO: Train: Epoch 139: train loss 0.0034
2022-01-21 15:53:46,169 root                INFO: Valid: Epoch 139: kendall tau 0.4544 0.4599; loss 0.01661 0.009072
2022-01-21 15:53:46,657 root                INFO: Train: Epoch 140: train loss 0.0034
2022-01-21 15:53:48,797 root                INFO: Valid: Epoch 140: kendall tau 0.4557 0.4522; loss 0.01512 0.008991
2022-01-21 15:53:49,192 root                INFO: Train: Epoch 141: train loss 0.0032
2022-01-21 15:53:51,110 root                INFO: Valid: Epoch 141: kendall tau 0.4557 0.4494; loss 0.01457 0.008985
2022-01-21 15:53:51,597 root                INFO: Train: Epoch 142: train loss 0.0034
2022-01-21 15:53:53,960 root                INFO: Valid: Epoch 142: kendall tau 0.4580 0.4525; loss 0.01567 0.009489
2022-01-21 15:53:54,369 root                INFO: Train: Epoch 143: train loss 0.0034
2022-01-21 15:53:56,336 root                INFO: Valid: Epoch 143: kendall tau 0.4598 0.4740; loss 0.0154 0.008989
2022-01-21 15:53:56,831 root                INFO: Train: Epoch 144: train loss 0.0033
2022-01-21 15:53:59,214 root                INFO: Valid: Epoch 144: kendall tau 0.4614 0.4965; loss 0.01534 0.008487
2022-01-21 15:53:59,739 root                INFO: Train: Epoch 145: train loss 0.0034
2022-01-21 15:54:01,652 root                INFO: Valid: Epoch 145: kendall tau 0.4620 0.4977; loss 0.0155 0.008583
2022-01-21 15:54:02,275 root                INFO: Train: Epoch 146: train loss 0.0032
2022-01-21 15:54:04,535 root                INFO: Valid: Epoch 146: kendall tau 0.4599 0.4907; loss 0.0153 0.008947
2022-01-21 15:54:05,019 root                INFO: Train: Epoch 147: train loss 0.0031
2022-01-21 15:54:06,914 root                INFO: Valid: Epoch 147: kendall tau 0.4593 0.4936; loss 0.01544 0.009087
2022-01-21 15:54:07,460 root                INFO: Train: Epoch 148: train loss 0.0031
2022-01-21 15:54:09,603 root                INFO: Valid: Epoch 148: kendall tau 0.4590 0.5078; loss 0.01494 0.008761
2022-01-21 15:54:10,229 root                INFO: Train: Epoch 149: train loss 0.0030
2022-01-21 15:54:12,567 root                INFO: Valid: Epoch 149: kendall tau 0.4603 0.5173; loss 0.0149 0.008576
2022-01-21 15:54:13,148 root                INFO: Train: Epoch 150: train loss 0.0031
2022-01-21 15:54:15,541 root                INFO: Valid: Epoch 150: kendall tau 0.4611 0.5116; loss 0.01544 0.008897
2022-01-21 15:54:16,087 root                INFO: Train: Epoch 151: train loss 0.0032
2022-01-21 15:54:18,384 root                INFO: Valid: Epoch 151: kendall tau 0.4584 0.5154; loss 0.01427 0.00872
2022-01-21 15:54:18,755 root                INFO: Train: Epoch 152: train loss 0.0029
2022-01-21 15:54:21,486 root                INFO: Valid: Epoch 152: kendall tau 0.4564 0.5102; loss 0.01415 0.008901
2022-01-21 15:54:21,998 root                INFO: Train: Epoch 153: train loss 0.0030
2022-01-21 15:54:24,171 root                INFO: Valid: Epoch 153: kendall tau 0.4571 0.5084; loss 0.01547 0.009281
2022-01-21 15:54:24,553 root                INFO: Train: Epoch 154: train loss 0.0028
2022-01-21 15:54:26,904 root                INFO: Valid: Epoch 154: kendall tau 0.4606 0.5262; loss 0.01574 0.008607
2022-01-21 15:54:27,385 root                INFO: Train: Epoch 155: train loss 0.0031
2022-01-21 15:54:29,453 root                INFO: Valid: Epoch 155: kendall tau 0.4629 0.5356; loss 0.01455 0.008325
2022-01-21 15:54:29,952 root                INFO: Train: Epoch 156: train loss 0.0029
2022-01-21 15:54:32,173 root                INFO: Valid: Epoch 156: kendall tau 0.4631 0.5196; loss 0.01431 0.008899
2022-01-21 15:54:32,774 root                INFO: Train: Epoch 157: train loss 0.0026
2022-01-21 15:54:34,759 root                INFO: Valid: Epoch 157: kendall tau 0.4644 0.5035; loss 0.01453 0.009537
2022-01-21 15:54:35,241 root                INFO: Train: Epoch 158: train loss 0.0029
2022-01-21 15:54:37,445 root                INFO: Valid: Epoch 158: kendall tau 0.4671 0.5114; loss 0.01466 0.009362
2022-01-21 15:54:37,857 root                INFO: Train: Epoch 159: train loss 0.0028
2022-01-21 15:54:40,064 root                INFO: Valid: Epoch 159: kendall tau 0.4723 0.5300; loss 0.01451 0.008662
2022-01-21 15:54:40,445 root                INFO: Train: Epoch 160: train loss 0.0027
2022-01-21 15:54:42,648 root                INFO: Valid: Epoch 160: kendall tau 0.4758 0.5373; loss 0.01437 0.008327
2022-01-21 15:54:43,099 root                INFO: Train: Epoch 161: train loss 0.0026
2022-01-21 15:54:45,169 root                INFO: Valid: Epoch 161: kendall tau 0.4769 0.5351; loss 0.01419 0.008398
2022-01-21 15:54:45,678 root                INFO: Train: Epoch 162: train loss 0.0027
2022-01-21 15:54:47,708 root                INFO: Valid: Epoch 162: kendall tau 0.4753 0.5162; loss 0.01435 0.009167
2022-01-21 15:54:48,221 root                INFO: Train: Epoch 163: train loss 0.0026
2022-01-21 15:54:50,347 root                INFO: Valid: Epoch 163: kendall tau 0.4729 0.5025; loss 0.0136 0.009469
2022-01-21 15:54:50,792 root                INFO: Train: Epoch 164: train loss 0.0028
2022-01-21 15:54:52,742 root                INFO: Valid: Epoch 164: kendall tau 0.4720 0.5087; loss 0.0133 0.009191
2022-01-21 15:54:53,281 root                INFO: Train: Epoch 165: train loss 0.0027
2022-01-21 15:54:55,431 root                INFO: Valid: Epoch 165: kendall tau 0.4737 0.5245; loss 0.01398 0.008863
2022-01-21 15:54:55,905 root                INFO: Train: Epoch 166: train loss 0.0027
2022-01-21 15:54:57,918 root                INFO: Valid: Epoch 166: kendall tau 0.4746 0.5321; loss 0.01428 0.008659
2022-01-21 15:54:58,355 root                INFO: Train: Epoch 167: train loss 0.0024
2022-01-21 15:55:00,512 root                INFO: Valid: Epoch 167: kendall tau 0.4735 0.5364; loss 0.01387 0.008539
2022-01-21 15:55:00,933 root                INFO: Train: Epoch 168: train loss 0.0026
2022-01-21 15:55:02,873 root                INFO: Valid: Epoch 168: kendall tau 0.4714 0.5269; loss 0.01376 0.00896
2022-01-21 15:55:03,295 root                INFO: Train: Epoch 169: train loss 0.0026
2022-01-21 15:55:05,556 root                INFO: Valid: Epoch 169: kendall tau 0.4700 0.5193; loss 0.01405 0.009387
2022-01-21 15:55:06,079 root                INFO: Train: Epoch 170: train loss 0.0026
2022-01-21 15:55:08,325 root                INFO: Valid: Epoch 170: kendall tau 0.4719 0.5292; loss 0.01386 0.009035
2022-01-21 15:55:08,968 root                INFO: Train: Epoch 171: train loss 0.0025
2022-01-21 15:55:11,371 root                INFO: Valid: Epoch 171: kendall tau 0.4739 0.5372; loss 0.0138 0.008753
2022-01-21 15:55:11,970 root                INFO: Train: Epoch 172: train loss 0.0025
2022-01-21 15:55:13,860 root                INFO: Valid: Epoch 172: kendall tau 0.4761 0.5456; loss 0.01369 0.008471
2022-01-21 15:55:14,443 root                INFO: Train: Epoch 173: train loss 0.0025
2022-01-21 15:55:16,577 root                INFO: Valid: Epoch 173: kendall tau 0.4775 0.5464; loss 0.01438 0.008622
2022-01-21 15:55:17,268 root                INFO: Train: Epoch 174: train loss 0.0024
2022-01-21 15:55:19,508 root                INFO: Valid: Epoch 174: kendall tau 0.4772 0.5451; loss 0.01403 0.008785
2022-01-21 15:55:20,074 root                INFO: Train: Epoch 175: train loss 0.0024
2022-01-21 15:55:22,370 root                INFO: Valid: Epoch 175: kendall tau 0.4760 0.5424; loss 0.01313 0.008943
2022-01-21 15:55:23,046 root                INFO: Train: Epoch 176: train loss 0.0021
2022-01-21 15:55:25,148 root                INFO: Valid: Epoch 176: kendall tau 0.4764 0.5471; loss 0.01318 0.008921
2022-01-21 15:55:25,836 root                INFO: Train: Epoch 177: train loss 0.0023
2022-01-21 15:55:27,992 root                INFO: Valid: Epoch 177: kendall tau 0.4771 0.5537; loss 0.01363 0.008684
2022-01-21 15:55:28,449 root                INFO: Train: Epoch 178: train loss 0.0023
2022-01-21 15:55:30,392 root                INFO: Valid: Epoch 178: kendall tau 0.4749 0.5564; loss 0.01327 0.008359
2022-01-21 15:55:30,868 root                INFO: Train: Epoch 179: train loss 0.0022
2022-01-21 15:55:33,028 root                INFO: Valid: Epoch 179: kendall tau 0.4723 0.5599; loss 0.01377 0.008412
2022-01-21 15:55:33,420 root                INFO: Train: Epoch 180: train loss 0.0023
2022-01-21 15:55:35,357 root                INFO: Valid: Epoch 180: kendall tau 0.4689 0.5603; loss 0.01412 0.008777
2022-01-21 15:55:35,807 root                INFO: Train: Epoch 181: train loss 0.0023
2022-01-21 15:55:38,023 root                INFO: Valid: Epoch 181: kendall tau 0.4673 0.5598; loss 0.01397 0.008866
2022-01-21 15:55:38,596 root                INFO: Train: Epoch 182: train loss 0.0021
2022-01-21 15:55:40,614 root                INFO: Valid: Epoch 182: kendall tau 0.4675 0.5635; loss 0.01372 0.008658
2022-01-21 15:55:41,141 root                INFO: Train: Epoch 183: train loss 0.0021
2022-01-21 15:55:43,342 root                INFO: Valid: Epoch 183: kendall tau 0.4682 0.5681; loss 0.01403 0.008572
2022-01-21 15:55:43,875 root                INFO: Train: Epoch 184: train loss 0.0020
2022-01-21 15:55:46,046 root                INFO: Valid: Epoch 184: kendall tau 0.4690 0.5718; loss 0.01452 0.008451
2022-01-21 15:55:46,501 root                INFO: Train: Epoch 185: train loss 0.0020
2022-01-21 15:55:48,782 root                INFO: Valid: Epoch 185: kendall tau 0.4694 0.5735; loss 0.01397 0.008332
2022-01-21 15:55:49,405 root                INFO: Train: Epoch 186: train loss 0.0019
2022-01-21 15:55:51,523 root                INFO: Valid: Epoch 186: kendall tau 0.4715 0.5695; loss 0.01415 0.008584
2022-01-21 15:55:52,289 root                INFO: Train: Epoch 187: train loss 0.0020
2022-01-21 15:55:54,741 root                INFO: Valid: Epoch 187: kendall tau 0.4733 0.5732; loss 0.01402 0.008549
2022-01-21 15:55:55,430 root                INFO: Train: Epoch 188: train loss 0.0020
2022-01-21 15:55:57,451 root                INFO: Valid: Epoch 188: kendall tau 0.4740 0.5800; loss 0.01335 0.00823
2022-01-21 15:55:58,111 root                INFO: Train: Epoch 189: train loss 0.0021
2022-01-21 15:56:00,458 root                INFO: Valid: Epoch 189: kendall tau 0.4732 0.5876; loss 0.0142 0.008089
2022-01-21 15:56:01,079 root                INFO: Train: Epoch 190: train loss 0.0022
2022-01-21 15:56:03,281 root                INFO: Valid: Epoch 190: kendall tau 0.4717 0.5927; loss 0.01522 0.008204
2022-01-21 15:56:03,756 root                INFO: Train: Epoch 191: train loss 0.0020
2022-01-21 15:56:06,126 root                INFO: Valid: Epoch 191: kendall tau 0.4705 0.5949; loss 0.01323 0.008089
2022-01-21 15:56:06,700 root                INFO: Train: Epoch 192: train loss 0.0020
2022-01-21 15:56:08,755 root                INFO: Valid: Epoch 192: kendall tau 0.4684 0.5948; loss 0.01446 0.008487
2022-01-21 15:56:09,158 root                INFO: Train: Epoch 193: train loss 0.0019
2022-01-21 15:56:11,473 root                INFO: Valid: Epoch 193: kendall tau 0.4655 0.5974; loss 0.01484 0.008546
2022-01-21 15:56:11,907 root                INFO: Train: Epoch 194: train loss 0.0018
2022-01-21 15:56:13,872 root                INFO: Valid: Epoch 194: kendall tau 0.4632 0.6032; loss 0.01375 0.008144
2022-01-21 15:56:14,261 root                INFO: Train: Epoch 195: train loss 0.0019
2022-01-21 15:56:16,380 root                INFO: Valid: Epoch 195: kendall tau 0.4612 0.6128; loss 0.01509 0.008008
2022-01-21 15:56:16,769 root                INFO: Train: Epoch 196: train loss 0.0019
2022-01-21 15:56:18,708 root                INFO: Valid: Epoch 196: kendall tau 0.4607 0.6169; loss 0.01512 0.007966
2022-01-21 15:56:19,149 root                INFO: Train: Epoch 197: train loss 0.0017
2022-01-21 15:56:21,434 root                INFO: Valid: Epoch 197: kendall tau 0.4614 0.6194; loss 0.01405 0.007913
2022-01-21 15:56:21,903 root                INFO: Train: Epoch 198: train loss 0.0018
2022-01-21 15:56:23,833 root                INFO: Valid: Epoch 198: kendall tau 0.4613 0.6163; loss 0.01472 0.008238
2022-01-21 15:56:24,448 root                INFO: Train: Epoch 199: train loss 0.0016
2022-01-21 15:56:26,615 root                INFO: Valid: Epoch 199: kendall tau 0.4639 0.6144; loss 0.01423 0.008296
2022-01-21 15:56:27,195 root                INFO: Train: Epoch 200: train loss 0.0019
2022-01-21 15:56:29,028 root                INFO: Valid: Epoch 200: kendall tau 0.4666 0.6145; loss 0.01396 0.008182
2022-01-21 15:56:29,038 root                INFO: Epoch 200: Save checkpoint to nb1shot1_anytime_tagates/tagates_0.01/12/21/200.ckpt
2022-01-21 15:56:31,278 root                INFO: [0.0, 0.0, 0.013888888888888888, 0.16758241758241757, 0.28532235939643347, 0.7443072702331962, 1.0]
2022-01-21 15:56:31,278 root                INFO: [0.0, 0.027777777777777776, 0.125, 0.4230769230769231, 0.51440329218107, 0.8167352537722908, 1.0]
2022-01-21 15:56:31,278 root                INFO: [128, 128]
2022-01-21 15:56:31,278 root                INFO: [135, 65]
