2022-01-20 15:59:37,184 root                INFO: GPU device = 0
2022-01-20 15:59:37,185 root                INFO: Load pkl cache from nasbench301_train.pkl and nasbench301_valid.pkl
2022-01-20 15:59:38,067 root                INFO: Config: {'arch_network_cfg': {'arch_embedder_cfg': {'take_adj_as_input': True, 'gcn_kwargs': {'residual_only': 2}, 'gcn_out_dims': [64, 64, 64, 64, 64], 'hidden_dim': 32, 'node_dim': 32, 'op_dim': 32, 'use_bn': False, 'final_concat': False, 'other_node_zero': False, 'num_time_steps': 4, 'fb_conversion_dims': [64, 64], 'backward_gcn_out_dims': [64, 64, 64, 64, 64], 'updateopemb_method': 'concat_ofb', 'updateopemb_dims': [64], 'share_skip_and_outskip': True, 'detach_vinfo': False, 'updateopemb_scale': 0.1, 'updateopemb_detach_opemb': True, 'updateopemb_detach_finfo': True, 'mask_nonparametrized_ops': True, 'symmetry_breaking_method': 'param_zs_add', 'concat_param_zs_as_opemb_dimension': 5, 'concat_param_zs_as_opemb_scale': 1.0}, 'arch_embedder_type': 'cellss-fbflow', 'compare_loss_type': 'margin_linear', 'compare_margin': 0.1, 'mlp_dropout': 0.1, 'mlp_hiddens': [200], 'optimizer': {'lr': 0.001, 'type': 'Adam'}, 'scheduler': None}, 'arch_network_type': 'pointwise_comparator', 'batch_size': 128, 'choose_pair_criterion': 'random', 'compare': True, 'compare_threshold': 0.0, 'epochs': 200, 'max_compare_ratio': 16.0}
2022-01-20 15:59:41,396 root                INFO: Combined args: Namespace(arch_network_type='pointwise_comparator', batch_size=128, cfg_file='cfgs/nb301_cfgs/gates_true_masktrue.yaml', choose_pair_criterion='random', compare=True, compare_threshold=0.0, epochs=200, eval_only_last=1, gpu=0, load=None, max_compare_ratio=16.0, num_workers=4, report_freq=200, save_every=200, save_predict=None, seed=21, test_funcs=None, test_only=False, train_dir='nb301_ablation_mask/true/true_0.05/12/21', train_pkl='../mynas/data/nasbench-301/nasbench301_train_mtx_12.pkl', train_ratio=0.05, valid_pkl='../mynas/data/nasbench-301/nasbench301_valid_mtx.pkl')
2022-01-20 15:59:41,406 root                INFO: Train dataset ratio: 0.050
2022-01-20 15:59:41,407 root                INFO: Number of architectures: train: 294; valid: 51072
2022-01-20 15:59:57,805 root                INFO: Train: Epoch   1: train loss 0.0994
2022-01-20 15:59:58,881 root                INFO: Train: Epoch   2: train loss 0.0935
2022-01-20 15:59:59,951 root                INFO: Train: Epoch   3: train loss 0.0808
2022-01-20 16:00:01,054 root                INFO: Train: Epoch   4: train loss 0.0638
2022-01-20 16:00:02,181 root                INFO: Train: Epoch   5: train loss 0.0509
2022-01-20 16:00:03,288 root                INFO: Train: Epoch   6: train loss 0.0435
2022-01-20 16:00:04,389 root                INFO: Train: Epoch   7: train loss 0.0411
2022-01-20 16:00:05,502 root                INFO: Train: Epoch   8: train loss 0.0382
2022-01-20 16:00:06,586 root                INFO: Train: Epoch   9: train loss 0.0361
2022-01-20 16:00:07,635 root                INFO: Train: Epoch  10: train loss 0.0341
2022-01-20 16:00:08,714 root                INFO: Train: Epoch  11: train loss 0.0328
2022-01-20 16:00:09,805 root                INFO: Train: Epoch  12: train loss 0.0313
2022-01-20 16:00:10,900 root                INFO: Train: Epoch  13: train loss 0.0292
2022-01-20 16:00:12,007 root                INFO: Train: Epoch  14: train loss 0.0284
2022-01-20 16:00:13,130 root                INFO: Train: Epoch  15: train loss 0.0294
2022-01-20 16:00:14,244 root                INFO: Train: Epoch  16: train loss 0.0281
2022-01-20 16:00:15,321 root                INFO: Train: Epoch  17: train loss 0.0272
2022-01-20 16:00:16,415 root                INFO: Train: Epoch  18: train loss 0.0288
2022-01-20 16:00:17,538 root                INFO: Train: Epoch  19: train loss 0.0258
2022-01-20 16:00:18,636 root                INFO: Train: Epoch  20: train loss 0.0254
2022-01-20 16:00:19,733 root                INFO: Train: Epoch  21: train loss 0.0240
2022-01-20 16:00:20,827 root                INFO: Train: Epoch  22: train loss 0.0253
2022-01-20 16:00:21,975 root                INFO: Train: Epoch  23: train loss 0.0248
2022-01-20 16:00:23,110 root                INFO: Train: Epoch  24: train loss 0.0233
2022-01-20 16:00:24,210 root                INFO: Train: Epoch  25: train loss 0.0257
2022-01-20 16:00:25,304 root                INFO: Train: Epoch  26: train loss 0.0233
2022-01-20 16:00:26,392 root                INFO: Train: Epoch  27: train loss 0.0229
2022-01-20 16:00:27,490 root                INFO: Train: Epoch  28: train loss 0.0215
2022-01-20 16:00:28,559 root                INFO: Train: Epoch  29: train loss 0.0211
2022-01-20 16:00:29,637 root                INFO: Train: Epoch  30: train loss 0.0203
2022-01-20 16:00:30,759 root                INFO: Train: Epoch  31: train loss 0.0196
2022-01-20 16:00:31,873 root                INFO: Train: Epoch  32: train loss 0.0187
2022-01-20 16:00:32,996 root                INFO: Train: Epoch  33: train loss 0.0192
2022-01-20 16:00:34,089 root                INFO: Train: Epoch  34: train loss 0.0182
2022-01-20 16:00:35,177 root                INFO: Train: Epoch  35: train loss 0.0208
2022-01-20 16:00:36,237 root                INFO: Train: Epoch  36: train loss 0.0206
2022-01-20 16:00:37,292 root                INFO: Train: Epoch  37: train loss 0.0197
2022-01-20 16:00:38,383 root                INFO: Train: Epoch  38: train loss 0.0197
2022-01-20 16:00:39,495 root                INFO: Train: Epoch  39: train loss 0.0180
2022-01-20 16:00:40,631 root                INFO: Train: Epoch  40: train loss 0.0173
2022-01-20 16:00:41,748 root                INFO: Train: Epoch  41: train loss 0.0159
2022-01-20 16:00:42,856 root                INFO: Train: Epoch  42: train loss 0.0153
2022-01-20 16:00:43,944 root                INFO: Train: Epoch  43: train loss 0.0164
2022-01-20 16:00:45,070 root                INFO: Train: Epoch  44: train loss 0.0175
2022-01-20 16:00:46,220 root                INFO: Train: Epoch  45: train loss 0.0159
2022-01-20 16:00:47,386 root                INFO: Train: Epoch  46: train loss 0.0159
2022-01-20 16:00:48,511 root                INFO: Train: Epoch  47: train loss 0.0145
2022-01-20 16:00:49,662 root                INFO: Train: Epoch  48: train loss 0.0161
2022-01-20 16:00:50,745 root                INFO: Train: Epoch  49: train loss 0.0150
2022-01-20 16:00:51,832 root                INFO: Train: Epoch  50: train loss 0.0147
2022-01-20 16:00:52,924 root                INFO: Train: Epoch  51: train loss 0.0140
2022-01-20 16:00:54,073 root                INFO: Train: Epoch  52: train loss 0.0142
2022-01-20 16:00:55,193 root                INFO: Train: Epoch  53: train loss 0.0146
2022-01-20 16:00:56,331 root                INFO: Train: Epoch  54: train loss 0.0152
2022-01-20 16:00:57,429 root                INFO: Train: Epoch  55: train loss 0.0147
2022-01-20 16:00:58,503 root                INFO: Train: Epoch  56: train loss 0.0143
2022-01-20 16:00:59,558 root                INFO: Train: Epoch  57: train loss 0.0146
2022-01-20 16:01:00,658 root                INFO: Train: Epoch  58: train loss 0.0142
2022-01-20 16:01:01,786 root                INFO: Train: Epoch  59: train loss 0.0149
2022-01-20 16:01:02,873 root                INFO: Train: Epoch  60: train loss 0.0141
2022-01-20 16:01:04,009 root                INFO: Train: Epoch  61: train loss 0.0141
2022-01-20 16:01:05,113 root                INFO: Train: Epoch  62: train loss 0.0150
2022-01-20 16:01:06,204 root                INFO: Train: Epoch  63: train loss 0.0173
2022-01-20 16:01:07,307 root                INFO: Train: Epoch  64: train loss 0.0152
2022-01-20 16:01:08,420 root                INFO: Train: Epoch  65: train loss 0.0156
2022-01-20 16:01:09,545 root                INFO: Train: Epoch  66: train loss 0.0148
2022-01-20 16:01:10,637 root                INFO: Train: Epoch  67: train loss 0.0145
2022-01-20 16:01:11,735 root                INFO: Train: Epoch  68: train loss 0.0129
2022-01-20 16:01:12,786 root                INFO: Train: Epoch  69: train loss 0.0131
2022-01-20 16:01:13,857 root                INFO: Train: Epoch  70: train loss 0.0120
2022-01-20 16:01:14,974 root                INFO: Train: Epoch  71: train loss 0.0132
2022-01-20 16:01:16,091 root                INFO: Train: Epoch  72: train loss 0.0114
2022-01-20 16:01:17,212 root                INFO: Train: Epoch  73: train loss 0.0112
2022-01-20 16:01:18,356 root                INFO: Train: Epoch  74: train loss 0.0111
2022-01-20 16:01:19,504 root                INFO: Train: Epoch  75: train loss 0.0102
2022-01-20 16:01:20,575 root                INFO: Train: Epoch  76: train loss 0.0110
2022-01-20 16:01:21,658 root                INFO: Train: Epoch  77: train loss 0.0097
2022-01-20 16:01:22,739 root                INFO: Train: Epoch  78: train loss 0.0104
2022-01-20 16:01:23,845 root                INFO: Train: Epoch  79: train loss 0.0103
2022-01-20 16:01:24,936 root                INFO: Train: Epoch  80: train loss 0.0100
2022-01-20 16:01:26,070 root                INFO: Train: Epoch  81: train loss 0.0105
2022-01-20 16:01:27,116 root                INFO: Train: Epoch  82: train loss 0.0110
2022-01-20 16:01:28,177 root                INFO: Train: Epoch  83: train loss 0.0119
2022-01-20 16:01:29,273 root                INFO: Train: Epoch  84: train loss 0.0094
2022-01-20 16:01:30,450 root                INFO: Train: Epoch  85: train loss 0.0115
2022-01-20 16:01:31,630 root                INFO: Train: Epoch  86: train loss 0.0119
2022-01-20 16:01:32,733 root                INFO: Train: Epoch  87: train loss 0.0117
2022-01-20 16:01:33,878 root                INFO: Train: Epoch  88: train loss 0.0116
2022-01-20 16:01:34,993 root                INFO: Train: Epoch  89: train loss 0.0122
2022-01-20 16:01:36,103 root                INFO: Train: Epoch  90: train loss 0.0105
2022-01-20 16:01:37,236 root                INFO: Train: Epoch  91: train loss 0.0115
2022-01-20 16:01:38,424 root                INFO: Train: Epoch  92: train loss 0.0102
2022-01-20 16:01:39,582 root                INFO: Train: Epoch  93: train loss 0.0097
2022-01-20 16:01:40,749 root                INFO: Train: Epoch  94: train loss 0.0093
2022-01-20 16:01:41,879 root                INFO: Train: Epoch  95: train loss 0.0102
2022-01-20 16:01:42,999 root                INFO: Train: Epoch  96: train loss 0.0099
2022-01-20 16:01:44,127 root                INFO: Train: Epoch  97: train loss 0.0092
2022-01-20 16:01:45,223 root                INFO: Train: Epoch  98: train loss 0.0103
2022-01-20 16:01:46,350 root                INFO: Train: Epoch  99: train loss 0.0107
2022-01-20 16:01:47,494 root                INFO: Train: Epoch 100: train loss 0.0111
2022-01-20 16:01:48,639 root                INFO: Train: Epoch 101: train loss 0.0113
2022-01-20 16:01:49,763 root                INFO: Train: Epoch 102: train loss 0.0121
2022-01-20 16:01:50,873 root                INFO: Train: Epoch 103: train loss 0.0105
2022-01-20 16:01:51,980 root                INFO: Train: Epoch 104: train loss 0.0102
2022-01-20 16:01:53,104 root                INFO: Train: Epoch 105: train loss 0.0124
2022-01-20 16:01:54,231 root                INFO: Train: Epoch 106: train loss 0.0109
2022-01-20 16:01:55,378 root                INFO: Train: Epoch 107: train loss 0.0098
2022-01-20 16:01:56,486 root                INFO: Train: Epoch 108: train loss 0.0100
2022-01-20 16:01:57,579 root                INFO: Train: Epoch 109: train loss 0.0090
2022-01-20 16:01:58,633 root                INFO: Train: Epoch 110: train loss 0.0077
2022-01-20 16:01:59,678 root                INFO: Train: Epoch 111: train loss 0.0078
2022-01-20 16:02:00,760 root                INFO: Train: Epoch 112: train loss 0.0088
2022-01-20 16:02:01,880 root                INFO: Train: Epoch 113: train loss 0.0082
2022-01-20 16:02:02,988 root                INFO: Train: Epoch 114: train loss 0.0079
2022-01-20 16:02:04,099 root                INFO: Train: Epoch 115: train loss 0.0083
2022-01-20 16:02:05,197 root                INFO: Train: Epoch 116: train loss 0.0074
2022-01-20 16:02:06,271 root                INFO: Train: Epoch 117: train loss 0.0076
2022-01-20 16:02:07,323 root                INFO: Train: Epoch 118: train loss 0.0090
2022-01-20 16:02:08,499 root                INFO: Train: Epoch 119: train loss 0.0080
2022-01-20 16:02:09,735 root                INFO: Train: Epoch 120: train loss 0.0074
2022-01-20 16:02:10,827 root                INFO: Train: Epoch 121: train loss 0.0084
2022-01-20 16:02:11,920 root                INFO: Train: Epoch 122: train loss 0.0081
2022-01-20 16:02:13,037 root                INFO: Train: Epoch 123: train loss 0.0075
2022-01-20 16:02:14,150 root                INFO: Train: Epoch 124: train loss 0.0076
2022-01-20 16:02:15,273 root                INFO: Train: Epoch 125: train loss 0.0071
2022-01-20 16:02:16,393 root                INFO: Train: Epoch 126: train loss 0.0078
2022-01-20 16:02:17,481 root                INFO: Train: Epoch 127: train loss 0.0068
2022-01-20 16:02:18,565 root                INFO: Train: Epoch 128: train loss 0.0078
2022-01-20 16:02:19,649 root                INFO: Train: Epoch 129: train loss 0.0086
2022-01-20 16:02:20,704 root                INFO: Train: Epoch 130: train loss 0.0083
2022-01-20 16:02:21,743 root                INFO: Train: Epoch 131: train loss 0.0085
2022-01-20 16:02:22,835 root                INFO: Train: Epoch 132: train loss 0.0090
2022-01-20 16:02:23,945 root                INFO: Train: Epoch 133: train loss 0.0073
2022-01-20 16:02:25,019 root                INFO: Train: Epoch 134: train loss 0.0082
2022-01-20 16:02:26,059 root                INFO: Train: Epoch 135: train loss 0.0072
2022-01-20 16:02:27,095 root                INFO: Train: Epoch 136: train loss 0.0078
2022-01-20 16:02:28,112 root                INFO: Train: Epoch 137: train loss 0.0077
2022-01-20 16:02:29,138 root                INFO: Train: Epoch 138: train loss 0.0073
2022-01-20 16:02:30,221 root                INFO: Train: Epoch 139: train loss 0.0070
2022-01-20 16:02:31,309 root                INFO: Train: Epoch 140: train loss 0.0077
2022-01-20 16:02:32,389 root                INFO: Train: Epoch 141: train loss 0.0076
2022-01-20 16:02:33,459 root                INFO: Train: Epoch 142: train loss 0.0081
2022-01-20 16:02:34,548 root                INFO: Train: Epoch 143: train loss 0.0073
2022-01-20 16:02:35,596 root                INFO: Train: Epoch 144: train loss 0.0073
2022-01-20 16:02:36,683 root                INFO: Train: Epoch 145: train loss 0.0085
2022-01-20 16:02:37,789 root                INFO: Train: Epoch 146: train loss 0.0078
2022-01-20 16:02:38,897 root                INFO: Train: Epoch 147: train loss 0.0081
2022-01-20 16:02:40,033 root                INFO: Train: Epoch 148: train loss 0.0082
2022-01-20 16:02:41,149 root                INFO: Train: Epoch 149: train loss 0.0082
2022-01-20 16:02:42,269 root                INFO: Train: Epoch 150: train loss 0.0070
2022-01-20 16:02:43,382 root                INFO: Train: Epoch 151: train loss 0.0069
2022-01-20 16:02:44,520 root                INFO: Train: Epoch 152: train loss 0.0067
2022-01-20 16:02:45,700 root                INFO: Train: Epoch 153: train loss 0.0068
2022-01-20 16:02:46,769 root                INFO: Train: Epoch 154: train loss 0.0064
2022-01-20 16:02:47,848 root                INFO: Train: Epoch 155: train loss 0.0068
2022-01-20 16:02:48,975 root                INFO: Train: Epoch 156: train loss 0.0070
2022-01-20 16:02:50,082 root                INFO: Train: Epoch 157: train loss 0.0066
2022-01-20 16:02:51,215 root                INFO: Train: Epoch 158: train loss 0.0062
2022-01-20 16:02:52,354 root                INFO: Train: Epoch 159: train loss 0.0056
2022-01-20 16:02:53,521 root                INFO: Train: Epoch 160: train loss 0.0060
2022-01-20 16:02:54,664 root                INFO: Train: Epoch 161: train loss 0.0061
2022-01-20 16:02:55,797 root                INFO: Train: Epoch 162: train loss 0.0062
2022-01-20 16:02:56,935 root                INFO: Train: Epoch 163: train loss 0.0073
2022-01-20 16:02:58,050 root                INFO: Train: Epoch 164: train loss 0.0062
2022-01-20 16:02:59,145 root                INFO: Train: Epoch 165: train loss 0.0067
2022-01-20 16:03:00,189 root                INFO: Train: Epoch 166: train loss 0.0062
2022-01-20 16:03:01,245 root                INFO: Train: Epoch 167: train loss 0.0065
2022-01-20 16:03:02,288 root                INFO: Train: Epoch 168: train loss 0.0056
2022-01-20 16:03:03,377 root                INFO: Train: Epoch 169: train loss 0.0062
2022-01-20 16:03:04,482 root                INFO: Train: Epoch 170: train loss 0.0067
2022-01-20 16:03:05,569 root                INFO: Train: Epoch 171: train loss 0.0063
2022-01-20 16:03:06,665 root                INFO: Train: Epoch 172: train loss 0.0074
2022-01-20 16:03:07,739 root                INFO: Train: Epoch 173: train loss 0.0058
2022-01-20 16:03:08,771 root                INFO: Train: Epoch 174: train loss 0.0069
2022-01-20 16:03:09,801 root                INFO: Train: Epoch 175: train loss 0.0061
2022-01-20 16:03:10,852 root                INFO: Train: Epoch 176: train loss 0.0069
2022-01-20 16:03:11,950 root                INFO: Train: Epoch 177: train loss 0.0065
2022-01-20 16:03:13,053 root                INFO: Train: Epoch 178: train loss 0.0063
2022-01-20 16:03:14,166 root                INFO: Train: Epoch 179: train loss 0.0055
2022-01-20 16:03:15,218 root                INFO: Train: Epoch 180: train loss 0.0060
2022-01-20 16:03:16,269 root                INFO: Train: Epoch 181: train loss 0.0072
2022-01-20 16:03:17,338 root                INFO: Train: Epoch 182: train loss 0.0062
2022-01-20 16:03:18,368 root                INFO: Train: Epoch 183: train loss 0.0059
2022-01-20 16:03:19,421 root                INFO: Train: Epoch 184: train loss 0.0068
2022-01-20 16:03:20,533 root                INFO: Train: Epoch 185: train loss 0.0077
2022-01-20 16:03:21,744 root                INFO: Train: Epoch 186: train loss 0.0072
2022-01-20 16:03:22,845 root                INFO: Train: Epoch 187: train loss 0.0065
2022-01-20 16:03:23,960 root                INFO: Train: Epoch 188: train loss 0.0057
2022-01-20 16:03:25,090 root                INFO: Train: Epoch 189: train loss 0.0058
2022-01-20 16:03:26,176 root                INFO: Train: Epoch 190: train loss 0.0062
2022-01-20 16:03:27,237 root                INFO: Train: Epoch 191: train loss 0.0052
2022-01-20 16:03:28,299 root                INFO: Train: Epoch 192: train loss 0.0066
2022-01-20 16:03:29,400 root                INFO: Train: Epoch 193: train loss 0.0070
2022-01-20 16:03:30,517 root                INFO: Train: Epoch 194: train loss 0.0068
2022-01-20 16:03:31,670 root                INFO: Train: Epoch 195: train loss 0.0060
2022-01-20 16:03:32,784 root                INFO: Train: Epoch 196: train loss 0.0072
2022-01-20 16:03:33,865 root                INFO: Train: Epoch 197: train loss 0.0063
2022-01-20 16:03:34,950 root                INFO: Train: Epoch 198: train loss 0.0064
2022-01-20 16:03:35,984 root                INFO: Train: Epoch 199: train loss 0.0076
2022-01-20 16:03:37,008 root                INFO: Train: Epoch 200: train loss 0.0063
2022-01-20 16:03:53,570 root                INFO: Valid: Epoch 200: kendall tau 0.7292; loss 0.2589
2022-01-20 16:03:53,576 root                INFO: Epoch 200: Save checkpoint to nb301_ablation_mask/true/true_0.05/12/21/200.ckpt
2022-01-20 16:04:09,968 root                INFO: [0.058823529411764705, 0.12549019607843137, 0.22549019607843138, 0.6020368194281238, 0.77090268259252, 0.865249060150376, 1.0]
2022-01-20 16:04:09,968 root                INFO: [86, 86]
