2022-01-19 22:59:59,973 root                INFO: GPU device = 2
2022-01-19 22:59:59,973 root                INFO: Load pkl cache from nasbench101.pkl and nasbench101_valid.pkl
2022-01-19 23:00:00,478 root                INFO: Config: {'arch_network_cfg': {'arch_embedder_cfg': {'b_use_bn': False, 'backward_gcn_out_dims': [128, 128, 128, 128, 128], 'concat_param_zs_as_opemb_dimension': 7, 'concat_param_zs_as_opemb_scale': 0.1, 'detach_vinfo': False, 'fb_conversion_dims': [128, 128], 'gcn_kwargs': {'plus_I': True, 'residual_only': 1}, 'gcn_out_dims': [128, 128, 128, 128, 128], 'hid_dim': 96, 'mask_nonparametrized_ops': False, 'node_embedding_dim': 48, 'num_time_steps': 3, 'op_embedding_dim': 48, 'symmetry_breaking_method': 'param_zs_add', 'updateopemb_detach_finfo': True, 'updateopemb_detach_opemb': True, 'updateopemb_dims': [128], 'updateopemb_method': 'concat_ofb', 'updateopemb_scale': 0.1}, 'arch_embedder_type': 'nb101-fbflow', 'compare_loss_type': 'margin_linear', 'compare_margin': 0.1, 'mlp_dropout': 0.1, 'mlp_hiddens': [200], 'optimizer': {'lr': 0.001, 'type': 'Adam'}, 'scheduler': None}, 'batch_size': 512, 'choose_pair_criterion': 'random', 'compare': True, 'compare_threshold': 0.0, 'epochs': 200, 'max_compare_ratio': 4.0}
2022-01-19 23:00:04,875 root                INFO: Combined args: Namespace(batch_size=512, cfg_file='cfgs/nb101_cfgs/gates_true_scale0.1.yaml', choose_pair_criterion='random', compare=True, compare_threshold=0.0, epochs=200, eval_only_last=5, gpu=2, load=None, max_compare_ratio=4.0, num_workers=4, report_freq=200, save_every=200, save_predict=None, seed=2021, test_funcs=None, test_only=False, train_dir='nb1shot1_ablation_scale/true/0.1_0.005/1/2021', train_pkl='../mynas/data/nasbench-1shot1/nasbench101_train_1.pkl', train_ratio=0.005, valid_pkl='../mynas/data/nasbench-1shot1/nasbench101_valid.pkl')
2022-01-19 23:00:04,886 root                INFO: Train dataset ratio: 0.005
2022-01-19 23:00:04,886 root                INFO: Number of architectures: train: 36; valid: 7290
2022-01-19 23:00:08,030 root                INFO: Train: Epoch   1: train loss 0.0984
2022-01-19 23:00:08,623 root                INFO: Train: Epoch   2: train loss 0.0943
2022-01-19 23:00:09,267 root                INFO: Train: Epoch   3: train loss 0.0937
2022-01-19 23:00:09,909 root                INFO: Train: Epoch   4: train loss 0.0898
2022-01-19 23:00:10,477 root                INFO: Train: Epoch   5: train loss 0.0821
2022-01-19 23:00:11,065 root                INFO: Train: Epoch   6: train loss 0.0668
2022-01-19 23:00:11,693 root                INFO: Train: Epoch   7: train loss 0.0723
2022-01-19 23:00:12,284 root                INFO: Train: Epoch   8: train loss 0.0638
2022-01-19 23:00:12,890 root                INFO: Train: Epoch   9: train loss 0.0749
2022-01-19 23:00:13,505 root                INFO: Train: Epoch  10: train loss 0.0599
2022-01-19 23:00:14,093 root                INFO: Train: Epoch  11: train loss 0.0605
2022-01-19 23:00:14,658 root                INFO: Train: Epoch  12: train loss 0.0674
2022-01-19 23:00:15,221 root                INFO: Train: Epoch  13: train loss 0.0645
2022-01-19 23:00:15,821 root                INFO: Train: Epoch  14: train loss 0.0691
2022-01-19 23:00:16,440 root                INFO: Train: Epoch  15: train loss 0.0597
2022-01-19 23:00:17,117 root                INFO: Train: Epoch  16: train loss 0.0633
2022-01-19 23:00:17,702 root                INFO: Train: Epoch  17: train loss 0.0503
2022-01-19 23:00:18,261 root                INFO: Train: Epoch  18: train loss 0.0562
2022-01-19 23:00:18,816 root                INFO: Train: Epoch  19: train loss 0.0555
2022-01-19 23:00:19,452 root                INFO: Train: Epoch  20: train loss 0.0647
2022-01-19 23:00:20,052 root                INFO: Train: Epoch  21: train loss 0.0537
2022-01-19 23:00:20,715 root                INFO: Train: Epoch  22: train loss 0.0532
2022-01-19 23:00:21,293 root                INFO: Train: Epoch  23: train loss 0.0490
2022-01-19 23:00:21,872 root                INFO: Train: Epoch  24: train loss 0.0573
2022-01-19 23:00:22,485 root                INFO: Train: Epoch  25: train loss 0.0525
2022-01-19 23:00:23,099 root                INFO: Train: Epoch  26: train loss 0.0400
2022-01-19 23:00:23,674 root                INFO: Train: Epoch  27: train loss 0.0436
2022-01-19 23:00:24,332 root                INFO: Train: Epoch  28: train loss 0.0224
2022-01-19 23:00:24,924 root                INFO: Train: Epoch  29: train loss 0.0299
2022-01-19 23:00:25,518 root                INFO: Train: Epoch  30: train loss 0.0248
2022-01-19 23:00:26,128 root                INFO: Train: Epoch  31: train loss 0.0418
2022-01-19 23:00:26,724 root                INFO: Train: Epoch  32: train loss 0.0288
2022-01-19 23:00:27,306 root                INFO: Train: Epoch  33: train loss 0.0424
2022-01-19 23:00:27,896 root                INFO: Train: Epoch  34: train loss 0.0251
2022-01-19 23:00:28,476 root                INFO: Train: Epoch  35: train loss 0.0308
2022-01-19 23:00:29,076 root                INFO: Train: Epoch  36: train loss 0.0347
2022-01-19 23:00:29,704 root                INFO: Train: Epoch  37: train loss 0.0341
2022-01-19 23:00:30,336 root                INFO: Train: Epoch  38: train loss 0.0361
2022-01-19 23:00:30,950 root                INFO: Train: Epoch  39: train loss 0.0246
2022-01-19 23:00:31,590 root                INFO: Train: Epoch  40: train loss 0.0304
2022-01-19 23:00:32,207 root                INFO: Train: Epoch  41: train loss 0.0291
2022-01-19 23:00:32,831 root                INFO: Train: Epoch  42: train loss 0.0286
2022-01-19 23:00:33,448 root                INFO: Train: Epoch  43: train loss 0.0254
2022-01-19 23:00:34,208 root                INFO: Train: Epoch  44: train loss 0.0311
2022-01-19 23:00:34,865 root                INFO: Train: Epoch  45: train loss 0.0195
2022-01-19 23:00:35,503 root                INFO: Train: Epoch  46: train loss 0.0268
2022-01-19 23:00:36,205 root                INFO: Train: Epoch  47: train loss 0.0230
2022-01-19 23:00:36,875 root                INFO: Train: Epoch  48: train loss 0.0214
2022-01-19 23:00:37,525 root                INFO: Train: Epoch  49: train loss 0.0183
2022-01-19 23:00:38,161 root                INFO: Train: Epoch  50: train loss 0.0215
2022-01-19 23:00:38,776 root                INFO: Train: Epoch  51: train loss 0.0236
2022-01-19 23:00:39,362 root                INFO: Train: Epoch  52: train loss 0.0162
2022-01-19 23:00:39,966 root                INFO: Train: Epoch  53: train loss 0.0201
2022-01-19 23:00:40,574 root                INFO: Train: Epoch  54: train loss 0.0227
2022-01-19 23:00:41,200 root                INFO: Train: Epoch  55: train loss 0.0145
2022-01-19 23:00:41,825 root                INFO: Train: Epoch  56: train loss 0.0220
2022-01-19 23:00:42,470 root                INFO: Train: Epoch  57: train loss 0.0137
2022-01-19 23:00:43,098 root                INFO: Train: Epoch  58: train loss 0.0225
2022-01-19 23:00:43,760 root                INFO: Train: Epoch  59: train loss 0.0198
2022-01-19 23:00:44,423 root                INFO: Train: Epoch  60: train loss 0.0173
2022-01-19 23:00:45,018 root                INFO: Train: Epoch  61: train loss 0.0181
2022-01-19 23:00:45,660 root                INFO: Train: Epoch  62: train loss 0.0109
2022-01-19 23:00:46,282 root                INFO: Train: Epoch  63: train loss 0.0141
2022-01-19 23:00:46,980 root                INFO: Train: Epoch  64: train loss 0.0121
2022-01-19 23:00:47,662 root                INFO: Train: Epoch  65: train loss 0.0176
2022-01-19 23:00:48,290 root                INFO: Train: Epoch  66: train loss 0.0184
2022-01-19 23:00:48,880 root                INFO: Train: Epoch  67: train loss 0.0182
2022-01-19 23:00:49,504 root                INFO: Train: Epoch  68: train loss 0.0149
2022-01-19 23:00:50,158 root                INFO: Train: Epoch  69: train loss 0.0180
2022-01-19 23:00:50,784 root                INFO: Train: Epoch  70: train loss 0.0198
2022-01-19 23:00:51,435 root                INFO: Train: Epoch  71: train loss 0.0132
2022-01-19 23:00:52,083 root                INFO: Train: Epoch  72: train loss 0.0167
2022-01-19 23:00:52,709 root                INFO: Train: Epoch  73: train loss 0.0090
2022-01-19 23:00:53,328 root                INFO: Train: Epoch  74: train loss 0.0135
2022-01-19 23:00:53,944 root                INFO: Train: Epoch  75: train loss 0.0149
2022-01-19 23:00:54,627 root                INFO: Train: Epoch  76: train loss 0.0101
2022-01-19 23:00:55,259 root                INFO: Train: Epoch  77: train loss 0.0092
2022-01-19 23:00:55,888 root                INFO: Train: Epoch  78: train loss 0.0159
2022-01-19 23:00:56,506 root                INFO: Train: Epoch  79: train loss 0.0113
2022-01-19 23:00:57,202 root                INFO: Train: Epoch  80: train loss 0.0097
2022-01-19 23:00:57,820 root                INFO: Train: Epoch  81: train loss 0.0091
2022-01-19 23:00:58,454 root                INFO: Train: Epoch  82: train loss 0.0141
2022-01-19 23:00:59,131 root                INFO: Train: Epoch  83: train loss 0.0174
2022-01-19 23:00:59,767 root                INFO: Train: Epoch  84: train loss 0.0061
2022-01-19 23:01:00,419 root                INFO: Train: Epoch  85: train loss 0.0065
2022-01-19 23:01:01,153 root                INFO: Train: Epoch  86: train loss 0.0189
2022-01-19 23:01:01,785 root                INFO: Train: Epoch  87: train loss 0.0138
2022-01-19 23:01:02,439 root                INFO: Train: Epoch  88: train loss 0.0061
2022-01-19 23:01:03,092 root                INFO: Train: Epoch  89: train loss 0.0087
2022-01-19 23:01:03,720 root                INFO: Train: Epoch  90: train loss 0.0088
2022-01-19 23:01:04,359 root                INFO: Train: Epoch  91: train loss 0.0136
2022-01-19 23:01:05,051 root                INFO: Train: Epoch  92: train loss 0.0080
2022-01-19 23:01:05,684 root                INFO: Train: Epoch  93: train loss 0.0165
2022-01-19 23:01:06,329 root                INFO: Train: Epoch  94: train loss 0.0076
2022-01-19 23:01:07,002 root                INFO: Train: Epoch  95: train loss 0.0078
2022-01-19 23:01:07,649 root                INFO: Train: Epoch  96: train loss 0.0144
2022-01-19 23:01:08,358 root                INFO: Train: Epoch  97: train loss 0.0151
2022-01-19 23:01:08,973 root                INFO: Train: Epoch  98: train loss 0.0133
2022-01-19 23:01:09,583 root                INFO: Train: Epoch  99: train loss 0.0063
2022-01-19 23:01:10,208 root                INFO: Train: Epoch 100: train loss 0.0092
2022-01-19 23:01:10,879 root                INFO: Train: Epoch 101: train loss 0.0170
2022-01-19 23:01:11,523 root                INFO: Train: Epoch 102: train loss 0.0111
2022-01-19 23:01:12,151 root                INFO: Train: Epoch 103: train loss 0.0075
2022-01-19 23:01:12,780 root                INFO: Train: Epoch 104: train loss 0.0080
2022-01-19 23:01:13,404 root                INFO: Train: Epoch 105: train loss 0.0057
2022-01-19 23:01:14,054 root                INFO: Train: Epoch 106: train loss 0.0120
2022-01-19 23:01:14,695 root                INFO: Train: Epoch 107: train loss 0.0102
2022-01-19 23:01:15,317 root                INFO: Train: Epoch 108: train loss 0.0129
2022-01-19 23:01:15,970 root                INFO: Train: Epoch 109: train loss 0.0066
2022-01-19 23:01:16,582 root                INFO: Train: Epoch 110: train loss 0.0117
2022-01-19 23:01:17,194 root                INFO: Train: Epoch 111: train loss 0.0078
2022-01-19 23:01:17,826 root                INFO: Train: Epoch 112: train loss 0.0090
2022-01-19 23:01:18,499 root                INFO: Train: Epoch 113: train loss 0.0059
2022-01-19 23:01:19,100 root                INFO: Train: Epoch 114: train loss 0.0061
2022-01-19 23:01:19,729 root                INFO: Train: Epoch 115: train loss 0.0097
2022-01-19 23:01:20,361 root                INFO: Train: Epoch 116: train loss 0.0051
2022-01-19 23:01:20,978 root                INFO: Train: Epoch 117: train loss 0.0094
2022-01-19 23:01:21,650 root                INFO: Train: Epoch 118: train loss 0.0124
2022-01-19 23:01:22,283 root                INFO: Train: Epoch 119: train loss 0.0063
2022-01-19 23:01:22,931 root                INFO: Train: Epoch 120: train loss 0.0040
2022-01-19 23:01:23,561 root                INFO: Train: Epoch 121: train loss 0.0083
2022-01-19 23:01:24,179 root                INFO: Train: Epoch 122: train loss 0.0122
2022-01-19 23:01:24,824 root                INFO: Train: Epoch 123: train loss 0.0060
2022-01-19 23:01:25,501 root                INFO: Train: Epoch 124: train loss 0.0195
2022-01-19 23:01:26,175 root                INFO: Train: Epoch 125: train loss 0.0087
2022-01-19 23:01:26,833 root                INFO: Train: Epoch 126: train loss 0.0116
2022-01-19 23:01:27,517 root                INFO: Train: Epoch 127: train loss 0.0063
2022-01-19 23:01:28,213 root                INFO: Train: Epoch 128: train loss 0.0116
2022-01-19 23:01:28,840 root                INFO: Train: Epoch 129: train loss 0.0112
2022-01-19 23:01:29,481 root                INFO: Train: Epoch 130: train loss 0.0090
2022-01-19 23:01:30,139 root                INFO: Train: Epoch 131: train loss 0.0120
2022-01-19 23:01:30,789 root                INFO: Train: Epoch 132: train loss 0.0123
2022-01-19 23:01:31,463 root                INFO: Train: Epoch 133: train loss 0.0094
2022-01-19 23:01:32,102 root                INFO: Train: Epoch 134: train loss 0.0133
2022-01-19 23:01:32,778 root                INFO: Train: Epoch 135: train loss 0.0052
2022-01-19 23:01:33,423 root                INFO: Train: Epoch 136: train loss 0.0083
2022-01-19 23:01:34,088 root                INFO: Train: Epoch 137: train loss 0.0106
2022-01-19 23:01:34,773 root                INFO: Train: Epoch 138: train loss 0.0114
2022-01-19 23:01:35,438 root                INFO: Train: Epoch 139: train loss 0.0129
2022-01-19 23:01:36,090 root                INFO: Train: Epoch 140: train loss 0.0104
2022-01-19 23:01:36,756 root                INFO: Train: Epoch 141: train loss 0.0074
2022-01-19 23:01:37,391 root                INFO: Train: Epoch 142: train loss 0.0082
2022-01-19 23:01:38,020 root                INFO: Train: Epoch 143: train loss 0.0106
2022-01-19 23:01:38,700 root                INFO: Train: Epoch 144: train loss 0.0118
2022-01-19 23:01:39,336 root                INFO: Train: Epoch 145: train loss 0.0132
2022-01-19 23:01:39,986 root                INFO: Train: Epoch 146: train loss 0.0076
2022-01-19 23:01:40,688 root                INFO: Train: Epoch 147: train loss 0.0081
2022-01-19 23:01:41,334 root                INFO: Train: Epoch 148: train loss 0.0029
2022-01-19 23:01:41,993 root                INFO: Train: Epoch 149: train loss 0.0052
2022-01-19 23:01:42,659 root                INFO: Train: Epoch 150: train loss 0.0020
2022-01-19 23:01:43,359 root                INFO: Train: Epoch 151: train loss 0.0092
2022-01-19 23:01:44,016 root                INFO: Train: Epoch 152: train loss 0.0125
2022-01-19 23:01:44,714 root                INFO: Train: Epoch 153: train loss 0.0031
2022-01-19 23:01:45,366 root                INFO: Train: Epoch 154: train loss 0.0087
2022-01-19 23:01:46,051 root                INFO: Train: Epoch 155: train loss 0.0065
2022-01-19 23:01:46,768 root                INFO: Train: Epoch 156: train loss 0.0109
2022-01-19 23:01:47,465 root                INFO: Train: Epoch 157: train loss 0.0062
2022-01-19 23:01:48,183 root                INFO: Train: Epoch 158: train loss 0.0035
2022-01-19 23:01:48,825 root                INFO: Train: Epoch 159: train loss 0.0071
2022-01-19 23:01:49,484 root                INFO: Train: Epoch 160: train loss 0.0051
2022-01-19 23:01:50,182 root                INFO: Train: Epoch 161: train loss 0.0060
2022-01-19 23:01:50,822 root                INFO: Train: Epoch 162: train loss 0.0052
2022-01-19 23:01:51,490 root                INFO: Train: Epoch 163: train loss 0.0070
2022-01-19 23:01:52,147 root                INFO: Train: Epoch 164: train loss 0.0078
2022-01-19 23:01:52,776 root                INFO: Train: Epoch 165: train loss 0.0090
2022-01-19 23:01:53,419 root                INFO: Train: Epoch 166: train loss 0.0051
2022-01-19 23:01:54,040 root                INFO: Train: Epoch 167: train loss 0.0090
2022-01-19 23:01:54,646 root                INFO: Train: Epoch 168: train loss 0.0036
2022-01-19 23:01:55,360 root                INFO: Train: Epoch 169: train loss 0.0164
2022-01-19 23:01:56,008 root                INFO: Train: Epoch 170: train loss 0.0093
2022-01-19 23:01:56,639 root                INFO: Train: Epoch 171: train loss 0.0047
2022-01-19 23:01:57,304 root                INFO: Train: Epoch 172: train loss 0.0111
2022-01-19 23:01:57,919 root                INFO: Train: Epoch 173: train loss 0.0102
2022-01-19 23:01:58,570 root                INFO: Train: Epoch 174: train loss 0.0037
2022-01-19 23:01:59,228 root                INFO: Train: Epoch 175: train loss 0.0078
2022-01-19 23:01:59,866 root                INFO: Train: Epoch 176: train loss 0.0079
2022-01-19 23:02:00,504 root                INFO: Train: Epoch 177: train loss 0.0080
2022-01-19 23:02:01,192 root                INFO: Train: Epoch 178: train loss 0.0066
2022-01-19 23:02:01,837 root                INFO: Train: Epoch 179: train loss 0.0098
2022-01-19 23:02:02,452 root                INFO: Train: Epoch 180: train loss 0.0089
2022-01-19 23:02:03,101 root                INFO: Train: Epoch 181: train loss 0.0078
2022-01-19 23:02:03,767 root                INFO: Train: Epoch 182: train loss 0.0032
2022-01-19 23:02:04,411 root                INFO: Train: Epoch 183: train loss 0.0053
2022-01-19 23:02:05,049 root                INFO: Train: Epoch 184: train loss 0.0058
2022-01-19 23:02:05,684 root                INFO: Train: Epoch 185: train loss 0.0048
2022-01-19 23:02:06,359 root                INFO: Train: Epoch 186: train loss 0.0034
2022-01-19 23:02:07,029 root                INFO: Train: Epoch 187: train loss 0.0034
2022-01-19 23:02:07,633 root                INFO: Train: Epoch 188: train loss 0.0048
2022-01-19 23:02:08,285 root                INFO: Train: Epoch 189: train loss 0.0059
2022-01-19 23:02:08,946 root                INFO: Train: Epoch 190: train loss 0.0060
2022-01-19 23:02:09,634 root                INFO: Train: Epoch 191: train loss 0.0051
2022-01-19 23:02:10,336 root                INFO: Train: Epoch 192: train loss 0.0103
2022-01-19 23:02:10,935 root                INFO: Train: Epoch 193: train loss 0.0073
2022-01-19 23:02:11,532 root                INFO: Train: Epoch 194: train loss 0.0030
2022-01-19 23:02:12,221 root                INFO: Train: Epoch 195: train loss 0.0051
2022-01-19 23:02:12,913 root                INFO: Train: Epoch 196: train loss 0.0058
2022-01-19 23:02:14,915 root                INFO: Valid: Epoch 196: kendall tau 0.6058; loss 0.2291
2022-01-19 23:02:15,568 root                INFO: Train: Epoch 197: train loss 0.0031
2022-01-19 23:02:17,687 root                INFO: Valid: Epoch 197: kendall tau 0.6068; loss 0.2343
2022-01-19 23:02:18,389 root                INFO: Train: Epoch 198: train loss 0.0061
2022-01-19 23:02:20,747 root                INFO: Valid: Epoch 198: kendall tau 0.5967; loss 0.2322
2022-01-19 23:02:21,494 root                INFO: Train: Epoch 199: train loss 0.0032
2022-01-19 23:02:23,604 root                INFO: Valid: Epoch 199: kendall tau 0.5809; loss 0.2236
2022-01-19 23:02:24,226 root                INFO: Train: Epoch 200: train loss 0.0053
2022-01-19 23:02:26,237 root                INFO: Valid: Epoch 200: kendall tau 0.5713; loss 0.2237
2022-01-19 23:02:26,245 root                INFO: Epoch 200: Save checkpoint to nb1shot1_ablation_scale/true/0.1_0.005/1/2021/200.ckpt
2022-01-19 23:02:28,302 root                INFO: [0.14285714285714285, 0.3611111111111111, 0.5555555555555556, 0.44505494505494503, 0.5925925925925926, 0.7851851851851852, 1.0]
2022-01-19 23:02:28,303 root                INFO: [36, 3]
