2022-01-20 15:51:17,498 root                INFO: GPU device = 2
2022-01-20 15:51:17,499 root                INFO: Load pkl cache from nasbench301_train.pkl and nasbench301_valid.pkl
2022-01-20 15:51:18,403 root                INFO: Config: {'arch_network_cfg': {'arch_embedder_cfg': {'take_adj_as_input': True, 'gcn_kwargs': {'residual_only': 2}, 'gcn_out_dims': [64, 64, 64, 64, 64], 'hidden_dim': 32, 'node_dim': 32, 'op_dim': 32, 'use_bn': False, 'final_concat': False, 'other_node_zero': False, 'num_time_steps': 4, 'fb_conversion_dims': [64, 64], 'backward_gcn_out_dims': [64, 64, 64, 64, 64], 'updateopemb_method': 'concat_ofb', 'updateopemb_dims': [64], 'share_skip_and_outskip': True, 'detach_vinfo': False, 'updateopemb_scale': 0.1, 'updateopemb_detach_opemb': True, 'updateopemb_detach_finfo': True, 'mask_nonparametrized_ops': True, 'symmetry_breaking_method': 'param_zs_add', 'concat_param_zs_as_opemb_dimension': 5, 'concat_param_zs_as_opemb_scale': 1.0}, 'arch_embedder_type': 'cellss-fbflow', 'compare_loss_type': 'margin_linear', 'compare_margin': 0.1, 'mlp_dropout': 0.1, 'mlp_hiddens': [200], 'optimizer': {'lr': 0.001, 'type': 'Adam'}, 'scheduler': None}, 'arch_network_type': 'pointwise_comparator', 'batch_size': 128, 'choose_pair_criterion': 'random', 'compare': True, 'compare_threshold': 0.0, 'epochs': 200, 'max_compare_ratio': 16.0}
2022-01-20 15:51:21,568 root                INFO: Combined args: Namespace(arch_network_type='pointwise_comparator', batch_size=128, cfg_file='cfgs/nb301_cfgs/gates_true_masktrue.yaml', choose_pair_criterion='random', compare=True, compare_threshold=0.0, epochs=200, eval_only_last=1, gpu=2, load=None, max_compare_ratio=16.0, num_workers=4, report_freq=200, save_every=200, save_predict=None, seed=2021, test_funcs=None, test_only=False, train_dir='nb301_ablation_mask/true/true_0.005/1/2021', train_pkl='../mynas/data/nasbench-301/nasbench301_train_mtx_1.pkl', train_ratio=0.005, valid_pkl='../mynas/data/nasbench-301/nasbench301_valid_mtx.pkl')
2022-01-20 15:51:21,576 root                INFO: Train dataset ratio: 0.005
2022-01-20 15:51:21,577 root                INFO: Number of architectures: train: 29; valid: 51072
2022-01-20 15:51:36,921 root                INFO: Train: Epoch   1: train loss 0.1000
2022-01-20 15:51:37,346 root                INFO: Train: Epoch   2: train loss 0.0987
2022-01-20 15:51:37,808 root                INFO: Train: Epoch   3: train loss 0.0973
2022-01-20 15:51:38,272 root                INFO: Train: Epoch   4: train loss 0.0947
2022-01-20 15:51:38,694 root                INFO: Train: Epoch   5: train loss 0.0924
2022-01-20 15:51:39,136 root                INFO: Train: Epoch   6: train loss 0.0895
2022-01-20 15:51:39,659 root                INFO: Train: Epoch   7: train loss 0.0825
2022-01-20 15:51:40,288 root                INFO: Train: Epoch   8: train loss 0.0767
2022-01-20 15:51:40,925 root                INFO: Train: Epoch   9: train loss 0.0680
2022-01-20 15:51:41,548 root                INFO: Train: Epoch  10: train loss 0.0611
2022-01-20 15:51:42,037 root                INFO: Train: Epoch  11: train loss 0.0545
2022-01-20 15:51:42,478 root                INFO: Train: Epoch  12: train loss 0.0483
2022-01-20 15:51:42,941 root                INFO: Train: Epoch  13: train loss 0.0435
2022-01-20 15:51:43,367 root                INFO: Train: Epoch  14: train loss 0.0341
2022-01-20 15:51:43,794 root                INFO: Train: Epoch  15: train loss 0.0304
2022-01-20 15:51:44,236 root                INFO: Train: Epoch  16: train loss 0.0254
2022-01-20 15:51:44,681 root                INFO: Train: Epoch  17: train loss 0.0220
2022-01-20 15:51:45,156 root                INFO: Train: Epoch  18: train loss 0.0223
2022-01-20 15:51:45,633 root                INFO: Train: Epoch  19: train loss 0.0197
2022-01-20 15:51:46,174 root                INFO: Train: Epoch  20: train loss 0.0185
2022-01-20 15:51:46,664 root                INFO: Train: Epoch  21: train loss 0.0165
2022-01-20 15:51:47,158 root                INFO: Train: Epoch  22: train loss 0.0175
2022-01-20 15:51:47,640 root                INFO: Train: Epoch  23: train loss 0.0158
2022-01-20 15:51:48,121 root                INFO: Train: Epoch  24: train loss 0.0155
2022-01-20 15:51:48,573 root                INFO: Train: Epoch  25: train loss 0.0132
2022-01-20 15:51:49,017 root                INFO: Train: Epoch  26: train loss 0.0129
2022-01-20 15:51:49,465 root                INFO: Train: Epoch  27: train loss 0.0116
2022-01-20 15:51:49,922 root                INFO: Train: Epoch  28: train loss 0.0118
2022-01-20 15:51:50,382 root                INFO: Train: Epoch  29: train loss 0.0101
2022-01-20 15:51:50,856 root                INFO: Train: Epoch  30: train loss 0.0089
2022-01-20 15:51:51,326 root                INFO: Train: Epoch  31: train loss 0.0080
2022-01-20 15:51:51,772 root                INFO: Train: Epoch  32: train loss 0.0103
2022-01-20 15:51:52,246 root                INFO: Train: Epoch  33: train loss 0.0079
2022-01-20 15:51:52,688 root                INFO: Train: Epoch  34: train loss 0.0073
2022-01-20 15:51:53,106 root                INFO: Train: Epoch  35: train loss 0.0083
2022-01-20 15:51:53,563 root                INFO: Train: Epoch  36: train loss 0.0086
2022-01-20 15:51:53,996 root                INFO: Train: Epoch  37: train loss 0.0078
2022-01-20 15:51:54,462 root                INFO: Train: Epoch  38: train loss 0.0053
2022-01-20 15:51:54,906 root                INFO: Train: Epoch  39: train loss 0.0058
2022-01-20 15:51:55,358 root                INFO: Train: Epoch  40: train loss 0.0060
2022-01-20 15:51:55,817 root                INFO: Train: Epoch  41: train loss 0.0052
2022-01-20 15:51:56,299 root                INFO: Train: Epoch  42: train loss 0.0060
2022-01-20 15:51:56,782 root                INFO: Train: Epoch  43: train loss 0.0057
2022-01-20 15:51:57,259 root                INFO: Train: Epoch  44: train loss 0.0050
2022-01-20 15:51:57,717 root                INFO: Train: Epoch  45: train loss 0.0044
2022-01-20 15:51:58,145 root                INFO: Train: Epoch  46: train loss 0.0053
2022-01-20 15:51:58,633 root                INFO: Train: Epoch  47: train loss 0.0027
2022-01-20 15:51:59,091 root                INFO: Train: Epoch  48: train loss 0.0039
2022-01-20 15:51:59,576 root                INFO: Train: Epoch  49: train loss 0.0043
2022-01-20 15:52:00,055 root                INFO: Train: Epoch  50: train loss 0.0030
2022-01-20 15:52:00,528 root                INFO: Train: Epoch  51: train loss 0.0037
2022-01-20 15:52:00,994 root                INFO: Train: Epoch  52: train loss 0.0047
2022-01-20 15:52:01,469 root                INFO: Train: Epoch  53: train loss 0.0033
2022-01-20 15:52:01,941 root                INFO: Train: Epoch  54: train loss 0.0035
2022-01-20 15:52:02,409 root                INFO: Train: Epoch  55: train loss 0.0020
2022-01-20 15:52:02,892 root                INFO: Train: Epoch  56: train loss 0.0023
2022-01-20 15:52:03,366 root                INFO: Train: Epoch  57: train loss 0.0030
2022-01-20 15:52:03,870 root                INFO: Train: Epoch  58: train loss 0.0010
2022-01-20 15:52:04,342 root                INFO: Train: Epoch  59: train loss 0.0028
2022-01-20 15:52:04,801 root                INFO: Train: Epoch  60: train loss 0.0042
2022-01-20 15:52:05,267 root                INFO: Train: Epoch  61: train loss 0.0025
2022-01-20 15:52:05,772 root                INFO: Train: Epoch  62: train loss 0.0029
2022-01-20 15:52:06,267 root                INFO: Train: Epoch  63: train loss 0.0028
2022-01-20 15:52:06,761 root                INFO: Train: Epoch  64: train loss 0.0030
2022-01-20 15:52:07,227 root                INFO: Train: Epoch  65: train loss 0.0040
2022-01-20 15:52:07,691 root                INFO: Train: Epoch  66: train loss 0.0025
2022-01-20 15:52:08,145 root                INFO: Train: Epoch  67: train loss 0.0026
2022-01-20 15:52:08,578 root                INFO: Train: Epoch  68: train loss 0.0017
2022-01-20 15:52:09,040 root                INFO: Train: Epoch  69: train loss 0.0026
2022-01-20 15:52:09,501 root                INFO: Train: Epoch  70: train loss 0.0016
2022-01-20 15:52:09,954 root                INFO: Train: Epoch  71: train loss 0.0011
2022-01-20 15:52:10,411 root                INFO: Train: Epoch  72: train loss 0.0012
2022-01-20 15:52:10,885 root                INFO: Train: Epoch  73: train loss 0.0025
2022-01-20 15:52:11,311 root                INFO: Train: Epoch  74: train loss 0.0018
2022-01-20 15:52:11,802 root                INFO: Train: Epoch  75: train loss 0.0008
2022-01-20 15:52:12,297 root                INFO: Train: Epoch  76: train loss 0.0012
2022-01-20 15:52:12,770 root                INFO: Train: Epoch  77: train loss 0.0012
2022-01-20 15:52:13,239 root                INFO: Train: Epoch  78: train loss 0.0013
2022-01-20 15:52:13,704 root                INFO: Train: Epoch  79: train loss 0.0022
2022-01-20 15:52:14,175 root                INFO: Train: Epoch  80: train loss 0.0020
2022-01-20 15:52:14,652 root                INFO: Train: Epoch  81: train loss 0.0016
2022-01-20 15:52:15,120 root                INFO: Train: Epoch  82: train loss 0.0014
2022-01-20 15:52:15,586 root                INFO: Train: Epoch  83: train loss 0.0022
2022-01-20 15:52:16,060 root                INFO: Train: Epoch  84: train loss 0.0029
2022-01-20 15:52:16,518 root                INFO: Train: Epoch  85: train loss 0.0019
2022-01-20 15:52:17,017 root                INFO: Train: Epoch  86: train loss 0.0021
2022-01-20 15:52:17,473 root                INFO: Train: Epoch  87: train loss 0.0028
2022-01-20 15:52:17,935 root                INFO: Train: Epoch  88: train loss 0.0036
2022-01-20 15:52:18,416 root                INFO: Train: Epoch  89: train loss 0.0017
2022-01-20 15:52:18,835 root                INFO: Train: Epoch  90: train loss 0.0018
2022-01-20 15:52:19,290 root                INFO: Train: Epoch  91: train loss 0.0038
2022-01-20 15:52:19,793 root                INFO: Train: Epoch  92: train loss 0.0011
2022-01-20 15:52:20,247 root                INFO: Train: Epoch  93: train loss 0.0030
2022-01-20 15:52:20,696 root                INFO: Train: Epoch  94: train loss 0.0019
2022-01-20 15:52:21,176 root                INFO: Train: Epoch  95: train loss 0.0025
2022-01-20 15:52:21,665 root                INFO: Train: Epoch  96: train loss 0.0037
2022-01-20 15:52:22,156 root                INFO: Train: Epoch  97: train loss 0.0012
2022-01-20 15:52:22,629 root                INFO: Train: Epoch  98: train loss 0.0023
2022-01-20 15:52:23,103 root                INFO: Train: Epoch  99: train loss 0.0010
2022-01-20 15:52:23,541 root                INFO: Train: Epoch 100: train loss 0.0006
2022-01-20 15:52:24,007 root                INFO: Train: Epoch 101: train loss 0.0007
2022-01-20 15:52:24,480 root                INFO: Train: Epoch 102: train loss 0.0011
2022-01-20 15:52:24,940 root                INFO: Train: Epoch 103: train loss 0.0011
2022-01-20 15:52:25,399 root                INFO: Train: Epoch 104: train loss 0.0012
2022-01-20 15:52:25,851 root                INFO: Train: Epoch 105: train loss 0.0014
2022-01-20 15:52:26,366 root                INFO: Train: Epoch 106: train loss 0.0015
2022-01-20 15:52:26,851 root                INFO: Train: Epoch 107: train loss 0.0006
2022-01-20 15:52:27,310 root                INFO: Train: Epoch 108: train loss 0.0011
2022-01-20 15:52:27,778 root                INFO: Train: Epoch 109: train loss 0.0025
2022-01-20 15:52:28,238 root                INFO: Train: Epoch 110: train loss 0.0013
2022-01-20 15:52:28,684 root                INFO: Train: Epoch 111: train loss 0.0027
2022-01-20 15:52:29,113 root                INFO: Train: Epoch 112: train loss 0.0012
2022-01-20 15:52:29,592 root                INFO: Train: Epoch 113: train loss 0.0014
2022-01-20 15:52:30,077 root                INFO: Train: Epoch 114: train loss 0.0014
2022-01-20 15:52:30,566 root                INFO: Train: Epoch 115: train loss 0.0026
2022-01-20 15:52:31,066 root                INFO: Train: Epoch 116: train loss 0.0013
2022-01-20 15:52:31,530 root                INFO: Train: Epoch 117: train loss 0.0007
2022-01-20 15:52:31,988 root                INFO: Train: Epoch 118: train loss 0.0014
2022-01-20 15:52:32,439 root                INFO: Train: Epoch 119: train loss 0.0015
2022-01-20 15:52:32,865 root                INFO: Train: Epoch 120: train loss 0.0018
2022-01-20 15:52:33,326 root                INFO: Train: Epoch 121: train loss 0.0020
2022-01-20 15:52:33,800 root                INFO: Train: Epoch 122: train loss 0.0009
2022-01-20 15:52:34,300 root                INFO: Train: Epoch 123: train loss 0.0008
2022-01-20 15:52:34,771 root                INFO: Train: Epoch 124: train loss 0.0027
2022-01-20 15:52:35,218 root                INFO: Train: Epoch 125: train loss 0.0014
2022-01-20 15:52:35,680 root                INFO: Train: Epoch 126: train loss 0.0017
2022-01-20 15:52:36,117 root                INFO: Train: Epoch 127: train loss 0.0019
2022-01-20 15:52:36,604 root                INFO: Train: Epoch 128: train loss 0.0009
2022-01-20 15:52:37,107 root                INFO: Train: Epoch 129: train loss 0.0007
2022-01-20 15:52:37,577 root                INFO: Train: Epoch 130: train loss 0.0015
2022-01-20 15:52:38,045 root                INFO: Train: Epoch 131: train loss 0.0013
2022-01-20 15:52:38,519 root                INFO: Train: Epoch 132: train loss 0.0006
2022-01-20 15:52:38,973 root                INFO: Train: Epoch 133: train loss 0.0016
2022-01-20 15:52:39,453 root                INFO: Train: Epoch 134: train loss 0.0010
2022-01-20 15:52:39,936 root                INFO: Train: Epoch 135: train loss 0.0004
2022-01-20 15:52:40,386 root                INFO: Train: Epoch 136: train loss 0.0010
2022-01-20 15:52:40,836 root                INFO: Train: Epoch 137: train loss 0.0011
2022-01-20 15:52:41,280 root                INFO: Train: Epoch 138: train loss 0.0008
2022-01-20 15:52:41,714 root                INFO: Train: Epoch 139: train loss 0.0010
2022-01-20 15:52:42,182 root                INFO: Train: Epoch 140: train loss 0.0006
2022-01-20 15:52:42,621 root                INFO: Train: Epoch 141: train loss 0.0015
2022-01-20 15:52:43,049 root                INFO: Train: Epoch 142: train loss 0.0010
2022-01-20 15:52:43,499 root                INFO: Train: Epoch 143: train loss 0.0003
2022-01-20 15:52:43,938 root                INFO: Train: Epoch 144: train loss 0.0006
2022-01-20 15:52:44,369 root                INFO: Train: Epoch 145: train loss 0.0011
2022-01-20 15:52:44,821 root                INFO: Train: Epoch 146: train loss 0.0014
2022-01-20 15:52:45,297 root                INFO: Train: Epoch 147: train loss 0.0018
2022-01-20 15:52:45,727 root                INFO: Train: Epoch 148: train loss 0.0020
2022-01-20 15:52:46,181 root                INFO: Train: Epoch 149: train loss 0.0020
2022-01-20 15:52:46,602 root                INFO: Train: Epoch 150: train loss 0.0020
2022-01-20 15:52:47,061 root                INFO: Train: Epoch 151: train loss 0.0019
2022-01-20 15:52:47,501 root                INFO: Train: Epoch 152: train loss 0.0007
2022-01-20 15:52:47,937 root                INFO: Train: Epoch 153: train loss 0.0012
2022-01-20 15:52:48,388 root                INFO: Train: Epoch 154: train loss 0.0015
2022-01-20 15:52:48,822 root                INFO: Train: Epoch 155: train loss 0.0008
2022-01-20 15:52:49,267 root                INFO: Train: Epoch 156: train loss 0.0011
2022-01-20 15:52:49,727 root                INFO: Train: Epoch 157: train loss 0.0011
2022-01-20 15:52:50,182 root                INFO: Train: Epoch 158: train loss 0.0017
2022-01-20 15:52:50,606 root                INFO: Train: Epoch 159: train loss 0.0014
2022-01-20 15:52:51,070 root                INFO: Train: Epoch 160: train loss 0.0015
2022-01-20 15:52:51,508 root                INFO: Train: Epoch 161: train loss 0.0007
2022-01-20 15:52:51,933 root                INFO: Train: Epoch 162: train loss 0.0011
2022-01-20 15:52:52,403 root                INFO: Train: Epoch 163: train loss 0.0012
2022-01-20 15:52:52,848 root                INFO: Train: Epoch 164: train loss 0.0018
2022-01-20 15:52:53,296 root                INFO: Train: Epoch 165: train loss 0.0019
2022-01-20 15:52:53,734 root                INFO: Train: Epoch 166: train loss 0.0008
2022-01-20 15:52:54,168 root                INFO: Train: Epoch 167: train loss 0.0003
2022-01-20 15:52:54,637 root                INFO: Train: Epoch 168: train loss 0.0016
2022-01-20 15:52:55,072 root                INFO: Train: Epoch 169: train loss 0.0009
2022-01-20 15:52:55,515 root                INFO: Train: Epoch 170: train loss 0.0023
2022-01-20 15:52:55,970 root                INFO: Train: Epoch 171: train loss 0.0011
2022-01-20 15:52:56,394 root                INFO: Train: Epoch 172: train loss 0.0010
2022-01-20 15:52:56,839 root                INFO: Train: Epoch 173: train loss 0.0017
2022-01-20 15:52:57,298 root                INFO: Train: Epoch 174: train loss 0.0030
2022-01-20 15:52:57,732 root                INFO: Train: Epoch 175: train loss 0.0021
2022-01-20 15:52:58,185 root                INFO: Train: Epoch 176: train loss 0.0012
2022-01-20 15:52:58,632 root                INFO: Train: Epoch 177: train loss 0.0011
2022-01-20 15:52:59,054 root                INFO: Train: Epoch 178: train loss 0.0020
2022-01-20 15:52:59,489 root                INFO: Train: Epoch 179: train loss 0.0017
2022-01-20 15:52:59,923 root                INFO: Train: Epoch 180: train loss 0.0002
2022-01-20 15:53:00,349 root                INFO: Train: Epoch 181: train loss 0.0017
2022-01-20 15:53:00,779 root                INFO: Train: Epoch 182: train loss 0.0022
2022-01-20 15:53:01,200 root                INFO: Train: Epoch 183: train loss 0.0009
2022-01-20 15:53:01,616 root                INFO: Train: Epoch 184: train loss 0.0001
2022-01-20 15:53:02,056 root                INFO: Train: Epoch 185: train loss 0.0014
2022-01-20 15:53:02,480 root                INFO: Train: Epoch 186: train loss 0.0023
2022-01-20 15:53:02,896 root                INFO: Train: Epoch 187: train loss 0.0008
2022-01-20 15:53:03,341 root                INFO: Train: Epoch 188: train loss 0.0006
2022-01-20 15:53:03,780 root                INFO: Train: Epoch 189: train loss 0.0020
2022-01-20 15:53:04,218 root                INFO: Train: Epoch 190: train loss 0.0006
2022-01-20 15:53:04,649 root                INFO: Train: Epoch 191: train loss 0.0011
2022-01-20 15:53:05,082 root                INFO: Train: Epoch 192: train loss 0.0018
2022-01-20 15:53:05,525 root                INFO: Train: Epoch 193: train loss 0.0017
2022-01-20 15:53:05,977 root                INFO: Train: Epoch 194: train loss 0.0012
2022-01-20 15:53:06,419 root                INFO: Train: Epoch 195: train loss 0.0008
2022-01-20 15:53:06,844 root                INFO: Train: Epoch 196: train loss 0.0008
2022-01-20 15:53:07,281 root                INFO: Train: Epoch 197: train loss 0.0008
2022-01-20 15:53:07,719 root                INFO: Train: Epoch 198: train loss 0.0006
2022-01-20 15:53:08,130 root                INFO: Train: Epoch 199: train loss 0.0011
2022-01-20 15:53:08,535 root                INFO: Train: Epoch 200: train loss 0.0018
2022-01-20 15:53:24,657 root                INFO: Valid: Epoch 200: kendall tau 0.6045; loss 0.2938
2022-01-20 15:53:24,662 root                INFO: Epoch 200: Save checkpoint to nb301_ablation_mask/true/true_0.005/1/2021/200.ckpt
2022-01-20 15:53:41,001 root                INFO: [0.0784313725490196, 0.1568627450980392, 0.20980392156862746, 0.5597336466901685, 0.6855296651654592, 0.7980106516290727, 1.0]
2022-01-20 15:53:41,002 root                INFO: [510, 14]
