2022-01-21 15:45:37,542 root                INFO: GPU device = 7
2022-01-21 15:45:37,543 root                INFO: Load pkl cache from nasbench101.pkl and nasbench101_valid.pkl
2022-01-21 15:45:37,853 root                INFO: Config: {'arch_network_cfg': {'arch_embedder_cfg': {'gcn_kwargs': {'plus_I': True, 'residual_only': 1}, 'gcn_out_dims': [128, 128, 128, 128, 128], 'backward_gcn_out_dims': [128, 128, 128, 128, 128], 'hid_dim': 96, 'node_embedding_dim': 48, 'op_embedding_dim': 48, 'num_time_steps': 2, 'fb_conversion_dims': [128, 128], 'updateopemb_method': 'concat_ofb', 'updateopemb_dims': [128], 'updateopemb_scale': 0.1, 'b_use_bn': False, 'detach_vinfo': False, 'updateopemb_detach_opemb': True, 'updateopemb_detach_finfo': True, 'symmetry_breaking_method': 'param_zs_add', 'concat_param_zs_as_opemb_dimension': 7, 'concat_param_zs_as_opemb_scale': 1.0, 'mask_nonparametrized_ops': False}, 'arch_embedder_type': 'nb101-fbflow-anytime', 'compare_loss_type': 'margin_linear', 'compare_margin': 0.1, 'mlp_dropout': 0.1, 'mlp_hiddens': [200], 'mlp_out_dim': 1, 'optimizer': {'lr': 0.001, 'type': 'Adam'}, 'scheduler': None}, 'batch_size': 512, 'choose_pair_criterion': 'random', 'compare': False, 'compare_threshold': 0.0, 'epochs': 400, 'max_compare_ratio': 4.0}
2022-01-21 15:45:52,692 root                INFO: Combined args: Namespace(batch_size=512, cfg_file='cfgs/nb101_cfgs/tagates_anytime.yaml', choose_pair_criterion='random', compare=False, compare_threshold=0.0, epochs=400, eval_only_last=200, gpu=7, load=None, max_compare_ratio=4.0, num_workers=4, report_freq=200, save_every=200, save_predict=None, seed=2021, test_funcs=None, test_only=False, train_dir='nb1shot1_anytime_tagates/tagates_0.005/123/2021', train_pkl='../mynas/data/nasbench-1shot1/nasbench101_anytime_train_123.pkl', train_ratio=0.005, valid_pkl='../mynas/data/nasbench-1shot1/nasbench101_anytime_valid.pkl')
2022-01-21 15:45:52,703 root                INFO: Train dataset ratio: 0.005
2022-01-21 15:45:52,704 root                INFO: Number of architectures: train: 36; valid: 7290
2022-01-21 15:45:56,464 root                INFO: Train: Epoch   1: train loss 0.2203
2022-01-21 15:45:58,215 root                INFO: Train: Epoch   2: train loss 0.2024
2022-01-21 15:45:59,954 root                INFO: Train: Epoch   3: train loss 0.1822
2022-01-21 15:47:17,613 root                INFO: GPU device = 7
2022-01-21 15:47:17,614 root                INFO: Load pkl cache from nasbench101.pkl and nasbench101_valid.pkl
2022-01-21 15:47:17,978 root                INFO: Config: {'arch_network_cfg': {'arch_embedder_cfg': {'gcn_kwargs': {'plus_I': True, 'residual_only': 1}, 'gcn_out_dims': [128, 128, 128, 128, 128], 'backward_gcn_out_dims': [128, 128, 128, 128, 128], 'hid_dim': 96, 'node_embedding_dim': 48, 'op_embedding_dim': 48, 'num_time_steps': 2, 'fb_conversion_dims': [128, 128], 'updateopemb_method': 'concat_ofb', 'updateopemb_dims': [128], 'updateopemb_scale': 0.1, 'b_use_bn': False, 'detach_vinfo': False, 'updateopemb_detach_opemb': True, 'updateopemb_detach_finfo': True, 'symmetry_breaking_method': 'param_zs_add', 'concat_param_zs_as_opemb_dimension': 7, 'concat_param_zs_as_opemb_scale': 1.0, 'mask_nonparametrized_ops': False}, 'arch_embedder_type': 'nb101-fbflow-anytime', 'compare_loss_type': 'margin_linear', 'compare_margin': 0.1, 'mlp_dropout': 0.1, 'mlp_hiddens': [200], 'mlp_out_dim': 1, 'optimizer': {'lr': 0.001, 'type': 'Adam'}, 'scheduler': None}, 'batch_size': 512, 'choose_pair_criterion': 'random', 'compare': False, 'compare_threshold': 0.0, 'epochs': 200, 'max_compare_ratio': 4.0}
2022-01-21 15:47:32,790 root                INFO: Combined args: Namespace(batch_size=512, cfg_file='cfgs/nb101_cfgs/tagates_anytime.yaml', choose_pair_criterion='random', compare=False, compare_threshold=0.0, epochs=200, eval_only_last=200, gpu=7, load=None, max_compare_ratio=4.0, num_workers=4, report_freq=200, save_every=200, save_predict=None, seed=2021, test_funcs=None, test_only=False, train_dir='nb1shot1_anytime_tagates/tagates_0.005/123/2021', train_pkl='../mynas/data/nasbench-1shot1/nasbench101_anytime_train_123.pkl', train_ratio=0.005, valid_pkl='../mynas/data/nasbench-1shot1/nasbench101_anytime_valid.pkl')
2022-01-21 15:47:32,805 root                INFO: Train dataset ratio: 0.005
2022-01-21 15:47:32,806 root                INFO: Number of architectures: train: 36; valid: 7290
2022-01-21 15:47:35,960 root                INFO: Train: Epoch   1: train loss 0.2203
2022-01-21 15:47:37,889 root                INFO: Valid: Epoch   1: kendall tau 0.2432 0.2557; loss 0.03645 0.1311
2022-01-21 15:47:38,495 root                INFO: Train: Epoch   2: train loss 0.2023
2022-01-21 15:47:40,260 root                INFO: Valid: Epoch   2: kendall tau 0.2793 0.2774; loss 0.03278 0.1186
2022-01-21 15:47:40,721 root                INFO: Train: Epoch   3: train loss 0.1823
2022-01-21 15:47:42,642 root                INFO: Valid: Epoch   3: kendall tau 0.3179 0.2885; loss 0.02808 0.1039
2022-01-21 15:47:43,305 root                INFO: Train: Epoch   4: train loss 0.1576
2022-01-21 15:47:45,158 root                INFO: Valid: Epoch   4: kendall tau 0.3369 0.3054; loss 0.02226 0.08481
2022-01-21 15:47:45,926 root                INFO: Train: Epoch   5: train loss 0.1239
2022-01-21 15:47:47,852 root                INFO: Valid: Epoch   5: kendall tau 0.3409 0.3160; loss 0.0173 0.05956
2022-01-21 15:47:48,742 root                INFO: Train: Epoch   6: train loss 0.0817
2022-01-21 15:47:50,767 root                INFO: Valid: Epoch   6: kendall tau 0.3404 0.3283; loss 0.0194 0.03124
2022-01-21 15:47:51,508 root                INFO: Train: Epoch   7: train loss 0.0426
2022-01-21 15:47:53,463 root                INFO: Valid: Epoch   7: kendall tau 0.3428 0.3385; loss 0.03916 0.01126
2022-01-21 15:47:54,153 root                INFO: Train: Epoch   8: train loss 0.0306
2022-01-21 15:47:56,173 root                INFO: Valid: Epoch   8: kendall tau 0.3473 0.3507; loss 0.05975 0.009181
2022-01-21 15:47:56,815 root                INFO: Train: Epoch   9: train loss 0.0438
2022-01-21 15:47:58,808 root                INFO: Valid: Epoch   9: kendall tau 0.3512 0.3574; loss 0.06116 0.01206
2022-01-21 15:47:59,475 root                INFO: Train: Epoch  10: train loss 0.0468
2022-01-21 15:48:01,403 root                INFO: Valid: Epoch  10: kendall tau 0.3556 0.3610; loss 0.04832 0.01334
2022-01-21 15:48:01,976 root                INFO: Train: Epoch  11: train loss 0.0380
2022-01-21 15:48:03,927 root                INFO: Valid: Epoch  11: kendall tau 0.3626 0.3628; loss 0.03071 0.01302
2022-01-21 15:48:04,486 root                INFO: Train: Epoch  12: train loss 0.0250
2022-01-21 15:48:06,406 root                INFO: Valid: Epoch  12: kendall tau 0.3689 0.3637; loss 0.01881 0.01187
2022-01-21 15:48:07,142 root                INFO: Train: Epoch  13: train loss 0.0162
2022-01-21 15:48:09,142 root                INFO: Valid: Epoch  13: kendall tau 0.3752 0.3647; loss 0.01646 0.01062
2022-01-21 15:48:09,834 root                INFO: Train: Epoch  14: train loss 0.0212
2022-01-21 15:48:11,787 root                INFO: Valid: Epoch  14: kendall tau 0.3754 0.3664; loss 0.01825 0.009681
2022-01-21 15:48:12,302 root                INFO: Train: Epoch  15: train loss 0.0254
2022-01-21 15:48:14,309 root                INFO: Valid: Epoch  15: kendall tau 0.3719 0.3683; loss 0.01924 0.009093
2022-01-21 15:48:14,816 root                INFO: Train: Epoch  16: train loss 0.0281
2022-01-21 15:48:16,765 root                INFO: Valid: Epoch  16: kendall tau 0.3716 0.3705; loss 0.01875 0.008786
2022-01-21 15:48:17,309 root                INFO: Train: Epoch  17: train loss 0.0258
2022-01-21 15:48:19,311 root                INFO: Valid: Epoch  17: kendall tau 0.3710 0.3727; loss 0.01759 0.008663
2022-01-21 15:48:19,866 root                INFO: Train: Epoch  18: train loss 0.0227
2022-01-21 15:48:21,753 root                INFO: Valid: Epoch  18: kendall tau 0.3706 0.3748; loss 0.01657 0.008644
2022-01-21 15:48:22,221 root                INFO: Train: Epoch  19: train loss 0.0197
2022-01-21 15:48:24,150 root                INFO: Valid: Epoch  19: kendall tau 0.3705 0.3768; loss 0.01631 0.008697
2022-01-21 15:48:24,664 root                INFO: Train: Epoch  20: train loss 0.0172
2022-01-21 15:48:26,866 root                INFO: Valid: Epoch  20: kendall tau 0.3698 0.3784; loss 0.0172 0.008806
2022-01-21 15:48:27,374 root                INFO: Train: Epoch  21: train loss 0.0145
2022-01-21 15:48:29,410 root                INFO: Valid: Epoch  21: kendall tau 0.3692 0.3798; loss 0.01914 0.008921
2022-01-21 15:48:29,956 root                INFO: Train: Epoch  22: train loss 0.0146
2022-01-21 15:48:32,024 root                INFO: Valid: Epoch  22: kendall tau 0.3690 0.3809; loss 0.02148 0.008962
2022-01-21 15:48:32,491 root                INFO: Train: Epoch  23: train loss 0.0147
2022-01-21 15:48:34,384 root                INFO: Valid: Epoch  23: kendall tau 0.3691 0.3814; loss 0.02328 0.008868
2022-01-21 15:48:34,866 root                INFO: Train: Epoch  24: train loss 0.0155
2022-01-21 15:48:36,770 root                INFO: Valid: Epoch  24: kendall tau 0.3689 0.3815; loss 0.02391 0.008677
2022-01-21 15:48:37,349 root                INFO: Train: Epoch  25: train loss 0.0149
2022-01-21 15:48:39,255 root                INFO: Valid: Epoch  25: kendall tau 0.3689 0.3812; loss 0.02349 0.008547
2022-01-21 15:48:40,021 root                INFO: Train: Epoch  26: train loss 0.0157
2022-01-21 15:48:41,987 root                INFO: Valid: Epoch  26: kendall tau 0.3692 0.3807; loss 0.02232 0.008629
2022-01-21 15:48:42,679 root                INFO: Train: Epoch  27: train loss 0.0144
2022-01-21 15:48:44,564 root                INFO: Valid: Epoch  27: kendall tau 0.3693 0.3801; loss 0.02101 0.008952
2022-01-21 15:48:45,199 root                INFO: Train: Epoch  28: train loss 0.0147
2022-01-21 15:48:46,934 root                INFO: Valid: Epoch  28: kendall tau 0.3689 0.3795; loss 0.0199 0.009346
2022-01-21 15:48:47,571 root                INFO: Train: Epoch  29: train loss 0.0155
2022-01-21 15:48:49,600 root                INFO: Valid: Epoch  29: kendall tau 0.3684 0.3785; loss 0.01911 0.009604
2022-01-21 15:48:50,225 root                INFO: Train: Epoch  30: train loss 0.0151
2022-01-21 15:48:52,034 root                INFO: Valid: Epoch  30: kendall tau 0.3676 0.3775; loss 0.0187 0.009569
2022-01-21 15:48:52,618 root                INFO: Train: Epoch  31: train loss 0.0158
2022-01-21 15:48:55,125 root                INFO: Valid: Epoch  31: kendall tau 0.3665 0.3764; loss 0.01859 0.009299
2022-01-21 15:48:55,602 root                INFO: Train: Epoch  32: train loss 0.0143
2022-01-21 15:48:57,774 root                INFO: Valid: Epoch  32: kendall tau 0.3653 0.3754; loss 0.01869 0.008976
2022-01-21 15:48:58,184 root                INFO: Train: Epoch  33: train loss 0.0143
2022-01-21 15:49:00,262 root                INFO: Valid: Epoch  33: kendall tau 0.3640 0.3743; loss 0.01891 0.008765
2022-01-21 15:49:00,641 root                INFO: Train: Epoch  34: train loss 0.0136
2022-01-21 15:49:02,409 root                INFO: Valid: Epoch  34: kendall tau 0.3626 0.3734; loss 0.01916 0.008727
2022-01-21 15:49:03,210 root                INFO: Train: Epoch  35: train loss 0.0140
2022-01-21 15:49:05,125 root                INFO: Valid: Epoch  35: kendall tau 0.3612 0.3724; loss 0.0193 0.008818
2022-01-21 15:49:05,948 root                INFO: Train: Epoch  36: train loss 0.0130
2022-01-21 15:49:07,745 root                INFO: Valid: Epoch  36: kendall tau 0.3598 0.3713; loss 0.01928 0.008965
2022-01-21 15:49:08,537 root                INFO: Train: Epoch  37: train loss 0.0134
2022-01-21 15:49:10,756 root                INFO: Valid: Epoch  37: kendall tau 0.3583 0.3701; loss 0.01907 0.009098
2022-01-21 15:49:11,545 root                INFO: Train: Epoch  38: train loss 0.0134
2022-01-21 15:49:13,640 root                INFO: Valid: Epoch  38: kendall tau 0.3568 0.3689; loss 0.01868 0.009167
2022-01-21 15:49:14,208 root                INFO: Train: Epoch  39: train loss 0.0133
2022-01-21 15:49:16,740 root                INFO: Valid: Epoch  39: kendall tau 0.3554 0.3676; loss 0.01826 0.00919
2022-01-21 15:49:17,330 root                INFO: Train: Epoch  40: train loss 0.0130
2022-01-21 15:49:19,494 root                INFO: Valid: Epoch  40: kendall tau 0.3541 0.3664; loss 0.01787 0.009187
2022-01-21 15:49:19,953 root                INFO: Train: Epoch  41: train loss 0.0135
2022-01-21 15:49:22,257 root                INFO: Valid: Epoch  41: kendall tau 0.3527 0.3652; loss 0.01754 0.009163
2022-01-21 15:49:22,669 root                INFO: Train: Epoch  42: train loss 0.0127
2022-01-21 15:49:24,561 root                INFO: Valid: Epoch  42: kendall tau 0.3514 0.3640; loss 0.0173 0.009145
2022-01-21 15:49:25,013 root                INFO: Train: Epoch  43: train loss 0.0132
2022-01-21 15:49:27,629 root                INFO: Valid: Epoch  43: kendall tau 0.3501 0.3629; loss 0.01716 0.00914
2022-01-21 15:49:28,228 root                INFO: Train: Epoch  44: train loss 0.0132
2022-01-21 15:49:30,197 root                INFO: Valid: Epoch  44: kendall tau 0.3488 0.3618; loss 0.01714 0.009158
2022-01-21 15:49:30,765 root                INFO: Train: Epoch  45: train loss 0.0133
2022-01-21 15:49:33,305 root                INFO: Valid: Epoch  45: kendall tau 0.3475 0.3607; loss 0.01722 0.009195
2022-01-21 15:49:33,801 root                INFO: Train: Epoch  46: train loss 0.0128
2022-01-21 15:49:36,224 root                INFO: Valid: Epoch  46: kendall tau 0.3463 0.3597; loss 0.01735 0.009232
2022-01-21 15:49:36,809 root                INFO: Train: Epoch  47: train loss 0.0129
2022-01-21 15:49:38,938 root                INFO: Valid: Epoch  47: kendall tau 0.3451 0.3587; loss 0.01755 0.009277
2022-01-21 15:49:39,534 root                INFO: Train: Epoch  48: train loss 0.0132
2022-01-21 15:49:41,462 root                INFO: Valid: Epoch  48: kendall tau 0.3439 0.3577; loss 0.01785 0.009332
2022-01-21 15:49:41,949 root                INFO: Train: Epoch  49: train loss 0.0129
2022-01-21 15:49:43,900 root                INFO: Valid: Epoch  49: kendall tau 0.3428 0.3567; loss 0.01811 0.009367
2022-01-21 15:49:44,360 root                INFO: Train: Epoch  50: train loss 0.0133
2022-01-21 15:49:46,100 root                INFO: Valid: Epoch  50: kendall tau 0.3418 0.3556; loss 0.01827 0.009376
2022-01-21 15:49:46,723 root                INFO: Train: Epoch  51: train loss 0.0128
2022-01-21 15:49:48,760 root                INFO: Valid: Epoch  51: kendall tau 0.3408 0.3546; loss 0.01841 0.009385
2022-01-21 15:49:49,328 root                INFO: Train: Epoch  52: train loss 0.0127
2022-01-21 15:49:51,076 root                INFO: Valid: Epoch  52: kendall tau 0.3400 0.3535; loss 0.01845 0.009389
2022-01-21 15:49:51,749 root                INFO: Train: Epoch  53: train loss 0.0128
2022-01-21 15:49:53,650 root                INFO: Valid: Epoch  53: kendall tau 0.3392 0.3527; loss 0.01846 0.009399
2022-01-21 15:49:54,157 root                INFO: Train: Epoch  54: train loss 0.0124
2022-01-21 15:49:56,109 root                INFO: Valid: Epoch  54: kendall tau 0.3384 0.3518; loss 0.01841 0.00942
2022-01-21 15:49:56,570 root                INFO: Train: Epoch  55: train loss 0.0125
2022-01-21 15:49:58,458 root                INFO: Valid: Epoch  55: kendall tau 0.3376 0.3509; loss 0.01836 0.009453
2022-01-21 15:49:59,036 root                INFO: Train: Epoch  56: train loss 0.0126
2022-01-21 15:50:00,990 root                INFO: Valid: Epoch  56: kendall tau 0.3371 0.3500; loss 0.01832 0.009492
2022-01-21 15:50:01,715 root                INFO: Train: Epoch  57: train loss 0.0127
2022-01-21 15:50:03,920 root                INFO: Valid: Epoch  57: kendall tau 0.3365 0.3492; loss 0.01836 0.009529
2022-01-21 15:50:04,731 root                INFO: Train: Epoch  58: train loss 0.0121
2022-01-21 15:50:06,753 root                INFO: Valid: Epoch  58: kendall tau 0.3360 0.3484; loss 0.01844 0.009562
2022-01-21 15:50:07,615 root                INFO: Train: Epoch  59: train loss 0.0125
2022-01-21 15:50:09,704 root                INFO: Valid: Epoch  59: kendall tau 0.3354 0.3478; loss 0.01859 0.009589
2022-01-21 15:50:10,399 root                INFO: Train: Epoch  60: train loss 0.0120
2022-01-21 15:50:12,443 root                INFO: Valid: Epoch  60: kendall tau 0.3348 0.3473; loss 0.01875 0.009617
2022-01-21 15:50:13,040 root                INFO: Train: Epoch  61: train loss 0.0120
2022-01-21 15:50:14,907 root                INFO: Valid: Epoch  61: kendall tau 0.3344 0.3467; loss 0.01888 0.009645
2022-01-21 15:50:15,431 root                INFO: Train: Epoch  62: train loss 0.0119
2022-01-21 15:50:17,288 root                INFO: Valid: Epoch  62: kendall tau 0.3340 0.3462; loss 0.01898 0.009676
2022-01-21 15:50:17,894 root                INFO: Train: Epoch  63: train loss 0.0125
2022-01-21 15:50:19,905 root                INFO: Valid: Epoch  63: kendall tau 0.3337 0.3457; loss 0.01897 0.009702
2022-01-21 15:50:20,352 root                INFO: Train: Epoch  64: train loss 0.0129
2022-01-21 15:50:22,180 root                INFO: Valid: Epoch  64: kendall tau 0.3336 0.3453; loss 0.01883 0.00972
2022-01-21 15:50:22,758 root                INFO: Train: Epoch  65: train loss 0.0125
2022-01-21 15:50:24,870 root                INFO: Valid: Epoch  65: kendall tau 0.3337 0.3450; loss 0.01853 0.009725
2022-01-21 15:50:25,586 root                INFO: Train: Epoch  66: train loss 0.0117
2022-01-21 15:50:27,291 root                INFO: Valid: Epoch  66: kendall tau 0.3338 0.3446; loss 0.01827 0.009734
2022-01-21 15:50:28,171 root                INFO: Train: Epoch  67: train loss 0.0122
2022-01-21 15:50:30,194 root                INFO: Valid: Epoch  67: kendall tau 0.3337 0.3445; loss 0.01807 0.009743
2022-01-21 15:50:31,009 root                INFO: Train: Epoch  68: train loss 0.0118
2022-01-21 15:50:32,891 root                INFO: Valid: Epoch  68: kendall tau 0.3336 0.3442; loss 0.01799 0.009757
2022-01-21 15:50:33,675 root                INFO: Train: Epoch  69: train loss 0.0123
2022-01-21 15:50:35,639 root                INFO: Valid: Epoch  69: kendall tau 0.3337 0.3438; loss 0.01797 0.009773
2022-01-21 15:50:36,254 root                INFO: Train: Epoch  70: train loss 0.0125
2022-01-21 15:50:38,001 root                INFO: Valid: Epoch  70: kendall tau 0.3336 0.3436; loss 0.01805 0.009795
2022-01-21 15:50:38,687 root                INFO: Train: Epoch  71: train loss 0.0123
2022-01-21 15:50:40,585 root                INFO: Valid: Epoch  71: kendall tau 0.3334 0.3433; loss 0.01812 0.009821
2022-01-21 15:50:41,203 root                INFO: Train: Epoch  72: train loss 0.0116
2022-01-21 15:50:43,201 root                INFO: Valid: Epoch  72: kendall tau 0.3333 0.3431; loss 0.01818 0.009844
2022-01-21 15:50:43,651 root                INFO: Train: Epoch  73: train loss 0.0116
2022-01-21 15:50:45,708 root                INFO: Valid: Epoch  73: kendall tau 0.3333 0.3428; loss 0.01821 0.009863
2022-01-21 15:50:46,238 root                INFO: Train: Epoch  74: train loss 0.0121
2022-01-21 15:50:48,318 root                INFO: Valid: Epoch  74: kendall tau 0.3332 0.3427; loss 0.01816 0.009872
2022-01-21 15:50:48,753 root                INFO: Train: Epoch  75: train loss 0.0119
2022-01-21 15:50:50,736 root                INFO: Valid: Epoch  75: kendall tau 0.3331 0.3426; loss 0.01807 0.009874
2022-01-21 15:50:51,414 root                INFO: Train: Epoch  76: train loss 0.0119
2022-01-21 15:50:53,398 root                INFO: Valid: Epoch  76: kendall tau 0.3329 0.3427; loss 0.01795 0.009869
2022-01-21 15:50:54,253 root                INFO: Train: Epoch  77: train loss 0.0117
2022-01-21 15:50:56,205 root                INFO: Valid: Epoch  77: kendall tau 0.3326 0.3430; loss 0.01785 0.009862
2022-01-21 15:50:56,966 root                INFO: Train: Epoch  78: train loss 0.0120
2022-01-21 15:50:58,793 root                INFO: Valid: Epoch  78: kendall tau 0.3323 0.3434; loss 0.01774 0.009854
2022-01-21 15:50:59,443 root                INFO: Train: Epoch  79: train loss 0.0122
2022-01-21 15:51:01,473 root                INFO: Valid: Epoch  79: kendall tau 0.3322 0.3437; loss 0.01772 0.009853
2022-01-21 15:51:01,932 root                INFO: Train: Epoch  80: train loss 0.0117
2022-01-21 15:51:03,900 root                INFO: Valid: Epoch  80: kendall tau 0.3324 0.3438; loss 0.01785 0.009862
2022-01-21 15:51:04,305 root                INFO: Train: Epoch  81: train loss 0.0114
2022-01-21 15:51:06,352 root                INFO: Valid: Epoch  81: kendall tau 0.3325 0.3438; loss 0.01804 0.009877
2022-01-21 15:51:06,842 root                INFO: Train: Epoch  82: train loss 0.0114
2022-01-21 15:51:08,601 root                INFO: Valid: Epoch  82: kendall tau 0.3325 0.3440; loss 0.01824 0.009894
2022-01-21 15:51:09,156 root                INFO: Train: Epoch  83: train loss 0.0112
2022-01-21 15:51:11,072 root                INFO: Valid: Epoch  83: kendall tau 0.3325 0.3444; loss 0.01828 0.009887
2022-01-21 15:51:11,536 root                INFO: Train: Epoch  84: train loss 0.0119
2022-01-21 15:51:13,218 root                INFO: Valid: Epoch  84: kendall tau 0.3325 0.3452; loss 0.01821 0.009858
2022-01-21 15:51:13,921 root                INFO: Train: Epoch  85: train loss 0.0115
2022-01-21 15:51:15,787 root                INFO: Valid: Epoch  85: kendall tau 0.3323 0.3461; loss 0.01808 0.009819
2022-01-21 15:51:16,535 root                INFO: Train: Epoch  86: train loss 0.0115
2022-01-21 15:51:18,391 root                INFO: Valid: Epoch  86: kendall tau 0.3319 0.3472; loss 0.01796 0.009772
2022-01-21 15:51:19,218 root                INFO: Train: Epoch  87: train loss 0.0113
2022-01-21 15:51:21,265 root                INFO: Valid: Epoch  87: kendall tau 0.3316 0.3484; loss 0.01793 0.009715
2022-01-21 15:51:21,913 root                INFO: Train: Epoch  88: train loss 0.0117
2022-01-21 15:51:23,736 root                INFO: Valid: Epoch  88: kendall tau 0.3312 0.3500; loss 0.01815 0.009669
2022-01-21 15:51:24,269 root                INFO: Train: Epoch  89: train loss 0.0116
2022-01-21 15:51:26,341 root                INFO: Valid: Epoch  89: kendall tau 0.3306 0.3521; loss 0.01843 0.009599
2022-01-21 15:51:26,904 root                INFO: Train: Epoch  90: train loss 0.0113
2022-01-21 15:51:28,737 root                INFO: Valid: Epoch  90: kendall tau 0.3298 0.3549; loss 0.01856 0.009472
2022-01-21 15:51:29,448 root                INFO: Train: Epoch  91: train loss 0.0109
2022-01-21 15:51:31,505 root                INFO: Valid: Epoch  91: kendall tau 0.3289 0.3579; loss 0.01863 0.009269
2022-01-21 15:51:32,086 root                INFO: Train: Epoch  92: train loss 0.0112
2022-01-21 15:51:33,984 root                INFO: Valid: Epoch  92: kendall tau 0.3280 0.3608; loss 0.01883 0.009406
2022-01-21 15:51:34,688 root                INFO: Train: Epoch  93: train loss 0.0106
2022-01-21 15:51:36,877 root                INFO: Valid: Epoch  93: kendall tau 0.3269 0.3640; loss 0.01886 0.009484
2022-01-21 15:51:37,454 root                INFO: Train: Epoch  94: train loss 0.0113
2022-01-21 15:51:39,571 root                INFO: Valid: Epoch  94: kendall tau 0.3252 0.3678; loss 0.01845 0.009196
2022-01-21 15:51:40,142 root                INFO: Train: Epoch  95: train loss 0.0110
2022-01-21 15:51:42,176 root                INFO: Valid: Epoch  95: kendall tau 0.3235 0.3684; loss 0.01819 0.008843
2022-01-21 15:51:42,721 root                INFO: Train: Epoch  96: train loss 0.0108
2022-01-21 15:51:44,502 root                INFO: Valid: Epoch  96: kendall tau 0.3226 0.3740; loss 0.0183 0.00919
2022-01-21 15:51:45,079 root                INFO: Train: Epoch  97: train loss 0.0102
2022-01-21 15:51:47,018 root                INFO: Valid: Epoch  97: kendall tau 0.3208 0.3738; loss 0.01853 0.009565
2022-01-21 15:51:47,608 root                INFO: Train: Epoch  98: train loss 0.0104
2022-01-21 15:51:49,470 root                INFO: Valid: Epoch  98: kendall tau 0.3188 0.3740; loss 0.01871 0.009596
2022-01-21 15:51:50,099 root                INFO: Train: Epoch  99: train loss 0.0098
2022-01-21 15:51:52,221 root                INFO: Valid: Epoch  99: kendall tau 0.3165 0.3738; loss 0.01869 0.009169
2022-01-21 15:51:52,838 root                INFO: Train: Epoch 100: train loss 0.0103
2022-01-21 15:51:54,626 root                INFO: Valid: Epoch 100: kendall tau 0.3141 0.3694; loss 0.01854 0.008749
2022-01-21 15:51:55,055 root                INFO: Train: Epoch 101: train loss 0.0104
2022-01-21 15:51:57,153 root                INFO: Valid: Epoch 101: kendall tau 0.3119 0.3681; loss 0.01905 0.008899
2022-01-21 15:51:57,737 root                INFO: Train: Epoch 102: train loss 0.0100
2022-01-21 15:51:59,739 root                INFO: Valid: Epoch 102: kendall tau 0.3093 0.3670; loss 0.01983 0.009295
2022-01-21 15:52:00,375 root                INFO: Train: Epoch 103: train loss 0.0096
2022-01-21 15:52:02,428 root                INFO: Valid: Epoch 103: kendall tau 0.3068 0.3650; loss 0.02024 0.00951
2022-01-21 15:52:03,016 root                INFO: Train: Epoch 104: train loss 0.0096
2022-01-21 15:52:04,742 root                INFO: Valid: Epoch 104: kendall tau 0.3042 0.3628; loss 0.01989 0.009292
2022-01-21 15:52:05,346 root                INFO: Train: Epoch 105: train loss 0.0097
2022-01-21 15:52:07,313 root                INFO: Valid: Epoch 105: kendall tau 0.3004 0.3601; loss 0.01939 0.008961
2022-01-21 15:52:07,826 root                INFO: Train: Epoch 106: train loss 0.0094
2022-01-21 15:52:09,693 root                INFO: Valid: Epoch 106: kendall tau 0.2955 0.3555; loss 0.01923 0.008787
2022-01-21 15:52:10,294 root                INFO: Train: Epoch 107: train loss 0.0088
2022-01-21 15:52:12,276 root                INFO: Valid: Epoch 107: kendall tau 0.2929 0.3439; loss 0.02019 0.009044
2022-01-21 15:52:12,882 root                INFO: Train: Epoch 108: train loss 0.0092
2022-01-21 15:52:14,941 root                INFO: Valid: Epoch 108: kendall tau 0.2906 0.3229; loss 0.02175 0.009717
2022-01-21 15:52:15,621 root                INFO: Train: Epoch 109: train loss 0.0088
2022-01-21 15:52:17,502 root                INFO: Valid: Epoch 109: kendall tau 0.2873 0.2943; loss 0.02181 0.009684
2022-01-21 15:52:18,215 root                INFO: Train: Epoch 110: train loss 0.0081
2022-01-21 15:52:20,054 root                INFO: Valid: Epoch 110: kendall tau 0.2828 0.2554; loss 0.02105 0.009198
2022-01-21 15:52:20,653 root                INFO: Train: Epoch 111: train loss 0.0083
2022-01-21 15:52:22,791 root                INFO: Valid: Epoch 111: kendall tau 0.2779 0.2132; loss 0.02074 0.009009
2022-01-21 15:52:23,282 root                INFO: Train: Epoch 112: train loss 0.0078
2022-01-21 15:52:25,189 root                INFO: Valid: Epoch 112: kendall tau 0.2750 0.1796; loss 0.02183 0.009897
2022-01-21 15:52:25,715 root                INFO: Train: Epoch 113: train loss 0.0079
2022-01-21 15:52:27,782 root                INFO: Valid: Epoch 113: kendall tau 0.2710 0.1649; loss 0.02227 0.01004
2022-01-21 15:52:28,303 root                INFO: Train: Epoch 114: train loss 0.0073
2022-01-21 15:52:30,279 root                INFO: Valid: Epoch 114: kendall tau 0.2681 0.1575; loss 0.02252 0.009657
2022-01-21 15:52:31,091 root                INFO: Train: Epoch 115: train loss 0.0070
2022-01-21 15:52:33,009 root                INFO: Valid: Epoch 115: kendall tau 0.2641 0.1836; loss 0.02245 0.0095
2022-01-21 15:52:33,729 root                INFO: Train: Epoch 116: train loss 0.0068
2022-01-21 15:52:35,569 root                INFO: Valid: Epoch 116: kendall tau 0.2632 0.2040; loss 0.02317 0.00941
2022-01-21 15:52:36,350 root                INFO: Train: Epoch 117: train loss 0.0063
2022-01-21 15:52:38,419 root                INFO: Valid: Epoch 117: kendall tau 0.2626 0.2230; loss 0.02406 0.009234
2022-01-21 15:52:38,905 root                INFO: Train: Epoch 118: train loss 0.0065
2022-01-21 15:52:40,830 root                INFO: Valid: Epoch 118: kendall tau 0.2598 0.2035; loss 0.02342 0.008127
2022-01-21 15:52:41,247 root                INFO: Train: Epoch 119: train loss 0.0061
2022-01-21 15:52:43,338 root                INFO: Valid: Epoch 119: kendall tau 0.2571 0.2783; loss 0.02403 0.008815
2022-01-21 15:52:43,874 root                INFO: Train: Epoch 120: train loss 0.0050
2022-01-21 15:52:45,683 root                INFO: Valid: Epoch 120: kendall tau 0.2549 0.3054; loss 0.02428 0.009207
2022-01-21 15:52:46,290 root                INFO: Train: Epoch 121: train loss 0.0048
2022-01-21 15:52:48,280 root                INFO: Valid: Epoch 121: kendall tau 0.2537 0.3009; loss 0.02302 0.008446
2022-01-21 15:52:48,953 root                INFO: Train: Epoch 122: train loss 0.0048
2022-01-21 15:52:50,911 root                INFO: Valid: Epoch 122: kendall tau 0.2549 0.2925; loss 0.02376 0.008595
2022-01-21 15:52:51,373 root                INFO: Train: Epoch 123: train loss 0.0045
2022-01-21 15:52:53,437 root                INFO: Valid: Epoch 123: kendall tau 0.2559 0.2995; loss 0.02492 0.00918
2022-01-21 15:52:53,925 root                INFO: Train: Epoch 124: train loss 0.0043
2022-01-21 15:52:55,745 root                INFO: Valid: Epoch 124: kendall tau 0.2554 0.3075; loss 0.02405 0.009168
2022-01-21 15:52:56,309 root                INFO: Train: Epoch 125: train loss 0.0044
2022-01-21 15:52:58,358 root                INFO: Valid: Epoch 125: kendall tau 0.2559 0.3126; loss 0.0223 0.0084
2022-01-21 15:52:58,846 root                INFO: Train: Epoch 126: train loss 0.0042
2022-01-21 15:53:00,645 root                INFO: Valid: Epoch 126: kendall tau 0.2560 0.3076; loss 0.02375 0.008673
2022-01-21 15:53:01,165 root                INFO: Train: Epoch 127: train loss 0.0041
2022-01-21 15:53:03,060 root                INFO: Valid: Epoch 127: kendall tau 0.2557 0.3053; loss 0.02583 0.009416
2022-01-21 15:53:03,541 root                INFO: Train: Epoch 128: train loss 0.0040
2022-01-21 15:53:05,328 root                INFO: Valid: Epoch 128: kendall tau 0.2575 0.3140; loss 0.02325 0.009003
2022-01-21 15:53:05,881 root                INFO: Train: Epoch 129: train loss 0.0038
2022-01-21 15:53:08,165 root                INFO: Valid: Epoch 129: kendall tau 0.2599 0.3257; loss 0.02153 0.00874
2022-01-21 15:53:08,679 root                INFO: Train: Epoch 130: train loss 0.0038
2022-01-21 15:53:10,647 root                INFO: Valid: Epoch 130: kendall tau 0.2572 0.3258; loss 0.02316 0.009565
2022-01-21 15:53:11,102 root                INFO: Train: Epoch 131: train loss 0.0034
2022-01-21 15:53:13,273 root                INFO: Valid: Epoch 131: kendall tau 0.2660 0.3565; loss 0.02221 0.008011
2022-01-21 15:53:13,786 root                INFO: Train: Epoch 132: train loss 0.0035
2022-01-21 15:53:15,820 root                INFO: Valid: Epoch 132: kendall tau 0.2718 0.3784; loss 0.02376 0.008001
2022-01-21 15:53:16,361 root                INFO: Train: Epoch 133: train loss 0.0036
2022-01-21 15:53:18,387 root                INFO: Valid: Epoch 133: kendall tau 0.2749 0.3930; loss 0.0254 0.008126
2022-01-21 15:53:18,952 root                INFO: Train: Epoch 134: train loss 0.0038
2022-01-21 15:53:20,929 root                INFO: Valid: Epoch 134: kendall tau 0.2774 0.4057; loss 0.0251 0.00746
2022-01-21 15:53:21,443 root                INFO: Train: Epoch 135: train loss 0.0038
2022-01-21 15:53:23,549 root                INFO: Valid: Epoch 135: kendall tau 0.2786 0.4173; loss 0.02325 0.006972
2022-01-21 15:53:24,061 root                INFO: Train: Epoch 136: train loss 0.0032
2022-01-21 15:53:26,096 root                INFO: Valid: Epoch 136: kendall tau 0.2781 0.4270; loss 0.0222 0.007425
2022-01-21 15:53:26,547 root                INFO: Train: Epoch 137: train loss 0.0030
2022-01-21 15:53:28,503 root                INFO: Valid: Epoch 137: kendall tau 0.2762 0.4263; loss 0.02238 0.008529
2022-01-21 15:53:28,996 root                INFO: Train: Epoch 138: train loss 0.0029
2022-01-21 15:53:30,925 root                INFO: Valid: Epoch 138: kendall tau 0.2743 0.4254; loss 0.02286 0.008814
2022-01-21 15:53:31,342 root                INFO: Train: Epoch 139: train loss 0.0032
2022-01-21 15:53:33,238 root                INFO: Valid: Epoch 139: kendall tau 0.2739 0.4323; loss 0.02313 0.00832
2022-01-21 15:53:33,819 root                INFO: Train: Epoch 140: train loss 0.0028
2022-01-21 15:53:35,814 root                INFO: Valid: Epoch 140: kendall tau 0.2755 0.4452; loss 0.02244 0.007291
2022-01-21 15:53:36,419 root                INFO: Train: Epoch 141: train loss 0.0030
2022-01-21 15:53:38,549 root                INFO: Valid: Epoch 141: kendall tau 0.2766 0.4517; loss 0.02233 0.006963
2022-01-21 15:53:39,188 root                INFO: Train: Epoch 142: train loss 0.0028
2022-01-21 15:53:41,044 root                INFO: Valid: Epoch 142: kendall tau 0.2752 0.4476; loss 0.0242 0.007484
2022-01-21 15:53:41,663 root                INFO: Train: Epoch 143: train loss 0.0023
2022-01-21 15:53:43,593 root                INFO: Valid: Epoch 143: kendall tau 0.2737 0.4397; loss 0.02553 0.008059
2022-01-21 15:53:44,222 root                INFO: Train: Epoch 144: train loss 0.0025
2022-01-21 15:53:46,148 root                INFO: Valid: Epoch 144: kendall tau 0.2756 0.4435; loss 0.02385 0.007564
2022-01-21 15:53:46,631 root                INFO: Train: Epoch 145: train loss 0.0026
2022-01-21 15:53:48,416 root                INFO: Valid: Epoch 145: kendall tau 0.2754 0.4459; loss 0.02262 0.007124
2022-01-21 15:53:48,889 root                INFO: Train: Epoch 146: train loss 0.0026
2022-01-21 15:53:50,762 root                INFO: Valid: Epoch 146: kendall tau 0.2680 0.4275; loss 0.02379 0.007296
2022-01-21 15:53:51,296 root                INFO: Train: Epoch 147: train loss 0.0027
2022-01-21 15:53:53,155 root                INFO: Valid: Epoch 147: kendall tau 0.2616 0.4043; loss 0.02475 0.00777
2022-01-21 15:53:53,647 root                INFO: Train: Epoch 148: train loss 0.0022
2022-01-21 15:53:55,837 root                INFO: Valid: Epoch 148: kendall tau 0.2614 0.4005; loss 0.02348 0.007726
2022-01-21 15:53:56,289 root                INFO: Train: Epoch 149: train loss 0.0022
2022-01-21 15:53:58,250 root                INFO: Valid: Epoch 149: kendall tau 0.2612 0.4029; loss 0.02251 0.007494
2022-01-21 15:53:58,780 root                INFO: Train: Epoch 150: train loss 0.0020
2022-01-21 15:54:00,609 root                INFO: Valid: Epoch 150: kendall tau 0.2530 0.3881; loss 0.02419 0.0076
2022-01-21 15:54:01,107 root                INFO: Train: Epoch 151: train loss 0.0021
2022-01-21 15:54:02,960 root                INFO: Valid: Epoch 151: kendall tau 0.2482 0.3787; loss 0.02595 0.007713
2022-01-21 15:54:03,453 root                INFO: Train: Epoch 152: train loss 0.0019
2022-01-21 15:54:05,528 root                INFO: Valid: Epoch 152: kendall tau 0.2515 0.3900; loss 0.02547 0.007451
2022-01-21 15:54:05,953 root                INFO: Train: Epoch 153: train loss 0.0018
2022-01-21 15:54:07,935 root                INFO: Valid: Epoch 153: kendall tau 0.2594 0.4041; loss 0.02403 0.007282
2022-01-21 15:54:08,572 root                INFO: Train: Epoch 154: train loss 0.0016
2022-01-21 15:54:10,386 root                INFO: Valid: Epoch 154: kendall tau 0.2607 0.3992; loss 0.0244 0.007598
2022-01-21 15:54:11,251 root                INFO: Train: Epoch 155: train loss 0.0017
2022-01-21 15:54:13,081 root                INFO: Valid: Epoch 155: kendall tau 0.2574 0.3831; loss 0.02503 0.00805
2022-01-21 15:54:13,903 root                INFO: Train: Epoch 156: train loss 0.0017
2022-01-21 15:54:16,141 root                INFO: Valid: Epoch 156: kendall tau 0.2561 0.3835; loss 0.02444 0.00808
2022-01-21 15:54:16,975 root                INFO: Train: Epoch 157: train loss 0.0017
2022-01-21 15:54:19,036 root                INFO: Valid: Epoch 157: kendall tau 0.2537 0.3904; loss 0.02385 0.007951
2022-01-21 15:54:19,854 root                INFO: Train: Epoch 158: train loss 0.0017
2022-01-21 15:54:22,067 root                INFO: Valid: Epoch 158: kendall tau 0.2497 0.3910; loss 0.02418 0.007977
2022-01-21 15:54:22,768 root                INFO: Train: Epoch 159: train loss 0.0015
2022-01-21 15:54:24,886 root                INFO: Valid: Epoch 159: kendall tau 0.2451 0.3978; loss 0.02497 0.007929
2022-01-21 15:54:25,403 root                INFO: Train: Epoch 160: train loss 0.0016
2022-01-21 15:54:27,259 root                INFO: Valid: Epoch 160: kendall tau 0.2442 0.4096; loss 0.02486 0.007696
2022-01-21 15:54:27,806 root                INFO: Train: Epoch 161: train loss 0.0016
2022-01-21 15:54:29,691 root                INFO: Valid: Epoch 161: kendall tau 0.2436 0.4137; loss 0.02494 0.007618
2022-01-21 15:54:30,324 root                INFO: Train: Epoch 162: train loss 0.0016
2022-01-21 15:54:32,250 root                INFO: Valid: Epoch 162: kendall tau 0.2308 0.3880; loss 0.02741 0.008351
2022-01-21 15:54:33,026 root                INFO: Train: Epoch 163: train loss 0.0016
2022-01-21 15:54:34,870 root                INFO: Valid: Epoch 163: kendall tau 0.2296 0.3928; loss 0.02672 0.00818
2022-01-21 15:54:35,732 root                INFO: Train: Epoch 164: train loss 0.0015
2022-01-21 15:54:37,897 root                INFO: Valid: Epoch 164: kendall tau 0.2335 0.4144; loss 0.02473 0.00761
2022-01-21 15:54:38,491 root                INFO: Train: Epoch 165: train loss 0.0012
2022-01-21 15:54:40,557 root                INFO: Valid: Epoch 165: kendall tau 0.2293 0.4254; loss 0.02492 0.00748
2022-01-21 15:54:41,108 root                INFO: Train: Epoch 166: train loss 0.0015
2022-01-21 15:54:43,142 root                INFO: Valid: Epoch 166: kendall tau 0.2153 0.4086; loss 0.02811 0.008307
2022-01-21 15:54:43,628 root                INFO: Train: Epoch 167: train loss 0.0014
2022-01-21 15:54:45,549 root                INFO: Valid: Epoch 167: kendall tau 0.2182 0.4125; loss 0.0277 0.008285
2022-01-21 15:54:46,059 root                INFO: Train: Epoch 168: train loss 0.0014
2022-01-21 15:54:48,252 root                INFO: Valid: Epoch 168: kendall tau 0.2317 0.4329; loss 0.02483 0.007657
2022-01-21 15:54:48,780 root                INFO: Train: Epoch 169: train loss 0.0013
2022-01-21 15:54:50,931 root                INFO: Valid: Epoch 169: kendall tau 0.2232 0.4311; loss 0.0264 0.008043
2022-01-21 15:54:51,391 root                INFO: Train: Epoch 170: train loss 0.0013
2022-01-21 15:54:53,339 root                INFO: Valid: Epoch 170: kendall tau 0.2089 0.4368; loss 0.0293 0.008345
2022-01-21 15:54:53,855 root                INFO: Train: Epoch 171: train loss 0.0015
2022-01-21 15:54:55,890 root                INFO: Valid: Epoch 171: kendall tau 0.2098 0.4642; loss 0.02747 0.007468
2022-01-21 15:54:56,457 root                INFO: Train: Epoch 172: train loss 0.0015
2022-01-21 15:54:58,901 root                INFO: Valid: Epoch 172: kendall tau 0.2164 0.4784; loss 0.02491 0.007124
2022-01-21 15:54:59,564 root                INFO: Train: Epoch 173: train loss 0.0015
2022-01-21 15:55:01,341 root                INFO: Valid: Epoch 173: kendall tau 0.2173 0.4769; loss 0.02536 0.007698
2022-01-21 15:55:01,963 root                INFO: Train: Epoch 174: train loss 0.0012
2022-01-21 15:55:04,125 root                INFO: Valid: Epoch 174: kendall tau 0.2068 0.4632; loss 0.02914 0.009039
2022-01-21 15:55:04,771 root                INFO: Train: Epoch 175: train loss 0.0014
2022-01-21 15:55:06,720 root                INFO: Valid: Epoch 175: kendall tau 0.2070 0.4726; loss 0.02837 0.008625
2022-01-21 15:55:07,413 root                INFO: Train: Epoch 176: train loss 0.0014
2022-01-21 15:55:09,312 root                INFO: Valid: Epoch 176: kendall tau 0.2183 0.4940; loss 0.0247 0.007231
2022-01-21 15:55:09,928 root                INFO: Train: Epoch 177: train loss 0.0013
2022-01-21 15:55:12,016 root                INFO: Valid: Epoch 177: kendall tau 0.2171 0.4968; loss 0.0242 0.006969
2022-01-21 15:55:12,577 root                INFO: Train: Epoch 178: train loss 0.0017
2022-01-21 15:55:14,662 root                INFO: Valid: Epoch 178: kendall tau 0.1986 0.4824; loss 0.0291 0.007893
2022-01-21 15:55:15,231 root                INFO: Train: Epoch 179: train loss 0.0016
2022-01-21 15:55:17,028 root                INFO: Valid: Epoch 179: kendall tau 0.1963 0.4717; loss 0.03085 0.008455
2022-01-21 15:55:17,602 root                INFO: Train: Epoch 180: train loss 0.0014
2022-01-21 15:55:19,560 root                INFO: Valid: Epoch 180: kendall tau 0.2079 0.4708; loss 0.02765 0.007872
2022-01-21 15:55:20,105 root                INFO: Train: Epoch 181: train loss 0.0012
2022-01-21 15:55:22,015 root                INFO: Valid: Epoch 181: kendall tau 0.2200 0.4779; loss 0.02501 0.007285
2022-01-21 15:55:22,658 root                INFO: Train: Epoch 182: train loss 0.0014
2022-01-21 15:55:24,556 root                INFO: Valid: Epoch 182: kendall tau 0.2072 0.4724; loss 0.02675 0.007523
2022-01-21 15:55:25,222 root                INFO: Train: Epoch 183: train loss 0.0011
2022-01-21 15:55:27,073 root                INFO: Valid: Epoch 183: kendall tau 0.1915 0.4688; loss 0.02955 0.007831
2022-01-21 15:55:27,688 root                INFO: Train: Epoch 184: train loss 0.0012
2022-01-21 15:55:29,724 root                INFO: Valid: Epoch 184: kendall tau 0.1852 0.4677; loss 0.02946 0.007821
2022-01-21 15:55:30,261 root                INFO: Train: Epoch 185: train loss 0.0011
2022-01-21 15:55:32,171 root                INFO: Valid: Epoch 185: kendall tau 0.1911 0.4699; loss 0.02709 0.007472
2022-01-21 15:55:32,697 root                INFO: Train: Epoch 186: train loss 0.0012
2022-01-21 15:55:34,730 root                INFO: Valid: Epoch 186: kendall tau 0.1998 0.4662; loss 0.02512 0.007406
2022-01-21 15:55:35,397 root                INFO: Train: Epoch 187: train loss 0.0013
2022-01-21 15:55:37,338 root                INFO: Valid: Epoch 187: kendall tau 0.1982 0.4577; loss 0.0262 0.007896
2022-01-21 15:55:38,031 root                INFO: Train: Epoch 188: train loss 0.0009
2022-01-21 15:55:40,226 root                INFO: Valid: Epoch 188: kendall tau 0.1862 0.4518; loss 0.03001 0.008596
2022-01-21 15:55:40,936 root                INFO: Train: Epoch 189: train loss 0.0011
2022-01-21 15:55:42,943 root                INFO: Valid: Epoch 189: kendall tau 0.1876 0.4599; loss 0.03041 0.008254
2022-01-21 15:55:43,413 root                INFO: Train: Epoch 190: train loss 0.0011
2022-01-21 15:55:45,248 root                INFO: Valid: Epoch 190: kendall tau 0.1969 0.4724; loss 0.02802 0.007444
2022-01-21 15:55:45,891 root                INFO: Train: Epoch 191: train loss 0.0009
2022-01-21 15:55:48,083 root                INFO: Valid: Epoch 191: kendall tau 0.2014 0.4786; loss 0.0265 0.007034
2022-01-21 15:55:48,759 root                INFO: Train: Epoch 192: train loss 0.0010
2022-01-21 15:55:50,812 root                INFO: Valid: Epoch 192: kendall tau 0.1966 0.4739; loss 0.02699 0.007244
2022-01-21 15:55:51,642 root                INFO: Train: Epoch 193: train loss 0.0010
2022-01-21 15:55:53,657 root                INFO: Valid: Epoch 193: kendall tau 0.1886 0.4596; loss 0.02859 0.007936
2022-01-21 15:55:54,185 root                INFO: Train: Epoch 194: train loss 0.0010
2022-01-21 15:55:56,263 root                INFO: Valid: Epoch 194: kendall tau 0.1875 0.4477; loss 0.02837 0.008343
2022-01-21 15:55:56,785 root                INFO: Train: Epoch 195: train loss 0.0012
2022-01-21 15:55:58,629 root                INFO: Valid: Epoch 195: kendall tau 0.1953 0.4460; loss 0.02667 0.008133
2022-01-21 15:55:59,132 root                INFO: Train: Epoch 196: train loss 0.0011
2022-01-21 15:56:01,169 root                INFO: Valid: Epoch 196: kendall tau 0.1969 0.4521; loss 0.02647 0.007789
2022-01-21 15:56:01,733 root                INFO: Train: Epoch 197: train loss 0.0010
2022-01-21 15:56:03,496 root                INFO: Valid: Epoch 197: kendall tau 0.1893 0.4566; loss 0.02809 0.007708
2022-01-21 15:56:04,018 root                INFO: Train: Epoch 198: train loss 0.0007
2022-01-21 15:56:05,985 root                INFO: Valid: Epoch 198: kendall tau 0.1849 0.4623; loss 0.02885 0.007587
2022-01-21 15:56:06,429 root                INFO: Train: Epoch 199: train loss 0.0010
2022-01-21 15:56:08,979 root                INFO: Valid: Epoch 199: kendall tau 0.1872 0.4645; loss 0.02784 0.007419
2022-01-21 15:56:09,394 root                INFO: Train: Epoch 200: train loss 0.0009
2022-01-21 15:56:11,396 root                INFO: Valid: Epoch 200: kendall tau 0.1845 0.4609; loss 0.02795 0.007572
2022-01-21 15:56:11,403 root                INFO: Epoch 200: Save checkpoint to nb1shot1_anytime_tagates/tagates_0.005/123/2021/200.ckpt
2022-01-21 15:56:13,191 root                INFO: [0.0, 0.0, 0.0, 0.01098901098901099, 0.05075445816186557, 0.603840877914952, 1.0]
2022-01-21 15:56:13,191 root                INFO: [0.14285714285714285, 0.25, 0.2916666666666667, 0.47527472527472525, 0.5390946502057613, 0.714951989026063, 1.0]
2022-01-21 15:56:13,191 root                INFO: [1821, 970]
2022-01-21 15:56:13,191 root                INFO: [4, 4]
