2022-01-19 23:14:02,704 root                INFO: GPU device = 0
2022-01-19 23:14:02,705 root                INFO: Load pkl cache from nasbench101.pkl and nasbench101_valid.pkl
2022-01-19 23:14:03,193 root                INFO: Config: {'arch_network_cfg': {'arch_embedder_cfg': {'b_use_bn': False, 'backward_gcn_out_dims': [128, 128, 128, 128, 128], 'concat_param_zs_as_opemb_dimension': 7, 'concat_param_zs_as_opemb_scale': 0.1, 'detach_vinfo': False, 'fb_conversion_dims': [128, 128], 'gcn_kwargs': {'plus_I': True, 'residual_only': 1}, 'gcn_out_dims': [128, 128, 128, 128, 128], 'hid_dim': 96, 'mask_nonparametrized_ops': False, 'node_embedding_dim': 48, 'num_time_steps': 3, 'op_embedding_dim': 48, 'symmetry_breaking_method': 'param_zs_add', 'updateopemb_detach_finfo': True, 'updateopemb_detach_opemb': True, 'updateopemb_dims': [128], 'updateopemb_method': 'concat_ofb', 'updateopemb_scale': 0.1}, 'arch_embedder_type': 'nb101-fbflow', 'compare_loss_type': 'margin_linear', 'compare_margin': 0.1, 'mlp_dropout': 0.1, 'mlp_hiddens': [200], 'optimizer': {'lr': 0.001, 'type': 'Adam'}, 'scheduler': None}, 'batch_size': 512, 'choose_pair_criterion': 'random', 'compare': True, 'compare_threshold': 0.0, 'epochs': 200, 'max_compare_ratio': 4.0}
2022-01-19 23:14:07,622 root                INFO: Combined args: Namespace(batch_size=512, cfg_file='cfgs/nb101_cfgs/gates_true_scale0.1.yaml', choose_pair_criterion='random', compare=True, compare_threshold=0.0, epochs=200, eval_only_last=5, gpu=0, load=None, max_compare_ratio=4.0, num_workers=4, report_freq=200, save_every=200, save_predict=None, seed=202121, test_funcs=None, test_only=False, train_dir='nb1shot1_ablation_scale/true/0.1_0.1/123/202121', train_pkl='../mynas/data/nasbench-1shot1/nasbench101_train_123.pkl', train_ratio=0.1, valid_pkl='../mynas/data/nasbench-1shot1/nasbench101_valid.pkl')
2022-01-19 23:14:07,633 root                INFO: Train dataset ratio: 0.100
2022-01-19 23:14:07,633 root                INFO: Number of architectures: train: 729; valid: 7290
2022-01-19 23:14:10,717 root                INFO: Train: Epoch   1: train loss 0.0994
2022-01-19 23:14:11,591 root                INFO: Train: Epoch   2: train loss 0.0925
2022-01-19 23:14:12,721 root                INFO: Train: Epoch   3: train loss 0.0768
2022-01-19 23:14:13,580 root                INFO: Train: Epoch   4: train loss 0.0623
2022-01-19 23:14:14,480 root                INFO: Train: Epoch   5: train loss 0.0579
2022-01-19 23:14:15,292 root                INFO: Train: Epoch   6: train loss 0.0605
2022-01-19 23:14:16,200 root                INFO: Train: Epoch   7: train loss 0.0525
2022-01-19 23:14:17,035 root                INFO: Train: Epoch   8: train loss 0.0478
2022-01-19 23:14:17,895 root                INFO: Train: Epoch   9: train loss 0.0453
2022-01-19 23:14:18,772 root                INFO: Train: Epoch  10: train loss 0.0460
2022-01-19 23:14:19,622 root                INFO: Train: Epoch  11: train loss 0.0402
2022-01-19 23:14:20,470 root                INFO: Train: Epoch  12: train loss 0.0407
2022-01-19 23:14:21,564 root                INFO: Train: Epoch  13: train loss 0.0369
2022-01-19 23:14:22,456 root                INFO: Train: Epoch  14: train loss 0.0361
2022-01-19 23:14:23,337 root                INFO: Train: Epoch  15: train loss 0.0360
2022-01-19 23:14:24,265 root                INFO: Train: Epoch  16: train loss 0.0318
2022-01-19 23:14:25,096 root                INFO: Train: Epoch  17: train loss 0.0319
2022-01-19 23:14:25,961 root                INFO: Train: Epoch  18: train loss 0.0304
2022-01-19 23:14:26,837 root                INFO: Train: Epoch  19: train loss 0.0281
2022-01-19 23:14:27,681 root                INFO: Train: Epoch  20: train loss 0.0276
2022-01-19 23:14:28,538 root                INFO: Train: Epoch  21: train loss 0.0294
2022-01-19 23:14:29,411 root                INFO: Train: Epoch  22: train loss 0.0278
2022-01-19 23:14:30,475 root                INFO: Train: Epoch  23: train loss 0.0287
2022-01-19 23:14:31,353 root                INFO: Train: Epoch  24: train loss 0.0293
2022-01-19 23:14:32,175 root                INFO: Train: Epoch  25: train loss 0.0273
2022-01-19 23:14:33,065 root                INFO: Train: Epoch  26: train loss 0.0291
2022-01-19 23:14:33,933 root                INFO: Train: Epoch  27: train loss 0.0290
2022-01-19 23:14:34,814 root                INFO: Train: Epoch  28: train loss 0.0265
2022-01-19 23:14:35,685 root                INFO: Train: Epoch  29: train loss 0.0277
2022-01-19 23:14:36,544 root                INFO: Train: Epoch  30: train loss 0.0273
2022-01-19 23:14:37,411 root                INFO: Train: Epoch  31: train loss 0.0274
2022-01-19 23:14:38,335 root                INFO: Train: Epoch  32: train loss 0.0262
2022-01-19 23:14:39,423 root                INFO: Train: Epoch  33: train loss 0.0257
2022-01-19 23:14:40,312 root                INFO: Train: Epoch  34: train loss 0.0264
2022-01-19 23:14:41,210 root                INFO: Train: Epoch  35: train loss 0.0261
2022-01-19 23:14:42,064 root                INFO: Train: Epoch  36: train loss 0.0251
2022-01-19 23:14:42,945 root                INFO: Train: Epoch  37: train loss 0.0250
2022-01-19 23:14:43,797 root                INFO: Train: Epoch  38: train loss 0.0244
2022-01-19 23:14:44,580 root                INFO: Train: Epoch  39: train loss 0.0250
2022-01-19 23:14:45,463 root                INFO: Train: Epoch  40: train loss 0.0239
2022-01-19 23:14:46,319 root                INFO: Train: Epoch  41: train loss 0.0236
2022-01-19 23:14:47,189 root                INFO: Train: Epoch  42: train loss 0.0215
2022-01-19 23:14:48,269 root                INFO: Train: Epoch  43: train loss 0.0214
2022-01-19 23:14:49,106 root                INFO: Train: Epoch  44: train loss 0.0227
2022-01-19 23:14:49,978 root                INFO: Train: Epoch  45: train loss 0.0220
2022-01-19 23:14:50,835 root                INFO: Train: Epoch  46: train loss 0.0199
2022-01-19 23:14:51,712 root                INFO: Train: Epoch  47: train loss 0.0207
2022-01-19 23:14:52,560 root                INFO: Train: Epoch  48: train loss 0.0179
2022-01-19 23:14:53,393 root                INFO: Train: Epoch  49: train loss 0.0204
2022-01-19 23:14:54,262 root                INFO: Train: Epoch  50: train loss 0.0199
2022-01-19 23:14:55,071 root                INFO: Train: Epoch  51: train loss 0.0185
2022-01-19 23:14:55,951 root                INFO: Train: Epoch  52: train loss 0.0205
2022-01-19 23:14:57,067 root                INFO: Train: Epoch  53: train loss 0.0179
2022-01-19 23:14:57,962 root                INFO: Train: Epoch  54: train loss 0.0192
2022-01-19 23:14:58,869 root                INFO: Train: Epoch  55: train loss 0.0163
2022-01-19 23:14:59,738 root                INFO: Train: Epoch  56: train loss 0.0176
2022-01-19 23:15:00,607 root                INFO: Train: Epoch  57: train loss 0.0192
2022-01-19 23:15:01,507 root                INFO: Train: Epoch  58: train loss 0.0200
2022-01-19 23:15:02,414 root                INFO: Train: Epoch  59: train loss 0.0198
2022-01-19 23:15:03,330 root                INFO: Train: Epoch  60: train loss 0.0176
2022-01-19 23:15:04,224 root                INFO: Train: Epoch  61: train loss 0.0184
2022-01-19 23:15:05,193 root                INFO: Train: Epoch  62: train loss 0.0193
2022-01-19 23:15:06,310 root                INFO: Train: Epoch  63: train loss 0.0183
2022-01-19 23:15:07,202 root                INFO: Train: Epoch  64: train loss 0.0171
2022-01-19 23:15:08,081 root                INFO: Train: Epoch  65: train loss 0.0183
2022-01-19 23:15:09,054 root                INFO: Train: Epoch  66: train loss 0.0163
2022-01-19 23:15:09,967 root                INFO: Train: Epoch  67: train loss 0.0182
2022-01-19 23:15:10,862 root                INFO: Train: Epoch  68: train loss 0.0190
2022-01-19 23:15:11,829 root                INFO: Train: Epoch  69: train loss 0.0180
2022-01-19 23:15:12,687 root                INFO: Train: Epoch  70: train loss 0.0172
2022-01-19 23:15:13,567 root                INFO: Train: Epoch  71: train loss 0.0168
2022-01-19 23:15:14,440 root                INFO: Train: Epoch  72: train loss 0.0185
2022-01-19 23:15:15,600 root                INFO: Train: Epoch  73: train loss 0.0183
2022-01-19 23:15:16,467 root                INFO: Train: Epoch  74: train loss 0.0158
2022-01-19 23:15:17,325 root                INFO: Train: Epoch  75: train loss 0.0178
2022-01-19 23:15:18,199 root                INFO: Train: Epoch  76: train loss 0.0176
2022-01-19 23:15:19,078 root                INFO: Train: Epoch  77: train loss 0.0156
2022-01-19 23:15:19,955 root                INFO: Train: Epoch  78: train loss 0.0164
2022-01-19 23:15:20,840 root                INFO: Train: Epoch  79: train loss 0.0172
2022-01-19 23:15:21,741 root                INFO: Train: Epoch  80: train loss 0.0167
2022-01-19 23:15:22,676 root                INFO: Train: Epoch  81: train loss 0.0168
2022-01-19 23:15:23,570 root                INFO: Train: Epoch  82: train loss 0.0165
2022-01-19 23:15:24,724 root                INFO: Train: Epoch  83: train loss 0.0163
2022-01-19 23:15:25,570 root                INFO: Train: Epoch  84: train loss 0.0172
2022-01-19 23:15:26,445 root                INFO: Train: Epoch  85: train loss 0.0171
2022-01-19 23:15:27,374 root                INFO: Train: Epoch  86: train loss 0.0162
2022-01-19 23:15:28,325 root                INFO: Train: Epoch  87: train loss 0.0156
2022-01-19 23:15:29,277 root                INFO: Train: Epoch  88: train loss 0.0164
2022-01-19 23:15:30,177 root                INFO: Train: Epoch  89: train loss 0.0166
2022-01-19 23:15:31,046 root                INFO: Train: Epoch  90: train loss 0.0180
2022-01-19 23:15:31,953 root                INFO: Train: Epoch  91: train loss 0.0169
2022-01-19 23:15:32,871 root                INFO: Train: Epoch  92: train loss 0.0174
2022-01-19 23:15:33,906 root                INFO: Train: Epoch  93: train loss 0.0173
2022-01-19 23:15:34,791 root                INFO: Train: Epoch  94: train loss 0.0175
2022-01-19 23:15:35,651 root                INFO: Train: Epoch  95: train loss 0.0163
2022-01-19 23:15:36,522 root                INFO: Train: Epoch  96: train loss 0.0201
2022-01-19 23:15:37,415 root                INFO: Train: Epoch  97: train loss 0.0185
2022-01-19 23:15:38,262 root                INFO: Train: Epoch  98: train loss 0.0172
2022-01-19 23:15:39,133 root                INFO: Train: Epoch  99: train loss 0.0177
2022-01-19 23:15:40,003 root                INFO: Train: Epoch 100: train loss 0.0199
2022-01-19 23:15:40,858 root                INFO: Train: Epoch 101: train loss 0.0186
2022-01-19 23:15:41,716 root                INFO: Train: Epoch 102: train loss 0.0161
2022-01-19 23:15:42,798 root                INFO: Train: Epoch 103: train loss 0.0187
2022-01-19 23:15:43,701 root                INFO: Train: Epoch 104: train loss 0.0144
2022-01-19 23:15:44,609 root                INFO: Train: Epoch 105: train loss 0.0168
2022-01-19 23:15:45,505 root                INFO: Train: Epoch 106: train loss 0.0164
2022-01-19 23:15:46,407 root                INFO: Train: Epoch 107: train loss 0.0166
2022-01-19 23:15:47,305 root                INFO: Train: Epoch 108: train loss 0.0150
2022-01-19 23:15:48,162 root                INFO: Train: Epoch 109: train loss 0.0159
2022-01-19 23:15:48,966 root                INFO: Train: Epoch 110: train loss 0.0153
2022-01-19 23:15:49,851 root                INFO: Train: Epoch 111: train loss 0.0163
2022-01-19 23:15:50,769 root                INFO: Train: Epoch 112: train loss 0.0145
2022-01-19 23:15:51,829 root                INFO: Train: Epoch 113: train loss 0.0157
2022-01-19 23:15:52,675 root                INFO: Train: Epoch 114: train loss 0.0150
2022-01-19 23:15:53,547 root                INFO: Train: Epoch 115: train loss 0.0167
2022-01-19 23:15:54,411 root                INFO: Train: Epoch 116: train loss 0.0145
2022-01-19 23:15:55,287 root                INFO: Train: Epoch 117: train loss 0.0144
2022-01-19 23:15:56,152 root                INFO: Train: Epoch 118: train loss 0.0152
2022-01-19 23:15:57,016 root                INFO: Train: Epoch 119: train loss 0.0147
2022-01-19 23:15:57,891 root                INFO: Train: Epoch 120: train loss 0.0152
2022-01-19 23:15:58,747 root                INFO: Train: Epoch 121: train loss 0.0156
2022-01-19 23:15:59,656 root                INFO: Train: Epoch 122: train loss 0.0157
2022-01-19 23:16:00,670 root                INFO: Train: Epoch 123: train loss 0.0160
2022-01-19 23:16:01,576 root                INFO: Train: Epoch 124: train loss 0.0149
2022-01-19 23:16:02,459 root                INFO: Train: Epoch 125: train loss 0.0149
2022-01-19 23:16:03,420 root                INFO: Train: Epoch 126: train loss 0.0151
2022-01-19 23:16:04,315 root                INFO: Train: Epoch 127: train loss 0.0154
2022-01-19 23:16:05,178 root                INFO: Train: Epoch 128: train loss 0.0150
2022-01-19 23:16:06,094 root                INFO: Train: Epoch 129: train loss 0.0139
2022-01-19 23:16:06,931 root                INFO: Train: Epoch 130: train loss 0.0139
2022-01-19 23:16:07,786 root                INFO: Train: Epoch 131: train loss 0.0148
2022-01-19 23:16:08,667 root                INFO: Train: Epoch 132: train loss 0.0152
2022-01-19 23:16:09,717 root                INFO: Train: Epoch 133: train loss 0.0137
2022-01-19 23:16:10,599 root                INFO: Train: Epoch 134: train loss 0.0159
2022-01-19 23:16:11,464 root                INFO: Train: Epoch 135: train loss 0.0164
2022-01-19 23:16:12,356 root                INFO: Train: Epoch 136: train loss 0.0157
2022-01-19 23:16:13,207 root                INFO: Train: Epoch 137: train loss 0.0144
2022-01-19 23:16:14,059 root                INFO: Train: Epoch 138: train loss 0.0145
2022-01-19 23:16:14,977 root                INFO: Train: Epoch 139: train loss 0.0147
2022-01-19 23:16:15,842 root                INFO: Train: Epoch 140: train loss 0.0150
2022-01-19 23:16:16,711 root                INFO: Train: Epoch 141: train loss 0.0141
2022-01-19 23:16:17,583 root                INFO: Train: Epoch 142: train loss 0.0150
2022-01-19 23:16:18,587 root                INFO: Train: Epoch 143: train loss 0.0145
2022-01-19 23:16:19,461 root                INFO: Train: Epoch 144: train loss 0.0168
2022-01-19 23:16:20,284 root                INFO: Train: Epoch 145: train loss 0.0150
2022-01-19 23:16:21,151 root                INFO: Train: Epoch 146: train loss 0.0153
2022-01-19 23:16:22,025 root                INFO: Train: Epoch 147: train loss 0.0140
2022-01-19 23:16:22,917 root                INFO: Train: Epoch 148: train loss 0.0146
2022-01-19 23:16:23,789 root                INFO: Train: Epoch 149: train loss 0.0146
2022-01-19 23:16:24,664 root                INFO: Train: Epoch 150: train loss 0.0146
2022-01-19 23:16:25,556 root                INFO: Train: Epoch 151: train loss 0.0144
2022-01-19 23:16:26,375 root                INFO: Train: Epoch 152: train loss 0.0146
2022-01-19 23:16:27,393 root                INFO: Train: Epoch 153: train loss 0.0142
2022-01-19 23:16:28,241 root                INFO: Train: Epoch 154: train loss 0.0143
2022-01-19 23:16:29,119 root                INFO: Train: Epoch 155: train loss 0.0129
2022-01-19 23:16:30,003 root                INFO: Train: Epoch 156: train loss 0.0142
2022-01-19 23:16:30,869 root                INFO: Train: Epoch 157: train loss 0.0137
2022-01-19 23:16:31,699 root                INFO: Train: Epoch 158: train loss 0.0132
2022-01-19 23:16:32,543 root                INFO: Train: Epoch 159: train loss 0.0136
2022-01-19 23:16:33,380 root                INFO: Train: Epoch 160: train loss 0.0123
2022-01-19 23:16:34,201 root                INFO: Train: Epoch 161: train loss 0.0138
2022-01-19 23:16:35,045 root                INFO: Train: Epoch 162: train loss 0.0129
2022-01-19 23:16:36,051 root                INFO: Train: Epoch 163: train loss 0.0151
2022-01-19 23:16:36,920 root                INFO: Train: Epoch 164: train loss 0.0155
2022-01-19 23:16:37,754 root                INFO: Train: Epoch 165: train loss 0.0153
2022-01-19 23:16:38,652 root                INFO: Train: Epoch 166: train loss 0.0170
2022-01-19 23:16:39,504 root                INFO: Train: Epoch 167: train loss 0.0137
2022-01-19 23:16:40,297 root                INFO: Train: Epoch 168: train loss 0.0133
2022-01-19 23:16:41,244 root                INFO: Train: Epoch 169: train loss 0.0155
2022-01-19 23:16:42,150 root                INFO: Train: Epoch 170: train loss 0.0131
2022-01-19 23:16:43,149 root                INFO: Train: Epoch 171: train loss 0.0153
2022-01-19 23:16:44,001 root                INFO: Train: Epoch 172: train loss 0.0138
2022-01-19 23:16:44,954 root                INFO: Train: Epoch 173: train loss 0.0145
2022-01-19 23:16:45,872 root                INFO: Train: Epoch 174: train loss 0.0159
2022-01-19 23:16:46,702 root                INFO: Train: Epoch 175: train loss 0.0127
2022-01-19 23:16:47,661 root                INFO: Train: Epoch 176: train loss 0.0156
2022-01-19 23:16:48,582 root                INFO: Train: Epoch 177: train loss 0.0142
2022-01-19 23:16:49,485 root                INFO: Train: Epoch 178: train loss 0.0155
2022-01-19 23:16:50,388 root                INFO: Train: Epoch 179: train loss 0.0149
2022-01-19 23:16:51,192 root                INFO: Train: Epoch 180: train loss 0.0146
2022-01-19 23:16:52,078 root                INFO: Train: Epoch 181: train loss 0.0132
2022-01-19 23:16:52,926 root                INFO: Train: Epoch 182: train loss 0.0141
2022-01-19 23:16:53,936 root                INFO: Train: Epoch 183: train loss 0.0142
2022-01-19 23:16:54,847 root                INFO: Train: Epoch 184: train loss 0.0141
2022-01-19 23:16:55,664 root                INFO: Train: Epoch 185: train loss 0.0151
2022-01-19 23:16:56,554 root                INFO: Train: Epoch 186: train loss 0.0135
2022-01-19 23:16:57,395 root                INFO: Train: Epoch 187: train loss 0.0128
2022-01-19 23:16:58,316 root                INFO: Train: Epoch 188: train loss 0.0139
2022-01-19 23:16:59,228 root                INFO: Train: Epoch 189: train loss 0.0132
2022-01-19 23:17:00,048 root                INFO: Train: Epoch 190: train loss 0.0153
2022-01-19 23:17:00,956 root                INFO: Train: Epoch 191: train loss 0.0141
2022-01-19 23:17:01,770 root                INFO: Train: Epoch 192: train loss 0.0130
2022-01-19 23:17:02,813 root                INFO: Train: Epoch 193: train loss 0.0144
2022-01-19 23:17:03,765 root                INFO: Train: Epoch 194: train loss 0.0125
2022-01-19 23:17:04,574 root                INFO: Train: Epoch 195: train loss 0.0129
2022-01-19 23:17:05,496 root                INFO: Train: Epoch 196: train loss 0.0138
2022-01-19 23:17:07,326 root                INFO: Valid: Epoch 196: kendall tau 0.7890; loss 0.2162
2022-01-19 23:17:08,158 root                INFO: Train: Epoch 197: train loss 0.0139
2022-01-19 23:17:09,997 root                INFO: Valid: Epoch 197: kendall tau 0.7875; loss 0.2134
2022-01-19 23:17:10,959 root                INFO: Train: Epoch 198: train loss 0.0138
2022-01-19 23:17:12,940 root                INFO: Valid: Epoch 198: kendall tau 0.7765; loss 0.225
2022-01-19 23:17:13,745 root                INFO: Train: Epoch 199: train loss 0.0154
2022-01-19 23:17:15,642 root                INFO: Valid: Epoch 199: kendall tau 0.7697; loss 0.2308
2022-01-19 23:17:16,537 root                INFO: Train: Epoch 200: train loss 0.0121
2022-01-19 23:17:18,590 root                INFO: Valid: Epoch 200: kendall tau 0.7688; loss 0.2267
2022-01-19 23:17:18,597 root                INFO: Epoch 200: Save checkpoint to nb1shot1_ablation_scale/true/0.1_0.1/123/202121/200.ckpt
2022-01-19 23:17:20,469 root                INFO: [0.14285714285714285, 0.5, 0.5833333333333334, 0.6016483516483516, 0.7393689986282579, 0.8902606310013718, 1.0]
2022-01-19 23:17:20,469 root                INFO: [2, 2]
