2022-01-19 23:03:23,599 root                INFO: GPU device = 4
2022-01-19 23:03:23,599 root                INFO: Load pkl cache from nasbench101.pkl and nasbench101_valid.pkl
2022-01-19 23:03:24,212 root                INFO: Config: {'arch_network_cfg': {'arch_embedder_cfg': {'b_use_bn': False, 'backward_gcn_out_dims': [128, 128, 128, 128, 128], 'concat_param_zs_as_opemb_dimension': 7, 'concat_param_zs_as_opemb_scale': 0.1, 'detach_vinfo': False, 'fb_conversion_dims': [128, 128], 'gcn_kwargs': {'plus_I': True, 'residual_only': 1}, 'gcn_out_dims': [128, 128, 128, 128, 128], 'hid_dim': 96, 'mask_nonparametrized_ops': False, 'node_embedding_dim': 48, 'num_time_steps': 3, 'op_embedding_dim': 48, 'symmetry_breaking_method': 'param_zs_add', 'updateopemb_detach_finfo': True, 'updateopemb_detach_opemb': True, 'updateopemb_dims': [128], 'updateopemb_method': 'concat_ofb', 'updateopemb_scale': 0.1}, 'arch_embedder_type': 'nb101-fbflow', 'compare_loss_type': 'margin_linear', 'compare_margin': 0.1, 'mlp_dropout': 0.1, 'mlp_hiddens': [200], 'optimizer': {'lr': 0.001, 'type': 'Adam'}, 'scheduler': None}, 'batch_size': 512, 'choose_pair_criterion': 'random', 'compare': True, 'compare_threshold': 0.0, 'epochs': 200, 'max_compare_ratio': 4.0}
2022-01-19 23:03:28,643 root                INFO: Combined args: Namespace(batch_size=512, cfg_file='cfgs/nb101_cfgs/gates_true_scale0.1.yaml', choose_pair_criterion='random', compare=True, compare_threshold=0.0, epochs=200, eval_only_last=5, gpu=4, load=None, max_compare_ratio=4.0, num_workers=4, report_freq=200, save_every=200, save_predict=None, seed=202121, test_funcs=None, test_only=False, train_dir='nb1shot1_ablation_scale/true/0.1_0.005/123/202121', train_pkl='../mynas/data/nasbench-1shot1/nasbench101_train_123.pkl', train_ratio=0.005, valid_pkl='../mynas/data/nasbench-1shot1/nasbench101_valid.pkl')
2022-01-19 23:03:28,656 root                INFO: Train dataset ratio: 0.005
2022-01-19 23:03:28,657 root                INFO: Number of architectures: train: 36; valid: 7290
2022-01-19 23:03:31,561 root                INFO: Train: Epoch   1: train loss 0.1010
2022-01-19 23:03:32,245 root                INFO: Train: Epoch   2: train loss 0.0992
2022-01-19 23:03:32,951 root                INFO: Train: Epoch   3: train loss 0.0935
2022-01-19 23:03:33,833 root                INFO: Train: Epoch   4: train loss 0.0921
2022-01-19 23:03:34,497 root                INFO: Train: Epoch   5: train loss 0.0775
2022-01-19 23:03:35,152 root                INFO: Train: Epoch   6: train loss 0.0682
2022-01-19 23:03:35,839 root                INFO: Train: Epoch   7: train loss 0.0664
2022-01-19 23:03:36,495 root                INFO: Train: Epoch   8: train loss 0.0584
2022-01-19 23:03:37,147 root                INFO: Train: Epoch   9: train loss 0.0579
2022-01-19 23:03:37,892 root                INFO: Train: Epoch  10: train loss 0.0516
2022-01-19 23:03:38,581 root                INFO: Train: Epoch  11: train loss 0.0544
2022-01-19 23:03:39,220 root                INFO: Train: Epoch  12: train loss 0.0662
2022-01-19 23:03:39,878 root                INFO: Train: Epoch  13: train loss 0.0509
2022-01-19 23:03:40,568 root                INFO: Train: Epoch  14: train loss 0.0542
2022-01-19 23:03:41,294 root                INFO: Train: Epoch  15: train loss 0.0466
2022-01-19 23:03:41,984 root                INFO: Train: Epoch  16: train loss 0.0479
2022-01-19 23:03:42,603 root                INFO: Train: Epoch  17: train loss 0.0513
2022-01-19 23:03:43,298 root                INFO: Train: Epoch  18: train loss 0.0470
2022-01-19 23:03:44,081 root                INFO: Train: Epoch  19: train loss 0.0523
2022-01-19 23:03:44,799 root                INFO: Train: Epoch  20: train loss 0.0466
2022-01-19 23:03:45,575 root                INFO: Train: Epoch  21: train loss 0.0428
2022-01-19 23:03:46,284 root                INFO: Train: Epoch  22: train loss 0.0395
2022-01-19 23:03:46,975 root                INFO: Train: Epoch  23: train loss 0.0390
2022-01-19 23:03:47,696 root                INFO: Train: Epoch  24: train loss 0.0416
2022-01-19 23:03:48,383 root                INFO: Train: Epoch  25: train loss 0.0446
2022-01-19 23:03:49,152 root                INFO: Train: Epoch  26: train loss 0.0355
2022-01-19 23:03:49,800 root                INFO: Train: Epoch  27: train loss 0.0329
2022-01-19 23:03:50,481 root                INFO: Train: Epoch  28: train loss 0.0415
2022-01-19 23:03:51,170 root                INFO: Train: Epoch  29: train loss 0.0419
2022-01-19 23:03:51,798 root                INFO: Train: Epoch  30: train loss 0.0310
2022-01-19 23:03:52,575 root                INFO: Train: Epoch  31: train loss 0.0320
2022-01-19 23:03:53,412 root                INFO: Train: Epoch  32: train loss 0.0390
2022-01-19 23:03:54,097 root                INFO: Train: Epoch  33: train loss 0.0264
2022-01-19 23:03:54,813 root                INFO: Train: Epoch  34: train loss 0.0360
2022-01-19 23:03:55,466 root                INFO: Train: Epoch  35: train loss 0.0312
2022-01-19 23:03:56,111 root                INFO: Train: Epoch  36: train loss 0.0309
2022-01-19 23:03:56,861 root                INFO: Train: Epoch  37: train loss 0.0289
2022-01-19 23:03:57,565 root                INFO: Train: Epoch  38: train loss 0.0292
2022-01-19 23:03:58,217 root                INFO: Train: Epoch  39: train loss 0.0276
2022-01-19 23:03:58,920 root                INFO: Train: Epoch  40: train loss 0.0309
2022-01-19 23:03:59,541 root                INFO: Train: Epoch  41: train loss 0.0264
2022-01-19 23:04:00,178 root                INFO: Train: Epoch  42: train loss 0.0293
2022-01-19 23:04:00,963 root                INFO: Train: Epoch  43: train loss 0.0229
2022-01-19 23:04:01,675 root                INFO: Train: Epoch  44: train loss 0.0264
2022-01-19 23:04:02,358 root                INFO: Train: Epoch  45: train loss 0.0302
2022-01-19 23:04:03,036 root                INFO: Train: Epoch  46: train loss 0.0230
2022-01-19 23:04:03,705 root                INFO: Train: Epoch  47: train loss 0.0250
2022-01-19 23:04:04,374 root                INFO: Train: Epoch  48: train loss 0.0169
2022-01-19 23:04:05,075 root                INFO: Train: Epoch  49: train loss 0.0318
2022-01-19 23:04:05,755 root                INFO: Train: Epoch  50: train loss 0.0268
2022-01-19 23:04:06,376 root                INFO: Train: Epoch  51: train loss 0.0268
2022-01-19 23:04:07,046 root                INFO: Train: Epoch  52: train loss 0.0206
2022-01-19 23:04:07,747 root                INFO: Train: Epoch  53: train loss 0.0304
2022-01-19 23:04:08,406 root                INFO: Train: Epoch  54: train loss 0.0133
2022-01-19 23:04:09,068 root                INFO: Train: Epoch  55: train loss 0.0216
2022-01-19 23:04:09,900 root                INFO: Train: Epoch  56: train loss 0.0213
2022-01-19 23:04:10,768 root                INFO: Train: Epoch  57: train loss 0.0150
2022-01-19 23:04:11,608 root                INFO: Train: Epoch  58: train loss 0.0227
2022-01-19 23:04:12,452 root                INFO: Train: Epoch  59: train loss 0.0162
2022-01-19 23:04:13,302 root                INFO: Train: Epoch  60: train loss 0.0215
2022-01-19 23:04:14,149 root                INFO: Train: Epoch  61: train loss 0.0185
2022-01-19 23:04:15,027 root                INFO: Train: Epoch  62: train loss 0.0179
2022-01-19 23:04:15,856 root                INFO: Train: Epoch  63: train loss 0.0156
2022-01-19 23:04:16,714 root                INFO: Train: Epoch  64: train loss 0.0196
2022-01-19 23:04:17,609 root                INFO: Train: Epoch  65: train loss 0.0270
2022-01-19 23:04:18,477 root                INFO: Train: Epoch  66: train loss 0.0159
2022-01-19 23:04:19,351 root                INFO: Train: Epoch  67: train loss 0.0268
2022-01-19 23:04:20,221 root                INFO: Train: Epoch  68: train loss 0.0204
2022-01-19 23:04:21,141 root                INFO: Train: Epoch  69: train loss 0.0238
2022-01-19 23:04:21,979 root                INFO: Train: Epoch  70: train loss 0.0163
2022-01-19 23:04:22,899 root                INFO: Train: Epoch  71: train loss 0.0314
2022-01-19 23:04:23,764 root                INFO: Train: Epoch  72: train loss 0.0151
2022-01-19 23:04:24,593 root                INFO: Train: Epoch  73: train loss 0.0116
2022-01-19 23:04:25,475 root                INFO: Train: Epoch  74: train loss 0.0276
2022-01-19 23:04:26,405 root                INFO: Train: Epoch  75: train loss 0.0312
2022-01-19 23:04:27,245 root                INFO: Train: Epoch  76: train loss 0.0188
2022-01-19 23:04:28,046 root                INFO: Train: Epoch  77: train loss 0.0194
2022-01-19 23:04:28,931 root                INFO: Train: Epoch  78: train loss 0.0193
2022-01-19 23:04:29,727 root                INFO: Train: Epoch  79: train loss 0.0125
2022-01-19 23:04:30,595 root                INFO: Train: Epoch  80: train loss 0.0146
2022-01-19 23:04:31,423 root                INFO: Train: Epoch  81: train loss 0.0169
2022-01-19 23:04:32,289 root                INFO: Train: Epoch  82: train loss 0.0206
2022-01-19 23:04:33,082 root                INFO: Train: Epoch  83: train loss 0.0139
2022-01-19 23:04:33,900 root                INFO: Train: Epoch  84: train loss 0.0163
2022-01-19 23:04:34,747 root                INFO: Train: Epoch  85: train loss 0.0193
2022-01-19 23:04:35,583 root                INFO: Train: Epoch  86: train loss 0.0153
2022-01-19 23:04:36,382 root                INFO: Train: Epoch  87: train loss 0.0133
2022-01-19 23:04:37,182 root                INFO: Train: Epoch  88: train loss 0.0126
2022-01-19 23:04:38,090 root                INFO: Train: Epoch  89: train loss 0.0081
2022-01-19 23:04:38,945 root                INFO: Train: Epoch  90: train loss 0.0075
2022-01-19 23:04:39,732 root                INFO: Train: Epoch  91: train loss 0.0087
2022-01-19 23:04:40,594 root                INFO: Train: Epoch  92: train loss 0.0106
2022-01-19 23:04:41,401 root                INFO: Train: Epoch  93: train loss 0.0107
2022-01-19 23:04:42,224 root                INFO: Train: Epoch  94: train loss 0.0223
2022-01-19 23:04:42,999 root                INFO: Train: Epoch  95: train loss 0.0159
2022-01-19 23:04:43,801 root                INFO: Train: Epoch  96: train loss 0.0130
2022-01-19 23:04:44,592 root                INFO: Train: Epoch  97: train loss 0.0124
2022-01-19 23:04:45,437 root                INFO: Train: Epoch  98: train loss 0.0100
2022-01-19 23:04:46,256 root                INFO: Train: Epoch  99: train loss 0.0140
2022-01-19 23:04:47,040 root                INFO: Train: Epoch 100: train loss 0.0143
2022-01-19 23:04:47,852 root                INFO: Train: Epoch 101: train loss 0.0091
2022-01-19 23:04:48,700 root                INFO: Train: Epoch 102: train loss 0.0103
2022-01-19 23:04:49,545 root                INFO: Train: Epoch 103: train loss 0.0091
2022-01-19 23:04:50,357 root                INFO: Train: Epoch 104: train loss 0.0122
2022-01-19 23:04:51,199 root                INFO: Train: Epoch 105: train loss 0.0155
2022-01-19 23:04:52,048 root                INFO: Train: Epoch 106: train loss 0.0209
2022-01-19 23:04:52,841 root                INFO: Train: Epoch 107: train loss 0.0094
2022-01-19 23:04:53,641 root                INFO: Train: Epoch 108: train loss 0.0075
2022-01-19 23:04:54,453 root                INFO: Train: Epoch 109: train loss 0.0113
2022-01-19 23:04:55,229 root                INFO: Train: Epoch 110: train loss 0.0172
2022-01-19 23:04:56,039 root                INFO: Train: Epoch 111: train loss 0.0116
2022-01-19 23:04:56,886 root                INFO: Train: Epoch 112: train loss 0.0130
2022-01-19 23:04:57,707 root                INFO: Train: Epoch 113: train loss 0.0115
2022-01-19 23:04:58,483 root                INFO: Train: Epoch 114: train loss 0.0190
2022-01-19 23:04:59,314 root                INFO: Train: Epoch 115: train loss 0.0123
2022-01-19 23:05:00,213 root                INFO: Train: Epoch 116: train loss 0.0076
2022-01-19 23:05:00,990 root                INFO: Train: Epoch 117: train loss 0.0053
2022-01-19 23:05:01,776 root                INFO: Train: Epoch 118: train loss 0.0089
2022-01-19 23:05:02,665 root                INFO: Train: Epoch 119: train loss 0.0090
2022-01-19 23:05:03,482 root                INFO: Train: Epoch 120: train loss 0.0066
2022-01-19 23:05:04,292 root                INFO: Train: Epoch 121: train loss 0.0121
2022-01-19 23:05:05,115 root                INFO: Train: Epoch 122: train loss 0.0075
2022-01-19 23:05:05,910 root                INFO: Train: Epoch 123: train loss 0.0113
2022-01-19 23:05:06,761 root                INFO: Train: Epoch 124: train loss 0.0084
2022-01-19 23:05:07,572 root                INFO: Train: Epoch 125: train loss 0.0038
2022-01-19 23:05:08,383 root                INFO: Train: Epoch 126: train loss 0.0079
2022-01-19 23:05:09,178 root                INFO: Train: Epoch 127: train loss 0.0089
2022-01-19 23:05:10,035 root                INFO: Train: Epoch 128: train loss 0.0098
2022-01-19 23:05:10,882 root                INFO: Train: Epoch 129: train loss 0.0102
2022-01-19 23:05:11,730 root                INFO: Train: Epoch 130: train loss 0.0043
2022-01-19 23:05:12,564 root                INFO: Train: Epoch 131: train loss 0.0118
2022-01-19 23:05:13,375 root                INFO: Train: Epoch 132: train loss 0.0112
2022-01-19 23:05:14,236 root                INFO: Train: Epoch 133: train loss 0.0046
2022-01-19 23:05:15,041 root                INFO: Train: Epoch 134: train loss 0.0052
2022-01-19 23:05:15,832 root                INFO: Train: Epoch 135: train loss 0.0050
2022-01-19 23:05:16,812 root                INFO: Train: Epoch 136: train loss 0.0035
2022-01-19 23:05:17,614 root                INFO: Train: Epoch 137: train loss 0.0103
2022-01-19 23:05:18,477 root                INFO: Train: Epoch 138: train loss 0.0032
2022-01-19 23:05:19,413 root                INFO: Train: Epoch 139: train loss 0.0054
2022-01-19 23:05:20,309 root                INFO: Train: Epoch 140: train loss 0.0053
2022-01-19 23:05:21,168 root                INFO: Train: Epoch 141: train loss 0.0052
2022-01-19 23:05:21,994 root                INFO: Train: Epoch 142: train loss 0.0071
2022-01-19 23:05:22,885 root                INFO: Train: Epoch 143: train loss 0.0062
2022-01-19 23:05:23,815 root                INFO: Train: Epoch 144: train loss 0.0080
2022-01-19 23:05:24,678 root                INFO: Train: Epoch 145: train loss 0.0068
2022-01-19 23:05:25,535 root                INFO: Train: Epoch 146: train loss 0.0053
2022-01-19 23:05:26,439 root                INFO: Train: Epoch 147: train loss 0.0017
2022-01-19 23:05:27,313 root                INFO: Train: Epoch 148: train loss 0.0070
2022-01-19 23:05:28,153 root                INFO: Train: Epoch 149: train loss 0.0045
2022-01-19 23:05:28,955 root                INFO: Train: Epoch 150: train loss 0.0103
2022-01-19 23:05:29,823 root                INFO: Train: Epoch 151: train loss 0.0034
2022-01-19 23:05:30,689 root                INFO: Train: Epoch 152: train loss 0.0055
2022-01-19 23:05:31,590 root                INFO: Train: Epoch 153: train loss 0.0037
2022-01-19 23:05:32,386 root                INFO: Train: Epoch 154: train loss 0.0043
2022-01-19 23:05:33,195 root                INFO: Train: Epoch 155: train loss 0.0038
2022-01-19 23:05:34,070 root                INFO: Train: Epoch 156: train loss 0.0063
2022-01-19 23:05:34,997 root                INFO: Train: Epoch 157: train loss 0.0028
2022-01-19 23:05:35,861 root                INFO: Train: Epoch 158: train loss 0.0081
2022-01-19 23:05:36,649 root                INFO: Train: Epoch 159: train loss 0.0032
2022-01-19 23:05:37,471 root                INFO: Train: Epoch 160: train loss 0.0070
2022-01-19 23:05:38,372 root                INFO: Train: Epoch 161: train loss 0.0079
2022-01-19 23:05:39,259 root                INFO: Train: Epoch 162: train loss 0.0038
2022-01-19 23:05:40,102 root                INFO: Train: Epoch 163: train loss 0.0065
2022-01-19 23:05:40,944 root                INFO: Train: Epoch 164: train loss 0.0086
2022-01-19 23:05:41,791 root                INFO: Train: Epoch 165: train loss 0.0034
2022-01-19 23:05:42,659 root                INFO: Train: Epoch 166: train loss 0.0048
2022-01-19 23:05:43,518 root                INFO: Train: Epoch 167: train loss 0.0033
2022-01-19 23:05:44,344 root                INFO: Train: Epoch 168: train loss 0.0050
2022-01-19 23:05:45,173 root                INFO: Train: Epoch 169: train loss 0.0064
2022-01-19 23:05:46,059 root                INFO: Train: Epoch 170: train loss 0.0047
2022-01-19 23:05:46,955 root                INFO: Train: Epoch 171: train loss 0.0062
2022-01-19 23:05:47,750 root                INFO: Train: Epoch 172: train loss 0.0106
2022-01-19 23:05:48,627 root                INFO: Train: Epoch 173: train loss 0.0052
2022-01-19 23:05:49,479 root                INFO: Train: Epoch 174: train loss 0.0067
2022-01-19 23:05:50,291 root                INFO: Train: Epoch 175: train loss 0.0025
2022-01-19 23:05:51,063 root                INFO: Train: Epoch 176: train loss 0.0157
2022-01-19 23:05:51,831 root                INFO: Train: Epoch 177: train loss 0.0050
2022-01-19 23:05:52,626 root                INFO: Train: Epoch 178: train loss 0.0119
2022-01-19 23:05:53,468 root                INFO: Train: Epoch 179: train loss 0.0030
2022-01-19 23:05:54,352 root                INFO: Train: Epoch 180: train loss 0.0072
2022-01-19 23:05:55,185 root                INFO: Train: Epoch 181: train loss 0.0187
2022-01-19 23:05:56,022 root                INFO: Train: Epoch 182: train loss 0.0065
2022-01-19 23:05:56,843 root                INFO: Train: Epoch 183: train loss 0.0088
2022-01-19 23:05:57,677 root                INFO: Train: Epoch 184: train loss 0.0076
2022-01-19 23:05:58,490 root                INFO: Train: Epoch 185: train loss 0.0096
2022-01-19 23:05:59,310 root                INFO: Train: Epoch 186: train loss 0.0069
2022-01-19 23:06:00,101 root                INFO: Train: Epoch 187: train loss 0.0074
2022-01-19 23:06:00,884 root                INFO: Train: Epoch 188: train loss 0.0030
2022-01-19 23:06:01,709 root                INFO: Train: Epoch 189: train loss 0.0041
2022-01-19 23:06:02,548 root                INFO: Train: Epoch 190: train loss 0.0054
2022-01-19 23:06:03,354 root                INFO: Train: Epoch 191: train loss 0.0042
2022-01-19 23:06:04,158 root                INFO: Train: Epoch 192: train loss 0.0056
2022-01-19 23:06:05,087 root                INFO: Train: Epoch 193: train loss 0.0086
2022-01-19 23:06:05,903 root                INFO: Train: Epoch 194: train loss 0.0048
2022-01-19 23:06:06,725 root                INFO: Train: Epoch 195: train loss 0.0047
2022-01-19 23:06:07,533 root                INFO: Train: Epoch 196: train loss 0.0086
2022-01-19 23:06:09,774 root                INFO: Valid: Epoch 196: kendall tau 0.6243; loss 0.4006
2022-01-19 23:06:10,643 root                INFO: Train: Epoch 197: train loss 0.0082
2022-01-19 23:06:12,689 root                INFO: Valid: Epoch 197: kendall tau 0.6330; loss 0.3641
2022-01-19 23:06:13,603 root                INFO: Train: Epoch 198: train loss 0.0082
2022-01-19 23:06:15,741 root                INFO: Valid: Epoch 198: kendall tau 0.6435; loss 0.3308
2022-01-19 23:06:16,540 root                INFO: Train: Epoch 199: train loss 0.0071
2022-01-19 23:06:18,821 root                INFO: Valid: Epoch 199: kendall tau 0.6523; loss 0.3142
2022-01-19 23:06:19,637 root                INFO: Train: Epoch 200: train loss 0.0016
2022-01-19 23:06:21,817 root                INFO: Valid: Epoch 200: kendall tau 0.6555; loss 0.3022
2022-01-19 23:06:21,824 root                INFO: Epoch 200: Save checkpoint to nb1shot1_ablation_scale/true/0.1_0.005/123/202121/200.ckpt
2022-01-19 23:06:23,907 root                INFO: [0.0, 0.3055555555555556, 0.5, 0.5824175824175825, 0.6844993141289437, 0.8392318244170096, 1.0]
2022-01-19 23:06:23,908 root                INFO: [22, 10]
