2022-01-21 17:31:04,693 root                INFO: GPU device = 5
2022-01-21 17:31:04,694 root                INFO: Load pkl cache from nasbench301_train.pkl and nasbench301_valid.pkl
2022-01-21 17:31:05,251 root                INFO: Config: {'arch_network_cfg': {'arch_embedder_cfg': {'take_adj_as_input': True, 'gcn_kwargs': {'residual_only': 2}, 'gcn_out_dims': [64, 64, 64, 64, 64], 'hidden_dim': 32, 'node_dim': 32, 'op_dim': 32, 'use_bn': False, 'final_concat': False, 'other_node_zero': False, 'num_time_steps': 2, 'fb_conversion_dims': [64, 64], 'backward_gcn_out_dims': [64, 64, 64, 64, 64], 'updateopemb_method': 'concat_ofb', 'updateopemb_dims': [64], 'share_skip_and_outskip': True, 'detach_vinfo': False, 'updateopemb_scale': 0.1, 'updateopemb_detach_opemb': True, 'updateopemb_detach_finfo': True, 'mask_nonparametrized_ops': True, 'symmetry_breaking_method': 'param_zs_add', 'concat_param_zs_as_opemb_dimension': 5, 'concat_param_zs_as_opemb_scale': 1.0}, 'arch_embedder_type': 'cellss-fbflow-anytime', 'compare_loss_type': 'margin_linear', 'compare_margin': 0.1, 'mlp_dropout': 0.1, 'mlp_hiddens': [200], 'mlp_out_dim': 1, 'optimizer': {'lr': 0.001, 'type': 'Adam'}, 'scheduler': None}, 'arch_network_type': 'pointwise_comparator', 'batch_size': 128, 'choose_pair_criterion': 'random', 'compare': False, 'compare_threshold': 0.0, 'epochs': 200, 'max_compare_ratio': 16.0}
2022-01-21 17:31:09,476 root                INFO: Combined args: Namespace(arch_network_type='pointwise_comparator', batch_size=128, cfg_file='cfgs/nb301_cfgs/tagates_anytime.yaml', choose_pair_criterion='random', compare=False, compare_threshold=0.0, epochs=200, eval_only_last=1, gpu=5, load=None, max_compare_ratio=16.0, num_workers=4, report_freq=200, save_every=200, save_predict=None, seed=202121, test_funcs=None, test_only=False, train_dir='nb301_anytime_tagates/tagates_0.001/12/202121', train_pkl='../mynas/data/nasbench-301/nasbench301_train_mtx_anytime_12.pkl', train_ratio=0.001, valid_pkl='../mynas/data/nasbench-301/nasbench301_valid_mtx_anytime.pkl')
2022-01-21 17:31:09,484 root                INFO: Train dataset ratio: 0.001
2022-01-21 17:31:09,492 root                INFO: Number of architectures: train: 5; valid: 51072
2022-01-21 17:31:23,577 root                INFO: Train: Epoch   1: train loss 0.3368
2022-01-21 17:31:24,271 root                INFO: Train: Epoch   2: train loss 0.3307
2022-01-21 17:31:25,063 root                INFO: Train: Epoch   3: train loss 0.3225
2022-01-21 17:31:25,817 root                INFO: Train: Epoch   4: train loss 0.3147
2022-01-21 17:31:26,614 root                INFO: Train: Epoch   5: train loss 0.3041
2022-01-21 17:31:27,379 root                INFO: Train: Epoch   6: train loss 0.2904
2022-01-21 17:31:28,156 root                INFO: Train: Epoch   7: train loss 0.2724
2022-01-21 17:31:28,921 root                INFO: Train: Epoch   8: train loss 0.2519
2022-01-21 17:31:29,681 root                INFO: Train: Epoch   9: train loss 0.2266
2022-01-21 17:31:30,468 root                INFO: Train: Epoch  10: train loss 0.1908
2022-01-21 17:31:31,250 root                INFO: Train: Epoch  11: train loss 0.1499
2022-01-21 17:31:32,062 root                INFO: Train: Epoch  12: train loss 0.1018
2022-01-21 17:31:32,830 root                INFO: Train: Epoch  13: train loss 0.0622
2022-01-21 17:31:33,670 root                INFO: Train: Epoch  14: train loss 0.0270
2022-01-21 17:31:34,408 root                INFO: Train: Epoch  15: train loss 0.0122
2022-01-21 17:31:35,189 root                INFO: Train: Epoch  16: train loss 0.0059
2022-01-21 17:31:35,961 root                INFO: Train: Epoch  17: train loss 0.0103
2022-01-21 17:31:36,746 root                INFO: Train: Epoch  18: train loss 0.0142
2022-01-21 17:31:37,504 root                INFO: Train: Epoch  19: train loss 0.0169
2022-01-21 17:31:38,293 root                INFO: Train: Epoch  20: train loss 0.0181
2022-01-21 17:31:39,109 root                INFO: Train: Epoch  21: train loss 0.0190
2022-01-21 17:31:39,882 root                INFO: Train: Epoch  22: train loss 0.0194
2022-01-21 17:31:40,671 root                INFO: Train: Epoch  23: train loss 0.0196
2022-01-21 17:31:41,449 root                INFO: Train: Epoch  24: train loss 0.0197
2022-01-21 17:31:42,280 root                INFO: Train: Epoch  25: train loss 0.0197
2022-01-21 17:31:43,021 root                INFO: Train: Epoch  26: train loss 0.0197
2022-01-21 17:31:43,783 root                INFO: Train: Epoch  27: train loss 0.0197
2022-01-21 17:31:44,565 root                INFO: Train: Epoch  28: train loss 0.0198
2022-01-21 17:31:45,391 root                INFO: Train: Epoch  29: train loss 0.0198
2022-01-21 17:31:46,240 root                INFO: Train: Epoch  30: train loss 0.0198
2022-01-21 17:31:47,003 root                INFO: Train: Epoch  31: train loss 0.0198
2022-01-21 17:31:47,804 root                INFO: Train: Epoch  32: train loss 0.0198
2022-01-21 17:31:48,594 root                INFO: Train: Epoch  33: train loss 0.0198
2022-01-21 17:31:49,321 root                INFO: Train: Epoch  34: train loss 0.0198
2022-01-21 17:31:50,125 root                INFO: Train: Epoch  35: train loss 0.0198
2022-01-21 17:31:50,877 root                INFO: Train: Epoch  36: train loss 0.0198
2022-01-21 17:31:51,703 root                INFO: Train: Epoch  37: train loss 0.0198
2022-01-21 17:31:52,491 root                INFO: Train: Epoch  38: train loss 0.0198
2022-01-21 17:31:53,369 root                INFO: Train: Epoch  39: train loss 0.0198
2022-01-21 17:31:54,162 root                INFO: Train: Epoch  40: train loss 0.0198
2022-01-21 17:31:54,945 root                INFO: Train: Epoch  41: train loss 0.0198
2022-01-21 17:31:55,712 root                INFO: Train: Epoch  42: train loss 0.0198
2022-01-21 17:31:56,529 root                INFO: Train: Epoch  43: train loss 0.0198
2022-01-21 17:31:57,299 root                INFO: Train: Epoch  44: train loss 0.0198
2022-01-21 17:31:58,051 root                INFO: Train: Epoch  45: train loss 0.0198
2022-01-21 17:31:58,811 root                INFO: Train: Epoch  46: train loss 0.0198
2022-01-21 17:31:59,606 root                INFO: Train: Epoch  47: train loss 0.0198
2022-01-21 17:32:00,374 root                INFO: Train: Epoch  48: train loss 0.0198
2022-01-21 17:32:01,163 root                INFO: Train: Epoch  49: train loss 0.0198
2022-01-21 17:32:01,925 root                INFO: Train: Epoch  50: train loss 0.0198
2022-01-21 17:32:02,669 root                INFO: Train: Epoch  51: train loss 0.0198
2022-01-21 17:32:03,444 root                INFO: Train: Epoch  52: train loss 0.0198
2022-01-21 17:32:04,221 root                INFO: Train: Epoch  53: train loss 0.0198
2022-01-21 17:32:05,038 root                INFO: Train: Epoch  54: train loss 0.0198
2022-01-21 17:32:05,816 root                INFO: Train: Epoch  55: train loss 0.0198
2022-01-21 17:32:06,519 root                INFO: Train: Epoch  56: train loss 0.0198
2022-01-21 17:32:07,285 root                INFO: Train: Epoch  57: train loss 0.0198
2022-01-21 17:32:08,061 root                INFO: Train: Epoch  58: train loss 0.0198
2022-01-21 17:32:08,834 root                INFO: Train: Epoch  59: train loss 0.0198
2022-01-21 17:32:09,606 root                INFO: Train: Epoch  60: train loss 0.0198
2022-01-21 17:32:10,426 root                INFO: Train: Epoch  61: train loss 0.0198
2022-01-21 17:32:11,201 root                INFO: Train: Epoch  62: train loss 0.0198
2022-01-21 17:32:11,993 root                INFO: Train: Epoch  63: train loss 0.0198
2022-01-21 17:32:12,768 root                INFO: Train: Epoch  64: train loss 0.0198
2022-01-21 17:32:13,579 root                INFO: Train: Epoch  65: train loss 0.0198
2022-01-21 17:32:14,381 root                INFO: Train: Epoch  66: train loss 0.0198
2022-01-21 17:32:15,173 root                INFO: Train: Epoch  67: train loss 0.0198
2022-01-21 17:32:15,932 root                INFO: Train: Epoch  68: train loss 0.0198
2022-01-21 17:32:16,700 root                INFO: Train: Epoch  69: train loss 0.0198
2022-01-21 17:32:17,425 root                INFO: Train: Epoch  70: train loss 0.0198
2022-01-21 17:32:18,211 root                INFO: Train: Epoch  71: train loss 0.0198
2022-01-21 17:32:18,970 root                INFO: Train: Epoch  72: train loss 0.0198
2022-01-21 17:32:19,716 root                INFO: Train: Epoch  73: train loss 0.0198
2022-01-21 17:32:20,574 root                INFO: Train: Epoch  74: train loss 0.0198
2022-01-21 17:32:21,346 root                INFO: Train: Epoch  75: train loss 0.0198
2022-01-21 17:32:22,163 root                INFO: Train: Epoch  76: train loss 0.0198
2022-01-21 17:32:22,935 root                INFO: Train: Epoch  77: train loss 0.0198
2022-01-21 17:32:23,742 root                INFO: Train: Epoch  78: train loss 0.0198
2022-01-21 17:32:24,490 root                INFO: Train: Epoch  79: train loss 0.0198
2022-01-21 17:32:25,327 root                INFO: Train: Epoch  80: train loss 0.0198
2022-01-21 17:32:26,085 root                INFO: Train: Epoch  81: train loss 0.0198
2022-01-21 17:32:26,861 root                INFO: Train: Epoch  82: train loss 0.0198
2022-01-21 17:32:27,627 root                INFO: Train: Epoch  83: train loss 0.0198
2022-01-21 17:32:28,431 root                INFO: Train: Epoch  84: train loss 0.0198
2022-01-21 17:32:29,171 root                INFO: Train: Epoch  85: train loss 0.0198
2022-01-21 17:32:30,001 root                INFO: Train: Epoch  86: train loss 0.0198
2022-01-21 17:32:30,763 root                INFO: Train: Epoch  87: train loss 0.0198
2022-01-21 17:32:31,543 root                INFO: Train: Epoch  88: train loss 0.0198
2022-01-21 17:32:32,274 root                INFO: Train: Epoch  89: train loss 0.0198
2022-01-21 17:32:33,022 root                INFO: Train: Epoch  90: train loss 0.0198
2022-01-21 17:32:33,814 root                INFO: Train: Epoch  91: train loss 0.0198
2022-01-21 17:32:34,601 root                INFO: Train: Epoch  92: train loss 0.0198
2022-01-21 17:32:35,382 root                INFO: Train: Epoch  93: train loss 0.0198
2022-01-21 17:32:36,207 root                INFO: Train: Epoch  94: train loss 0.0198
2022-01-21 17:32:36,953 root                INFO: Train: Epoch  95: train loss 0.0198
2022-01-21 17:32:37,804 root                INFO: Train: Epoch  96: train loss 0.0198
2022-01-21 17:32:38,576 root                INFO: Train: Epoch  97: train loss 0.0198
2022-01-21 17:32:39,370 root                INFO: Train: Epoch  98: train loss 0.0198
2022-01-21 17:32:40,174 root                INFO: Train: Epoch  99: train loss 0.0198
2022-01-21 17:32:40,987 root                INFO: Train: Epoch 100: train loss 0.0198
2022-01-21 17:32:41,755 root                INFO: Train: Epoch 101: train loss 0.0198
2022-01-21 17:32:42,556 root                INFO: Train: Epoch 102: train loss 0.0198
2022-01-21 17:32:43,307 root                INFO: Train: Epoch 103: train loss 0.0198
2022-01-21 17:32:44,120 root                INFO: Train: Epoch 104: train loss 0.0198
2022-01-21 17:32:44,898 root                INFO: Train: Epoch 105: train loss 0.0198
2022-01-21 17:32:45,692 root                INFO: Train: Epoch 106: train loss 0.0198
2022-01-21 17:32:46,447 root                INFO: Train: Epoch 107: train loss 0.0198
2022-01-21 17:32:47,275 root                INFO: Train: Epoch 108: train loss 0.0198
2022-01-21 17:32:48,030 root                INFO: Train: Epoch 109: train loss 0.0198
2022-01-21 17:32:48,865 root                INFO: Train: Epoch 110: train loss 0.0198
2022-01-21 17:32:49,640 root                INFO: Train: Epoch 111: train loss 0.0198
2022-01-21 17:32:50,509 root                INFO: Train: Epoch 112: train loss 0.0198
2022-01-21 17:32:51,305 root                INFO: Train: Epoch 113: train loss 0.0198
2022-01-21 17:32:52,128 root                INFO: Train: Epoch 114: train loss 0.0198
2022-01-21 17:32:52,866 root                INFO: Train: Epoch 115: train loss 0.0198
2022-01-21 17:32:53,669 root                INFO: Train: Epoch 116: train loss 0.0198
2022-01-21 17:32:54,443 root                INFO: Train: Epoch 117: train loss 0.0198
2022-01-21 17:32:55,208 root                INFO: Train: Epoch 118: train loss 0.0198
2022-01-21 17:32:55,931 root                INFO: Train: Epoch 119: train loss 0.0198
2022-01-21 17:32:56,729 root                INFO: Train: Epoch 120: train loss 0.0198
2022-01-21 17:32:57,452 root                INFO: Train: Epoch 121: train loss 0.0198
2022-01-21 17:32:58,242 root                INFO: Train: Epoch 122: train loss 0.0198
2022-01-21 17:32:58,979 root                INFO: Train: Epoch 123: train loss 0.0198
2022-01-21 17:32:59,702 root                INFO: Train: Epoch 124: train loss 0.0198
2022-01-21 17:33:00,393 root                INFO: Train: Epoch 125: train loss 0.0198
2022-01-21 17:33:01,125 root                INFO: Train: Epoch 126: train loss 0.0198
2022-01-21 17:33:01,807 root                INFO: Train: Epoch 127: train loss 0.0198
2022-01-21 17:33:02,484 root                INFO: Train: Epoch 128: train loss 0.0198
2022-01-21 17:33:03,161 root                INFO: Train: Epoch 129: train loss 0.0198
2022-01-21 17:33:03,891 root                INFO: Train: Epoch 130: train loss 0.0198
2022-01-21 17:33:04,538 root                INFO: Train: Epoch 131: train loss 0.0198
2022-01-21 17:33:05,218 root                INFO: Train: Epoch 132: train loss 0.0198
2022-01-21 17:33:05,872 root                INFO: Train: Epoch 133: train loss 0.0198
2022-01-21 17:33:06,509 root                INFO: Train: Epoch 134: train loss 0.0198
2022-01-21 17:33:07,103 root                INFO: Train: Epoch 135: train loss 0.0198
2022-01-21 17:33:07,706 root                INFO: Train: Epoch 136: train loss 0.0198
2022-01-21 17:33:08,264 root                INFO: Train: Epoch 137: train loss 0.0198
2022-01-21 17:33:08,809 root                INFO: Train: Epoch 138: train loss 0.0198
2022-01-21 17:33:09,338 root                INFO: Train: Epoch 139: train loss 0.0198
2022-01-21 17:33:09,847 root                INFO: Train: Epoch 140: train loss 0.0198
2022-01-21 17:33:10,349 root                INFO: Train: Epoch 141: train loss 0.0198
2022-01-21 17:33:10,874 root                INFO: Train: Epoch 142: train loss 0.0198
2022-01-21 17:33:11,383 root                INFO: Train: Epoch 143: train loss 0.0198
2022-01-21 17:33:11,895 root                INFO: Train: Epoch 144: train loss 0.0198
2022-01-21 17:33:12,433 root                INFO: Train: Epoch 145: train loss 0.0198
2022-01-21 17:33:12,941 root                INFO: Train: Epoch 146: train loss 0.0198
2022-01-21 17:33:13,464 root                INFO: Train: Epoch 147: train loss 0.0198
2022-01-21 17:33:14,024 root                INFO: Train: Epoch 148: train loss 0.0198
2022-01-21 17:33:14,537 root                INFO: Train: Epoch 149: train loss 0.0198
2022-01-21 17:33:15,054 root                INFO: Train: Epoch 150: train loss 0.0198
2022-01-21 17:33:15,602 root                INFO: Train: Epoch 151: train loss 0.0198
2022-01-21 17:33:16,160 root                INFO: Train: Epoch 152: train loss 0.0198
2022-01-21 17:33:16,721 root                INFO: Train: Epoch 153: train loss 0.0198
2022-01-21 17:33:17,231 root                INFO: Train: Epoch 154: train loss 0.0198
2022-01-21 17:33:17,752 root                INFO: Train: Epoch 155: train loss 0.0198
2022-01-21 17:33:18,279 root                INFO: Train: Epoch 156: train loss 0.0198
2022-01-21 17:33:18,799 root                INFO: Train: Epoch 157: train loss 0.0198
2022-01-21 17:33:19,339 root                INFO: Train: Epoch 158: train loss 0.0198
2022-01-21 17:33:19,879 root                INFO: Train: Epoch 159: train loss 0.0198
2022-01-21 17:33:20,437 root                INFO: Train: Epoch 160: train loss 0.0198
2022-01-21 17:33:21,004 root                INFO: Train: Epoch 161: train loss 0.0198
2022-01-21 17:33:21,599 root                INFO: Train: Epoch 162: train loss 0.0198
2022-01-21 17:33:22,161 root                INFO: Train: Epoch 163: train loss 0.0198
2022-01-21 17:33:22,697 root                INFO: Train: Epoch 164: train loss 0.0198
2022-01-21 17:33:23,211 root                INFO: Train: Epoch 165: train loss 0.0198
2022-01-21 17:33:23,739 root                INFO: Train: Epoch 166: train loss 0.0198
2022-01-21 17:33:24,308 root                INFO: Train: Epoch 167: train loss 0.0198
2022-01-21 17:33:24,829 root                INFO: Train: Epoch 168: train loss 0.0198
2022-01-21 17:33:25,404 root                INFO: Train: Epoch 169: train loss 0.0198
2022-01-21 17:33:25,962 root                INFO: Train: Epoch 170: train loss 0.0198
2022-01-21 17:33:26,537 root                INFO: Train: Epoch 171: train loss 0.0198
2022-01-21 17:33:27,091 root                INFO: Train: Epoch 172: train loss 0.0198
2022-01-21 17:33:27,648 root                INFO: Train: Epoch 173: train loss 0.0198
2022-01-21 17:33:28,168 root                INFO: Train: Epoch 174: train loss 0.0198
2022-01-21 17:33:28,725 root                INFO: Train: Epoch 175: train loss 0.0198
2022-01-21 17:33:29,263 root                INFO: Train: Epoch 176: train loss 0.0198
2022-01-21 17:33:29,820 root                INFO: Train: Epoch 177: train loss 0.0198
2022-01-21 17:33:30,400 root                INFO: Train: Epoch 178: train loss 0.0198
2022-01-21 17:33:30,948 root                INFO: Train: Epoch 179: train loss 0.0198
2022-01-21 17:33:31,459 root                INFO: Train: Epoch 180: train loss 0.0198
2022-01-21 17:33:32,017 root                INFO: Train: Epoch 181: train loss 0.0198
2022-01-21 17:33:32,540 root                INFO: Train: Epoch 182: train loss 0.0198
2022-01-21 17:33:33,192 root                INFO: Train: Epoch 183: train loss 0.0198
2022-01-21 17:33:33,853 root                INFO: Train: Epoch 184: train loss 0.0198
2022-01-21 17:33:34,516 root                INFO: Train: Epoch 185: train loss 0.0198
2022-01-21 17:33:35,187 root                INFO: Train: Epoch 186: train loss 0.0198
2022-01-21 17:33:36,022 root                INFO: Train: Epoch 187: train loss 0.0198
2022-01-21 17:33:36,737 root                INFO: Train: Epoch 188: train loss 0.0198
2022-01-21 17:33:37,502 root                INFO: Train: Epoch 189: train loss 0.0198
2022-01-21 17:33:38,189 root                INFO: Train: Epoch 190: train loss 0.0198
2022-01-21 17:33:38,949 root                INFO: Train: Epoch 191: train loss 0.0198
2022-01-21 17:33:39,665 root                INFO: Train: Epoch 192: train loss 0.0198
2022-01-21 17:33:40,344 root                INFO: Train: Epoch 193: train loss 0.0198
2022-01-21 17:33:41,063 root                INFO: Train: Epoch 194: train loss 0.0198
2022-01-21 17:33:41,756 root                INFO: Train: Epoch 195: train loss 0.0198
2022-01-21 17:33:42,424 root                INFO: Train: Epoch 196: train loss 0.0198
2022-01-21 17:33:43,109 root                INFO: Train: Epoch 197: train loss 0.0198
2022-01-21 17:33:43,786 root                INFO: Train: Epoch 198: train loss 0.0198
2022-01-21 17:33:44,478 root                INFO: Train: Epoch 199: train loss 0.0198
2022-01-21 17:33:45,154 root                INFO: Train: Epoch 200: train loss 0.0198
2022-01-21 17:33:59,690 root                INFO: Valid: Epoch 200: kendall tau 0.1339 0.1188; loss 0.01372 0.004756
2022-01-21 17:33:59,697 root                INFO: Epoch 200: Save checkpoint to nb301_anytime_tagates/tagates_0.001/12/202121/200.ckpt
2022-01-21 17:34:14,112 root                INFO: [0.0, 0.0, 0.0, 0.045436741088915, 0.15057763853534364, 0.6293859649122807, 1.0]
2022-01-21 17:34:14,113 root                INFO: [0.0, 0.0, 0.0, 0.07128867998433217, 0.1750538476600744, 0.630795739348371, 1.0]
2022-01-21 17:34:14,113 root                INFO: [15915, 15915]
2022-01-21 17:34:14,113 root                INFO: [16053, 1016]
2022-01-21 22:05:31,008 root                INFO: GPU device = 5
2022-01-21 22:05:31,008 root                INFO: Load pkl cache from nasbench301_train.pkl and nasbench301_valid.pkl
2022-01-21 22:05:31,644 root                INFO: Config: {'arch_network_cfg': {'arch_embedder_cfg': {'take_adj_as_input': True, 'gcn_kwargs': {'residual_only': 2}, 'gcn_out_dims': [64, 64, 64, 64, 64], 'hidden_dim': 32, 'node_dim': 32, 'op_dim': 32, 'use_bn': False, 'final_concat': False, 'other_node_zero': False, 'num_time_steps': 2, 'fb_conversion_dims': [64, 64], 'backward_gcn_out_dims': [64, 64, 64, 64, 64], 'updateopemb_method': 'concat_ofb', 'updateopemb_dims': [64], 'share_skip_and_outskip': True, 'detach_vinfo': False, 'updateopemb_scale': 0.1, 'updateopemb_detach_opemb': True, 'updateopemb_detach_finfo': True, 'mask_nonparametrized_ops': True, 'symmetry_breaking_method': 'param_zs_add', 'concat_param_zs_as_opemb_dimension': 5, 'concat_param_zs_as_opemb_scale': 1.0}, 'arch_embedder_type': 'cellss-fbflow-anytime', 'compare_loss_type': 'margin_linear', 'compare_margin': 0.1, 'mlp_dropout': 0.1, 'mlp_hiddens': [200], 'mlp_out_dim': 1, 'optimizer': {'lr': 0.0001, 'type': 'Adam'}, 'scheduler': None}, 'arch_network_type': 'pointwise_comparator', 'batch_size': 128, 'choose_pair_criterion': 'random', 'compare': False, 'compare_threshold': 0.0, 'epochs': 200, 'max_compare_ratio': 16.0}
2022-01-21 22:05:35,724 root                INFO: Combined args: Namespace(arch_network_type='pointwise_comparator', batch_size=128, cfg_file='cfgs/nb301_cfgs/tagates_anytime.yaml', choose_pair_criterion='random', compare=False, compare_threshold=0.0, epochs=200, eval_only_last=1, gpu=5, load=None, max_compare_ratio=16.0, num_workers=4, report_freq=200, save_every=200, save_predict=None, seed=202121, test_funcs=None, test_only=False, train_dir='nb301_anytime_tagates/tagates_0.001/12/202121', train_pkl='../mynas/data/nasbench-301/nasbench301_train_mtx_anytime_12.pkl', train_ratio=0.001, valid_pkl='../mynas/data/nasbench-301/nasbench301_valid_mtx_anytime.pkl')
2022-01-21 22:05:35,735 root                INFO: Train dataset ratio: 0.001
2022-01-21 22:05:35,736 root                INFO: Number of architectures: train: 5; valid: 51072
2022-01-21 22:05:49,280 root                INFO: Train: Epoch   1: train loss 0.3368
2022-01-21 22:05:49,830 root                INFO: Train: Epoch   2: train loss 0.3375
2022-01-21 22:05:50,401 root                INFO: Train: Epoch   3: train loss 0.3354
2022-01-21 22:05:51,022 root                INFO: Train: Epoch   4: train loss 0.3360
2022-01-21 22:05:52,044 root                INFO: Train: Epoch   5: train loss 0.3357
2022-01-21 22:05:53,321 root                INFO: Train: Epoch   6: train loss 0.3345
2022-01-21 22:05:54,521 root                INFO: Train: Epoch   7: train loss 0.3339
2022-01-21 22:05:55,859 root                INFO: Train: Epoch   8: train loss 0.3333
2022-01-21 22:05:57,191 root                INFO: Train: Epoch   9: train loss 0.3345
2022-01-21 22:05:58,555 root                INFO: Train: Epoch  10: train loss 0.3324
2022-01-21 22:05:59,922 root                INFO: Train: Epoch  11: train loss 0.3293
2022-01-21 22:06:01,103 root                INFO: Train: Epoch  12: train loss 0.3293
2022-01-21 22:06:01,803 root                INFO: Train: Epoch  13: train loss 0.3281
2022-01-21 22:06:02,707 root                INFO: Train: Epoch  14: train loss 0.3277
2022-01-21 22:06:03,513 root                INFO: Train: Epoch  15: train loss 0.3291
2022-01-21 22:06:04,411 root                INFO: Train: Epoch  16: train loss 0.3283
2022-01-21 22:06:05,385 root                INFO: Train: Epoch  17: train loss 0.3254
2022-01-21 22:06:06,239 root                INFO: Train: Epoch  18: train loss 0.3249
2022-01-21 22:06:07,087 root                INFO: Train: Epoch  19: train loss 0.3232
2022-01-21 22:06:07,866 root                INFO: Train: Epoch  20: train loss 0.3234
2022-01-21 22:06:08,545 root                INFO: Train: Epoch  21: train loss 0.3219
2022-01-21 22:06:09,359 root                INFO: Train: Epoch  22: train loss 0.3212
2022-01-21 22:06:10,064 root                INFO: Train: Epoch  23: train loss 0.3193
2022-01-21 22:06:10,935 root                INFO: Train: Epoch  24: train loss 0.3217
2022-01-21 22:06:11,702 root                INFO: Train: Epoch  25: train loss 0.3170
2022-01-21 22:06:12,465 root                INFO: Train: Epoch  26: train loss 0.3177
2022-01-21 22:06:13,356 root                INFO: Train: Epoch  27: train loss 0.3164
2022-01-21 22:06:14,095 root                INFO: Train: Epoch  28: train loss 0.3113
2022-01-21 22:06:14,688 root                INFO: Train: Epoch  29: train loss 0.3115
2022-01-21 22:06:15,696 root                INFO: Train: Epoch  30: train loss 0.3116
2022-01-21 22:06:16,789 root                INFO: Train: Epoch  31: train loss 0.3112
2022-01-21 22:06:17,971 root                INFO: Train: Epoch  32: train loss 0.3091
2022-01-21 22:06:19,252 root                INFO: Train: Epoch  33: train loss 0.3056
2022-01-21 22:06:20,408 root                INFO: Train: Epoch  34: train loss 0.3029
2022-01-21 22:06:21,565 root                INFO: Train: Epoch  35: train loss 0.3040
2022-01-21 22:06:22,820 root                INFO: Train: Epoch  36: train loss 0.2997
2022-01-21 22:06:23,979 root                INFO: Train: Epoch  37: train loss 0.2991
2022-01-21 22:06:25,153 root                INFO: Train: Epoch  38: train loss 0.2961
2022-01-21 22:06:26,402 root                INFO: Train: Epoch  39: train loss 0.2915
2022-01-21 22:06:27,645 root                INFO: Train: Epoch  40: train loss 0.2905
2022-01-21 22:06:28,798 root                INFO: Train: Epoch  41: train loss 0.2886
2022-01-21 22:06:29,987 root                INFO: Train: Epoch  42: train loss 0.2857
2022-01-21 22:06:31,528 root                INFO: Train: Epoch  43: train loss 0.2824
2022-01-21 22:06:32,867 root                INFO: Train: Epoch  44: train loss 0.2825
2022-01-21 22:06:34,089 root                INFO: Train: Epoch  45: train loss 0.2742
2022-01-21 22:06:35,289 root                INFO: Train: Epoch  46: train loss 0.2721
2022-01-21 22:06:36,570 root                INFO: Train: Epoch  47: train loss 0.2690
2022-01-21 22:06:37,793 root                INFO: Train: Epoch  48: train loss 0.2675
2022-01-21 22:06:38,947 root                INFO: Train: Epoch  49: train loss 0.2681
2022-01-21 22:06:40,144 root                INFO: Train: Epoch  50: train loss 0.2576
2022-01-21 22:06:41,182 root                INFO: Train: Epoch  51: train loss 0.2516
2022-01-21 22:06:42,300 root                INFO: Train: Epoch  52: train loss 0.2517
2022-01-21 22:06:43,469 root                INFO: Train: Epoch  53: train loss 0.2443
2022-01-21 22:06:44,677 root                INFO: Train: Epoch  54: train loss 0.2425
2022-01-21 22:06:45,775 root                INFO: Train: Epoch  55: train loss 0.2335
2022-01-21 22:06:46,765 root                INFO: Train: Epoch  56: train loss 0.2292
2022-01-21 22:06:47,874 root                INFO: Train: Epoch  57: train loss 0.2241
2022-01-21 22:06:48,967 root                INFO: Train: Epoch  58: train loss 0.2167
2022-01-21 22:06:50,079 root                INFO: Train: Epoch  59: train loss 0.2116
2022-01-21 22:06:51,219 root                INFO: Train: Epoch  60: train loss 0.2071
2022-01-21 22:06:52,402 root                INFO: Train: Epoch  61: train loss 0.1977
2022-01-21 22:06:53,438 root                INFO: Train: Epoch  62: train loss 0.1928
2022-01-21 22:06:54,502 root                INFO: Train: Epoch  63: train loss 0.1856
2022-01-21 22:06:55,701 root                INFO: Train: Epoch  64: train loss 0.1811
2022-01-21 22:06:56,444 root                INFO: Train: Epoch  65: train loss 0.1679
2022-01-21 22:06:57,017 root                INFO: Train: Epoch  66: train loss 0.1596
2022-01-21 22:06:57,697 root                INFO: Train: Epoch  67: train loss 0.1547
2022-01-21 22:06:58,811 root                INFO: Train: Epoch  68: train loss 0.1483
2022-01-21 22:06:59,608 root                INFO: Train: Epoch  69: train loss 0.1389
2022-01-21 22:07:00,267 root                INFO: Train: Epoch  70: train loss 0.1316
2022-01-21 22:07:00,859 root                INFO: Train: Epoch  71: train loss 0.1211
2022-01-21 22:07:01,536 root                INFO: Train: Epoch  72: train loss 0.1125
2022-01-21 22:07:02,125 root                INFO: Train: Epoch  73: train loss 0.1060
2022-01-21 22:07:02,907 root                INFO: Train: Epoch  74: train loss 0.0978
2022-01-21 22:07:03,569 root                INFO: Train: Epoch  75: train loss 0.0862
2022-01-21 22:07:04,294 root                INFO: Train: Epoch  76: train loss 0.0817
2022-01-21 22:07:04,932 root                INFO: Train: Epoch  77: train loss 0.0715
2022-01-21 22:07:05,511 root                INFO: Train: Epoch  78: train loss 0.0669
2022-01-21 22:07:06,295 root                INFO: Train: Epoch  79: train loss 0.0600
2022-01-21 22:07:06,964 root                INFO: Train: Epoch  80: train loss 0.0545
2022-01-21 22:07:07,751 root                INFO: Train: Epoch  81: train loss 0.0440
2022-01-21 22:07:08,454 root                INFO: Train: Epoch  82: train loss 0.0404
2022-01-21 22:07:09,093 root                INFO: Train: Epoch  83: train loss 0.0331
2022-01-21 22:07:09,688 root                INFO: Train: Epoch  84: train loss 0.0324
2022-01-21 22:07:10,312 root                INFO: Train: Epoch  85: train loss 0.0269
2022-01-21 22:07:10,969 root                INFO: Train: Epoch  86: train loss 0.0220
2022-01-21 22:07:11,673 root                INFO: Train: Epoch  87: train loss 0.0168
2022-01-21 22:07:12,271 root                INFO: Train: Epoch  88: train loss 0.0175
2022-01-21 22:07:12,962 root                INFO: Train: Epoch  89: train loss 0.0108
2022-01-21 22:07:13,635 root                INFO: Train: Epoch  90: train loss 0.0138
2022-01-21 22:07:14,296 root                INFO: Train: Epoch  91: train loss 0.0084
2022-01-21 22:07:15,026 root                INFO: Train: Epoch  92: train loss 0.0082
2022-01-21 22:07:15,741 root                INFO: Train: Epoch  93: train loss 0.0065
2022-01-21 22:07:16,299 root                INFO: Train: Epoch  94: train loss 0.0061
2022-01-21 22:07:16,937 root                INFO: Train: Epoch  95: train loss 0.0048
2022-01-21 22:07:17,482 root                INFO: Train: Epoch  96: train loss 0.0055
2022-01-21 22:07:18,032 root                INFO: Train: Epoch  97: train loss 0.0054
2022-01-21 22:07:18,648 root                INFO: Train: Epoch  98: train loss 0.0055
2022-01-21 22:07:19,269 root                INFO: Train: Epoch  99: train loss 0.0037
2022-01-21 22:07:19,868 root                INFO: Train: Epoch 100: train loss 0.0035
2022-01-21 22:07:20,579 root                INFO: Train: Epoch 101: train loss 0.0044
2022-01-21 22:07:21,174 root                INFO: Train: Epoch 102: train loss 0.0044
2022-01-21 22:07:21,670 root                INFO: Train: Epoch 103: train loss 0.0045
2022-01-21 22:07:22,256 root                INFO: Train: Epoch 104: train loss 0.0037
2022-01-21 22:07:22,836 root                INFO: Train: Epoch 105: train loss 0.0044
2022-01-21 22:07:23,448 root                INFO: Train: Epoch 106: train loss 0.0039
2022-01-21 22:07:23,948 root                INFO: Train: Epoch 107: train loss 0.0040
2022-01-21 22:07:24,460 root                INFO: Train: Epoch 108: train loss 0.0038
2022-01-21 22:07:24,993 root                INFO: Train: Epoch 109: train loss 0.0035
2022-01-21 22:07:25,478 root                INFO: Train: Epoch 110: train loss 0.0038
2022-01-21 22:07:25,999 root                INFO: Train: Epoch 111: train loss 0.0040
2022-01-21 22:07:26,639 root                INFO: Train: Epoch 112: train loss 0.0037
2022-01-21 22:07:27,196 root                INFO: Train: Epoch 113: train loss 0.0038
2022-01-21 22:07:27,823 root                INFO: Train: Epoch 114: train loss 0.0037
2022-01-21 22:07:28,486 root                INFO: Train: Epoch 115: train loss 0.0037
2022-01-21 22:07:29,005 root                INFO: Train: Epoch 116: train loss 0.0039
2022-01-21 22:07:29,581 root                INFO: Train: Epoch 117: train loss 0.0041
2022-01-21 22:07:30,104 root                INFO: Train: Epoch 118: train loss 0.0027
2022-01-21 22:07:30,630 root                INFO: Train: Epoch 119: train loss 0.0031
2022-01-21 22:07:31,129 root                INFO: Train: Epoch 120: train loss 0.0029
2022-01-21 22:07:31,639 root                INFO: Train: Epoch 121: train loss 0.0028
2022-01-21 22:07:32,239 root                INFO: Train: Epoch 122: train loss 0.0030
2022-01-21 22:07:32,790 root                INFO: Train: Epoch 123: train loss 0.0025
2022-01-21 22:07:33,316 root                INFO: Train: Epoch 124: train loss 0.0030
2022-01-21 22:07:33,821 root                INFO: Train: Epoch 125: train loss 0.0029
2022-01-21 22:07:34,601 root                INFO: Train: Epoch 126: train loss 0.0019
2022-01-21 22:07:35,330 root                INFO: Train: Epoch 127: train loss 0.0016
2022-01-21 22:07:35,877 root                INFO: Train: Epoch 128: train loss 0.0017
2022-01-21 22:07:36,464 root                INFO: Train: Epoch 129: train loss 0.0023
2022-01-21 22:07:37,006 root                INFO: Train: Epoch 130: train loss 0.0017
2022-01-21 22:07:37,539 root                INFO: Train: Epoch 131: train loss 0.0016
2022-01-21 22:07:38,054 root                INFO: Train: Epoch 132: train loss 0.0014
2022-01-21 22:07:38,664 root                INFO: Train: Epoch 133: train loss 0.0009
2022-01-21 22:07:39,289 root                INFO: Train: Epoch 134: train loss 0.0015
2022-01-21 22:07:39,839 root                INFO: Train: Epoch 135: train loss 0.0011
2022-01-21 22:07:40,375 root                INFO: Train: Epoch 136: train loss 0.0014
2022-01-21 22:07:40,888 root                INFO: Train: Epoch 137: train loss 0.0011
2022-01-21 22:07:41,571 root                INFO: Train: Epoch 138: train loss 0.0010
2022-01-21 22:07:42,456 root                INFO: Train: Epoch 139: train loss 0.0008
2022-01-21 22:07:43,180 root                INFO: Train: Epoch 140: train loss 0.0011
2022-01-21 22:07:44,114 root                INFO: Train: Epoch 141: train loss 0.0014
2022-01-21 22:07:44,880 root                INFO: Train: Epoch 142: train loss 0.0012
2022-01-21 22:07:45,455 root                INFO: Train: Epoch 143: train loss 0.0012
2022-01-21 22:07:46,043 root                INFO: Train: Epoch 144: train loss 0.0007
2022-01-21 22:07:46,675 root                INFO: Train: Epoch 145: train loss 0.0009
2022-01-21 22:07:47,245 root                INFO: Train: Epoch 146: train loss 0.0010
2022-01-21 22:07:47,822 root                INFO: Train: Epoch 147: train loss 0.0003
2022-01-21 22:07:48,447 root                INFO: Train: Epoch 148: train loss 0.0005
2022-01-21 22:07:48,951 root                INFO: Train: Epoch 149: train loss 0.0009
2022-01-21 22:07:49,479 root                INFO: Train: Epoch 150: train loss 0.0008
2022-01-21 22:07:50,062 root                INFO: Train: Epoch 151: train loss 0.0004
2022-01-21 22:07:50,623 root                INFO: Train: Epoch 152: train loss 0.0013
2022-01-21 22:07:51,220 root                INFO: Train: Epoch 153: train loss 0.0008
2022-01-21 22:07:51,784 root                INFO: Train: Epoch 154: train loss 0.0008
2022-01-21 22:07:52,410 root                INFO: Train: Epoch 155: train loss 0.0006
2022-01-21 22:07:52,991 root                INFO: Train: Epoch 156: train loss 0.0006
2022-01-21 22:07:53,602 root                INFO: Train: Epoch 157: train loss 0.0009
2022-01-21 22:07:54,191 root                INFO: Train: Epoch 158: train loss 0.0011
2022-01-21 22:07:54,834 root                INFO: Train: Epoch 159: train loss 0.0005
2022-01-21 22:07:55,579 root                INFO: Train: Epoch 160: train loss 0.0008
2022-01-21 22:07:56,452 root                INFO: Train: Epoch 161: train loss 0.0004
2022-01-21 22:07:57,404 root                INFO: Train: Epoch 162: train loss 0.0009
2022-01-21 22:07:58,400 root                INFO: Train: Epoch 163: train loss 0.0007
2022-01-21 22:07:59,060 root                INFO: Train: Epoch 164: train loss 0.0007
2022-01-21 22:07:59,678 root                INFO: Train: Epoch 165: train loss 0.0010
2022-01-21 22:08:00,243 root                INFO: Train: Epoch 166: train loss 0.0005
2022-01-21 22:08:00,779 root                INFO: Train: Epoch 167: train loss 0.0012
2022-01-21 22:08:01,341 root                INFO: Train: Epoch 168: train loss 0.0007
2022-01-21 22:08:01,923 root                INFO: Train: Epoch 169: train loss 0.0007
2022-01-21 22:08:02,480 root                INFO: Train: Epoch 170: train loss 0.0006
2022-01-21 22:08:02,982 root                INFO: Train: Epoch 171: train loss 0.0004
2022-01-21 22:08:03,664 root                INFO: Train: Epoch 172: train loss 0.0008
2022-01-21 22:08:04,142 root                INFO: Train: Epoch 173: train loss 0.0006
2022-01-21 22:08:04,680 root                INFO: Train: Epoch 174: train loss 0.0009
2022-01-21 22:08:05,122 root                INFO: Train: Epoch 175: train loss 0.0006
2022-01-21 22:08:05,611 root                INFO: Train: Epoch 176: train loss 0.0007
2022-01-21 22:08:06,126 root                INFO: Train: Epoch 177: train loss 0.0004
2022-01-21 22:08:06,559 root                INFO: Train: Epoch 178: train loss 0.0005
2022-01-21 22:08:07,049 root                INFO: Train: Epoch 179: train loss 0.0006
2022-01-21 22:08:07,537 root                INFO: Train: Epoch 180: train loss 0.0008
2022-01-21 22:08:07,987 root                INFO: Train: Epoch 181: train loss 0.0009
2022-01-21 22:08:08,504 root                INFO: Train: Epoch 182: train loss 0.0008
2022-01-21 22:08:08,938 root                INFO: Train: Epoch 183: train loss 0.0007
2022-01-21 22:08:09,381 root                INFO: Train: Epoch 184: train loss 0.0004
2022-01-21 22:08:09,784 root                INFO: Train: Epoch 185: train loss 0.0008
2022-01-21 22:08:10,248 root                INFO: Train: Epoch 186: train loss 0.0007
2022-01-21 22:08:10,692 root                INFO: Train: Epoch 187: train loss 0.0007
2022-01-21 22:08:11,127 root                INFO: Train: Epoch 188: train loss 0.0010
2022-01-21 22:08:11,617 root                INFO: Train: Epoch 189: train loss 0.0005
2022-01-21 22:08:12,088 root                INFO: Train: Epoch 190: train loss 0.0008
2022-01-21 22:08:12,517 root                INFO: Train: Epoch 191: train loss 0.0005
2022-01-21 22:08:12,929 root                INFO: Train: Epoch 192: train loss 0.0007
2022-01-21 22:08:13,393 root                INFO: Train: Epoch 193: train loss 0.0010
2022-01-21 22:08:13,786 root                INFO: Train: Epoch 194: train loss 0.0006
2022-01-21 22:08:14,223 root                INFO: Train: Epoch 195: train loss 0.0007
2022-01-21 22:08:14,733 root                INFO: Train: Epoch 196: train loss 0.0005
2022-01-21 22:08:15,131 root                INFO: Train: Epoch 197: train loss 0.0003
2022-01-21 22:08:15,578 root                INFO: Train: Epoch 198: train loss 0.0003
2022-01-21 22:08:16,041 root                INFO: Train: Epoch 199: train loss 0.0006
2022-01-21 22:08:16,460 root                INFO: Train: Epoch 200: train loss 0.0009
2022-01-21 22:08:30,922 root                INFO: Valid: Epoch 200: kendall tau 0.1820 0.1505; loss 0.0004692 0.0002834
2022-01-21 22:08:30,929 root                INFO: Epoch 200: Save checkpoint to nb301_anytime_tagates/tagates_0.001/12/202121/200.ckpt
2022-01-21 22:08:45,830 root                INFO: [0.0, 0.0, 0.0, 0.020368194281237758, 0.08654787546504797, 0.6042841478696742, 1.0]
2022-01-21 22:08:45,830 root                INFO: [0.0, 0.0, 0.0, 0.013709361535448493, 0.06070099862933229, 0.583999060150376, 1.0]
2022-01-21 22:08:45,830 root                INFO: [4716, 4051]
2022-01-21 22:08:45,830 root                INFO: [4650, 4650]
