2022-01-21 17:33:27,204 root                INFO: GPU device = 1
2022-01-21 17:33:27,205 root                INFO: Load pkl cache from nasbench301_train.pkl and nasbench301_valid.pkl
2022-01-21 17:33:27,768 root                INFO: Config: {'arch_network_cfg': {'arch_embedder_cfg': {'take_adj_as_input': True, 'gcn_kwargs': {'residual_only': 2}, 'gcn_out_dims': [64, 64, 64, 64, 64], 'hidden_dim': 32, 'node_dim': 32, 'op_dim': 32, 'use_bn': False, 'final_concat': False, 'other_node_zero': False, 'num_time_steps': 2, 'fb_conversion_dims': [64, 64], 'backward_gcn_out_dims': [64, 64, 64, 64, 64], 'updateopemb_method': 'concat_ofb', 'updateopemb_dims': [64], 'share_skip_and_outskip': True, 'detach_vinfo': False, 'updateopemb_scale': 0.1, 'updateopemb_detach_opemb': True, 'updateopemb_detach_finfo': True, 'mask_nonparametrized_ops': True, 'symmetry_breaking_method': 'param_zs_add', 'concat_param_zs_as_opemb_dimension': 5, 'concat_param_zs_as_opemb_scale': 1.0}, 'arch_embedder_type': 'cellss-fbflow-anytime', 'compare_loss_type': 'margin_linear', 'compare_margin': 0.1, 'mlp_dropout': 0.1, 'mlp_hiddens': [200], 'mlp_out_dim': 1, 'optimizer': {'lr': 0.001, 'type': 'Adam'}, 'scheduler': None}, 'arch_network_type': 'pointwise_comparator', 'batch_size': 128, 'choose_pair_criterion': 'random', 'compare': False, 'compare_threshold': 0.0, 'epochs': 200, 'max_compare_ratio': 16.0}
2022-01-21 17:33:31,373 root                INFO: Combined args: Namespace(arch_network_type='pointwise_comparator', batch_size=128, cfg_file='cfgs/nb301_cfgs/tagates_anytime.yaml', choose_pair_criterion='random', compare=False, compare_threshold=0.0, epochs=200, eval_only_last=1, gpu=1, load=None, max_compare_ratio=16.0, num_workers=4, report_freq=200, save_every=200, save_predict=None, seed=21, test_funcs=None, test_only=False, train_dir='nb301_anytime_tagates/tagates_0.005/1/21', train_pkl='../mynas/data/nasbench-301/nasbench301_train_mtx_anytime_1.pkl', train_ratio=0.005, valid_pkl='../mynas/data/nasbench-301/nasbench301_valid_mtx_anytime.pkl')
2022-01-21 17:33:31,381 root                INFO: Train dataset ratio: 0.005
2022-01-21 17:33:31,382 root                INFO: Number of architectures: train: 29; valid: 51072
2022-01-21 17:33:44,677 root                INFO: Train: Epoch   1: train loss 0.3324
2022-01-21 17:33:45,164 root                INFO: Train: Epoch   2: train loss 0.3199
2022-01-21 17:33:45,656 root                INFO: Train: Epoch   3: train loss 0.3078
2022-01-21 17:33:46,168 root                INFO: Train: Epoch   4: train loss 0.2924
2022-01-21 17:33:46,655 root                INFO: Train: Epoch   5: train loss 0.2747
2022-01-21 17:33:47,145 root                INFO: Train: Epoch   6: train loss 0.2528
2022-01-21 17:33:47,662 root                INFO: Train: Epoch   7: train loss 0.2262
2022-01-21 17:33:48,189 root                INFO: Train: Epoch   8: train loss 0.1933
2022-01-21 17:33:48,725 root                INFO: Train: Epoch   9: train loss 0.1532
2022-01-21 17:33:49,251 root                INFO: Train: Epoch  10: train loss 0.1064
2022-01-21 17:33:49,788 root                INFO: Train: Epoch  11: train loss 0.0605
2022-01-21 17:33:50,331 root                INFO: Train: Epoch  12: train loss 0.0237
2022-01-21 17:33:50,876 root                INFO: Train: Epoch  13: train loss 0.0043
2022-01-21 17:33:51,405 root                INFO: Train: Epoch  14: train loss 0.0022
2022-01-21 17:33:51,959 root                INFO: Train: Epoch  15: train loss 0.0070
2022-01-21 17:33:52,502 root                INFO: Train: Epoch  16: train loss 0.0120
2022-01-21 17:33:53,051 root                INFO: Train: Epoch  17: train loss 0.0147
2022-01-21 17:33:53,641 root                INFO: Train: Epoch  18: train loss 0.0162
2022-01-21 17:33:54,206 root                INFO: Train: Epoch  19: train loss 0.0170
2022-01-21 17:33:54,756 root                INFO: Train: Epoch  20: train loss 0.0174
2022-01-21 17:33:55,361 root                INFO: Train: Epoch  21: train loss 0.0176
2022-01-21 17:33:55,946 root                INFO: Train: Epoch  22: train loss 0.0177
2022-01-21 17:33:56,524 root                INFO: Train: Epoch  23: train loss 0.0178
2022-01-21 17:33:57,125 root                INFO: Train: Epoch  24: train loss 0.0178
2022-01-21 17:33:57,763 root                INFO: Train: Epoch  25: train loss 0.0178
2022-01-21 17:33:58,385 root                INFO: Train: Epoch  26: train loss 0.0178
2022-01-21 17:33:58,988 root                INFO: Train: Epoch  27: train loss 0.0178
2022-01-21 17:33:59,611 root                INFO: Train: Epoch  28: train loss 0.0178
2022-01-21 17:34:00,224 root                INFO: Train: Epoch  29: train loss 0.0178
2022-01-21 17:34:00,843 root                INFO: Train: Epoch  30: train loss 0.0178
2022-01-21 17:34:01,450 root                INFO: Train: Epoch  31: train loss 0.0178
2022-01-21 17:34:02,094 root                INFO: Train: Epoch  32: train loss 0.0178
2022-01-21 17:34:02,691 root                INFO: Train: Epoch  33: train loss 0.0178
2022-01-21 17:34:03,304 root                INFO: Train: Epoch  34: train loss 0.0178
2022-01-21 17:34:03,875 root                INFO: Train: Epoch  35: train loss 0.0178
2022-01-21 17:34:04,451 root                INFO: Train: Epoch  36: train loss 0.0178
2022-01-21 17:34:05,043 root                INFO: Train: Epoch  37: train loss 0.0178
2022-01-21 17:34:05,649 root                INFO: Train: Epoch  38: train loss 0.0178
2022-01-21 17:34:06,241 root                INFO: Train: Epoch  39: train loss 0.0178
2022-01-21 17:34:06,861 root                INFO: Train: Epoch  40: train loss 0.0178
2022-01-21 17:34:07,453 root                INFO: Train: Epoch  41: train loss 0.0178
2022-01-21 17:34:08,068 root                INFO: Train: Epoch  42: train loss 0.0178
2022-01-21 17:34:08,671 root                INFO: Train: Epoch  43: train loss 0.0178
2022-01-21 17:34:09,291 root                INFO: Train: Epoch  44: train loss 0.0178
2022-01-21 17:34:09,884 root                INFO: Train: Epoch  45: train loss 0.0178
2022-01-21 17:34:10,496 root                INFO: Train: Epoch  46: train loss 0.0178
2022-01-21 17:34:11,109 root                INFO: Train: Epoch  47: train loss 0.0178
2022-01-21 17:34:11,704 root                INFO: Train: Epoch  48: train loss 0.0178
2022-01-21 17:34:12,313 root                INFO: Train: Epoch  49: train loss 0.0178
2022-01-21 17:34:12,926 root                INFO: Train: Epoch  50: train loss 0.0178
2022-01-21 17:34:13,532 root                INFO: Train: Epoch  51: train loss 0.0178
2022-01-21 17:34:14,168 root                INFO: Train: Epoch  52: train loss 0.0178
2022-01-21 17:34:14,752 root                INFO: Train: Epoch  53: train loss 0.0178
2022-01-21 17:34:15,397 root                INFO: Train: Epoch  54: train loss 0.0178
2022-01-21 17:34:15,989 root                INFO: Train: Epoch  55: train loss 0.0178
2022-01-21 17:34:16,588 root                INFO: Train: Epoch  56: train loss 0.0178
2022-01-21 17:34:17,208 root                INFO: Train: Epoch  57: train loss 0.0178
2022-01-21 17:34:17,835 root                INFO: Train: Epoch  58: train loss 0.0178
2022-01-21 17:34:18,449 root                INFO: Train: Epoch  59: train loss 0.0178
2022-01-21 17:34:19,074 root                INFO: Train: Epoch  60: train loss 0.0178
2022-01-21 17:34:19,670 root                INFO: Train: Epoch  61: train loss 0.0178
2022-01-21 17:34:20,285 root                INFO: Train: Epoch  62: train loss 0.0178
2022-01-21 17:34:20,935 root                INFO: Train: Epoch  63: train loss 0.0178
2022-01-21 17:34:21,578 root                INFO: Train: Epoch  64: train loss 0.0178
2022-01-21 17:34:22,209 root                INFO: Train: Epoch  65: train loss 0.0178
2022-01-21 17:34:22,819 root                INFO: Train: Epoch  66: train loss 0.0178
2022-01-21 17:34:23,511 root                INFO: Train: Epoch  67: train loss 0.0178
2022-01-21 17:34:24,147 root                INFO: Train: Epoch  68: train loss 0.0178
2022-01-21 17:34:24,761 root                INFO: Train: Epoch  69: train loss 0.0178
2022-01-21 17:34:25,416 root                INFO: Train: Epoch  70: train loss 0.0178
2022-01-21 17:34:26,034 root                INFO: Train: Epoch  71: train loss 0.0178
2022-01-21 17:34:26,645 root                INFO: Train: Epoch  72: train loss 0.0178
2022-01-21 17:34:27,253 root                INFO: Train: Epoch  73: train loss 0.0178
2022-01-21 17:34:27,871 root                INFO: Train: Epoch  74: train loss 0.0178
2022-01-21 17:34:28,513 root                INFO: Train: Epoch  75: train loss 0.0178
2022-01-21 17:34:29,117 root                INFO: Train: Epoch  76: train loss 0.0178
2022-01-21 17:34:29,742 root                INFO: Train: Epoch  77: train loss 0.0178
2022-01-21 17:34:30,387 root                INFO: Train: Epoch  78: train loss 0.0178
2022-01-21 17:34:30,993 root                INFO: Train: Epoch  79: train loss 0.0178
2022-01-21 17:34:31,607 root                INFO: Train: Epoch  80: train loss 0.0178
2022-01-21 17:34:32,227 root                INFO: Train: Epoch  81: train loss 0.0178
2022-01-21 17:34:32,847 root                INFO: Train: Epoch  82: train loss 0.0178
2022-01-21 17:34:33,463 root                INFO: Train: Epoch  83: train loss 0.0178
2022-01-21 17:34:34,087 root                INFO: Train: Epoch  84: train loss 0.0178
2022-01-21 17:34:34,708 root                INFO: Train: Epoch  85: train loss 0.0178
2022-01-21 17:34:35,344 root                INFO: Train: Epoch  86: train loss 0.0178
2022-01-21 17:34:35,972 root                INFO: Train: Epoch  87: train loss 0.0178
2022-01-21 17:34:36,607 root                INFO: Train: Epoch  88: train loss 0.0178
2022-01-21 17:34:37,230 root                INFO: Train: Epoch  89: train loss 0.0178
2022-01-21 17:34:37,848 root                INFO: Train: Epoch  90: train loss 0.0178
2022-01-21 17:34:38,511 root                INFO: Train: Epoch  91: train loss 0.0178
2022-01-21 17:34:39,171 root                INFO: Train: Epoch  92: train loss 0.0178
2022-01-21 17:34:39,791 root                INFO: Train: Epoch  93: train loss 0.0178
2022-01-21 17:34:40,435 root                INFO: Train: Epoch  94: train loss 0.0178
2022-01-21 17:34:41,069 root                INFO: Train: Epoch  95: train loss 0.0178
2022-01-21 17:34:41,706 root                INFO: Train: Epoch  96: train loss 0.0178
2022-01-21 17:34:42,342 root                INFO: Train: Epoch  97: train loss 0.0178
2022-01-21 17:34:42,965 root                INFO: Train: Epoch  98: train loss 0.0178
2022-01-21 17:34:43,593 root                INFO: Train: Epoch  99: train loss 0.0178
2022-01-21 17:34:44,207 root                INFO: Train: Epoch 100: train loss 0.0178
2022-01-21 17:34:44,847 root                INFO: Train: Epoch 101: train loss 0.0178
2022-01-21 17:34:45,485 root                INFO: Train: Epoch 102: train loss 0.0178
2022-01-21 17:34:46,125 root                INFO: Train: Epoch 103: train loss 0.0178
2022-01-21 17:34:46,765 root                INFO: Train: Epoch 104: train loss 0.0178
2022-01-21 17:34:47,418 root                INFO: Train: Epoch 105: train loss 0.0178
2022-01-21 17:34:48,069 root                INFO: Train: Epoch 106: train loss 0.0178
2022-01-21 17:34:48,709 root                INFO: Train: Epoch 107: train loss 0.0178
2022-01-21 17:34:49,361 root                INFO: Train: Epoch 108: train loss 0.0178
2022-01-21 17:34:50,007 root                INFO: Train: Epoch 109: train loss 0.0178
2022-01-21 17:34:50,644 root                INFO: Train: Epoch 110: train loss 0.0178
2022-01-21 17:34:51,283 root                INFO: Train: Epoch 111: train loss 0.0178
2022-01-21 17:34:51,946 root                INFO: Train: Epoch 112: train loss 0.0178
2022-01-21 17:34:52,596 root                INFO: Train: Epoch 113: train loss 0.0178
2022-01-21 17:34:53,251 root                INFO: Train: Epoch 114: train loss 0.0178
2022-01-21 17:34:53,885 root                INFO: Train: Epoch 115: train loss 0.0178
2022-01-21 17:34:54,542 root                INFO: Train: Epoch 116: train loss 0.0178
2022-01-21 17:34:55,147 root                INFO: Train: Epoch 117: train loss 0.0178
2022-01-21 17:34:55,782 root                INFO: Train: Epoch 118: train loss 0.0178
2022-01-21 17:34:56,388 root                INFO: Train: Epoch 119: train loss 0.0178
2022-01-21 17:34:57,047 root                INFO: Train: Epoch 120: train loss 0.0178
2022-01-21 17:34:57,658 root                INFO: Train: Epoch 121: train loss 0.0178
2022-01-21 17:34:58,336 root                INFO: Train: Epoch 122: train loss 0.0178
2022-01-21 17:34:58,959 root                INFO: Train: Epoch 123: train loss 0.0178
2022-01-21 17:34:59,585 root                INFO: Train: Epoch 124: train loss 0.0178
2022-01-21 17:35:00,206 root                INFO: Train: Epoch 125: train loss 0.0178
2022-01-21 17:35:00,863 root                INFO: Train: Epoch 126: train loss 0.0178
2022-01-21 17:35:01,491 root                INFO: Train: Epoch 127: train loss 0.0178
2022-01-21 17:35:02,107 root                INFO: Train: Epoch 128: train loss 0.0178
2022-01-21 17:35:02,699 root                INFO: Train: Epoch 129: train loss 0.0178
2022-01-21 17:35:03,328 root                INFO: Train: Epoch 130: train loss 0.0178
2022-01-21 17:35:03,937 root                INFO: Train: Epoch 131: train loss 0.0178
2022-01-21 17:35:04,534 root                INFO: Train: Epoch 132: train loss 0.0178
2022-01-21 17:35:05,164 root                INFO: Train: Epoch 133: train loss 0.0178
2022-01-21 17:35:05,769 root                INFO: Train: Epoch 134: train loss 0.0178
2022-01-21 17:35:06,442 root                INFO: Train: Epoch 135: train loss 0.0178
2022-01-21 17:35:07,055 root                INFO: Train: Epoch 136: train loss 0.0178
2022-01-21 17:35:07,692 root                INFO: Train: Epoch 137: train loss 0.0178
2022-01-21 17:35:08,277 root                INFO: Train: Epoch 138: train loss 0.0178
2022-01-21 17:35:08,874 root                INFO: Train: Epoch 139: train loss 0.0178
2022-01-21 17:35:09,501 root                INFO: Train: Epoch 140: train loss 0.0178
2022-01-21 17:35:10,118 root                INFO: Train: Epoch 141: train loss 0.0178
2022-01-21 17:35:10,712 root                INFO: Train: Epoch 142: train loss 0.0178
2022-01-21 17:35:11,332 root                INFO: Train: Epoch 143: train loss 0.0178
2022-01-21 17:35:11,956 root                INFO: Train: Epoch 144: train loss 0.0178
2022-01-21 17:35:12,543 root                INFO: Train: Epoch 145: train loss 0.0178
2022-01-21 17:35:13,163 root                INFO: Train: Epoch 146: train loss 0.0178
2022-01-21 17:35:13,783 root                INFO: Train: Epoch 147: train loss 0.0178
2022-01-21 17:35:14,395 root                INFO: Train: Epoch 148: train loss 0.0178
2022-01-21 17:35:14,983 root                INFO: Train: Epoch 149: train loss 0.0178
2022-01-21 17:35:15,582 root                INFO: Train: Epoch 150: train loss 0.0178
2022-01-21 17:35:16,148 root                INFO: Train: Epoch 151: train loss 0.0178
2022-01-21 17:35:16,733 root                INFO: Train: Epoch 152: train loss 0.0178
2022-01-21 17:35:17,323 root                INFO: Train: Epoch 153: train loss 0.0178
2022-01-21 17:35:17,922 root                INFO: Train: Epoch 154: train loss 0.0178
2022-01-21 17:35:18,518 root                INFO: Train: Epoch 155: train loss 0.0178
2022-01-21 17:35:19,145 root                INFO: Train: Epoch 156: train loss 0.0178
2022-01-21 17:35:19,757 root                INFO: Train: Epoch 157: train loss 0.0178
2022-01-21 17:35:20,356 root                INFO: Train: Epoch 158: train loss 0.0178
2022-01-21 17:35:20,945 root                INFO: Train: Epoch 159: train loss 0.0178
2022-01-21 17:35:21,518 root                INFO: Train: Epoch 160: train loss 0.0178
2022-01-21 17:35:22,106 root                INFO: Train: Epoch 161: train loss 0.0178
2022-01-21 17:35:22,703 root                INFO: Train: Epoch 162: train loss 0.0178
2022-01-21 17:35:23,285 root                INFO: Train: Epoch 163: train loss 0.0178
2022-01-21 17:35:23,834 root                INFO: Train: Epoch 164: train loss 0.0178
2022-01-21 17:35:24,410 root                INFO: Train: Epoch 165: train loss 0.0178
2022-01-21 17:35:25,000 root                INFO: Train: Epoch 166: train loss 0.0178
2022-01-21 17:35:25,548 root                INFO: Train: Epoch 167: train loss 0.0178
2022-01-21 17:35:26,114 root                INFO: Train: Epoch 168: train loss 0.0178
2022-01-21 17:35:26,676 root                INFO: Train: Epoch 169: train loss 0.0178
2022-01-21 17:35:27,255 root                INFO: Train: Epoch 170: train loss 0.0178
2022-01-21 17:35:27,861 root                INFO: Train: Epoch 171: train loss 0.0178
2022-01-21 17:35:28,411 root                INFO: Train: Epoch 172: train loss 0.0178
2022-01-21 17:35:28,938 root                INFO: Train: Epoch 173: train loss 0.0178
2022-01-21 17:35:29,482 root                INFO: Train: Epoch 174: train loss 0.0178
2022-01-21 17:35:30,015 root                INFO: Train: Epoch 175: train loss 0.0178
2022-01-21 17:35:30,564 root                INFO: Train: Epoch 176: train loss 0.0178
2022-01-21 17:35:31,114 root                INFO: Train: Epoch 177: train loss 0.0178
2022-01-21 17:35:31,669 root                INFO: Train: Epoch 178: train loss 0.0178
2022-01-21 17:35:32,177 root                INFO: Train: Epoch 179: train loss 0.0178
2022-01-21 17:35:32,702 root                INFO: Train: Epoch 180: train loss 0.0178
2022-01-21 17:35:33,220 root                INFO: Train: Epoch 181: train loss 0.0178
2022-01-21 17:35:33,735 root                INFO: Train: Epoch 182: train loss 0.0178
2022-01-21 17:35:34,284 root                INFO: Train: Epoch 183: train loss 0.0178
2022-01-21 17:35:34,820 root                INFO: Train: Epoch 184: train loss 0.0178
2022-01-21 17:35:35,326 root                INFO: Train: Epoch 185: train loss 0.0178
2022-01-21 17:35:35,833 root                INFO: Train: Epoch 186: train loss 0.0178
2022-01-21 17:35:36,332 root                INFO: Train: Epoch 187: train loss 0.0178
2022-01-21 17:35:36,838 root                INFO: Train: Epoch 188: train loss 0.0178
2022-01-21 17:35:37,325 root                INFO: Train: Epoch 189: train loss 0.0178
2022-01-21 17:35:37,823 root                INFO: Train: Epoch 190: train loss 0.0178
2022-01-21 17:35:38,327 root                INFO: Train: Epoch 191: train loss 0.0178
2022-01-21 17:35:38,842 root                INFO: Train: Epoch 192: train loss 0.0178
2022-01-21 17:35:39,347 root                INFO: Train: Epoch 193: train loss 0.0178
2022-01-21 17:35:39,824 root                INFO: Train: Epoch 194: train loss 0.0178
2022-01-21 17:35:40,312 root                INFO: Train: Epoch 195: train loss 0.0178
2022-01-21 17:35:40,806 root                INFO: Train: Epoch 196: train loss 0.0178
2022-01-21 17:35:41,312 root                INFO: Train: Epoch 197: train loss 0.0178
2022-01-21 17:35:41,808 root                INFO: Train: Epoch 198: train loss 0.0178
2022-01-21 17:35:42,331 root                INFO: Train: Epoch 199: train loss 0.0178
2022-01-21 17:35:42,841 root                INFO: Train: Epoch 200: train loss 0.0178
2022-01-21 17:35:56,883 root                INFO: Valid: Epoch 200: kendall tau 0.1961 0.0633; loss 0.01372 0.004756
2022-01-21 17:35:56,889 root                INFO: Epoch 200: Save checkpoint to nb301_anytime_tagates/tagates_0.005/1/21/200.ckpt
2022-01-21 17:36:11,003 root                INFO: [0.0, 0.0, 0.00980392156862745, 0.09518213866039953, 0.23555903661640884, 0.6244517543859649, 1.0]
2022-01-21 17:36:11,003 root                INFO: [0.0, 0.0, 0.0, 0.07677242459851155, 0.16800469943215196, 0.6266055764411027, 1.0]
2022-01-21 17:36:11,004 root                INFO: [13628, 13628]
2022-01-21 17:36:11,004 root                INFO: [16248, 818]
2022-01-21 22:08:34,602 root                INFO: GPU device = 3
2022-01-21 22:08:34,602 root                INFO: Load pkl cache from nasbench301_train.pkl and nasbench301_valid.pkl
2022-01-21 22:08:35,229 root                INFO: Config: {'arch_network_cfg': {'arch_embedder_cfg': {'take_adj_as_input': True, 'gcn_kwargs': {'residual_only': 2}, 'gcn_out_dims': [64, 64, 64, 64, 64], 'hidden_dim': 32, 'node_dim': 32, 'op_dim': 32, 'use_bn': False, 'final_concat': False, 'other_node_zero': False, 'num_time_steps': 2, 'fb_conversion_dims': [64, 64], 'backward_gcn_out_dims': [64, 64, 64, 64, 64], 'updateopemb_method': 'concat_ofb', 'updateopemb_dims': [64], 'share_skip_and_outskip': True, 'detach_vinfo': False, 'updateopemb_scale': 0.1, 'updateopemb_detach_opemb': True, 'updateopemb_detach_finfo': True, 'mask_nonparametrized_ops': True, 'symmetry_breaking_method': 'param_zs_add', 'concat_param_zs_as_opemb_dimension': 5, 'concat_param_zs_as_opemb_scale': 1.0}, 'arch_embedder_type': 'cellss-fbflow-anytime', 'compare_loss_type': 'margin_linear', 'compare_margin': 0.1, 'mlp_dropout': 0.1, 'mlp_hiddens': [200], 'mlp_out_dim': 1, 'optimizer': {'lr': 0.0001, 'type': 'Adam'}, 'scheduler': None}, 'arch_network_type': 'pointwise_comparator', 'batch_size': 128, 'choose_pair_criterion': 'random', 'compare': False, 'compare_threshold': 0.0, 'epochs': 200, 'max_compare_ratio': 16.0}
2022-01-21 22:08:39,471 root                INFO: Combined args: Namespace(arch_network_type='pointwise_comparator', batch_size=128, cfg_file='cfgs/nb301_cfgs/tagates_anytime.yaml', choose_pair_criterion='random', compare=False, compare_threshold=0.0, epochs=200, eval_only_last=1, gpu=3, load=None, max_compare_ratio=16.0, num_workers=4, report_freq=200, save_every=200, save_predict=None, seed=21, test_funcs=None, test_only=False, train_dir='nb301_anytime_tagates/tagates_0.005/1/21', train_pkl='../mynas/data/nasbench-301/nasbench301_train_mtx_anytime_1.pkl', train_ratio=0.005, valid_pkl='../mynas/data/nasbench-301/nasbench301_valid_mtx_anytime.pkl')
2022-01-21 22:08:39,482 root                INFO: Train dataset ratio: 0.005
2022-01-21 22:08:39,483 root                INFO: Number of architectures: train: 29; valid: 51072
2022-01-21 22:08:53,600 root                INFO: Train: Epoch   1: train loss 0.3324
2022-01-21 22:08:54,262 root                INFO: Train: Epoch   2: train loss 0.3306
2022-01-21 22:08:55,042 root                INFO: Train: Epoch   3: train loss 0.3302
2022-01-21 22:08:55,696 root                INFO: Train: Epoch   4: train loss 0.3281
2022-01-21 22:08:56,533 root                INFO: Train: Epoch   5: train loss 0.3273
2022-01-21 22:08:57,485 root                INFO: Train: Epoch   6: train loss 0.3253
2022-01-21 22:08:58,237 root                INFO: Train: Epoch   7: train loss 0.3246
2022-01-21 22:08:59,058 root                INFO: Train: Epoch   8: train loss 0.3228
2022-01-21 22:09:00,007 root                INFO: Train: Epoch   9: train loss 0.3215
2022-01-21 22:09:00,946 root                INFO: Train: Epoch  10: train loss 0.3204
2022-01-21 22:09:01,835 root                INFO: Train: Epoch  11: train loss 0.3189
2022-01-21 22:09:02,719 root                INFO: Train: Epoch  12: train loss 0.3177
2022-01-21 22:09:03,610 root                INFO: Train: Epoch  13: train loss 0.3167
2022-01-21 22:09:04,477 root                INFO: Train: Epoch  14: train loss 0.3147
2022-01-21 22:09:05,251 root                INFO: Train: Epoch  15: train loss 0.3136
2022-01-21 22:09:06,023 root                INFO: Train: Epoch  16: train loss 0.3117
2022-01-21 22:09:06,906 root                INFO: Train: Epoch  17: train loss 0.3105
2022-01-21 22:09:07,725 root                INFO: Train: Epoch  18: train loss 0.3091
2022-01-21 22:09:08,748 root                INFO: Train: Epoch  19: train loss 0.3067
2022-01-21 22:09:09,635 root                INFO: Train: Epoch  20: train loss 0.3061
2022-01-21 22:09:10,555 root                INFO: Train: Epoch  21: train loss 0.3039
2022-01-21 22:09:11,641 root                INFO: Train: Epoch  22: train loss 0.3026
2022-01-21 22:09:12,797 root                INFO: Train: Epoch  23: train loss 0.3004
2022-01-21 22:09:13,954 root                INFO: Train: Epoch  24: train loss 0.2980
2022-01-21 22:09:15,112 root                INFO: Train: Epoch  25: train loss 0.2971
2022-01-21 22:09:16,317 root                INFO: Train: Epoch  26: train loss 0.2944
2022-01-21 22:09:17,577 root                INFO: Train: Epoch  27: train loss 0.2928
2022-01-21 22:09:18,666 root                INFO: Train: Epoch  28: train loss 0.2902
2022-01-21 22:09:19,927 root                INFO: Train: Epoch  29: train loss 0.2873
2022-01-21 22:09:21,026 root                INFO: Train: Epoch  30: train loss 0.2850
2022-01-21 22:09:22,121 root                INFO: Train: Epoch  31: train loss 0.2831
2022-01-21 22:09:23,362 root                INFO: Train: Epoch  32: train loss 0.2814
2022-01-21 22:09:24,273 root                INFO: Train: Epoch  33: train loss 0.2778
2022-01-21 22:09:25,022 root                INFO: Train: Epoch  34: train loss 0.2754
2022-01-21 22:09:25,855 root                INFO: Train: Epoch  35: train loss 0.2720
2022-01-21 22:09:26,712 root                INFO: Train: Epoch  36: train loss 0.2704
2022-01-21 22:09:27,556 root                INFO: Train: Epoch  37: train loss 0.2668
2022-01-21 22:09:28,374 root                INFO: Train: Epoch  38: train loss 0.2624
2022-01-21 22:09:29,192 root                INFO: Train: Epoch  39: train loss 0.2592
2022-01-21 22:09:29,967 root                INFO: Train: Epoch  40: train loss 0.2565
2022-01-21 22:09:30,780 root                INFO: Train: Epoch  41: train loss 0.2515
2022-01-21 22:09:31,616 root                INFO: Train: Epoch  42: train loss 0.2484
2022-01-21 22:09:32,395 root                INFO: Train: Epoch  43: train loss 0.2450
2022-01-21 22:09:33,151 root                INFO: Train: Epoch  44: train loss 0.2399
2022-01-21 22:09:33,973 root                INFO: Train: Epoch  45: train loss 0.2360
2022-01-21 22:09:34,760 root                INFO: Train: Epoch  46: train loss 0.2320
2022-01-21 22:09:35,517 root                INFO: Train: Epoch  47: train loss 0.2270
2022-01-21 22:09:36,390 root                INFO: Train: Epoch  48: train loss 0.2212
2022-01-21 22:09:37,199 root                INFO: Train: Epoch  49: train loss 0.2173
2022-01-21 22:09:38,006 root                INFO: Train: Epoch  50: train loss 0.2109
2022-01-21 22:09:38,756 root                INFO: Train: Epoch  51: train loss 0.2039
2022-01-21 22:09:39,522 root                INFO: Train: Epoch  52: train loss 0.2002
2022-01-21 22:09:40,356 root                INFO: Train: Epoch  53: train loss 0.1953
2022-01-21 22:09:41,373 root                INFO: Train: Epoch  54: train loss 0.1876
2022-01-21 22:09:42,614 root                INFO: Train: Epoch  55: train loss 0.1799
2022-01-21 22:09:43,669 root                INFO: Train: Epoch  56: train loss 0.1740
2022-01-21 22:09:44,593 root                INFO: Train: Epoch  57: train loss 0.1669
2022-01-21 22:09:45,618 root                INFO: Train: Epoch  58: train loss 0.1599
2022-01-21 22:09:46,416 root                INFO: Train: Epoch  59: train loss 0.1509
2022-01-21 22:09:47,131 root                INFO: Train: Epoch  60: train loss 0.1431
2022-01-21 22:09:47,910 root                INFO: Train: Epoch  61: train loss 0.1384
2022-01-21 22:09:48,628 root                INFO: Train: Epoch  62: train loss 0.1280
2022-01-21 22:09:49,365 root                INFO: Train: Epoch  63: train loss 0.1220
2022-01-21 22:09:50,126 root                INFO: Train: Epoch  64: train loss 0.1114
2022-01-21 22:09:50,873 root                INFO: Train: Epoch  65: train loss 0.1041
2022-01-21 22:09:51,618 root                INFO: Train: Epoch  66: train loss 0.0942
2022-01-21 22:09:52,402 root                INFO: Train: Epoch  67: train loss 0.0888
2022-01-21 22:09:53,118 root                INFO: Train: Epoch  68: train loss 0.0804
2022-01-21 22:09:53,929 root                INFO: Train: Epoch  69: train loss 0.0726
2022-01-21 22:09:54,664 root                INFO: Train: Epoch  70: train loss 0.0648
2022-01-21 22:09:55,344 root                INFO: Train: Epoch  71: train loss 0.0586
2022-01-21 22:09:56,084 root                INFO: Train: Epoch  72: train loss 0.0527
2022-01-21 22:09:56,981 root                INFO: Train: Epoch  73: train loss 0.0463
2022-01-21 22:09:57,846 root                INFO: Train: Epoch  74: train loss 0.0400
2022-01-21 22:09:58,712 root                INFO: Train: Epoch  75: train loss 0.0336
2022-01-21 22:09:59,458 root                INFO: Train: Epoch  76: train loss 0.0270
2022-01-21 22:10:00,281 root                INFO: Train: Epoch  77: train loss 0.0229
2022-01-21 22:10:01,229 root                INFO: Train: Epoch  78: train loss 0.0190
2022-01-21 22:10:01,981 root                INFO: Train: Epoch  79: train loss 0.0163
2022-01-21 22:10:02,818 root                INFO: Train: Epoch  80: train loss 0.0127
2022-01-21 22:10:03,666 root                INFO: Train: Epoch  81: train loss 0.0106
2022-01-21 22:10:04,625 root                INFO: Train: Epoch  82: train loss 0.0077
2022-01-21 22:10:05,553 root                INFO: Train: Epoch  83: train loss 0.0067
2022-01-21 22:10:06,479 root                INFO: Train: Epoch  84: train loss 0.0050
2022-01-21 22:10:07,337 root                INFO: Train: Epoch  85: train loss 0.0041
2022-01-21 22:10:08,325 root                INFO: Train: Epoch  86: train loss 0.0025
2022-01-21 22:10:09,232 root                INFO: Train: Epoch  87: train loss 0.0021
2022-01-21 22:10:10,314 root                INFO: Train: Epoch  88: train loss 0.0017
2022-01-21 22:10:11,200 root                INFO: Train: Epoch  89: train loss 0.0017
2022-01-21 22:10:12,177 root                INFO: Train: Epoch  90: train loss 0.0011
2022-01-21 22:10:13,020 root                INFO: Train: Epoch  91: train loss 0.0008
2022-01-21 22:10:13,784 root                INFO: Train: Epoch  92: train loss 0.0010
2022-01-21 22:10:14,537 root                INFO: Train: Epoch  93: train loss 0.0009
2022-01-21 22:10:15,254 root                INFO: Train: Epoch  94: train loss 0.0010
2022-01-21 22:10:16,082 root                INFO: Train: Epoch  95: train loss 0.0010
2022-01-21 22:10:16,979 root                INFO: Train: Epoch  96: train loss 0.0012
2022-01-21 22:10:17,690 root                INFO: Train: Epoch  97: train loss 0.0014
2022-01-21 22:10:18,403 root                INFO: Train: Epoch  98: train loss 0.0014
2022-01-21 22:10:19,203 root                INFO: Train: Epoch  99: train loss 0.0013
2022-01-21 22:10:19,956 root                INFO: Train: Epoch 100: train loss 0.0016
2022-01-21 22:10:20,710 root                INFO: Train: Epoch 101: train loss 0.0016
2022-01-21 22:10:21,457 root                INFO: Train: Epoch 102: train loss 0.0016
2022-01-21 22:10:22,195 root                INFO: Train: Epoch 103: train loss 0.0015
2022-01-21 22:10:22,951 root                INFO: Train: Epoch 104: train loss 0.0018
2022-01-21 22:10:23,707 root                INFO: Train: Epoch 105: train loss 0.0016
2022-01-21 22:10:24,409 root                INFO: Train: Epoch 106: train loss 0.0015
2022-01-21 22:10:25,184 root                INFO: Train: Epoch 107: train loss 0.0016
2022-01-21 22:10:25,948 root                INFO: Train: Epoch 108: train loss 0.0015
2022-01-21 22:10:26,709 root                INFO: Train: Epoch 109: train loss 0.0015
2022-01-21 22:10:27,615 root                INFO: Train: Epoch 110: train loss 0.0017
2022-01-21 22:10:28,435 root                INFO: Train: Epoch 111: train loss 0.0014
2022-01-21 22:10:29,334 root                INFO: Train: Epoch 112: train loss 0.0015
2022-01-21 22:10:30,321 root                INFO: Train: Epoch 113: train loss 0.0017
2022-01-21 22:10:31,108 root                INFO: Train: Epoch 114: train loss 0.0014
2022-01-21 22:10:32,027 root                INFO: Train: Epoch 115: train loss 0.0012
2022-01-21 22:10:32,889 root                INFO: Train: Epoch 116: train loss 0.0014
2022-01-21 22:10:33,693 root                INFO: Train: Epoch 117: train loss 0.0014
2022-01-21 22:10:34,455 root                INFO: Train: Epoch 118: train loss 0.0013
2022-01-21 22:10:35,182 root                INFO: Train: Epoch 119: train loss 0.0013
2022-01-21 22:10:35,908 root                INFO: Train: Epoch 120: train loss 0.0011
2022-01-21 22:10:36,547 root                INFO: Train: Epoch 121: train loss 0.0011
2022-01-21 22:10:37,299 root                INFO: Train: Epoch 122: train loss 0.0011
2022-01-21 22:10:38,066 root                INFO: Train: Epoch 123: train loss 0.0011
2022-01-21 22:10:38,807 root                INFO: Train: Epoch 124: train loss 0.0010
2022-01-21 22:10:39,489 root                INFO: Train: Epoch 125: train loss 0.0011
2022-01-21 22:10:40,385 root                INFO: Train: Epoch 126: train loss 0.0009
2022-01-21 22:10:41,097 root                INFO: Train: Epoch 127: train loss 0.0008
2022-01-21 22:10:41,878 root                INFO: Train: Epoch 128: train loss 0.0009
2022-01-21 22:10:42,609 root                INFO: Train: Epoch 129: train loss 0.0008
2022-01-21 22:10:43,321 root                INFO: Train: Epoch 130: train loss 0.0007
2022-01-21 22:10:44,050 root                INFO: Train: Epoch 131: train loss 0.0009
2022-01-21 22:10:44,793 root                INFO: Train: Epoch 132: train loss 0.0009
2022-01-21 22:10:45,524 root                INFO: Train: Epoch 133: train loss 0.0007
2022-01-21 22:10:46,331 root                INFO: Train: Epoch 134: train loss 0.0010
2022-01-21 22:10:47,150 root                INFO: Train: Epoch 135: train loss 0.0008
2022-01-21 22:10:47,899 root                INFO: Train: Epoch 136: train loss 0.0007
2022-01-21 22:10:48,681 root                INFO: Train: Epoch 137: train loss 0.0008
2022-01-21 22:10:49,493 root                INFO: Train: Epoch 138: train loss 0.0008
2022-01-21 22:10:50,387 root                INFO: Train: Epoch 139: train loss 0.0008
2022-01-21 22:10:51,117 root                INFO: Train: Epoch 140: train loss 0.0008
2022-01-21 22:10:51,864 root                INFO: Train: Epoch 141: train loss 0.0008
2022-01-21 22:10:52,741 root                INFO: Train: Epoch 142: train loss 0.0007
2022-01-21 22:10:53,567 root                INFO: Train: Epoch 143: train loss 0.0007
2022-01-21 22:10:54,319 root                INFO: Train: Epoch 144: train loss 0.0008
2022-01-21 22:10:55,094 root                INFO: Train: Epoch 145: train loss 0.0009
2022-01-21 22:10:55,894 root                INFO: Train: Epoch 146: train loss 0.0008
2022-01-21 22:10:56,626 root                INFO: Train: Epoch 147: train loss 0.0008
2022-01-21 22:10:57,385 root                INFO: Train: Epoch 148: train loss 0.0007
2022-01-21 22:10:58,080 root                INFO: Train: Epoch 149: train loss 0.0006
2022-01-21 22:10:58,941 root                INFO: Train: Epoch 150: train loss 0.0009
2022-01-21 22:10:59,764 root                INFO: Train: Epoch 151: train loss 0.0008
2022-01-21 22:11:00,534 root                INFO: Train: Epoch 152: train loss 0.0011
2022-01-21 22:11:01,245 root                INFO: Train: Epoch 153: train loss 0.0009
2022-01-21 22:11:02,021 root                INFO: Train: Epoch 154: train loss 0.0007
2022-01-21 22:11:02,786 root                INFO: Train: Epoch 155: train loss 0.0010
2022-01-21 22:11:03,583 root                INFO: Train: Epoch 156: train loss 0.0008
2022-01-21 22:11:04,373 root                INFO: Train: Epoch 157: train loss 0.0007
2022-01-21 22:11:05,134 root                INFO: Train: Epoch 158: train loss 0.0007
2022-01-21 22:11:05,998 root                INFO: Train: Epoch 159: train loss 0.0007
2022-01-21 22:11:06,754 root                INFO: Train: Epoch 160: train loss 0.0009
2022-01-21 22:11:07,605 root                INFO: Train: Epoch 161: train loss 0.0007
2022-01-21 22:11:08,393 root                INFO: Train: Epoch 162: train loss 0.0006
2022-01-21 22:11:09,214 root                INFO: Train: Epoch 163: train loss 0.0007
2022-01-21 22:11:09,992 root                INFO: Train: Epoch 164: train loss 0.0010
2022-01-21 22:11:10,746 root                INFO: Train: Epoch 165: train loss 0.0008
2022-01-21 22:11:11,556 root                INFO: Train: Epoch 166: train loss 0.0009
2022-01-21 22:11:12,287 root                INFO: Train: Epoch 167: train loss 0.0009
2022-01-21 22:11:13,070 root                INFO: Train: Epoch 168: train loss 0.0006
2022-01-21 22:11:14,061 root                INFO: Train: Epoch 169: train loss 0.0008
2022-01-21 22:11:15,069 root                INFO: Train: Epoch 170: train loss 0.0008
2022-01-21 22:11:16,104 root                INFO: Train: Epoch 171: train loss 0.0008
2022-01-21 22:11:16,930 root                INFO: Train: Epoch 172: train loss 0.0006
2022-01-21 22:11:17,875 root                INFO: Train: Epoch 173: train loss 0.0008
2022-01-21 22:11:18,781 root                INFO: Train: Epoch 174: train loss 0.0008
2022-01-21 22:11:19,569 root                INFO: Train: Epoch 175: train loss 0.0008
2022-01-21 22:11:20,413 root                INFO: Train: Epoch 176: train loss 0.0006
2022-01-21 22:11:21,277 root                INFO: Train: Epoch 177: train loss 0.0008
2022-01-21 22:11:22,069 root                INFO: Train: Epoch 178: train loss 0.0009
2022-01-21 22:11:22,824 root                INFO: Train: Epoch 179: train loss 0.0010
2022-01-21 22:11:23,529 root                INFO: Train: Epoch 180: train loss 0.0009
2022-01-21 22:11:24,269 root                INFO: Train: Epoch 181: train loss 0.0009
2022-01-21 22:11:25,018 root                INFO: Train: Epoch 182: train loss 0.0008
2022-01-21 22:11:25,765 root                INFO: Train: Epoch 183: train loss 0.0007
2022-01-21 22:11:26,447 root                INFO: Train: Epoch 184: train loss 0.0010
2022-01-21 22:11:27,048 root                INFO: Train: Epoch 185: train loss 0.0010
2022-01-21 22:11:27,664 root                INFO: Train: Epoch 186: train loss 0.0008
2022-01-21 22:11:28,338 root                INFO: Train: Epoch 187: train loss 0.0007
2022-01-21 22:11:28,975 root                INFO: Train: Epoch 188: train loss 0.0008
2022-01-21 22:11:29,669 root                INFO: Train: Epoch 189: train loss 0.0009
2022-01-21 22:11:30,377 root                INFO: Train: Epoch 190: train loss 0.0007
2022-01-21 22:11:31,035 root                INFO: Train: Epoch 191: train loss 0.0008
2022-01-21 22:11:31,707 root                INFO: Train: Epoch 192: train loss 0.0009
2022-01-21 22:11:32,362 root                INFO: Train: Epoch 193: train loss 0.0009
2022-01-21 22:11:33,021 root                INFO: Train: Epoch 194: train loss 0.0006
2022-01-21 22:11:33,697 root                INFO: Train: Epoch 195: train loss 0.0009
2022-01-21 22:11:34,432 root                INFO: Train: Epoch 196: train loss 0.0008
2022-01-21 22:11:35,058 root                INFO: Train: Epoch 197: train loss 0.0007
2022-01-21 22:11:35,683 root                INFO: Train: Epoch 198: train loss 0.0008
2022-01-21 22:11:36,373 root                INFO: Train: Epoch 199: train loss 0.0009
2022-01-21 22:11:37,074 root                INFO: Train: Epoch 200: train loss 0.0008
2022-01-21 22:11:52,119 root                INFO: Valid: Epoch 200: kendall tau 0.2390 0.1815; loss 0.0004598 0.0003098
2022-01-21 22:11:52,127 root                INFO: Epoch 200: Save checkpoint to nb301_anytime_tagates/tagates_0.005/1/21/200.ckpt
2022-01-21 22:12:07,284 root                INFO: [0.0, 0.0, 0.0, 0.033685859772816296, 0.14587820638339535, 0.6356516290726817, 1.0]
2022-01-21 22:12:07,284 root                INFO: [0.0, 0.0, 0.0, 0.01645123384253819, 0.10338750734286274, 0.603500939849624, 1.0]
2022-01-21 22:12:07,284 root                INFO: [3230, 3230]
2022-01-21 22:12:07,285 root                INFO: [3419, 3419]
