2022-01-23 22:46:53,936 root                INFO: GPU device = 3
2022-01-23 22:46:53,936 root                INFO: Load pkl cache from nasbench301_train.pkl and nasbench301_valid.pkl
2022-01-23 22:46:54,769 root                INFO: Config: {'arch_network_cfg': {'arch_embedder_cfg': {'take_adj_as_input': True, 'gcn_kwargs': {'residual_only': 2}, 'gcn_out_dims': [64, 64, 64, 64, 64], 'hidden_dim': 32, 'node_dim': 32, 'op_dim': 32, 'use_bn': False, 'final_concat': False, 'other_node_zero': False, 'num_time_steps': 4, 'fb_conversion_dims': [64, 64], 'backward_gcn_out_dims': [64, 64, 64, 64, 64], 'updateopemb_method': 'concat_ofb', 'updateopemb_dims': [64], 'share_skip_and_outskip': True, 'detach_vinfo': False, 'updateopemb_scale': 0.1, 'updateopemb_detach_opemb': True, 'updateopemb_detach_finfo': True, 'mask_nonparametrized_ops': True, 'symmetry_breaking_method': 'param_zs_add', 'concat_param_zs_as_opemb_dimension': 5, 'concat_param_zs_as_opemb_scale': 1.0}, 'arch_embedder_type': 'cellss-fbflow', 'compare_loss_type': 'margin_linear', 'compare_margin': 0.1, 'mlp_dropout': 0.1, 'mlp_hiddens': [200], 'optimizer': {'lr': 0.001, 'type': 'Adam'}, 'scheduler': None}, 'arch_network_type': 'pointwise_comparator', 'batch_size': 128, 'choose_pair_criterion': 'random', 'compare': True, 'compare_threshold': 0.0, 'epochs': 200, 'max_compare_ratio': 16.0}
2022-01-23 22:46:58,233 root                INFO: Combined args: Namespace(arch_network_type='pointwise_comparator', batch_size=128, cfg_file='cfgs/nb301_cfgs/gates_true_masktrue.yaml', choose_pair_criterion='random', compare=True, compare_threshold=0.0, epochs=200, eval_only_last=1, gpu=3, load=None, max_compare_ratio=16.0, num_workers=4, report_freq=200, save_every=200, save_predict=None, seed=21, test_funcs=None, test_only=False, train_dir='../results/nb301/nb301_ablation_mask/true/true_0.5/123/21', train_pkl='../mynas/data/nasbench-301/nasbench301_train_mtx_123.pkl', train_ratio=0.5, valid_pkl='../mynas/data/nasbench-301/nasbench301_valid_mtx.pkl')
2022-01-23 22:46:58,239 root                INFO: Train dataset ratio: 0.500
2022-01-23 22:46:58,239 root                INFO: Number of architectures: train: 2948; valid: 51072
2022-01-23 22:47:20,025 root                INFO: Train: Epoch   1: train loss 0.0659
2022-01-23 22:47:26,067 root                INFO: Train: Epoch   2: train loss 0.0344
2022-01-23 22:47:32,096 root                INFO: Train: Epoch   3: train loss 0.0307
2022-01-23 22:47:38,084 root                INFO: Train: Epoch   4: train loss 0.0288
2022-01-23 22:47:44,104 root                INFO: Train: Epoch   5: train loss 0.0285
2022-01-23 22:47:50,099 root                INFO: Train: Epoch   6: train loss 0.0250
2022-01-23 22:47:56,117 root                INFO: Train: Epoch   7: train loss 0.0312
2022-01-23 22:48:02,121 root                INFO: Train: Epoch   8: train loss 0.0258
2022-01-23 22:48:08,142 root                INFO: Train: Epoch   9: train loss 0.0263
2022-01-23 22:48:14,159 root                INFO: Train: Epoch  10: train loss 0.0236
2022-01-23 22:48:20,179 root                INFO: Train: Epoch  11: train loss 0.0243
2022-01-23 22:48:26,218 root                INFO: Train: Epoch  12: train loss 0.0247
2022-01-23 22:48:32,278 root                INFO: Train: Epoch  13: train loss 0.0247
2022-01-23 22:48:38,308 root                INFO: Train: Epoch  14: train loss 0.0220
2022-01-23 22:48:44,342 root                INFO: Train: Epoch  15: train loss 0.0273
2022-01-23 22:48:50,378 root                INFO: Train: Epoch  16: train loss 0.0243
2022-01-23 22:48:56,405 root                INFO: Train: Epoch  17: train loss 0.0244
2022-01-23 22:49:02,434 root                INFO: Train: Epoch  18: train loss 0.0250
2022-01-23 22:49:08,473 root                INFO: Train: Epoch  19: train loss 0.0298
2022-01-23 22:49:14,536 root                INFO: Train: Epoch  20: train loss 0.0243
2022-01-23 22:49:20,551 root                INFO: Train: Epoch  21: train loss 0.0257
2022-01-23 22:49:26,597 root                INFO: Train: Epoch  22: train loss 0.0251
2022-01-23 22:49:32,594 root                INFO: Train: Epoch  23: train loss 0.0209
2022-01-23 22:49:38,606 root                INFO: Train: Epoch  24: train loss 0.0271
2022-01-23 22:49:44,609 root                INFO: Train: Epoch  25: train loss 0.0233
2022-01-23 22:49:50,579 root                INFO: Train: Epoch  26: train loss 0.0222
2022-01-23 22:49:56,588 root                INFO: Train: Epoch  27: train loss 0.0231
2022-01-23 22:50:02,598 root                INFO: Train: Epoch  28: train loss 0.0214
2022-01-23 22:50:08,605 root                INFO: Train: Epoch  29: train loss 0.0213
2022-01-23 22:50:14,608 root                INFO: Train: Epoch  30: train loss 0.0205
2022-01-23 22:50:20,618 root                INFO: Train: Epoch  31: train loss 0.0219
2022-01-23 22:50:26,622 root                INFO: Train: Epoch  32: train loss 0.0211
2022-01-23 22:50:32,653 root                INFO: Train: Epoch  33: train loss 0.0206
2022-01-23 22:50:38,658 root                INFO: Train: Epoch  34: train loss 0.0211
2022-01-23 22:50:44,634 root                INFO: Train: Epoch  35: train loss 0.0208
2022-01-23 22:50:50,613 root                INFO: Train: Epoch  36: train loss 0.0209
2022-01-23 22:50:56,587 root                INFO: Train: Epoch  37: train loss 0.0205
2022-01-23 22:51:02,583 root                INFO: Train: Epoch  38: train loss 0.0206
2022-01-23 22:51:08,580 root                INFO: Train: Epoch  39: train loss 0.0198
2022-01-23 22:51:14,588 root                INFO: Train: Epoch  40: train loss 0.0205
2022-01-23 22:51:20,616 root                INFO: Train: Epoch  41: train loss 0.0193
2022-01-23 22:51:26,684 root                INFO: Train: Epoch  42: train loss 0.0233
2022-01-23 22:51:32,690 root                INFO: Train: Epoch  43: train loss 0.0268
2022-01-23 22:51:38,719 root                INFO: Train: Epoch  44: train loss 0.0217
2022-01-23 22:51:44,746 root                INFO: Train: Epoch  45: train loss 0.0206
2022-01-23 22:51:50,719 root                INFO: Train: Epoch  46: train loss 0.0275
2022-01-23 22:51:56,689 root                INFO: Train: Epoch  47: train loss 0.0215
2022-01-23 22:52:02,659 root                INFO: Train: Epoch  48: train loss 0.0221
2022-01-23 22:52:08,645 root                INFO: Train: Epoch  49: train loss 0.0248
2022-01-23 22:52:14,615 root                INFO: Train: Epoch  50: train loss 0.0217
2022-01-23 22:52:20,641 root                INFO: Train: Epoch  51: train loss 0.0219
2022-01-23 22:52:26,597 root                INFO: Train: Epoch  52: train loss 0.0212
2022-01-23 22:52:32,544 root                INFO: Train: Epoch  53: train loss 0.0270
2022-01-23 22:52:38,528 root                INFO: Train: Epoch  54: train loss 0.0213
2022-01-23 22:52:44,512 root                INFO: Train: Epoch  55: train loss 0.0261
2022-01-23 22:52:50,488 root                INFO: Train: Epoch  56: train loss 0.0207
2022-01-23 22:52:56,424 root                INFO: Train: Epoch  57: train loss 0.0208
2022-01-23 22:53:02,369 root                INFO: Train: Epoch  58: train loss 0.0216
2022-01-23 22:53:08,331 root                INFO: Train: Epoch  59: train loss 0.0202
2022-01-23 22:53:14,315 root                INFO: Train: Epoch  60: train loss 0.0198
2022-01-23 22:53:20,298 root                INFO: Train: Epoch  61: train loss 0.0214
2022-01-23 22:53:26,291 root                INFO: Train: Epoch  62: train loss 0.0211
2022-01-23 22:53:32,282 root                INFO: Train: Epoch  63: train loss 0.0192
2022-01-23 22:53:38,309 root                INFO: Train: Epoch  64: train loss 0.0186
2022-01-23 22:53:44,292 root                INFO: Train: Epoch  65: train loss 0.0185
2022-01-23 22:53:50,274 root                INFO: Train: Epoch  66: train loss 0.0182
2022-01-23 22:53:56,262 root                INFO: Train: Epoch  67: train loss 0.0192
2022-01-23 22:54:02,308 root                INFO: Train: Epoch  68: train loss 0.0233
2022-01-23 22:54:08,302 root                INFO: Train: Epoch  69: train loss 0.0203
2022-01-23 22:54:14,289 root                INFO: Train: Epoch  70: train loss 0.0206
2022-01-23 22:54:20,239 root                INFO: Train: Epoch  71: train loss 0.0228
2022-01-23 22:54:26,187 root                INFO: Train: Epoch  72: train loss 0.0214
2022-01-23 22:54:32,147 root                INFO: Train: Epoch  73: train loss 0.0196
2022-01-23 22:54:38,131 root                INFO: Train: Epoch  74: train loss 0.0217
2022-01-23 22:54:44,109 root                INFO: Train: Epoch  75: train loss 0.0188
2022-01-23 22:54:50,091 root                INFO: Train: Epoch  76: train loss 0.0197
2022-01-23 22:54:56,103 root                INFO: Train: Epoch  77: train loss 0.0182
2022-01-23 22:55:02,140 root                INFO: Train: Epoch  78: train loss 0.0179
2022-01-23 22:55:08,170 root                INFO: Train: Epoch  79: train loss 0.0190
2022-01-23 22:55:14,193 root                INFO: Train: Epoch  80: train loss 0.0185
2022-01-23 22:55:20,198 root                INFO: Train: Epoch  81: train loss 0.0174
2022-01-23 22:55:26,189 root                INFO: Train: Epoch  82: train loss 0.0175
2022-01-23 22:55:32,169 root                INFO: Train: Epoch  83: train loss 0.0216
2022-01-23 22:55:38,155 root                INFO: Train: Epoch  84: train loss 0.0188
2022-01-23 22:55:44,132 root                INFO: Train: Epoch  85: train loss 0.0189
2022-01-23 22:55:50,131 root                INFO: Train: Epoch  86: train loss 0.0195
2022-01-23 22:55:56,120 root                INFO: Train: Epoch  87: train loss 0.0185
2022-01-23 22:56:02,091 root                INFO: Train: Epoch  88: train loss 0.0232
2022-01-23 22:56:08,076 root                INFO: Train: Epoch  89: train loss 0.0195
2022-01-23 22:56:14,070 root                INFO: Train: Epoch  90: train loss 0.0175
2022-01-23 22:56:20,075 root                INFO: Train: Epoch  91: train loss 0.0176
2022-01-23 22:56:26,086 root                INFO: Train: Epoch  92: train loss 0.0175
2022-01-23 22:56:32,094 root                INFO: Train: Epoch  93: train loss 0.0179
2022-01-23 22:56:38,082 root                INFO: Train: Epoch  94: train loss 0.0187
2022-01-23 22:56:44,066 root                INFO: Train: Epoch  95: train loss 0.0223
2022-01-23 22:56:50,026 root                INFO: Train: Epoch  96: train loss 0.0187
2022-01-23 22:56:56,009 root                INFO: Train: Epoch  97: train loss 0.0178
2022-01-23 22:57:01,993 root                INFO: Train: Epoch  98: train loss 0.0172
2022-01-23 22:57:07,962 root                INFO: Train: Epoch  99: train loss 0.0197
2022-01-23 22:57:13,920 root                INFO: Train: Epoch 100: train loss 0.0182
2022-01-23 22:57:19,875 root                INFO: Train: Epoch 101: train loss 0.0222
2022-01-23 22:57:25,840 root                INFO: Train: Epoch 102: train loss 0.0193
2022-01-23 22:57:31,858 root                INFO: Train: Epoch 103: train loss 0.0174
2022-01-23 22:57:37,841 root                INFO: Train: Epoch 104: train loss 0.0189
2022-01-23 22:57:43,845 root                INFO: Train: Epoch 105: train loss 0.0180
2022-01-23 22:57:49,844 root                INFO: Train: Epoch 106: train loss 0.0165
2022-01-23 22:57:55,843 root                INFO: Train: Epoch 107: train loss 0.0164
2022-01-23 22:58:01,830 root                INFO: Train: Epoch 108: train loss 0.0202
2022-01-23 22:58:07,816 root                INFO: Train: Epoch 109: train loss 0.0177
2022-01-23 22:58:13,805 root                INFO: Train: Epoch 110: train loss 0.0165
2022-01-23 22:58:19,783 root                INFO: Train: Epoch 111: train loss 0.0169
2022-01-23 22:58:25,776 root                INFO: Train: Epoch 112: train loss 0.0168
2022-01-23 22:58:31,812 root                INFO: Train: Epoch 113: train loss 0.0212
2022-01-23 22:58:37,831 root                INFO: Train: Epoch 114: train loss 0.0194
2022-01-23 22:58:43,876 root                INFO: Train: Epoch 115: train loss 0.0186
2022-01-23 22:58:49,904 root                INFO: Train: Epoch 116: train loss 0.0184
2022-01-23 22:58:55,913 root                INFO: Train: Epoch 117: train loss 0.0236
2022-01-23 22:59:01,943 root                INFO: Train: Epoch 118: train loss 0.0184
2022-01-23 22:59:07,970 root                INFO: Train: Epoch 119: train loss 0.0173
2022-01-23 22:59:13,971 root                INFO: Train: Epoch 120: train loss 0.0163
2022-01-23 22:59:19,985 root                INFO: Train: Epoch 121: train loss 0.0179
2022-01-23 22:59:26,001 root                INFO: Train: Epoch 122: train loss 0.0194
2022-01-23 22:59:32,023 root                INFO: Train: Epoch 123: train loss 0.0180
2022-01-23 22:59:38,000 root                INFO: Train: Epoch 124: train loss 0.0179
2022-01-23 22:59:43,980 root                INFO: Train: Epoch 125: train loss 0.0170
2022-01-23 22:59:49,949 root                INFO: Train: Epoch 126: train loss 0.0173
2022-01-23 22:59:55,916 root                INFO: Train: Epoch 127: train loss 0.0203
2022-01-23 23:00:01,893 root                INFO: Train: Epoch 128: train loss 0.0187
2022-01-23 23:00:07,858 root                INFO: Train: Epoch 129: train loss 0.0221
2022-01-23 23:00:13,837 root                INFO: Train: Epoch 130: train loss 0.0185
2022-01-23 23:00:19,819 root                INFO: Train: Epoch 131: train loss 0.0162
2022-01-23 23:00:25,809 root                INFO: Train: Epoch 132: train loss 0.0178
2022-01-23 23:00:31,775 root                INFO: Train: Epoch 133: train loss 0.0157
2022-01-23 23:00:37,775 root                INFO: Train: Epoch 134: train loss 0.0180
2022-01-23 23:00:43,776 root                INFO: Train: Epoch 135: train loss 0.0214
2022-01-23 23:00:49,785 root                INFO: Train: Epoch 136: train loss 0.0183
2022-01-23 23:00:55,767 root                INFO: Train: Epoch 137: train loss 0.0194
2022-01-23 23:01:01,845 root                INFO: Train: Epoch 138: train loss 0.0178
2022-01-23 23:01:07,820 root                INFO: Train: Epoch 139: train loss 0.0158
2022-01-23 23:01:13,775 root                INFO: Train: Epoch 140: train loss 0.0180
2022-01-23 23:01:19,763 root                INFO: Train: Epoch 141: train loss 0.0155
2022-01-23 23:01:25,803 root                INFO: Train: Epoch 142: train loss 0.0175
2022-01-23 23:01:31,791 root                INFO: Train: Epoch 143: train loss 0.0164
2022-01-23 23:01:37,783 root                INFO: Train: Epoch 144: train loss 0.0167
2022-01-23 23:01:43,764 root                INFO: Train: Epoch 145: train loss 0.0164
2022-01-23 23:01:49,752 root                INFO: Train: Epoch 146: train loss 0.0155
2022-01-23 23:01:55,734 root                INFO: Train: Epoch 147: train loss 0.0152
2022-01-23 23:02:01,716 root                INFO: Train: Epoch 148: train loss 0.0152
2022-01-23 23:02:07,725 root                INFO: Train: Epoch 149: train loss 0.0159
2022-01-23 23:02:13,747 root                INFO: Train: Epoch 150: train loss 0.0171
2022-01-23 23:02:19,747 root                INFO: Train: Epoch 151: train loss 0.0195
2022-01-23 23:02:25,762 root                INFO: Train: Epoch 152: train loss 0.0158
2022-01-23 23:02:31,789 root                INFO: Train: Epoch 153: train loss 0.0182
2022-01-23 23:02:37,842 root                INFO: Train: Epoch 154: train loss 0.0153
2022-01-23 23:02:43,870 root                INFO: Train: Epoch 155: train loss 0.0181
2022-01-23 23:02:49,875 root                INFO: Train: Epoch 156: train loss 0.0168
2022-01-23 23:02:55,871 root                INFO: Train: Epoch 157: train loss 0.0183
2022-01-23 23:03:01,840 root                INFO: Train: Epoch 158: train loss 0.0154
2022-01-23 23:03:07,822 root                INFO: Train: Epoch 159: train loss 0.0148
2022-01-23 23:03:13,817 root                INFO: Train: Epoch 160: train loss 0.0165
2022-01-23 23:03:19,786 root                INFO: Train: Epoch 161: train loss 0.0155
2022-01-23 23:03:25,733 root                INFO: Train: Epoch 162: train loss 0.0144
2022-01-23 23:03:31,706 root                INFO: Train: Epoch 163: train loss 0.0159
2022-01-23 23:03:37,695 root                INFO: Train: Epoch 164: train loss 0.0165
2022-01-23 23:03:43,696 root                INFO: Train: Epoch 165: train loss 0.0159
2022-01-23 23:03:49,687 root                INFO: Train: Epoch 166: train loss 0.0146
2022-01-23 23:03:55,679 root                INFO: Train: Epoch 167: train loss 0.0157
2022-01-23 23:04:01,706 root                INFO: Train: Epoch 168: train loss 0.0144
2022-01-23 23:04:07,716 root                INFO: Train: Epoch 169: train loss 0.0136
2022-01-23 23:04:13,714 root                INFO: Train: Epoch 170: train loss 0.0135
2022-01-23 23:04:19,734 root                INFO: Train: Epoch 171: train loss 0.0136
2022-01-23 23:04:25,747 root                INFO: Train: Epoch 172: train loss 0.0223
2022-01-23 23:04:31,738 root                INFO: Train: Epoch 173: train loss 0.0176
2022-01-23 23:04:37,744 root                INFO: Train: Epoch 174: train loss 0.0168
2022-01-23 23:04:43,768 root                INFO: Train: Epoch 175: train loss 0.0155
2022-01-23 23:04:49,799 root                INFO: Train: Epoch 176: train loss 0.0174
2022-01-23 23:04:55,804 root                INFO: Train: Epoch 177: train loss 0.0185
2022-01-23 23:05:01,812 root                INFO: Train: Epoch 178: train loss 0.0166
2022-01-23 23:05:07,830 root                INFO: Train: Epoch 179: train loss 0.0218
2022-01-23 23:05:13,838 root                INFO: Train: Epoch 180: train loss 0.0173
2022-01-23 23:05:19,884 root                INFO: Train: Epoch 181: train loss 0.0187
2022-01-23 23:05:25,913 root                INFO: Train: Epoch 182: train loss 0.0168
2022-01-23 23:05:31,922 root                INFO: Train: Epoch 183: train loss 0.0168
2022-01-23 23:05:37,929 root                INFO: Train: Epoch 184: train loss 0.0162
2022-01-23 23:05:43,934 root                INFO: Train: Epoch 185: train loss 0.0148
2022-01-23 23:05:49,934 root                INFO: Train: Epoch 186: train loss 0.0144
2022-01-23 23:05:55,938 root                INFO: Train: Epoch 187: train loss 0.0150
2022-01-23 23:06:01,938 root                INFO: Train: Epoch 188: train loss 0.0153
2022-01-23 23:06:07,937 root                INFO: Train: Epoch 189: train loss 0.0154
2022-01-23 23:06:13,921 root                INFO: Train: Epoch 190: train loss 0.0152
2022-01-23 23:06:19,903 root                INFO: Train: Epoch 191: train loss 0.0149
2022-01-23 23:06:25,891 root                INFO: Train: Epoch 192: train loss 0.0138
2022-01-23 23:06:31,892 root                INFO: Train: Epoch 193: train loss 0.0138
2022-01-23 23:06:37,903 root                INFO: Train: Epoch 194: train loss 0.0150
2022-01-23 23:06:43,961 root                INFO: Train: Epoch 195: train loss 0.0138
2022-01-23 23:06:49,989 root                INFO: Train: Epoch 196: train loss 0.0129
2022-01-23 23:06:56,014 root                INFO: Train: Epoch 197: train loss 0.0133
2022-01-23 23:07:02,024 root                INFO: Train: Epoch 198: train loss 0.0134
2022-01-23 23:07:07,991 root                INFO: Train: Epoch 199: train loss 0.0211
2022-01-23 23:07:13,994 root                INFO: Train: Epoch 200: train loss 0.0152
2022-01-23 23:07:30,253 root                INFO: Valid: Epoch 200: kendall tau 0.7706; loss 0.2071
2022-01-23 23:07:30,259 root                INFO: Epoch 200: Save checkpoint to ../results/nb301/nb301_ablation_mask/true/true_0.5/123/21/200.ckpt
2022-01-23 23:07:46,412 root                INFO: [0.0392156862745098, 0.16862745098039217, 0.24901960784313726, 0.654524089306698, 0.7985118464852163, 0.8889411027568922, 1.0]
2022-01-23 23:07:46,412 root                INFO: [60, 60]
