2022-01-21 15:45:38,061 root                INFO: GPU device = 1
2022-01-21 15:45:38,062 root                INFO: Load pkl cache from nasbench101.pkl and nasbench101_valid.pkl
2022-01-21 15:45:38,383 root                INFO: Config: {'arch_network_cfg': {'arch_embedder_cfg': {'gcn_kwargs': {'plus_I': True, 'residual_only': 1}, 'gcn_out_dims': [128, 128, 128, 128, 128], 'backward_gcn_out_dims': [128, 128, 128, 128, 128], 'hid_dim': 96, 'node_embedding_dim': 48, 'op_embedding_dim': 48, 'num_time_steps': 2, 'fb_conversion_dims': [128, 128], 'updateopemb_method': 'concat_ofb', 'updateopemb_dims': [128], 'updateopemb_scale': 0.1, 'b_use_bn': False, 'detach_vinfo': False, 'updateopemb_detach_opemb': True, 'updateopemb_detach_finfo': True, 'symmetry_breaking_method': 'param_zs_add', 'concat_param_zs_as_opemb_dimension': 7, 'concat_param_zs_as_opemb_scale': 1.0, 'mask_nonparametrized_ops': False}, 'arch_embedder_type': 'nb101-fbflow-anytime', 'compare_loss_type': 'margin_linear', 'compare_margin': 0.1, 'mlp_dropout': 0.1, 'mlp_hiddens': [200], 'mlp_out_dim': 1, 'optimizer': {'lr': 0.001, 'type': 'Adam'}, 'scheduler': None}, 'batch_size': 512, 'choose_pair_criterion': 'random', 'compare': False, 'compare_threshold': 0.0, 'epochs': 400, 'max_compare_ratio': 4.0}
2022-01-21 15:45:51,522 root                INFO: Combined args: Namespace(batch_size=512, cfg_file='cfgs/nb101_cfgs/tagates_anytime.yaml', choose_pair_criterion='random', compare=False, compare_threshold=0.0, epochs=400, eval_only_last=200, gpu=1, load=None, max_compare_ratio=4.0, num_workers=4, report_freq=200, save_every=200, save_predict=None, seed=202121, test_funcs=None, test_only=False, train_dir='nb1shot1_anytime_tagates/tagates_0.01/123/202121', train_pkl='../mynas/data/nasbench-1shot1/nasbench101_anytime_train_123.pkl', train_ratio=0.01, valid_pkl='../mynas/data/nasbench-1shot1/nasbench101_anytime_valid.pkl')
2022-01-21 15:45:51,553 root                INFO: Train dataset ratio: 0.010
2022-01-21 15:45:51,554 root                INFO: Number of architectures: train: 72; valid: 7290
2022-01-21 15:45:55,019 root                INFO: Train: Epoch   1: train loss 0.2128
2022-01-21 15:45:55,591 root                INFO: Train: Epoch   2: train loss 0.1958
2022-01-21 15:45:56,460 root                INFO: Train: Epoch   3: train loss 0.1786
2022-01-21 15:45:57,538 root                INFO: Train: Epoch   4: train loss 0.1581
2022-01-21 15:45:58,560 root                INFO: Train: Epoch   5: train loss 0.1333
2022-01-21 15:45:59,612 root                INFO: Train: Epoch   6: train loss 0.1049
2022-01-21 15:46:00,945 root                INFO: Train: Epoch   7: train loss 0.0726
2022-01-21 15:47:17,453 root                INFO: GPU device = 1
2022-01-21 15:47:17,453 root                INFO: Load pkl cache from nasbench101.pkl and nasbench101_valid.pkl
2022-01-21 15:47:17,769 root                INFO: Config: {'arch_network_cfg': {'arch_embedder_cfg': {'gcn_kwargs': {'plus_I': True, 'residual_only': 1}, 'gcn_out_dims': [128, 128, 128, 128, 128], 'backward_gcn_out_dims': [128, 128, 128, 128, 128], 'hid_dim': 96, 'node_embedding_dim': 48, 'op_embedding_dim': 48, 'num_time_steps': 2, 'fb_conversion_dims': [128, 128], 'updateopemb_method': 'concat_ofb', 'updateopemb_dims': [128], 'updateopemb_scale': 0.1, 'b_use_bn': False, 'detach_vinfo': False, 'updateopemb_detach_opemb': True, 'updateopemb_detach_finfo': True, 'symmetry_breaking_method': 'param_zs_add', 'concat_param_zs_as_opemb_dimension': 7, 'concat_param_zs_as_opemb_scale': 1.0, 'mask_nonparametrized_ops': False}, 'arch_embedder_type': 'nb101-fbflow-anytime', 'compare_loss_type': 'margin_linear', 'compare_margin': 0.1, 'mlp_dropout': 0.1, 'mlp_hiddens': [200], 'mlp_out_dim': 1, 'optimizer': {'lr': 0.001, 'type': 'Adam'}, 'scheduler': None}, 'batch_size': 512, 'choose_pair_criterion': 'random', 'compare': False, 'compare_threshold': 0.0, 'epochs': 200, 'max_compare_ratio': 4.0}
2022-01-21 15:47:31,616 root                INFO: Combined args: Namespace(batch_size=512, cfg_file='cfgs/nb101_cfgs/tagates_anytime.yaml', choose_pair_criterion='random', compare=False, compare_threshold=0.0, epochs=200, eval_only_last=200, gpu=1, load=None, max_compare_ratio=4.0, num_workers=4, report_freq=200, save_every=200, save_predict=None, seed=202121, test_funcs=None, test_only=False, train_dir='nb1shot1_anytime_tagates/tagates_0.01/123/202121', train_pkl='../mynas/data/nasbench-1shot1/nasbench101_anytime_train_123.pkl', train_ratio=0.01, valid_pkl='../mynas/data/nasbench-1shot1/nasbench101_anytime_valid.pkl')
2022-01-21 15:47:31,637 root                INFO: Train dataset ratio: 0.010
2022-01-21 15:47:31,638 root                INFO: Number of architectures: train: 72; valid: 7290
2022-01-21 15:47:34,630 root                INFO: Train: Epoch   1: train loss 0.2128
2022-01-21 15:47:36,724 root                INFO: Valid: Epoch   1: kendall tau 0.3356 0.1832; loss 0.03 0.1423
2022-01-21 15:47:37,211 root                INFO: Train: Epoch   2: train loss 0.1957
2022-01-21 15:47:39,150 root                INFO: Valid: Epoch   2: kendall tau 0.3368 0.2074; loss 0.02725 0.1305
2022-01-21 15:47:39,804 root                INFO: Train: Epoch   3: train loss 0.1786
2022-01-21 15:47:41,930 root                INFO: Valid: Epoch   3: kendall tau 0.3317 0.2306; loss 0.02423 0.1169
2022-01-21 15:47:42,458 root                INFO: Train: Epoch   4: train loss 0.1582
2022-01-21 15:47:44,581 root                INFO: Valid: Epoch   4: kendall tau 0.3189 0.2376; loss 0.02106 0.1009
2022-01-21 15:47:45,136 root                INFO: Train: Epoch   5: train loss 0.1331
2022-01-21 15:47:47,390 root                INFO: Valid: Epoch   5: kendall tau 0.3112 0.2425; loss 0.01839 0.0818
2022-01-21 15:47:47,954 root                INFO: Train: Epoch   6: train loss 0.1048
2022-01-21 15:47:50,109 root                INFO: Valid: Epoch   6: kendall tau 0.3064 0.2470; loss 0.01819 0.05792
2022-01-21 15:47:50,738 root                INFO: Train: Epoch   7: train loss 0.0726
2022-01-21 15:47:53,317 root                INFO: Valid: Epoch   7: kendall tau 0.3031 0.2521; loss 0.02521 0.03193
2022-01-21 15:47:54,076 root                INFO: Train: Epoch   8: train loss 0.0443
2022-01-21 15:47:56,104 root                INFO: Valid: Epoch   8: kendall tau 0.3004 0.2548; loss 0.04139 0.01296
2022-01-21 15:47:56,652 root                INFO: Train: Epoch   9: train loss 0.0344
2022-01-21 15:47:58,624 root                INFO: Valid: Epoch   9: kendall tau 0.3027 0.2598; loss 0.05472 0.008764
2022-01-21 15:47:59,108 root                INFO: Train: Epoch  10: train loss 0.0406
2022-01-21 15:48:01,297 root                INFO: Valid: Epoch  10: kendall tau 0.3089 0.2662; loss 0.05452 0.01077
2022-01-21 15:48:01,773 root                INFO: Train: Epoch  11: train loss 0.0424
2022-01-21 15:48:03,655 root                INFO: Valid: Epoch  11: kendall tau 0.3167 0.2732; loss 0.0439 0.01225
2022-01-21 15:48:04,133 root                INFO: Train: Epoch  12: train loss 0.0357
2022-01-21 15:48:06,206 root                INFO: Valid: Epoch  12: kendall tau 0.3283 0.2805; loss 0.03017 0.01247
2022-01-21 15:48:06,802 root                INFO: Train: Epoch  13: train loss 0.0237
2022-01-21 15:48:08,680 root                INFO: Valid: Epoch  13: kendall tau 0.3394 0.2867; loss 0.02054 0.01197
2022-01-21 15:48:09,126 root                INFO: Train: Epoch  14: train loss 0.0184
2022-01-21 15:48:11,338 root                INFO: Valid: Epoch  14: kendall tau 0.3502 0.2935; loss 0.01754 0.01119
2022-01-21 15:48:11,790 root                INFO: Train: Epoch  15: train loss 0.0194
2022-01-21 15:48:13,716 root                INFO: Valid: Epoch  15: kendall tau 0.3474 0.3028; loss 0.01858 0.01043
2022-01-21 15:48:14,202 root                INFO: Train: Epoch  16: train loss 0.0240
2022-01-21 15:48:16,393 root                INFO: Valid: Epoch  16: kendall tau 0.3220 0.3144; loss 0.01971 0.009781
2022-01-21 15:48:16,862 root                INFO: Train: Epoch  17: train loss 0.0260
2022-01-21 15:48:19,042 root                INFO: Valid: Epoch  17: kendall tau 0.3162 0.3263; loss 0.01982 0.009264
2022-01-21 15:48:19,580 root                INFO: Train: Epoch  18: train loss 0.0261
2022-01-21 15:48:21,521 root                INFO: Valid: Epoch  18: kendall tau 0.3284 0.3385; loss 0.01922 0.008887
2022-01-21 15:48:22,010 root                INFO: Train: Epoch  19: train loss 0.0236
2022-01-21 15:48:24,062 root                INFO: Valid: Epoch  19: kendall tau 0.3353 0.3508; loss 0.01844 0.008645
2022-01-21 15:48:24,530 root                INFO: Train: Epoch  20: train loss 0.0223
2022-01-21 15:48:26,728 root                INFO: Valid: Epoch  20: kendall tau 0.3360 0.3619; loss 0.01781 0.008508
2022-01-21 15:48:27,242 root                INFO: Train: Epoch  21: train loss 0.0194
2022-01-21 15:48:29,456 root                INFO: Valid: Epoch  21: kendall tau 0.3353 0.3725; loss 0.01755 0.008436
2022-01-21 15:48:30,030 root                INFO: Train: Epoch  22: train loss 0.0172
2022-01-21 15:48:32,487 root                INFO: Valid: Epoch  22: kendall tau 0.3349 0.3826; loss 0.01777 0.008408
2022-01-21 15:48:32,963 root                INFO: Train: Epoch  23: train loss 0.0156
2022-01-21 15:48:34,916 root                INFO: Valid: Epoch  23: kendall tau 0.3343 0.3918; loss 0.0185 0.008417
2022-01-21 15:48:35,354 root                INFO: Train: Epoch  24: train loss 0.0149
2022-01-21 15:48:37,538 root                INFO: Valid: Epoch  24: kendall tau 0.3334 0.4003; loss 0.01969 0.008443
2022-01-21 15:48:38,059 root                INFO: Train: Epoch  25: train loss 0.0148
2022-01-21 15:48:40,004 root                INFO: Valid: Epoch  25: kendall tau 0.3318 0.4085; loss 0.02115 0.008459
2022-01-21 15:48:40,472 root                INFO: Train: Epoch  26: train loss 0.0153
2022-01-21 15:48:42,741 root                INFO: Valid: Epoch  26: kendall tau 0.3303 0.4163; loss 0.02253 0.008439
2022-01-21 15:48:43,283 root                INFO: Train: Epoch  27: train loss 0.0152
2022-01-21 15:48:45,640 root                INFO: Valid: Epoch  27: kendall tau 0.3291 0.4233; loss 0.02354 0.008367
2022-01-21 15:48:46,186 root                INFO: Train: Epoch  28: train loss 0.0150
2022-01-21 15:48:48,478 root                INFO: Valid: Epoch  28: kendall tau 0.3278 0.4302; loss 0.02398 0.008258
2022-01-21 15:48:48,887 root                INFO: Train: Epoch  29: train loss 0.0151
2022-01-21 15:48:50,867 root                INFO: Valid: Epoch  29: kendall tau 0.3263 0.4368; loss 0.02387 0.008162
2022-01-21 15:48:51,356 root                INFO: Train: Epoch  30: train loss 0.0156
2022-01-21 15:48:53,522 root                INFO: Valid: Epoch  30: kendall tau 0.3244 0.4429; loss 0.02337 0.008126
2022-01-21 15:48:54,091 root                INFO: Train: Epoch  31: train loss 0.0150
2022-01-21 15:48:56,173 root                INFO: Valid: Epoch  31: kendall tau 0.3224 0.4481; loss 0.02267 0.008167
2022-01-21 15:48:56,647 root                INFO: Train: Epoch  32: train loss 0.0151
2022-01-21 15:48:58,780 root                INFO: Valid: Epoch  32: kendall tau 0.3202 0.4527; loss 0.02193 0.00826
2022-01-21 15:48:59,409 root                INFO: Train: Epoch  33: train loss 0.0151
2022-01-21 15:49:01,298 root                INFO: Valid: Epoch  33: kendall tau 0.3179 0.4570; loss 0.02129 0.008348
2022-01-21 15:49:01,844 root                INFO: Train: Epoch  34: train loss 0.0151
2022-01-21 15:49:04,049 root                INFO: Valid: Epoch  34: kendall tau 0.3154 0.4607; loss 0.02083 0.008369
2022-01-21 15:49:04,459 root                INFO: Train: Epoch  35: train loss 0.0148
2022-01-21 15:49:06,456 root                INFO: Valid: Epoch  35: kendall tau 0.3129 0.4639; loss 0.02053 0.008312
2022-01-21 15:49:06,832 root                INFO: Train: Epoch  36: train loss 0.0149
2022-01-21 15:49:09,003 root                INFO: Valid: Epoch  36: kendall tau 0.3104 0.4665; loss 0.0204 0.008199
2022-01-21 15:49:09,501 root                INFO: Train: Epoch  37: train loss 0.0143
2022-01-21 15:49:11,340 root                INFO: Valid: Epoch  37: kendall tau 0.3077 0.4687; loss 0.02036 0.0081
2022-01-21 15:49:11,940 root                INFO: Train: Epoch  38: train loss 0.0136
2022-01-21 15:49:14,090 root                INFO: Valid: Epoch  38: kendall tau 0.3054 0.4705; loss 0.02044 0.008069
2022-01-21 15:49:14,710 root                INFO: Train: Epoch  39: train loss 0.0140
2022-01-21 15:49:16,735 root                INFO: Valid: Epoch  39: kendall tau 0.3031 0.4719; loss 0.02053 0.008139
2022-01-21 15:49:17,194 root                INFO: Train: Epoch  40: train loss 0.0136
2022-01-21 15:49:19,475 root                INFO: Valid: Epoch  40: kendall tau 0.3009 0.4732; loss 0.02061 0.008293
2022-01-21 15:49:19,911 root                INFO: Train: Epoch  41: train loss 0.0133
2022-01-21 15:49:21,893 root                INFO: Valid: Epoch  41: kendall tau 0.2990 0.4742; loss 0.02059 0.008471
2022-01-21 15:49:22,318 root                INFO: Train: Epoch  42: train loss 0.0138
2022-01-21 15:49:24,498 root                INFO: Valid: Epoch  42: kendall tau 0.2973 0.4752; loss 0.02044 0.008614
2022-01-21 15:49:24,970 root                INFO: Train: Epoch  43: train loss 0.0136
2022-01-21 15:49:27,167 root                INFO: Valid: Epoch  43: kendall tau 0.2957 0.4762; loss 0.02022 0.008701
2022-01-21 15:49:27,715 root                INFO: Train: Epoch  44: train loss 0.0134
2022-01-21 15:49:29,797 root                INFO: Valid: Epoch  44: kendall tau 0.2942 0.4770; loss 0.01995 0.008729
2022-01-21 15:49:30,256 root                INFO: Train: Epoch  45: train loss 0.0135
2022-01-21 15:49:32,222 root                INFO: Valid: Epoch  45: kendall tau 0.2927 0.4778; loss 0.01966 0.0087
2022-01-21 15:49:32,695 root                INFO: Train: Epoch  46: train loss 0.0137
2022-01-21 15:49:34,889 root                INFO: Valid: Epoch  46: kendall tau 0.2913 0.4785; loss 0.01937 0.008633
2022-01-21 15:49:35,361 root                INFO: Train: Epoch  47: train loss 0.0131
2022-01-21 15:49:37,457 root                INFO: Valid: Epoch  47: kendall tau 0.2900 0.4791; loss 0.01915 0.00857
2022-01-21 15:49:37,972 root                INFO: Train: Epoch  48: train loss 0.0136
2022-01-21 15:49:40,119 root                INFO: Valid: Epoch  48: kendall tau 0.2888 0.4797; loss 0.019 0.008502
2022-01-21 15:49:40,864 root                INFO: Train: Epoch  49: train loss 0.0132
2022-01-21 15:49:43,038 root                INFO: Valid: Epoch  49: kendall tau 0.2877 0.4801; loss 0.01891 0.008452
2022-01-21 15:49:43,652 root                INFO: Train: Epoch  50: train loss 0.0134
2022-01-21 15:49:45,861 root                INFO: Valid: Epoch  50: kendall tau 0.2868 0.4804; loss 0.01891 0.008426
2022-01-21 15:49:46,545 root                INFO: Train: Epoch  51: train loss 0.0134
2022-01-21 15:49:48,678 root                INFO: Valid: Epoch  51: kendall tau 0.2862 0.4807; loss 0.01897 0.008415
2022-01-21 15:49:49,183 root                INFO: Train: Epoch  52: train loss 0.0133
2022-01-21 15:49:51,509 root                INFO: Valid: Epoch  52: kendall tau 0.2856 0.4811; loss 0.01909 0.008417
2022-01-21 15:49:52,020 root                INFO: Train: Epoch  53: train loss 0.0129
2022-01-21 15:49:53,974 root                INFO: Valid: Epoch  53: kendall tau 0.2852 0.4813; loss 0.01926 0.008424
2022-01-21 15:49:54,515 root                INFO: Train: Epoch  54: train loss 0.0128
2022-01-21 15:49:56,694 root                INFO: Valid: Epoch  54: kendall tau 0.2850 0.4816; loss 0.01945 0.008434
2022-01-21 15:49:57,200 root                INFO: Train: Epoch  55: train loss 0.0130
2022-01-21 15:49:59,190 root                INFO: Valid: Epoch  55: kendall tau 0.2847 0.4818; loss 0.01966 0.008441
2022-01-21 15:49:59,631 root                INFO: Train: Epoch  56: train loss 0.0129
2022-01-21 15:50:01,956 root                INFO: Valid: Epoch  56: kendall tau 0.2846 0.4820; loss 0.01986 0.008446
2022-01-21 15:50:02,500 root                INFO: Train: Epoch  57: train loss 0.0128
2022-01-21 15:50:04,479 root                INFO: Valid: Epoch  57: kendall tau 0.2845 0.4822; loss 0.02004 0.008438
2022-01-21 15:50:04,993 root                INFO: Train: Epoch  58: train loss 0.0128
2022-01-21 15:50:07,080 root                INFO: Valid: Epoch  58: kendall tau 0.2845 0.4823; loss 0.02017 0.008415
2022-01-21 15:50:07,598 root                INFO: Train: Epoch  59: train loss 0.0121
2022-01-21 15:50:09,733 root                INFO: Valid: Epoch  59: kendall tau 0.2847 0.4824; loss 0.02026 0.008386
2022-01-21 15:50:10,369 root                INFO: Train: Epoch  60: train loss 0.0127
2022-01-21 15:50:12,442 root                INFO: Valid: Epoch  60: kendall tau 0.2849 0.4824; loss 0.02032 0.008358
2022-01-21 15:50:12,956 root                INFO: Train: Epoch  61: train loss 0.0128
2022-01-21 15:50:15,062 root                INFO: Valid: Epoch  61: kendall tau 0.2851 0.4823; loss 0.0203 0.008316
2022-01-21 15:50:15,661 root                INFO: Train: Epoch  62: train loss 0.0128
2022-01-21 15:50:18,055 root                INFO: Valid: Epoch  62: kendall tau 0.2853 0.4822; loss 0.02022 0.008275
2022-01-21 15:50:18,657 root                INFO: Train: Epoch  63: train loss 0.0131
2022-01-21 15:50:20,875 root                INFO: Valid: Epoch  63: kendall tau 0.2856 0.4822; loss 0.02012 0.008244
2022-01-21 15:50:21,640 root                INFO: Train: Epoch  64: train loss 0.0126
2022-01-21 15:50:24,028 root                INFO: Valid: Epoch  64: kendall tau 0.2861 0.4822; loss 0.02005 0.008227
2022-01-21 15:50:25,006 root                INFO: Train: Epoch  65: train loss 0.0123
2022-01-21 15:50:27,056 root                INFO: Valid: Epoch  65: kendall tau 0.2867 0.4825; loss 0.02001 0.008223
2022-01-21 15:50:27,970 root                INFO: Train: Epoch  66: train loss 0.0125
2022-01-21 15:50:30,635 root                INFO: Valid: Epoch  66: kendall tau 0.2874 0.4828; loss 0.02002 0.008233
2022-01-21 15:50:31,373 root                INFO: Train: Epoch  67: train loss 0.0126
2022-01-21 15:50:33,449 root                INFO: Valid: Epoch  67: kendall tau 0.2881 0.4832; loss 0.02003 0.008251
2022-01-21 15:50:34,102 root                INFO: Train: Epoch  68: train loss 0.0124
2022-01-21 15:50:36,618 root                INFO: Valid: Epoch  68: kendall tau 0.2890 0.4835; loss 0.02003 0.008278
2022-01-21 15:50:37,220 root                INFO: Train: Epoch  69: train loss 0.0124
2022-01-21 15:50:39,467 root                INFO: Valid: Epoch  69: kendall tau 0.2899 0.4837; loss 0.02001 0.008309
2022-01-21 15:50:40,025 root                INFO: Train: Epoch  70: train loss 0.0125
2022-01-21 15:50:42,346 root                INFO: Valid: Epoch  70: kendall tau 0.2910 0.4838; loss 0.01994 0.008334
2022-01-21 15:50:42,909 root                INFO: Train: Epoch  71: train loss 0.0122
2022-01-21 15:50:44,979 root                INFO: Valid: Epoch  71: kendall tau 0.2921 0.4840; loss 0.01985 0.00836
2022-01-21 15:50:45,504 root                INFO: Train: Epoch  72: train loss 0.0121
2022-01-21 15:50:47,753 root                INFO: Valid: Epoch  72: kendall tau 0.2934 0.4841; loss 0.01974 0.008376
2022-01-21 15:50:48,453 root                INFO: Train: Epoch  73: train loss 0.0119
2022-01-21 15:50:50,727 root                INFO: Valid: Epoch  73: kendall tau 0.2947 0.4841; loss 0.01958 0.008377
2022-01-21 15:50:51,407 root                INFO: Train: Epoch  74: train loss 0.0119
2022-01-21 15:50:53,585 root                INFO: Valid: Epoch  74: kendall tau 0.2960 0.4841; loss 0.01943 0.008375
2022-01-21 15:50:54,295 root                INFO: Train: Epoch  75: train loss 0.0121
2022-01-21 15:50:56,277 root                INFO: Valid: Epoch  75: kendall tau 0.2973 0.4843; loss 0.01933 0.008377
2022-01-21 15:50:56,933 root                INFO: Train: Epoch  76: train loss 0.0119
2022-01-21 15:50:59,398 root                INFO: Valid: Epoch  76: kendall tau 0.2985 0.4847; loss 0.01926 0.008385
2022-01-21 15:50:59,916 root                INFO: Train: Epoch  77: train loss 0.0119
2022-01-21 15:51:01,891 root                INFO: Valid: Epoch  77: kendall tau 0.2998 0.4853; loss 0.01919 0.008388
2022-01-21 15:51:02,545 root                INFO: Train: Epoch  78: train loss 0.0119
2022-01-21 15:51:04,623 root                INFO: Valid: Epoch  78: kendall tau 0.3010 0.4865; loss 0.01921 0.008408
2022-01-21 15:51:05,190 root                INFO: Train: Epoch  79: train loss 0.0119
2022-01-21 15:51:07,517 root                INFO: Valid: Epoch  79: kendall tau 0.3022 0.4879; loss 0.01922 0.008418
2022-01-21 15:51:08,045 root                INFO: Train: Epoch  80: train loss 0.0118
2022-01-21 15:51:10,068 root                INFO: Valid: Epoch  80: kendall tau 0.3035 0.4896; loss 0.01923 0.008422
2022-01-21 15:51:10,588 root                INFO: Train: Epoch  81: train loss 0.0120
2022-01-21 15:51:12,916 root                INFO: Valid: Epoch  81: kendall tau 0.3045 0.4918; loss 0.01931 0.00844
2022-01-21 15:51:13,515 root                INFO: Train: Epoch  82: train loss 0.0117
2022-01-21 15:51:15,496 root                INFO: Valid: Epoch  82: kendall tau 0.3053 0.4938; loss 0.01936 0.008433
2022-01-21 15:51:16,131 root                INFO: Train: Epoch  83: train loss 0.0117
2022-01-21 15:51:18,292 root                INFO: Valid: Epoch  83: kendall tau 0.3058 0.4958; loss 0.01939 0.008409
2022-01-21 15:51:18,990 root                INFO: Train: Epoch  84: train loss 0.0116
2022-01-21 15:51:20,948 root                INFO: Valid: Epoch  84: kendall tau 0.3060 0.4974; loss 0.01934 0.008355
2022-01-21 15:51:21,460 root                INFO: Train: Epoch  85: train loss 0.0113
2022-01-21 15:51:23,522 root                INFO: Valid: Epoch  85: kendall tau 0.3064 0.4990; loss 0.01934 0.008315
2022-01-21 15:51:24,069 root                INFO: Train: Epoch  86: train loss 0.0113
2022-01-21 15:51:26,059 root                INFO: Valid: Epoch  86: kendall tau 0.3064 0.5009; loss 0.01933 0.008261
2022-01-21 15:51:26,580 root                INFO: Train: Epoch  87: train loss 0.0114
2022-01-21 15:51:28,661 root                INFO: Valid: Epoch  87: kendall tau 0.3069 0.5040; loss 0.01951 0.008265
2022-01-21 15:51:29,192 root                INFO: Train: Epoch  88: train loss 0.0111
2022-01-21 15:51:31,132 root                INFO: Valid: Epoch  88: kendall tau 0.3074 0.5075; loss 0.01973 0.008278
2022-01-21 15:51:31,662 root                INFO: Train: Epoch  89: train loss 0.0113
2022-01-21 15:51:33,776 root                INFO: Valid: Epoch  89: kendall tau 0.3075 0.5091; loss 0.01981 0.00825
2022-01-21 15:51:34,393 root                INFO: Train: Epoch  90: train loss 0.0111
2022-01-21 15:51:36,352 root                INFO: Valid: Epoch  90: kendall tau 0.3065 0.5088; loss 0.01977 0.00819
2022-01-21 15:51:36,792 root                INFO: Train: Epoch  91: train loss 0.0105
2022-01-21 15:51:38,944 root                INFO: Valid: Epoch  91: kendall tau 0.3047 0.5068; loss 0.01959 0.008092
2022-01-21 15:51:39,442 root                INFO: Train: Epoch  92: train loss 0.0109
2022-01-21 15:51:41,499 root                INFO: Valid: Epoch  92: kendall tau 0.3038 0.5068; loss 0.01979 0.008111
2022-01-21 15:51:41,897 root                INFO: Train: Epoch  93: train loss 0.0103
2022-01-21 15:51:44,054 root                INFO: Valid: Epoch  93: kendall tau 0.3043 0.5118; loss 0.02061 0.008322
2022-01-21 15:51:44,606 root                INFO: Train: Epoch  94: train loss 0.0105
2022-01-21 15:51:46,540 root                INFO: Valid: Epoch  94: kendall tau 0.3019 0.5048; loss 0.02014 0.008151
2022-01-21 15:51:47,055 root                INFO: Train: Epoch  95: train loss 0.0102
2022-01-21 15:51:49,458 root                INFO: Valid: Epoch  95: kendall tau 0.3003 0.4964; loss 0.01972 0.008001
2022-01-21 15:51:50,079 root                INFO: Train: Epoch  96: train loss 0.0103
2022-01-21 15:51:52,071 root                INFO: Valid: Epoch  96: kendall tau 0.3005 0.4928; loss 0.01988 0.008034
2022-01-21 15:51:52,564 root                INFO: Train: Epoch  97: train loss 0.0103
2022-01-21 15:51:55,031 root                INFO: Valid: Epoch  97: kendall tau 0.3029 0.4932; loss 0.02061 0.008253
2022-01-21 15:51:55,505 root                INFO: Train: Epoch  98: train loss 0.0100
2022-01-21 15:51:57,503 root                INFO: Valid: Epoch  98: kendall tau 0.3039 0.4863; loss 0.02063 0.00828
2022-01-21 15:51:58,081 root                INFO: Train: Epoch  99: train loss 0.0096
2022-01-21 15:52:00,321 root                INFO: Valid: Epoch  99: kendall tau 0.3036 0.4746; loss 0.02023 0.008187
2022-01-21 15:52:00,993 root                INFO: Train: Epoch 100: train loss 0.0091
2022-01-21 15:52:03,053 root                INFO: Valid: Epoch 100: kendall tau 0.3066 0.4695; loss 0.02058 0.008281
2022-01-21 15:52:03,584 root                INFO: Train: Epoch 101: train loss 0.0092
2022-01-21 15:52:05,818 root                INFO: Valid: Epoch 101: kendall tau 0.3093 0.4610; loss 0.02032 0.00817
2022-01-21 15:52:06,322 root                INFO: Train: Epoch 102: train loss 0.0088
2022-01-21 15:52:08,149 root                INFO: Valid: Epoch 102: kendall tau 0.3140 0.4585; loss 0.02083 0.008214
2022-01-21 15:52:08,607 root                INFO: Train: Epoch 103: train loss 0.0090
2022-01-21 15:52:10,576 root                INFO: Valid: Epoch 103: kendall tau 0.3154 0.4446; loss 0.01986 0.007894
2022-01-21 15:52:10,961 root                INFO: Train: Epoch 104: train loss 0.0088
2022-01-21 15:52:13,102 root                INFO: Valid: Epoch 104: kendall tau 0.3214 0.4478; loss 0.02088 0.00806
2022-01-21 15:52:13,504 root                INFO: Train: Epoch 105: train loss 0.0084
2022-01-21 15:52:15,754 root                INFO: Valid: Epoch 105: kendall tau 0.3276 0.4467; loss 0.0211 0.008045
2022-01-21 15:52:16,176 root                INFO: Train: Epoch 106: train loss 0.0086
2022-01-21 15:52:18,376 root                INFO: Valid: Epoch 106: kendall tau 0.3284 0.4316; loss 0.01894 0.007616
2022-01-21 15:52:18,848 root                INFO: Train: Epoch 107: train loss 0.0085
2022-01-21 15:52:20,806 root                INFO: Valid: Epoch 107: kendall tau 0.3388 0.4450; loss 0.02041 0.007893
2022-01-21 15:52:21,339 root                INFO: Train: Epoch 108: train loss 0.0082
2022-01-21 15:52:23,409 root                INFO: Valid: Epoch 108: kendall tau 0.3458 0.4526; loss 0.02052 0.007951
2022-01-21 15:52:23,959 root                INFO: Train: Epoch 109: train loss 0.0079
2022-01-21 15:52:25,890 root                INFO: Valid: Epoch 109: kendall tau 0.3471 0.4491; loss 0.01846 0.007626
2022-01-21 15:52:26,352 root                INFO: Train: Epoch 110: train loss 0.0080
2022-01-21 15:52:28,625 root                INFO: Valid: Epoch 110: kendall tau 0.3535 0.4614; loss 0.01895 0.00772
2022-01-21 15:52:29,021 root                INFO: Train: Epoch 111: train loss 0.0079
2022-01-21 15:52:31,124 root                INFO: Valid: Epoch 111: kendall tau 0.3586 0.4721; loss 0.01962 0.007838
2022-01-21 15:52:31,611 root                INFO: Train: Epoch 112: train loss 0.0077
2022-01-21 15:52:33,797 root                INFO: Valid: Epoch 112: kendall tau 0.3608 0.4697; loss 0.01763 0.007441
2022-01-21 15:52:34,313 root                INFO: Train: Epoch 113: train loss 0.0077
2022-01-21 15:52:36,421 root                INFO: Valid: Epoch 113: kendall tau 0.3678 0.4779; loss 0.01836 0.007451
2022-01-21 15:52:37,037 root                INFO: Train: Epoch 114: train loss 0.0074
2022-01-21 15:52:39,142 root                INFO: Valid: Epoch 114: kendall tau 0.3735 0.4864; loss 0.01951 0.00758
2022-01-21 15:52:39,641 root                INFO: Train: Epoch 115: train loss 0.0076
2022-01-21 15:52:41,801 root                INFO: Valid: Epoch 115: kendall tau 0.3731 0.4815; loss 0.0171 0.007287
2022-01-21 15:52:42,518 root                INFO: Train: Epoch 116: train loss 0.0075
2022-01-21 15:52:44,808 root                INFO: Valid: Epoch 116: kendall tau 0.3781 0.4868; loss 0.01774 0.007392
2022-01-21 15:52:45,433 root                INFO: Train: Epoch 117: train loss 0.0071
2022-01-21 15:52:47,762 root                INFO: Valid: Epoch 117: kendall tau 0.3831 0.4928; loss 0.01899 0.007628
2022-01-21 15:52:48,344 root                INFO: Train: Epoch 118: train loss 0.0076
2022-01-21 15:52:50,786 root                INFO: Valid: Epoch 118: kendall tau 0.3825 0.4896; loss 0.01703 0.007387
2022-01-21 15:52:51,307 root                INFO: Train: Epoch 119: train loss 0.0072
2022-01-21 15:52:53,553 root                INFO: Valid: Epoch 119: kendall tau 0.3853 0.4923; loss 0.01726 0.007396
2022-01-21 15:52:54,045 root                INFO: Train: Epoch 120: train loss 0.0073
2022-01-21 15:52:56,131 root                INFO: Valid: Epoch 120: kendall tau 0.3894 0.4965; loss 0.0187 0.007536
2022-01-21 15:52:56,649 root                INFO: Train: Epoch 121: train loss 0.0071
2022-01-21 15:52:58,589 root                INFO: Valid: Epoch 121: kendall tau 0.3877 0.4939; loss 0.01689 0.007255
2022-01-21 15:52:59,069 root                INFO: Train: Epoch 122: train loss 0.0074
2022-01-21 15:53:01,218 root                INFO: Valid: Epoch 122: kendall tau 0.3891 0.4961; loss 0.01697 0.007208
2022-01-21 15:53:01,849 root                INFO: Train: Epoch 123: train loss 0.0069
2022-01-21 15:53:03,851 root                INFO: Valid: Epoch 123: kendall tau 0.3916 0.5009; loss 0.0183 0.007298
2022-01-21 15:53:04,304 root                INFO: Train: Epoch 124: train loss 0.0071
2022-01-21 15:53:06,449 root                INFO: Valid: Epoch 124: kendall tau 0.3897 0.5007; loss 0.01766 0.007208
2022-01-21 15:53:07,006 root                INFO: Train: Epoch 125: train loss 0.0067
2022-01-21 15:53:08,888 root                INFO: Valid: Epoch 125: kendall tau 0.3868 0.5009; loss 0.01704 0.007168
2022-01-21 15:53:09,368 root                INFO: Train: Epoch 126: train loss 0.0066
2022-01-21 15:53:11,838 root                INFO: Valid: Epoch 126: kendall tau 0.3867 0.5050; loss 0.01803 0.00737
2022-01-21 15:53:12,457 root                INFO: Train: Epoch 127: train loss 0.0066
2022-01-21 15:53:14,511 root                INFO: Valid: Epoch 127: kendall tau 0.3849 0.5073; loss 0.01754 0.007365
2022-01-21 15:53:15,090 root                INFO: Train: Epoch 128: train loss 0.0068
2022-01-21 15:53:17,266 root                INFO: Valid: Epoch 128: kendall tau 0.3833 0.5103; loss 0.01709 0.007316
2022-01-21 15:53:17,835 root                INFO: Train: Epoch 129: train loss 0.0066
2022-01-21 15:53:19,882 root                INFO: Valid: Epoch 129: kendall tau 0.3833 0.5145; loss 0.01759 0.007299
2022-01-21 15:53:20,372 root                INFO: Train: Epoch 130: train loss 0.0067
2022-01-21 15:53:22,529 root                INFO: Valid: Epoch 130: kendall tau 0.3827 0.5136; loss 0.01765 0.007235
2022-01-21 15:53:23,066 root                INFO: Train: Epoch 131: train loss 0.0064
2022-01-21 15:53:25,155 root                INFO: Valid: Epoch 131: kendall tau 0.3809 0.5156; loss 0.01695 0.007167
2022-01-21 15:53:25,651 root                INFO: Train: Epoch 132: train loss 0.0064
2022-01-21 15:53:27,929 root                INFO: Valid: Epoch 132: kendall tau 0.3815 0.5196; loss 0.01776 0.007385
2022-01-21 15:53:28,522 root                INFO: Train: Epoch 133: train loss 0.0066
2022-01-21 15:53:30,389 root                INFO: Valid: Epoch 133: kendall tau 0.3815 0.5191; loss 0.01734 0.007418
2022-01-21 15:53:30,940 root                INFO: Train: Epoch 134: train loss 0.0063
2022-01-21 15:53:33,051 root                INFO: Valid: Epoch 134: kendall tau 0.3818 0.5193; loss 0.01723 0.007415
2022-01-21 15:53:33,577 root                INFO: Train: Epoch 135: train loss 0.0065
2022-01-21 15:53:35,507 root                INFO: Valid: Epoch 135: kendall tau 0.3839 0.5187; loss 0.01715 0.007331
2022-01-21 15:53:36,108 root                INFO: Train: Epoch 136: train loss 0.0059
2022-01-21 15:53:38,411 root                INFO: Valid: Epoch 136: kendall tau 0.3858 0.5152; loss 0.01651 0.00716
2022-01-21 15:53:38,902 root                INFO: Train: Epoch 137: train loss 0.0061
2022-01-21 15:53:41,163 root                INFO: Valid: Epoch 137: kendall tau 0.3884 0.5109; loss 0.01754 0.007294
2022-01-21 15:53:41,701 root                INFO: Train: Epoch 138: train loss 0.0059
2022-01-21 15:53:43,791 root                INFO: Valid: Epoch 138: kendall tau 0.3909 0.5090; loss 0.01689 0.007245
2022-01-21 15:53:44,328 root                INFO: Train: Epoch 139: train loss 0.0060
2022-01-21 15:53:46,554 root                INFO: Valid: Epoch 139: kendall tau 0.3918 0.5136; loss 0.01624 0.007283
2022-01-21 15:53:47,225 root                INFO: Train: Epoch 140: train loss 0.0058
2022-01-21 15:53:49,929 root                INFO: Valid: Epoch 140: kendall tau 0.3940 0.5151; loss 0.01764 0.007646
2022-01-21 15:53:50,454 root                INFO: Train: Epoch 141: train loss 0.0058
2022-01-21 15:53:52,425 root                INFO: Valid: Epoch 141: kendall tau 0.3951 0.5083; loss 0.01521 0.007241
2022-01-21 15:53:52,913 root                INFO: Train: Epoch 142: train loss 0.0057
2022-01-21 15:53:55,147 root                INFO: Valid: Epoch 142: kendall tau 0.3982 0.5179; loss 0.01719 0.007485
2022-01-21 15:53:55,780 root                INFO: Train: Epoch 143: train loss 0.0055
2022-01-21 15:53:57,843 root                INFO: Valid: Epoch 143: kendall tau 0.3991 0.5175; loss 0.01629 0.007259
2022-01-21 15:53:58,330 root                INFO: Train: Epoch 144: train loss 0.0052
2022-01-21 15:54:00,586 root                INFO: Valid: Epoch 144: kendall tau 0.3988 0.5146; loss 0.01583 0.0072
2022-01-21 15:54:01,082 root                INFO: Train: Epoch 145: train loss 0.0053
2022-01-21 15:54:03,111 root                INFO: Valid: Epoch 145: kendall tau 0.3971 0.5154; loss 0.01621 0.00733
2022-01-21 15:54:03,562 root                INFO: Train: Epoch 146: train loss 0.0053
2022-01-21 15:54:05,683 root                INFO: Valid: Epoch 146: kendall tau 0.3955 0.5154; loss 0.0164 0.007531
2022-01-21 15:54:06,109 root                INFO: Train: Epoch 147: train loss 0.0051
2022-01-21 15:54:08,144 root                INFO: Valid: Epoch 147: kendall tau 0.3934 0.5063; loss 0.01562 0.007626
2022-01-21 15:54:08,651 root                INFO: Train: Epoch 148: train loss 0.0050
2022-01-21 15:54:10,709 root                INFO: Valid: Epoch 148: kendall tau 0.3908 0.5011; loss 0.01699 0.007839
2022-01-21 15:54:11,345 root                INFO: Train: Epoch 149: train loss 0.0048
2022-01-21 15:54:13,132 root                INFO: Valid: Epoch 149: kendall tau 0.3890 0.4977; loss 0.01687 0.00742
2022-01-21 15:54:13,749 root                INFO: Train: Epoch 150: train loss 0.0047
2022-01-21 15:54:16,119 root                INFO: Valid: Epoch 150: kendall tau 0.3862 0.4971; loss 0.01604 0.006846
2022-01-21 15:54:16,875 root                INFO: Train: Epoch 151: train loss 0.0046
2022-01-21 15:54:19,195 root                INFO: Valid: Epoch 151: kendall tau 0.3804 0.4987; loss 0.01858 0.007218
2022-01-21 15:54:19,779 root                INFO: Train: Epoch 152: train loss 0.0046
2022-01-21 15:54:22,014 root                INFO: Valid: Epoch 152: kendall tau 0.3730 0.4937; loss 0.01595 0.00702
2022-01-21 15:54:22,529 root                INFO: Train: Epoch 153: train loss 0.0042
2022-01-21 15:54:24,673 root                INFO: Valid: Epoch 153: kendall tau 0.3672 0.4955; loss 0.01872 0.007811
2022-01-21 15:54:25,147 root                INFO: Train: Epoch 154: train loss 0.0043
2022-01-21 15:54:27,370 root                INFO: Valid: Epoch 154: kendall tau 0.3656 0.4939; loss 0.01629 0.007242
2022-01-21 15:54:27,793 root                INFO: Train: Epoch 155: train loss 0.0040
2022-01-21 15:54:30,031 root                INFO: Valid: Epoch 155: kendall tau 0.3663 0.5003; loss 0.01731 0.006986
2022-01-21 15:54:30,805 root                INFO: Train: Epoch 156: train loss 0.0039
2022-01-21 15:54:32,848 root                INFO: Valid: Epoch 156: kendall tau 0.3680 0.5103; loss 0.01877 0.006685
2022-01-21 15:54:33,352 root                INFO: Train: Epoch 157: train loss 0.0041
2022-01-21 15:54:35,788 root                INFO: Valid: Epoch 157: kendall tau 0.3682 0.5204; loss 0.01579 0.006004
2022-01-21 15:54:36,386 root                INFO: Train: Epoch 158: train loss 0.0042
2022-01-21 15:54:38,429 root                INFO: Valid: Epoch 158: kendall tau 0.3646 0.5360; loss 0.01898 0.006432
2022-01-21 15:54:39,018 root                INFO: Train: Epoch 159: train loss 0.0036
2022-01-21 15:54:41,372 root                INFO: Valid: Epoch 159: kendall tau 0.3612 0.5406; loss 0.01792 0.006389
2022-01-21 15:54:41,889 root                INFO: Train: Epoch 160: train loss 0.0035
2022-01-21 15:54:43,803 root                INFO: Valid: Epoch 160: kendall tau 0.3577 0.5378; loss 0.01594 0.006209
2022-01-21 15:54:44,285 root                INFO: Train: Epoch 161: train loss 0.0041
2022-01-21 15:54:46,286 root                INFO: Valid: Epoch 161: kendall tau 0.3539 0.5429; loss 0.01846 0.006602
2022-01-21 15:54:46,887 root                INFO: Train: Epoch 162: train loss 0.0035
2022-01-21 15:54:49,371 root                INFO: Valid: Epoch 162: kendall tau 0.3506 0.5458; loss 0.01955 0.006783
2022-01-21 15:54:49,887 root                INFO: Train: Epoch 163: train loss 0.0040
2022-01-21 15:54:51,847 root                INFO: Valid: Epoch 163: kendall tau 0.3502 0.5386; loss 0.01601 0.006266
2022-01-21 15:54:52,325 root                INFO: Train: Epoch 164: train loss 0.0046
2022-01-21 15:54:54,481 root                INFO: Valid: Epoch 164: kendall tau 0.3478 0.5472; loss 0.01972 0.006996
2022-01-21 15:54:55,064 root                INFO: Train: Epoch 165: train loss 0.0033
2022-01-21 15:54:56,994 root                INFO: Valid: Epoch 165: kendall tau 0.3457 0.5496; loss 0.01994 0.007199
2022-01-21 15:54:57,421 root                INFO: Train: Epoch 166: train loss 0.0037
2022-01-21 15:54:59,550 root                INFO: Valid: Epoch 166: kendall tau 0.3455 0.5468; loss 0.01629 0.006578
2022-01-21 15:55:00,018 root                INFO: Train: Epoch 167: train loss 0.0035
2022-01-21 15:55:01,954 root                INFO: Valid: Epoch 167: kendall tau 0.3448 0.5511; loss 0.01736 0.006692
2022-01-21 15:55:02,445 root                INFO: Train: Epoch 168: train loss 0.0034
2022-01-21 15:55:04,565 root                INFO: Valid: Epoch 168: kendall tau 0.3436 0.5544; loss 0.02047 0.007142
2022-01-21 15:55:05,078 root                INFO: Train: Epoch 169: train loss 0.0036
2022-01-21 15:55:06,896 root                INFO: Valid: Epoch 169: kendall tau 0.3434 0.5490; loss 0.01842 0.006633
2022-01-21 15:55:07,426 root                INFO: Train: Epoch 170: train loss 0.0030
2022-01-21 15:55:09,810 root                INFO: Valid: Epoch 170: kendall tau 0.3425 0.5435; loss 0.01724 0.006566
2022-01-21 15:55:10,297 root                INFO: Train: Epoch 171: train loss 0.0034
2022-01-21 15:55:12,321 root                INFO: Valid: Epoch 171: kendall tau 0.3402 0.5437; loss 0.02025 0.007128
2022-01-21 15:55:12,793 root                INFO: Train: Epoch 172: train loss 0.0032
2022-01-21 15:55:14,976 root                INFO: Valid: Epoch 172: kendall tau 0.3395 0.5437; loss 0.01991 0.007106
2022-01-21 15:55:15,426 root                INFO: Train: Epoch 173: train loss 0.0033
2022-01-21 15:55:17,278 root                INFO: Valid: Epoch 173: kendall tau 0.3400 0.5432; loss 0.01691 0.006725
2022-01-21 15:55:17,750 root                INFO: Train: Epoch 174: train loss 0.0029
2022-01-21 15:55:19,861 root                INFO: Valid: Epoch 174: kendall tau 0.3391 0.5490; loss 0.01804 0.006687
2022-01-21 15:55:20,338 root                INFO: Train: Epoch 175: train loss 0.0026
2022-01-21 15:55:22,372 root                INFO: Valid: Epoch 175: kendall tau 0.3353 0.5517; loss 0.02019 0.006903
2022-01-21 15:55:22,884 root                INFO: Train: Epoch 176: train loss 0.0029
2022-01-21 15:55:25,259 root                INFO: Valid: Epoch 176: kendall tau 0.3325 0.5518; loss 0.01955 0.006688
2022-01-21 15:55:25,806 root                INFO: Train: Epoch 177: train loss 0.0028
2022-01-21 15:55:27,789 root                INFO: Valid: Epoch 177: kendall tau 0.3304 0.5519; loss 0.01828 0.00642
2022-01-21 15:55:28,598 root                INFO: Train: Epoch 178: train loss 0.0026
2022-01-21 15:55:31,012 root                INFO: Valid: Epoch 178: kendall tau 0.3270 0.5518; loss 0.01935 0.006515
2022-01-21 15:55:31,554 root                INFO: Train: Epoch 179: train loss 0.0026
2022-01-21 15:55:33,913 root                INFO: Valid: Epoch 179: kendall tau 0.3220 0.5512; loss 0.02145 0.00687
2022-01-21 15:55:34,688 root                INFO: Train: Epoch 180: train loss 0.0028
2022-01-21 15:55:37,146 root                INFO: Valid: Epoch 180: kendall tau 0.3192 0.5484; loss 0.01932 0.006528
2022-01-21 15:55:37,953 root                INFO: Train: Epoch 181: train loss 0.0025
2022-01-21 15:55:40,248 root                INFO: Valid: Epoch 181: kendall tau 0.3160 0.5465; loss 0.01942 0.006698
2022-01-21 15:55:40,838 root                INFO: Train: Epoch 182: train loss 0.0028
2022-01-21 15:55:43,126 root                INFO: Valid: Epoch 182: kendall tau 0.3111 0.5446; loss 0.0211 0.007046
2022-01-21 15:55:43,627 root                INFO: Train: Epoch 183: train loss 0.0024
2022-01-21 15:55:45,642 root                INFO: Valid: Epoch 183: kendall tau 0.3071 0.5454; loss 0.02131 0.006945
2022-01-21 15:55:46,167 root                INFO: Train: Epoch 184: train loss 0.0024
2022-01-21 15:55:48,202 root                INFO: Valid: Epoch 184: kendall tau 0.3053 0.5466; loss 0.0199 0.006458
2022-01-21 15:55:48,783 root                INFO: Train: Epoch 185: train loss 0.0021
2022-01-21 15:55:50,788 root                INFO: Valid: Epoch 185: kendall tau 0.3018 0.5493; loss 0.02018 0.006322
2022-01-21 15:55:51,367 root                INFO: Train: Epoch 186: train loss 0.0019
2022-01-21 15:55:53,648 root                INFO: Valid: Epoch 186: kendall tau 0.2969 0.5510; loss 0.0216 0.0065
2022-01-21 15:55:54,165 root                INFO: Train: Epoch 187: train loss 0.0025
2022-01-21 15:55:56,253 root                INFO: Valid: Epoch 187: kendall tau 0.2933 0.5491; loss 0.02102 0.006495
2022-01-21 15:55:56,783 root                INFO: Train: Epoch 188: train loss 0.0025
2022-01-21 15:55:59,012 root                INFO: Valid: Epoch 188: kendall tau 0.2895 0.5489; loss 0.02125 0.006552
2022-01-21 15:55:59,491 root                INFO: Train: Epoch 189: train loss 0.0021
2022-01-21 15:56:01,404 root                INFO: Valid: Epoch 189: kendall tau 0.2859 0.5498; loss 0.02154 0.006484
2022-01-21 15:56:01,980 root                INFO: Train: Epoch 190: train loss 0.0022
2022-01-21 15:56:04,309 root                INFO: Valid: Epoch 190: kendall tau 0.2824 0.5511; loss 0.0226 0.006475
2022-01-21 15:56:04,788 root                INFO: Train: Epoch 191: train loss 0.0019
2022-01-21 15:56:06,643 root                INFO: Valid: Epoch 191: kendall tau 0.2814 0.5526; loss 0.02092 0.006129
2022-01-21 15:56:07,115 root                INFO: Train: Epoch 192: train loss 0.0018
2022-01-21 15:56:09,231 root                INFO: Valid: Epoch 192: kendall tau 0.2786 0.5552; loss 0.02157 0.006145
2022-01-21 15:56:09,695 root                INFO: Train: Epoch 193: train loss 0.0018
2022-01-21 15:56:11,792 root                INFO: Valid: Epoch 193: kendall tau 0.2754 0.5560; loss 0.02256 0.006279
2022-01-21 15:56:12,279 root                INFO: Train: Epoch 194: train loss 0.0018
2022-01-21 15:56:14,622 root                INFO: Valid: Epoch 194: kendall tau 0.2729 0.5556; loss 0.02211 0.006306
2022-01-21 15:56:15,203 root                INFO: Train: Epoch 195: train loss 0.0016
2022-01-21 15:56:17,292 root                INFO: Valid: Epoch 195: kendall tau 0.2700 0.5567; loss 0.02226 0.006366
2022-01-21 15:56:17,709 root                INFO: Train: Epoch 196: train loss 0.0017
2022-01-21 15:56:19,952 root                INFO: Valid: Epoch 196: kendall tau 0.2687 0.5585; loss 0.02311 0.006411
2022-01-21 15:56:20,338 root                INFO: Train: Epoch 197: train loss 0.0019
2022-01-21 15:56:22,135 root                INFO: Valid: Epoch 197: kendall tau 0.2689 0.5613; loss 0.02292 0.006255
2022-01-21 15:56:22,570 root                INFO: Train: Epoch 198: train loss 0.0014
2022-01-21 15:56:25,030 root                INFO: Valid: Epoch 198: kendall tau 0.2687 0.5636; loss 0.02221 0.006102
2022-01-21 15:56:25,426 root                INFO: Train: Epoch 199: train loss 0.0016
2022-01-21 15:56:27,401 root                INFO: Valid: Epoch 199: kendall tau 0.2652 0.5611; loss 0.02325 0.006219
2022-01-21 15:56:27,829 root                INFO: Train: Epoch 200: train loss 0.0014
2022-01-21 15:56:29,967 root                INFO: Valid: Epoch 200: kendall tau 0.2625 0.5555; loss 0.02333 0.006318
2022-01-21 15:56:29,974 root                INFO: Epoch 200: Save checkpoint to nb1shot1_anytime_tagates/tagates_0.01/123/202121/200.ckpt
2022-01-21 15:56:31,855 root                INFO: [0.0, 0.05555555555555555, 0.041666666666666664, 0.14285714285714285, 0.1728395061728395, 0.6312757201646091, 1.0]
2022-01-21 15:56:31,856 root                INFO: [0.0, 0.1111111111111111, 0.19444444444444445, 0.43131868131868134, 0.5473251028806584, 0.7714677640603567, 1.0]
2022-01-21 15:56:31,856 root                INFO: [10, 10]
2022-01-21 15:56:31,856 root                INFO: [141, 85]
