2022-01-23 22:47:14,945 root                INFO: GPU device = 5
2022-01-23 22:47:14,946 root                INFO: Load pkl cache from nasbench301_train.pkl and nasbench301_valid.pkl
2022-01-23 22:47:15,815 root                INFO: Config: {'arch_network_cfg': {'arch_embedder_cfg': {'take_adj_as_input': True, 'gcn_kwargs': {'residual_only': 2}, 'gcn_out_dims': [64, 64, 64, 64, 64], 'hidden_dim': 32, 'node_dim': 32, 'op_dim': 32, 'use_bn': False, 'final_concat': False, 'other_node_zero': False, 'num_time_steps': 4, 'fb_conversion_dims': [64, 64], 'backward_gcn_out_dims': [64, 64, 64, 64, 64], 'updateopemb_method': 'concat_ofb', 'updateopemb_dims': [64], 'share_skip_and_outskip': True, 'detach_vinfo': False, 'updateopemb_scale': 0.1, 'updateopemb_detach_opemb': True, 'updateopemb_detach_finfo': True, 'mask_nonparametrized_ops': True, 'symmetry_breaking_method': 'param_zs_add', 'concat_param_zs_as_opemb_dimension': 5, 'concat_param_zs_as_opemb_scale': 1.0}, 'arch_embedder_type': 'cellss-fbflow', 'compare_loss_type': 'margin_linear', 'compare_margin': 0.1, 'mlp_dropout': 0.1, 'mlp_hiddens': [200], 'optimizer': {'lr': 0.001, 'type': 'Adam'}, 'scheduler': None}, 'arch_network_type': 'pointwise_comparator', 'batch_size': 128, 'choose_pair_criterion': 'random', 'compare': True, 'compare_threshold': 0.0, 'epochs': 200, 'max_compare_ratio': 16.0}
2022-01-23 22:47:19,321 root                INFO: Combined args: Namespace(arch_network_type='pointwise_comparator', batch_size=128, cfg_file='cfgs/nb301_cfgs/gates_true_masktrue.yaml', choose_pair_criterion='random', compare=True, compare_threshold=0.0, epochs=200, eval_only_last=1, gpu=5, load=None, max_compare_ratio=16.0, num_workers=4, report_freq=200, save_every=200, save_predict=None, seed=202121, test_funcs=None, test_only=False, train_dir='../results/nb301/nb301_ablation_mask/true/true_0.5/123/202121', train_pkl='../mynas/data/nasbench-301/nasbench301_train_mtx_123.pkl', train_ratio=0.5, valid_pkl='../mynas/data/nasbench-301/nasbench301_valid_mtx.pkl')
2022-01-23 22:47:19,326 root                INFO: Train dataset ratio: 0.500
2022-01-23 22:47:19,326 root                INFO: Number of architectures: train: 2948; valid: 51072
2022-01-23 22:47:40,503 root                INFO: Train: Epoch   1: train loss 0.0691
2022-01-23 22:47:46,581 root                INFO: Train: Epoch   2: train loss 0.0349
2022-01-23 22:47:52,645 root                INFO: Train: Epoch   3: train loss 0.0340
2022-01-23 22:47:58,707 root                INFO: Train: Epoch   4: train loss 0.0300
2022-01-23 22:48:04,780 root                INFO: Train: Epoch   5: train loss 0.0283
2022-01-23 22:48:10,863 root                INFO: Train: Epoch   6: train loss 0.0276
2022-01-23 22:48:16,951 root                INFO: Train: Epoch   7: train loss 0.0273
2022-01-23 22:48:23,011 root                INFO: Train: Epoch   8: train loss 0.0256
2022-01-23 22:48:29,106 root                INFO: Train: Epoch   9: train loss 0.0237
2022-01-23 22:48:35,173 root                INFO: Train: Epoch  10: train loss 0.0235
2022-01-23 22:48:41,259 root                INFO: Train: Epoch  11: train loss 0.0232
2022-01-23 22:48:47,330 root                INFO: Train: Epoch  12: train loss 0.0247
2022-01-23 22:48:53,421 root                INFO: Train: Epoch  13: train loss 0.0225
2022-01-23 22:48:59,514 root                INFO: Train: Epoch  14: train loss 0.0243
2022-01-23 22:49:05,620 root                INFO: Train: Epoch  15: train loss 0.0212
2022-01-23 22:49:11,702 root                INFO: Train: Epoch  16: train loss 0.0223
2022-01-23 22:49:17,811 root                INFO: Train: Epoch  17: train loss 0.0265
2022-01-23 22:49:23,886 root                INFO: Train: Epoch  18: train loss 0.0219
2022-01-23 22:49:29,962 root                INFO: Train: Epoch  19: train loss 0.0216
2022-01-23 22:49:36,031 root                INFO: Train: Epoch  20: train loss 0.0227
2022-01-23 22:49:42,115 root                INFO: Train: Epoch  21: train loss 0.0217
2022-01-23 22:49:48,190 root                INFO: Train: Epoch  22: train loss 0.0233
2022-01-23 22:49:54,251 root                INFO: Train: Epoch  23: train loss 0.0278
2022-01-23 22:50:00,311 root                INFO: Train: Epoch  24: train loss 0.0333
2022-01-23 22:50:06,387 root                INFO: Train: Epoch  25: train loss 0.0255
2022-01-23 22:50:12,460 root                INFO: Train: Epoch  26: train loss 0.0223
2022-01-23 22:50:18,526 root                INFO: Train: Epoch  27: train loss 0.0233
2022-01-23 22:50:24,603 root                INFO: Train: Epoch  28: train loss 0.0213
2022-01-23 22:50:30,667 root                INFO: Train: Epoch  29: train loss 0.0212
2022-01-23 22:50:36,734 root                INFO: Train: Epoch  30: train loss 0.0212
2022-01-23 22:50:42,815 root                INFO: Train: Epoch  31: train loss 0.0203
2022-01-23 22:50:48,883 root                INFO: Train: Epoch  32: train loss 0.0211
2022-01-23 22:50:54,950 root                INFO: Train: Epoch  33: train loss 0.0198
2022-01-23 22:51:01,055 root                INFO: Train: Epoch  34: train loss 0.0229
2022-01-23 22:51:07,149 root                INFO: Train: Epoch  35: train loss 0.0220
2022-01-23 22:51:13,222 root                INFO: Train: Epoch  36: train loss 0.0209
2022-01-23 22:51:19,299 root                INFO: Train: Epoch  37: train loss 0.0222
2022-01-23 22:51:25,427 root                INFO: Train: Epoch  38: train loss 0.0203
2022-01-23 22:51:31,538 root                INFO: Train: Epoch  39: train loss 0.0215
2022-01-23 22:51:37,619 root                INFO: Train: Epoch  40: train loss 0.0215
2022-01-23 22:51:43,687 root                INFO: Train: Epoch  41: train loss 0.0194
2022-01-23 22:51:49,771 root                INFO: Train: Epoch  42: train loss 0.0216
2022-01-23 22:51:55,857 root                INFO: Train: Epoch  43: train loss 0.0202
2022-01-23 22:52:01,956 root                INFO: Train: Epoch  44: train loss 0.0199
2022-01-23 22:52:08,052 root                INFO: Train: Epoch  45: train loss 0.0206
2022-01-23 22:52:14,136 root                INFO: Train: Epoch  46: train loss 0.0196
2022-01-23 22:52:20,234 root                INFO: Train: Epoch  47: train loss 0.0192
2022-01-23 22:52:26,313 root                INFO: Train: Epoch  48: train loss 0.0211
2022-01-23 22:52:32,432 root                INFO: Train: Epoch  49: train loss 0.0200
2022-01-23 22:52:38,505 root                INFO: Train: Epoch  50: train loss 0.0196
2022-01-23 22:52:44,561 root                INFO: Train: Epoch  51: train loss 0.0198
2022-01-23 22:52:50,608 root                INFO: Train: Epoch  52: train loss 0.0186
2022-01-23 22:52:56,650 root                INFO: Train: Epoch  53: train loss 0.0194
2022-01-23 22:53:02,707 root                INFO: Train: Epoch  54: train loss 0.0189
2022-01-23 22:53:08,760 root                INFO: Train: Epoch  55: train loss 0.0200
2022-01-23 22:53:14,808 root                INFO: Train: Epoch  56: train loss 0.0186
2022-01-23 22:53:20,838 root                INFO: Train: Epoch  57: train loss 0.0181
2022-01-23 22:53:26,939 root                INFO: Train: Epoch  58: train loss 0.0208
2022-01-23 22:53:33,012 root                INFO: Train: Epoch  59: train loss 0.0199
2022-01-23 22:53:39,080 root                INFO: Train: Epoch  60: train loss 0.0207
2022-01-23 22:53:45,145 root                INFO: Train: Epoch  61: train loss 0.0204
2022-01-23 22:53:51,207 root                INFO: Train: Epoch  62: train loss 0.0190
2022-01-23 22:53:57,265 root                INFO: Train: Epoch  63: train loss 0.0201
2022-01-23 22:54:03,328 root                INFO: Train: Epoch  64: train loss 0.0196
2022-01-23 22:54:09,395 root                INFO: Train: Epoch  65: train loss 0.0217
2022-01-23 22:54:15,462 root                INFO: Train: Epoch  66: train loss 0.0198
2022-01-23 22:54:21,548 root                INFO: Train: Epoch  67: train loss 0.0182
2022-01-23 22:54:27,629 root                INFO: Train: Epoch  68: train loss 0.0276
2022-01-23 22:54:33,698 root                INFO: Train: Epoch  69: train loss 0.0208
2022-01-23 22:54:39,770 root                INFO: Train: Epoch  70: train loss 0.0205
2022-01-23 22:54:45,841 root                INFO: Train: Epoch  71: train loss 0.0184
2022-01-23 22:54:51,921 root                INFO: Train: Epoch  72: train loss 0.0177
2022-01-23 22:54:58,012 root                INFO: Train: Epoch  73: train loss 0.0194
2022-01-23 22:55:04,090 root                INFO: Train: Epoch  74: train loss 0.0182
2022-01-23 22:55:10,192 root                INFO: Train: Epoch  75: train loss 0.0241
2022-01-23 22:55:16,277 root                INFO: Train: Epoch  76: train loss 0.0203
2022-01-23 22:55:22,376 root                INFO: Train: Epoch  77: train loss 0.0184
2022-01-23 22:55:28,457 root                INFO: Train: Epoch  78: train loss 0.0243
2022-01-23 22:55:34,554 root                INFO: Train: Epoch  79: train loss 0.0205
2022-01-23 22:55:40,669 root                INFO: Train: Epoch  80: train loss 0.0203
2022-01-23 22:55:46,776 root                INFO: Train: Epoch  81: train loss 0.0200
2022-01-23 22:55:52,870 root                INFO: Train: Epoch  82: train loss 0.0212
2022-01-23 22:55:58,947 root                INFO: Train: Epoch  83: train loss 0.0190
2022-01-23 22:56:05,009 root                INFO: Train: Epoch  84: train loss 0.0193
2022-01-23 22:56:11,035 root                INFO: Train: Epoch  85: train loss 0.0185
2022-01-23 22:56:17,053 root                INFO: Train: Epoch  86: train loss 0.0182
2022-01-23 22:56:23,075 root                INFO: Train: Epoch  87: train loss 0.0184
2022-01-23 22:56:29,092 root                INFO: Train: Epoch  88: train loss 0.0177
2022-01-23 22:56:35,098 root                INFO: Train: Epoch  89: train loss 0.0186
2022-01-23 22:56:41,126 root                INFO: Train: Epoch  90: train loss 0.0205
2022-01-23 22:56:47,138 root                INFO: Train: Epoch  91: train loss 0.0177
2022-01-23 22:56:53,137 root                INFO: Train: Epoch  92: train loss 0.0208
2022-01-23 22:56:59,145 root                INFO: Train: Epoch  93: train loss 0.0186
2022-01-23 22:57:05,162 root                INFO: Train: Epoch  94: train loss 0.0180
2022-01-23 22:57:11,199 root                INFO: Train: Epoch  95: train loss 0.0199
2022-01-23 22:57:17,221 root                INFO: Train: Epoch  96: train loss 0.0172
2022-01-23 22:57:23,256 root                INFO: Train: Epoch  97: train loss 0.0166
2022-01-23 22:57:29,287 root                INFO: Train: Epoch  98: train loss 0.0177
2022-01-23 22:57:35,292 root                INFO: Train: Epoch  99: train loss 0.0171
2022-01-23 22:57:41,314 root                INFO: Train: Epoch 100: train loss 0.0155
2022-01-23 22:57:47,352 root                INFO: Train: Epoch 101: train loss 0.0219
2022-01-23 22:57:53,403 root                INFO: Train: Epoch 102: train loss 0.0202
2022-01-23 22:57:59,441 root                INFO: Train: Epoch 103: train loss 0.0193
2022-01-23 22:58:05,469 root                INFO: Train: Epoch 104: train loss 0.0169
2022-01-23 22:58:11,495 root                INFO: Train: Epoch 105: train loss 0.0179
2022-01-23 22:58:17,547 root                INFO: Train: Epoch 106: train loss 0.0175
2022-01-23 22:58:23,608 root                INFO: Train: Epoch 107: train loss 0.0178
2022-01-23 22:58:29,669 root                INFO: Train: Epoch 108: train loss 0.0167
2022-01-23 22:58:35,699 root                INFO: Train: Epoch 109: train loss 0.0178
2022-01-23 22:58:41,739 root                INFO: Train: Epoch 110: train loss 0.0173
2022-01-23 22:58:47,779 root                INFO: Train: Epoch 111: train loss 0.0193
2022-01-23 22:58:53,804 root                INFO: Train: Epoch 112: train loss 0.0197
2022-01-23 22:58:59,837 root                INFO: Train: Epoch 113: train loss 0.0175
2022-01-23 22:59:05,895 root                INFO: Train: Epoch 114: train loss 0.0160
2022-01-23 22:59:11,930 root                INFO: Train: Epoch 115: train loss 0.0265
2022-01-23 22:59:17,965 root                INFO: Train: Epoch 116: train loss 0.0194
2022-01-23 22:59:24,010 root                INFO: Train: Epoch 117: train loss 0.0193
2022-01-23 22:59:30,031 root                INFO: Train: Epoch 118: train loss 0.0170
2022-01-23 22:59:36,048 root                INFO: Train: Epoch 119: train loss 0.0173
2022-01-23 22:59:42,062 root                INFO: Train: Epoch 120: train loss 0.0166
2022-01-23 22:59:48,124 root                INFO: Train: Epoch 121: train loss 0.0167
2022-01-23 22:59:54,148 root                INFO: Train: Epoch 122: train loss 0.0168
2022-01-23 23:00:00,173 root                INFO: Train: Epoch 123: train loss 0.0170
2022-01-23 23:00:06,198 root                INFO: Train: Epoch 124: train loss 0.0184
2022-01-23 23:00:12,234 root                INFO: Train: Epoch 125: train loss 0.0162
2022-01-23 23:00:18,275 root                INFO: Train: Epoch 126: train loss 0.0197
2022-01-23 23:00:24,329 root                INFO: Train: Epoch 127: train loss 0.0197
2022-01-23 23:00:30,336 root                INFO: Train: Epoch 128: train loss 0.0177
2022-01-23 23:00:36,347 root                INFO: Train: Epoch 129: train loss 0.0160
2022-01-23 23:00:42,371 root                INFO: Train: Epoch 130: train loss 0.0152
2022-01-23 23:00:48,393 root                INFO: Train: Epoch 131: train loss 0.0156
2022-01-23 23:00:54,429 root                INFO: Train: Epoch 132: train loss 0.0166
2022-01-23 23:01:00,460 root                INFO: Train: Epoch 133: train loss 0.0166
2022-01-23 23:01:06,488 root                INFO: Train: Epoch 134: train loss 0.0225
2022-01-23 23:01:12,631 root                INFO: Train: Epoch 135: train loss 0.0198
2022-01-23 23:01:18,673 root                INFO: Train: Epoch 136: train loss 0.0161
2022-01-23 23:01:24,707 root                INFO: Train: Epoch 137: train loss 0.0171
2022-01-23 23:01:30,746 root                INFO: Train: Epoch 138: train loss 0.0173
2022-01-23 23:01:36,761 root                INFO: Train: Epoch 139: train loss 0.0155
2022-01-23 23:01:42,773 root                INFO: Train: Epoch 140: train loss 0.0163
2022-01-23 23:01:48,791 root                INFO: Train: Epoch 141: train loss 0.0221
2022-01-23 23:01:54,792 root                INFO: Train: Epoch 142: train loss 0.0199
2022-01-23 23:02:00,805 root                INFO: Train: Epoch 143: train loss 0.0180
2022-01-23 23:02:06,825 root                INFO: Train: Epoch 144: train loss 0.0168
2022-01-23 23:02:12,855 root                INFO: Train: Epoch 145: train loss 0.0170
2022-01-23 23:02:18,901 root                INFO: Train: Epoch 146: train loss 0.0156
2022-01-23 23:02:24,941 root                INFO: Train: Epoch 147: train loss 0.0216
2022-01-23 23:02:30,987 root                INFO: Train: Epoch 148: train loss 0.0181
2022-01-23 23:02:37,021 root                INFO: Train: Epoch 149: train loss 0.0245
2022-01-23 23:02:43,046 root                INFO: Train: Epoch 150: train loss 0.0185
2022-01-23 23:02:49,071 root                INFO: Train: Epoch 151: train loss 0.0177
2022-01-23 23:02:55,105 root                INFO: Train: Epoch 152: train loss 0.0158
2022-01-23 23:03:01,133 root                INFO: Train: Epoch 153: train loss 0.0160
2022-01-23 23:03:07,155 root                INFO: Train: Epoch 154: train loss 0.0151
2022-01-23 23:03:13,188 root                INFO: Train: Epoch 155: train loss 0.0190
2022-01-23 23:03:19,217 root                INFO: Train: Epoch 156: train loss 0.0187
2022-01-23 23:03:25,264 root                INFO: Train: Epoch 157: train loss 0.0165
2022-01-23 23:03:31,279 root                INFO: Train: Epoch 158: train loss 0.0158
2022-01-23 23:03:37,308 root                INFO: Train: Epoch 159: train loss 0.0160
2022-01-23 23:03:43,330 root                INFO: Train: Epoch 160: train loss 0.0167
2022-01-23 23:03:49,366 root                INFO: Train: Epoch 161: train loss 0.0151
2022-01-23 23:03:55,400 root                INFO: Train: Epoch 162: train loss 0.0157
2022-01-23 23:04:01,428 root                INFO: Train: Epoch 163: train loss 0.0170
2022-01-23 23:04:07,457 root                INFO: Train: Epoch 164: train loss 0.0165
2022-01-23 23:04:13,503 root                INFO: Train: Epoch 165: train loss 0.0167
2022-01-23 23:04:19,546 root                INFO: Train: Epoch 166: train loss 0.0163
2022-01-23 23:04:25,603 root                INFO: Train: Epoch 167: train loss 0.0166
2022-01-23 23:04:31,645 root                INFO: Train: Epoch 168: train loss 0.0209
2022-01-23 23:04:37,700 root                INFO: Train: Epoch 169: train loss 0.0184
2022-01-23 23:04:43,752 root                INFO: Train: Epoch 170: train loss 0.0255
2022-01-23 23:04:49,800 root                INFO: Train: Epoch 171: train loss 0.0191
2022-01-23 23:04:55,851 root                INFO: Train: Epoch 172: train loss 0.0192
2022-01-23 23:05:01,902 root                INFO: Train: Epoch 173: train loss 0.0166
2022-01-23 23:05:07,945 root                INFO: Train: Epoch 174: train loss 0.0153
2022-01-23 23:05:13,992 root                INFO: Train: Epoch 175: train loss 0.0162
2022-01-23 23:05:20,036 root                INFO: Train: Epoch 176: train loss 0.0142
2022-01-23 23:05:26,125 root                INFO: Train: Epoch 177: train loss 0.0155
2022-01-23 23:05:32,190 root                INFO: Train: Epoch 178: train loss 0.0148
2022-01-23 23:05:38,226 root                INFO: Train: Epoch 179: train loss 0.0139
2022-01-23 23:05:44,276 root                INFO: Train: Epoch 180: train loss 0.0140
2022-01-23 23:05:50,308 root                INFO: Train: Epoch 181: train loss 0.0135
2022-01-23 23:05:56,365 root                INFO: Train: Epoch 182: train loss 0.0132
2022-01-23 23:06:02,407 root                INFO: Train: Epoch 183: train loss 0.0134
2022-01-23 23:06:08,461 root                INFO: Train: Epoch 184: train loss 0.0179
2022-01-23 23:06:14,505 root                INFO: Train: Epoch 185: train loss 0.0146
2022-01-23 23:06:20,561 root                INFO: Train: Epoch 186: train loss 0.0142
2022-01-23 23:06:26,618 root                INFO: Train: Epoch 187: train loss 0.0136
2022-01-23 23:06:32,697 root                INFO: Train: Epoch 188: train loss 0.0181
2022-01-23 23:06:38,729 root                INFO: Train: Epoch 189: train loss 0.0154
2022-01-23 23:06:44,772 root                INFO: Train: Epoch 190: train loss 0.0149
2022-01-23 23:06:50,811 root                INFO: Train: Epoch 191: train loss 0.0141
2022-01-23 23:06:56,827 root                INFO: Train: Epoch 192: train loss 0.0165
2022-01-23 23:07:02,854 root                INFO: Train: Epoch 193: train loss 0.0179
2022-01-23 23:07:08,881 root                INFO: Train: Epoch 194: train loss 0.0154
2022-01-23 23:07:14,897 root                INFO: Train: Epoch 195: train loss 0.0139
2022-01-23 23:07:20,909 root                INFO: Train: Epoch 196: train loss 0.0184
2022-01-23 23:07:26,926 root                INFO: Train: Epoch 197: train loss 0.0146
2022-01-23 23:07:32,959 root                INFO: Train: Epoch 198: train loss 0.0147
2022-01-23 23:07:39,015 root                INFO: Train: Epoch 199: train loss 0.0154
2022-01-23 23:07:45,035 root                INFO: Train: Epoch 200: train loss 0.0136
2022-01-23 23:08:01,194 root                INFO: Valid: Epoch 200: kendall tau 0.7696; loss 0.1901
2022-01-23 23:08:01,200 root                INFO: Epoch 200: Save checkpoint to ../results/nb301/nb301_ablation_mask/true/true_0.5/123/202121/200.ckpt
2022-01-23 23:08:17,326 root                INFO: [0.0392156862745098, 0.1607843137254902, 0.26862745098039215, 0.6717587152369761, 0.7996867045232035, 0.886983082706767, 1.0]
2022-01-23 23:08:17,326 root                INFO: [55, 55]
