2022-01-21 17:36:00,240 root                INFO: GPU device = 4
2022-01-21 17:36:00,241 root                INFO: Load pkl cache from nasbench301_train.pkl and nasbench301_valid.pkl
2022-01-21 17:36:00,783 root                INFO: Config: {'arch_network_cfg': {'arch_embedder_cfg': {'take_adj_as_input': True, 'gcn_kwargs': {'residual_only': 2}, 'gcn_out_dims': [64, 64, 64, 64, 64], 'hidden_dim': 32, 'node_dim': 32, 'op_dim': 32, 'use_bn': False, 'final_concat': False, 'other_node_zero': False, 'num_time_steps': 2, 'fb_conversion_dims': [64, 64], 'backward_gcn_out_dims': [64, 64, 64, 64, 64], 'updateopemb_method': 'concat_ofb', 'updateopemb_dims': [64], 'share_skip_and_outskip': True, 'detach_vinfo': False, 'updateopemb_scale': 0.1, 'updateopemb_detach_opemb': True, 'updateopemb_detach_finfo': True, 'mask_nonparametrized_ops': True, 'symmetry_breaking_method': 'param_zs_add', 'concat_param_zs_as_opemb_dimension': 5, 'concat_param_zs_as_opemb_scale': 1.0}, 'arch_embedder_type': 'cellss-fbflow-anytime', 'compare_loss_type': 'margin_linear', 'compare_margin': 0.1, 'mlp_dropout': 0.1, 'mlp_hiddens': [200], 'mlp_out_dim': 1, 'optimizer': {'lr': 0.001, 'type': 'Adam'}, 'scheduler': None}, 'arch_network_type': 'pointwise_comparator', 'batch_size': 128, 'choose_pair_criterion': 'random', 'compare': False, 'compare_threshold': 0.0, 'epochs': 200, 'max_compare_ratio': 16.0}
2022-01-21 17:36:03,787 root                INFO: Combined args: Namespace(arch_network_type='pointwise_comparator', batch_size=128, cfg_file='cfgs/nb301_cfgs/tagates_anytime.yaml', choose_pair_criterion='random', compare=False, compare_threshold=0.0, epochs=200, eval_only_last=1, gpu=4, load=None, max_compare_ratio=16.0, num_workers=4, report_freq=200, save_every=200, save_predict=None, seed=202121, test_funcs=None, test_only=False, train_dir='nb301_anytime_tagates/tagates_0.005/123/202121', train_pkl='../mynas/data/nasbench-301/nasbench301_train_mtx_anytime_123.pkl', train_ratio=0.005, valid_pkl='../mynas/data/nasbench-301/nasbench301_valid_mtx_anytime.pkl')
2022-01-21 17:36:03,794 root                INFO: Train dataset ratio: 0.005
2022-01-21 17:36:03,795 root                INFO: Number of architectures: train: 29; valid: 51072
2022-01-21 17:36:16,950 root                INFO: Train: Epoch   1: train loss 0.3493
2022-01-21 17:36:17,308 root                INFO: Train: Epoch   2: train loss 0.3416
2022-01-21 17:36:17,670 root                INFO: Train: Epoch   3: train loss 0.3340
2022-01-21 17:36:18,030 root                INFO: Train: Epoch   4: train loss 0.3262
2022-01-21 17:36:18,390 root                INFO: Train: Epoch   5: train loss 0.3153
2022-01-21 17:36:18,811 root                INFO: Train: Epoch   6: train loss 0.3018
2022-01-21 17:36:19,239 root                INFO: Train: Epoch   7: train loss 0.2836
2022-01-21 17:36:19,729 root                INFO: Train: Epoch   8: train loss 0.2627
2022-01-21 17:36:20,098 root                INFO: Train: Epoch   9: train loss 0.2345
2022-01-21 17:36:20,473 root                INFO: Train: Epoch  10: train loss 0.2003
2022-01-21 17:36:20,852 root                INFO: Train: Epoch  11: train loss 0.1598
2022-01-21 17:36:21,227 root                INFO: Train: Epoch  12: train loss 0.1148
2022-01-21 17:36:21,601 root                INFO: Train: Epoch  13: train loss 0.0706
2022-01-21 17:36:21,983 root                INFO: Train: Epoch  14: train loss 0.0319
2022-01-21 17:36:22,350 root                INFO: Train: Epoch  15: train loss 0.0107
2022-01-21 17:36:22,716 root                INFO: Train: Epoch  16: train loss 0.0061
2022-01-21 17:36:23,096 root                INFO: Train: Epoch  17: train loss 0.0088
2022-01-21 17:36:23,472 root                INFO: Train: Epoch  18: train loss 0.0126
2022-01-21 17:36:23,862 root                INFO: Train: Epoch  19: train loss 0.0149
2022-01-21 17:36:24,232 root                INFO: Train: Epoch  20: train loss 0.0161
2022-01-21 17:36:24,634 root                INFO: Train: Epoch  21: train loss 0.0166
2022-01-21 17:36:25,018 root                INFO: Train: Epoch  22: train loss 0.0169
2022-01-21 17:36:25,416 root                INFO: Train: Epoch  23: train loss 0.0170
2022-01-21 17:36:25,821 root                INFO: Train: Epoch  24: train loss 0.0171
2022-01-21 17:36:26,235 root                INFO: Train: Epoch  25: train loss 0.0171
2022-01-21 17:36:26,677 root                INFO: Train: Epoch  26: train loss 0.0171
2022-01-21 17:36:27,074 root                INFO: Train: Epoch  27: train loss 0.0171
2022-01-21 17:36:27,445 root                INFO: Train: Epoch  28: train loss 0.0171
2022-01-21 17:36:27,867 root                INFO: Train: Epoch  29: train loss 0.0171
2022-01-21 17:36:28,264 root                INFO: Train: Epoch  30: train loss 0.0171
2022-01-21 17:36:28,683 root                INFO: Train: Epoch  31: train loss 0.0171
2022-01-21 17:36:29,143 root                INFO: Train: Epoch  32: train loss 0.0171
2022-01-21 17:36:29,563 root                INFO: Train: Epoch  33: train loss 0.0171
2022-01-21 17:36:29,981 root                INFO: Train: Epoch  34: train loss 0.0171
2022-01-21 17:36:30,393 root                INFO: Train: Epoch  35: train loss 0.0171
2022-01-21 17:36:30,800 root                INFO: Train: Epoch  36: train loss 0.0171
2022-01-21 17:36:31,183 root                INFO: Train: Epoch  37: train loss 0.0171
2022-01-21 17:36:31,590 root                INFO: Train: Epoch  38: train loss 0.0171
2022-01-21 17:36:31,992 root                INFO: Train: Epoch  39: train loss 0.0171
2022-01-21 17:36:32,400 root                INFO: Train: Epoch  40: train loss 0.0171
2022-01-21 17:36:32,870 root                INFO: Train: Epoch  41: train loss 0.0171
2022-01-21 17:36:33,289 root                INFO: Train: Epoch  42: train loss 0.0171
2022-01-21 17:36:33,695 root                INFO: Train: Epoch  43: train loss 0.0171
2022-01-21 17:36:34,142 root                INFO: Train: Epoch  44: train loss 0.0171
2022-01-21 17:36:34,607 root                INFO: Train: Epoch  45: train loss 0.0171
2022-01-21 17:36:35,035 root                INFO: Train: Epoch  46: train loss 0.0171
2022-01-21 17:36:35,459 root                INFO: Train: Epoch  47: train loss 0.0171
2022-01-21 17:36:35,910 root                INFO: Train: Epoch  48: train loss 0.0171
2022-01-21 17:36:36,342 root                INFO: Train: Epoch  49: train loss 0.0171
2022-01-21 17:36:36,767 root                INFO: Train: Epoch  50: train loss 0.0171
2022-01-21 17:36:37,198 root                INFO: Train: Epoch  51: train loss 0.0171
2022-01-21 17:36:37,618 root                INFO: Train: Epoch  52: train loss 0.0171
2022-01-21 17:36:38,024 root                INFO: Train: Epoch  53: train loss 0.0171
2022-01-21 17:36:38,477 root                INFO: Train: Epoch  54: train loss 0.0171
2022-01-21 17:36:38,947 root                INFO: Train: Epoch  55: train loss 0.0171
2022-01-21 17:36:39,362 root                INFO: Train: Epoch  56: train loss 0.0171
2022-01-21 17:36:39,777 root                INFO: Train: Epoch  57: train loss 0.0171
2022-01-21 17:36:40,203 root                INFO: Train: Epoch  58: train loss 0.0171
2022-01-21 17:36:40,612 root                INFO: Train: Epoch  59: train loss 0.0171
2022-01-21 17:36:41,045 root                INFO: Train: Epoch  60: train loss 0.0171
2022-01-21 17:36:41,478 root                INFO: Train: Epoch  61: train loss 0.0171
2022-01-21 17:36:41,922 root                INFO: Train: Epoch  62: train loss 0.0171
2022-01-21 17:36:42,355 root                INFO: Train: Epoch  63: train loss 0.0171
2022-01-21 17:36:42,778 root                INFO: Train: Epoch  64: train loss 0.0171
2022-01-21 17:36:43,187 root                INFO: Train: Epoch  65: train loss 0.0171
2022-01-21 17:36:43,639 root                INFO: Train: Epoch  66: train loss 0.0171
2022-01-21 17:36:44,082 root                INFO: Train: Epoch  67: train loss 0.0171
2022-01-21 17:36:44,497 root                INFO: Train: Epoch  68: train loss 0.0171
2022-01-21 17:36:44,913 root                INFO: Train: Epoch  69: train loss 0.0171
2022-01-21 17:36:45,363 root                INFO: Train: Epoch  70: train loss 0.0171
2022-01-21 17:36:45,788 root                INFO: Train: Epoch  71: train loss 0.0171
2022-01-21 17:36:46,254 root                INFO: Train: Epoch  72: train loss 0.0171
2022-01-21 17:36:46,686 root                INFO: Train: Epoch  73: train loss 0.0171
2022-01-21 17:36:47,087 root                INFO: Train: Epoch  74: train loss 0.0171
2022-01-21 17:36:47,517 root                INFO: Train: Epoch  75: train loss 0.0171
2022-01-21 17:36:47,999 root                INFO: Train: Epoch  76: train loss 0.0171
2022-01-21 17:36:48,427 root                INFO: Train: Epoch  77: train loss 0.0171
2022-01-21 17:36:48,849 root                INFO: Train: Epoch  78: train loss 0.0171
2022-01-21 17:36:49,272 root                INFO: Train: Epoch  79: train loss 0.0171
2022-01-21 17:36:49,708 root                INFO: Train: Epoch  80: train loss 0.0171
2022-01-21 17:36:50,122 root                INFO: Train: Epoch  81: train loss 0.0171
2022-01-21 17:36:50,541 root                INFO: Train: Epoch  82: train loss 0.0171
2022-01-21 17:36:50,965 root                INFO: Train: Epoch  83: train loss 0.0171
2022-01-21 17:36:51,384 root                INFO: Train: Epoch  84: train loss 0.0171
2022-01-21 17:36:51,809 root                INFO: Train: Epoch  85: train loss 0.0171
2022-01-21 17:36:52,228 root                INFO: Train: Epoch  86: train loss 0.0171
2022-01-21 17:36:52,667 root                INFO: Train: Epoch  87: train loss 0.0171
2022-01-21 17:36:53,103 root                INFO: Train: Epoch  88: train loss 0.0171
2022-01-21 17:36:53,552 root                INFO: Train: Epoch  89: train loss 0.0171
2022-01-21 17:36:54,036 root                INFO: Train: Epoch  90: train loss 0.0171
2022-01-21 17:36:54,460 root                INFO: Train: Epoch  91: train loss 0.0171
2022-01-21 17:36:54,901 root                INFO: Train: Epoch  92: train loss 0.0171
2022-01-21 17:36:55,309 root                INFO: Train: Epoch  93: train loss 0.0171
2022-01-21 17:36:55,722 root                INFO: Train: Epoch  94: train loss 0.0171
2022-01-21 17:36:56,167 root                INFO: Train: Epoch  95: train loss 0.0171
2022-01-21 17:36:56,587 root                INFO: Train: Epoch  96: train loss 0.0171
2022-01-21 17:36:57,049 root                INFO: Train: Epoch  97: train loss 0.0171
2022-01-21 17:36:57,495 root                INFO: Train: Epoch  98: train loss 0.0171
2022-01-21 17:36:57,964 root                INFO: Train: Epoch  99: train loss 0.0171
2022-01-21 17:36:58,377 root                INFO: Train: Epoch 100: train loss 0.0171
2022-01-21 17:36:58,781 root                INFO: Train: Epoch 101: train loss 0.0171
2022-01-21 17:36:59,202 root                INFO: Train: Epoch 102: train loss 0.0171
2022-01-21 17:36:59,592 root                INFO: Train: Epoch 103: train loss 0.0171
2022-01-21 17:37:00,000 root                INFO: Train: Epoch 104: train loss 0.0171
2022-01-21 17:37:00,398 root                INFO: Train: Epoch 105: train loss 0.0171
2022-01-21 17:37:00,829 root                INFO: Train: Epoch 106: train loss 0.0171
2022-01-21 17:37:01,222 root                INFO: Train: Epoch 107: train loss 0.0171
2022-01-21 17:37:01,625 root                INFO: Train: Epoch 108: train loss 0.0171
2022-01-21 17:37:02,050 root                INFO: Train: Epoch 109: train loss 0.0171
2022-01-21 17:37:02,478 root                INFO: Train: Epoch 110: train loss 0.0171
2022-01-21 17:37:02,885 root                INFO: Train: Epoch 111: train loss 0.0171
2022-01-21 17:37:03,282 root                INFO: Train: Epoch 112: train loss 0.0171
2022-01-21 17:37:03,739 root                INFO: Train: Epoch 113: train loss 0.0171
2022-01-21 17:37:04,201 root                INFO: Train: Epoch 114: train loss 0.0171
2022-01-21 17:37:04,629 root                INFO: Train: Epoch 115: train loss 0.0171
2022-01-21 17:37:05,019 root                INFO: Train: Epoch 116: train loss 0.0171
2022-01-21 17:37:05,427 root                INFO: Train: Epoch 117: train loss 0.0171
2022-01-21 17:37:05,850 root                INFO: Train: Epoch 118: train loss 0.0171
2022-01-21 17:37:06,269 root                INFO: Train: Epoch 119: train loss 0.0171
2022-01-21 17:37:06,695 root                INFO: Train: Epoch 120: train loss 0.0171
2022-01-21 17:37:07,125 root                INFO: Train: Epoch 121: train loss 0.0171
2022-01-21 17:37:07,551 root                INFO: Train: Epoch 122: train loss 0.0171
2022-01-21 17:37:07,961 root                INFO: Train: Epoch 123: train loss 0.0171
2022-01-21 17:37:08,391 root                INFO: Train: Epoch 124: train loss 0.0171
2022-01-21 17:37:08,819 root                INFO: Train: Epoch 125: train loss 0.0171
2022-01-21 17:37:09,273 root                INFO: Train: Epoch 126: train loss 0.0171
2022-01-21 17:37:09,713 root                INFO: Train: Epoch 127: train loss 0.0171
2022-01-21 17:37:10,187 root                INFO: Train: Epoch 128: train loss 0.0171
2022-01-21 17:37:10,589 root                INFO: Train: Epoch 129: train loss 0.0171
2022-01-21 17:37:10,992 root                INFO: Train: Epoch 130: train loss 0.0171
2022-01-21 17:37:11,433 root                INFO: Train: Epoch 131: train loss 0.0171
2022-01-21 17:37:11,886 root                INFO: Train: Epoch 132: train loss 0.0171
2022-01-21 17:37:12,320 root                INFO: Train: Epoch 133: train loss 0.0171
2022-01-21 17:37:12,742 root                INFO: Train: Epoch 134: train loss 0.0171
2022-01-21 17:37:13,160 root                INFO: Train: Epoch 135: train loss 0.0171
2022-01-21 17:37:13,559 root                INFO: Train: Epoch 136: train loss 0.0171
2022-01-21 17:37:13,969 root                INFO: Train: Epoch 137: train loss 0.0171
2022-01-21 17:37:14,374 root                INFO: Train: Epoch 138: train loss 0.0171
2022-01-21 17:37:14,792 root                INFO: Train: Epoch 139: train loss 0.0171
2022-01-21 17:37:15,218 root                INFO: Train: Epoch 140: train loss 0.0171
2022-01-21 17:37:15,622 root                INFO: Train: Epoch 141: train loss 0.0171
2022-01-21 17:37:16,048 root                INFO: Train: Epoch 142: train loss 0.0171
2022-01-21 17:37:16,454 root                INFO: Train: Epoch 143: train loss 0.0171
2022-01-21 17:37:16,858 root                INFO: Train: Epoch 144: train loss 0.0171
2022-01-21 17:37:17,275 root                INFO: Train: Epoch 145: train loss 0.0171
2022-01-21 17:37:17,708 root                INFO: Train: Epoch 146: train loss 0.0171
2022-01-21 17:37:18,086 root                INFO: Train: Epoch 147: train loss 0.0171
2022-01-21 17:37:18,511 root                INFO: Train: Epoch 148: train loss 0.0171
2022-01-21 17:37:18,900 root                INFO: Train: Epoch 149: train loss 0.0171
2022-01-21 17:37:19,308 root                INFO: Train: Epoch 150: train loss 0.0171
2022-01-21 17:37:19,678 root                INFO: Train: Epoch 151: train loss 0.0171
2022-01-21 17:37:20,046 root                INFO: Train: Epoch 152: train loss 0.0171
2022-01-21 17:37:20,442 root                INFO: Train: Epoch 153: train loss 0.0171
2022-01-21 17:37:20,873 root                INFO: Train: Epoch 154: train loss 0.0171
2022-01-21 17:37:21,256 root                INFO: Train: Epoch 155: train loss 0.0171
2022-01-21 17:37:21,675 root                INFO: Train: Epoch 156: train loss 0.0171
2022-01-21 17:37:22,039 root                INFO: Train: Epoch 157: train loss 0.0171
2022-01-21 17:37:22,452 root                INFO: Train: Epoch 158: train loss 0.0171
2022-01-21 17:37:22,852 root                INFO: Train: Epoch 159: train loss 0.0171
2022-01-21 17:37:23,251 root                INFO: Train: Epoch 160: train loss 0.0171
2022-01-21 17:37:23,679 root                INFO: Train: Epoch 161: train loss 0.0171
2022-01-21 17:37:24,065 root                INFO: Train: Epoch 162: train loss 0.0171
2022-01-21 17:37:24,485 root                INFO: Train: Epoch 163: train loss 0.0171
2022-01-21 17:37:24,933 root                INFO: Train: Epoch 164: train loss 0.0171
2022-01-21 17:37:25,342 root                INFO: Train: Epoch 165: train loss 0.0171
2022-01-21 17:37:25,741 root                INFO: Train: Epoch 166: train loss 0.0171
2022-01-21 17:37:26,207 root                INFO: Train: Epoch 167: train loss 0.0171
2022-01-21 17:37:26,666 root                INFO: Train: Epoch 168: train loss 0.0171
2022-01-21 17:37:27,108 root                INFO: Train: Epoch 169: train loss 0.0171
2022-01-21 17:37:27,520 root                INFO: Train: Epoch 170: train loss 0.0171
2022-01-21 17:37:27,951 root                INFO: Train: Epoch 171: train loss 0.0171
2022-01-21 17:37:28,349 root                INFO: Train: Epoch 172: train loss 0.0171
2022-01-21 17:37:28,743 root                INFO: Train: Epoch 173: train loss 0.0171
2022-01-21 17:37:29,166 root                INFO: Train: Epoch 174: train loss 0.0171
2022-01-21 17:37:29,597 root                INFO: Train: Epoch 175: train loss 0.0171
2022-01-21 17:37:30,002 root                INFO: Train: Epoch 176: train loss 0.0171
2022-01-21 17:37:30,409 root                INFO: Train: Epoch 177: train loss 0.0171
2022-01-21 17:37:30,822 root                INFO: Train: Epoch 178: train loss 0.0171
2022-01-21 17:37:31,242 root                INFO: Train: Epoch 179: train loss 0.0171
2022-01-21 17:37:31,698 root                INFO: Train: Epoch 180: train loss 0.0171
2022-01-21 17:37:32,095 root                INFO: Train: Epoch 181: train loss 0.0171
2022-01-21 17:37:32,514 root                INFO: Train: Epoch 182: train loss 0.0171
2022-01-21 17:37:32,941 root                INFO: Train: Epoch 183: train loss 0.0171
2022-01-21 17:37:33,394 root                INFO: Train: Epoch 184: train loss 0.0171
2022-01-21 17:37:33,770 root                INFO: Train: Epoch 185: train loss 0.0171
2022-01-21 17:37:34,176 root                INFO: Train: Epoch 186: train loss 0.0171
2022-01-21 17:37:34,687 root                INFO: Train: Epoch 187: train loss 0.0171
2022-01-21 17:37:35,124 root                INFO: Train: Epoch 188: train loss 0.0171
2022-01-21 17:37:35,569 root                INFO: Train: Epoch 189: train loss 0.0171
2022-01-21 17:37:36,023 root                INFO: Train: Epoch 190: train loss 0.0171
2022-01-21 17:37:36,541 root                INFO: Train: Epoch 191: train loss 0.0171
2022-01-21 17:37:37,020 root                INFO: Train: Epoch 192: train loss 0.0171
2022-01-21 17:37:37,482 root                INFO: Train: Epoch 193: train loss 0.0171
2022-01-21 17:37:37,902 root                INFO: Train: Epoch 194: train loss 0.0171
2022-01-21 17:37:38,327 root                INFO: Train: Epoch 195: train loss 0.0171
2022-01-21 17:37:38,767 root                INFO: Train: Epoch 196: train loss 0.0171
2022-01-21 17:37:39,187 root                INFO: Train: Epoch 197: train loss 0.0171
2022-01-21 17:37:39,613 root                INFO: Train: Epoch 198: train loss 0.0171
2022-01-21 17:37:40,050 root                INFO: Train: Epoch 199: train loss 0.0171
2022-01-21 17:37:40,511 root                INFO: Train: Epoch 200: train loss 0.0171
2022-01-21 17:37:54,966 root                INFO: Valid: Epoch 200: kendall tau 0.0373 0.0620; loss 0.01372 0.004756
2022-01-21 17:37:54,972 root                INFO: Epoch 200: Save checkpoint to nb301_anytime_tagates/tagates_0.005/123/202121/200.ckpt
2022-01-21 17:38:09,446 root                INFO: [0.0, 0.0, 0.0, 0.040736388562475516, 0.13745839044448796, 0.6222196115288221, 1.0]
2022-01-21 17:38:09,446 root                INFO: [0.0, 0.0, 0.0, 0.07677242459851155, 0.1685921284511455, 0.6265664160401002, 1.0]
2022-01-21 17:38:09,446 root                INFO: [16270, 16270]
2022-01-21 17:38:09,446 root                INFO: [16249, 816]
2022-01-21 22:11:49,012 root                INFO: GPU device = 6
2022-01-21 22:11:49,012 root                INFO: Load pkl cache from nasbench301_train.pkl and nasbench301_valid.pkl
2022-01-21 22:11:49,644 root                INFO: Config: {'arch_network_cfg': {'arch_embedder_cfg': {'take_adj_as_input': True, 'gcn_kwargs': {'residual_only': 2}, 'gcn_out_dims': [64, 64, 64, 64, 64], 'hidden_dim': 32, 'node_dim': 32, 'op_dim': 32, 'use_bn': False, 'final_concat': False, 'other_node_zero': False, 'num_time_steps': 2, 'fb_conversion_dims': [64, 64], 'backward_gcn_out_dims': [64, 64, 64, 64, 64], 'updateopemb_method': 'concat_ofb', 'updateopemb_dims': [64], 'share_skip_and_outskip': True, 'detach_vinfo': False, 'updateopemb_scale': 0.1, 'updateopemb_detach_opemb': True, 'updateopemb_detach_finfo': True, 'mask_nonparametrized_ops': True, 'symmetry_breaking_method': 'param_zs_add', 'concat_param_zs_as_opemb_dimension': 5, 'concat_param_zs_as_opemb_scale': 1.0}, 'arch_embedder_type': 'cellss-fbflow-anytime', 'compare_loss_type': 'margin_linear', 'compare_margin': 0.1, 'mlp_dropout': 0.1, 'mlp_hiddens': [200], 'mlp_out_dim': 1, 'optimizer': {'lr': 0.0001, 'type': 'Adam'}, 'scheduler': None}, 'arch_network_type': 'pointwise_comparator', 'batch_size': 128, 'choose_pair_criterion': 'random', 'compare': False, 'compare_threshold': 0.0, 'epochs': 200, 'max_compare_ratio': 16.0}
2022-01-21 22:11:53,609 root                INFO: Combined args: Namespace(arch_network_type='pointwise_comparator', batch_size=128, cfg_file='cfgs/nb301_cfgs/tagates_anytime.yaml', choose_pair_criterion='random', compare=False, compare_threshold=0.0, epochs=200, eval_only_last=1, gpu=6, load=None, max_compare_ratio=16.0, num_workers=4, report_freq=200, save_every=200, save_predict=None, seed=202121, test_funcs=None, test_only=False, train_dir='nb301_anytime_tagates/tagates_0.005/123/202121', train_pkl='../mynas/data/nasbench-301/nasbench301_train_mtx_anytime_123.pkl', train_ratio=0.005, valid_pkl='../mynas/data/nasbench-301/nasbench301_valid_mtx_anytime.pkl')
2022-01-21 22:11:53,619 root                INFO: Train dataset ratio: 0.005
2022-01-21 22:11:53,620 root                INFO: Number of architectures: train: 29; valid: 51072
2022-01-21 22:12:07,564 root                INFO: Train: Epoch   1: train loss 0.3493
2022-01-21 22:12:08,286 root                INFO: Train: Epoch   2: train loss 0.3484
2022-01-21 22:12:08,965 root                INFO: Train: Epoch   3: train loss 0.3472
2022-01-21 22:12:09,600 root                INFO: Train: Epoch   4: train loss 0.3472
2022-01-21 22:12:10,253 root                INFO: Train: Epoch   5: train loss 0.3465
2022-01-21 22:12:10,934 root                INFO: Train: Epoch   6: train loss 0.3457
2022-01-21 22:12:11,661 root                INFO: Train: Epoch   7: train loss 0.3443
2022-01-21 22:12:12,410 root                INFO: Train: Epoch   8: train loss 0.3440
2022-01-21 22:12:13,187 root                INFO: Train: Epoch   9: train loss 0.3438
2022-01-21 22:12:13,945 root                INFO: Train: Epoch  10: train loss 0.3427
2022-01-21 22:12:14,698 root                INFO: Train: Epoch  11: train loss 0.3415
2022-01-21 22:12:15,475 root                INFO: Train: Epoch  12: train loss 0.3408
2022-01-21 22:12:16,319 root                INFO: Train: Epoch  13: train loss 0.3404
2022-01-21 22:12:17,164 root                INFO: Train: Epoch  14: train loss 0.3395
2022-01-21 22:12:18,011 root                INFO: Train: Epoch  15: train loss 0.3383
2022-01-21 22:12:18,857 root                INFO: Train: Epoch  16: train loss 0.3372
2022-01-21 22:12:19,791 root                INFO: Train: Epoch  17: train loss 0.3366
2022-01-21 22:12:20,731 root                INFO: Train: Epoch  18: train loss 0.3351
2022-01-21 22:12:21,619 root                INFO: Train: Epoch  19: train loss 0.3344
2022-01-21 22:12:22,592 root                INFO: Train: Epoch  20: train loss 0.3334
2022-01-21 22:12:23,481 root                INFO: Train: Epoch  21: train loss 0.3330
2022-01-21 22:12:24,322 root                INFO: Train: Epoch  22: train loss 0.3321
2022-01-21 22:12:25,267 root                INFO: Train: Epoch  23: train loss 0.3312
2022-01-21 22:12:26,135 root                INFO: Train: Epoch  24: train loss 0.3291
2022-01-21 22:12:27,055 root                INFO: Train: Epoch  25: train loss 0.3282
2022-01-21 22:12:27,882 root                INFO: Train: Epoch  26: train loss 0.3262
2022-01-21 22:12:28,739 root                INFO: Train: Epoch  27: train loss 0.3254
2022-01-21 22:12:29,429 root                INFO: Train: Epoch  28: train loss 0.3234
2022-01-21 22:12:30,176 root                INFO: Train: Epoch  29: train loss 0.3218
2022-01-21 22:12:30,905 root                INFO: Train: Epoch  30: train loss 0.3210
2022-01-21 22:12:31,783 root                INFO: Train: Epoch  31: train loss 0.3200
2022-01-21 22:12:32,573 root                INFO: Train: Epoch  32: train loss 0.3176
2022-01-21 22:12:33,351 root                INFO: Train: Epoch  33: train loss 0.3165
2022-01-21 22:12:34,127 root                INFO: Train: Epoch  34: train loss 0.3132
2022-01-21 22:12:34,909 root                INFO: Train: Epoch  35: train loss 0.3116
2022-01-21 22:12:35,667 root                INFO: Train: Epoch  36: train loss 0.3092
2022-01-21 22:12:36,522 root                INFO: Train: Epoch  37: train loss 0.3080
2022-01-21 22:12:37,278 root                INFO: Train: Epoch  38: train loss 0.3053
2022-01-21 22:12:38,163 root                INFO: Train: Epoch  39: train loss 0.3026
2022-01-21 22:12:38,959 root                INFO: Train: Epoch  40: train loss 0.3001
2022-01-21 22:12:39,787 root                INFO: Train: Epoch  41: train loss 0.2976
2022-01-21 22:12:40,586 root                INFO: Train: Epoch  42: train loss 0.2951
2022-01-21 22:12:41,669 root                INFO: Train: Epoch  43: train loss 0.2915
2022-01-21 22:12:42,666 root                INFO: Train: Epoch  44: train loss 0.2883
2022-01-21 22:12:43,614 root                INFO: Train: Epoch  45: train loss 0.2845
2022-01-21 22:12:44,595 root                INFO: Train: Epoch  46: train loss 0.2819
2022-01-21 22:12:45,633 root                INFO: Train: Epoch  47: train loss 0.2776
2022-01-21 22:12:46,817 root                INFO: Train: Epoch  48: train loss 0.2741
2022-01-21 22:12:47,621 root                INFO: Train: Epoch  49: train loss 0.2718
2022-01-21 22:12:48,364 root                INFO: Train: Epoch  50: train loss 0.2666
2022-01-21 22:12:49,135 root                INFO: Train: Epoch  51: train loss 0.2604
2022-01-21 22:12:49,946 root                INFO: Train: Epoch  52: train loss 0.2572
2022-01-21 22:12:50,730 root                INFO: Train: Epoch  53: train loss 0.2524
2022-01-21 22:12:51,504 root                INFO: Train: Epoch  54: train loss 0.2469
2022-01-21 22:12:52,366 root                INFO: Train: Epoch  55: train loss 0.2416
2022-01-21 22:12:53,177 root                INFO: Train: Epoch  56: train loss 0.2361
2022-01-21 22:12:54,005 root                INFO: Train: Epoch  57: train loss 0.2296
2022-01-21 22:12:54,814 root                INFO: Train: Epoch  58: train loss 0.2244
2022-01-21 22:12:55,580 root                INFO: Train: Epoch  59: train loss 0.2169
2022-01-21 22:12:56,321 root                INFO: Train: Epoch  60: train loss 0.2114
2022-01-21 22:12:57,107 root                INFO: Train: Epoch  61: train loss 0.2025
2022-01-21 22:12:57,961 root                INFO: Train: Epoch  62: train loss 0.1968
2022-01-21 22:12:58,756 root                INFO: Train: Epoch  63: train loss 0.1885
2022-01-21 22:12:59,638 root                INFO: Train: Epoch  64: train loss 0.1814
2022-01-21 22:13:00,485 root                INFO: Train: Epoch  65: train loss 0.1728
2022-01-21 22:13:01,233 root                INFO: Train: Epoch  66: train loss 0.1653
2022-01-21 22:13:02,024 root                INFO: Train: Epoch  67: train loss 0.1568
2022-01-21 22:13:02,805 root                INFO: Train: Epoch  68: train loss 0.1477
2022-01-21 22:13:03,666 root                INFO: Train: Epoch  69: train loss 0.1386
2022-01-21 22:13:04,485 root                INFO: Train: Epoch  70: train loss 0.1296
2022-01-21 22:13:05,261 root                INFO: Train: Epoch  71: train loss 0.1218
2022-01-21 22:13:06,061 root                INFO: Train: Epoch  72: train loss 0.1152
2022-01-21 22:13:06,865 root                INFO: Train: Epoch  73: train loss 0.1068
2022-01-21 22:13:07,666 root                INFO: Train: Epoch  74: train loss 0.0958
2022-01-21 22:13:08,510 root                INFO: Train: Epoch  75: train loss 0.0887
2022-01-21 22:13:09,373 root                INFO: Train: Epoch  76: train loss 0.0802
2022-01-21 22:13:10,221 root                INFO: Train: Epoch  77: train loss 0.0721
2022-01-21 22:13:11,007 root                INFO: Train: Epoch  78: train loss 0.0641
2022-01-21 22:13:11,746 root                INFO: Train: Epoch  79: train loss 0.0575
2022-01-21 22:13:12,568 root                INFO: Train: Epoch  80: train loss 0.0505
2022-01-21 22:13:13,338 root                INFO: Train: Epoch  81: train loss 0.0459
2022-01-21 22:13:14,111 root                INFO: Train: Epoch  82: train loss 0.0378
2022-01-21 22:13:14,871 root                INFO: Train: Epoch  83: train loss 0.0313
2022-01-21 22:13:15,659 root                INFO: Train: Epoch  84: train loss 0.0292
2022-01-21 22:13:16,514 root                INFO: Train: Epoch  85: train loss 0.0241
2022-01-21 22:13:17,250 root                INFO: Train: Epoch  86: train loss 0.0199
2022-01-21 22:13:18,078 root                INFO: Train: Epoch  87: train loss 0.0172
2022-01-21 22:13:18,886 root                INFO: Train: Epoch  88: train loss 0.0151
2022-01-21 22:13:19,650 root                INFO: Train: Epoch  89: train loss 0.0127
2022-01-21 22:13:20,465 root                INFO: Train: Epoch  90: train loss 0.0106
2022-01-21 22:13:21,189 root                INFO: Train: Epoch  91: train loss 0.0086
2022-01-21 22:13:21,962 root                INFO: Train: Epoch  92: train loss 0.0069
2022-01-21 22:13:22,692 root                INFO: Train: Epoch  93: train loss 0.0067
2022-01-21 22:13:23,406 root                INFO: Train: Epoch  94: train loss 0.0055
2022-01-21 22:13:24,218 root                INFO: Train: Epoch  95: train loss 0.0047
2022-01-21 22:13:24,918 root                INFO: Train: Epoch  96: train loss 0.0050
2022-01-21 22:13:25,676 root                INFO: Train: Epoch  97: train loss 0.0043
2022-01-21 22:13:26,429 root                INFO: Train: Epoch  98: train loss 0.0041
2022-01-21 22:13:27,184 root                INFO: Train: Epoch  99: train loss 0.0038
2022-01-21 22:13:27,879 root                INFO: Train: Epoch 100: train loss 0.0038
2022-01-21 22:13:28,632 root                INFO: Train: Epoch 101: train loss 0.0038
2022-01-21 22:13:29,363 root                INFO: Train: Epoch 102: train loss 0.0037
2022-01-21 22:13:30,128 root                INFO: Train: Epoch 103: train loss 0.0036
2022-01-21 22:13:30,934 root                INFO: Train: Epoch 104: train loss 0.0038
2022-01-21 22:13:31,670 root                INFO: Train: Epoch 105: train loss 0.0036
2022-01-21 22:13:32,479 root                INFO: Train: Epoch 106: train loss 0.0036
2022-01-21 22:13:33,268 root                INFO: Train: Epoch 107: train loss 0.0038
2022-01-21 22:13:33,995 root                INFO: Train: Epoch 108: train loss 0.0037
2022-01-21 22:13:34,806 root                INFO: Train: Epoch 109: train loss 0.0036
2022-01-21 22:13:35,545 root                INFO: Train: Epoch 110: train loss 0.0036
2022-01-21 22:13:36,274 root                INFO: Train: Epoch 111: train loss 0.0036
2022-01-21 22:13:36,977 root                INFO: Train: Epoch 112: train loss 0.0035
2022-01-21 22:13:37,665 root                INFO: Train: Epoch 113: train loss 0.0033
2022-01-21 22:13:38,379 root                INFO: Train: Epoch 114: train loss 0.0034
2022-01-21 22:13:39,087 root                INFO: Train: Epoch 115: train loss 0.0035
2022-01-21 22:13:39,804 root                INFO: Train: Epoch 116: train loss 0.0032
2022-01-21 22:13:40,563 root                INFO: Train: Epoch 117: train loss 0.0031
2022-01-21 22:13:41,317 root                INFO: Train: Epoch 118: train loss 0.0027
2022-01-21 22:13:42,319 root                INFO: Train: Epoch 119: train loss 0.0028
2022-01-21 22:13:43,197 root                INFO: Train: Epoch 120: train loss 0.0029
2022-01-21 22:13:43,998 root                INFO: Train: Epoch 121: train loss 0.0026
2022-01-21 22:13:44,830 root                INFO: Train: Epoch 122: train loss 0.0026
2022-01-21 22:13:45,615 root                INFO: Train: Epoch 123: train loss 0.0025
2022-01-21 22:13:46,431 root                INFO: Train: Epoch 124: train loss 0.0023
2022-01-21 22:13:47,318 root                INFO: Train: Epoch 125: train loss 0.0022
2022-01-21 22:13:48,095 root                INFO: Train: Epoch 126: train loss 0.0020
2022-01-21 22:13:48,902 root                INFO: Train: Epoch 127: train loss 0.0020
2022-01-21 22:13:49,833 root                INFO: Train: Epoch 128: train loss 0.0019
2022-01-21 22:13:50,830 root                INFO: Train: Epoch 129: train loss 0.0016
2022-01-21 22:13:51,790 root                INFO: Train: Epoch 130: train loss 0.0018
2022-01-21 22:13:52,537 root                INFO: Train: Epoch 131: train loss 0.0016
2022-01-21 22:13:53,391 root                INFO: Train: Epoch 132: train loss 0.0015
2022-01-21 22:13:54,075 root                INFO: Train: Epoch 133: train loss 0.0011
2022-01-21 22:13:54,832 root                INFO: Train: Epoch 134: train loss 0.0012
2022-01-21 22:13:55,651 root                INFO: Train: Epoch 135: train loss 0.0012
2022-01-21 22:13:56,389 root                INFO: Train: Epoch 136: train loss 0.0013
2022-01-21 22:13:57,219 root                INFO: Train: Epoch 137: train loss 0.0012
2022-01-21 22:13:58,011 root                INFO: Train: Epoch 138: train loss 0.0010
2022-01-21 22:13:58,806 root                INFO: Train: Epoch 139: train loss 0.0009
2022-01-21 22:13:59,586 root                INFO: Train: Epoch 140: train loss 0.0010
2022-01-21 22:14:00,310 root                INFO: Train: Epoch 141: train loss 0.0008
2022-01-21 22:14:01,090 root                INFO: Train: Epoch 142: train loss 0.0009
2022-01-21 22:14:01,954 root                INFO: Train: Epoch 143: train loss 0.0009
2022-01-21 22:14:02,826 root                INFO: Train: Epoch 144: train loss 0.0008
2022-01-21 22:14:03,769 root                INFO: Train: Epoch 145: train loss 0.0007
2022-01-21 22:14:04,787 root                INFO: Train: Epoch 146: train loss 0.0007
2022-01-21 22:14:05,651 root                INFO: Train: Epoch 147: train loss 0.0007
2022-01-21 22:14:06,618 root                INFO: Train: Epoch 148: train loss 0.0006
2022-01-21 22:14:07,689 root                INFO: Train: Epoch 149: train loss 0.0005
2022-01-21 22:14:08,614 root                INFO: Train: Epoch 150: train loss 0.0006
2022-01-21 22:14:09,696 root                INFO: Train: Epoch 151: train loss 0.0007
2022-01-21 22:14:10,524 root                INFO: Train: Epoch 152: train loss 0.0006
2022-01-21 22:14:11,391 root                INFO: Train: Epoch 153: train loss 0.0007
2022-01-21 22:14:12,204 root                INFO: Train: Epoch 154: train loss 0.0005
2022-01-21 22:14:13,034 root                INFO: Train: Epoch 155: train loss 0.0006
2022-01-21 22:14:13,963 root                INFO: Train: Epoch 156: train loss 0.0005
2022-01-21 22:14:14,762 root                INFO: Train: Epoch 157: train loss 0.0007
2022-01-21 22:14:15,521 root                INFO: Train: Epoch 158: train loss 0.0006
2022-01-21 22:14:16,343 root                INFO: Train: Epoch 159: train loss 0.0005
2022-01-21 22:14:17,181 root                INFO: Train: Epoch 160: train loss 0.0005
2022-01-21 22:14:17,966 root                INFO: Train: Epoch 161: train loss 0.0006
2022-01-21 22:14:18,713 root                INFO: Train: Epoch 162: train loss 0.0006
2022-01-21 22:14:19,494 root                INFO: Train: Epoch 163: train loss 0.0005
2022-01-21 22:14:20,223 root                INFO: Train: Epoch 164: train loss 0.0006
2022-01-21 22:14:21,059 root                INFO: Train: Epoch 165: train loss 0.0005
2022-01-21 22:14:21,816 root                INFO: Train: Epoch 166: train loss 0.0004
2022-01-21 22:14:22,596 root                INFO: Train: Epoch 167: train loss 0.0006
2022-01-21 22:14:23,407 root                INFO: Train: Epoch 168: train loss 0.0006
2022-01-21 22:14:24,177 root                INFO: Train: Epoch 169: train loss 0.0006
2022-01-21 22:14:24,958 root                INFO: Train: Epoch 170: train loss 0.0004
2022-01-21 22:14:25,783 root                INFO: Train: Epoch 171: train loss 0.0004
2022-01-21 22:14:26,686 root                INFO: Train: Epoch 172: train loss 0.0004
2022-01-21 22:14:27,450 root                INFO: Train: Epoch 173: train loss 0.0005
2022-01-21 22:14:28,195 root                INFO: Train: Epoch 174: train loss 0.0007
2022-01-21 22:14:28,989 root                INFO: Train: Epoch 175: train loss 0.0009
2022-01-21 22:14:29,742 root                INFO: Train: Epoch 176: train loss 0.0005
2022-01-21 22:14:30,491 root                INFO: Train: Epoch 177: train loss 0.0006
2022-01-21 22:14:31,301 root                INFO: Train: Epoch 178: train loss 0.0005
2022-01-21 22:14:32,088 root                INFO: Train: Epoch 179: train loss 0.0005
2022-01-21 22:14:33,011 root                INFO: Train: Epoch 180: train loss 0.0005
2022-01-21 22:14:34,205 root                INFO: Train: Epoch 181: train loss 0.0005
2022-01-21 22:14:35,305 root                INFO: Train: Epoch 182: train loss 0.0006
2022-01-21 22:14:36,433 root                INFO: Train: Epoch 183: train loss 0.0005
2022-01-21 22:14:37,575 root                INFO: Train: Epoch 184: train loss 0.0005
2022-01-21 22:14:38,570 root                INFO: Train: Epoch 185: train loss 0.0005
2022-01-21 22:14:39,503 root                INFO: Train: Epoch 186: train loss 0.0005
2022-01-21 22:14:40,371 root                INFO: Train: Epoch 187: train loss 0.0005
2022-01-21 22:14:41,197 root                INFO: Train: Epoch 188: train loss 0.0007
2022-01-21 22:14:42,045 root                INFO: Train: Epoch 189: train loss 0.0005
2022-01-21 22:14:42,987 root                INFO: Train: Epoch 190: train loss 0.0007
2022-01-21 22:14:43,706 root                INFO: Train: Epoch 191: train loss 0.0005
2022-01-21 22:14:44,494 root                INFO: Train: Epoch 192: train loss 0.0005
2022-01-21 22:14:45,262 root                INFO: Train: Epoch 193: train loss 0.0005
2022-01-21 22:14:46,084 root                INFO: Train: Epoch 194: train loss 0.0006
2022-01-21 22:14:46,969 root                INFO: Train: Epoch 195: train loss 0.0005
2022-01-21 22:14:47,784 root                INFO: Train: Epoch 196: train loss 0.0004
2022-01-21 22:14:48,550 root                INFO: Train: Epoch 197: train loss 0.0005
2022-01-21 22:14:49,361 root                INFO: Train: Epoch 198: train loss 0.0005
2022-01-21 22:14:50,066 root                INFO: Train: Epoch 199: train loss 0.0006
2022-01-21 22:14:50,799 root                INFO: Train: Epoch 200: train loss 0.0007
2022-01-21 22:15:05,837 root                INFO: Valid: Epoch 200: kendall tau 0.2141 0.2005; loss 0.0004148 0.0002553
2022-01-21 22:15:05,844 root                INFO: Epoch 200: Save checkpoint to nb301_anytime_tagates/tagates_0.005/123/202121/200.ckpt
2022-01-21 22:15:21,121 root                INFO: [0.0, 0.0, 0.0, 0.02389345867606737, 0.1151360877227335, 0.6164630325814536, 1.0]
2022-01-21 22:15:21,121 root                INFO: [0.0, 0.0, 0.0, 0.017234625930278104, 0.10260426865087136, 0.603579260651629, 1.0]
2022-01-21 22:15:21,121 root                INFO: [4177, 3684]
2022-01-21 22:15:21,122 root                INFO: [3573, 3573]
