2022-01-19 23:10:39,430 root                INFO: GPU device = 2
2022-01-19 23:10:39,431 root                INFO: Load pkl cache from nasbench101.pkl and nasbench101_valid.pkl
2022-01-19 23:10:40,038 root                INFO: Config: {'arch_network_cfg': {'arch_embedder_cfg': {'b_use_bn': False, 'backward_gcn_out_dims': [128, 128, 128, 128, 128], 'concat_param_zs_as_opemb_dimension': 7, 'concat_param_zs_as_opemb_scale': 0.1, 'detach_vinfo': False, 'fb_conversion_dims': [128, 128], 'gcn_kwargs': {'plus_I': True, 'residual_only': 1}, 'gcn_out_dims': [128, 128, 128, 128, 128], 'hid_dim': 96, 'mask_nonparametrized_ops': False, 'node_embedding_dim': 48, 'num_time_steps': 3, 'op_embedding_dim': 48, 'symmetry_breaking_method': 'param_zs_add', 'updateopemb_detach_finfo': True, 'updateopemb_detach_opemb': True, 'updateopemb_dims': [128], 'updateopemb_method': 'concat_ofb', 'updateopemb_scale': 0.1}, 'arch_embedder_type': 'nb101-fbflow', 'compare_loss_type': 'margin_linear', 'compare_margin': 0.1, 'mlp_dropout': 0.1, 'mlp_hiddens': [200], 'optimizer': {'lr': 0.001, 'type': 'Adam'}, 'scheduler': None}, 'batch_size': 512, 'choose_pair_criterion': 'random', 'compare': True, 'compare_threshold': 0.0, 'epochs': 200, 'max_compare_ratio': 4.0}
2022-01-19 23:10:44,755 root                INFO: Combined args: Namespace(batch_size=512, cfg_file='cfgs/nb101_cfgs/gates_true_scale0.1.yaml', choose_pair_criterion='random', compare=True, compare_threshold=0.0, epochs=200, eval_only_last=5, gpu=2, load=None, max_compare_ratio=4.0, num_workers=4, report_freq=200, save_every=200, save_predict=None, seed=21, test_funcs=None, test_only=False, train_dir='nb1shot1_ablation_scale/true/0.1_0.1/1/21', train_pkl='../mynas/data/nasbench-1shot1/nasbench101_train_1.pkl', train_ratio=0.1, valid_pkl='../mynas/data/nasbench-1shot1/nasbench101_valid.pkl')
2022-01-19 23:10:44,767 root                INFO: Train dataset ratio: 0.100
2022-01-19 23:10:44,768 root                INFO: Number of architectures: train: 729; valid: 7290
2022-01-19 23:10:48,009 root                INFO: Train: Epoch   1: train loss 0.0976
2022-01-19 23:10:48,903 root                INFO: Train: Epoch   2: train loss 0.0809
2022-01-19 23:10:50,010 root                INFO: Train: Epoch   3: train loss 0.0617
2022-01-19 23:10:50,880 root                INFO: Train: Epoch   4: train loss 0.0549
2022-01-19 23:10:51,791 root                INFO: Train: Epoch   5: train loss 0.0578
2022-01-19 23:10:52,695 root                INFO: Train: Epoch   6: train loss 0.0494
2022-01-19 23:10:53,551 root                INFO: Train: Epoch   7: train loss 0.0501
2022-01-19 23:10:54,417 root                INFO: Train: Epoch   8: train loss 0.0454
2022-01-19 23:10:55,289 root                INFO: Train: Epoch   9: train loss 0.0426
2022-01-19 23:10:56,200 root                INFO: Train: Epoch  10: train loss 0.0393
2022-01-19 23:10:57,120 root                INFO: Train: Epoch  11: train loss 0.0320
2022-01-19 23:10:57,973 root                INFO: Train: Epoch  12: train loss 0.0363
2022-01-19 23:10:59,031 root                INFO: Train: Epoch  13: train loss 0.0344
2022-01-19 23:10:59,919 root                INFO: Train: Epoch  14: train loss 0.0322
2022-01-19 23:11:00,806 root                INFO: Train: Epoch  15: train loss 0.0323
2022-01-19 23:11:01,681 root                INFO: Train: Epoch  16: train loss 0.0293
2022-01-19 23:11:02,584 root                INFO: Train: Epoch  17: train loss 0.0298
2022-01-19 23:11:03,490 root                INFO: Train: Epoch  18: train loss 0.0304
2022-01-19 23:11:04,353 root                INFO: Train: Epoch  19: train loss 0.0286
2022-01-19 23:11:05,191 root                INFO: Train: Epoch  20: train loss 0.0268
2022-01-19 23:11:06,047 root                INFO: Train: Epoch  21: train loss 0.0270
2022-01-19 23:11:06,873 root                INFO: Train: Epoch  22: train loss 0.0300
2022-01-19 23:11:07,945 root                INFO: Train: Epoch  23: train loss 0.0272
2022-01-19 23:11:08,871 root                INFO: Train: Epoch  24: train loss 0.0264
2022-01-19 23:11:09,834 root                INFO: Train: Epoch  25: train loss 0.0251
2022-01-19 23:11:10,784 root                INFO: Train: Epoch  26: train loss 0.0243
2022-01-19 23:11:11,693 root                INFO: Train: Epoch  27: train loss 0.0242
2022-01-19 23:11:12,616 root                INFO: Train: Epoch  28: train loss 0.0246
2022-01-19 23:11:13,595 root                INFO: Train: Epoch  29: train loss 0.0240
2022-01-19 23:11:14,613 root                INFO: Train: Epoch  30: train loss 0.0241
2022-01-19 23:11:15,533 root                INFO: Train: Epoch  31: train loss 0.0219
2022-01-19 23:11:16,391 root                INFO: Train: Epoch  32: train loss 0.0248
2022-01-19 23:11:17,490 root                INFO: Train: Epoch  33: train loss 0.0214
2022-01-19 23:11:18,352 root                INFO: Train: Epoch  34: train loss 0.0224
2022-01-19 23:11:19,213 root                INFO: Train: Epoch  35: train loss 0.0226
2022-01-19 23:11:20,114 root                INFO: Train: Epoch  36: train loss 0.0225
2022-01-19 23:11:21,018 root                INFO: Train: Epoch  37: train loss 0.0258
2022-01-19 23:11:21,959 root                INFO: Train: Epoch  38: train loss 0.0216
2022-01-19 23:11:22,939 root                INFO: Train: Epoch  39: train loss 0.0229
2022-01-19 23:11:23,865 root                INFO: Train: Epoch  40: train loss 0.0231
2022-01-19 23:11:24,754 root                INFO: Train: Epoch  41: train loss 0.0223
2022-01-19 23:11:25,639 root                INFO: Train: Epoch  42: train loss 0.0224
2022-01-19 23:11:26,825 root                INFO: Train: Epoch  43: train loss 0.0208
2022-01-19 23:11:27,702 root                INFO: Train: Epoch  44: train loss 0.0202
2022-01-19 23:11:28,635 root                INFO: Train: Epoch  45: train loss 0.0214
2022-01-19 23:11:29,633 root                INFO: Train: Epoch  46: train loss 0.0235
2022-01-19 23:11:30,475 root                INFO: Train: Epoch  47: train loss 0.0184
2022-01-19 23:11:31,356 root                INFO: Train: Epoch  48: train loss 0.0207
2022-01-19 23:11:32,304 root                INFO: Train: Epoch  49: train loss 0.0181
2022-01-19 23:11:33,256 root                INFO: Train: Epoch  50: train loss 0.0208
2022-01-19 23:11:34,097 root                INFO: Train: Epoch  51: train loss 0.0190
2022-01-19 23:11:35,012 root                INFO: Train: Epoch  52: train loss 0.0174
2022-01-19 23:11:36,242 root                INFO: Train: Epoch  53: train loss 0.0202
2022-01-19 23:11:37,094 root                INFO: Train: Epoch  54: train loss 0.0190
2022-01-19 23:11:37,987 root                INFO: Train: Epoch  55: train loss 0.0200
2022-01-19 23:11:38,892 root                INFO: Train: Epoch  56: train loss 0.0194
2022-01-19 23:11:39,758 root                INFO: Train: Epoch  57: train loss 0.0183
2022-01-19 23:11:40,671 root                INFO: Train: Epoch  58: train loss 0.0193
2022-01-19 23:11:41,579 root                INFO: Train: Epoch  59: train loss 0.0177
2022-01-19 23:11:42,483 root                INFO: Train: Epoch  60: train loss 0.0173
2022-01-19 23:11:43,362 root                INFO: Train: Epoch  61: train loss 0.0189
2022-01-19 23:11:44,295 root                INFO: Train: Epoch  62: train loss 0.0197
2022-01-19 23:11:45,323 root                INFO: Train: Epoch  63: train loss 0.0180
2022-01-19 23:11:46,158 root                INFO: Train: Epoch  64: train loss 0.0190
2022-01-19 23:11:46,998 root                INFO: Train: Epoch  65: train loss 0.0185
2022-01-19 23:11:47,844 root                INFO: Train: Epoch  66: train loss 0.0161
2022-01-19 23:11:48,714 root                INFO: Train: Epoch  67: train loss 0.0187
2022-01-19 23:11:49,570 root                INFO: Train: Epoch  68: train loss 0.0188
2022-01-19 23:11:50,387 root                INFO: Train: Epoch  69: train loss 0.0187
2022-01-19 23:11:51,277 root                INFO: Train: Epoch  70: train loss 0.0183
2022-01-19 23:11:52,256 root                INFO: Train: Epoch  71: train loss 0.0186
2022-01-19 23:11:53,180 root                INFO: Train: Epoch  72: train loss 0.0166
2022-01-19 23:11:54,325 root                INFO: Train: Epoch  73: train loss 0.0180
2022-01-19 23:11:55,265 root                INFO: Train: Epoch  74: train loss 0.0176
2022-01-19 23:11:56,140 root                INFO: Train: Epoch  75: train loss 0.0167
2022-01-19 23:11:56,996 root                INFO: Train: Epoch  76: train loss 0.0169
2022-01-19 23:11:57,883 root                INFO: Train: Epoch  77: train loss 0.0181
2022-01-19 23:11:58,793 root                INFO: Train: Epoch  78: train loss 0.0182
2022-01-19 23:11:59,634 root                INFO: Train: Epoch  79: train loss 0.0161
2022-01-19 23:12:00,491 root                INFO: Train: Epoch  80: train loss 0.0156
2022-01-19 23:12:01,377 root                INFO: Train: Epoch  81: train loss 0.0175
2022-01-19 23:12:02,223 root                INFO: Train: Epoch  82: train loss 0.0183
2022-01-19 23:12:03,274 root                INFO: Train: Epoch  83: train loss 0.0152
2022-01-19 23:12:04,166 root                INFO: Train: Epoch  84: train loss 0.0171
2022-01-19 23:12:05,057 root                INFO: Train: Epoch  85: train loss 0.0186
2022-01-19 23:12:05,913 root                INFO: Train: Epoch  86: train loss 0.0160
2022-01-19 23:12:06,839 root                INFO: Train: Epoch  87: train loss 0.0172
2022-01-19 23:12:07,755 root                INFO: Train: Epoch  88: train loss 0.0166
2022-01-19 23:12:08,646 root                INFO: Train: Epoch  89: train loss 0.0170
2022-01-19 23:12:09,654 root                INFO: Train: Epoch  90: train loss 0.0165
2022-01-19 23:12:10,495 root                INFO: Train: Epoch  91: train loss 0.0187
2022-01-19 23:12:11,464 root                INFO: Train: Epoch  92: train loss 0.0167
2022-01-19 23:12:12,507 root                INFO: Train: Epoch  93: train loss 0.0168
2022-01-19 23:12:13,377 root                INFO: Train: Epoch  94: train loss 0.0190
2022-01-19 23:12:14,226 root                INFO: Train: Epoch  95: train loss 0.0164
2022-01-19 23:12:15,066 root                INFO: Train: Epoch  96: train loss 0.0165
2022-01-19 23:12:15,912 root                INFO: Train: Epoch  97: train loss 0.0168
2022-01-19 23:12:16,741 root                INFO: Train: Epoch  98: train loss 0.0157
2022-01-19 23:12:17,625 root                INFO: Train: Epoch  99: train loss 0.0165
2022-01-19 23:12:18,464 root                INFO: Train: Epoch 100: train loss 0.0169
2022-01-19 23:12:19,366 root                INFO: Train: Epoch 101: train loss 0.0172
2022-01-19 23:12:20,276 root                INFO: Train: Epoch 102: train loss 0.0178
2022-01-19 23:12:21,338 root                INFO: Train: Epoch 103: train loss 0.0190
2022-01-19 23:12:22,287 root                INFO: Train: Epoch 104: train loss 0.0165
2022-01-19 23:12:23,107 root                INFO: Train: Epoch 105: train loss 0.0163
2022-01-19 23:12:23,960 root                INFO: Train: Epoch 106: train loss 0.0160
2022-01-19 23:12:24,849 root                INFO: Train: Epoch 107: train loss 0.0143
2022-01-19 23:12:25,749 root                INFO: Train: Epoch 108: train loss 0.0156
2022-01-19 23:12:26,714 root                INFO: Train: Epoch 109: train loss 0.0162
2022-01-19 23:12:27,474 root                INFO: Train: Epoch 110: train loss 0.0173
2022-01-19 23:12:28,468 root                INFO: Train: Epoch 111: train loss 0.0155
2022-01-19 23:12:29,315 root                INFO: Train: Epoch 112: train loss 0.0164
2022-01-19 23:12:30,359 root                INFO: Train: Epoch 113: train loss 0.0147
2022-01-19 23:12:31,248 root                INFO: Train: Epoch 114: train loss 0.0162
2022-01-19 23:12:32,082 root                INFO: Train: Epoch 115: train loss 0.0152
2022-01-19 23:12:32,966 root                INFO: Train: Epoch 116: train loss 0.0161
2022-01-19 23:12:33,802 root                INFO: Train: Epoch 117: train loss 0.0161
2022-01-19 23:12:34,630 root                INFO: Train: Epoch 118: train loss 0.0152
2022-01-19 23:12:35,530 root                INFO: Train: Epoch 119: train loss 0.0153
2022-01-19 23:12:36,424 root                INFO: Train: Epoch 120: train loss 0.0155
2022-01-19 23:12:37,297 root                INFO: Train: Epoch 121: train loss 0.0151
2022-01-19 23:12:38,149 root                INFO: Train: Epoch 122: train loss 0.0164
2022-01-19 23:12:39,209 root                INFO: Train: Epoch 123: train loss 0.0162
2022-01-19 23:12:40,074 root                INFO: Train: Epoch 124: train loss 0.0157
2022-01-19 23:12:40,990 root                INFO: Train: Epoch 125: train loss 0.0146
2022-01-19 23:12:41,859 root                INFO: Train: Epoch 126: train loss 0.0155
2022-01-19 23:12:42,670 root                INFO: Train: Epoch 127: train loss 0.0155
2022-01-19 23:12:43,575 root                INFO: Train: Epoch 128: train loss 0.0155
2022-01-19 23:12:44,411 root                INFO: Train: Epoch 129: train loss 0.0142
2022-01-19 23:12:45,337 root                INFO: Train: Epoch 130: train loss 0.0147
2022-01-19 23:12:46,213 root                INFO: Train: Epoch 131: train loss 0.0157
2022-01-19 23:12:47,030 root                INFO: Train: Epoch 132: train loss 0.0132
2022-01-19 23:12:48,163 root                INFO: Train: Epoch 133: train loss 0.0154
2022-01-19 23:12:49,078 root                INFO: Train: Epoch 134: train loss 0.0159
2022-01-19 23:12:50,061 root                INFO: Train: Epoch 135: train loss 0.0143
2022-01-19 23:12:50,914 root                INFO: Train: Epoch 136: train loss 0.0156
2022-01-19 23:12:51,902 root                INFO: Train: Epoch 137: train loss 0.0140
2022-01-19 23:12:52,968 root                INFO: Train: Epoch 138: train loss 0.0158
2022-01-19 23:12:53,860 root                INFO: Train: Epoch 139: train loss 0.0137
2022-01-19 23:12:54,764 root                INFO: Train: Epoch 140: train loss 0.0146
2022-01-19 23:12:55,568 root                INFO: Train: Epoch 141: train loss 0.0139
2022-01-19 23:12:56,459 root                INFO: Train: Epoch 142: train loss 0.0145
2022-01-19 23:12:57,483 root                INFO: Train: Epoch 143: train loss 0.0157
2022-01-19 23:12:58,334 root                INFO: Train: Epoch 144: train loss 0.0142
2022-01-19 23:12:59,210 root                INFO: Train: Epoch 145: train loss 0.0132
2022-01-19 23:13:00,079 root                INFO: Train: Epoch 146: train loss 0.0147
2022-01-19 23:13:01,001 root                INFO: Train: Epoch 147: train loss 0.0159
2022-01-19 23:13:01,833 root                INFO: Train: Epoch 148: train loss 0.0160
2022-01-19 23:13:02,725 root                INFO: Train: Epoch 149: train loss 0.0131
2022-01-19 23:13:03,605 root                INFO: Train: Epoch 150: train loss 0.0138
2022-01-19 23:13:04,421 root                INFO: Train: Epoch 151: train loss 0.0145
2022-01-19 23:13:05,305 root                INFO: Train: Epoch 152: train loss 0.0147
2022-01-19 23:13:06,245 root                INFO: Train: Epoch 153: train loss 0.0145
2022-01-19 23:13:07,117 root                INFO: Train: Epoch 154: train loss 0.0142
2022-01-19 23:13:07,925 root                INFO: Train: Epoch 155: train loss 0.0138
2022-01-19 23:13:08,727 root                INFO: Train: Epoch 156: train loss 0.0137
2022-01-19 23:13:09,579 root                INFO: Train: Epoch 157: train loss 0.0157
2022-01-19 23:13:10,374 root                INFO: Train: Epoch 158: train loss 0.0145
2022-01-19 23:13:11,266 root                INFO: Train: Epoch 159: train loss 0.0158
2022-01-19 23:13:12,087 root                INFO: Train: Epoch 160: train loss 0.0132
2022-01-19 23:13:12,877 root                INFO: Train: Epoch 161: train loss 0.0131
2022-01-19 23:13:13,753 root                INFO: Train: Epoch 162: train loss 0.0149
2022-01-19 23:13:14,777 root                INFO: Train: Epoch 163: train loss 0.0140
2022-01-19 23:13:15,621 root                INFO: Train: Epoch 164: train loss 0.0148
2022-01-19 23:13:16,505 root                INFO: Train: Epoch 165: train loss 0.0154
2022-01-19 23:13:17,380 root                INFO: Train: Epoch 166: train loss 0.0133
2022-01-19 23:13:18,282 root                INFO: Train: Epoch 167: train loss 0.0158
2022-01-19 23:13:19,148 root                INFO: Train: Epoch 168: train loss 0.0144
2022-01-19 23:13:20,044 root                INFO: Train: Epoch 169: train loss 0.0130
2022-01-19 23:13:20,928 root                INFO: Train: Epoch 170: train loss 0.0131
2022-01-19 23:13:21,770 root                INFO: Train: Epoch 171: train loss 0.0133
2022-01-19 23:13:22,636 root                INFO: Train: Epoch 172: train loss 0.0147
2022-01-19 23:13:23,623 root                INFO: Train: Epoch 173: train loss 0.0158
2022-01-19 23:13:24,519 root                INFO: Train: Epoch 174: train loss 0.0137
2022-01-19 23:13:25,381 root                INFO: Train: Epoch 175: train loss 0.0137
2022-01-19 23:13:26,298 root                INFO: Train: Epoch 176: train loss 0.0126
2022-01-19 23:13:27,179 root                INFO: Train: Epoch 177: train loss 0.0153
2022-01-19 23:13:28,082 root                INFO: Train: Epoch 178: train loss 0.0148
2022-01-19 23:13:28,965 root                INFO: Train: Epoch 179: train loss 0.0143
2022-01-19 23:13:29,823 root                INFO: Train: Epoch 180: train loss 0.0149
2022-01-19 23:13:30,664 root                INFO: Train: Epoch 181: train loss 0.0148
2022-01-19 23:13:31,505 root                INFO: Train: Epoch 182: train loss 0.0141
2022-01-19 23:13:32,593 root                INFO: Train: Epoch 183: train loss 0.0141
2022-01-19 23:13:33,422 root                INFO: Train: Epoch 184: train loss 0.0149
2022-01-19 23:13:34,236 root                INFO: Train: Epoch 185: train loss 0.0147
2022-01-19 23:13:35,099 root                INFO: Train: Epoch 186: train loss 0.0154
2022-01-19 23:13:35,905 root                INFO: Train: Epoch 187: train loss 0.0156
2022-01-19 23:13:36,766 root                INFO: Train: Epoch 188: train loss 0.0162
2022-01-19 23:13:37,594 root                INFO: Train: Epoch 189: train loss 0.0143
2022-01-19 23:13:38,462 root                INFO: Train: Epoch 190: train loss 0.0144
2022-01-19 23:13:39,369 root                INFO: Train: Epoch 191: train loss 0.0142
2022-01-19 23:13:40,231 root                INFO: Train: Epoch 192: train loss 0.0152
2022-01-19 23:13:41,281 root                INFO: Train: Epoch 193: train loss 0.0149
2022-01-19 23:13:42,121 root                INFO: Train: Epoch 194: train loss 0.0145
2022-01-19 23:13:42,974 root                INFO: Train: Epoch 195: train loss 0.0136
2022-01-19 23:13:43,767 root                INFO: Train: Epoch 196: train loss 0.0143
2022-01-19 23:13:45,820 root                INFO: Valid: Epoch 196: kendall tau 0.7994; loss 0.2407
2022-01-19 23:13:46,643 root                INFO: Train: Epoch 197: train loss 0.0143
2022-01-19 23:13:48,778 root                INFO: Valid: Epoch 197: kendall tau 0.7976; loss 0.2547
2022-01-19 23:13:49,675 root                INFO: Train: Epoch 198: train loss 0.0141
2022-01-19 23:13:51,654 root                INFO: Valid: Epoch 198: kendall tau 0.8005; loss 0.2461
2022-01-19 23:13:52,484 root                INFO: Train: Epoch 199: train loss 0.0135
2022-01-19 23:13:54,473 root                INFO: Valid: Epoch 199: kendall tau 0.7917; loss 0.2275
2022-01-19 23:13:55,365 root                INFO: Train: Epoch 200: train loss 0.0157
2022-01-19 23:13:57,590 root                INFO: Valid: Epoch 200: kendall tau 0.7789; loss 0.2142
2022-01-19 23:13:57,599 root                INFO: Epoch 200: Save checkpoint to nb1shot1_ablation_scale/true/0.1_0.1/1/21/200.ckpt
2022-01-19 23:13:59,665 root                INFO: [0.14285714285714285, 0.4722222222222222, 0.5555555555555556, 0.5769230769230769, 0.7133058984910837, 0.9091906721536351, 1.0]
2022-01-19 23:13:59,666 root                INFO: [3, 3]
