2022-01-21 17:44:23,186 root                INFO: GPU device = 2
2022-01-21 17:44:23,186 root                INFO: Load pkl cache from nasbench301_train.pkl and nasbench301_valid.pkl
2022-01-21 17:44:23,767 root                INFO: Config: {'arch_network_cfg': {'arch_embedder_cfg': {'take_adj_as_input': True, 'gcn_kwargs': {'residual_only': 2}, 'gcn_out_dims': [64, 64, 64, 64, 64], 'hidden_dim': 32, 'node_dim': 32, 'op_dim': 32, 'use_bn': False, 'final_concat': False, 'other_node_zero': False, 'num_time_steps': 2, 'fb_conversion_dims': [64, 64], 'backward_gcn_out_dims': [64, 64, 64, 64, 64], 'updateopemb_method': 'concat_ofb', 'updateopemb_dims': [64], 'share_skip_and_outskip': True, 'detach_vinfo': False, 'updateopemb_scale': 0.1, 'updateopemb_detach_opemb': True, 'updateopemb_detach_finfo': True, 'mask_nonparametrized_ops': True, 'symmetry_breaking_method': 'param_zs_add', 'concat_param_zs_as_opemb_dimension': 5, 'concat_param_zs_as_opemb_scale': 1.0}, 'arch_embedder_type': 'cellss-fbflow-anytime', 'compare_loss_type': 'margin_linear', 'compare_margin': 0.1, 'mlp_dropout': 0.1, 'mlp_hiddens': [200], 'mlp_out_dim': 1, 'optimizer': {'lr': 0.001, 'type': 'Adam'}, 'scheduler': None}, 'arch_network_type': 'pointwise_comparator', 'batch_size': 128, 'choose_pair_criterion': 'random', 'compare': False, 'compare_threshold': 0.0, 'epochs': 200, 'max_compare_ratio': 16.0}
2022-01-21 17:44:26,987 root                INFO: Combined args: Namespace(arch_network_type='pointwise_comparator', batch_size=128, cfg_file='cfgs/nb301_cfgs/tagates_anytime.yaml', choose_pair_criterion='random', compare=False, compare_threshold=0.0, epochs=200, eval_only_last=1, gpu=2, load=None, max_compare_ratio=16.0, num_workers=4, report_freq=200, save_every=200, save_predict=None, seed=21, test_funcs=None, test_only=False, train_dir='nb301_anytime_tagates/tagates_0.1/123/21', train_pkl='../mynas/data/nasbench-301/nasbench301_train_mtx_anytime_123.pkl', train_ratio=0.1, valid_pkl='../mynas/data/nasbench-301/nasbench301_valid_mtx_anytime.pkl')
2022-01-21 17:44:26,996 root                INFO: Train dataset ratio: 0.100
2022-01-21 17:44:26,996 root                INFO: Number of architectures: train: 589; valid: 51072
2022-01-21 17:44:40,622 root                INFO: Train: Epoch   1: train loss 0.3053
2022-01-21 17:44:41,257 root                INFO: Train: Epoch   2: train loss 0.1873
2022-01-21 17:44:41,873 root                INFO: Train: Epoch   3: train loss 0.0179
2022-01-21 17:44:42,518 root                INFO: Train: Epoch   4: train loss 0.0158
2022-01-21 17:44:43,175 root                INFO: Train: Epoch   5: train loss 0.0182
2022-01-21 17:44:43,926 root                INFO: Train: Epoch   6: train loss 0.0183
2022-01-21 17:44:44,589 root                INFO: Train: Epoch   7: train loss 0.0183
2022-01-21 17:44:45,252 root                INFO: Train: Epoch   8: train loss 0.0183
2022-01-21 17:44:45,901 root                INFO: Train: Epoch   9: train loss 0.0183
2022-01-21 17:44:46,547 root                INFO: Train: Epoch  10: train loss 0.0183
2022-01-21 17:44:47,231 root                INFO: Train: Epoch  11: train loss 0.0183
2022-01-21 17:44:47,906 root                INFO: Train: Epoch  12: train loss 0.0183
2022-01-21 17:44:48,573 root                INFO: Train: Epoch  13: train loss 0.0183
2022-01-21 17:44:49,205 root                INFO: Train: Epoch  14: train loss 0.0183
2022-01-21 17:44:49,845 root                INFO: Train: Epoch  15: train loss 0.0183
2022-01-21 17:44:50,489 root                INFO: Train: Epoch  16: train loss 0.0183
2022-01-21 17:44:51,153 root                INFO: Train: Epoch  17: train loss 0.0183
2022-01-21 17:44:51,801 root                INFO: Train: Epoch  18: train loss 0.0183
2022-01-21 17:44:52,446 root                INFO: Train: Epoch  19: train loss 0.0183
2022-01-21 17:44:53,111 root                INFO: Train: Epoch  20: train loss 0.0183
2022-01-21 17:44:53,792 root                INFO: Train: Epoch  21: train loss 0.0183
2022-01-21 17:44:54,490 root                INFO: Train: Epoch  22: train loss 0.0183
2022-01-21 17:44:55,165 root                INFO: Train: Epoch  23: train loss 0.0183
2022-01-21 17:44:55,840 root                INFO: Train: Epoch  24: train loss 0.0183
2022-01-21 17:44:56,548 root                INFO: Train: Epoch  25: train loss 0.0183
2022-01-21 17:44:57,281 root                INFO: Train: Epoch  26: train loss 0.0183
2022-01-21 17:44:57,983 root                INFO: Train: Epoch  27: train loss 0.0183
2022-01-21 17:44:58,633 root                INFO: Train: Epoch  28: train loss 0.0183
2022-01-21 17:44:59,255 root                INFO: Train: Epoch  29: train loss 0.0183
2022-01-21 17:44:59,927 root                INFO: Train: Epoch  30: train loss 0.0183
2022-01-21 17:45:00,561 root                INFO: Train: Epoch  31: train loss 0.0183
2022-01-21 17:45:01,205 root                INFO: Train: Epoch  32: train loss 0.0183
2022-01-21 17:45:01,875 root                INFO: Train: Epoch  33: train loss 0.0183
2022-01-21 17:45:02,549 root                INFO: Train: Epoch  34: train loss 0.0183
2022-01-21 17:45:03,244 root                INFO: Train: Epoch  35: train loss 0.0183
2022-01-21 17:45:03,914 root                INFO: Train: Epoch  36: train loss 0.0183
2022-01-21 17:45:04,534 root                INFO: Train: Epoch  37: train loss 0.0181
2022-01-21 17:45:05,170 root                INFO: Train: Epoch  38: train loss 0.0167
2022-01-21 17:45:05,793 root                INFO: Train: Epoch  39: train loss 0.0107
2022-01-21 17:45:06,479 root                INFO: Train: Epoch  40: train loss 0.0095
2022-01-21 17:45:07,156 root                INFO: Train: Epoch  41: train loss 0.0084
2022-01-21 17:45:07,789 root                INFO: Train: Epoch  42: train loss 0.0080
2022-01-21 17:45:08,600 root                INFO: Train: Epoch  43: train loss 0.0078
2022-01-21 17:45:09,340 root                INFO: Train: Epoch  44: train loss 0.0070
2022-01-21 17:45:10,037 root                INFO: Train: Epoch  45: train loss 0.0069
2022-01-21 17:45:10,688 root                INFO: Train: Epoch  46: train loss 0.0062
2022-01-21 17:45:11,334 root                INFO: Train: Epoch  47: train loss 0.0051
2022-01-21 17:45:12,024 root                INFO: Train: Epoch  48: train loss 0.0026
2022-01-21 17:45:12,691 root                INFO: Train: Epoch  49: train loss 0.0023
2022-01-21 17:45:13,336 root                INFO: Train: Epoch  50: train loss 0.0019
2022-01-21 17:45:14,029 root                INFO: Train: Epoch  51: train loss 0.0018
2022-01-21 17:45:14,688 root                INFO: Train: Epoch  52: train loss 0.0016
2022-01-21 17:45:15,311 root                INFO: Train: Epoch  53: train loss 0.0014
2022-01-21 17:45:15,950 root                INFO: Train: Epoch  54: train loss 0.0015
2022-01-21 17:45:16,605 root                INFO: Train: Epoch  55: train loss 0.0013
2022-01-21 17:45:17,302 root                INFO: Train: Epoch  56: train loss 0.0012
2022-01-21 17:45:17,975 root                INFO: Train: Epoch  57: train loss 0.0011
2022-01-21 17:45:18,616 root                INFO: Train: Epoch  58: train loss 0.0010
2022-01-21 17:45:19,251 root                INFO: Train: Epoch  59: train loss 0.0009
2022-01-21 17:45:19,925 root                INFO: Train: Epoch  60: train loss 0.0009
2022-01-21 17:45:20,621 root                INFO: Train: Epoch  61: train loss 0.0008
2022-01-21 17:45:21,280 root                INFO: Train: Epoch  62: train loss 0.0007
2022-01-21 17:45:21,917 root                INFO: Train: Epoch  63: train loss 0.0006
2022-01-21 17:45:22,565 root                INFO: Train: Epoch  64: train loss 0.0006
2022-01-21 17:45:23,257 root                INFO: Train: Epoch  65: train loss 0.0005
2022-01-21 17:45:23,909 root                INFO: Train: Epoch  66: train loss 0.0004
2022-01-21 17:45:24,549 root                INFO: Train: Epoch  67: train loss 0.0004
2022-01-21 17:45:25,231 root                INFO: Train: Epoch  68: train loss 0.0004
2022-01-21 17:45:25,941 root                INFO: Train: Epoch  69: train loss 0.0004
2022-01-21 17:45:26,625 root                INFO: Train: Epoch  70: train loss 0.0005
2022-01-21 17:45:27,295 root                INFO: Train: Epoch  71: train loss 0.0004
2022-01-21 17:45:27,923 root                INFO: Train: Epoch  72: train loss 0.0003
2022-01-21 17:45:28,571 root                INFO: Train: Epoch  73: train loss 0.0003
2022-01-21 17:45:29,262 root                INFO: Train: Epoch  74: train loss 0.0003
2022-01-21 17:45:29,991 root                INFO: Train: Epoch  75: train loss 0.0003
2022-01-21 17:45:30,647 root                INFO: Train: Epoch  76: train loss 0.0003
2022-01-21 17:45:31,300 root                INFO: Train: Epoch  77: train loss 0.0003
2022-01-21 17:45:31,949 root                INFO: Train: Epoch  78: train loss 0.0003
2022-01-21 17:45:32,609 root                INFO: Train: Epoch  79: train loss 0.0003
2022-01-21 17:45:33,252 root                INFO: Train: Epoch  80: train loss 0.0003
2022-01-21 17:45:33,908 root                INFO: Train: Epoch  81: train loss 0.0003
2022-01-21 17:45:34,557 root                INFO: Train: Epoch  82: train loss 0.0003
2022-01-21 17:45:35,242 root                INFO: Train: Epoch  83: train loss 0.0003
2022-01-21 17:45:35,901 root                INFO: Train: Epoch  84: train loss 0.0003
2022-01-21 17:45:36,570 root                INFO: Train: Epoch  85: train loss 0.0003
2022-01-21 17:45:37,228 root                INFO: Train: Epoch  86: train loss 0.0003
2022-01-21 17:45:37,890 root                INFO: Train: Epoch  87: train loss 0.0003
2022-01-21 17:45:38,523 root                INFO: Train: Epoch  88: train loss 0.0003
2022-01-21 17:45:39,176 root                INFO: Train: Epoch  89: train loss 0.0003
2022-01-21 17:45:39,828 root                INFO: Train: Epoch  90: train loss 0.0003
2022-01-21 17:45:40,553 root                INFO: Train: Epoch  91: train loss 0.0003
2022-01-21 17:45:41,193 root                INFO: Train: Epoch  92: train loss 0.0003
2022-01-21 17:45:41,853 root                INFO: Train: Epoch  93: train loss 0.0003
2022-01-21 17:45:42,505 root                INFO: Train: Epoch  94: train loss 0.0002
2022-01-21 17:45:43,229 root                INFO: Train: Epoch  95: train loss 0.0003
2022-01-21 17:45:43,984 root                INFO: Train: Epoch  96: train loss 0.0003
2022-01-21 17:45:44,747 root                INFO: Train: Epoch  97: train loss 0.0003
2022-01-21 17:45:45,510 root                INFO: Train: Epoch  98: train loss 0.0003
2022-01-21 17:45:46,270 root                INFO: Train: Epoch  99: train loss 0.0002
2022-01-21 17:45:47,000 root                INFO: Train: Epoch 100: train loss 0.0003
2022-01-21 17:45:47,721 root                INFO: Train: Epoch 101: train loss 0.0003
2022-01-21 17:45:48,454 root                INFO: Train: Epoch 102: train loss 0.0003
2022-01-21 17:45:49,185 root                INFO: Train: Epoch 103: train loss 0.0003
2022-01-21 17:45:49,862 root                INFO: Train: Epoch 104: train loss 0.0003
2022-01-21 17:45:50,543 root                INFO: Train: Epoch 105: train loss 0.0003
2022-01-21 17:45:51,198 root                INFO: Train: Epoch 106: train loss 0.0003
2022-01-21 17:45:51,853 root                INFO: Train: Epoch 107: train loss 0.0003
2022-01-21 17:45:52,526 root                INFO: Train: Epoch 108: train loss 0.0002
2022-01-21 17:45:53,211 root                INFO: Train: Epoch 109: train loss 0.0002
2022-01-21 17:45:53,880 root                INFO: Train: Epoch 110: train loss 0.0002
2022-01-21 17:45:54,535 root                INFO: Train: Epoch 111: train loss 0.0002
2022-01-21 17:45:55,195 root                INFO: Train: Epoch 112: train loss 0.0002
2022-01-21 17:45:55,922 root                INFO: Train: Epoch 113: train loss 0.0002
2022-01-21 17:45:56,719 root                INFO: Train: Epoch 114: train loss 0.0002
2022-01-21 17:45:57,498 root                INFO: Train: Epoch 115: train loss 0.0002
2022-01-21 17:45:58,303 root                INFO: Train: Epoch 116: train loss 0.0002
2022-01-21 17:45:59,125 root                INFO: Train: Epoch 117: train loss 0.0002
2022-01-21 17:45:59,919 root                INFO: Train: Epoch 118: train loss 0.0002
2022-01-21 17:46:00,726 root                INFO: Train: Epoch 119: train loss 0.0002
2022-01-21 17:46:01,472 root                INFO: Train: Epoch 120: train loss 0.0002
2022-01-21 17:46:02,190 root                INFO: Train: Epoch 121: train loss 0.0002
2022-01-21 17:46:02,906 root                INFO: Train: Epoch 122: train loss 0.0002
2022-01-21 17:46:03,607 root                INFO: Train: Epoch 123: train loss 0.0002
2022-01-21 17:46:04,324 root                INFO: Train: Epoch 124: train loss 0.0002
2022-01-21 17:46:05,058 root                INFO: Train: Epoch 125: train loss 0.0002
2022-01-21 17:46:05,756 root                INFO: Train: Epoch 126: train loss 0.0002
2022-01-21 17:46:06,506 root                INFO: Train: Epoch 127: train loss 0.0002
2022-01-21 17:46:07,245 root                INFO: Train: Epoch 128: train loss 0.0002
2022-01-21 17:46:07,985 root                INFO: Train: Epoch 129: train loss 0.0002
2022-01-21 17:46:08,722 root                INFO: Train: Epoch 130: train loss 0.0002
2022-01-21 17:46:09,463 root                INFO: Train: Epoch 131: train loss 0.0002
2022-01-21 17:46:10,159 root                INFO: Train: Epoch 132: train loss 0.0002
2022-01-21 17:46:10,851 root                INFO: Train: Epoch 133: train loss 0.0002
2022-01-21 17:46:11,535 root                INFO: Train: Epoch 134: train loss 0.0002
2022-01-21 17:46:12,197 root                INFO: Train: Epoch 135: train loss 0.0002
2022-01-21 17:46:12,881 root                INFO: Train: Epoch 136: train loss 0.0002
2022-01-21 17:46:13,597 root                INFO: Train: Epoch 137: train loss 0.0002
2022-01-21 17:46:14,267 root                INFO: Train: Epoch 138: train loss 0.0002
2022-01-21 17:46:14,943 root                INFO: Train: Epoch 139: train loss 0.0002
2022-01-21 17:46:15,621 root                INFO: Train: Epoch 140: train loss 0.0002
2022-01-21 17:46:16,283 root                INFO: Train: Epoch 141: train loss 0.0002
2022-01-21 17:46:16,944 root                INFO: Train: Epoch 142: train loss 0.0002
2022-01-21 17:46:17,591 root                INFO: Train: Epoch 143: train loss 0.0002
2022-01-21 17:46:18,252 root                INFO: Train: Epoch 144: train loss 0.0002
2022-01-21 17:46:18,956 root                INFO: Train: Epoch 145: train loss 0.0002
2022-01-21 17:46:19,617 root                INFO: Train: Epoch 146: train loss 0.0002
2022-01-21 17:46:20,270 root                INFO: Train: Epoch 147: train loss 0.0002
2022-01-21 17:46:20,936 root                INFO: Train: Epoch 148: train loss 0.0002
2022-01-21 17:46:21,629 root                INFO: Train: Epoch 149: train loss 0.0002
2022-01-21 17:46:22,308 root                INFO: Train: Epoch 150: train loss 0.0002
2022-01-21 17:46:22,991 root                INFO: Train: Epoch 151: train loss 0.0002
2022-01-21 17:46:23,690 root                INFO: Train: Epoch 152: train loss 0.0002
2022-01-21 17:46:24,362 root                INFO: Train: Epoch 153: train loss 0.0002
2022-01-21 17:46:25,033 root                INFO: Train: Epoch 154: train loss 0.0002
2022-01-21 17:46:25,791 root                INFO: Train: Epoch 155: train loss 0.0002
2022-01-21 17:46:26,508 root                INFO: Train: Epoch 156: train loss 0.0002
2022-01-21 17:46:27,210 root                INFO: Train: Epoch 157: train loss 0.0002
2022-01-21 17:46:27,914 root                INFO: Train: Epoch 158: train loss 0.0002
2022-01-21 17:46:28,598 root                INFO: Train: Epoch 159: train loss 0.0002
2022-01-21 17:46:29,305 root                INFO: Train: Epoch 160: train loss 0.0002
2022-01-21 17:46:30,012 root                INFO: Train: Epoch 161: train loss 0.0002
2022-01-21 17:46:30,693 root                INFO: Train: Epoch 162: train loss 0.0002
2022-01-21 17:46:31,374 root                INFO: Train: Epoch 163: train loss 0.0002
2022-01-21 17:46:32,091 root                INFO: Train: Epoch 164: train loss 0.0002
2022-01-21 17:46:32,763 root                INFO: Train: Epoch 165: train loss 0.0002
2022-01-21 17:46:33,457 root                INFO: Train: Epoch 166: train loss 0.0002
2022-01-21 17:46:34,154 root                INFO: Train: Epoch 167: train loss 0.0002
2022-01-21 17:46:34,842 root                INFO: Train: Epoch 168: train loss 0.0002
2022-01-21 17:46:35,528 root                INFO: Train: Epoch 169: train loss 0.0002
2022-01-21 17:46:36,210 root                INFO: Train: Epoch 170: train loss 0.0002
2022-01-21 17:46:36,889 root                INFO: Train: Epoch 171: train loss 0.0002
2022-01-21 17:46:37,566 root                INFO: Train: Epoch 172: train loss 0.0002
2022-01-21 17:46:38,290 root                INFO: Train: Epoch 173: train loss 0.0002
2022-01-21 17:46:38,990 root                INFO: Train: Epoch 174: train loss 0.0002
2022-01-21 17:46:39,699 root                INFO: Train: Epoch 175: train loss 0.0002
2022-01-21 17:46:40,400 root                INFO: Train: Epoch 176: train loss 0.0002
2022-01-21 17:46:41,094 root                INFO: Train: Epoch 177: train loss 0.0002
2022-01-21 17:46:41,785 root                INFO: Train: Epoch 178: train loss 0.0002
2022-01-21 17:46:42,476 root                INFO: Train: Epoch 179: train loss 0.0002
2022-01-21 17:46:43,152 root                INFO: Train: Epoch 180: train loss 0.0002
2022-01-21 17:46:43,850 root                INFO: Train: Epoch 181: train loss 0.0002
2022-01-21 17:46:44,575 root                INFO: Train: Epoch 182: train loss 0.0002
2022-01-21 17:46:45,304 root                INFO: Train: Epoch 183: train loss 0.0002
2022-01-21 17:46:45,987 root                INFO: Train: Epoch 184: train loss 0.0002
2022-01-21 17:46:46,687 root                INFO: Train: Epoch 185: train loss 0.0002
2022-01-21 17:46:47,390 root                INFO: Train: Epoch 186: train loss 0.0002
2022-01-21 17:46:48,102 root                INFO: Train: Epoch 187: train loss 0.0002
2022-01-21 17:46:48,793 root                INFO: Train: Epoch 188: train loss 0.0002
2022-01-21 17:46:49,475 root                INFO: Train: Epoch 189: train loss 0.0002
2022-01-21 17:46:50,156 root                INFO: Train: Epoch 190: train loss 0.0001
2022-01-21 17:46:50,833 root                INFO: Train: Epoch 191: train loss 0.0002
2022-01-21 17:46:51,502 root                INFO: Train: Epoch 192: train loss 0.0002
2022-01-21 17:46:52,186 root                INFO: Train: Epoch 193: train loss 0.0002
2022-01-21 17:46:52,860 root                INFO: Train: Epoch 194: train loss 0.0002
2022-01-21 17:46:53,557 root                INFO: Train: Epoch 195: train loss 0.0002
2022-01-21 17:46:54,279 root                INFO: Train: Epoch 196: train loss 0.0002
2022-01-21 17:46:55,022 root                INFO: Train: Epoch 197: train loss 0.0002
2022-01-21 17:46:55,755 root                INFO: Train: Epoch 198: train loss 0.0002
2022-01-21 17:46:56,464 root                INFO: Train: Epoch 199: train loss 0.0002
2022-01-21 17:46:57,189 root                INFO: Train: Epoch 200: train loss 0.0002
2022-01-21 17:47:11,461 root                INFO: Valid: Epoch 200: kendall tau 0.6666 0.6554; loss 5.031e-05 2.638e-05
2022-01-21 17:47:11,467 root                INFO: Epoch 200: Save checkpoint to nb301_anytime_tagates/tagates_0.1/123/21/200.ckpt
2022-01-21 17:47:25,869 root                INFO: [0.17647058823529413, 0.3333333333333333, 0.4803921568627451, 0.6353309831570702, 0.6968866261993343, 0.8296130952380952, 1.0]
2022-01-21 17:47:25,869 root                INFO: [0.0, 0.12156862745098039, 0.25882352941176473, 0.5601253427340384, 0.6865087135304484, 0.8235823934837093, 1.0]
2022-01-21 17:47:25,869 root                INFO: [20, 20]
2022-01-21 17:47:25,869 root                INFO: [215, 215]
2022-01-21 22:22:59,961 root                INFO: GPU device = 1
2022-01-21 22:22:59,962 root                INFO: Load pkl cache from nasbench301_train.pkl and nasbench301_valid.pkl
2022-01-21 22:23:00,533 root                INFO: Config: {'arch_network_cfg': {'arch_embedder_cfg': {'take_adj_as_input': True, 'gcn_kwargs': {'residual_only': 2}, 'gcn_out_dims': [64, 64, 64, 64, 64], 'hidden_dim': 32, 'node_dim': 32, 'op_dim': 32, 'use_bn': False, 'final_concat': False, 'other_node_zero': False, 'num_time_steps': 2, 'fb_conversion_dims': [64, 64], 'backward_gcn_out_dims': [64, 64, 64, 64, 64], 'updateopemb_method': 'concat_ofb', 'updateopemb_dims': [64], 'share_skip_and_outskip': True, 'detach_vinfo': False, 'updateopemb_scale': 0.1, 'updateopemb_detach_opemb': True, 'updateopemb_detach_finfo': True, 'mask_nonparametrized_ops': True, 'symmetry_breaking_method': 'param_zs_add', 'concat_param_zs_as_opemb_dimension': 5, 'concat_param_zs_as_opemb_scale': 1.0}, 'arch_embedder_type': 'cellss-fbflow-anytime', 'compare_loss_type': 'margin_linear', 'compare_margin': 0.1, 'mlp_dropout': 0.1, 'mlp_hiddens': [200], 'mlp_out_dim': 1, 'optimizer': {'lr': 0.0001, 'type': 'Adam'}, 'scheduler': None}, 'arch_network_type': 'pointwise_comparator', 'batch_size': 128, 'choose_pair_criterion': 'random', 'compare': False, 'compare_threshold': 0.0, 'epochs': 200, 'max_compare_ratio': 16.0}
2022-01-21 22:23:03,923 root                INFO: Combined args: Namespace(arch_network_type='pointwise_comparator', batch_size=128, cfg_file='cfgs/nb301_cfgs/tagates_anytime.yaml', choose_pair_criterion='random', compare=False, compare_threshold=0.0, epochs=200, eval_only_last=1, gpu=1, load=None, max_compare_ratio=16.0, num_workers=4, report_freq=200, save_every=200, save_predict=None, seed=21, test_funcs=None, test_only=False, train_dir='nb301_anytime_tagates/tagates_0.1/123/21', train_pkl='../mynas/data/nasbench-301/nasbench301_train_mtx_anytime_123.pkl', train_ratio=0.1, valid_pkl='../mynas/data/nasbench-301/nasbench301_valid_mtx_anytime.pkl')
2022-01-21 22:23:03,931 root                INFO: Train dataset ratio: 0.100
2022-01-21 22:23:03,932 root                INFO: Number of architectures: train: 589; valid: 51072
2022-01-21 22:23:17,676 root                INFO: Train: Epoch   1: train loss 0.3277
2022-01-21 22:23:18,471 root                INFO: Train: Epoch   2: train loss 0.3212
2022-01-21 22:23:19,299 root                INFO: Train: Epoch   3: train loss 0.3144
2022-01-21 22:23:20,128 root                INFO: Train: Epoch   4: train loss 0.3069
2022-01-21 22:23:20,919 root                INFO: Train: Epoch   5: train loss 0.2980
2022-01-21 22:23:21,718 root                INFO: Train: Epoch   6: train loss 0.2875
2022-01-21 22:23:22,541 root                INFO: Train: Epoch   7: train loss 0.2748
2022-01-21 22:23:23,334 root                INFO: Train: Epoch   8: train loss 0.2595
2022-01-21 22:23:24,130 root                INFO: Train: Epoch   9: train loss 0.2402
2022-01-21 22:23:24,960 root                INFO: Train: Epoch  10: train loss 0.2165
2022-01-21 22:23:25,729 root                INFO: Train: Epoch  11: train loss 0.1870
2022-01-21 22:23:26,493 root                INFO: Train: Epoch  12: train loss 0.1522
2022-01-21 22:23:27,295 root                INFO: Train: Epoch  13: train loss 0.1135
2022-01-21 22:23:28,061 root                INFO: Train: Epoch  14: train loss 0.0738
2022-01-21 22:23:28,847 root                INFO: Train: Epoch  15: train loss 0.0405
2022-01-21 22:23:29,636 root                INFO: Train: Epoch  16: train loss 0.0171
2022-01-21 22:23:30,418 root                INFO: Train: Epoch  17: train loss 0.0055
2022-01-21 22:23:31,249 root                INFO: Train: Epoch  18: train loss 0.0016
2022-01-21 22:23:32,018 root                INFO: Train: Epoch  19: train loss 0.0012
2022-01-21 22:23:32,825 root                INFO: Train: Epoch  20: train loss 0.0015
2022-01-21 22:23:33,608 root                INFO: Train: Epoch  21: train loss 0.0017
2022-01-21 22:23:34,434 root                INFO: Train: Epoch  22: train loss 0.0017
2022-01-21 22:23:35,227 root                INFO: Train: Epoch  23: train loss 0.0015
2022-01-21 22:23:36,056 root                INFO: Train: Epoch  24: train loss 0.0013
2022-01-21 22:23:36,876 root                INFO: Train: Epoch  25: train loss 0.0011
2022-01-21 22:23:37,687 root                INFO: Train: Epoch  26: train loss 0.0010
2022-01-21 22:23:38,500 root                INFO: Train: Epoch  27: train loss 0.0009
2022-01-21 22:23:39,330 root                INFO: Train: Epoch  28: train loss 0.0009
2022-01-21 22:23:40,147 root                INFO: Train: Epoch  29: train loss 0.0009
2022-01-21 22:23:40,965 root                INFO: Train: Epoch  30: train loss 0.0009
2022-01-21 22:23:41,740 root                INFO: Train: Epoch  31: train loss 0.0009
2022-01-21 22:23:42,529 root                INFO: Train: Epoch  32: train loss 0.0009
2022-01-21 22:23:43,321 root                INFO: Train: Epoch  33: train loss 0.0009
2022-01-21 22:23:44,101 root                INFO: Train: Epoch  34: train loss 0.0009
2022-01-21 22:23:44,880 root                INFO: Train: Epoch  35: train loss 0.0009
2022-01-21 22:23:45,683 root                INFO: Train: Epoch  36: train loss 0.0009
2022-01-21 22:23:46,498 root                INFO: Train: Epoch  37: train loss 0.0009
2022-01-21 22:23:47,354 root                INFO: Train: Epoch  38: train loss 0.0009
2022-01-21 22:23:48,253 root                INFO: Train: Epoch  39: train loss 0.0009
2022-01-21 22:23:49,042 root                INFO: Train: Epoch  40: train loss 0.0009
2022-01-21 22:23:49,806 root                INFO: Train: Epoch  41: train loss 0.0009
2022-01-21 22:23:50,638 root                INFO: Train: Epoch  42: train loss 0.0009
2022-01-21 22:23:51,570 root                INFO: Train: Epoch  43: train loss 0.0010
2022-01-21 22:23:52,411 root                INFO: Train: Epoch  44: train loss 0.0009
2022-01-21 22:23:53,200 root                INFO: Train: Epoch  45: train loss 0.0009
2022-01-21 22:23:54,016 root                INFO: Train: Epoch  46: train loss 0.0009
2022-01-21 22:23:54,845 root                INFO: Train: Epoch  47: train loss 0.0009
2022-01-21 22:23:55,613 root                INFO: Train: Epoch  48: train loss 0.0008
2022-01-21 22:23:56,374 root                INFO: Train: Epoch  49: train loss 0.0009
2022-01-21 22:23:57,182 root                INFO: Train: Epoch  50: train loss 0.0009
2022-01-21 22:23:57,965 root                INFO: Train: Epoch  51: train loss 0.0009
2022-01-21 22:23:58,765 root                INFO: Train: Epoch  52: train loss 0.0008
2022-01-21 22:23:59,599 root                INFO: Train: Epoch  53: train loss 0.0009
2022-01-21 22:24:00,407 root                INFO: Train: Epoch  54: train loss 0.0009
2022-01-21 22:24:01,242 root                INFO: Train: Epoch  55: train loss 0.0009
2022-01-21 22:24:02,059 root                INFO: Train: Epoch  56: train loss 0.0009
2022-01-21 22:24:02,879 root                INFO: Train: Epoch  57: train loss 0.0008
2022-01-21 22:24:03,683 root                INFO: Train: Epoch  58: train loss 0.0008
2022-01-21 22:24:04,503 root                INFO: Train: Epoch  59: train loss 0.0009
2022-01-21 22:24:05,315 root                INFO: Train: Epoch  60: train loss 0.0009
2022-01-21 22:24:06,130 root                INFO: Train: Epoch  61: train loss 0.0009
2022-01-21 22:24:06,938 root                INFO: Train: Epoch  62: train loss 0.0008
2022-01-21 22:24:07,773 root                INFO: Train: Epoch  63: train loss 0.0009
2022-01-21 22:24:08,626 root                INFO: Train: Epoch  64: train loss 0.0009
2022-01-21 22:24:09,467 root                INFO: Train: Epoch  65: train loss 0.0008
2022-01-21 22:24:10,307 root                INFO: Train: Epoch  66: train loss 0.0008
2022-01-21 22:24:11,130 root                INFO: Train: Epoch  67: train loss 0.0008
2022-01-21 22:24:11,950 root                INFO: Train: Epoch  68: train loss 0.0008
2022-01-21 22:24:12,811 root                INFO: Train: Epoch  69: train loss 0.0008
2022-01-21 22:24:13,637 root                INFO: Train: Epoch  70: train loss 0.0009
2022-01-21 22:24:14,439 root                INFO: Train: Epoch  71: train loss 0.0008
2022-01-21 22:24:15,262 root                INFO: Train: Epoch  72: train loss 0.0008
2022-01-21 22:24:16,086 root                INFO: Train: Epoch  73: train loss 0.0008
2022-01-21 22:24:16,901 root                INFO: Train: Epoch  74: train loss 0.0008
2022-01-21 22:24:17,712 root                INFO: Train: Epoch  75: train loss 0.0009
2022-01-21 22:24:18,546 root                INFO: Train: Epoch  76: train loss 0.0008
2022-01-21 22:24:19,363 root                INFO: Train: Epoch  77: train loss 0.0008
2022-01-21 22:24:20,205 root                INFO: Train: Epoch  78: train loss 0.0008
2022-01-21 22:24:21,021 root                INFO: Train: Epoch  79: train loss 0.0008
2022-01-21 22:24:21,849 root                INFO: Train: Epoch  80: train loss 0.0008
2022-01-21 22:24:22,699 root                INFO: Train: Epoch  81: train loss 0.0008
2022-01-21 22:24:23,507 root                INFO: Train: Epoch  82: train loss 0.0008
2022-01-21 22:24:24,326 root                INFO: Train: Epoch  83: train loss 0.0008
2022-01-21 22:24:25,138 root                INFO: Train: Epoch  84: train loss 0.0008
2022-01-21 22:24:25,953 root                INFO: Train: Epoch  85: train loss 0.0008
2022-01-21 22:24:26,749 root                INFO: Train: Epoch  86: train loss 0.0008
2022-01-21 22:24:27,576 root                INFO: Train: Epoch  87: train loss 0.0008
2022-01-21 22:24:28,384 root                INFO: Train: Epoch  88: train loss 0.0008
2022-01-21 22:24:29,196 root                INFO: Train: Epoch  89: train loss 0.0008
2022-01-21 22:24:29,991 root                INFO: Train: Epoch  90: train loss 0.0008
2022-01-21 22:24:30,795 root                INFO: Train: Epoch  91: train loss 0.0008
2022-01-21 22:24:31,593 root                INFO: Train: Epoch  92: train loss 0.0008
2022-01-21 22:24:32,414 root                INFO: Train: Epoch  93: train loss 0.0008
2022-01-21 22:24:33,195 root                INFO: Train: Epoch  94: train loss 0.0008
2022-01-21 22:24:33,963 root                INFO: Train: Epoch  95: train loss 0.0008
2022-01-21 22:24:34,767 root                INFO: Train: Epoch  96: train loss 0.0008
2022-01-21 22:24:35,548 root                INFO: Train: Epoch  97: train loss 0.0007
2022-01-21 22:24:36,346 root                INFO: Train: Epoch  98: train loss 0.0008
2022-01-21 22:24:37,145 root                INFO: Train: Epoch  99: train loss 0.0007
2022-01-21 22:24:37,921 root                INFO: Train: Epoch 100: train loss 0.0008
2022-01-21 22:24:38,705 root                INFO: Train: Epoch 101: train loss 0.0007
2022-01-21 22:24:39,612 root                INFO: Train: Epoch 102: train loss 0.0008
2022-01-21 22:24:40,423 root                INFO: Train: Epoch 103: train loss 0.0008
2022-01-21 22:24:41,245 root                INFO: Train: Epoch 104: train loss 0.0007
2022-01-21 22:24:42,059 root                INFO: Train: Epoch 105: train loss 0.0007
2022-01-21 22:24:42,964 root                INFO: Train: Epoch 106: train loss 0.0007
2022-01-21 22:24:43,793 root                INFO: Train: Epoch 107: train loss 0.0007
2022-01-21 22:24:44,622 root                INFO: Train: Epoch 108: train loss 0.0008
2022-01-21 22:24:45,427 root                INFO: Train: Epoch 109: train loss 0.0007
2022-01-21 22:24:46,251 root                INFO: Train: Epoch 110: train loss 0.0007
2022-01-21 22:24:47,054 root                INFO: Train: Epoch 111: train loss 0.0007
2022-01-21 22:24:47,878 root                INFO: Train: Epoch 112: train loss 0.0007
2022-01-21 22:24:48,663 root                INFO: Train: Epoch 113: train loss 0.0008
2022-01-21 22:24:49,476 root                INFO: Train: Epoch 114: train loss 0.0007
2022-01-21 22:24:50,286 root                INFO: Train: Epoch 115: train loss 0.0007
2022-01-21 22:24:51,108 root                INFO: Train: Epoch 116: train loss 0.0007
2022-01-21 22:24:51,962 root                INFO: Train: Epoch 117: train loss 0.0007
2022-01-21 22:24:52,771 root                INFO: Train: Epoch 118: train loss 0.0007
2022-01-21 22:24:53,547 root                INFO: Train: Epoch 119: train loss 0.0007
2022-01-21 22:24:54,375 root                INFO: Train: Epoch 120: train loss 0.0007
2022-01-21 22:24:55,183 root                INFO: Train: Epoch 121: train loss 0.0007
2022-01-21 22:24:55,994 root                INFO: Train: Epoch 122: train loss 0.0007
2022-01-21 22:24:56,801 root                INFO: Train: Epoch 123: train loss 0.0007
2022-01-21 22:24:57,615 root                INFO: Train: Epoch 124: train loss 0.0007
2022-01-21 22:24:58,398 root                INFO: Train: Epoch 125: train loss 0.0007
2022-01-21 22:24:59,197 root                INFO: Train: Epoch 126: train loss 0.0007
2022-01-21 22:25:00,013 root                INFO: Train: Epoch 127: train loss 0.0007
2022-01-21 22:25:00,843 root                INFO: Train: Epoch 128: train loss 0.0007
2022-01-21 22:25:01,647 root                INFO: Train: Epoch 129: train loss 0.0007
2022-01-21 22:25:02,397 root                INFO: Train: Epoch 130: train loss 0.0007
2022-01-21 22:25:03,132 root                INFO: Train: Epoch 131: train loss 0.0006
2022-01-21 22:25:03,913 root                INFO: Train: Epoch 132: train loss 0.0007
2022-01-21 22:25:04,687 root                INFO: Train: Epoch 133: train loss 0.0007
2022-01-21 22:25:05,417 root                INFO: Train: Epoch 134: train loss 0.0007
2022-01-21 22:25:06,150 root                INFO: Train: Epoch 135: train loss 0.0007
2022-01-21 22:25:06,916 root                INFO: Train: Epoch 136: train loss 0.0007
2022-01-21 22:25:07,690 root                INFO: Train: Epoch 137: train loss 0.0007
2022-01-21 22:25:08,447 root                INFO: Train: Epoch 138: train loss 0.0007
2022-01-21 22:25:09,149 root                INFO: Train: Epoch 139: train loss 0.0007
2022-01-21 22:25:09,904 root                INFO: Train: Epoch 140: train loss 0.0007
2022-01-21 22:25:10,592 root                INFO: Train: Epoch 141: train loss 0.0007
2022-01-21 22:25:11,314 root                INFO: Train: Epoch 142: train loss 0.0007
2022-01-21 22:25:12,005 root                INFO: Train: Epoch 143: train loss 0.0007
2022-01-21 22:25:12,733 root                INFO: Train: Epoch 144: train loss 0.0006
2022-01-21 22:25:13,413 root                INFO: Train: Epoch 145: train loss 0.0007
2022-01-21 22:25:14,117 root                INFO: Train: Epoch 146: train loss 0.0006
2022-01-21 22:25:14,846 root                INFO: Train: Epoch 147: train loss 0.0006
2022-01-21 22:25:15,578 root                INFO: Train: Epoch 148: train loss 0.0006
2022-01-21 22:25:16,352 root                INFO: Train: Epoch 149: train loss 0.0006
2022-01-21 22:25:17,091 root                INFO: Train: Epoch 150: train loss 0.0006
2022-01-21 22:25:17,809 root                INFO: Train: Epoch 151: train loss 0.0006
2022-01-21 22:25:18,573 root                INFO: Train: Epoch 152: train loss 0.0006
2022-01-21 22:25:19,388 root                INFO: Train: Epoch 153: train loss 0.0006
2022-01-21 22:25:20,171 root                INFO: Train: Epoch 154: train loss 0.0006
2022-01-21 22:25:20,945 root                INFO: Train: Epoch 155: train loss 0.0006
2022-01-21 22:25:21,744 root                INFO: Train: Epoch 156: train loss 0.0007
2022-01-21 22:25:22,560 root                INFO: Train: Epoch 157: train loss 0.0006
2022-01-21 22:25:23,386 root                INFO: Train: Epoch 158: train loss 0.0006
2022-01-21 22:25:24,181 root                INFO: Train: Epoch 159: train loss 0.0007
2022-01-21 22:25:24,968 root                INFO: Train: Epoch 160: train loss 0.0006
2022-01-21 22:25:25,737 root                INFO: Train: Epoch 161: train loss 0.0006
2022-01-21 22:25:26,527 root                INFO: Train: Epoch 162: train loss 0.0006
2022-01-21 22:25:27,310 root                INFO: Train: Epoch 163: train loss 0.0006
2022-01-21 22:25:28,094 root                INFO: Train: Epoch 164: train loss 0.0006
2022-01-21 22:25:28,878 root                INFO: Train: Epoch 165: train loss 0.0006
2022-01-21 22:25:29,640 root                INFO: Train: Epoch 166: train loss 0.0006
2022-01-21 22:25:30,441 root                INFO: Train: Epoch 167: train loss 0.0006
2022-01-21 22:25:31,221 root                INFO: Train: Epoch 168: train loss 0.0006
2022-01-21 22:25:31,993 root                INFO: Train: Epoch 169: train loss 0.0006
2022-01-21 22:25:32,779 root                INFO: Train: Epoch 170: train loss 0.0006
2022-01-21 22:25:33,567 root                INFO: Train: Epoch 171: train loss 0.0006
2022-01-21 22:25:34,342 root                INFO: Train: Epoch 172: train loss 0.0006
2022-01-21 22:25:35,123 root                INFO: Train: Epoch 173: train loss 0.0006
2022-01-21 22:25:35,924 root                INFO: Train: Epoch 174: train loss 0.0006
2022-01-21 22:25:36,718 root                INFO: Train: Epoch 175: train loss 0.0006
2022-01-21 22:25:37,487 root                INFO: Train: Epoch 176: train loss 0.0006
2022-01-21 22:25:38,259 root                INFO: Train: Epoch 177: train loss 0.0006
2022-01-21 22:25:39,120 root                INFO: Train: Epoch 178: train loss 0.0005
2022-01-21 22:25:39,915 root                INFO: Train: Epoch 179: train loss 0.0006
2022-01-21 22:25:40,743 root                INFO: Train: Epoch 180: train loss 0.0006
2022-01-21 22:25:41,618 root                INFO: Train: Epoch 181: train loss 0.0005
2022-01-21 22:25:42,439 root                INFO: Train: Epoch 182: train loss 0.0006
2022-01-21 22:25:43,265 root                INFO: Train: Epoch 183: train loss 0.0006
2022-01-21 22:25:44,124 root                INFO: Train: Epoch 184: train loss 0.0006
2022-01-21 22:25:44,913 root                INFO: Train: Epoch 185: train loss 0.0005
2022-01-21 22:25:45,708 root                INFO: Train: Epoch 186: train loss 0.0005
2022-01-21 22:25:46,485 root                INFO: Train: Epoch 187: train loss 0.0005
2022-01-21 22:25:47,246 root                INFO: Train: Epoch 188: train loss 0.0005
2022-01-21 22:25:48,010 root                INFO: Train: Epoch 189: train loss 0.0005
2022-01-21 22:25:48,833 root                INFO: Train: Epoch 190: train loss 0.0005
2022-01-21 22:25:49,640 root                INFO: Train: Epoch 191: train loss 0.0005
2022-01-21 22:25:50,451 root                INFO: Train: Epoch 192: train loss 0.0005
2022-01-21 22:25:51,243 root                INFO: Train: Epoch 193: train loss 0.0005
2022-01-21 22:25:52,022 root                INFO: Train: Epoch 194: train loss 0.0005
2022-01-21 22:25:52,816 root                INFO: Train: Epoch 195: train loss 0.0005
2022-01-21 22:25:53,622 root                INFO: Train: Epoch 196: train loss 0.0005
2022-01-21 22:25:54,427 root                INFO: Train: Epoch 197: train loss 0.0005
2022-01-21 22:25:55,257 root                INFO: Train: Epoch 198: train loss 0.0005
2022-01-21 22:25:56,073 root                INFO: Train: Epoch 199: train loss 0.0005
2022-01-21 22:25:56,900 root                INFO: Train: Epoch 200: train loss 0.0005
2022-01-21 22:26:10,838 root                INFO: Valid: Epoch 200: kendall tau 0.4002 0.3433; loss 0.0002162 0.0001493
2022-01-21 22:26:10,845 root                INFO: Epoch 200: Save checkpoint to nb301_anytime_tagates/tagates_0.1/123/21/200.ckpt
2022-01-21 22:26:24,947 root                INFO: [0.0, 0.0, 0.013725490196078431, 0.29142185663924797, 0.3747797141178774, 0.7000704887218046, 1.0]
2022-01-21 22:26:24,947 root                INFO: [0.0, 0.0, 0.011764705882352941, 0.19898159028593812, 0.29156060309379284, 0.6683897243107769, 1.0]
2022-01-21 22:26:24,948 root                INFO: [614, 614]
2022-01-21 22:26:24,948 root                INFO: [798, 798]
