2022-01-23 22:26:21,854 root                INFO: GPU device = 2
2022-01-23 22:26:21,854 root                INFO: Load pkl cache from nasbench301_train.pkl and nasbench301_valid.pkl
2022-01-23 22:26:22,677 root                INFO: Config: {'arch_network_cfg': {'arch_embedder_cfg': {'take_adj_as_input': True, 'gcn_kwargs': {'residual_only': 2}, 'gcn_out_dims': [64, 64, 64, 64, 64], 'hidden_dim': 32, 'node_dim': 32, 'op_dim': 32, 'use_bn': False, 'final_concat': False, 'other_node_zero': False, 'num_time_steps': 4, 'fb_conversion_dims': [64, 64], 'backward_gcn_out_dims': [64, 64, 64, 64, 64], 'updateopemb_method': 'concat_ofb', 'updateopemb_dims': [64], 'share_skip_and_outskip': True, 'detach_vinfo': False, 'updateopemb_scale': 0.1, 'updateopemb_detach_opemb': True, 'updateopemb_detach_finfo': True, 'mask_nonparametrized_ops': True, 'symmetry_breaking_method': 'param_zs_add', 'concat_param_zs_as_opemb_dimension': 5, 'concat_param_zs_as_opemb_scale': 1.0}, 'arch_embedder_type': 'cellss-fbflow', 'compare_loss_type': 'margin_linear', 'compare_margin': 0.1, 'mlp_dropout': 0.1, 'mlp_hiddens': [200], 'optimizer': {'lr': 0.001, 'type': 'Adam'}, 'scheduler': None}, 'arch_network_type': 'pointwise_comparator', 'batch_size': 128, 'choose_pair_criterion': 'random', 'compare': True, 'compare_threshold': 0.0, 'epochs': 200, 'max_compare_ratio': 16.0}
2022-01-23 22:26:26,336 root                INFO: Combined args: Namespace(arch_network_type='pointwise_comparator', batch_size=128, cfg_file='cfgs/nb301_cfgs/gates_true_masktrue.yaml', choose_pair_criterion='random', compare=True, compare_threshold=0.0, epochs=200, eval_only_last=1, gpu=2, load=None, max_compare_ratio=16.0, num_workers=4, report_freq=200, save_every=200, save_predict=None, seed=2021, test_funcs=None, test_only=False, train_dir='../results/nb301/nb301_ablation_mask/true/true_0.5/12/2021', train_pkl='../mynas/data/nasbench-301/nasbench301_train_mtx_12.pkl', train_ratio=0.5, valid_pkl='../mynas/data/nasbench-301/nasbench301_valid_mtx.pkl')
2022-01-23 22:26:26,341 root                INFO: Train dataset ratio: 0.500
2022-01-23 22:26:26,342 root                INFO: Number of architectures: train: 2948; valid: 51072
2022-01-23 22:26:48,001 root                INFO: Train: Epoch   1: train loss 0.0635
2022-01-23 22:26:54,160 root                INFO: Train: Epoch   2: train loss 0.0346
2022-01-23 22:27:00,296 root                INFO: Train: Epoch   3: train loss 0.0332
2022-01-23 22:27:06,440 root                INFO: Train: Epoch   4: train loss 0.0315
2022-01-23 22:27:12,575 root                INFO: Train: Epoch   5: train loss 0.0298
2022-01-23 22:27:18,798 root                INFO: Train: Epoch   6: train loss 0.0290
2022-01-23 22:27:24,989 root                INFO: Train: Epoch   7: train loss 0.0304
2022-01-23 22:27:31,155 root                INFO: Train: Epoch   8: train loss 0.0264
2022-01-23 22:27:37,311 root                INFO: Train: Epoch   9: train loss 0.0247
2022-01-23 22:27:43,467 root                INFO: Train: Epoch  10: train loss 0.0225
2022-01-23 22:27:49,610 root                INFO: Train: Epoch  11: train loss 0.0250
2022-01-23 22:27:55,753 root                INFO: Train: Epoch  12: train loss 0.0232
2022-01-23 22:28:01,901 root                INFO: Train: Epoch  13: train loss 0.0224
2022-01-23 22:28:08,070 root                INFO: Train: Epoch  14: train loss 0.0237
2022-01-23 22:28:14,237 root                INFO: Train: Epoch  15: train loss 0.0258
2022-01-23 22:28:20,377 root                INFO: Train: Epoch  16: train loss 0.0261
2022-01-23 22:28:26,558 root                INFO: Train: Epoch  17: train loss 0.0228
2022-01-23 22:28:32,715 root                INFO: Train: Epoch  18: train loss 0.0228
2022-01-23 22:28:38,852 root                INFO: Train: Epoch  19: train loss 0.0224
2022-01-23 22:28:45,009 root                INFO: Train: Epoch  20: train loss 0.0213
2022-01-23 22:28:51,172 root                INFO: Train: Epoch  21: train loss 0.0213
2022-01-23 22:28:57,340 root                INFO: Train: Epoch  22: train loss 0.0223
2022-01-23 22:29:03,497 root                INFO: Train: Epoch  23: train loss 0.0334
2022-01-23 22:29:09,629 root                INFO: Train: Epoch  24: train loss 0.0243
2022-01-23 22:29:15,745 root                INFO: Train: Epoch  25: train loss 0.0289
2022-01-23 22:29:21,903 root                INFO: Train: Epoch  26: train loss 0.0219
2022-01-23 22:29:28,093 root                INFO: Train: Epoch  27: train loss 0.0282
2022-01-23 22:29:34,273 root                INFO: Train: Epoch  28: train loss 0.0222
2022-01-23 22:29:40,440 root                INFO: Train: Epoch  29: train loss 0.0216
2022-01-23 22:29:46,549 root                INFO: Train: Epoch  30: train loss 0.0205
2022-01-23 22:29:52,678 root                INFO: Train: Epoch  31: train loss 0.0202
2022-01-23 22:29:58,822 root                INFO: Train: Epoch  32: train loss 0.0269
2022-01-23 22:30:04,960 root                INFO: Train: Epoch  33: train loss 0.0226
2022-01-23 22:30:11,081 root                INFO: Train: Epoch  34: train loss 0.0219
2022-01-23 22:30:17,235 root                INFO: Train: Epoch  35: train loss 0.0201
2022-01-23 22:30:23,392 root                INFO: Train: Epoch  36: train loss 0.0217
2022-01-23 22:30:29,529 root                INFO: Train: Epoch  37: train loss 0.0204
2022-01-23 22:30:35,701 root                INFO: Train: Epoch  38: train loss 0.0205
2022-01-23 22:30:41,819 root                INFO: Train: Epoch  39: train loss 0.0193
2022-01-23 22:30:47,932 root                INFO: Train: Epoch  40: train loss 0.0198
2022-01-23 22:30:54,039 root                INFO: Train: Epoch  41: train loss 0.0198
2022-01-23 22:31:00,150 root                INFO: Train: Epoch  42: train loss 0.0187
2022-01-23 22:31:06,269 root                INFO: Train: Epoch  43: train loss 0.0197
2022-01-23 22:31:12,384 root                INFO: Train: Epoch  44: train loss 0.0251
2022-01-23 22:31:18,510 root                INFO: Train: Epoch  45: train loss 0.0202
2022-01-23 22:31:24,634 root                INFO: Train: Epoch  46: train loss 0.0217
2022-01-23 22:31:30,744 root                INFO: Train: Epoch  47: train loss 0.0258
2022-01-23 22:31:36,877 root                INFO: Train: Epoch  48: train loss 0.0227
2022-01-23 22:31:43,001 root                INFO: Train: Epoch  49: train loss 0.0217
2022-01-23 22:31:49,127 root                INFO: Train: Epoch  50: train loss 0.0230
2022-01-23 22:31:55,260 root                INFO: Train: Epoch  51: train loss 0.0196
2022-01-23 22:32:01,409 root                INFO: Train: Epoch  52: train loss 0.0186
2022-01-23 22:32:07,497 root                INFO: Train: Epoch  53: train loss 0.0199
2022-01-23 22:32:13,623 root                INFO: Train: Epoch  54: train loss 0.0183
2022-01-23 22:32:19,768 root                INFO: Train: Epoch  55: train loss 0.0211
2022-01-23 22:32:25,892 root                INFO: Train: Epoch  56: train loss 0.0192
2022-01-23 22:32:32,022 root                INFO: Train: Epoch  57: train loss 0.0208
2022-01-23 22:32:38,151 root                INFO: Train: Epoch  58: train loss 0.0187
2022-01-23 22:32:44,312 root                INFO: Train: Epoch  59: train loss 0.0199
2022-01-23 22:32:50,436 root                INFO: Train: Epoch  60: train loss 0.0192
2022-01-23 22:32:56,569 root                INFO: Train: Epoch  61: train loss 0.0197
2022-01-23 22:33:02,692 root                INFO: Train: Epoch  62: train loss 0.0186
2022-01-23 22:33:08,822 root                INFO: Train: Epoch  63: train loss 0.0193
2022-01-23 22:33:14,967 root                INFO: Train: Epoch  64: train loss 0.0191
2022-01-23 22:33:21,093 root                INFO: Train: Epoch  65: train loss 0.0176
2022-01-23 22:33:27,229 root                INFO: Train: Epoch  66: train loss 0.0178
2022-01-23 22:33:33,354 root                INFO: Train: Epoch  67: train loss 0.0172
2022-01-23 22:33:39,480 root                INFO: Train: Epoch  68: train loss 0.0171
2022-01-23 22:33:45,609 root                INFO: Train: Epoch  69: train loss 0.0177
2022-01-23 22:33:51,711 root                INFO: Train: Epoch  70: train loss 0.0176
2022-01-23 22:33:57,818 root                INFO: Train: Epoch  71: train loss 0.0182
2022-01-23 22:34:03,948 root                INFO: Train: Epoch  72: train loss 0.0329
2022-01-23 22:34:10,098 root                INFO: Train: Epoch  73: train loss 0.0221
2022-01-23 22:34:16,229 root                INFO: Train: Epoch  74: train loss 0.0194
2022-01-23 22:34:22,369 root                INFO: Train: Epoch  75: train loss 0.0196
2022-01-23 22:34:28,498 root                INFO: Train: Epoch  76: train loss 0.0198
2022-01-23 22:34:34,643 root                INFO: Train: Epoch  77: train loss 0.0178
2022-01-23 22:34:40,801 root                INFO: Train: Epoch  78: train loss 0.0189
2022-01-23 22:34:46,955 root                INFO: Train: Epoch  79: train loss 0.0198
2022-01-23 22:34:53,073 root                INFO: Train: Epoch  80: train loss 0.0180
2022-01-23 22:34:59,204 root                INFO: Train: Epoch  81: train loss 0.0208
2022-01-23 22:35:05,317 root                INFO: Train: Epoch  82: train loss 0.0180
2022-01-23 22:35:11,479 root                INFO: Train: Epoch  83: train loss 0.0239
2022-01-23 22:35:17,624 root                INFO: Train: Epoch  84: train loss 0.0272
2022-01-23 22:35:23,757 root                INFO: Train: Epoch  85: train loss 0.0201
2022-01-23 22:35:29,892 root                INFO: Train: Epoch  86: train loss 0.0196
2022-01-23 22:35:36,010 root                INFO: Train: Epoch  87: train loss 0.0180
2022-01-23 22:35:42,127 root                INFO: Train: Epoch  88: train loss 0.0187
2022-01-23 22:35:48,261 root                INFO: Train: Epoch  89: train loss 0.0188
2022-01-23 22:35:54,406 root                INFO: Train: Epoch  90: train loss 0.0178
2022-01-23 22:36:00,535 root                INFO: Train: Epoch  91: train loss 0.0171
2022-01-23 22:36:06,660 root                INFO: Train: Epoch  92: train loss 0.0168
2022-01-23 22:36:12,811 root                INFO: Train: Epoch  93: train loss 0.0159
2022-01-23 22:36:18,965 root                INFO: Train: Epoch  94: train loss 0.0193
2022-01-23 22:36:25,092 root                INFO: Train: Epoch  95: train loss 0.0194
2022-01-23 22:36:31,229 root                INFO: Train: Epoch  96: train loss 0.0185
2022-01-23 22:36:37,360 root                INFO: Train: Epoch  97: train loss 0.0164
2022-01-23 22:36:43,497 root                INFO: Train: Epoch  98: train loss 0.0152
2022-01-23 22:36:49,630 root                INFO: Train: Epoch  99: train loss 0.0156
2022-01-23 22:36:55,742 root                INFO: Train: Epoch 100: train loss 0.0174
2022-01-23 22:37:01,862 root                INFO: Train: Epoch 101: train loss 0.0160
2022-01-23 22:37:07,996 root                INFO: Train: Epoch 102: train loss 0.0161
2022-01-23 22:37:14,131 root                INFO: Train: Epoch 103: train loss 0.0173
2022-01-23 22:37:20,264 root                INFO: Train: Epoch 104: train loss 0.0175
2022-01-23 22:37:26,391 root                INFO: Train: Epoch 105: train loss 0.0155
2022-01-23 22:37:32,535 root                INFO: Train: Epoch 106: train loss 0.0171
2022-01-23 22:37:38,658 root                INFO: Train: Epoch 107: train loss 0.0152
2022-01-23 22:37:44,798 root                INFO: Train: Epoch 108: train loss 0.0144
2022-01-23 22:37:50,948 root                INFO: Train: Epoch 109: train loss 0.0164
2022-01-23 22:37:57,073 root                INFO: Train: Epoch 110: train loss 0.0170
2022-01-23 22:38:03,201 root                INFO: Train: Epoch 111: train loss 0.0172
2022-01-23 22:38:09,328 root                INFO: Train: Epoch 112: train loss 0.0155
2022-01-23 22:38:15,471 root                INFO: Train: Epoch 113: train loss 0.0199
2022-01-23 22:38:21,599 root                INFO: Train: Epoch 114: train loss 0.0167
2022-01-23 22:38:27,740 root                INFO: Train: Epoch 115: train loss 0.0164
2022-01-23 22:38:33,861 root                INFO: Train: Epoch 116: train loss 0.0163
2022-01-23 22:38:39,986 root                INFO: Train: Epoch 117: train loss 0.0164
2022-01-23 22:38:46,106 root                INFO: Train: Epoch 118: train loss 0.0158
2022-01-23 22:38:52,236 root                INFO: Train: Epoch 119: train loss 0.0160
2022-01-23 22:38:58,360 root                INFO: Train: Epoch 120: train loss 0.0147
2022-01-23 22:39:04,485 root                INFO: Train: Epoch 121: train loss 0.0146
2022-01-23 22:39:10,622 root                INFO: Train: Epoch 122: train loss 0.0141
2022-01-23 22:39:16,741 root                INFO: Train: Epoch 123: train loss 0.0137
2022-01-23 22:39:22,860 root                INFO: Train: Epoch 124: train loss 0.0162
2022-01-23 22:39:28,988 root                INFO: Train: Epoch 125: train loss 0.0155
2022-01-23 22:39:35,136 root                INFO: Train: Epoch 126: train loss 0.0171
2022-01-23 22:39:41,273 root                INFO: Train: Epoch 127: train loss 0.0160
2022-01-23 22:39:47,410 root                INFO: Train: Epoch 128: train loss 0.0172
2022-01-23 22:39:53,574 root                INFO: Train: Epoch 129: train loss 0.0143
2022-01-23 22:39:59,847 root                INFO: Train: Epoch 130: train loss 0.0160
2022-01-23 22:40:06,021 root                INFO: Train: Epoch 131: train loss 0.0182
2022-01-23 22:40:12,177 root                INFO: Train: Epoch 132: train loss 0.0208
2022-01-23 22:40:18,326 root                INFO: Train: Epoch 133: train loss 0.0158
2022-01-23 22:40:24,469 root                INFO: Train: Epoch 134: train loss 0.0205
2022-01-23 22:40:30,631 root                INFO: Train: Epoch 135: train loss 0.0163
2022-01-23 22:40:36,798 root                INFO: Train: Epoch 136: train loss 0.0143
2022-01-23 22:40:42,942 root                INFO: Train: Epoch 137: train loss 0.0139
2022-01-23 22:40:49,083 root                INFO: Train: Epoch 138: train loss 0.0155
2022-01-23 22:40:55,227 root                INFO: Train: Epoch 139: train loss 0.0136
2022-01-23 22:41:01,360 root                INFO: Train: Epoch 140: train loss 0.0132
2022-01-23 22:41:07,498 root                INFO: Train: Epoch 141: train loss 0.0159
2022-01-23 22:41:13,603 root                INFO: Train: Epoch 142: train loss 0.0161
2022-01-23 22:41:19,732 root                INFO: Train: Epoch 143: train loss 0.0151
2022-01-23 22:41:25,903 root                INFO: Train: Epoch 144: train loss 0.0152
2022-01-23 22:41:32,115 root                INFO: Train: Epoch 145: train loss 0.0137
2022-01-23 22:41:38,283 root                INFO: Train: Epoch 146: train loss 0.0242
2022-01-23 22:41:44,428 root                INFO: Train: Epoch 147: train loss 0.0213
2022-01-23 22:41:50,545 root                INFO: Train: Epoch 148: train loss 0.0202
2022-01-23 22:41:56,677 root                INFO: Train: Epoch 149: train loss 0.0188
2022-01-23 22:42:02,854 root                INFO: Train: Epoch 150: train loss 0.0186
2022-01-23 22:42:09,030 root                INFO: Train: Epoch 151: train loss 0.0168
2022-01-23 22:42:15,189 root                INFO: Train: Epoch 152: train loss 0.0187
2022-01-23 22:42:21,319 root                INFO: Train: Epoch 153: train loss 0.0191
2022-01-23 22:42:27,448 root                INFO: Train: Epoch 154: train loss 0.0199
2022-01-23 22:42:33,576 root                INFO: Train: Epoch 155: train loss 0.0175
2022-01-23 22:42:39,739 root                INFO: Train: Epoch 156: train loss 0.0155
2022-01-23 22:42:45,930 root                INFO: Train: Epoch 157: train loss 0.0171
2022-01-23 22:42:52,062 root                INFO: Train: Epoch 158: train loss 0.0167
2022-01-23 22:42:58,189 root                INFO: Train: Epoch 159: train loss 0.0181
2022-01-23 22:43:04,334 root                INFO: Train: Epoch 160: train loss 0.0157
2022-01-23 22:43:10,483 root                INFO: Train: Epoch 161: train loss 0.0201
2022-01-23 22:43:16,624 root                INFO: Train: Epoch 162: train loss 0.0163
2022-01-23 22:43:22,746 root                INFO: Train: Epoch 163: train loss 0.0162
2022-01-23 22:43:28,897 root                INFO: Train: Epoch 164: train loss 0.0153
2022-01-23 22:43:35,109 root                INFO: Train: Epoch 165: train loss 0.0161
2022-01-23 22:43:41,259 root                INFO: Train: Epoch 166: train loss 0.0148
2022-01-23 22:43:47,389 root                INFO: Train: Epoch 167: train loss 0.0148
2022-01-23 22:43:53,531 root                INFO: Train: Epoch 168: train loss 0.0155
2022-01-23 22:43:59,675 root                INFO: Train: Epoch 169: train loss 0.0177
2022-01-23 22:44:05,858 root                INFO: Train: Epoch 170: train loss 0.0200
2022-01-23 22:44:12,024 root                INFO: Train: Epoch 171: train loss 0.0159
2022-01-23 22:44:18,155 root                INFO: Train: Epoch 172: train loss 0.0161
2022-01-23 22:44:24,278 root                INFO: Train: Epoch 173: train loss 0.0157
2022-01-23 22:44:30,405 root                INFO: Train: Epoch 174: train loss 0.0144
2022-01-23 22:44:36,546 root                INFO: Train: Epoch 175: train loss 0.0135
2022-01-23 22:44:42,657 root                INFO: Train: Epoch 176: train loss 0.0175
2022-01-23 22:44:48,783 root                INFO: Train: Epoch 177: train loss 0.0174
2022-01-23 22:44:54,909 root                INFO: Train: Epoch 178: train loss 0.0169
2022-01-23 22:45:01,045 root                INFO: Train: Epoch 179: train loss 0.0190
2022-01-23 22:45:07,197 root                INFO: Train: Epoch 180: train loss 0.0147
2022-01-23 22:45:13,341 root                INFO: Train: Epoch 181: train loss 0.0186
2022-01-23 22:45:19,476 root                INFO: Train: Epoch 182: train loss 0.0162
2022-01-23 22:45:25,625 root                INFO: Train: Epoch 183: train loss 0.0169
2022-01-23 22:45:31,763 root                INFO: Train: Epoch 184: train loss 0.0173
2022-01-23 22:45:37,891 root                INFO: Train: Epoch 185: train loss 0.0166
2022-01-23 22:45:44,037 root                INFO: Train: Epoch 186: train loss 0.0162
2022-01-23 22:45:50,190 root                INFO: Train: Epoch 187: train loss 0.0162
2022-01-23 22:45:56,323 root                INFO: Train: Epoch 188: train loss 0.0145
2022-01-23 22:46:02,450 root                INFO: Train: Epoch 189: train loss 0.0136
2022-01-23 22:46:08,583 root                INFO: Train: Epoch 190: train loss 0.0130
2022-01-23 22:46:14,708 root                INFO: Train: Epoch 191: train loss 0.0124
2022-01-23 22:46:20,842 root                INFO: Train: Epoch 192: train loss 0.0149
2022-01-23 22:46:26,977 root                INFO: Train: Epoch 193: train loss 0.0137
2022-01-23 22:46:33,096 root                INFO: Train: Epoch 194: train loss 0.0171
2022-01-23 22:46:39,235 root                INFO: Train: Epoch 195: train loss 0.0147
2022-01-23 22:46:45,370 root                INFO: Train: Epoch 196: train loss 0.0133
2022-01-23 22:46:51,519 root                INFO: Train: Epoch 197: train loss 0.0129
2022-01-23 22:46:57,654 root                INFO: Train: Epoch 198: train loss 0.0204
2022-01-23 22:47:03,945 root                INFO: Train: Epoch 199: train loss 0.0165
2022-01-23 22:47:10,092 root                INFO: Train: Epoch 200: train loss 0.0195
2022-01-23 22:47:26,445 root                INFO: Valid: Epoch 200: kendall tau 0.7709; loss 0.1892
2022-01-23 22:47:26,450 root                INFO: Epoch 200: Save checkpoint to ../results/nb301/nb301_ablation_mask/true/true_0.5/12/2021/200.ckpt
2022-01-23 22:47:42,881 root                INFO: [0.11764705882352941, 0.1803921568627451, 0.2647058823529412, 0.654524089306698, 0.7979244174662228, 0.8915256892230576, 1.0]
2022-01-23 22:47:42,882 root                INFO: [48, 48]
