2022-01-19 23:07:34,797 root                INFO: GPU device = 2
2022-01-19 23:07:34,797 root                INFO: Load pkl cache from nasbench101.pkl and nasbench101_valid.pkl
2022-01-19 23:07:35,396 root                INFO: Config: {'arch_network_cfg': {'arch_embedder_cfg': {'b_use_bn': False, 'backward_gcn_out_dims': [128, 128, 128, 128, 128], 'concat_param_zs_as_opemb_dimension': 7, 'concat_param_zs_as_opemb_scale': 0.1, 'detach_vinfo': False, 'fb_conversion_dims': [128, 128], 'gcn_kwargs': {'plus_I': True, 'residual_only': 1}, 'gcn_out_dims': [128, 128, 128, 128, 128], 'hid_dim': 96, 'mask_nonparametrized_ops': False, 'node_embedding_dim': 48, 'num_time_steps': 3, 'op_embedding_dim': 48, 'symmetry_breaking_method': 'param_zs_add', 'updateopemb_detach_finfo': True, 'updateopemb_detach_opemb': True, 'updateopemb_dims': [128], 'updateopemb_method': 'concat_ofb', 'updateopemb_scale': 0.1}, 'arch_embedder_type': 'nb101-fbflow', 'compare_loss_type': 'margin_linear', 'compare_margin': 0.1, 'mlp_dropout': 0.1, 'mlp_hiddens': [200], 'optimizer': {'lr': 0.001, 'type': 'Adam'}, 'scheduler': None}, 'batch_size': 512, 'choose_pair_criterion': 'random', 'compare': True, 'compare_threshold': 0.0, 'epochs': 200, 'max_compare_ratio': 4.0}
2022-01-19 23:07:40,173 root                INFO: Combined args: Namespace(batch_size=512, cfg_file='cfgs/nb101_cfgs/gates_true_scale0.1.yaml', choose_pair_criterion='random', compare=True, compare_threshold=0.0, epochs=200, eval_only_last=5, gpu=2, load=None, max_compare_ratio=4.0, num_workers=4, report_freq=200, save_every=200, save_predict=None, seed=2021, test_funcs=None, test_only=False, train_dir='nb1shot1_ablation_scale/true/0.1_0.05/1/2021', train_pkl='../mynas/data/nasbench-1shot1/nasbench101_train_1.pkl', train_ratio=0.05, valid_pkl='../mynas/data/nasbench-1shot1/nasbench101_valid.pkl')
2022-01-19 23:07:40,205 root                INFO: Train dataset ratio: 0.050
2022-01-19 23:07:40,206 root                INFO: Number of architectures: train: 364; valid: 7290
2022-01-19 23:07:43,281 root                INFO: Train: Epoch   1: train loss 0.1004
2022-01-19 23:07:44,042 root                INFO: Train: Epoch   2: train loss 0.0962
2022-01-19 23:07:44,766 root                INFO: Train: Epoch   3: train loss 0.0926
2022-01-19 23:07:45,555 root                INFO: Train: Epoch   4: train loss 0.0860
2022-01-19 23:07:46,359 root                INFO: Train: Epoch   5: train loss 0.0755
2022-01-19 23:07:47,126 root                INFO: Train: Epoch   6: train loss 0.0684
2022-01-19 23:07:48,182 root                INFO: Train: Epoch   7: train loss 0.0594
2022-01-19 23:07:48,969 root                INFO: Train: Epoch   8: train loss 0.0616
2022-01-19 23:07:49,735 root                INFO: Train: Epoch   9: train loss 0.0609
2022-01-19 23:07:50,541 root                INFO: Train: Epoch  10: train loss 0.0603
2022-01-19 23:07:51,301 root                INFO: Train: Epoch  11: train loss 0.0568
2022-01-19 23:07:52,114 root                INFO: Train: Epoch  12: train loss 0.0536
2022-01-19 23:07:52,899 root                INFO: Train: Epoch  13: train loss 0.0554
2022-01-19 23:07:53,727 root                INFO: Train: Epoch  14: train loss 0.0534
2022-01-19 23:07:54,526 root                INFO: Train: Epoch  15: train loss 0.0515
2022-01-19 23:07:55,269 root                INFO: Train: Epoch  16: train loss 0.0489
2022-01-19 23:07:56,085 root                INFO: Train: Epoch  17: train loss 0.0466
2022-01-19 23:07:56,832 root                INFO: Train: Epoch  18: train loss 0.0480
2022-01-19 23:07:57,614 root                INFO: Train: Epoch  19: train loss 0.0423
2022-01-19 23:07:58,442 root                INFO: Train: Epoch  20: train loss 0.0437
2022-01-19 23:07:59,249 root                INFO: Train: Epoch  21: train loss 0.0414
2022-01-19 23:07:59,977 root                INFO: Train: Epoch  22: train loss 0.0406
2022-01-19 23:08:00,742 root                INFO: Train: Epoch  23: train loss 0.0357
2022-01-19 23:08:01,501 root                INFO: Train: Epoch  24: train loss 0.0374
2022-01-19 23:08:02,261 root                INFO: Train: Epoch  25: train loss 0.0356
2022-01-19 23:08:02,989 root                INFO: Train: Epoch  26: train loss 0.0386
2022-01-19 23:08:03,757 root                INFO: Train: Epoch  27: train loss 0.0343
2022-01-19 23:08:04,488 root                INFO: Train: Epoch  28: train loss 0.0353
2022-01-19 23:08:05,496 root                INFO: Train: Epoch  29: train loss 0.0352
2022-01-19 23:08:06,327 root                INFO: Train: Epoch  30: train loss 0.0329
2022-01-19 23:08:07,062 root                INFO: Train: Epoch  31: train loss 0.0304
2022-01-19 23:08:07,776 root                INFO: Train: Epoch  32: train loss 0.0280
2022-01-19 23:08:08,535 root                INFO: Train: Epoch  33: train loss 0.0309
2022-01-19 23:08:09,266 root                INFO: Train: Epoch  34: train loss 0.0298
2022-01-19 23:08:09,993 root                INFO: Train: Epoch  35: train loss 0.0287
2022-01-19 23:08:10,779 root                INFO: Train: Epoch  36: train loss 0.0274
2022-01-19 23:08:11,566 root                INFO: Train: Epoch  37: train loss 0.0291
2022-01-19 23:08:12,306 root                INFO: Train: Epoch  38: train loss 0.0273
2022-01-19 23:08:13,096 root                INFO: Train: Epoch  39: train loss 0.0268
2022-01-19 23:08:13,824 root                INFO: Train: Epoch  40: train loss 0.0249
2022-01-19 23:08:14,747 root                INFO: Train: Epoch  41: train loss 0.0251
2022-01-19 23:08:15,512 root                INFO: Train: Epoch  42: train loss 0.0259
2022-01-19 23:08:16,306 root                INFO: Train: Epoch  43: train loss 0.0270
2022-01-19 23:08:17,163 root                INFO: Train: Epoch  44: train loss 0.0240
2022-01-19 23:08:17,973 root                INFO: Train: Epoch  45: train loss 0.0245
2022-01-19 23:08:18,737 root                INFO: Train: Epoch  46: train loss 0.0251
2022-01-19 23:08:19,551 root                INFO: Train: Epoch  47: train loss 0.0238
2022-01-19 23:08:20,366 root                INFO: Train: Epoch  48: train loss 0.0238
2022-01-19 23:08:21,130 root                INFO: Train: Epoch  49: train loss 0.0255
2022-01-19 23:08:21,897 root                INFO: Train: Epoch  50: train loss 0.0269
2022-01-19 23:08:22,675 root                INFO: Train: Epoch  51: train loss 0.0232
2022-01-19 23:08:23,407 root                INFO: Train: Epoch  52: train loss 0.0247
2022-01-19 23:08:24,191 root                INFO: Train: Epoch  53: train loss 0.0232
2022-01-19 23:08:25,023 root                INFO: Train: Epoch  54: train loss 0.0229
2022-01-19 23:08:26,087 root                INFO: Train: Epoch  55: train loss 0.0236
2022-01-19 23:08:26,878 root                INFO: Train: Epoch  56: train loss 0.0222
2022-01-19 23:08:27,651 root                INFO: Train: Epoch  57: train loss 0.0259
2022-01-19 23:08:28,470 root                INFO: Train: Epoch  58: train loss 0.0265
2022-01-19 23:08:29,241 root                INFO: Train: Epoch  59: train loss 0.0254
2022-01-19 23:08:30,025 root                INFO: Train: Epoch  60: train loss 0.0217
2022-01-19 23:08:30,793 root                INFO: Train: Epoch  61: train loss 0.0208
2022-01-19 23:08:31,540 root                INFO: Train: Epoch  62: train loss 0.0224
2022-01-19 23:08:32,350 root                INFO: Train: Epoch  63: train loss 0.0240
2022-01-19 23:08:33,123 root                INFO: Train: Epoch  64: train loss 0.0215
2022-01-19 23:08:33,911 root                INFO: Train: Epoch  65: train loss 0.0203
2022-01-19 23:08:34,667 root                INFO: Train: Epoch  66: train loss 0.0197
2022-01-19 23:08:35,455 root                INFO: Train: Epoch  67: train loss 0.0216
2022-01-19 23:08:36,254 root                INFO: Train: Epoch  68: train loss 0.0187
2022-01-19 23:08:37,128 root                INFO: Train: Epoch  69: train loss 0.0224
2022-01-19 23:08:38,000 root                INFO: Train: Epoch  70: train loss 0.0193
2022-01-19 23:08:38,749 root                INFO: Train: Epoch  71: train loss 0.0184
2022-01-19 23:08:39,499 root                INFO: Train: Epoch  72: train loss 0.0223
2022-01-19 23:08:40,266 root                INFO: Train: Epoch  73: train loss 0.0193
2022-01-19 23:08:41,123 root                INFO: Train: Epoch  74: train loss 0.0194
2022-01-19 23:08:41,960 root                INFO: Train: Epoch  75: train loss 0.0216
2022-01-19 23:08:42,789 root                INFO: Train: Epoch  76: train loss 0.0195
2022-01-19 23:08:43,604 root                INFO: Train: Epoch  77: train loss 0.0206
2022-01-19 23:08:44,430 root                INFO: Train: Epoch  78: train loss 0.0180
2022-01-19 23:08:45,236 root                INFO: Train: Epoch  79: train loss 0.0223
2022-01-19 23:08:46,041 root                INFO: Train: Epoch  80: train loss 0.0182
2022-01-19 23:08:47,133 root                INFO: Train: Epoch  81: train loss 0.0195
2022-01-19 23:08:47,972 root                INFO: Train: Epoch  82: train loss 0.0182
2022-01-19 23:08:48,784 root                INFO: Train: Epoch  83: train loss 0.0185
2022-01-19 23:08:49,586 root                INFO: Train: Epoch  84: train loss 0.0196
2022-01-19 23:08:50,346 root                INFO: Train: Epoch  85: train loss 0.0195
2022-01-19 23:08:51,108 root                INFO: Train: Epoch  86: train loss 0.0186
2022-01-19 23:08:51,890 root                INFO: Train: Epoch  87: train loss 0.0179
2022-01-19 23:08:52,681 root                INFO: Train: Epoch  88: train loss 0.0182
2022-01-19 23:08:53,467 root                INFO: Train: Epoch  89: train loss 0.0187
2022-01-19 23:08:54,215 root                INFO: Train: Epoch  90: train loss 0.0171
2022-01-19 23:08:55,005 root                INFO: Train: Epoch  91: train loss 0.0170
2022-01-19 23:08:55,780 root                INFO: Train: Epoch  92: train loss 0.0168
2022-01-19 23:08:56,583 root                INFO: Train: Epoch  93: train loss 0.0180
2022-01-19 23:08:57,368 root                INFO: Train: Epoch  94: train loss 0.0209
2022-01-19 23:08:58,284 root                INFO: Train: Epoch  95: train loss 0.0176
2022-01-19 23:08:59,259 root                INFO: Train: Epoch  96: train loss 0.0182
2022-01-19 23:09:00,058 root                INFO: Train: Epoch  97: train loss 0.0171
2022-01-19 23:09:00,873 root                INFO: Train: Epoch  98: train loss 0.0178
2022-01-19 23:09:01,767 root                INFO: Train: Epoch  99: train loss 0.0174
2022-01-19 23:09:02,512 root                INFO: Train: Epoch 100: train loss 0.0173
2022-01-19 23:09:03,283 root                INFO: Train: Epoch 101: train loss 0.0157
2022-01-19 23:09:04,126 root                INFO: Train: Epoch 102: train loss 0.0180
2022-01-19 23:09:04,856 root                INFO: Train: Epoch 103: train loss 0.0160
2022-01-19 23:09:05,816 root                INFO: Train: Epoch 104: train loss 0.0153
2022-01-19 23:09:06,625 root                INFO: Train: Epoch 105: train loss 0.0202
2022-01-19 23:09:07,394 root                INFO: Train: Epoch 106: train loss 0.0169
2022-01-19 23:09:08,169 root                INFO: Train: Epoch 107: train loss 0.0183
2022-01-19 23:09:09,007 root                INFO: Train: Epoch 108: train loss 0.0179
2022-01-19 23:09:09,805 root                INFO: Train: Epoch 109: train loss 0.0199
2022-01-19 23:09:10,616 root                INFO: Train: Epoch 110: train loss 0.0166
2022-01-19 23:09:11,424 root                INFO: Train: Epoch 111: train loss 0.0174
2022-01-19 23:09:12,236 root                INFO: Train: Epoch 112: train loss 0.0196
2022-01-19 23:09:13,031 root                INFO: Train: Epoch 113: train loss 0.0183
2022-01-19 23:09:13,847 root                INFO: Train: Epoch 114: train loss 0.0233
2022-01-19 23:09:14,647 root                INFO: Train: Epoch 115: train loss 0.0154
2022-01-19 23:09:15,569 root                INFO: Train: Epoch 116: train loss 0.0176
2022-01-19 23:09:16,379 root                INFO: Train: Epoch 117: train loss 0.0177
2022-01-19 23:09:17,219 root                INFO: Train: Epoch 118: train loss 0.0164
2022-01-19 23:09:17,971 root                INFO: Train: Epoch 119: train loss 0.0161
2022-01-19 23:09:18,831 root                INFO: Train: Epoch 120: train loss 0.0158
2022-01-19 23:09:19,703 root                INFO: Train: Epoch 121: train loss 0.0155
2022-01-19 23:09:20,492 root                INFO: Train: Epoch 122: train loss 0.0165
2022-01-19 23:09:21,252 root                INFO: Train: Epoch 123: train loss 0.0147
2022-01-19 23:09:22,005 root                INFO: Train: Epoch 124: train loss 0.0192
2022-01-19 23:09:22,819 root                INFO: Train: Epoch 125: train loss 0.0146
2022-01-19 23:09:23,624 root                INFO: Train: Epoch 126: train loss 0.0151
2022-01-19 23:09:24,369 root                INFO: Train: Epoch 127: train loss 0.0159
2022-01-19 23:09:25,120 root                INFO: Train: Epoch 128: train loss 0.0163
2022-01-19 23:09:26,091 root                INFO: Train: Epoch 129: train loss 0.0179
2022-01-19 23:09:26,891 root                INFO: Train: Epoch 130: train loss 0.0157
2022-01-19 23:09:27,626 root                INFO: Train: Epoch 131: train loss 0.0145
2022-01-19 23:09:28,357 root                INFO: Train: Epoch 132: train loss 0.0142
2022-01-19 23:09:29,099 root                INFO: Train: Epoch 133: train loss 0.0132
2022-01-19 23:09:29,845 root                INFO: Train: Epoch 134: train loss 0.0171
2022-01-19 23:09:30,662 root                INFO: Train: Epoch 135: train loss 0.0145
2022-01-19 23:09:31,454 root                INFO: Train: Epoch 136: train loss 0.0166
2022-01-19 23:09:32,195 root                INFO: Train: Epoch 137: train loss 0.0155
2022-01-19 23:09:32,926 root                INFO: Train: Epoch 138: train loss 0.0154
2022-01-19 23:09:33,643 root                INFO: Train: Epoch 139: train loss 0.0161
2022-01-19 23:09:34,389 root                INFO: Train: Epoch 140: train loss 0.0148
2022-01-19 23:09:35,139 root                INFO: Train: Epoch 141: train loss 0.0152
2022-01-19 23:09:35,908 root                INFO: Train: Epoch 142: train loss 0.0176
2022-01-19 23:09:36,623 root                INFO: Train: Epoch 143: train loss 0.0162
2022-01-19 23:09:37,379 root                INFO: Train: Epoch 144: train loss 0.0146
2022-01-19 23:09:38,156 root                INFO: Train: Epoch 145: train loss 0.0149
2022-01-19 23:09:38,902 root                INFO: Train: Epoch 146: train loss 0.0143
2022-01-19 23:09:39,639 root                INFO: Train: Epoch 147: train loss 0.0150
2022-01-19 23:09:40,420 root                INFO: Train: Epoch 148: train loss 0.0148
2022-01-19 23:09:41,112 root                INFO: Train: Epoch 149: train loss 0.0137
2022-01-19 23:09:41,860 root                INFO: Train: Epoch 150: train loss 0.0160
2022-01-19 23:09:42,597 root                INFO: Train: Epoch 151: train loss 0.0133
2022-01-19 23:09:43,332 root                INFO: Train: Epoch 152: train loss 0.0153
2022-01-19 23:09:44,314 root                INFO: Train: Epoch 153: train loss 0.0135
2022-01-19 23:09:45,029 root                INFO: Train: Epoch 154: train loss 0.0173
2022-01-19 23:09:45,775 root                INFO: Train: Epoch 155: train loss 0.0140
2022-01-19 23:09:46,531 root                INFO: Train: Epoch 156: train loss 0.0146
2022-01-19 23:09:47,308 root                INFO: Train: Epoch 157: train loss 0.0147
2022-01-19 23:09:48,137 root                INFO: Train: Epoch 158: train loss 0.0131
2022-01-19 23:09:48,877 root                INFO: Train: Epoch 159: train loss 0.0154
2022-01-19 23:09:49,681 root                INFO: Train: Epoch 160: train loss 0.0166
2022-01-19 23:09:50,470 root                INFO: Train: Epoch 161: train loss 0.0143
2022-01-19 23:09:51,200 root                INFO: Train: Epoch 162: train loss 0.0144
2022-01-19 23:09:51,974 root                INFO: Train: Epoch 163: train loss 0.0149
2022-01-19 23:09:52,718 root                INFO: Train: Epoch 164: train loss 0.0166
2022-01-19 23:09:53,518 root                INFO: Train: Epoch 165: train loss 0.0174
2022-01-19 23:09:54,498 root                INFO: Train: Epoch 166: train loss 0.0160
2022-01-19 23:09:55,271 root                INFO: Train: Epoch 167: train loss 0.0159
2022-01-19 23:09:56,041 root                INFO: Train: Epoch 168: train loss 0.0193
2022-01-19 23:09:56,876 root                INFO: Train: Epoch 169: train loss 0.0153
2022-01-19 23:09:57,645 root                INFO: Train: Epoch 170: train loss 0.0176
2022-01-19 23:09:58,437 root                INFO: Train: Epoch 171: train loss 0.0141
2022-01-19 23:09:59,219 root                INFO: Train: Epoch 172: train loss 0.0183
2022-01-19 23:09:59,972 root                INFO: Train: Epoch 173: train loss 0.0151
2022-01-19 23:10:00,735 root                INFO: Train: Epoch 174: train loss 0.0139
2022-01-19 23:10:01,494 root                INFO: Train: Epoch 175: train loss 0.0150
2022-01-19 23:10:02,624 root                INFO: Train: Epoch 176: train loss 0.0144
2022-01-19 23:10:03,400 root                INFO: Train: Epoch 177: train loss 0.0152
2022-01-19 23:10:04,156 root                INFO: Train: Epoch 178: train loss 0.0190
2022-01-19 23:10:04,955 root                INFO: Train: Epoch 179: train loss 0.0136
2022-01-19 23:10:05,745 root                INFO: Train: Epoch 180: train loss 0.0155
2022-01-19 23:10:06,529 root                INFO: Train: Epoch 181: train loss 0.0163
2022-01-19 23:10:07,348 root                INFO: Train: Epoch 182: train loss 0.0143
2022-01-19 23:10:08,155 root                INFO: Train: Epoch 183: train loss 0.0167
2022-01-19 23:10:08,990 root                INFO: Train: Epoch 184: train loss 0.0150
2022-01-19 23:10:09,853 root                INFO: Train: Epoch 185: train loss 0.0153
2022-01-19 23:10:10,707 root                INFO: Train: Epoch 186: train loss 0.0143
2022-01-19 23:10:11,451 root                INFO: Train: Epoch 187: train loss 0.0151
2022-01-19 23:10:12,187 root                INFO: Train: Epoch 188: train loss 0.0137
2022-01-19 23:10:13,070 root                INFO: Train: Epoch 189: train loss 0.0132
2022-01-19 23:10:13,937 root                INFO: Train: Epoch 190: train loss 0.0136
2022-01-19 23:10:14,738 root                INFO: Train: Epoch 191: train loss 0.0138
2022-01-19 23:10:15,486 root                INFO: Train: Epoch 192: train loss 0.0143
2022-01-19 23:10:16,294 root                INFO: Train: Epoch 193: train loss 0.0144
2022-01-19 23:10:17,116 root                INFO: Train: Epoch 194: train loss 0.0140
2022-01-19 23:10:17,872 root                INFO: Train: Epoch 195: train loss 0.0132
2022-01-19 23:10:18,619 root                INFO: Train: Epoch 196: train loss 0.0142
2022-01-19 23:10:20,796 root                INFO: Valid: Epoch 196: kendall tau 0.7754; loss 0.1937
2022-01-19 23:10:21,552 root                INFO: Train: Epoch 197: train loss 0.0146
2022-01-19 23:10:23,768 root                INFO: Valid: Epoch 197: kendall tau 0.7874; loss 0.1999
2022-01-19 23:10:24,751 root                INFO: Train: Epoch 198: train loss 0.0132
2022-01-19 23:10:27,123 root                INFO: Valid: Epoch 198: kendall tau 0.7929; loss 0.2066
2022-01-19 23:10:27,882 root                INFO: Train: Epoch 199: train loss 0.0152
2022-01-19 23:10:29,903 root                INFO: Valid: Epoch 199: kendall tau 0.7871; loss 0.2108
2022-01-19 23:10:30,632 root                INFO: Train: Epoch 200: train loss 0.0145
2022-01-19 23:10:32,709 root                INFO: Valid: Epoch 200: kendall tau 0.7830; loss 0.2156
2022-01-19 23:10:32,718 root                INFO: Epoch 200: Save checkpoint to nb1shot1_ablation_scale/true/0.1_0.05/1/2021/200.ckpt
2022-01-19 23:10:34,960 root                INFO: [0.0, 0.4166666666666667, 0.5833333333333334, 0.6236263736263736, 0.7091906721536351, 0.9050754458161866, 1.0]
2022-01-19 23:10:34,961 root                INFO: [21, 10]
