2022-01-19 23:14:56,971 root                INFO: GPU device = 5
2022-01-19 23:14:56,972 root                INFO: Load pkl cache from nasbench101.pkl and nasbench101_valid.pkl
2022-01-19 23:14:57,354 root                INFO: Config: {'arch_network_cfg': {'arch_embedder_cfg': {'b_use_bn': False, 'backward_gcn_out_dims': [128, 128, 128, 128, 128], 'concat_param_zs_as_opemb_dimension': 7, 'concat_param_zs_as_opemb_scale': 0.1, 'detach_vinfo': False, 'fb_conversion_dims': [128, 128], 'gcn_kwargs': {'plus_I': True, 'residual_only': 1}, 'gcn_out_dims': [128, 128, 128, 128, 128], 'hid_dim': 96, 'mask_nonparametrized_ops': False, 'node_embedding_dim': 48, 'num_time_steps': 3, 'op_embedding_dim': 48, 'symmetry_breaking_method': 'param_zs_add', 'updateopemb_detach_finfo': True, 'updateopemb_detach_opemb': True, 'updateopemb_dims': [128], 'updateopemb_method': 'concat_ofb', 'updateopemb_scale': 0.1}, 'arch_embedder_type': 'nb101-fbflow', 'compare_loss_type': 'margin_linear', 'compare_margin': 0.1, 'mlp_dropout': 0.1, 'mlp_hiddens': [200], 'optimizer': {'lr': 0.001, 'type': 'Adam'}, 'scheduler': None}, 'batch_size': 512, 'choose_pair_criterion': 'random', 'compare': True, 'compare_threshold': 0.0, 'epochs': 200, 'max_compare_ratio': 4.0}
2022-01-19 23:15:00,959 root                INFO: Combined args: Namespace(batch_size=512, cfg_file='cfgs/nb101_cfgs/gates_true_scale0.1.yaml', choose_pair_criterion='random', compare=True, compare_threshold=0.0, epochs=200, eval_only_last=5, gpu=5, load=None, max_compare_ratio=4.0, num_workers=4, report_freq=200, save_every=200, save_predict=None, seed=2021, test_funcs=None, test_only=False, train_dir='nb1shot1_ablation_scale/true/0.1_0.5/1/2021', train_pkl='../mynas/data/nasbench-1shot1/nasbench101_train_1.pkl', train_ratio=0.5, valid_pkl='../mynas/data/nasbench-1shot1/nasbench101_valid.pkl')
2022-01-19 23:15:00,965 root                INFO: Train dataset ratio: 0.500
2022-01-19 23:15:00,965 root                INFO: Number of architectures: train: 3645; valid: 7290
2022-01-19 23:15:04,858 root                INFO: Train: Epoch   1: train loss 0.0819
2022-01-19 23:15:06,869 root                INFO: Train: Epoch   2: train loss 0.0571
2022-01-19 23:15:08,987 root                INFO: Train: Epoch   3: train loss 0.0459
2022-01-19 23:15:11,059 root                INFO: Train: Epoch   4: train loss 0.0344
2022-01-19 23:15:12,916 root                INFO: Train: Epoch   5: train loss 0.0322
2022-01-19 23:15:14,878 root                INFO: Train: Epoch   6: train loss 0.0298
2022-01-19 23:15:16,786 root                INFO: Train: Epoch   7: train loss 0.0270
2022-01-19 23:15:18,580 root                INFO: Train: Epoch   8: train loss 0.0260
2022-01-19 23:15:20,530 root                INFO: Train: Epoch   9: train loss 0.0252
2022-01-19 23:15:22,378 root                INFO: Train: Epoch  10: train loss 0.0228
2022-01-19 23:15:24,435 root                INFO: Train: Epoch  11: train loss 0.0240
2022-01-19 23:15:26,335 root                INFO: Train: Epoch  12: train loss 0.0225
2022-01-19 23:15:28,399 root                INFO: Train: Epoch  13: train loss 0.0219
2022-01-19 23:15:30,440 root                INFO: Train: Epoch  14: train loss 0.0209
2022-01-19 23:15:32,268 root                INFO: Train: Epoch  15: train loss 0.0192
2022-01-19 23:15:34,289 root                INFO: Train: Epoch  16: train loss 0.0206
2022-01-19 23:15:36,195 root                INFO: Train: Epoch  17: train loss 0.0210
2022-01-19 23:15:37,987 root                INFO: Train: Epoch  18: train loss 0.0195
2022-01-19 23:15:39,926 root                INFO: Train: Epoch  19: train loss 0.0185
2022-01-19 23:15:41,734 root                INFO: Train: Epoch  20: train loss 0.0186
2022-01-19 23:15:43,710 root                INFO: Train: Epoch  21: train loss 0.0190
2022-01-19 23:15:45,769 root                INFO: Train: Epoch  22: train loss 0.0176
2022-01-19 23:15:47,693 root                INFO: Train: Epoch  23: train loss 0.0188
2022-01-19 23:15:49,709 root                INFO: Train: Epoch  24: train loss 0.0186
2022-01-19 23:15:51,548 root                INFO: Train: Epoch  25: train loss 0.0198
2022-01-19 23:15:53,488 root                INFO: Train: Epoch  26: train loss 0.0181
2022-01-19 23:15:55,546 root                INFO: Train: Epoch  27: train loss 0.0187
2022-01-19 23:15:57,377 root                INFO: Train: Epoch  28: train loss 0.0179
2022-01-19 23:15:59,320 root                INFO: Train: Epoch  29: train loss 0.0172
2022-01-19 23:16:01,374 root                INFO: Train: Epoch  30: train loss 0.0167
2022-01-19 23:16:03,294 root                INFO: Train: Epoch  31: train loss 0.0163
2022-01-19 23:16:05,317 root                INFO: Train: Epoch  32: train loss 0.0182
2022-01-19 23:16:07,187 root                INFO: Train: Epoch  33: train loss 0.0174
2022-01-19 23:16:09,212 root                INFO: Train: Epoch  34: train loss 0.0177
2022-01-19 23:16:11,102 root                INFO: Train: Epoch  35: train loss 0.0172
2022-01-19 23:16:12,873 root                INFO: Train: Epoch  36: train loss 0.0182
2022-01-19 23:16:14,766 root                INFO: Train: Epoch  37: train loss 0.0160
2022-01-19 23:16:16,724 root                INFO: Train: Epoch  38: train loss 0.0156
2022-01-19 23:16:18,609 root                INFO: Train: Epoch  39: train loss 0.0164
2022-01-19 23:16:20,625 root                INFO: Train: Epoch  40: train loss 0.0172
2022-01-19 23:16:22,523 root                INFO: Train: Epoch  41: train loss 0.0172
2022-01-19 23:16:24,510 root                INFO: Train: Epoch  42: train loss 0.0161
2022-01-19 23:16:26,570 root                INFO: Train: Epoch  43: train loss 0.0162
2022-01-19 23:16:28,430 root                INFO: Train: Epoch  44: train loss 0.0163
2022-01-19 23:16:30,417 root                INFO: Train: Epoch  45: train loss 0.0159
2022-01-19 23:16:32,188 root                INFO: Train: Epoch  46: train loss 0.0165
2022-01-19 23:16:34,188 root                INFO: Train: Epoch  47: train loss 0.0165
2022-01-19 23:16:36,133 root                INFO: Train: Epoch  48: train loss 0.0159
2022-01-19 23:16:37,974 root                INFO: Train: Epoch  49: train loss 0.0159
2022-01-19 23:16:39,869 root                INFO: Train: Epoch  50: train loss 0.0159
2022-01-19 23:16:41,658 root                INFO: Train: Epoch  51: train loss 0.0164
2022-01-19 23:16:43,633 root                INFO: Train: Epoch  52: train loss 0.0162
2022-01-19 23:16:45,636 root                INFO: Train: Epoch  53: train loss 0.0171
2022-01-19 23:16:47,602 root                INFO: Train: Epoch  54: train loss 0.0159
2022-01-19 23:16:49,720 root                INFO: Train: Epoch  55: train loss 0.0164
2022-01-19 23:16:51,609 root                INFO: Train: Epoch  56: train loss 0.0167
2022-01-19 23:16:53,628 root                INFO: Train: Epoch  57: train loss 0.0162
2022-01-19 23:16:55,626 root                INFO: Train: Epoch  58: train loss 0.0172
2022-01-19 23:16:57,441 root                INFO: Train: Epoch  59: train loss 0.0160
2022-01-19 23:16:59,337 root                INFO: Train: Epoch  60: train loss 0.0150
2022-01-19 23:17:01,085 root                INFO: Train: Epoch  61: train loss 0.0165
2022-01-19 23:17:03,069 root                INFO: Train: Epoch  62: train loss 0.0152
2022-01-19 23:17:05,078 root                INFO: Train: Epoch  63: train loss 0.0154
2022-01-19 23:17:06,937 root                INFO: Train: Epoch  64: train loss 0.0149
2022-01-19 23:17:08,932 root                INFO: Train: Epoch  65: train loss 0.0154
2022-01-19 23:17:10,832 root                INFO: Train: Epoch  66: train loss 0.0152
2022-01-19 23:17:12,780 root                INFO: Train: Epoch  67: train loss 0.0155
2022-01-19 23:17:14,734 root                INFO: Train: Epoch  68: train loss 0.0155
2022-01-19 23:17:16,512 root                INFO: Train: Epoch  69: train loss 0.0151
2022-01-19 23:17:18,425 root                INFO: Train: Epoch  70: train loss 0.0146
2022-01-19 23:17:20,267 root                INFO: Train: Epoch  71: train loss 0.0150
2022-01-19 23:17:22,205 root                INFO: Train: Epoch  72: train loss 0.0147
2022-01-19 23:17:24,157 root                INFO: Train: Epoch  73: train loss 0.0146
2022-01-19 23:17:25,905 root                INFO: Train: Epoch  74: train loss 0.0141
2022-01-19 23:17:27,853 root                INFO: Train: Epoch  75: train loss 0.0158
2022-01-19 23:17:29,605 root                INFO: Train: Epoch  76: train loss 0.0151
2022-01-19 23:17:31,597 root                INFO: Train: Epoch  77: train loss 0.0159
2022-01-19 23:17:33,681 root                INFO: Train: Epoch  78: train loss 0.0148
2022-01-19 23:17:35,679 root                INFO: Train: Epoch  79: train loss 0.0151
2022-01-19 23:17:37,872 root                INFO: Train: Epoch  80: train loss 0.0153
2022-01-19 23:17:39,949 root                INFO: Train: Epoch  81: train loss 0.0146
2022-01-19 23:17:42,176 root                INFO: Train: Epoch  82: train loss 0.0140
2022-01-19 23:17:44,274 root                INFO: Train: Epoch  83: train loss 0.0156
2022-01-19 23:17:46,149 root                INFO: Train: Epoch  84: train loss 0.0157
2022-01-19 23:17:48,100 root                INFO: Train: Epoch  85: train loss 0.0148
2022-01-19 23:17:49,809 root                INFO: Train: Epoch  86: train loss 0.0154
2022-01-19 23:17:51,701 root                INFO: Train: Epoch  87: train loss 0.0143
2022-01-19 23:17:53,670 root                INFO: Train: Epoch  88: train loss 0.0158
2022-01-19 23:17:55,519 root                INFO: Train: Epoch  89: train loss 0.0153
2022-01-19 23:17:57,571 root                INFO: Train: Epoch  90: train loss 0.0148
2022-01-19 23:17:59,580 root                INFO: Train: Epoch  91: train loss 0.0145
2022-01-19 23:18:01,548 root                INFO: Train: Epoch  92: train loss 0.0149
2022-01-19 23:18:03,433 root                INFO: Train: Epoch  93: train loss 0.0150
2022-01-19 23:18:05,441 root                INFO: Train: Epoch  94: train loss 0.0143
2022-01-19 23:18:07,446 root                INFO: Train: Epoch  95: train loss 0.0145
2022-01-19 23:18:09,298 root                INFO: Train: Epoch  96: train loss 0.0148
2022-01-19 23:18:11,305 root                INFO: Train: Epoch  97: train loss 0.0143
2022-01-19 23:18:13,393 root                INFO: Train: Epoch  98: train loss 0.0135
2022-01-19 23:18:15,241 root                INFO: Train: Epoch  99: train loss 0.0145
2022-01-19 23:18:17,262 root                INFO: Train: Epoch 100: train loss 0.0152
2022-01-19 23:18:19,105 root                INFO: Train: Epoch 101: train loss 0.0158
2022-01-19 23:18:21,091 root                INFO: Train: Epoch 102: train loss 0.0153
2022-01-19 23:18:23,110 root                INFO: Train: Epoch 103: train loss 0.0145
2022-01-19 23:18:25,035 root                INFO: Train: Epoch 104: train loss 0.0148
2022-01-19 23:18:27,073 root                INFO: Train: Epoch 105: train loss 0.0153
2022-01-19 23:18:29,049 root                INFO: Train: Epoch 106: train loss 0.0145
2022-01-19 23:18:31,089 root                INFO: Train: Epoch 107: train loss 0.0140
2022-01-19 23:18:33,102 root                INFO: Train: Epoch 108: train loss 0.0145
2022-01-19 23:18:35,043 root                INFO: Train: Epoch 109: train loss 0.0142
2022-01-19 23:18:36,996 root                INFO: Train: Epoch 110: train loss 0.0144
2022-01-19 23:18:39,015 root                INFO: Train: Epoch 111: train loss 0.0147
2022-01-19 23:18:40,825 root                INFO: Train: Epoch 112: train loss 0.0151
2022-01-19 23:18:42,784 root                INFO: Train: Epoch 113: train loss 0.0148
2022-01-19 23:18:44,590 root                INFO: Train: Epoch 114: train loss 0.0162
2022-01-19 23:18:46,476 root                INFO: Train: Epoch 115: train loss 0.0155
2022-01-19 23:18:48,330 root                INFO: Train: Epoch 116: train loss 0.0139
2022-01-19 23:18:50,304 root                INFO: Train: Epoch 117: train loss 0.0142
2022-01-19 23:18:52,204 root                INFO: Train: Epoch 118: train loss 0.0141
2022-01-19 23:18:54,010 root                INFO: Train: Epoch 119: train loss 0.0147
2022-01-19 23:18:56,147 root                INFO: Train: Epoch 120: train loss 0.0149
2022-01-19 23:18:58,225 root                INFO: Train: Epoch 121: train loss 0.0143
2022-01-19 23:19:00,058 root                INFO: Train: Epoch 122: train loss 0.0139
2022-01-19 23:19:01,939 root                INFO: Train: Epoch 123: train loss 0.0146
2022-01-19 23:19:03,633 root                INFO: Train: Epoch 124: train loss 0.0145
2022-01-19 23:19:05,545 root                INFO: Train: Epoch 125: train loss 0.0149
2022-01-19 23:19:07,607 root                INFO: Train: Epoch 126: train loss 0.0146
2022-01-19 23:19:09,553 root                INFO: Train: Epoch 127: train loss 0.0144
2022-01-19 23:19:11,735 root                INFO: Train: Epoch 128: train loss 0.0138
2022-01-19 23:19:13,649 root                INFO: Train: Epoch 129: train loss 0.0145
2022-01-19 23:19:15,793 root                INFO: Train: Epoch 130: train loss 0.0147
2022-01-19 23:19:17,838 root                INFO: Train: Epoch 131: train loss 0.0147
2022-01-19 23:19:19,581 root                INFO: Train: Epoch 132: train loss 0.0142
2022-01-19 23:19:21,506 root                INFO: Train: Epoch 133: train loss 0.0139
2022-01-19 23:19:23,258 root                INFO: Train: Epoch 134: train loss 0.0138
2022-01-19 23:19:25,348 root                INFO: Train: Epoch 135: train loss 0.0150
2022-01-19 23:19:27,326 root                INFO: Train: Epoch 136: train loss 0.0148
2022-01-19 23:19:29,152 root                INFO: Train: Epoch 137: train loss 0.0147
2022-01-19 23:19:31,189 root                INFO: Train: Epoch 138: train loss 0.0147
2022-01-19 23:19:33,058 root                INFO: Train: Epoch 139: train loss 0.0147
2022-01-19 23:19:35,106 root                INFO: Train: Epoch 140: train loss 0.0142
2022-01-19 23:19:37,083 root                INFO: Train: Epoch 141: train loss 0.0144
2022-01-19 23:19:38,913 root                INFO: Train: Epoch 142: train loss 0.0142
2022-01-19 23:19:40,854 root                INFO: Train: Epoch 143: train loss 0.0133
2022-01-19 23:19:42,644 root                INFO: Train: Epoch 144: train loss 0.0133
2022-01-19 23:19:44,610 root                INFO: Train: Epoch 145: train loss 0.0148
2022-01-19 23:19:46,534 root                INFO: Train: Epoch 146: train loss 0.0134
2022-01-19 23:19:48,369 root                INFO: Train: Epoch 147: train loss 0.0128
2022-01-19 23:19:50,408 root                INFO: Train: Epoch 148: train loss 0.0136
2022-01-19 23:19:52,261 root                INFO: Train: Epoch 149: train loss 0.0136
2022-01-19 23:19:54,281 root                INFO: Train: Epoch 150: train loss 0.0133
2022-01-19 23:19:56,280 root                INFO: Train: Epoch 151: train loss 0.0144
2022-01-19 23:19:58,097 root                INFO: Train: Epoch 152: train loss 0.0140
2022-01-19 23:20:00,138 root                INFO: Train: Epoch 153: train loss 0.0141
2022-01-19 23:20:01,951 root                INFO: Train: Epoch 154: train loss 0.0134
2022-01-19 23:20:03,899 root                INFO: Train: Epoch 155: train loss 0.0133
2022-01-19 23:20:05,846 root                INFO: Train: Epoch 156: train loss 0.0147
2022-01-19 23:20:07,601 root                INFO: Train: Epoch 157: train loss 0.0140
2022-01-19 23:20:09,579 root                INFO: Train: Epoch 158: train loss 0.0134
2022-01-19 23:20:11,371 root                INFO: Train: Epoch 159: train loss 0.0136
2022-01-19 23:20:13,402 root                INFO: Train: Epoch 160: train loss 0.0148
2022-01-19 23:20:15,423 root                INFO: Train: Epoch 161: train loss 0.0144
2022-01-19 23:20:17,273 root                INFO: Train: Epoch 162: train loss 0.0137
2022-01-19 23:20:19,167 root                INFO: Train: Epoch 163: train loss 0.0143
2022-01-19 23:20:20,943 root                INFO: Train: Epoch 164: train loss 0.0130
2022-01-19 23:20:22,823 root                INFO: Train: Epoch 165: train loss 0.0140
2022-01-19 23:20:24,707 root                INFO: Train: Epoch 166: train loss 0.0133
2022-01-19 23:20:26,634 root                INFO: Train: Epoch 167: train loss 0.0136
2022-01-19 23:20:28,593 root                INFO: Train: Epoch 168: train loss 0.0134
2022-01-19 23:20:30,621 root                INFO: Train: Epoch 169: train loss 0.0142
2022-01-19 23:20:32,637 root                INFO: Train: Epoch 170: train loss 0.0141
2022-01-19 23:20:34,630 root                INFO: Train: Epoch 171: train loss 0.0141
2022-01-19 23:20:36,458 root                INFO: Train: Epoch 172: train loss 0.0133
2022-01-19 23:20:38,368 root                INFO: Train: Epoch 173: train loss 0.0125
2022-01-19 23:20:40,149 root                INFO: Train: Epoch 174: train loss 0.0136
2022-01-19 23:20:42,068 root                INFO: Train: Epoch 175: train loss 0.0139
2022-01-19 23:20:44,139 root                INFO: Train: Epoch 176: train loss 0.0140
2022-01-19 23:20:46,005 root                INFO: Train: Epoch 177: train loss 0.0144
2022-01-19 23:20:48,036 root                INFO: Train: Epoch 178: train loss 0.0142
2022-01-19 23:20:49,855 root                INFO: Train: Epoch 179: train loss 0.0137
2022-01-19 23:20:51,786 root                INFO: Train: Epoch 180: train loss 0.0149
2022-01-19 23:20:53,671 root                INFO: Train: Epoch 181: train loss 0.0142
2022-01-19 23:20:55,364 root                INFO: Train: Epoch 182: train loss 0.0137
2022-01-19 23:20:57,242 root                INFO: Train: Epoch 183: train loss 0.0127
2022-01-19 23:20:59,172 root                INFO: Train: Epoch 184: train loss 0.0142
2022-01-19 23:21:01,219 root                INFO: Train: Epoch 185: train loss 0.0127
2022-01-19 23:21:03,283 root                INFO: Train: Epoch 186: train loss 0.0137
2022-01-19 23:21:05,113 root                INFO: Train: Epoch 187: train loss 0.0132
2022-01-19 23:21:07,198 root                INFO: Train: Epoch 188: train loss 0.0133
2022-01-19 23:21:09,067 root                INFO: Train: Epoch 189: train loss 0.0138
2022-01-19 23:21:11,080 root                INFO: Train: Epoch 190: train loss 0.0131
2022-01-19 23:21:13,033 root                INFO: Train: Epoch 191: train loss 0.0132
2022-01-19 23:21:14,914 root                INFO: Train: Epoch 192: train loss 0.0136
2022-01-19 23:21:16,858 root                INFO: Train: Epoch 193: train loss 0.0129
2022-01-19 23:21:18,665 root                INFO: Train: Epoch 194: train loss 0.0132
2022-01-19 23:21:20,579 root                INFO: Train: Epoch 195: train loss 0.0123
2022-01-19 23:21:22,539 root                INFO: Train: Epoch 196: train loss 0.0136
2022-01-19 23:21:24,324 root                INFO: Valid: Epoch 196: kendall tau 0.8224; loss 0.2206
2022-01-19 23:21:26,118 root                INFO: Train: Epoch 197: train loss 0.0130
2022-01-19 23:21:27,983 root                INFO: Valid: Epoch 197: kendall tau 0.8205; loss 0.2296
2022-01-19 23:21:29,761 root                INFO: Train: Epoch 198: train loss 0.0129
2022-01-19 23:21:31,615 root                INFO: Valid: Epoch 198: kendall tau 0.8194; loss 0.2269
2022-01-19 23:21:33,413 root                INFO: Train: Epoch 199: train loss 0.0124
2022-01-19 23:21:35,105 root                INFO: Valid: Epoch 199: kendall tau 0.8136; loss 0.2243
2022-01-19 23:21:37,086 root                INFO: Train: Epoch 200: train loss 0.0127
2022-01-19 23:21:38,843 root                INFO: Valid: Epoch 200: kendall tau 0.8222; loss 0.2123
2022-01-19 23:21:38,848 root                INFO: Epoch 200: Save checkpoint to nb1shot1_ablation_scale/true/0.1_0.5/1/2021/200.ckpt
2022-01-19 23:21:40,570 root                INFO: [0.2857142857142857, 0.5833333333333334, 0.5694444444444444, 0.6895604395604396, 0.7901234567901234, 0.9196159122085048, 1.0]
2022-01-19 23:21:40,571 root                INFO: [1, 1]
