2022-01-21 17:43:25,802 root                INFO: GPU device = 6
2022-01-21 17:43:25,802 root                INFO: Load pkl cache from nasbench301_train.pkl and nasbench301_valid.pkl
2022-01-21 17:43:26,398 root                INFO: Config: {'arch_network_cfg': {'arch_embedder_cfg': {'take_adj_as_input': True, 'gcn_kwargs': {'residual_only': 2}, 'gcn_out_dims': [64, 64, 64, 64, 64], 'hidden_dim': 32, 'node_dim': 32, 'op_dim': 32, 'use_bn': False, 'final_concat': False, 'other_node_zero': False, 'num_time_steps': 2, 'fb_conversion_dims': [64, 64], 'backward_gcn_out_dims': [64, 64, 64, 64, 64], 'updateopemb_method': 'concat_ofb', 'updateopemb_dims': [64], 'share_skip_and_outskip': True, 'detach_vinfo': False, 'updateopemb_scale': 0.1, 'updateopemb_detach_opemb': True, 'updateopemb_detach_finfo': True, 'mask_nonparametrized_ops': True, 'symmetry_breaking_method': 'param_zs_add', 'concat_param_zs_as_opemb_dimension': 5, 'concat_param_zs_as_opemb_scale': 1.0}, 'arch_embedder_type': 'cellss-fbflow-anytime', 'compare_loss_type': 'margin_linear', 'compare_margin': 0.1, 'mlp_dropout': 0.1, 'mlp_hiddens': [200], 'mlp_out_dim': 1, 'optimizer': {'lr': 0.001, 'type': 'Adam'}, 'scheduler': None}, 'arch_network_type': 'pointwise_comparator', 'batch_size': 128, 'choose_pair_criterion': 'random', 'compare': False, 'compare_threshold': 0.0, 'epochs': 200, 'max_compare_ratio': 16.0}
2022-01-21 17:43:29,823 root                INFO: Combined args: Namespace(arch_network_type='pointwise_comparator', batch_size=128, cfg_file='cfgs/nb301_cfgs/tagates_anytime.yaml', choose_pair_criterion='random', compare=False, compare_threshold=0.0, epochs=200, eval_only_last=1, gpu=6, load=None, max_compare_ratio=16.0, num_workers=4, report_freq=200, save_every=200, save_predict=None, seed=2021, test_funcs=None, test_only=False, train_dir='nb301_anytime_tagates/tagates_0.1/12/2021', train_pkl='../mynas/data/nasbench-301/nasbench301_train_mtx_anytime_12.pkl', train_ratio=0.1, valid_pkl='../mynas/data/nasbench-301/nasbench301_valid_mtx_anytime.pkl')
2022-01-21 17:43:29,832 root                INFO: Train dataset ratio: 0.100
2022-01-21 17:43:29,833 root                INFO: Number of architectures: train: 589; valid: 51072
2022-01-21 17:43:43,185 root                INFO: Train: Epoch   1: train loss 0.3104
2022-01-21 17:43:43,871 root                INFO: Train: Epoch   2: train loss 0.1961
2022-01-21 17:43:44,529 root                INFO: Train: Epoch   3: train loss 0.0208
2022-01-21 17:43:45,232 root                INFO: Train: Epoch   4: train loss 0.0153
2022-01-21 17:43:45,922 root                INFO: Train: Epoch   5: train loss 0.0180
2022-01-21 17:43:46,614 root                INFO: Train: Epoch   6: train loss 0.0181
2022-01-21 17:43:47,329 root                INFO: Train: Epoch   7: train loss 0.0182
2022-01-21 17:43:48,021 root                INFO: Train: Epoch   8: train loss 0.0182
2022-01-21 17:43:48,747 root                INFO: Train: Epoch   9: train loss 0.0182
2022-01-21 17:43:49,423 root                INFO: Train: Epoch  10: train loss 0.0182
2022-01-21 17:43:50,097 root                INFO: Train: Epoch  11: train loss 0.0182
2022-01-21 17:43:50,771 root                INFO: Train: Epoch  12: train loss 0.0182
2022-01-21 17:43:51,470 root                INFO: Train: Epoch  13: train loss 0.0182
2022-01-21 17:43:52,165 root                INFO: Train: Epoch  14: train loss 0.0182
2022-01-21 17:43:52,848 root                INFO: Train: Epoch  15: train loss 0.0182
2022-01-21 17:43:53,514 root                INFO: Train: Epoch  16: train loss 0.0182
2022-01-21 17:43:54,185 root                INFO: Train: Epoch  17: train loss 0.0182
2022-01-21 17:43:54,852 root                INFO: Train: Epoch  18: train loss 0.0182
2022-01-21 17:43:55,546 root                INFO: Train: Epoch  19: train loss 0.0182
2022-01-21 17:43:56,203 root                INFO: Train: Epoch  20: train loss 0.0182
2022-01-21 17:43:56,907 root                INFO: Train: Epoch  21: train loss 0.0182
2022-01-21 17:43:57,597 root                INFO: Train: Epoch  22: train loss 0.0182
2022-01-21 17:43:58,305 root                INFO: Train: Epoch  23: train loss 0.0182
2022-01-21 17:43:58,982 root                INFO: Train: Epoch  24: train loss 0.0182
2022-01-21 17:43:59,667 root                INFO: Train: Epoch  25: train loss 0.0182
2022-01-21 17:44:00,322 root                INFO: Train: Epoch  26: train loss 0.0182
2022-01-21 17:44:01,002 root                INFO: Train: Epoch  27: train loss 0.0182
2022-01-21 17:44:01,724 root                INFO: Train: Epoch  28: train loss 0.0182
2022-01-21 17:44:02,434 root                INFO: Train: Epoch  29: train loss 0.0182
2022-01-21 17:44:03,090 root                INFO: Train: Epoch  30: train loss 0.0182
2022-01-21 17:44:03,762 root                INFO: Train: Epoch  31: train loss 0.0182
2022-01-21 17:44:04,441 root                INFO: Train: Epoch  32: train loss 0.0182
2022-01-21 17:44:05,127 root                INFO: Train: Epoch  33: train loss 0.0182
2022-01-21 17:44:05,799 root                INFO: Train: Epoch  34: train loss 0.0182
2022-01-21 17:44:06,477 root                INFO: Train: Epoch  35: train loss 0.0182
2022-01-21 17:44:07,132 root                INFO: Train: Epoch  36: train loss 0.0182
2022-01-21 17:44:07,790 root                INFO: Train: Epoch  37: train loss 0.0182
2022-01-21 17:44:08,454 root                INFO: Train: Epoch  38: train loss 0.0181
2022-01-21 17:44:09,114 root                INFO: Train: Epoch  39: train loss 0.0181
2022-01-21 17:44:09,769 root                INFO: Train: Epoch  40: train loss 0.0178
2022-01-21 17:44:10,447 root                INFO: Train: Epoch  41: train loss 0.0146
2022-01-21 17:44:11,101 root                INFO: Train: Epoch  42: train loss 0.0139
2022-01-21 17:44:11,867 root                INFO: Train: Epoch  43: train loss 0.0101
2022-01-21 17:44:12,517 root                INFO: Train: Epoch  44: train loss 0.0086
2022-01-21 17:44:13,166 root                INFO: Train: Epoch  45: train loss 0.0081
2022-01-21 17:44:13,840 root                INFO: Train: Epoch  46: train loss 0.0071
2022-01-21 17:44:14,512 root                INFO: Train: Epoch  47: train loss 0.0060
2022-01-21 17:44:15,149 root                INFO: Train: Epoch  48: train loss 0.0037
2022-01-21 17:44:15,785 root                INFO: Train: Epoch  49: train loss 0.0024
2022-01-21 17:44:16,427 root                INFO: Train: Epoch  50: train loss 0.0021
2022-01-21 17:44:17,077 root                INFO: Train: Epoch  51: train loss 0.0017
2022-01-21 17:44:17,751 root                INFO: Train: Epoch  52: train loss 0.0017
2022-01-21 17:44:18,395 root                INFO: Train: Epoch  53: train loss 0.0016
2022-01-21 17:44:19,049 root                INFO: Train: Epoch  54: train loss 0.0015
2022-01-21 17:44:19,705 root                INFO: Train: Epoch  55: train loss 0.0013
2022-01-21 17:44:20,370 root                INFO: Train: Epoch  56: train loss 0.0014
2022-01-21 17:44:21,056 root                INFO: Train: Epoch  57: train loss 0.0012
2022-01-21 17:44:21,706 root                INFO: Train: Epoch  58: train loss 0.0011
2022-01-21 17:44:22,363 root                INFO: Train: Epoch  59: train loss 0.0010
2022-01-21 17:44:22,981 root                INFO: Train: Epoch  60: train loss 0.0011
2022-01-21 17:44:23,598 root                INFO: Train: Epoch  61: train loss 0.0011
2022-01-21 17:44:24,227 root                INFO: Train: Epoch  62: train loss 0.0009
2022-01-21 17:44:24,861 root                INFO: Train: Epoch  63: train loss 0.0009
2022-01-21 17:44:25,536 root                INFO: Train: Epoch  64: train loss 0.0008
2022-01-21 17:44:26,171 root                INFO: Train: Epoch  65: train loss 0.0008
2022-01-21 17:44:26,834 root                INFO: Train: Epoch  66: train loss 0.0006
2022-01-21 17:44:27,513 root                INFO: Train: Epoch  67: train loss 0.0006
2022-01-21 17:44:28,178 root                INFO: Train: Epoch  68: train loss 0.0005
2022-01-21 17:44:28,822 root                INFO: Train: Epoch  69: train loss 0.0004
2022-01-21 17:44:29,456 root                INFO: Train: Epoch  70: train loss 0.0004
2022-01-21 17:44:30,099 root                INFO: Train: Epoch  71: train loss 0.0004
2022-01-21 17:44:30,761 root                INFO: Train: Epoch  72: train loss 0.0004
2022-01-21 17:44:31,416 root                INFO: Train: Epoch  73: train loss 0.0004
2022-01-21 17:44:32,061 root                INFO: Train: Epoch  74: train loss 0.0003
2022-01-21 17:44:32,719 root                INFO: Train: Epoch  75: train loss 0.0003
2022-01-21 17:44:33,416 root                INFO: Train: Epoch  76: train loss 0.0003
2022-01-21 17:44:34,121 root                INFO: Train: Epoch  77: train loss 0.0003
2022-01-21 17:44:34,794 root                INFO: Train: Epoch  78: train loss 0.0003
2022-01-21 17:44:35,417 root                INFO: Train: Epoch  79: train loss 0.0003
2022-01-21 17:44:36,038 root                INFO: Train: Epoch  80: train loss 0.0003
2022-01-21 17:44:36,681 root                INFO: Train: Epoch  81: train loss 0.0003
2022-01-21 17:44:37,318 root                INFO: Train: Epoch  82: train loss 0.0003
2022-01-21 17:44:37,925 root                INFO: Train: Epoch  83: train loss 0.0003
2022-01-21 17:44:38,538 root                INFO: Train: Epoch  84: train loss 0.0003
2022-01-21 17:44:39,146 root                INFO: Train: Epoch  85: train loss 0.0003
2022-01-21 17:44:39,770 root                INFO: Train: Epoch  86: train loss 0.0003
2022-01-21 17:44:40,406 root                INFO: Train: Epoch  87: train loss 0.0003
2022-01-21 17:44:41,001 root                INFO: Train: Epoch  88: train loss 0.0003
2022-01-21 17:44:41,609 root                INFO: Train: Epoch  89: train loss 0.0003
2022-01-21 17:44:42,224 root                INFO: Train: Epoch  90: train loss 0.0002
2022-01-21 17:44:42,852 root                INFO: Train: Epoch  91: train loss 0.0003
2022-01-21 17:44:43,620 root                INFO: Train: Epoch  92: train loss 0.0002
2022-01-21 17:44:44,333 root                INFO: Train: Epoch  93: train loss 0.0002
2022-01-21 17:44:45,003 root                INFO: Train: Epoch  94: train loss 0.0003
2022-01-21 17:44:45,643 root                INFO: Train: Epoch  95: train loss 0.0002
2022-01-21 17:44:46,263 root                INFO: Train: Epoch  96: train loss 0.0002
2022-01-21 17:44:46,889 root                INFO: Train: Epoch  97: train loss 0.0002
2022-01-21 17:44:47,571 root                INFO: Train: Epoch  98: train loss 0.0002
2022-01-21 17:44:48,209 root                INFO: Train: Epoch  99: train loss 0.0002
2022-01-21 17:44:48,865 root                INFO: Train: Epoch 100: train loss 0.0002
2022-01-21 17:44:49,517 root                INFO: Train: Epoch 101: train loss 0.0002
2022-01-21 17:44:50,153 root                INFO: Train: Epoch 102: train loss 0.0002
2022-01-21 17:44:50,791 root                INFO: Train: Epoch 103: train loss 0.0002
2022-01-21 17:44:51,449 root                INFO: Train: Epoch 104: train loss 0.0002
2022-01-21 17:44:52,109 root                INFO: Train: Epoch 105: train loss 0.0002
2022-01-21 17:44:52,734 root                INFO: Train: Epoch 106: train loss 0.0002
2022-01-21 17:44:53,382 root                INFO: Train: Epoch 107: train loss 0.0002
2022-01-21 17:44:54,020 root                INFO: Train: Epoch 108: train loss 0.0002
2022-01-21 17:44:54,644 root                INFO: Train: Epoch 109: train loss 0.0002
2022-01-21 17:44:55,306 root                INFO: Train: Epoch 110: train loss 0.0002
2022-01-21 17:44:55,960 root                INFO: Train: Epoch 111: train loss 0.0002
2022-01-21 17:44:56,637 root                INFO: Train: Epoch 112: train loss 0.0002
2022-01-21 17:44:57,330 root                INFO: Train: Epoch 113: train loss 0.0002
2022-01-21 17:44:58,009 root                INFO: Train: Epoch 114: train loss 0.0002
2022-01-21 17:44:58,649 root                INFO: Train: Epoch 115: train loss 0.0002
2022-01-21 17:44:59,271 root                INFO: Train: Epoch 116: train loss 0.0002
2022-01-21 17:44:59,905 root                INFO: Train: Epoch 117: train loss 0.0002
2022-01-21 17:45:00,511 root                INFO: Train: Epoch 118: train loss 0.0002
2022-01-21 17:45:01,113 root                INFO: Train: Epoch 119: train loss 0.0002
2022-01-21 17:45:01,739 root                INFO: Train: Epoch 120: train loss 0.0003
2022-01-21 17:45:02,401 root                INFO: Train: Epoch 121: train loss 0.0002
2022-01-21 17:45:03,082 root                INFO: Train: Epoch 122: train loss 0.0002
2022-01-21 17:45:03,768 root                INFO: Train: Epoch 123: train loss 0.0002
2022-01-21 17:45:04,386 root                INFO: Train: Epoch 124: train loss 0.0002
2022-01-21 17:45:05,029 root                INFO: Train: Epoch 125: train loss 0.0002
2022-01-21 17:45:05,666 root                INFO: Train: Epoch 126: train loss 0.0002
2022-01-21 17:45:06,357 root                INFO: Train: Epoch 127: train loss 0.0002
2022-01-21 17:45:07,032 root                INFO: Train: Epoch 128: train loss 0.0002
2022-01-21 17:45:07,677 root                INFO: Train: Epoch 129: train loss 0.0002
2022-01-21 17:45:08,324 root                INFO: Train: Epoch 130: train loss 0.0002
2022-01-21 17:45:09,113 root                INFO: Train: Epoch 131: train loss 0.0002
2022-01-21 17:45:09,822 root                INFO: Train: Epoch 132: train loss 0.0002
2022-01-21 17:45:10,486 root                INFO: Train: Epoch 133: train loss 0.0002
2022-01-21 17:45:11,138 root                INFO: Train: Epoch 134: train loss 0.0002
2022-01-21 17:45:11,822 root                INFO: Train: Epoch 135: train loss 0.0002
2022-01-21 17:45:12,506 root                INFO: Train: Epoch 136: train loss 0.0002
2022-01-21 17:45:13,149 root                INFO: Train: Epoch 137: train loss 0.0002
2022-01-21 17:45:13,845 root                INFO: Train: Epoch 138: train loss 0.0002
2022-01-21 17:45:14,519 root                INFO: Train: Epoch 139: train loss 0.0002
2022-01-21 17:45:15,165 root                INFO: Train: Epoch 140: train loss 0.0002
2022-01-21 17:45:15,799 root                INFO: Train: Epoch 141: train loss 0.0002
2022-01-21 17:45:16,435 root                INFO: Train: Epoch 142: train loss 0.0002
2022-01-21 17:45:17,118 root                INFO: Train: Epoch 143: train loss 0.0002
2022-01-21 17:45:17,764 root                INFO: Train: Epoch 144: train loss 0.0002
2022-01-21 17:45:18,385 root                INFO: Train: Epoch 145: train loss 0.0002
2022-01-21 17:45:19,021 root                INFO: Train: Epoch 146: train loss 0.0002
2022-01-21 17:45:19,660 root                INFO: Train: Epoch 147: train loss 0.0002
2022-01-21 17:45:20,400 root                INFO: Train: Epoch 148: train loss 0.0002
2022-01-21 17:45:21,060 root                INFO: Train: Epoch 149: train loss 0.0002
2022-01-21 17:45:21,693 root                INFO: Train: Epoch 150: train loss 0.0002
2022-01-21 17:45:22,339 root                INFO: Train: Epoch 151: train loss 0.0002
2022-01-21 17:45:22,977 root                INFO: Train: Epoch 152: train loss 0.0002
2022-01-21 17:45:23,607 root                INFO: Train: Epoch 153: train loss 0.0002
2022-01-21 17:45:24,270 root                INFO: Train: Epoch 154: train loss 0.0002
2022-01-21 17:45:24,897 root                INFO: Train: Epoch 155: train loss 0.0002
2022-01-21 17:45:25,599 root                INFO: Train: Epoch 156: train loss 0.0002
2022-01-21 17:45:26,262 root                INFO: Train: Epoch 157: train loss 0.0002
2022-01-21 17:45:26,958 root                INFO: Train: Epoch 158: train loss 0.0002
2022-01-21 17:45:27,600 root                INFO: Train: Epoch 159: train loss 0.0002
2022-01-21 17:45:28,258 root                INFO: Train: Epoch 160: train loss 0.0002
2022-01-21 17:45:28,905 root                INFO: Train: Epoch 161: train loss 0.0002
2022-01-21 17:45:29,608 root                INFO: Train: Epoch 162: train loss 0.0002
2022-01-21 17:45:30,282 root                INFO: Train: Epoch 163: train loss 0.0002
2022-01-21 17:45:30,963 root                INFO: Train: Epoch 164: train loss 0.0002
2022-01-21 17:45:31,601 root                INFO: Train: Epoch 165: train loss 0.0002
2022-01-21 17:45:32,234 root                INFO: Train: Epoch 166: train loss 0.0002
2022-01-21 17:45:32,861 root                INFO: Train: Epoch 167: train loss 0.0002
2022-01-21 17:45:33,471 root                INFO: Train: Epoch 168: train loss 0.0002
2022-01-21 17:45:34,099 root                INFO: Train: Epoch 169: train loss 0.0002
2022-01-21 17:45:34,739 root                INFO: Train: Epoch 170: train loss 0.0002
2022-01-21 17:45:35,420 root                INFO: Train: Epoch 171: train loss 0.0002
2022-01-21 17:45:36,028 root                INFO: Train: Epoch 172: train loss 0.0002
2022-01-21 17:45:36,675 root                INFO: Train: Epoch 173: train loss 0.0002
2022-01-21 17:45:37,319 root                INFO: Train: Epoch 174: train loss 0.0002
2022-01-21 17:45:37,991 root                INFO: Train: Epoch 175: train loss 0.0002
2022-01-21 17:45:38,628 root                INFO: Train: Epoch 176: train loss 0.0002
2022-01-21 17:45:39,256 root                INFO: Train: Epoch 177: train loss 0.0002
2022-01-21 17:45:39,912 root                INFO: Train: Epoch 178: train loss 0.0002
2022-01-21 17:45:40,582 root                INFO: Train: Epoch 179: train loss 0.0002
2022-01-21 17:45:41,216 root                INFO: Train: Epoch 180: train loss 0.0002
2022-01-21 17:45:41,866 root                INFO: Train: Epoch 181: train loss 0.0002
2022-01-21 17:45:42,497 root                INFO: Train: Epoch 182: train loss 0.0002
2022-01-21 17:45:43,204 root                INFO: Train: Epoch 183: train loss 0.0002
2022-01-21 17:45:43,935 root                INFO: Train: Epoch 184: train loss 0.0002
2022-01-21 17:45:44,662 root                INFO: Train: Epoch 185: train loss 0.0002
2022-01-21 17:45:45,374 root                INFO: Train: Epoch 186: train loss 0.0002
2022-01-21 17:45:46,087 root                INFO: Train: Epoch 187: train loss 0.0002
2022-01-21 17:45:46,813 root                INFO: Train: Epoch 188: train loss 0.0002
2022-01-21 17:45:47,525 root                INFO: Train: Epoch 189: train loss 0.0002
2022-01-21 17:45:48,241 root                INFO: Train: Epoch 190: train loss 0.0002
2022-01-21 17:45:48,960 root                INFO: Train: Epoch 191: train loss 0.0001
2022-01-21 17:45:49,634 root                INFO: Train: Epoch 192: train loss 0.0002
2022-01-21 17:45:50,300 root                INFO: Train: Epoch 193: train loss 0.0002
2022-01-21 17:45:50,968 root                INFO: Train: Epoch 194: train loss 0.0002
2022-01-21 17:45:51,625 root                INFO: Train: Epoch 195: train loss 0.0002
2022-01-21 17:45:52,272 root                INFO: Train: Epoch 196: train loss 0.0002
2022-01-21 17:45:52,935 root                INFO: Train: Epoch 197: train loss 0.0001
2022-01-21 17:45:53,589 root                INFO: Train: Epoch 198: train loss 0.0002
2022-01-21 17:45:54,227 root                INFO: Train: Epoch 199: train loss 0.0002
2022-01-21 17:45:54,876 root                INFO: Train: Epoch 200: train loss 0.0002
2022-01-21 17:46:08,755 root                INFO: Valid: Epoch 200: kendall tau 0.6511 0.6503; loss 7.157e-05 4.981e-05
2022-01-21 17:46:08,761 root                INFO: Epoch 200: Save checkpoint to nb301_anytime_tagates/tagates_0.1/12/2021/200.ckpt
2022-01-21 17:46:22,694 root                INFO: [0.058823529411764705, 0.29411764705882354, 0.39215686274509803, 0.5949862906384645, 0.7045232034462502, 0.821937656641604, 1.0]
2022-01-21 17:46:22,694 root                INFO: [0.0196078431372549, 0.16470588235294117, 0.30392156862745096, 0.5910693301997649, 0.6986489132563148, 0.8230733082706767, 1.0]
2022-01-21 17:46:22,694 root                INFO: [89, 89]
2022-01-21 17:46:22,694 root                INFO: [123, 123]
2022-01-21 22:22:21,277 root                INFO: GPU device = 6
2022-01-21 22:22:21,278 root                INFO: Load pkl cache from nasbench301_train.pkl and nasbench301_valid.pkl
2022-01-21 22:22:21,892 root                INFO: Config: {'arch_network_cfg': {'arch_embedder_cfg': {'take_adj_as_input': True, 'gcn_kwargs': {'residual_only': 2}, 'gcn_out_dims': [64, 64, 64, 64, 64], 'hidden_dim': 32, 'node_dim': 32, 'op_dim': 32, 'use_bn': False, 'final_concat': False, 'other_node_zero': False, 'num_time_steps': 2, 'fb_conversion_dims': [64, 64], 'backward_gcn_out_dims': [64, 64, 64, 64, 64], 'updateopemb_method': 'concat_ofb', 'updateopemb_dims': [64], 'share_skip_and_outskip': True, 'detach_vinfo': False, 'updateopemb_scale': 0.1, 'updateopemb_detach_opemb': True, 'updateopemb_detach_finfo': True, 'mask_nonparametrized_ops': True, 'symmetry_breaking_method': 'param_zs_add', 'concat_param_zs_as_opemb_dimension': 5, 'concat_param_zs_as_opemb_scale': 1.0}, 'arch_embedder_type': 'cellss-fbflow-anytime', 'compare_loss_type': 'margin_linear', 'compare_margin': 0.1, 'mlp_dropout': 0.1, 'mlp_hiddens': [200], 'mlp_out_dim': 1, 'optimizer': {'lr': 0.0001, 'type': 'Adam'}, 'scheduler': None}, 'arch_network_type': 'pointwise_comparator', 'batch_size': 128, 'choose_pair_criterion': 'random', 'compare': False, 'compare_threshold': 0.0, 'epochs': 200, 'max_compare_ratio': 16.0}
2022-01-21 22:22:25,186 root                INFO: Combined args: Namespace(arch_network_type='pointwise_comparator', batch_size=128, cfg_file='cfgs/nb301_cfgs/tagates_anytime.yaml', choose_pair_criterion='random', compare=False, compare_threshold=0.0, epochs=200, eval_only_last=1, gpu=6, load=None, max_compare_ratio=16.0, num_workers=4, report_freq=200, save_every=200, save_predict=None, seed=2021, test_funcs=None, test_only=False, train_dir='nb301_anytime_tagates/tagates_0.1/12/2021', train_pkl='../mynas/data/nasbench-301/nasbench301_train_mtx_anytime_12.pkl', train_ratio=0.1, valid_pkl='../mynas/data/nasbench-301/nasbench301_valid_mtx_anytime.pkl')
2022-01-21 22:22:25,195 root                INFO: Train dataset ratio: 0.100
2022-01-21 22:22:25,196 root                INFO: Number of architectures: train: 589; valid: 51072
2022-01-21 22:22:38,748 root                INFO: Train: Epoch   1: train loss 0.3293
2022-01-21 22:22:39,421 root                INFO: Train: Epoch   2: train loss 0.3246
2022-01-21 22:22:40,066 root                INFO: Train: Epoch   3: train loss 0.3193
2022-01-21 22:22:40,733 root                INFO: Train: Epoch   4: train loss 0.3126
2022-01-21 22:22:41,413 root                INFO: Train: Epoch   5: train loss 0.3049
2022-01-21 22:22:42,103 root                INFO: Train: Epoch   6: train loss 0.2950
2022-01-21 22:22:42,793 root                INFO: Train: Epoch   7: train loss 0.2825
2022-01-21 22:22:43,472 root                INFO: Train: Epoch   8: train loss 0.2667
2022-01-21 22:22:44,155 root                INFO: Train: Epoch   9: train loss 0.2472
2022-01-21 22:22:44,821 root                INFO: Train: Epoch  10: train loss 0.2225
2022-01-21 22:22:45,489 root                INFO: Train: Epoch  11: train loss 0.1919
2022-01-21 22:22:46,214 root                INFO: Train: Epoch  12: train loss 0.1561
2022-01-21 22:22:46,901 root                INFO: Train: Epoch  13: train loss 0.1157
2022-01-21 22:22:47,564 root                INFO: Train: Epoch  14: train loss 0.0743
2022-01-21 22:22:48,249 root                INFO: Train: Epoch  15: train loss 0.0392
2022-01-21 22:22:48,900 root                INFO: Train: Epoch  16: train loss 0.0156
2022-01-21 22:22:49,621 root                INFO: Train: Epoch  17: train loss 0.0045
2022-01-21 22:22:50,341 root                INFO: Train: Epoch  18: train loss 0.0012
2022-01-21 22:22:51,058 root                INFO: Train: Epoch  19: train loss 0.0011
2022-01-21 22:22:51,778 root                INFO: Train: Epoch  20: train loss 0.0015
2022-01-21 22:22:52,498 root                INFO: Train: Epoch  21: train loss 0.0017
2022-01-21 22:22:53,205 root                INFO: Train: Epoch  22: train loss 0.0017
2022-01-21 22:22:53,937 root                INFO: Train: Epoch  23: train loss 0.0014
2022-01-21 22:22:54,661 root                INFO: Train: Epoch  24: train loss 0.0011
2022-01-21 22:22:55,408 root                INFO: Train: Epoch  25: train loss 0.0009
2022-01-21 22:22:56,175 root                INFO: Train: Epoch  26: train loss 0.0009
2022-01-21 22:22:56,886 root                INFO: Train: Epoch  27: train loss 0.0008
2022-01-21 22:22:57,608 root                INFO: Train: Epoch  28: train loss 0.0007
2022-01-21 22:22:58,324 root                INFO: Train: Epoch  29: train loss 0.0008
2022-01-21 22:22:59,002 root                INFO: Train: Epoch  30: train loss 0.0008
2022-01-21 22:22:59,707 root                INFO: Train: Epoch  31: train loss 0.0008
2022-01-21 22:23:00,416 root                INFO: Train: Epoch  32: train loss 0.0008
2022-01-21 22:23:01,137 root                INFO: Train: Epoch  33: train loss 0.0008
2022-01-21 22:23:01,882 root                INFO: Train: Epoch  34: train loss 0.0008
2022-01-21 22:23:02,620 root                INFO: Train: Epoch  35: train loss 0.0008
2022-01-21 22:23:03,332 root                INFO: Train: Epoch  36: train loss 0.0008
2022-01-21 22:23:04,064 root                INFO: Train: Epoch  37: train loss 0.0008
2022-01-21 22:23:04,853 root                INFO: Train: Epoch  38: train loss 0.0008
2022-01-21 22:23:05,615 root                INFO: Train: Epoch  39: train loss 0.0008
2022-01-21 22:23:06,409 root                INFO: Train: Epoch  40: train loss 0.0008
2022-01-21 22:23:07,158 root                INFO: Train: Epoch  41: train loss 0.0008
2022-01-21 22:23:07,908 root                INFO: Train: Epoch  42: train loss 0.0008
2022-01-21 22:23:08,810 root                INFO: Train: Epoch  43: train loss 0.0008
2022-01-21 22:23:09,542 root                INFO: Train: Epoch  44: train loss 0.0008
2022-01-21 22:23:10,262 root                INFO: Train: Epoch  45: train loss 0.0008
2022-01-21 22:23:10,978 root                INFO: Train: Epoch  46: train loss 0.0008
2022-01-21 22:23:11,724 root                INFO: Train: Epoch  47: train loss 0.0008
2022-01-21 22:23:12,496 root                INFO: Train: Epoch  48: train loss 0.0008
2022-01-21 22:23:13,263 root                INFO: Train: Epoch  49: train loss 0.0008
2022-01-21 22:23:14,028 root                INFO: Train: Epoch  50: train loss 0.0007
2022-01-21 22:23:14,843 root                INFO: Train: Epoch  51: train loss 0.0007
2022-01-21 22:23:15,635 root                INFO: Train: Epoch  52: train loss 0.0008
2022-01-21 22:23:16,378 root                INFO: Train: Epoch  53: train loss 0.0008
2022-01-21 22:23:17,090 root                INFO: Train: Epoch  54: train loss 0.0008
2022-01-21 22:23:17,832 root                INFO: Train: Epoch  55: train loss 0.0008
2022-01-21 22:23:18,603 root                INFO: Train: Epoch  56: train loss 0.0007
2022-01-21 22:23:19,384 root                INFO: Train: Epoch  57: train loss 0.0007
2022-01-21 22:23:20,134 root                INFO: Train: Epoch  58: train loss 0.0007
2022-01-21 22:23:20,870 root                INFO: Train: Epoch  59: train loss 0.0007
2022-01-21 22:23:21,605 root                INFO: Train: Epoch  60: train loss 0.0008
2022-01-21 22:23:22,370 root                INFO: Train: Epoch  61: train loss 0.0008
2022-01-21 22:23:23,102 root                INFO: Train: Epoch  62: train loss 0.0007
2022-01-21 22:23:23,831 root                INFO: Train: Epoch  63: train loss 0.0007
2022-01-21 22:23:24,548 root                INFO: Train: Epoch  64: train loss 0.0007
2022-01-21 22:23:25,303 root                INFO: Train: Epoch  65: train loss 0.0008
2022-01-21 22:23:26,027 root                INFO: Train: Epoch  66: train loss 0.0007
2022-01-21 22:23:26,761 root                INFO: Train: Epoch  67: train loss 0.0007
2022-01-21 22:23:27,484 root                INFO: Train: Epoch  68: train loss 0.0007
2022-01-21 22:23:28,219 root                INFO: Train: Epoch  69: train loss 0.0007
2022-01-21 22:23:28,947 root                INFO: Train: Epoch  70: train loss 0.0007
2022-01-21 22:23:29,673 root                INFO: Train: Epoch  71: train loss 0.0007
2022-01-21 22:23:30,396 root                INFO: Train: Epoch  72: train loss 0.0007
2022-01-21 22:23:31,146 root                INFO: Train: Epoch  73: train loss 0.0008
2022-01-21 22:23:31,931 root                INFO: Train: Epoch  74: train loss 0.0007
2022-01-21 22:23:32,669 root                INFO: Train: Epoch  75: train loss 0.0007
2022-01-21 22:23:33,409 root                INFO: Train: Epoch  76: train loss 0.0007
2022-01-21 22:23:34,152 root                INFO: Train: Epoch  77: train loss 0.0007
2022-01-21 22:23:34,898 root                INFO: Train: Epoch  78: train loss 0.0007
2022-01-21 22:23:35,635 root                INFO: Train: Epoch  79: train loss 0.0007
2022-01-21 22:23:36,370 root                INFO: Train: Epoch  80: train loss 0.0007
2022-01-21 22:23:37,123 root                INFO: Train: Epoch  81: train loss 0.0007
2022-01-21 22:23:37,849 root                INFO: Train: Epoch  82: train loss 0.0007
2022-01-21 22:23:38,600 root                INFO: Train: Epoch  83: train loss 0.0007
2022-01-21 22:23:39,359 root                INFO: Train: Epoch  84: train loss 0.0007
2022-01-21 22:23:40,089 root                INFO: Train: Epoch  85: train loss 0.0007
2022-01-21 22:23:40,790 root                INFO: Train: Epoch  86: train loss 0.0007
2022-01-21 22:23:41,497 root                INFO: Train: Epoch  87: train loss 0.0007
2022-01-21 22:23:42,219 root                INFO: Train: Epoch  88: train loss 0.0007
2022-01-21 22:23:42,942 root                INFO: Train: Epoch  89: train loss 0.0007
2022-01-21 22:23:43,640 root                INFO: Train: Epoch  90: train loss 0.0007
2022-01-21 22:23:44,334 root                INFO: Train: Epoch  91: train loss 0.0007
2022-01-21 22:23:45,030 root                INFO: Train: Epoch  92: train loss 0.0006
2022-01-21 22:23:45,774 root                INFO: Train: Epoch  93: train loss 0.0006
2022-01-21 22:23:46,497 root                INFO: Train: Epoch  94: train loss 0.0007
2022-01-21 22:23:47,260 root                INFO: Train: Epoch  95: train loss 0.0006
2022-01-21 22:23:47,987 root                INFO: Train: Epoch  96: train loss 0.0006
2022-01-21 22:23:48,712 root                INFO: Train: Epoch  97: train loss 0.0006
2022-01-21 22:23:49,435 root                INFO: Train: Epoch  98: train loss 0.0006
2022-01-21 22:23:50,169 root                INFO: Train: Epoch  99: train loss 0.0006
2022-01-21 22:23:50,914 root                INFO: Train: Epoch 100: train loss 0.0006
2022-01-21 22:23:51,647 root                INFO: Train: Epoch 101: train loss 0.0006
2022-01-21 22:23:52,367 root                INFO: Train: Epoch 102: train loss 0.0006
2022-01-21 22:23:53,103 root                INFO: Train: Epoch 103: train loss 0.0006
2022-01-21 22:23:53,834 root                INFO: Train: Epoch 104: train loss 0.0006
2022-01-21 22:23:54,574 root                INFO: Train: Epoch 105: train loss 0.0006
2022-01-21 22:23:55,266 root                INFO: Train: Epoch 106: train loss 0.0006
2022-01-21 22:23:55,985 root                INFO: Train: Epoch 107: train loss 0.0006
2022-01-21 22:23:56,677 root                INFO: Train: Epoch 108: train loss 0.0006
2022-01-21 22:23:57,399 root                INFO: Train: Epoch 109: train loss 0.0006
2022-01-21 22:23:58,095 root                INFO: Train: Epoch 110: train loss 0.0006
2022-01-21 22:23:58,809 root                INFO: Train: Epoch 111: train loss 0.0006
2022-01-21 22:23:59,519 root                INFO: Train: Epoch 112: train loss 0.0006
2022-01-21 22:24:00,245 root                INFO: Train: Epoch 113: train loss 0.0006
2022-01-21 22:24:00,977 root                INFO: Train: Epoch 114: train loss 0.0006
2022-01-21 22:24:01,699 root                INFO: Train: Epoch 115: train loss 0.0005
2022-01-21 22:24:02,417 root                INFO: Train: Epoch 116: train loss 0.0006
2022-01-21 22:24:03,139 root                INFO: Train: Epoch 117: train loss 0.0006
2022-01-21 22:24:03,836 root                INFO: Train: Epoch 118: train loss 0.0005
2022-01-21 22:24:04,546 root                INFO: Train: Epoch 119: train loss 0.0006
2022-01-21 22:24:05,254 root                INFO: Train: Epoch 120: train loss 0.0005
2022-01-21 22:24:05,968 root                INFO: Train: Epoch 121: train loss 0.0005
2022-01-21 22:24:06,697 root                INFO: Train: Epoch 122: train loss 0.0005
2022-01-21 22:24:07,432 root                INFO: Train: Epoch 123: train loss 0.0005
2022-01-21 22:24:08,164 root                INFO: Train: Epoch 124: train loss 0.0005
2022-01-21 22:24:08,997 root                INFO: Train: Epoch 125: train loss 0.0005
2022-01-21 22:24:09,751 root                INFO: Train: Epoch 126: train loss 0.0005
2022-01-21 22:24:10,503 root                INFO: Train: Epoch 127: train loss 0.0005
2022-01-21 22:24:11,233 root                INFO: Train: Epoch 128: train loss 0.0005
2022-01-21 22:24:12,004 root                INFO: Train: Epoch 129: train loss 0.0005
2022-01-21 22:24:12,746 root                INFO: Train: Epoch 130: train loss 0.0005
2022-01-21 22:24:13,482 root                INFO: Train: Epoch 131: train loss 0.0005
2022-01-21 22:24:14,220 root                INFO: Train: Epoch 132: train loss 0.0005
2022-01-21 22:24:14,943 root                INFO: Train: Epoch 133: train loss 0.0005
2022-01-21 22:24:15,679 root                INFO: Train: Epoch 134: train loss 0.0005
2022-01-21 22:24:16,411 root                INFO: Train: Epoch 135: train loss 0.0005
2022-01-21 22:24:17,126 root                INFO: Train: Epoch 136: train loss 0.0005
2022-01-21 22:24:17,869 root                INFO: Train: Epoch 137: train loss 0.0005
2022-01-21 22:24:18,596 root                INFO: Train: Epoch 138: train loss 0.0004
2022-01-21 22:24:19,338 root                INFO: Train: Epoch 139: train loss 0.0004
2022-01-21 22:24:20,070 root                INFO: Train: Epoch 140: train loss 0.0004
2022-01-21 22:24:20,778 root                INFO: Train: Epoch 141: train loss 0.0005
2022-01-21 22:24:21,522 root                INFO: Train: Epoch 142: train loss 0.0004
2022-01-21 22:24:22,251 root                INFO: Train: Epoch 143: train loss 0.0004
2022-01-21 22:24:23,013 root                INFO: Train: Epoch 144: train loss 0.0004
2022-01-21 22:24:23,741 root                INFO: Train: Epoch 145: train loss 0.0004
2022-01-21 22:24:24,475 root                INFO: Train: Epoch 146: train loss 0.0004
2022-01-21 22:24:25,213 root                INFO: Train: Epoch 147: train loss 0.0004
2022-01-21 22:24:25,922 root                INFO: Train: Epoch 148: train loss 0.0004
2022-01-21 22:24:26,648 root                INFO: Train: Epoch 149: train loss 0.0004
2022-01-21 22:24:27,385 root                INFO: Train: Epoch 150: train loss 0.0004
2022-01-21 22:24:28,126 root                INFO: Train: Epoch 151: train loss 0.0004
2022-01-21 22:24:28,855 root                INFO: Train: Epoch 152: train loss 0.0004
2022-01-21 22:24:29,603 root                INFO: Train: Epoch 153: train loss 0.0004
2022-01-21 22:24:30,345 root                INFO: Train: Epoch 154: train loss 0.0004
2022-01-21 22:24:31,083 root                INFO: Train: Epoch 155: train loss 0.0004
2022-01-21 22:24:31,811 root                INFO: Train: Epoch 156: train loss 0.0004
2022-01-21 22:24:32,511 root                INFO: Train: Epoch 157: train loss 0.0004
2022-01-21 22:24:33,222 root                INFO: Train: Epoch 158: train loss 0.0004
2022-01-21 22:24:33,925 root                INFO: Train: Epoch 159: train loss 0.0004
2022-01-21 22:24:34,650 root                INFO: Train: Epoch 160: train loss 0.0004
2022-01-21 22:24:35,356 root                INFO: Train: Epoch 161: train loss 0.0004
2022-01-21 22:24:36,072 root                INFO: Train: Epoch 162: train loss 0.0004
2022-01-21 22:24:36,795 root                INFO: Train: Epoch 163: train loss 0.0004
2022-01-21 22:24:37,508 root                INFO: Train: Epoch 164: train loss 0.0004
2022-01-21 22:24:38,236 root                INFO: Train: Epoch 165: train loss 0.0004
2022-01-21 22:24:38,977 root                INFO: Train: Epoch 166: train loss 0.0004
2022-01-21 22:24:39,751 root                INFO: Train: Epoch 167: train loss 0.0004
2022-01-21 22:24:40,503 root                INFO: Train: Epoch 168: train loss 0.0003
2022-01-21 22:24:41,258 root                INFO: Train: Epoch 169: train loss 0.0004
2022-01-21 22:24:42,028 root                INFO: Train: Epoch 170: train loss 0.0004
2022-01-21 22:24:42,805 root                INFO: Train: Epoch 171: train loss 0.0004
2022-01-21 22:24:43,593 root                INFO: Train: Epoch 172: train loss 0.0004
2022-01-21 22:24:44,357 root                INFO: Train: Epoch 173: train loss 0.0004
2022-01-21 22:24:45,107 root                INFO: Train: Epoch 174: train loss 0.0004
2022-01-21 22:24:45,847 root                INFO: Train: Epoch 175: train loss 0.0004
2022-01-21 22:24:46,559 root                INFO: Train: Epoch 176: train loss 0.0003
2022-01-21 22:24:47,276 root                INFO: Train: Epoch 177: train loss 0.0004
2022-01-21 22:24:48,041 root                INFO: Train: Epoch 178: train loss 0.0004
2022-01-21 22:24:48,779 root                INFO: Train: Epoch 179: train loss 0.0003
2022-01-21 22:24:49,552 root                INFO: Train: Epoch 180: train loss 0.0004
2022-01-21 22:24:50,314 root                INFO: Train: Epoch 181: train loss 0.0004
2022-01-21 22:24:51,086 root                INFO: Train: Epoch 182: train loss 0.0004
2022-01-21 22:24:51,838 root                INFO: Train: Epoch 183: train loss 0.0004
2022-01-21 22:24:52,584 root                INFO: Train: Epoch 184: train loss 0.0004
2022-01-21 22:24:53,335 root                INFO: Train: Epoch 185: train loss 0.0003
2022-01-21 22:24:54,081 root                INFO: Train: Epoch 186: train loss 0.0003
2022-01-21 22:24:54,834 root                INFO: Train: Epoch 187: train loss 0.0003
2022-01-21 22:24:55,576 root                INFO: Train: Epoch 188: train loss 0.0004
2022-01-21 22:24:56,329 root                INFO: Train: Epoch 189: train loss 0.0004
2022-01-21 22:24:57,085 root                INFO: Train: Epoch 190: train loss 0.0004
2022-01-21 22:24:57,821 root                INFO: Train: Epoch 191: train loss 0.0003
2022-01-21 22:24:58,548 root                INFO: Train: Epoch 192: train loss 0.0003
2022-01-21 22:24:59,312 root                INFO: Train: Epoch 193: train loss 0.0003
2022-01-21 22:25:00,050 root                INFO: Train: Epoch 194: train loss 0.0003
2022-01-21 22:25:00,810 root                INFO: Train: Epoch 195: train loss 0.0003
2022-01-21 22:25:01,514 root                INFO: Train: Epoch 196: train loss 0.0003
2022-01-21 22:25:02,241 root                INFO: Train: Epoch 197: train loss 0.0003
2022-01-21 22:25:02,893 root                INFO: Train: Epoch 198: train loss 0.0003
2022-01-21 22:25:03,587 root                INFO: Train: Epoch 199: train loss 0.0003
2022-01-21 22:25:04,320 root                INFO: Train: Epoch 200: train loss 0.0003
2022-01-21 22:25:18,125 root                INFO: Valid: Epoch 200: kendall tau 0.4584 0.4281; loss 0.0001273 7.651e-05
2022-01-21 22:25:18,131 root                INFO: Epoch 200: Save checkpoint to nb301_anytime_tagates/tagates_0.1/12/2021/200.ckpt
2022-01-21 22:25:32,421 root                INFO: [0.0, 0.13333333333333333, 0.24705882352941178, 0.4892283587935762, 0.5249657333072254, 0.728579260651629, 1.0]
2022-01-21 22:25:32,421 root                INFO: [0.0, 0.0784313725490196, 0.14313725490196078, 0.500195848021935, 0.5212453495202664, 0.7101738721804511, 1.0]
2022-01-21 22:25:32,421 root                INFO: [96, 96]
2022-01-21 22:25:32,422 root                INFO: [126, 126]
