2022-01-23 22:26:06,988 root                INFO: GPU device = 0
2022-01-23 22:26:06,988 root                INFO: Load pkl cache from nasbench301_train.pkl and nasbench301_valid.pkl
2022-01-23 22:26:07,769 root                INFO: Config: {'arch_network_cfg': {'arch_embedder_cfg': {'take_adj_as_input': True, 'gcn_kwargs': {'residual_only': 2}, 'gcn_out_dims': [64, 64, 64, 64, 64], 'hidden_dim': 32, 'node_dim': 32, 'op_dim': 32, 'use_bn': False, 'final_concat': False, 'other_node_zero': False, 'num_time_steps': 4, 'fb_conversion_dims': [64, 64], 'backward_gcn_out_dims': [64, 64, 64, 64, 64], 'updateopemb_method': 'concat_ofb', 'updateopemb_dims': [64], 'share_skip_and_outskip': True, 'detach_vinfo': False, 'updateopemb_scale': 0.1, 'updateopemb_detach_opemb': True, 'updateopemb_detach_finfo': True, 'mask_nonparametrized_ops': True, 'symmetry_breaking_method': 'param_zs_add', 'concat_param_zs_as_opemb_dimension': 5, 'concat_param_zs_as_opemb_scale': 1.0}, 'arch_embedder_type': 'cellss-fbflow', 'compare_loss_type': 'margin_linear', 'compare_margin': 0.1, 'mlp_dropout': 0.1, 'mlp_hiddens': [200], 'optimizer': {'lr': 0.001, 'type': 'Adam'}, 'scheduler': None}, 'arch_network_type': 'pointwise_comparator', 'batch_size': 128, 'choose_pair_criterion': 'random', 'compare': True, 'compare_threshold': 0.0, 'epochs': 200, 'max_compare_ratio': 16.0}
2022-01-23 22:26:11,548 root                INFO: Combined args: Namespace(arch_network_type='pointwise_comparator', batch_size=128, cfg_file='cfgs/nb301_cfgs/gates_true_masktrue.yaml', choose_pair_criterion='random', compare=True, compare_threshold=0.0, epochs=200, eval_only_last=1, gpu=0, load=None, max_compare_ratio=16.0, num_workers=4, report_freq=200, save_every=200, save_predict=None, seed=2021, test_funcs=None, test_only=False, train_dir='../results/nb301/nb301_ablation_mask/true/true_0.5/1/2021', train_pkl='../mynas/data/nasbench-301/nasbench301_train_mtx_1.pkl', train_ratio=0.5, valid_pkl='../mynas/data/nasbench-301/nasbench301_valid_mtx.pkl')
2022-01-23 22:26:11,552 root                INFO: Train dataset ratio: 0.500
2022-01-23 22:26:11,553 root                INFO: Number of architectures: train: 2948; valid: 51072
2022-01-23 22:26:33,525 root                INFO: Train: Epoch   1: train loss 0.0634
2022-01-23 22:26:39,650 root                INFO: Train: Epoch   2: train loss 0.0348
2022-01-23 22:26:45,805 root                INFO: Train: Epoch   3: train loss 0.0312
2022-01-23 22:26:51,975 root                INFO: Train: Epoch   4: train loss 0.0300
2022-01-23 22:26:58,110 root                INFO: Train: Epoch   5: train loss 0.0278
2022-01-23 22:27:04,328 root                INFO: Train: Epoch   6: train loss 0.0275
2022-01-23 22:27:10,546 root                INFO: Train: Epoch   7: train loss 0.0273
2022-01-23 22:27:16,727 root                INFO: Train: Epoch   8: train loss 0.0245
2022-01-23 22:27:22,977 root                INFO: Train: Epoch   9: train loss 0.0328
2022-01-23 22:27:29,161 root                INFO: Train: Epoch  10: train loss 0.0266
2022-01-23 22:27:35,334 root                INFO: Train: Epoch  11: train loss 0.0251
2022-01-23 22:27:41,480 root                INFO: Train: Epoch  12: train loss 0.0227
2022-01-23 22:27:47,680 root                INFO: Train: Epoch  13: train loss 0.0235
2022-01-23 22:27:53,816 root                INFO: Train: Epoch  14: train loss 0.0240
2022-01-23 22:27:59,958 root                INFO: Train: Epoch  15: train loss 0.0226
2022-01-23 22:28:06,092 root                INFO: Train: Epoch  16: train loss 0.0239
2022-01-23 22:28:12,254 root                INFO: Train: Epoch  17: train loss 0.0220
2022-01-23 22:28:18,410 root                INFO: Train: Epoch  18: train loss 0.0232
2022-01-23 22:28:24,551 root                INFO: Train: Epoch  19: train loss 0.0227
2022-01-23 22:28:30,692 root                INFO: Train: Epoch  20: train loss 0.0220
2022-01-23 22:28:36,831 root                INFO: Train: Epoch  21: train loss 0.0217
2022-01-23 22:28:42,959 root                INFO: Train: Epoch  22: train loss 0.0203
2022-01-23 22:28:49,112 root                INFO: Train: Epoch  23: train loss 0.0219
2022-01-23 22:28:55,289 root                INFO: Train: Epoch  24: train loss 0.0224
2022-01-23 22:29:01,438 root                INFO: Train: Epoch  25: train loss 0.0209
2022-01-23 22:29:07,613 root                INFO: Train: Epoch  26: train loss 0.0214
2022-01-23 22:29:13,790 root                INFO: Train: Epoch  27: train loss 0.0225
2022-01-23 22:29:19,943 root                INFO: Train: Epoch  28: train loss 0.0212
2022-01-23 22:29:26,117 root                INFO: Train: Epoch  29: train loss 0.0223
2022-01-23 22:29:32,339 root                INFO: Train: Epoch  30: train loss 0.0212
2022-01-23 22:29:38,587 root                INFO: Train: Epoch  31: train loss 0.0192
2022-01-23 22:29:44,766 root                INFO: Train: Epoch  32: train loss 0.0227
2022-01-23 22:29:50,837 root                INFO: Train: Epoch  33: train loss 0.0195
2022-01-23 22:29:56,881 root                INFO: Train: Epoch  34: train loss 0.0216
2022-01-23 22:30:02,911 root                INFO: Train: Epoch  35: train loss 0.0197
2022-01-23 22:30:08,936 root                INFO: Train: Epoch  36: train loss 0.0226
2022-01-23 22:30:14,977 root                INFO: Train: Epoch  37: train loss 0.0223
2022-01-23 22:30:21,012 root                INFO: Train: Epoch  38: train loss 0.0201
2022-01-23 22:30:27,039 root                INFO: Train: Epoch  39: train loss 0.0196
2022-01-23 22:30:33,053 root                INFO: Train: Epoch  40: train loss 0.0228
2022-01-23 22:30:39,073 root                INFO: Train: Epoch  41: train loss 0.0233
2022-01-23 22:30:45,092 root                INFO: Train: Epoch  42: train loss 0.0258
2022-01-23 22:30:51,109 root                INFO: Train: Epoch  43: train loss 0.0234
2022-01-23 22:30:57,168 root                INFO: Train: Epoch  44: train loss 0.0211
2022-01-23 22:31:03,237 root                INFO: Train: Epoch  45: train loss 0.0213
2022-01-23 22:31:09,298 root                INFO: Train: Epoch  46: train loss 0.0188
2022-01-23 22:31:15,363 root                INFO: Train: Epoch  47: train loss 0.0187
2022-01-23 22:31:21,421 root                INFO: Train: Epoch  48: train loss 0.0296
2022-01-23 22:31:27,431 root                INFO: Train: Epoch  49: train loss 0.0226
2022-01-23 22:31:33,459 root                INFO: Train: Epoch  50: train loss 0.0212
2022-01-23 22:31:39,483 root                INFO: Train: Epoch  51: train loss 0.0209
2022-01-23 22:31:45,512 root                INFO: Train: Epoch  52: train loss 0.0257
2022-01-23 22:31:51,534 root                INFO: Train: Epoch  53: train loss 0.0249
2022-01-23 22:31:57,556 root                INFO: Train: Epoch  54: train loss 0.0217
2022-01-23 22:32:03,577 root                INFO: Train: Epoch  55: train loss 0.0196
2022-01-23 22:32:09,607 root                INFO: Train: Epoch  56: train loss 0.0199
2022-01-23 22:32:15,644 root                INFO: Train: Epoch  57: train loss 0.0216
2022-01-23 22:32:21,663 root                INFO: Train: Epoch  58: train loss 0.0202
2022-01-23 22:32:27,675 root                INFO: Train: Epoch  59: train loss 0.0196
2022-01-23 22:32:33,683 root                INFO: Train: Epoch  60: train loss 0.0200
2022-01-23 22:32:39,698 root                INFO: Train: Epoch  61: train loss 0.0203
2022-01-23 22:32:45,723 root                INFO: Train: Epoch  62: train loss 0.0188
2022-01-23 22:32:51,765 root                INFO: Train: Epoch  63: train loss 0.0192
2022-01-23 22:32:57,774 root                INFO: Train: Epoch  64: train loss 0.0185
2022-01-23 22:33:03,807 root                INFO: Train: Epoch  65: train loss 0.0215
2022-01-23 22:33:09,822 root                INFO: Train: Epoch  66: train loss 0.0207
2022-01-23 22:33:15,849 root                INFO: Train: Epoch  67: train loss 0.0188
2022-01-23 22:33:21,874 root                INFO: Train: Epoch  68: train loss 0.0192
2022-01-23 22:33:27,887 root                INFO: Train: Epoch  69: train loss 0.0186
2022-01-23 22:33:33,912 root                INFO: Train: Epoch  70: train loss 0.0203
2022-01-23 22:33:39,922 root                INFO: Train: Epoch  71: train loss 0.0228
2022-01-23 22:33:45,951 root                INFO: Train: Epoch  72: train loss 0.0195
2022-01-23 22:33:51,971 root                INFO: Train: Epoch  73: train loss 0.0193
2022-01-23 22:33:58,002 root                INFO: Train: Epoch  74: train loss 0.0193
2022-01-23 22:34:04,030 root                INFO: Train: Epoch  75: train loss 0.0178
2022-01-23 22:34:10,062 root                INFO: Train: Epoch  76: train loss 0.0181
2022-01-23 22:34:16,087 root                INFO: Train: Epoch  77: train loss 0.0220
2022-01-23 22:34:22,133 root                INFO: Train: Epoch  78: train loss 0.0185
2022-01-23 22:34:28,158 root                INFO: Train: Epoch  79: train loss 0.0214
2022-01-23 22:34:34,200 root                INFO: Train: Epoch  80: train loss 0.0188
2022-01-23 22:34:40,206 root                INFO: Train: Epoch  81: train loss 0.0177
2022-01-23 22:34:46,219 root                INFO: Train: Epoch  82: train loss 0.0178
2022-01-23 22:34:52,220 root                INFO: Train: Epoch  83: train loss 0.0171
2022-01-23 22:34:58,237 root                INFO: Train: Epoch  84: train loss 0.0256
2022-01-23 22:35:04,255 root                INFO: Train: Epoch  85: train loss 0.0237
2022-01-23 22:35:10,281 root                INFO: Train: Epoch  86: train loss 0.0184
2022-01-23 22:35:16,293 root                INFO: Train: Epoch  87: train loss 0.0227
2022-01-23 22:35:22,315 root                INFO: Train: Epoch  88: train loss 0.0193
2022-01-23 22:35:28,338 root                INFO: Train: Epoch  89: train loss 0.0175
2022-01-23 22:35:34,359 root                INFO: Train: Epoch  90: train loss 0.0191
2022-01-23 22:35:40,368 root                INFO: Train: Epoch  91: train loss 0.0173
2022-01-23 22:35:46,389 root                INFO: Train: Epoch  92: train loss 0.0169
2022-01-23 22:35:52,420 root                INFO: Train: Epoch  93: train loss 0.0175
2022-01-23 22:35:58,448 root                INFO: Train: Epoch  94: train loss 0.0178
2022-01-23 22:36:04,468 root                INFO: Train: Epoch  95: train loss 0.0163
2022-01-23 22:36:10,500 root                INFO: Train: Epoch  96: train loss 0.0307
2022-01-23 22:36:16,541 root                INFO: Train: Epoch  97: train loss 0.0206
2022-01-23 22:36:22,591 root                INFO: Train: Epoch  98: train loss 0.0191
2022-01-23 22:36:28,668 root                INFO: Train: Epoch  99: train loss 0.0189
2022-01-23 22:36:34,708 root                INFO: Train: Epoch 100: train loss 0.0203
2022-01-23 22:36:40,753 root                INFO: Train: Epoch 101: train loss 0.0200
2022-01-23 22:36:46,777 root                INFO: Train: Epoch 102: train loss 0.0182
2022-01-23 22:36:52,792 root                INFO: Train: Epoch 103: train loss 0.0189
2022-01-23 22:36:58,832 root                INFO: Train: Epoch 104: train loss 0.0201
2022-01-23 22:37:04,854 root                INFO: Train: Epoch 105: train loss 0.0177
2022-01-23 22:37:10,862 root                INFO: Train: Epoch 106: train loss 0.0208
2022-01-23 22:37:16,867 root                INFO: Train: Epoch 107: train loss 0.0177
2022-01-23 22:37:22,883 root                INFO: Train: Epoch 108: train loss 0.0182
2022-01-23 22:37:28,893 root                INFO: Train: Epoch 109: train loss 0.0186
2022-01-23 22:37:34,905 root                INFO: Train: Epoch 110: train loss 0.0176
2022-01-23 22:37:40,911 root                INFO: Train: Epoch 111: train loss 0.0165
2022-01-23 22:37:46,910 root                INFO: Train: Epoch 112: train loss 0.0160
2022-01-23 22:37:52,917 root                INFO: Train: Epoch 113: train loss 0.0154
2022-01-23 22:37:58,932 root                INFO: Train: Epoch 114: train loss 0.0158
2022-01-23 22:38:04,980 root                INFO: Train: Epoch 115: train loss 0.0172
2022-01-23 22:38:11,004 root                INFO: Train: Epoch 116: train loss 0.0157
2022-01-23 22:38:17,011 root                INFO: Train: Epoch 117: train loss 0.0196
2022-01-23 22:38:22,995 root                INFO: Train: Epoch 118: train loss 0.0165
2022-01-23 22:38:29,012 root                INFO: Train: Epoch 119: train loss 0.0279
2022-01-23 22:38:34,997 root                INFO: Train: Epoch 120: train loss 0.0243
2022-01-23 22:38:40,993 root                INFO: Train: Epoch 121: train loss 0.0196
2022-01-23 22:38:46,986 root                INFO: Train: Epoch 122: train loss 0.0219
2022-01-23 22:38:52,983 root                INFO: Train: Epoch 123: train loss 0.0266
2022-01-23 22:38:58,979 root                INFO: Train: Epoch 124: train loss 0.0197
2022-01-23 22:39:04,985 root                INFO: Train: Epoch 125: train loss 0.0178
2022-01-23 22:39:11,006 root                INFO: Train: Epoch 126: train loss 0.0174
2022-01-23 22:39:17,021 root                INFO: Train: Epoch 127: train loss 0.0176
2022-01-23 22:39:23,035 root                INFO: Train: Epoch 128: train loss 0.0185
2022-01-23 22:39:29,067 root                INFO: Train: Epoch 129: train loss 0.0183
2022-01-23 22:39:35,092 root                INFO: Train: Epoch 130: train loss 0.0189
2022-01-23 22:39:41,126 root                INFO: Train: Epoch 131: train loss 0.0167
2022-01-23 22:39:47,179 root                INFO: Train: Epoch 132: train loss 0.0161
2022-01-23 22:39:53,199 root                INFO: Train: Epoch 133: train loss 0.0201
2022-01-23 22:39:59,211 root                INFO: Train: Epoch 134: train loss 0.0218
2022-01-23 22:40:05,269 root                INFO: Train: Epoch 135: train loss 0.0176
2022-01-23 22:40:11,333 root                INFO: Train: Epoch 136: train loss 0.0167
2022-01-23 22:40:17,400 root                INFO: Train: Epoch 137: train loss 0.0171
2022-01-23 22:40:23,626 root                INFO: Train: Epoch 138: train loss 0.0167
2022-01-23 22:40:29,683 root                INFO: Train: Epoch 139: train loss 0.0168
2022-01-23 22:40:35,741 root                INFO: Train: Epoch 140: train loss 0.0159
2022-01-23 22:40:41,794 root                INFO: Train: Epoch 141: train loss 0.0182
2022-01-23 22:40:47,854 root                INFO: Train: Epoch 142: train loss 0.0159
2022-01-23 22:40:53,924 root                INFO: Train: Epoch 143: train loss 0.0155
2022-01-23 22:40:59,981 root                INFO: Train: Epoch 144: train loss 0.0160
2022-01-23 22:41:06,064 root                INFO: Train: Epoch 145: train loss 0.0170
2022-01-23 22:41:12,127 root                INFO: Train: Epoch 146: train loss 0.0160
2022-01-23 22:41:18,189 root                INFO: Train: Epoch 147: train loss 0.0163
2022-01-23 22:41:24,248 root                INFO: Train: Epoch 148: train loss 0.0216
2022-01-23 22:41:30,309 root                INFO: Train: Epoch 149: train loss 0.0175
2022-01-23 22:41:36,368 root                INFO: Train: Epoch 150: train loss 0.0182
2022-01-23 22:41:42,443 root                INFO: Train: Epoch 151: train loss 0.0182
2022-01-23 22:41:48,491 root                INFO: Train: Epoch 152: train loss 0.0181
2022-01-23 22:41:54,563 root                INFO: Train: Epoch 153: train loss 0.0156
2022-01-23 22:42:00,632 root                INFO: Train: Epoch 154: train loss 0.0170
2022-01-23 22:42:06,704 root                INFO: Train: Epoch 155: train loss 0.0160
2022-01-23 22:42:12,775 root                INFO: Train: Epoch 156: train loss 0.0151
2022-01-23 22:42:18,843 root                INFO: Train: Epoch 157: train loss 0.0147
2022-01-23 22:42:24,911 root                INFO: Train: Epoch 158: train loss 0.0191
2022-01-23 22:42:30,979 root                INFO: Train: Epoch 159: train loss 0.0180
2022-01-23 22:42:37,065 root                INFO: Train: Epoch 160: train loss 0.0159
2022-01-23 22:42:43,151 root                INFO: Train: Epoch 161: train loss 0.0151
2022-01-23 22:42:49,245 root                INFO: Train: Epoch 162: train loss 0.0171
2022-01-23 22:42:55,309 root                INFO: Train: Epoch 163: train loss 0.0152
2022-01-23 22:43:01,392 root                INFO: Train: Epoch 164: train loss 0.0144
2022-01-23 22:43:07,476 root                INFO: Train: Epoch 165: train loss 0.0160
2022-01-23 22:43:13,546 root                INFO: Train: Epoch 166: train loss 0.0145
2022-01-23 22:43:19,623 root                INFO: Train: Epoch 167: train loss 0.0174
2022-01-23 22:43:25,724 root                INFO: Train: Epoch 168: train loss 0.0163
2022-01-23 22:43:31,809 root                INFO: Train: Epoch 169: train loss 0.0150
2022-01-23 22:43:37,868 root                INFO: Train: Epoch 170: train loss 0.0142
2022-01-23 22:43:43,947 root                INFO: Train: Epoch 171: train loss 0.0145
2022-01-23 22:43:50,035 root                INFO: Train: Epoch 172: train loss 0.0158
2022-01-23 22:43:56,127 root                INFO: Train: Epoch 173: train loss 0.0156
2022-01-23 22:44:02,242 root                INFO: Train: Epoch 174: train loss 0.0155
2022-01-23 22:44:08,345 root                INFO: Train: Epoch 175: train loss 0.0143
2022-01-23 22:44:14,408 root                INFO: Train: Epoch 176: train loss 0.0215
2022-01-23 22:44:20,463 root                INFO: Train: Epoch 177: train loss 0.0185
2022-01-23 22:44:26,514 root                INFO: Train: Epoch 178: train loss 0.0169
2022-01-23 22:44:32,574 root                INFO: Train: Epoch 179: train loss 0.0169
2022-01-23 22:44:38,640 root                INFO: Train: Epoch 180: train loss 0.0172
2022-01-23 22:44:44,709 root                INFO: Train: Epoch 181: train loss 0.0158
2022-01-23 22:44:50,784 root                INFO: Train: Epoch 182: train loss 0.0163
2022-01-23 22:44:56,854 root                INFO: Train: Epoch 183: train loss 0.0160
2022-01-23 22:45:02,937 root                INFO: Train: Epoch 184: train loss 0.0188
2022-01-23 22:45:08,996 root                INFO: Train: Epoch 185: train loss 0.0195
2022-01-23 22:45:15,108 root                INFO: Train: Epoch 186: train loss 0.0164
2022-01-23 22:45:21,169 root                INFO: Train: Epoch 187: train loss 0.0175
2022-01-23 22:45:27,234 root                INFO: Train: Epoch 188: train loss 0.0286
2022-01-23 22:45:33,290 root                INFO: Train: Epoch 189: train loss 0.0222
2022-01-23 22:45:39,354 root                INFO: Train: Epoch 190: train loss 0.0175
2022-01-23 22:45:45,403 root                INFO: Train: Epoch 191: train loss 0.0157
2022-01-23 22:45:51,480 root                INFO: Train: Epoch 192: train loss 0.0150
2022-01-23 22:45:57,545 root                INFO: Train: Epoch 193: train loss 0.0145
2022-01-23 22:46:03,633 root                INFO: Train: Epoch 194: train loss 0.0154
2022-01-23 22:46:09,693 root                INFO: Train: Epoch 195: train loss 0.0156
2022-01-23 22:46:15,736 root                INFO: Train: Epoch 196: train loss 0.0146
2022-01-23 22:46:21,821 root                INFO: Train: Epoch 197: train loss 0.0151
2022-01-23 22:46:27,881 root                INFO: Train: Epoch 198: train loss 0.0151
2022-01-23 22:46:33,945 root                INFO: Train: Epoch 199: train loss 0.0149
2022-01-23 22:46:40,051 root                INFO: Train: Epoch 200: train loss 0.0141
2022-01-23 22:46:56,486 root                INFO: Valid: Epoch 200: kendall tau 0.7771; loss 0.2155
2022-01-23 22:46:56,492 root                INFO: Epoch 200: Save checkpoint to ../results/nb301/nb301_ablation_mask/true/true_0.5/1/2021/200.ckpt
2022-01-23 22:47:12,969 root                INFO: [0.0784313725490196, 0.16862745098039217, 0.27058823529411763, 0.6572659616137877, 0.8024280399451733, 0.8928179824561403, 1.0]
2022-01-23 22:47:12,969 root                INFO: [32, 32]
