2022-01-21 17:31:04,660 root                INFO: GPU device = 7
2022-01-21 17:31:04,661 root                INFO: Load pkl cache from nasbench301_train.pkl and nasbench301_valid.pkl
2022-01-21 17:31:05,237 root                INFO: Config: {'arch_network_cfg': {'arch_embedder_cfg': {'take_adj_as_input': True, 'gcn_kwargs': {'residual_only': 2}, 'gcn_out_dims': [64, 64, 64, 64, 64], 'hidden_dim': 32, 'node_dim': 32, 'op_dim': 32, 'use_bn': False, 'final_concat': False, 'other_node_zero': False, 'num_time_steps': 2, 'fb_conversion_dims': [64, 64], 'backward_gcn_out_dims': [64, 64, 64, 64, 64], 'updateopemb_method': 'concat_ofb', 'updateopemb_dims': [64], 'share_skip_and_outskip': True, 'detach_vinfo': False, 'updateopemb_scale': 0.1, 'updateopemb_detach_opemb': True, 'updateopemb_detach_finfo': True, 'mask_nonparametrized_ops': True, 'symmetry_breaking_method': 'param_zs_add', 'concat_param_zs_as_opemb_dimension': 5, 'concat_param_zs_as_opemb_scale': 1.0}, 'arch_embedder_type': 'cellss-fbflow-anytime', 'compare_loss_type': 'margin_linear', 'compare_margin': 0.1, 'mlp_dropout': 0.1, 'mlp_hiddens': [200], 'mlp_out_dim': 1, 'optimizer': {'lr': 0.001, 'type': 'Adam'}, 'scheduler': None}, 'arch_network_type': 'pointwise_comparator', 'batch_size': 128, 'choose_pair_criterion': 'random', 'compare': False, 'compare_threshold': 0.0, 'epochs': 200, 'max_compare_ratio': 16.0}
2022-01-21 17:31:09,303 root                INFO: Combined args: Namespace(arch_network_type='pointwise_comparator', batch_size=128, cfg_file='cfgs/nb301_cfgs/tagates_anytime.yaml', choose_pair_criterion='random', compare=False, compare_threshold=0.0, epochs=200, eval_only_last=1, gpu=7, load=None, max_compare_ratio=16.0, num_workers=4, report_freq=200, save_every=200, save_predict=None, seed=2021, test_funcs=None, test_only=False, train_dir='nb301_anytime_tagates/tagates_0.001/123/2021', train_pkl='../mynas/data/nasbench-301/nasbench301_train_mtx_anytime_123.pkl', train_ratio=0.001, valid_pkl='../mynas/data/nasbench-301/nasbench301_valid_mtx_anytime.pkl')
2022-01-21 17:31:09,316 root                INFO: Train dataset ratio: 0.001
2022-01-21 17:31:09,318 root                INFO: Number of architectures: train: 5; valid: 51072
2022-01-21 17:31:23,071 root                INFO: Train: Epoch   1: train loss 0.3372
2022-01-21 17:31:23,516 root                INFO: Train: Epoch   2: train loss 0.3275
2022-01-21 17:31:23,989 root                INFO: Train: Epoch   3: train loss 0.3169
2022-01-21 17:31:24,460 root                INFO: Train: Epoch   4: train loss 0.3040
2022-01-21 17:31:24,926 root                INFO: Train: Epoch   5: train loss 0.2850
2022-01-21 17:31:25,413 root                INFO: Train: Epoch   6: train loss 0.2639
2022-01-21 17:31:25,949 root                INFO: Train: Epoch   7: train loss 0.2375
2022-01-21 17:31:26,403 root                INFO: Train: Epoch   8: train loss 0.2029
2022-01-21 17:31:26,904 root                INFO: Train: Epoch   9: train loss 0.1663
2022-01-21 17:31:27,385 root                INFO: Train: Epoch  10: train loss 0.1161
2022-01-21 17:31:27,869 root                INFO: Train: Epoch  11: train loss 0.0689
2022-01-21 17:31:28,360 root                INFO: Train: Epoch  12: train loss 0.0251
2022-01-21 17:31:28,875 root                INFO: Train: Epoch  13: train loss 0.0055
2022-01-21 17:31:29,352 root                INFO: Train: Epoch  14: train loss 0.0008
2022-01-21 17:31:29,875 root                INFO: Train: Epoch  15: train loss 0.0054
2022-01-21 17:31:30,363 root                INFO: Train: Epoch  16: train loss 0.0104
2022-01-21 17:31:30,833 root                INFO: Train: Epoch  17: train loss 0.0132
2022-01-21 17:31:31,358 root                INFO: Train: Epoch  18: train loss 0.0150
2022-01-21 17:31:31,882 root                INFO: Train: Epoch  19: train loss 0.0159
2022-01-21 17:31:32,381 root                INFO: Train: Epoch  20: train loss 0.0164
2022-01-21 17:31:32,858 root                INFO: Train: Epoch  21: train loss 0.0166
2022-01-21 17:31:33,348 root                INFO: Train: Epoch  22: train loss 0.0167
2022-01-21 17:31:33,836 root                INFO: Train: Epoch  23: train loss 0.0168
2022-01-21 17:31:34,324 root                INFO: Train: Epoch  24: train loss 0.0168
2022-01-21 17:31:34,819 root                INFO: Train: Epoch  25: train loss 0.0168
2022-01-21 17:31:35,319 root                INFO: Train: Epoch  26: train loss 0.0168
2022-01-21 17:31:35,831 root                INFO: Train: Epoch  27: train loss 0.0168
2022-01-21 17:31:36,322 root                INFO: Train: Epoch  28: train loss 0.0169
2022-01-21 17:31:36,793 root                INFO: Train: Epoch  29: train loss 0.0169
2022-01-21 17:31:37,260 root                INFO: Train: Epoch  30: train loss 0.0169
2022-01-21 17:31:37,764 root                INFO: Train: Epoch  31: train loss 0.0169
2022-01-21 17:31:38,257 root                INFO: Train: Epoch  32: train loss 0.0169
2022-01-21 17:31:38,730 root                INFO: Train: Epoch  33: train loss 0.0169
2022-01-21 17:31:39,281 root                INFO: Train: Epoch  34: train loss 0.0169
2022-01-21 17:31:39,782 root                INFO: Train: Epoch  35: train loss 0.0169
2022-01-21 17:31:40,282 root                INFO: Train: Epoch  36: train loss 0.0169
2022-01-21 17:31:40,814 root                INFO: Train: Epoch  37: train loss 0.0169
2022-01-21 17:31:41,327 root                INFO: Train: Epoch  38: train loss 0.0169
2022-01-21 17:31:41,828 root                INFO: Train: Epoch  39: train loss 0.0169
2022-01-21 17:31:42,325 root                INFO: Train: Epoch  40: train loss 0.0169
2022-01-21 17:31:42,819 root                INFO: Train: Epoch  41: train loss 0.0169
2022-01-21 17:31:43,325 root                INFO: Train: Epoch  42: train loss 0.0169
2022-01-21 17:31:43,812 root                INFO: Train: Epoch  43: train loss 0.0169
2022-01-21 17:31:44,276 root                INFO: Train: Epoch  44: train loss 0.0169
2022-01-21 17:31:44,774 root                INFO: Train: Epoch  45: train loss 0.0169
2022-01-21 17:31:45,268 root                INFO: Train: Epoch  46: train loss 0.0169
2022-01-21 17:31:45,751 root                INFO: Train: Epoch  47: train loss 0.0169
2022-01-21 17:31:46,241 root                INFO: Train: Epoch  48: train loss 0.0169
2022-01-21 17:31:46,770 root                INFO: Train: Epoch  49: train loss 0.0169
2022-01-21 17:31:47,258 root                INFO: Train: Epoch  50: train loss 0.0169
2022-01-21 17:31:47,761 root                INFO: Train: Epoch  51: train loss 0.0169
2022-01-21 17:31:48,276 root                INFO: Train: Epoch  52: train loss 0.0169
2022-01-21 17:31:48,773 root                INFO: Train: Epoch  53: train loss 0.0169
2022-01-21 17:31:49,250 root                INFO: Train: Epoch  54: train loss 0.0169
2022-01-21 17:31:49,740 root                INFO: Train: Epoch  55: train loss 0.0169
2022-01-21 17:31:50,228 root                INFO: Train: Epoch  56: train loss 0.0169
2022-01-21 17:31:50,695 root                INFO: Train: Epoch  57: train loss 0.0169
2022-01-21 17:31:51,189 root                INFO: Train: Epoch  58: train loss 0.0169
2022-01-21 17:31:51,688 root                INFO: Train: Epoch  59: train loss 0.0169
2022-01-21 17:31:52,197 root                INFO: Train: Epoch  60: train loss 0.0169
2022-01-21 17:31:52,721 root                INFO: Train: Epoch  61: train loss 0.0169
2022-01-21 17:31:53,218 root                INFO: Train: Epoch  62: train loss 0.0169
2022-01-21 17:31:53,729 root                INFO: Train: Epoch  63: train loss 0.0169
2022-01-21 17:31:54,222 root                INFO: Train: Epoch  64: train loss 0.0169
2022-01-21 17:31:54,692 root                INFO: Train: Epoch  65: train loss 0.0169
2022-01-21 17:31:55,190 root                INFO: Train: Epoch  66: train loss 0.0169
2022-01-21 17:31:55,677 root                INFO: Train: Epoch  67: train loss 0.0169
2022-01-21 17:31:56,151 root                INFO: Train: Epoch  68: train loss 0.0169
2022-01-21 17:31:56,631 root                INFO: Train: Epoch  69: train loss 0.0169
2022-01-21 17:31:57,105 root                INFO: Train: Epoch  70: train loss 0.0169
2022-01-21 17:31:57,576 root                INFO: Train: Epoch  71: train loss 0.0169
2022-01-21 17:31:58,106 root                INFO: Train: Epoch  72: train loss 0.0169
2022-01-21 17:31:58,588 root                INFO: Train: Epoch  73: train loss 0.0169
2022-01-21 17:31:59,118 root                INFO: Train: Epoch  74: train loss 0.0169
2022-01-21 17:31:59,646 root                INFO: Train: Epoch  75: train loss 0.0169
2022-01-21 17:32:00,149 root                INFO: Train: Epoch  76: train loss 0.0169
2022-01-21 17:32:00,636 root                INFO: Train: Epoch  77: train loss 0.0169
2022-01-21 17:32:01,142 root                INFO: Train: Epoch  78: train loss 0.0169
2022-01-21 17:32:01,636 root                INFO: Train: Epoch  79: train loss 0.0169
2022-01-21 17:32:02,120 root                INFO: Train: Epoch  80: train loss 0.0169
2022-01-21 17:32:02,643 root                INFO: Train: Epoch  81: train loss 0.0169
2022-01-21 17:32:03,097 root                INFO: Train: Epoch  82: train loss 0.0169
2022-01-21 17:32:03,602 root                INFO: Train: Epoch  83: train loss 0.0169
2022-01-21 17:32:04,080 root                INFO: Train: Epoch  84: train loss 0.0169
2022-01-21 17:32:04,538 root                INFO: Train: Epoch  85: train loss 0.0169
2022-01-21 17:32:05,050 root                INFO: Train: Epoch  86: train loss 0.0169
2022-01-21 17:32:05,518 root                INFO: Train: Epoch  87: train loss 0.0169
2022-01-21 17:32:05,999 root                INFO: Train: Epoch  88: train loss 0.0169
2022-01-21 17:32:06,469 root                INFO: Train: Epoch  89: train loss 0.0169
2022-01-21 17:32:06,947 root                INFO: Train: Epoch  90: train loss 0.0169
2022-01-21 17:32:07,398 root                INFO: Train: Epoch  91: train loss 0.0169
2022-01-21 17:32:07,894 root                INFO: Train: Epoch  92: train loss 0.0169
2022-01-21 17:32:08,372 root                INFO: Train: Epoch  93: train loss 0.0169
2022-01-21 17:32:08,833 root                INFO: Train: Epoch  94: train loss 0.0169
2022-01-21 17:32:09,369 root                INFO: Train: Epoch  95: train loss 0.0169
2022-01-21 17:32:09,930 root                INFO: Train: Epoch  96: train loss 0.0169
2022-01-21 17:32:10,426 root                INFO: Train: Epoch  97: train loss 0.0169
2022-01-21 17:32:10,889 root                INFO: Train: Epoch  98: train loss 0.0169
2022-01-21 17:32:11,390 root                INFO: Train: Epoch  99: train loss 0.0169
2022-01-21 17:32:11,895 root                INFO: Train: Epoch 100: train loss 0.0169
2022-01-21 17:32:12,401 root                INFO: Train: Epoch 101: train loss 0.0169
2022-01-21 17:32:12,876 root                INFO: Train: Epoch 102: train loss 0.0169
2022-01-21 17:32:13,386 root                INFO: Train: Epoch 103: train loss 0.0169
2022-01-21 17:32:13,881 root                INFO: Train: Epoch 104: train loss 0.0169
2022-01-21 17:32:14,420 root                INFO: Train: Epoch 105: train loss 0.0169
2022-01-21 17:32:14,915 root                INFO: Train: Epoch 106: train loss 0.0169
2022-01-21 17:32:15,380 root                INFO: Train: Epoch 107: train loss 0.0169
2022-01-21 17:32:15,882 root                INFO: Train: Epoch 108: train loss 0.0169
2022-01-21 17:32:16,389 root                INFO: Train: Epoch 109: train loss 0.0169
2022-01-21 17:32:16,845 root                INFO: Train: Epoch 110: train loss 0.0169
2022-01-21 17:32:17,322 root                INFO: Train: Epoch 111: train loss 0.0169
2022-01-21 17:32:17,814 root                INFO: Train: Epoch 112: train loss 0.0169
2022-01-21 17:32:18,269 root                INFO: Train: Epoch 113: train loss 0.0169
2022-01-21 17:32:18,779 root                INFO: Train: Epoch 114: train loss 0.0169
2022-01-21 17:32:19,281 root                INFO: Train: Epoch 115: train loss 0.0169
2022-01-21 17:32:19,750 root                INFO: Train: Epoch 116: train loss 0.0169
2022-01-21 17:32:20,246 root                INFO: Train: Epoch 117: train loss 0.0169
2022-01-21 17:32:20,750 root                INFO: Train: Epoch 118: train loss 0.0169
2022-01-21 17:32:21,229 root                INFO: Train: Epoch 119: train loss 0.0169
2022-01-21 17:32:21,726 root                INFO: Train: Epoch 120: train loss 0.0169
2022-01-21 17:32:22,191 root                INFO: Train: Epoch 121: train loss 0.0169
2022-01-21 17:32:22,671 root                INFO: Train: Epoch 122: train loss 0.0169
2022-01-21 17:32:23,183 root                INFO: Train: Epoch 123: train loss 0.0169
2022-01-21 17:32:23,678 root                INFO: Train: Epoch 124: train loss 0.0169
2022-01-21 17:32:24,164 root                INFO: Train: Epoch 125: train loss 0.0169
2022-01-21 17:32:24,643 root                INFO: Train: Epoch 126: train loss 0.0169
2022-01-21 17:32:25,155 root                INFO: Train: Epoch 127: train loss 0.0169
2022-01-21 17:32:25,634 root                INFO: Train: Epoch 128: train loss 0.0169
2022-01-21 17:32:26,118 root                INFO: Train: Epoch 129: train loss 0.0169
2022-01-21 17:32:26,600 root                INFO: Train: Epoch 130: train loss 0.0169
2022-01-21 17:32:27,109 root                INFO: Train: Epoch 131: train loss 0.0169
2022-01-21 17:32:27,617 root                INFO: Train: Epoch 132: train loss 0.0169
2022-01-21 17:32:28,098 root                INFO: Train: Epoch 133: train loss 0.0169
2022-01-21 17:32:28,598 root                INFO: Train: Epoch 134: train loss 0.0169
2022-01-21 17:32:29,097 root                INFO: Train: Epoch 135: train loss 0.0169
2022-01-21 17:32:29,592 root                INFO: Train: Epoch 136: train loss 0.0169
2022-01-21 17:32:30,074 root                INFO: Train: Epoch 137: train loss 0.0169
2022-01-21 17:32:30,576 root                INFO: Train: Epoch 138: train loss 0.0169
2022-01-21 17:32:31,055 root                INFO: Train: Epoch 139: train loss 0.0169
2022-01-21 17:32:31,546 root                INFO: Train: Epoch 140: train loss 0.0169
2022-01-21 17:32:32,041 root                INFO: Train: Epoch 141: train loss 0.0169
2022-01-21 17:32:32,546 root                INFO: Train: Epoch 142: train loss 0.0169
2022-01-21 17:32:33,050 root                INFO: Train: Epoch 143: train loss 0.0169
2022-01-21 17:32:33,523 root                INFO: Train: Epoch 144: train loss 0.0169
2022-01-21 17:32:34,019 root                INFO: Train: Epoch 145: train loss 0.0169
2022-01-21 17:32:34,531 root                INFO: Train: Epoch 146: train loss 0.0169
2022-01-21 17:32:35,018 root                INFO: Train: Epoch 147: train loss 0.0169
2022-01-21 17:32:35,472 root                INFO: Train: Epoch 148: train loss 0.0169
2022-01-21 17:32:35,959 root                INFO: Train: Epoch 149: train loss 0.0169
2022-01-21 17:32:36,469 root                INFO: Train: Epoch 150: train loss 0.0169
2022-01-21 17:32:36,966 root                INFO: Train: Epoch 151: train loss 0.0169
2022-01-21 17:32:37,484 root                INFO: Train: Epoch 152: train loss 0.0169
2022-01-21 17:32:38,013 root                INFO: Train: Epoch 153: train loss 0.0169
2022-01-21 17:32:38,487 root                INFO: Train: Epoch 154: train loss 0.0169
2022-01-21 17:32:38,992 root                INFO: Train: Epoch 155: train loss 0.0169
2022-01-21 17:32:39,492 root                INFO: Train: Epoch 156: train loss 0.0169
2022-01-21 17:32:39,984 root                INFO: Train: Epoch 157: train loss 0.0169
2022-01-21 17:32:40,501 root                INFO: Train: Epoch 158: train loss 0.0169
2022-01-21 17:32:41,019 root                INFO: Train: Epoch 159: train loss 0.0169
2022-01-21 17:32:41,520 root                INFO: Train: Epoch 160: train loss 0.0169
2022-01-21 17:32:42,016 root                INFO: Train: Epoch 161: train loss 0.0169
2022-01-21 17:32:42,527 root                INFO: Train: Epoch 162: train loss 0.0169
2022-01-21 17:32:43,005 root                INFO: Train: Epoch 163: train loss 0.0169
2022-01-21 17:32:43,486 root                INFO: Train: Epoch 164: train loss 0.0169
2022-01-21 17:32:43,947 root                INFO: Train: Epoch 165: train loss 0.0169
2022-01-21 17:32:44,434 root                INFO: Train: Epoch 166: train loss 0.0169
2022-01-21 17:32:44,941 root                INFO: Train: Epoch 167: train loss 0.0169
2022-01-21 17:32:45,474 root                INFO: Train: Epoch 168: train loss 0.0169
2022-01-21 17:32:45,986 root                INFO: Train: Epoch 169: train loss 0.0169
2022-01-21 17:32:46,476 root                INFO: Train: Epoch 170: train loss 0.0169
2022-01-21 17:32:46,967 root                INFO: Train: Epoch 171: train loss 0.0169
2022-01-21 17:32:47,472 root                INFO: Train: Epoch 172: train loss 0.0169
2022-01-21 17:32:47,967 root                INFO: Train: Epoch 173: train loss 0.0169
2022-01-21 17:32:48,461 root                INFO: Train: Epoch 174: train loss 0.0169
2022-01-21 17:32:48,972 root                INFO: Train: Epoch 175: train loss 0.0169
2022-01-21 17:32:49,479 root                INFO: Train: Epoch 176: train loss 0.0169
2022-01-21 17:32:50,003 root                INFO: Train: Epoch 177: train loss 0.0169
2022-01-21 17:32:50,518 root                INFO: Train: Epoch 178: train loss 0.0169
2022-01-21 17:32:51,026 root                INFO: Train: Epoch 179: train loss 0.0169
2022-01-21 17:32:51,518 root                INFO: Train: Epoch 180: train loss 0.0169
2022-01-21 17:32:52,006 root                INFO: Train: Epoch 181: train loss 0.0169
2022-01-21 17:32:52,522 root                INFO: Train: Epoch 182: train loss 0.0169
2022-01-21 17:32:53,000 root                INFO: Train: Epoch 183: train loss 0.0169
2022-01-21 17:32:53,529 root                INFO: Train: Epoch 184: train loss 0.0169
2022-01-21 17:32:53,986 root                INFO: Train: Epoch 185: train loss 0.0169
2022-01-21 17:32:54,475 root                INFO: Train: Epoch 186: train loss 0.0169
2022-01-21 17:32:54,917 root                INFO: Train: Epoch 187: train loss 0.0169
2022-01-21 17:32:55,387 root                INFO: Train: Epoch 188: train loss 0.0169
2022-01-21 17:32:55,869 root                INFO: Train: Epoch 189: train loss 0.0169
2022-01-21 17:32:56,337 root                INFO: Train: Epoch 190: train loss 0.0169
2022-01-21 17:32:56,840 root                INFO: Train: Epoch 191: train loss 0.0169
2022-01-21 17:32:57,319 root                INFO: Train: Epoch 192: train loss 0.0169
2022-01-21 17:32:57,789 root                INFO: Train: Epoch 193: train loss 0.0169
2022-01-21 17:32:58,253 root                INFO: Train: Epoch 194: train loss 0.0169
2022-01-21 17:32:58,693 root                INFO: Train: Epoch 195: train loss 0.0169
2022-01-21 17:32:59,122 root                INFO: Train: Epoch 196: train loss 0.0169
2022-01-21 17:32:59,543 root                INFO: Train: Epoch 197: train loss 0.0169
2022-01-21 17:32:59,971 root                INFO: Train: Epoch 198: train loss 0.0169
2022-01-21 17:33:00,421 root                INFO: Train: Epoch 199: train loss 0.0169
2022-01-21 17:33:00,839 root                INFO: Train: Epoch 200: train loss 0.0169
2022-01-21 17:33:15,434 root                INFO: Valid: Epoch 200: kendall tau 0.2162 0.1572; loss 0.01372 0.004756
2022-01-21 17:33:15,440 root                INFO: Epoch 200: Save checkpoint to nb301_anytime_tagates/tagates_0.001/123/2021/200.ckpt
2022-01-21 17:33:30,041 root                INFO: [0.0196078431372549, 0.00784313725490196, 0.00784313725490196, 0.043869956913435176, 0.1507734482083415, 0.6086309523809523, 1.0]
2022-01-21 17:33:30,041 root                INFO: [0.0, 0.0, 0.0, 0.05836271053662358, 0.17975327981202271, 0.6350250626566416, 1.0]
2022-01-21 17:33:30,041 root                INFO: [2519, 2519]
2022-01-21 17:33:30,041 root                INFO: [15856, 5160]
2022-01-21 22:05:31,079 root                INFO: GPU device = 7
2022-01-21 22:05:31,080 root                INFO: Load pkl cache from nasbench301_train.pkl and nasbench301_valid.pkl
2022-01-21 22:05:31,777 root                INFO: Config: {'arch_network_cfg': {'arch_embedder_cfg': {'take_adj_as_input': True, 'gcn_kwargs': {'residual_only': 2}, 'gcn_out_dims': [64, 64, 64, 64, 64], 'hidden_dim': 32, 'node_dim': 32, 'op_dim': 32, 'use_bn': False, 'final_concat': False, 'other_node_zero': False, 'num_time_steps': 2, 'fb_conversion_dims': [64, 64], 'backward_gcn_out_dims': [64, 64, 64, 64, 64], 'updateopemb_method': 'concat_ofb', 'updateopemb_dims': [64], 'share_skip_and_outskip': True, 'detach_vinfo': False, 'updateopemb_scale': 0.1, 'updateopemb_detach_opemb': True, 'updateopemb_detach_finfo': True, 'mask_nonparametrized_ops': True, 'symmetry_breaking_method': 'param_zs_add', 'concat_param_zs_as_opemb_dimension': 5, 'concat_param_zs_as_opemb_scale': 1.0}, 'arch_embedder_type': 'cellss-fbflow-anytime', 'compare_loss_type': 'margin_linear', 'compare_margin': 0.1, 'mlp_dropout': 0.1, 'mlp_hiddens': [200], 'mlp_out_dim': 1, 'optimizer': {'lr': 0.0001, 'type': 'Adam'}, 'scheduler': None}, 'arch_network_type': 'pointwise_comparator', 'batch_size': 128, 'choose_pair_criterion': 'random', 'compare': False, 'compare_threshold': 0.0, 'epochs': 200, 'max_compare_ratio': 16.0}
2022-01-21 22:05:37,255 root                INFO: Combined args: Namespace(arch_network_type='pointwise_comparator', batch_size=128, cfg_file='cfgs/nb301_cfgs/tagates_anytime.yaml', choose_pair_criterion='random', compare=False, compare_threshold=0.0, epochs=200, eval_only_last=1, gpu=7, load=None, max_compare_ratio=16.0, num_workers=4, report_freq=200, save_every=200, save_predict=None, seed=2021, test_funcs=None, test_only=False, train_dir='nb301_anytime_tagates/tagates_0.001/123/2021', train_pkl='../mynas/data/nasbench-301/nasbench301_train_mtx_anytime_123.pkl', train_ratio=0.001, valid_pkl='../mynas/data/nasbench-301/nasbench301_valid_mtx_anytime.pkl')
2022-01-21 22:05:37,268 root                INFO: Train dataset ratio: 0.001
2022-01-21 22:05:37,269 root                INFO: Number of architectures: train: 5; valid: 51072
2022-01-21 22:05:50,579 root                INFO: Train: Epoch   1: train loss 0.3372
2022-01-21 22:05:51,151 root                INFO: Train: Epoch   2: train loss 0.3363
2022-01-21 22:05:51,758 root                INFO: Train: Epoch   3: train loss 0.3357
2022-01-21 22:05:52,414 root                INFO: Train: Epoch   4: train loss 0.3359
2022-01-21 22:05:53,080 root                INFO: Train: Epoch   5: train loss 0.3324
2022-01-21 22:05:53,645 root                INFO: Train: Epoch   6: train loss 0.3322
2022-01-21 22:05:54,221 root                INFO: Train: Epoch   7: train loss 0.3311
2022-01-21 22:05:54,909 root                INFO: Train: Epoch   8: train loss 0.3292
2022-01-21 22:05:55,543 root                INFO: Train: Epoch   9: train loss 0.3304
2022-01-21 22:05:56,329 root                INFO: Train: Epoch  10: train loss 0.3295
2022-01-21 22:05:56,890 root                INFO: Train: Epoch  11: train loss 0.3272
2022-01-21 22:05:57,655 root                INFO: Train: Epoch  12: train loss 0.3233
2022-01-21 22:05:58,265 root                INFO: Train: Epoch  13: train loss 0.3250
2022-01-21 22:05:58,869 root                INFO: Train: Epoch  14: train loss 0.3227
2022-01-21 22:05:59,547 root                INFO: Train: Epoch  15: train loss 0.3233
2022-01-21 22:06:00,335 root                INFO: Train: Epoch  16: train loss 0.3214
2022-01-21 22:06:00,892 root                INFO: Train: Epoch  17: train loss 0.3187
2022-01-21 22:06:01,489 root                INFO: Train: Epoch  18: train loss 0.3175
2022-01-21 22:06:02,089 root                INFO: Train: Epoch  19: train loss 0.3151
2022-01-21 22:06:02,800 root                INFO: Train: Epoch  20: train loss 0.3147
2022-01-21 22:06:03,347 root                INFO: Train: Epoch  21: train loss 0.3139
2022-01-21 22:06:03,987 root                INFO: Train: Epoch  22: train loss 0.3124
2022-01-21 22:06:04,522 root                INFO: Train: Epoch  23: train loss 0.3096
2022-01-21 22:06:05,171 root                INFO: Train: Epoch  24: train loss 0.3100
2022-01-21 22:06:05,817 root                INFO: Train: Epoch  25: train loss 0.3050
2022-01-21 22:06:06,401 root                INFO: Train: Epoch  26: train loss 0.3050
2022-01-21 22:06:07,061 root                INFO: Train: Epoch  27: train loss 0.3029
2022-01-21 22:06:07,721 root                INFO: Train: Epoch  28: train loss 0.3009
2022-01-21 22:06:08,389 root                INFO: Train: Epoch  29: train loss 0.2975
2022-01-21 22:06:09,214 root                INFO: Train: Epoch  30: train loss 0.2973
2022-01-21 22:06:10,032 root                INFO: Train: Epoch  31: train loss 0.2948
2022-01-21 22:06:10,766 root                INFO: Train: Epoch  32: train loss 0.2903
2022-01-21 22:06:11,537 root                INFO: Train: Epoch  33: train loss 0.2880
2022-01-21 22:06:12,228 root                INFO: Train: Epoch  34: train loss 0.2869
2022-01-21 22:06:12,829 root                INFO: Train: Epoch  35: train loss 0.2824
2022-01-21 22:06:13,372 root                INFO: Train: Epoch  36: train loss 0.2798
2022-01-21 22:06:13,969 root                INFO: Train: Epoch  37: train loss 0.2811
2022-01-21 22:06:14,551 root                INFO: Train: Epoch  38: train loss 0.2746
2022-01-21 22:06:15,137 root                INFO: Train: Epoch  39: train loss 0.2693
2022-01-21 22:06:15,706 root                INFO: Train: Epoch  40: train loss 0.2687
2022-01-21 22:06:16,345 root                INFO: Train: Epoch  41: train loss 0.2625
2022-01-21 22:06:16,909 root                INFO: Train: Epoch  42: train loss 0.2596
2022-01-21 22:06:17,545 root                INFO: Train: Epoch  43: train loss 0.2543
2022-01-21 22:06:18,144 root                INFO: Train: Epoch  44: train loss 0.2506
2022-01-21 22:06:18,722 root                INFO: Train: Epoch  45: train loss 0.2483
2022-01-21 22:06:19,385 root                INFO: Train: Epoch  46: train loss 0.2416
2022-01-21 22:06:20,073 root                INFO: Train: Epoch  47: train loss 0.2378
2022-01-21 22:06:20,680 root                INFO: Train: Epoch  48: train loss 0.2354
2022-01-21 22:06:21,237 root                INFO: Train: Epoch  49: train loss 0.2248
2022-01-21 22:06:21,898 root                INFO: Train: Epoch  50: train loss 0.2207
2022-01-21 22:06:22,452 root                INFO: Train: Epoch  51: train loss 0.2159
2022-01-21 22:06:23,105 root                INFO: Train: Epoch  52: train loss 0.2107
2022-01-21 22:06:23,794 root                INFO: Train: Epoch  53: train loss 0.2025
2022-01-21 22:06:24,400 root                INFO: Train: Epoch  54: train loss 0.1983
2022-01-21 22:06:24,917 root                INFO: Train: Epoch  55: train loss 0.1890
2022-01-21 22:06:25,448 root                INFO: Train: Epoch  56: train loss 0.1880
2022-01-21 22:06:26,063 root                INFO: Train: Epoch  57: train loss 0.1772
2022-01-21 22:06:26,651 root                INFO: Train: Epoch  58: train loss 0.1646
2022-01-21 22:06:27,205 root                INFO: Train: Epoch  59: train loss 0.1609
2022-01-21 22:06:28,042 root                INFO: Train: Epoch  60: train loss 0.1529
2022-01-21 22:06:28,783 root                INFO: Train: Epoch  61: train loss 0.1444
2022-01-21 22:06:29,339 root                INFO: Train: Epoch  62: train loss 0.1370
2022-01-21 22:06:30,082 root                INFO: Train: Epoch  63: train loss 0.1284
2022-01-21 22:06:30,845 root                INFO: Train: Epoch  64: train loss 0.1188
2022-01-21 22:06:31,394 root                INFO: Train: Epoch  65: train loss 0.1116
2022-01-21 22:06:32,187 root                INFO: Train: Epoch  66: train loss 0.1005
2022-01-21 22:06:32,753 root                INFO: Train: Epoch  67: train loss 0.0971
2022-01-21 22:06:33,315 root                INFO: Train: Epoch  68: train loss 0.0890
2022-01-21 22:06:33,864 root                INFO: Train: Epoch  69: train loss 0.0792
2022-01-21 22:06:34,488 root                INFO: Train: Epoch  70: train loss 0.0755
2022-01-21 22:06:35,342 root                INFO: Train: Epoch  71: train loss 0.0641
2022-01-21 22:06:36,048 root                INFO: Train: Epoch  72: train loss 0.0535
2022-01-21 22:06:36,819 root                INFO: Train: Epoch  73: train loss 0.0479
2022-01-21 22:06:37,555 root                INFO: Train: Epoch  74: train loss 0.0423
2022-01-21 22:06:38,289 root                INFO: Train: Epoch  75: train loss 0.0370
2022-01-21 22:06:38,934 root                INFO: Train: Epoch  76: train loss 0.0296
2022-01-21 22:06:39,665 root                INFO: Train: Epoch  77: train loss 0.0236
2022-01-21 22:06:40,325 root                INFO: Train: Epoch  78: train loss 0.0217
2022-01-21 22:06:40,976 root                INFO: Train: Epoch  79: train loss 0.0177
2022-01-21 22:06:41,605 root                INFO: Train: Epoch  80: train loss 0.0145
2022-01-21 22:06:42,455 root                INFO: Train: Epoch  81: train loss 0.0102
2022-01-21 22:06:43,225 root                INFO: Train: Epoch  82: train loss 0.0072
2022-01-21 22:06:43,892 root                INFO: Train: Epoch  83: train loss 0.0056
2022-01-21 22:06:44,529 root                INFO: Train: Epoch  84: train loss 0.0049
2022-01-21 22:06:45,278 root                INFO: Train: Epoch  85: train loss 0.0046
2022-01-21 22:06:46,015 root                INFO: Train: Epoch  86: train loss 0.0027
2022-01-21 22:06:46,625 root                INFO: Train: Epoch  87: train loss 0.0025
2022-01-21 22:06:47,219 root                INFO: Train: Epoch  88: train loss 0.0015
2022-01-21 22:06:47,825 root                INFO: Train: Epoch  89: train loss 0.0006
2022-01-21 22:06:48,595 root                INFO: Train: Epoch  90: train loss 0.0007
2022-01-21 22:06:49,621 root                INFO: Train: Epoch  91: train loss 0.0003
2022-01-21 22:06:50,228 root                INFO: Train: Epoch  92: train loss 0.0009
2022-01-21 22:06:50,896 root                INFO: Train: Epoch  93: train loss 0.0008
2022-01-21 22:06:51,478 root                INFO: Train: Epoch  94: train loss 0.0006
2022-01-21 22:06:52,072 root                INFO: Train: Epoch  95: train loss 0.0008
2022-01-21 22:06:52,735 root                INFO: Train: Epoch  96: train loss 0.0006
2022-01-21 22:06:53,362 root                INFO: Train: Epoch  97: train loss 0.0012
2022-01-21 22:06:53,998 root                INFO: Train: Epoch  98: train loss 0.0012
2022-01-21 22:06:54,613 root                INFO: Train: Epoch  99: train loss 0.0009
2022-01-21 22:06:55,267 root                INFO: Train: Epoch 100: train loss 0.0009
2022-01-21 22:06:56,021 root                INFO: Train: Epoch 101: train loss 0.0012
2022-01-21 22:06:57,054 root                INFO: Train: Epoch 102: train loss 0.0010
2022-01-21 22:06:58,061 root                INFO: Train: Epoch 103: train loss 0.0009
2022-01-21 22:06:59,178 root                INFO: Train: Epoch 104: train loss 0.0013
2022-01-21 22:07:00,251 root                INFO: Train: Epoch 105: train loss 0.0015
2022-01-21 22:07:01,326 root                INFO: Train: Epoch 106: train loss 0.0008
2022-01-21 22:07:02,023 root                INFO: Train: Epoch 107: train loss 0.0014
2022-01-21 22:07:02,592 root                INFO: Train: Epoch 108: train loss 0.0011
2022-01-21 22:07:03,208 root                INFO: Train: Epoch 109: train loss 0.0012
2022-01-21 22:07:03,805 root                INFO: Train: Epoch 110: train loss 0.0020
2022-01-21 22:07:04,356 root                INFO: Train: Epoch 111: train loss 0.0016
2022-01-21 22:07:05,007 root                INFO: Train: Epoch 112: train loss 0.0013
2022-01-21 22:07:05,593 root                INFO: Train: Epoch 113: train loss 0.0012
2022-01-21 22:07:06,170 root                INFO: Train: Epoch 114: train loss 0.0011
2022-01-21 22:07:06,819 root                INFO: Train: Epoch 115: train loss 0.0010
2022-01-21 22:07:07,457 root                INFO: Train: Epoch 116: train loss 0.0010
2022-01-21 22:07:08,216 root                INFO: Train: Epoch 117: train loss 0.0009
2022-01-21 22:07:08,801 root                INFO: Train: Epoch 118: train loss 0.0010
2022-01-21 22:07:09,357 root                INFO: Train: Epoch 119: train loss 0.0010
2022-01-21 22:07:09,879 root                INFO: Train: Epoch 120: train loss 0.0010
2022-01-21 22:07:10,413 root                INFO: Train: Epoch 121: train loss 0.0010
2022-01-21 22:07:11,030 root                INFO: Train: Epoch 122: train loss 0.0007
2022-01-21 22:07:11,653 root                INFO: Train: Epoch 123: train loss 0.0008
2022-01-21 22:07:12,276 root                INFO: Train: Epoch 124: train loss 0.0005
2022-01-21 22:07:12,925 root                INFO: Train: Epoch 125: train loss 0.0006
2022-01-21 22:07:13,405 root                INFO: Train: Epoch 126: train loss 0.0008
2022-01-21 22:07:13,991 root                INFO: Train: Epoch 127: train loss 0.0005
2022-01-21 22:07:14,506 root                INFO: Train: Epoch 128: train loss 0.0008
2022-01-21 22:07:15,013 root                INFO: Train: Epoch 129: train loss 0.0006
2022-01-21 22:07:15,563 root                INFO: Train: Epoch 130: train loss 0.0008
2022-01-21 22:07:16,058 root                INFO: Train: Epoch 131: train loss 0.0008
2022-01-21 22:07:16,559 root                INFO: Train: Epoch 132: train loss 0.0006
2022-01-21 22:07:17,244 root                INFO: Train: Epoch 133: train loss 0.0007
2022-01-21 22:07:17,824 root                INFO: Train: Epoch 134: train loss 0.0007
2022-01-21 22:07:18,453 root                INFO: Train: Epoch 135: train loss 0.0005
2022-01-21 22:07:19,096 root                INFO: Train: Epoch 136: train loss 0.0003
2022-01-21 22:07:19,763 root                INFO: Train: Epoch 137: train loss 0.0006
2022-01-21 22:07:20,292 root                INFO: Train: Epoch 138: train loss 0.0006
2022-01-21 22:07:20,843 root                INFO: Train: Epoch 139: train loss 0.0005
2022-01-21 22:07:21,422 root                INFO: Train: Epoch 140: train loss 0.0003
2022-01-21 22:07:22,009 root                INFO: Train: Epoch 141: train loss 0.0006
2022-01-21 22:07:22,510 root                INFO: Train: Epoch 142: train loss 0.0002
2022-01-21 22:07:23,014 root                INFO: Train: Epoch 143: train loss 0.0008
2022-01-21 22:07:23,549 root                INFO: Train: Epoch 144: train loss 0.0004
2022-01-21 22:07:24,117 root                INFO: Train: Epoch 145: train loss 0.0003
2022-01-21 22:07:24,773 root                INFO: Train: Epoch 146: train loss 0.0007
2022-01-21 22:07:25,305 root                INFO: Train: Epoch 147: train loss 0.0002
2022-01-21 22:07:25,962 root                INFO: Train: Epoch 148: train loss 0.0004
2022-01-21 22:07:26,543 root                INFO: Train: Epoch 149: train loss 0.0005
2022-01-21 22:07:27,089 root                INFO: Train: Epoch 150: train loss 0.0004
2022-01-21 22:07:27,646 root                INFO: Train: Epoch 151: train loss 0.0005
2022-01-21 22:07:28,203 root                INFO: Train: Epoch 152: train loss 0.0007
2022-01-21 22:07:28,845 root                INFO: Train: Epoch 153: train loss 0.0005
2022-01-21 22:07:29,447 root                INFO: Train: Epoch 154: train loss 0.0003
2022-01-21 22:07:29,982 root                INFO: Train: Epoch 155: train loss 0.0003
2022-01-21 22:07:30,604 root                INFO: Train: Epoch 156: train loss 0.0007
2022-01-21 22:07:31,202 root                INFO: Train: Epoch 157: train loss 0.0005
2022-01-21 22:07:31,825 root                INFO: Train: Epoch 158: train loss 0.0007
2022-01-21 22:07:32,455 root                INFO: Train: Epoch 159: train loss 0.0002
2022-01-21 22:07:32,937 root                INFO: Train: Epoch 160: train loss 0.0003
2022-01-21 22:07:33,418 root                INFO: Train: Epoch 161: train loss 0.0003
2022-01-21 22:07:33,867 root                INFO: Train: Epoch 162: train loss 0.0003
2022-01-21 22:07:34,432 root                INFO: Train: Epoch 163: train loss 0.0005
2022-01-21 22:07:34,937 root                INFO: Train: Epoch 164: train loss 0.0004
2022-01-21 22:07:35,513 root                INFO: Train: Epoch 165: train loss 0.0003
2022-01-21 22:07:36,037 root                INFO: Train: Epoch 166: train loss 0.0003
2022-01-21 22:07:36,597 root                INFO: Train: Epoch 167: train loss 0.0004
2022-01-21 22:07:37,157 root                INFO: Train: Epoch 168: train loss 0.0005
2022-01-21 22:07:37,755 root                INFO: Train: Epoch 169: train loss 0.0005
2022-01-21 22:07:38,277 root                INFO: Train: Epoch 170: train loss 0.0006
2022-01-21 22:07:38,816 root                INFO: Train: Epoch 171: train loss 0.0003
2022-01-21 22:07:39,454 root                INFO: Train: Epoch 172: train loss 0.0004
2022-01-21 22:07:39,981 root                INFO: Train: Epoch 173: train loss 0.0003
2022-01-21 22:07:40,551 root                INFO: Train: Epoch 174: train loss 0.0006
2022-01-21 22:07:41,132 root                INFO: Train: Epoch 175: train loss 0.0005
2022-01-21 22:07:41,876 root                INFO: Train: Epoch 176: train loss 0.0004
2022-01-21 22:07:42,464 root                INFO: Train: Epoch 177: train loss 0.0006
2022-01-21 22:07:43,067 root                INFO: Train: Epoch 178: train loss 0.0008
2022-01-21 22:07:43,622 root                INFO: Train: Epoch 179: train loss 0.0005
2022-01-21 22:07:44,209 root                INFO: Train: Epoch 180: train loss 0.0006
2022-01-21 22:07:44,736 root                INFO: Train: Epoch 181: train loss 0.0005
2022-01-21 22:07:45,407 root                INFO: Train: Epoch 182: train loss 0.0004
2022-01-21 22:07:45,978 root                INFO: Train: Epoch 183: train loss 0.0004
2022-01-21 22:07:46,563 root                INFO: Train: Epoch 184: train loss 0.0004
2022-01-21 22:07:47,166 root                INFO: Train: Epoch 185: train loss 0.0004
2022-01-21 22:07:47,788 root                INFO: Train: Epoch 186: train loss 0.0007
2022-01-21 22:07:48,393 root                INFO: Train: Epoch 187: train loss 0.0007
2022-01-21 22:07:49,126 root                INFO: Train: Epoch 188: train loss 0.0007
2022-01-21 22:07:50,298 root                INFO: Train: Epoch 189: train loss 0.0005
2022-01-21 22:07:51,198 root                INFO: Train: Epoch 190: train loss 0.0003
2022-01-21 22:07:52,112 root                INFO: Train: Epoch 191: train loss 0.0001
2022-01-21 22:07:53,026 root                INFO: Train: Epoch 192: train loss 0.0002
2022-01-21 22:07:54,005 root                INFO: Train: Epoch 193: train loss 0.0005
2022-01-21 22:07:55,079 root                INFO: Train: Epoch 194: train loss 0.0007
2022-01-21 22:07:55,800 root                INFO: Train: Epoch 195: train loss 0.0002
2022-01-21 22:07:56,446 root                INFO: Train: Epoch 196: train loss 0.0008
2022-01-21 22:07:57,067 root                INFO: Train: Epoch 197: train loss 0.0002
2022-01-21 22:07:57,781 root                INFO: Train: Epoch 198: train loss 0.0003
2022-01-21 22:07:58,424 root                INFO: Train: Epoch 199: train loss 0.0001
2022-01-21 22:07:59,169 root                INFO: Train: Epoch 200: train loss 0.0004
2022-01-21 22:08:14,588 root                INFO: Valid: Epoch 200: kendall tau 0.2514 0.1930; loss 0.00041 0.000275
2022-01-21 22:08:14,600 root                INFO: Epoch 200: Save checkpoint to nb301_anytime_tagates/tagates_0.001/123/2021/200.ckpt
2022-01-21 22:08:29,018 root                INFO: [0.0, 0.0, 0.0, 0.07638072855464159, 0.20932054043469747, 0.6322838345864662, 1.0]
2022-01-21 22:08:29,019 root                INFO: [0.0, 0.0, 0.0, 0.038777908343125736, 0.13941648717446642, 0.5991541353383458, 1.0]
2022-01-21 22:08:29,019 root                INFO: [1969, 1969]
2022-01-21 22:08:29,019 root                INFO: [2517, 2517]
