2022-01-19 23:21:44,397 root                INFO: GPU device = 5
2022-01-19 23:21:44,398 root                INFO: Load pkl cache from nasbench101.pkl and nasbench101_valid.pkl
2022-01-19 23:21:44,831 root                INFO: Config: {'arch_network_cfg': {'arch_embedder_cfg': {'b_use_bn': False, 'backward_gcn_out_dims': [128, 128, 128, 128, 128], 'concat_param_zs_as_opemb_dimension': 7, 'concat_param_zs_as_opemb_scale': 0.1, 'detach_vinfo': False, 'fb_conversion_dims': [128, 128], 'gcn_kwargs': {'plus_I': True, 'residual_only': 1}, 'gcn_out_dims': [128, 128, 128, 128, 128], 'hid_dim': 96, 'mask_nonparametrized_ops': False, 'node_embedding_dim': 48, 'num_time_steps': 3, 'op_embedding_dim': 48, 'symmetry_breaking_method': 'param_zs_add', 'updateopemb_detach_finfo': True, 'updateopemb_detach_opemb': True, 'updateopemb_dims': [128], 'updateopemb_method': 'concat_ofb', 'updateopemb_scale': 0.1}, 'arch_embedder_type': 'nb101-fbflow', 'compare_loss_type': 'margin_linear', 'compare_margin': 0.1, 'mlp_dropout': 0.1, 'mlp_hiddens': [200], 'optimizer': {'lr': 0.001, 'type': 'Adam'}, 'scheduler': None}, 'batch_size': 512, 'choose_pair_criterion': 'random', 'compare': True, 'compare_threshold': 0.0, 'epochs': 200, 'max_compare_ratio': 4.0}
2022-01-19 23:21:48,978 root                INFO: Combined args: Namespace(batch_size=512, cfg_file='cfgs/nb101_cfgs/gates_true_scale0.1.yaml', choose_pair_criterion='random', compare=True, compare_threshold=0.0, epochs=200, eval_only_last=5, gpu=5, load=None, max_compare_ratio=4.0, num_workers=4, report_freq=200, save_every=200, save_predict=None, seed=21, test_funcs=None, test_only=False, train_dir='nb1shot1_ablation_scale/true/0.1_1/1/21', train_pkl='../mynas/data/nasbench-1shot1/nasbench101_train_1.pkl', train_ratio=1.0, valid_pkl='../mynas/data/nasbench-1shot1/nasbench101_valid.pkl')
2022-01-19 23:21:48,978 root                INFO: Train dataset ratio: 1.000
2022-01-19 23:21:48,978 root                INFO: Number of architectures: train: 7290; valid: 7290
2022-01-19 23:21:54,586 root                INFO: Train: Epoch   1: train loss 0.0642
2022-01-19 23:21:58,461 root                INFO: Train: Epoch   2: train loss 0.0391
2022-01-19 23:22:02,072 root                INFO: Train: Epoch   3: train loss 0.0312
2022-01-19 23:22:05,865 root                INFO: Train: Epoch   4: train loss 0.0263
2022-01-19 23:22:09,516 root                INFO: Train: Epoch   5: train loss 0.0243
2022-01-19 23:22:13,113 root                INFO: Train: Epoch   6: train loss 0.0217
2022-01-19 23:22:16,624 root                INFO: Train: Epoch   7: train loss 0.0200
2022-01-19 23:22:20,249 root                INFO: Train: Epoch   8: train loss 0.0202
2022-01-19 23:22:23,828 root                INFO: Train: Epoch   9: train loss 0.0192
2022-01-19 23:22:27,428 root                INFO: Train: Epoch  10: train loss 0.0191
2022-01-19 23:22:31,070 root                INFO: Train: Epoch  11: train loss 0.0193
2022-01-19 23:22:34,871 root                INFO: Train: Epoch  12: train loss 0.0179
2022-01-19 23:22:38,539 root                INFO: Train: Epoch  13: train loss 0.0176
2022-01-19 23:22:42,162 root                INFO: Train: Epoch  14: train loss 0.0175
2022-01-19 23:22:45,711 root                INFO: Train: Epoch  15: train loss 0.0176
2022-01-19 23:22:49,294 root                INFO: Train: Epoch  16: train loss 0.0169
2022-01-19 23:22:52,881 root                INFO: Train: Epoch  17: train loss 0.0170
2022-01-19 23:22:56,438 root                INFO: Train: Epoch  18: train loss 0.0166
2022-01-19 23:23:00,134 root                INFO: Train: Epoch  19: train loss 0.0167
2022-01-19 23:23:03,651 root                INFO: Train: Epoch  20: train loss 0.0187
2022-01-19 23:23:07,312 root                INFO: Train: Epoch  21: train loss 0.0167
2022-01-19 23:23:10,881 root                INFO: Train: Epoch  22: train loss 0.0163
2022-01-19 23:23:14,715 root                INFO: Train: Epoch  23: train loss 0.0158
2022-01-19 23:23:18,250 root                INFO: Train: Epoch  24: train loss 0.0156
2022-01-19 23:23:21,753 root                INFO: Train: Epoch  25: train loss 0.0160
2022-01-19 23:23:25,334 root                INFO: Train: Epoch  26: train loss 0.0149
2022-01-19 23:23:28,886 root                INFO: Train: Epoch  27: train loss 0.0152
2022-01-19 23:23:32,462 root                INFO: Train: Epoch  28: train loss 0.0151
2022-01-19 23:23:36,025 root                INFO: Train: Epoch  29: train loss 0.0151
2022-01-19 23:23:39,734 root                INFO: Train: Epoch  30: train loss 0.0160
2022-01-19 23:23:43,339 root                INFO: Train: Epoch  31: train loss 0.0150
2022-01-19 23:23:46,867 root                INFO: Train: Epoch  32: train loss 0.0147
2022-01-19 23:23:50,533 root                INFO: Train: Epoch  33: train loss 0.0155
2022-01-19 23:23:54,059 root                INFO: Train: Epoch  34: train loss 0.0148
2022-01-19 23:23:57,727 root                INFO: Train: Epoch  35: train loss 0.0154
2022-01-19 23:24:01,258 root                INFO: Train: Epoch  36: train loss 0.0156
2022-01-19 23:24:04,763 root                INFO: Train: Epoch  37: train loss 0.0150
2022-01-19 23:24:08,275 root                INFO: Train: Epoch  38: train loss 0.0143
2022-01-19 23:24:11,735 root                INFO: Train: Epoch  39: train loss 0.0150
2022-01-19 23:24:15,204 root                INFO: Train: Epoch  40: train loss 0.0143
2022-01-19 23:24:18,739 root                INFO: Train: Epoch  41: train loss 0.0146
2022-01-19 23:24:22,345 root                INFO: Train: Epoch  42: train loss 0.0148
2022-01-19 23:24:25,756 root                INFO: Train: Epoch  43: train loss 0.0148
2022-01-19 23:24:29,107 root                INFO: Train: Epoch  44: train loss 0.0141
2022-01-19 23:24:32,584 root                INFO: Train: Epoch  45: train loss 0.0147
2022-01-19 23:24:36,282 root                INFO: Train: Epoch  46: train loss 0.0140
2022-01-19 23:24:39,815 root                INFO: Train: Epoch  47: train loss 0.0140
2022-01-19 23:24:43,474 root                INFO: Train: Epoch  48: train loss 0.0143
2022-01-19 23:24:46,909 root                INFO: Train: Epoch  49: train loss 0.0144
2022-01-19 23:24:50,394 root                INFO: Train: Epoch  50: train loss 0.0140
2022-01-19 23:24:53,938 root                INFO: Train: Epoch  51: train loss 0.0145
2022-01-19 23:24:57,761 root                INFO: Train: Epoch  52: train loss 0.0141
2022-01-19 23:25:01,404 root                INFO: Train: Epoch  53: train loss 0.0138
2022-01-19 23:25:05,105 root                INFO: Train: Epoch  54: train loss 0.0144
2022-01-19 23:25:08,757 root                INFO: Train: Epoch  55: train loss 0.0145
2022-01-19 23:25:12,356 root                INFO: Train: Epoch  56: train loss 0.0143
2022-01-19 23:25:16,234 root                INFO: Train: Epoch  57: train loss 0.0141
2022-01-19 23:25:19,783 root                INFO: Train: Epoch  58: train loss 0.0141
2022-01-19 23:25:23,410 root                INFO: Train: Epoch  59: train loss 0.0137
2022-01-19 23:25:26,914 root                INFO: Train: Epoch  60: train loss 0.0145
2022-01-19 23:25:30,545 root                INFO: Train: Epoch  61: train loss 0.0134
2022-01-19 23:25:34,095 root                INFO: Train: Epoch  62: train loss 0.0141
2022-01-19 23:25:37,892 root                INFO: Train: Epoch  63: train loss 0.0134
2022-01-19 23:25:41,475 root                INFO: Train: Epoch  64: train loss 0.0139
2022-01-19 23:25:44,999 root                INFO: Train: Epoch  65: train loss 0.0141
2022-01-19 23:25:48,465 root                INFO: Train: Epoch  66: train loss 0.0137
2022-01-19 23:25:51,951 root                INFO: Train: Epoch  67: train loss 0.0139
2022-01-19 23:25:55,497 root                INFO: Train: Epoch  68: train loss 0.0136
2022-01-19 23:25:58,934 root                INFO: Train: Epoch  69: train loss 0.0141
2022-01-19 23:26:02,363 root                INFO: Train: Epoch  70: train loss 0.0151
2022-01-19 23:26:05,888 root                INFO: Train: Epoch  71: train loss 0.0141
2022-01-19 23:26:09,317 root                INFO: Train: Epoch  72: train loss 0.0137
2022-01-19 23:26:12,826 root                INFO: Train: Epoch  73: train loss 0.0134
2022-01-19 23:26:16,543 root                INFO: Train: Epoch  74: train loss 0.0134
2022-01-19 23:26:20,080 root                INFO: Train: Epoch  75: train loss 0.0139
2022-01-19 23:26:23,563 root                INFO: Train: Epoch  76: train loss 0.0137
2022-01-19 23:26:27,105 root                INFO: Train: Epoch  77: train loss 0.0138
2022-01-19 23:26:30,575 root                INFO: Train: Epoch  78: train loss 0.0134
2022-01-19 23:26:34,124 root                INFO: Train: Epoch  79: train loss 0.0137
2022-01-19 23:26:37,611 root                INFO: Train: Epoch  80: train loss 0.0136
2022-01-19 23:26:41,129 root                INFO: Train: Epoch  81: train loss 0.0141
2022-01-19 23:26:44,637 root                INFO: Train: Epoch  82: train loss 0.0138
2022-01-19 23:26:48,191 root                INFO: Train: Epoch  83: train loss 0.0129
2022-01-19 23:26:51,995 root                INFO: Train: Epoch  84: train loss 0.0132
2022-01-19 23:26:55,578 root                INFO: Train: Epoch  85: train loss 0.0135
2022-01-19 23:26:59,154 root                INFO: Train: Epoch  86: train loss 0.0134
2022-01-19 23:27:02,772 root                INFO: Train: Epoch  87: train loss 0.0137
2022-01-19 23:27:06,356 root                INFO: Train: Epoch  88: train loss 0.0133
2022-01-19 23:27:09,979 root                INFO: Train: Epoch  89: train loss 0.0138
2022-01-19 23:27:13,649 root                INFO: Train: Epoch  90: train loss 0.0131
2022-01-19 23:27:17,179 root                INFO: Train: Epoch  91: train loss 0.0137
2022-01-19 23:27:20,750 root                INFO: Train: Epoch  92: train loss 0.0134
2022-01-19 23:27:24,414 root                INFO: Train: Epoch  93: train loss 0.0137
2022-01-19 23:27:28,000 root                INFO: Train: Epoch  94: train loss 0.0136
2022-01-19 23:27:31,586 root                INFO: Train: Epoch  95: train loss 0.0129
2022-01-19 23:27:35,447 root                INFO: Train: Epoch  96: train loss 0.0133
2022-01-19 23:27:39,078 root                INFO: Train: Epoch  97: train loss 0.0127
2022-01-19 23:27:42,824 root                INFO: Train: Epoch  98: train loss 0.0140
2022-01-19 23:27:46,435 root                INFO: Train: Epoch  99: train loss 0.0132
2022-01-19 23:27:50,157 root                INFO: Train: Epoch 100: train loss 0.0136
2022-01-19 23:27:53,682 root                INFO: Train: Epoch 101: train loss 0.0130
2022-01-19 23:27:57,284 root                INFO: Train: Epoch 102: train loss 0.0133
2022-01-19 23:28:01,054 root                INFO: Train: Epoch 103: train loss 0.0130
2022-01-19 23:28:04,619 root                INFO: Train: Epoch 104: train loss 0.0130
2022-01-19 23:28:08,274 root                INFO: Train: Epoch 105: train loss 0.0131
2022-01-19 23:28:11,880 root                INFO: Train: Epoch 106: train loss 0.0133
2022-01-19 23:28:15,465 root                INFO: Train: Epoch 107: train loss 0.0130
2022-01-19 23:28:19,096 root                INFO: Train: Epoch 108: train loss 0.0130
2022-01-19 23:28:22,654 root                INFO: Train: Epoch 109: train loss 0.0133
2022-01-19 23:28:26,208 root                INFO: Train: Epoch 110: train loss 0.0132
2022-01-19 23:28:29,722 root                INFO: Train: Epoch 111: train loss 0.0133
2022-01-19 23:28:33,620 root                INFO: Train: Epoch 112: train loss 0.0134
2022-01-19 23:28:37,265 root                INFO: Train: Epoch 113: train loss 0.0129
2022-01-19 23:28:40,854 root                INFO: Train: Epoch 114: train loss 0.0126
2022-01-19 23:28:44,329 root                INFO: Train: Epoch 115: train loss 0.0130
2022-01-19 23:28:47,795 root                INFO: Train: Epoch 116: train loss 0.0135
2022-01-19 23:28:51,383 root                INFO: Train: Epoch 117: train loss 0.0133
2022-01-19 23:28:54,995 root                INFO: Train: Epoch 118: train loss 0.0127
2022-01-19 23:28:58,678 root                INFO: Train: Epoch 119: train loss 0.0127
2022-01-19 23:29:02,187 root                INFO: Train: Epoch 120: train loss 0.0132
2022-01-19 23:29:05,735 root                INFO: Train: Epoch 121: train loss 0.0132
2022-01-19 23:29:09,366 root                INFO: Train: Epoch 122: train loss 0.0130
2022-01-19 23:29:12,835 root                INFO: Train: Epoch 123: train loss 0.0125
2022-01-19 23:29:16,421 root                INFO: Train: Epoch 124: train loss 0.0137
2022-01-19 23:29:19,908 root                INFO: Train: Epoch 125: train loss 0.0130
2022-01-19 23:29:23,416 root                INFO: Train: Epoch 126: train loss 0.0135
2022-01-19 23:29:26,928 root                INFO: Train: Epoch 127: train loss 0.0129
2022-01-19 23:29:30,473 root                INFO: Train: Epoch 128: train loss 0.0133
2022-01-19 23:29:33,943 root                INFO: Train: Epoch 129: train loss 0.0130
2022-01-19 23:29:37,377 root                INFO: Train: Epoch 130: train loss 0.0124
2022-01-19 23:29:40,914 root                INFO: Train: Epoch 131: train loss 0.0121
2022-01-19 23:29:44,549 root                INFO: Train: Epoch 132: train loss 0.0127
2022-01-19 23:29:48,129 root                INFO: Train: Epoch 133: train loss 0.0125
2022-01-19 23:29:51,740 root                INFO: Train: Epoch 134: train loss 0.0126
2022-01-19 23:29:55,239 root                INFO: Train: Epoch 135: train loss 0.0130
2022-01-19 23:29:58,804 root                INFO: Train: Epoch 136: train loss 0.0133
2022-01-19 23:30:02,382 root                INFO: Train: Epoch 137: train loss 0.0122
2022-01-19 23:30:05,851 root                INFO: Train: Epoch 138: train loss 0.0129
2022-01-19 23:30:09,374 root                INFO: Train: Epoch 139: train loss 0.0128
2022-01-19 23:30:12,731 root                INFO: Train: Epoch 140: train loss 0.0127
2022-01-19 23:30:16,416 root                INFO: Train: Epoch 141: train loss 0.0132
2022-01-19 23:30:19,894 root                INFO: Train: Epoch 142: train loss 0.0127
2022-01-19 23:30:23,288 root                INFO: Train: Epoch 143: train loss 0.0123
2022-01-19 23:30:26,648 root                INFO: Train: Epoch 144: train loss 0.0128
2022-01-19 23:30:30,110 root                INFO: Train: Epoch 145: train loss 0.0128
2022-01-19 23:30:33,501 root                INFO: Train: Epoch 146: train loss 0.0125
2022-01-19 23:30:37,075 root                INFO: Train: Epoch 147: train loss 0.0126
2022-01-19 23:30:40,437 root                INFO: Train: Epoch 148: train loss 0.0129
2022-01-19 23:30:43,868 root                INFO: Train: Epoch 149: train loss 0.0117
2022-01-19 23:30:47,611 root                INFO: Train: Epoch 150: train loss 0.0128
2022-01-19 23:30:51,142 root                INFO: Train: Epoch 151: train loss 0.0125
2022-01-19 23:30:54,521 root                INFO: Train: Epoch 152: train loss 0.0124
2022-01-19 23:30:57,947 root                INFO: Train: Epoch 153: train loss 0.0123
2022-01-19 23:31:01,549 root                INFO: Train: Epoch 154: train loss 0.0125
2022-01-19 23:31:05,219 root                INFO: Train: Epoch 155: train loss 0.0125
2022-01-19 23:31:08,795 root                INFO: Train: Epoch 156: train loss 0.0124
2022-01-19 23:31:12,361 root                INFO: Train: Epoch 157: train loss 0.0126
2022-01-19 23:31:15,875 root                INFO: Train: Epoch 158: train loss 0.0123
2022-01-19 23:31:19,442 root                INFO: Train: Epoch 159: train loss 0.0123
2022-01-19 23:31:23,279 root                INFO: Train: Epoch 160: train loss 0.0123
2022-01-19 23:31:26,770 root                INFO: Train: Epoch 161: train loss 0.0126
2022-01-19 23:31:30,424 root                INFO: Train: Epoch 162: train loss 0.0124
2022-01-19 23:31:33,939 root                INFO: Train: Epoch 163: train loss 0.0123
2022-01-19 23:31:37,442 root                INFO: Train: Epoch 164: train loss 0.0120
2022-01-19 23:31:40,963 root                INFO: Train: Epoch 165: train loss 0.0120
2022-01-19 23:31:44,532 root                INFO: Train: Epoch 166: train loss 0.0122
2022-01-19 23:31:48,093 root                INFO: Train: Epoch 167: train loss 0.0121
2022-01-19 23:31:51,578 root                INFO: Train: Epoch 168: train loss 0.0121
2022-01-19 23:31:55,285 root                INFO: Train: Epoch 169: train loss 0.0116
2022-01-19 23:31:58,855 root                INFO: Train: Epoch 170: train loss 0.0128
2022-01-19 23:32:02,450 root                INFO: Train: Epoch 171: train loss 0.0123
2022-01-19 23:32:05,987 root                INFO: Train: Epoch 172: train loss 0.0125
2022-01-19 23:32:09,627 root                INFO: Train: Epoch 173: train loss 0.0126
2022-01-19 23:32:13,272 root                INFO: Train: Epoch 174: train loss 0.0126
2022-01-19 23:32:16,821 root                INFO: Train: Epoch 175: train loss 0.0122
2022-01-19 23:32:20,345 root                INFO: Train: Epoch 176: train loss 0.0121
2022-01-19 23:32:23,931 root                INFO: Train: Epoch 177: train loss 0.0122
2022-01-19 23:32:27,490 root                INFO: Train: Epoch 178: train loss 0.0124
2022-01-19 23:32:31,101 root                INFO: Train: Epoch 179: train loss 0.0119
2022-01-19 23:32:34,816 root                INFO: Train: Epoch 180: train loss 0.0128
2022-01-19 23:32:38,494 root                INFO: Train: Epoch 181: train loss 0.0124
2022-01-19 23:32:42,048 root                INFO: Train: Epoch 182: train loss 0.0125
2022-01-19 23:32:45,747 root                INFO: Train: Epoch 183: train loss 0.0122
2022-01-19 23:32:49,440 root                INFO: Train: Epoch 184: train loss 0.0121
2022-01-19 23:32:53,038 root                INFO: Train: Epoch 185: train loss 0.0120
2022-01-19 23:32:56,574 root                INFO: Train: Epoch 186: train loss 0.0125
2022-01-19 23:33:00,049 root                INFO: Train: Epoch 187: train loss 0.0123
2022-01-19 23:33:03,983 root                INFO: Train: Epoch 188: train loss 0.0122
2022-01-19 23:33:07,676 root                INFO: Train: Epoch 189: train loss 0.0121
2022-01-19 23:33:11,180 root                INFO: Train: Epoch 190: train loss 0.0127
2022-01-19 23:33:14,744 root                INFO: Train: Epoch 191: train loss 0.0123
2022-01-19 23:33:18,298 root                INFO: Train: Epoch 192: train loss 0.0117
2022-01-19 23:33:21,976 root                INFO: Train: Epoch 193: train loss 0.0119
2022-01-19 23:33:25,575 root                INFO: Train: Epoch 194: train loss 0.0119
2022-01-19 23:33:29,173 root                INFO: Train: Epoch 195: train loss 0.0122
2022-01-19 23:33:32,746 root                INFO: Train: Epoch 196: train loss 0.0121
2022-01-19 23:33:34,697 root                INFO: Valid: Epoch 196: kendall tau 0.8000; loss 0.2963
2022-01-19 23:33:38,533 root                INFO: Train: Epoch 197: train loss 0.0124
2022-01-19 23:33:40,537 root                INFO: Valid: Epoch 197: kendall tau 0.8083; loss 0.2785
2022-01-19 23:33:44,194 root                INFO: Train: Epoch 198: train loss 0.0119
2022-01-19 23:33:46,091 root                INFO: Valid: Epoch 198: kendall tau 0.8169; loss 0.2887
2022-01-19 23:33:49,730 root                INFO: Train: Epoch 199: train loss 0.0127
2022-01-19 23:33:51,747 root                INFO: Valid: Epoch 199: kendall tau 0.8225; loss 0.2677
2022-01-19 23:33:55,552 root                INFO: Train: Epoch 200: train loss 0.0120
2022-01-19 23:33:57,550 root                INFO: Valid: Epoch 200: kendall tau 0.8178; loss 0.2835
2022-01-19 23:33:57,556 root                INFO: Epoch 200: Save checkpoint to nb1shot1_ablation_scale/true/0.1_1/1/21/200.ckpt
2022-01-19 23:33:59,529 root                INFO: [0.2857142857142857, 0.5277777777777778, 0.6111111111111112, 0.6703296703296703, 0.7860082304526749, 0.9187928669410151, 1.0]
2022-01-19 23:33:59,529 root                INFO: [2, 2]
