2022-01-21 17:38:57,226 root                INFO: GPU device = 1
2022-01-21 17:38:57,227 root                INFO: Load pkl cache from nasbench301_train.pkl and nasbench301_valid.pkl
2022-01-21 17:38:57,795 root                INFO: Config: {'arch_network_cfg': {'arch_embedder_cfg': {'take_adj_as_input': True, 'gcn_kwargs': {'residual_only': 2}, 'gcn_out_dims': [64, 64, 64, 64, 64], 'hidden_dim': 32, 'node_dim': 32, 'op_dim': 32, 'use_bn': False, 'final_concat': False, 'other_node_zero': False, 'num_time_steps': 2, 'fb_conversion_dims': [64, 64], 'backward_gcn_out_dims': [64, 64, 64, 64, 64], 'updateopemb_method': 'concat_ofb', 'updateopemb_dims': [64], 'share_skip_and_outskip': True, 'detach_vinfo': False, 'updateopemb_scale': 0.1, 'updateopemb_detach_opemb': True, 'updateopemb_detach_finfo': True, 'mask_nonparametrized_ops': True, 'symmetry_breaking_method': 'param_zs_add', 'concat_param_zs_as_opemb_dimension': 5, 'concat_param_zs_as_opemb_scale': 1.0}, 'arch_embedder_type': 'cellss-fbflow-anytime', 'compare_loss_type': 'margin_linear', 'compare_margin': 0.1, 'mlp_dropout': 0.1, 'mlp_hiddens': [200], 'mlp_out_dim': 1, 'optimizer': {'lr': 0.001, 'type': 'Adam'}, 'scheduler': None}, 'arch_network_type': 'pointwise_comparator', 'batch_size': 128, 'choose_pair_criterion': 'random', 'compare': False, 'compare_threshold': 0.0, 'epochs': 200, 'max_compare_ratio': 16.0}
2022-01-21 17:39:01,288 root                INFO: Combined args: Namespace(arch_network_type='pointwise_comparator', batch_size=128, cfg_file='cfgs/nb301_cfgs/tagates_anytime.yaml', choose_pair_criterion='random', compare=False, compare_threshold=0.0, epochs=200, eval_only_last=1, gpu=1, load=None, max_compare_ratio=16.0, num_workers=4, report_freq=200, save_every=200, save_predict=None, seed=202121, test_funcs=None, test_only=False, train_dir='nb301_anytime_tagates/tagates_0.05/1/202121', train_pkl='../mynas/data/nasbench-301/nasbench301_train_mtx_anytime_1.pkl', train_ratio=0.05, valid_pkl='../mynas/data/nasbench-301/nasbench301_valid_mtx_anytime.pkl')
2022-01-21 17:39:01,296 root                INFO: Train dataset ratio: 0.050
2022-01-21 17:39:01,296 root                INFO: Number of architectures: train: 294; valid: 51072
2022-01-21 17:39:14,725 root                INFO: Train: Epoch   1: train loss 0.3375
2022-01-21 17:39:15,383 root                INFO: Train: Epoch   2: train loss 0.3110
2022-01-21 17:39:16,042 root                INFO: Train: Epoch   3: train loss 0.2600
2022-01-21 17:39:16,703 root                INFO: Train: Epoch   4: train loss 0.1611
2022-01-21 17:39:17,357 root                INFO: Train: Epoch   5: train loss 0.0388
2022-01-21 17:39:17,979 root                INFO: Train: Epoch   6: train loss 0.0095
2022-01-21 17:39:18,603 root                INFO: Train: Epoch   7: train loss 0.0174
2022-01-21 17:39:19,239 root                INFO: Train: Epoch   8: train loss 0.0187
2022-01-21 17:39:19,926 root                INFO: Train: Epoch   9: train loss 0.0188
2022-01-21 17:39:20,591 root                INFO: Train: Epoch  10: train loss 0.0188
2022-01-21 17:39:21,286 root                INFO: Train: Epoch  11: train loss 0.0188
2022-01-21 17:39:21,967 root                INFO: Train: Epoch  12: train loss 0.0188
2022-01-21 17:39:22,653 root                INFO: Train: Epoch  13: train loss 0.0188
2022-01-21 17:39:23,293 root                INFO: Train: Epoch  14: train loss 0.0188
2022-01-21 17:39:23,955 root                INFO: Train: Epoch  15: train loss 0.0188
2022-01-21 17:39:24,633 root                INFO: Train: Epoch  16: train loss 0.0188
2022-01-21 17:39:25,318 root                INFO: Train: Epoch  17: train loss 0.0188
2022-01-21 17:39:26,010 root                INFO: Train: Epoch  18: train loss 0.0188
2022-01-21 17:39:26,714 root                INFO: Train: Epoch  19: train loss 0.0188
2022-01-21 17:39:27,414 root                INFO: Train: Epoch  20: train loss 0.0188
2022-01-21 17:39:28,087 root                INFO: Train: Epoch  21: train loss 0.0188
2022-01-21 17:39:28,786 root                INFO: Train: Epoch  22: train loss 0.0188
2022-01-21 17:39:29,487 root                INFO: Train: Epoch  23: train loss 0.0188
2022-01-21 17:39:30,228 root                INFO: Train: Epoch  24: train loss 0.0188
2022-01-21 17:39:30,921 root                INFO: Train: Epoch  25: train loss 0.0188
2022-01-21 17:39:31,598 root                INFO: Train: Epoch  26: train loss 0.0188
2022-01-21 17:39:32,277 root                INFO: Train: Epoch  27: train loss 0.0188
2022-01-21 17:39:32,965 root                INFO: Train: Epoch  28: train loss 0.0188
2022-01-21 17:39:33,642 root                INFO: Train: Epoch  29: train loss 0.0188
2022-01-21 17:39:34,319 root                INFO: Train: Epoch  30: train loss 0.0188
2022-01-21 17:39:34,984 root                INFO: Train: Epoch  31: train loss 0.0188
2022-01-21 17:39:35,675 root                INFO: Train: Epoch  32: train loss 0.0188
2022-01-21 17:39:36,340 root                INFO: Train: Epoch  33: train loss 0.0188
2022-01-21 17:39:37,017 root                INFO: Train: Epoch  34: train loss 0.0188
2022-01-21 17:39:37,705 root                INFO: Train: Epoch  35: train loss 0.0188
2022-01-21 17:39:38,398 root                INFO: Train: Epoch  36: train loss 0.0188
2022-01-21 17:39:39,132 root                INFO: Train: Epoch  37: train loss 0.0188
2022-01-21 17:39:39,814 root                INFO: Train: Epoch  38: train loss 0.0188
2022-01-21 17:39:40,442 root                INFO: Train: Epoch  39: train loss 0.0188
2022-01-21 17:39:41,078 root                INFO: Train: Epoch  40: train loss 0.0188
2022-01-21 17:39:41,721 root                INFO: Train: Epoch  41: train loss 0.0188
2022-01-21 17:39:42,378 root                INFO: Train: Epoch  42: train loss 0.0188
2022-01-21 17:39:43,060 root                INFO: Train: Epoch  43: train loss 0.0188
2022-01-21 17:39:43,720 root                INFO: Train: Epoch  44: train loss 0.0188
2022-01-21 17:39:44,383 root                INFO: Train: Epoch  45: train loss 0.0188
2022-01-21 17:39:45,058 root                INFO: Train: Epoch  46: train loss 0.0188
2022-01-21 17:39:45,742 root                INFO: Train: Epoch  47: train loss 0.0188
2022-01-21 17:39:46,382 root                INFO: Train: Epoch  48: train loss 0.0188
2022-01-21 17:39:47,063 root                INFO: Train: Epoch  49: train loss 0.0188
2022-01-21 17:39:47,718 root                INFO: Train: Epoch  50: train loss 0.0188
2022-01-21 17:39:48,372 root                INFO: Train: Epoch  51: train loss 0.0188
2022-01-21 17:39:49,029 root                INFO: Train: Epoch  52: train loss 0.0188
2022-01-21 17:39:49,700 root                INFO: Train: Epoch  53: train loss 0.0188
2022-01-21 17:39:50,360 root                INFO: Train: Epoch  54: train loss 0.0188
2022-01-21 17:39:51,000 root                INFO: Train: Epoch  55: train loss 0.0188
2022-01-21 17:39:51,695 root                INFO: Train: Epoch  56: train loss 0.0188
2022-01-21 17:39:52,328 root                INFO: Train: Epoch  57: train loss 0.0188
2022-01-21 17:39:52,982 root                INFO: Train: Epoch  58: train loss 0.0188
2022-01-21 17:39:53,629 root                INFO: Train: Epoch  59: train loss 0.0188
2022-01-21 17:39:54,326 root                INFO: Train: Epoch  60: train loss 0.0188
2022-01-21 17:39:55,038 root                INFO: Train: Epoch  61: train loss 0.0188
2022-01-21 17:39:55,699 root                INFO: Train: Epoch  62: train loss 0.0188
2022-01-21 17:39:56,388 root                INFO: Train: Epoch  63: train loss 0.0188
2022-01-21 17:39:57,063 root                INFO: Train: Epoch  64: train loss 0.0188
2022-01-21 17:39:57,743 root                INFO: Train: Epoch  65: train loss 0.0188
2022-01-21 17:39:58,418 root                INFO: Train: Epoch  66: train loss 0.0188
2022-01-21 17:39:59,128 root                INFO: Train: Epoch  67: train loss 0.0188
2022-01-21 17:39:59,798 root                INFO: Train: Epoch  68: train loss 0.0188
2022-01-21 17:40:00,448 root                INFO: Train: Epoch  69: train loss 0.0188
2022-01-21 17:40:01,145 root                INFO: Train: Epoch  70: train loss 0.0188
2022-01-21 17:40:01,859 root                INFO: Train: Epoch  71: train loss 0.0188
2022-01-21 17:40:02,509 root                INFO: Train: Epoch  72: train loss 0.0188
2022-01-21 17:40:03,208 root                INFO: Train: Epoch  73: train loss 0.0188
2022-01-21 17:40:03,908 root                INFO: Train: Epoch  74: train loss 0.0188
2022-01-21 17:40:04,633 root                INFO: Train: Epoch  75: train loss 0.0188
2022-01-21 17:40:05,371 root                INFO: Train: Epoch  76: train loss 0.0188
2022-01-21 17:40:06,075 root                INFO: Train: Epoch  77: train loss 0.0188
2022-01-21 17:40:06,765 root                INFO: Train: Epoch  78: train loss 0.0188
2022-01-21 17:40:07,462 root                INFO: Train: Epoch  79: train loss 0.0188
2022-01-21 17:40:08,136 root                INFO: Train: Epoch  80: train loss 0.0188
2022-01-21 17:40:08,799 root                INFO: Train: Epoch  81: train loss 0.0188
2022-01-21 17:40:09,480 root                INFO: Train: Epoch  82: train loss 0.0188
2022-01-21 17:40:10,142 root                INFO: Train: Epoch  83: train loss 0.0188
2022-01-21 17:40:10,814 root                INFO: Train: Epoch  84: train loss 0.0188
2022-01-21 17:40:11,489 root                INFO: Train: Epoch  85: train loss 0.0188
2022-01-21 17:40:12,157 root                INFO: Train: Epoch  86: train loss 0.0188
2022-01-21 17:40:12,849 root                INFO: Train: Epoch  87: train loss 0.0188
2022-01-21 17:40:13,547 root                INFO: Train: Epoch  88: train loss 0.0188
2022-01-21 17:40:14,253 root                INFO: Train: Epoch  89: train loss 0.0188
2022-01-21 17:40:14,944 root                INFO: Train: Epoch  90: train loss 0.0188
2022-01-21 17:40:15,606 root                INFO: Train: Epoch  91: train loss 0.0188
2022-01-21 17:40:16,304 root                INFO: Train: Epoch  92: train loss 0.0188
2022-01-21 17:40:16,980 root                INFO: Train: Epoch  93: train loss 0.0188
2022-01-21 17:40:17,641 root                INFO: Train: Epoch  94: train loss 0.0188
2022-01-21 17:40:18,312 root                INFO: Train: Epoch  95: train loss 0.0188
2022-01-21 17:40:18,960 root                INFO: Train: Epoch  96: train loss 0.0188
2022-01-21 17:40:19,600 root                INFO: Train: Epoch  97: train loss 0.0188
2022-01-21 17:40:20,294 root                INFO: Train: Epoch  98: train loss 0.0188
2022-01-21 17:40:20,951 root                INFO: Train: Epoch  99: train loss 0.0188
2022-01-21 17:40:21,625 root                INFO: Train: Epoch 100: train loss 0.0188
2022-01-21 17:40:22,309 root                INFO: Train: Epoch 101: train loss 0.0188
2022-01-21 17:40:22,953 root                INFO: Train: Epoch 102: train loss 0.0188
2022-01-21 17:40:23,610 root                INFO: Train: Epoch 103: train loss 0.0188
2022-01-21 17:40:24,253 root                INFO: Train: Epoch 104: train loss 0.0188
2022-01-21 17:40:24,908 root                INFO: Train: Epoch 105: train loss 0.0188
2022-01-21 17:40:25,566 root                INFO: Train: Epoch 106: train loss 0.0188
2022-01-21 17:40:26,282 root                INFO: Train: Epoch 107: train loss 0.0188
2022-01-21 17:40:26,974 root                INFO: Train: Epoch 108: train loss 0.0188
2022-01-21 17:40:27,658 root                INFO: Train: Epoch 109: train loss 0.0188
2022-01-21 17:40:28,349 root                INFO: Train: Epoch 110: train loss 0.0188
2022-01-21 17:40:29,039 root                INFO: Train: Epoch 111: train loss 0.0188
2022-01-21 17:40:29,748 root                INFO: Train: Epoch 112: train loss 0.0188
2022-01-21 17:40:30,424 root                INFO: Train: Epoch 113: train loss 0.0188
2022-01-21 17:40:31,117 root                INFO: Train: Epoch 114: train loss 0.0188
2022-01-21 17:40:31,803 root                INFO: Train: Epoch 115: train loss 0.0188
2022-01-21 17:40:32,534 root                INFO: Train: Epoch 116: train loss 0.0188
2022-01-21 17:40:33,227 root                INFO: Train: Epoch 117: train loss 0.0188
2022-01-21 17:40:33,931 root                INFO: Train: Epoch 118: train loss 0.0188
2022-01-21 17:40:34,671 root                INFO: Train: Epoch 119: train loss 0.0188
2022-01-21 17:40:35,364 root                INFO: Train: Epoch 120: train loss 0.0188
2022-01-21 17:40:36,031 root                INFO: Train: Epoch 121: train loss 0.0188
2022-01-21 17:40:36,719 root                INFO: Train: Epoch 122: train loss 0.0188
2022-01-21 17:40:37,429 root                INFO: Train: Epoch 123: train loss 0.0188
2022-01-21 17:40:38,134 root                INFO: Train: Epoch 124: train loss 0.0188
2022-01-21 17:40:38,854 root                INFO: Train: Epoch 125: train loss 0.0188
2022-01-21 17:40:39,563 root                INFO: Train: Epoch 126: train loss 0.0188
2022-01-21 17:40:40,274 root                INFO: Train: Epoch 127: train loss 0.0188
2022-01-21 17:40:40,969 root                INFO: Train: Epoch 128: train loss 0.0188
2022-01-21 17:40:41,644 root                INFO: Train: Epoch 129: train loss 0.0188
2022-01-21 17:40:42,327 root                INFO: Train: Epoch 130: train loss 0.0188
2022-01-21 17:40:43,029 root                INFO: Train: Epoch 131: train loss 0.0188
2022-01-21 17:40:43,721 root                INFO: Train: Epoch 132: train loss 0.0188
2022-01-21 17:40:44,419 root                INFO: Train: Epoch 133: train loss 0.0188
2022-01-21 17:40:45,112 root                INFO: Train: Epoch 134: train loss 0.0188
2022-01-21 17:40:45,803 root                INFO: Train: Epoch 135: train loss 0.0188
2022-01-21 17:40:46,487 root                INFO: Train: Epoch 136: train loss 0.0188
2022-01-21 17:40:47,184 root                INFO: Train: Epoch 137: train loss 0.0188
2022-01-21 17:40:47,865 root                INFO: Train: Epoch 138: train loss 0.0188
2022-01-21 17:40:48,567 root                INFO: Train: Epoch 139: train loss 0.0188
2022-01-21 17:40:49,281 root                INFO: Train: Epoch 140: train loss 0.0188
2022-01-21 17:40:49,955 root                INFO: Train: Epoch 141: train loss 0.0188
2022-01-21 17:40:50,626 root                INFO: Train: Epoch 142: train loss 0.0188
2022-01-21 17:40:51,328 root                INFO: Train: Epoch 143: train loss 0.0188
2022-01-21 17:40:52,001 root                INFO: Train: Epoch 144: train loss 0.0188
2022-01-21 17:40:52,702 root                INFO: Train: Epoch 145: train loss 0.0188
2022-01-21 17:40:53,365 root                INFO: Train: Epoch 146: train loss 0.0188
2022-01-21 17:40:54,059 root                INFO: Train: Epoch 147: train loss 0.0188
2022-01-21 17:40:54,736 root                INFO: Train: Epoch 148: train loss 0.0188
2022-01-21 17:40:55,444 root                INFO: Train: Epoch 149: train loss 0.0188
2022-01-21 17:40:56,114 root                INFO: Train: Epoch 150: train loss 0.0188
2022-01-21 17:40:56,790 root                INFO: Train: Epoch 151: train loss 0.0188
2022-01-21 17:40:57,473 root                INFO: Train: Epoch 152: train loss 0.0188
2022-01-21 17:40:58,123 root                INFO: Train: Epoch 153: train loss 0.0188
2022-01-21 17:40:58,812 root                INFO: Train: Epoch 154: train loss 0.0188
2022-01-21 17:40:59,514 root                INFO: Train: Epoch 155: train loss 0.0188
2022-01-21 17:41:00,191 root                INFO: Train: Epoch 156: train loss 0.0188
2022-01-21 17:41:00,869 root                INFO: Train: Epoch 157: train loss 0.0188
2022-01-21 17:41:01,567 root                INFO: Train: Epoch 158: train loss 0.0188
2022-01-21 17:41:02,244 root                INFO: Train: Epoch 159: train loss 0.0188
2022-01-21 17:41:02,924 root                INFO: Train: Epoch 160: train loss 0.0188
2022-01-21 17:41:03,596 root                INFO: Train: Epoch 161: train loss 0.0188
2022-01-21 17:41:04,267 root                INFO: Train: Epoch 162: train loss 0.0188
2022-01-21 17:41:04,943 root                INFO: Train: Epoch 163: train loss 0.0188
2022-01-21 17:41:05,637 root                INFO: Train: Epoch 164: train loss 0.0188
2022-01-21 17:41:06,316 root                INFO: Train: Epoch 165: train loss 0.0188
2022-01-21 17:41:06,978 root                INFO: Train: Epoch 166: train loss 0.0188
2022-01-21 17:41:07,671 root                INFO: Train: Epoch 167: train loss 0.0188
2022-01-21 17:41:08,350 root                INFO: Train: Epoch 168: train loss 0.0188
2022-01-21 17:41:09,054 root                INFO: Train: Epoch 169: train loss 0.0188
2022-01-21 17:41:09,744 root                INFO: Train: Epoch 170: train loss 0.0188
2022-01-21 17:41:10,414 root                INFO: Train: Epoch 171: train loss 0.0188
2022-01-21 17:41:11,073 root                INFO: Train: Epoch 172: train loss 0.0188
2022-01-21 17:41:11,746 root                INFO: Train: Epoch 173: train loss 0.0188
2022-01-21 17:41:12,463 root                INFO: Train: Epoch 174: train loss 0.0188
2022-01-21 17:41:13,130 root                INFO: Train: Epoch 175: train loss 0.0188
2022-01-21 17:41:13,801 root                INFO: Train: Epoch 176: train loss 0.0188
2022-01-21 17:41:14,492 root                INFO: Train: Epoch 177: train loss 0.0188
2022-01-21 17:41:15,163 root                INFO: Train: Epoch 178: train loss 0.0188
2022-01-21 17:41:15,828 root                INFO: Train: Epoch 179: train loss 0.0188
2022-01-21 17:41:16,506 root                INFO: Train: Epoch 180: train loss 0.0188
2022-01-21 17:41:17,201 root                INFO: Train: Epoch 181: train loss 0.0188
2022-01-21 17:41:17,892 root                INFO: Train: Epoch 182: train loss 0.0188
2022-01-21 17:41:18,589 root                INFO: Train: Epoch 183: train loss 0.0188
2022-01-21 17:41:19,273 root                INFO: Train: Epoch 184: train loss 0.0188
2022-01-21 17:41:19,919 root                INFO: Train: Epoch 185: train loss 0.0188
2022-01-21 17:41:20,590 root                INFO: Train: Epoch 186: train loss 0.0188
2022-01-21 17:41:21,265 root                INFO: Train: Epoch 187: train loss 0.0188
2022-01-21 17:41:21,943 root                INFO: Train: Epoch 188: train loss 0.0188
2022-01-21 17:41:22,602 root                INFO: Train: Epoch 189: train loss 0.0188
2022-01-21 17:41:23,297 root                INFO: Train: Epoch 190: train loss 0.0188
2022-01-21 17:41:23,955 root                INFO: Train: Epoch 191: train loss 0.0188
2022-01-21 17:41:24,616 root                INFO: Train: Epoch 192: train loss 0.0188
2022-01-21 17:41:25,279 root                INFO: Train: Epoch 193: train loss 0.0188
2022-01-21 17:41:25,933 root                INFO: Train: Epoch 194: train loss 0.0188
2022-01-21 17:41:26,593 root                INFO: Train: Epoch 195: train loss 0.0188
2022-01-21 17:41:27,262 root                INFO: Train: Epoch 196: train loss 0.0188
2022-01-21 17:41:27,943 root                INFO: Train: Epoch 197: train loss 0.0188
2022-01-21 17:41:28,603 root                INFO: Train: Epoch 198: train loss 0.0188
2022-01-21 17:41:29,241 root                INFO: Train: Epoch 199: train loss 0.0188
2022-01-21 17:41:29,899 root                INFO: Train: Epoch 200: train loss 0.0188
2022-01-21 17:41:44,158 root                INFO: Valid: Epoch 200: kendall tau 0.0634 0.0653; loss 0.01372 0.004756
2022-01-21 17:41:44,164 root                INFO: Epoch 200: Save checkpoint to nb301_anytime_tagates/tagates_0.05/1/202121/200.ckpt
2022-01-21 17:41:58,406 root                INFO: [0.0, 0.0, 0.0, 0.04230317273795535, 0.13902486782847073, 0.6231594611528822, 1.0]
2022-01-21 17:41:58,406 root                INFO: [0.0, 0.0, 0.0, 0.07638072855464159, 0.16702565106716272, 0.6266838972431078, 1.0]
2022-01-21 17:41:58,406 root                INFO: [16246, 16246]
2022-01-21 17:41:58,406 root                INFO: [16245, 873]
2022-01-21 22:15:56,486 root                INFO: GPU device = 3
2022-01-21 22:15:56,486 root                INFO: Load pkl cache from nasbench301_train.pkl and nasbench301_valid.pkl
2022-01-21 22:15:57,100 root                INFO: Config: {'arch_network_cfg': {'arch_embedder_cfg': {'take_adj_as_input': True, 'gcn_kwargs': {'residual_only': 2}, 'gcn_out_dims': [64, 64, 64, 64, 64], 'hidden_dim': 32, 'node_dim': 32, 'op_dim': 32, 'use_bn': False, 'final_concat': False, 'other_node_zero': False, 'num_time_steps': 2, 'fb_conversion_dims': [64, 64], 'backward_gcn_out_dims': [64, 64, 64, 64, 64], 'updateopemb_method': 'concat_ofb', 'updateopemb_dims': [64], 'share_skip_and_outskip': True, 'detach_vinfo': False, 'updateopemb_scale': 0.1, 'updateopemb_detach_opemb': True, 'updateopemb_detach_finfo': True, 'mask_nonparametrized_ops': True, 'symmetry_breaking_method': 'param_zs_add', 'concat_param_zs_as_opemb_dimension': 5, 'concat_param_zs_as_opemb_scale': 1.0}, 'arch_embedder_type': 'cellss-fbflow-anytime', 'compare_loss_type': 'margin_linear', 'compare_margin': 0.1, 'mlp_dropout': 0.1, 'mlp_hiddens': [200], 'mlp_out_dim': 1, 'optimizer': {'lr': 0.0001, 'type': 'Adam'}, 'scheduler': None}, 'arch_network_type': 'pointwise_comparator', 'batch_size': 128, 'choose_pair_criterion': 'random', 'compare': False, 'compare_threshold': 0.0, 'epochs': 200, 'max_compare_ratio': 16.0}
2022-01-21 22:16:02,313 root                INFO: Combined args: Namespace(arch_network_type='pointwise_comparator', batch_size=128, cfg_file='cfgs/nb301_cfgs/tagates_anytime.yaml', choose_pair_criterion='random', compare=False, compare_threshold=0.0, epochs=200, eval_only_last=1, gpu=3, load=None, max_compare_ratio=16.0, num_workers=4, report_freq=200, save_every=200, save_predict=None, seed=202121, test_funcs=None, test_only=False, train_dir='nb301_anytime_tagates/tagates_0.05/1/202121', train_pkl='../mynas/data/nasbench-301/nasbench301_train_mtx_anytime_1.pkl', train_ratio=0.05, valid_pkl='../mynas/data/nasbench-301/nasbench301_valid_mtx_anytime.pkl')
2022-01-21 22:16:02,320 root                INFO: Train dataset ratio: 0.050
2022-01-21 22:16:02,321 root                INFO: Number of architectures: train: 294; valid: 51072
2022-01-21 22:16:17,787 root                INFO: Train: Epoch   1: train loss 0.3421
2022-01-21 22:16:18,950 root                INFO: Train: Epoch   2: train loss 0.3397
2022-01-21 22:16:20,020 root                INFO: Train: Epoch   3: train loss 0.3373
2022-01-21 22:16:21,083 root                INFO: Train: Epoch   4: train loss 0.3352
2022-01-21 22:16:22,031 root                INFO: Train: Epoch   5: train loss 0.3327
2022-01-21 22:16:23,023 root                INFO: Train: Epoch   6: train loss 0.3300
2022-01-21 22:16:23,967 root                INFO: Train: Epoch   7: train loss 0.3270
2022-01-21 22:16:24,847 root                INFO: Train: Epoch   8: train loss 0.3241
2022-01-21 22:16:25,748 root                INFO: Train: Epoch   9: train loss 0.3203
2022-01-21 22:16:26,735 root                INFO: Train: Epoch  10: train loss 0.3159
2022-01-21 22:16:27,671 root                INFO: Train: Epoch  11: train loss 0.3114
2022-01-21 22:16:28,650 root                INFO: Train: Epoch  12: train loss 0.3052
2022-01-21 22:16:29,522 root                INFO: Train: Epoch  13: train loss 0.2989
2022-01-21 22:16:30,446 root                INFO: Train: Epoch  14: train loss 0.2915
2022-01-21 22:16:31,404 root                INFO: Train: Epoch  15: train loss 0.2824
2022-01-21 22:16:32,319 root                INFO: Train: Epoch  16: train loss 0.2722
2022-01-21 22:16:33,189 root                INFO: Train: Epoch  17: train loss 0.2605
2022-01-21 22:16:34,131 root                INFO: Train: Epoch  18: train loss 0.2457
2022-01-21 22:16:35,197 root                INFO: Train: Epoch  19: train loss 0.2303
2022-01-21 22:16:36,182 root                INFO: Train: Epoch  20: train loss 0.2119
2022-01-21 22:16:37,238 root                INFO: Train: Epoch  21: train loss 0.1904
2022-01-21 22:16:38,292 root                INFO: Train: Epoch  22: train loss 0.1673
2022-01-21 22:16:39,328 root                INFO: Train: Epoch  23: train loss 0.1427
2022-01-21 22:16:40,316 root                INFO: Train: Epoch  24: train loss 0.1170
2022-01-21 22:16:41,229 root                INFO: Train: Epoch  25: train loss 0.0925
2022-01-21 22:16:42,250 root                INFO: Train: Epoch  26: train loss 0.0683
2022-01-21 22:16:43,264 root                INFO: Train: Epoch  27: train loss 0.0477
2022-01-21 22:16:44,481 root                INFO: Train: Epoch  28: train loss 0.0309
2022-01-21 22:16:45,494 root                INFO: Train: Epoch  29: train loss 0.0191
2022-01-21 22:16:46,574 root                INFO: Train: Epoch  30: train loss 0.0116
2022-01-21 22:16:47,769 root                INFO: Train: Epoch  31: train loss 0.0071
2022-01-21 22:16:48,983 root                INFO: Train: Epoch  32: train loss 0.0051
2022-01-21 22:16:49,980 root                INFO: Train: Epoch  33: train loss 0.0043
2022-01-21 22:16:50,995 root                INFO: Train: Epoch  34: train loss 0.0041
2022-01-21 22:16:52,201 root                INFO: Train: Epoch  35: train loss 0.0042
2022-01-21 22:16:53,212 root                INFO: Train: Epoch  36: train loss 0.0041
2022-01-21 22:16:54,319 root                INFO: Train: Epoch  37: train loss 0.0040
2022-01-21 22:16:55,373 root                INFO: Train: Epoch  38: train loss 0.0038
2022-01-21 22:16:56,407 root                INFO: Train: Epoch  39: train loss 0.0034
2022-01-21 22:16:57,471 root                INFO: Train: Epoch  40: train loss 0.0030
2022-01-21 22:16:58,501 root                INFO: Train: Epoch  41: train loss 0.0028
2022-01-21 22:16:59,620 root                INFO: Train: Epoch  42: train loss 0.0023
2022-01-21 22:17:00,764 root                INFO: Train: Epoch  43: train loss 0.0020
2022-01-21 22:17:01,765 root                INFO: Train: Epoch  44: train loss 0.0017
2022-01-21 22:17:02,766 root                INFO: Train: Epoch  45: train loss 0.0014
2022-01-21 22:17:03,807 root                INFO: Train: Epoch  46: train loss 0.0014
2022-01-21 22:17:04,874 root                INFO: Train: Epoch  47: train loss 0.0012
2022-01-21 22:17:06,042 root                INFO: Train: Epoch  48: train loss 0.0011
2022-01-21 22:17:07,061 root                INFO: Train: Epoch  49: train loss 0.0010
2022-01-21 22:17:08,128 root                INFO: Train: Epoch  50: train loss 0.0010
2022-01-21 22:17:09,270 root                INFO: Train: Epoch  51: train loss 0.0009
2022-01-21 22:17:10,321 root                INFO: Train: Epoch  52: train loss 0.0009
2022-01-21 22:17:11,233 root                INFO: Train: Epoch  53: train loss 0.0009
2022-01-21 22:17:12,282 root                INFO: Train: Epoch  54: train loss 0.0008
2022-01-21 22:17:13,302 root                INFO: Train: Epoch  55: train loss 0.0009
2022-01-21 22:17:14,427 root                INFO: Train: Epoch  56: train loss 0.0009
2022-01-21 22:17:15,418 root                INFO: Train: Epoch  57: train loss 0.0009
2022-01-21 22:17:16,568 root                INFO: Train: Epoch  58: train loss 0.0009
2022-01-21 22:17:17,844 root                INFO: Train: Epoch  59: train loss 0.0009
2022-01-21 22:17:19,133 root                INFO: Train: Epoch  60: train loss 0.0009
2022-01-21 22:17:20,304 root                INFO: Train: Epoch  61: train loss 0.0009
2022-01-21 22:17:21,399 root                INFO: Train: Epoch  62: train loss 0.0009
2022-01-21 22:17:22,475 root                INFO: Train: Epoch  63: train loss 0.0009
2022-01-21 22:17:23,576 root                INFO: Train: Epoch  64: train loss 0.0008
2022-01-21 22:17:24,774 root                INFO: Train: Epoch  65: train loss 0.0009
2022-01-21 22:17:25,921 root                INFO: Train: Epoch  66: train loss 0.0009
2022-01-21 22:17:27,050 root                INFO: Train: Epoch  67: train loss 0.0008
2022-01-21 22:17:28,030 root                INFO: Train: Epoch  68: train loss 0.0009
2022-01-21 22:17:29,001 root                INFO: Train: Epoch  69: train loss 0.0009
2022-01-21 22:17:30,009 root                INFO: Train: Epoch  70: train loss 0.0008
2022-01-21 22:17:31,017 root                INFO: Train: Epoch  71: train loss 0.0009
2022-01-21 22:17:32,079 root                INFO: Train: Epoch  72: train loss 0.0008
2022-01-21 22:17:33,590 root                INFO: Train: Epoch  73: train loss 0.0009
2022-01-21 22:17:34,815 root                INFO: Train: Epoch  74: train loss 0.0008
2022-01-21 22:17:35,919 root                INFO: Train: Epoch  75: train loss 0.0009
2022-01-21 22:17:36,946 root                INFO: Train: Epoch  76: train loss 0.0008
2022-01-21 22:17:38,028 root                INFO: Train: Epoch  77: train loss 0.0009
2022-01-21 22:17:39,107 root                INFO: Train: Epoch  78: train loss 0.0009
2022-01-21 22:17:40,309 root                INFO: Train: Epoch  79: train loss 0.0008
2022-01-21 22:17:41,348 root                INFO: Train: Epoch  80: train loss 0.0008
2022-01-21 22:17:42,427 root                INFO: Train: Epoch  81: train loss 0.0008
2022-01-21 22:17:43,623 root                INFO: Train: Epoch  82: train loss 0.0008
2022-01-21 22:17:44,751 root                INFO: Train: Epoch  83: train loss 0.0009
2022-01-21 22:17:46,003 root                INFO: Train: Epoch  84: train loss 0.0008
2022-01-21 22:17:47,365 root                INFO: Train: Epoch  85: train loss 0.0008
2022-01-21 22:17:48,498 root                INFO: Train: Epoch  86: train loss 0.0008
2022-01-21 22:17:49,852 root                INFO: Train: Epoch  87: train loss 0.0008
2022-01-21 22:17:51,074 root                INFO: Train: Epoch  88: train loss 0.0008
2022-01-21 22:17:52,204 root                INFO: Train: Epoch  89: train loss 0.0008
2022-01-21 22:17:53,417 root                INFO: Train: Epoch  90: train loss 0.0008
2022-01-21 22:17:54,692 root                INFO: Train: Epoch  91: train loss 0.0008
2022-01-21 22:17:56,070 root                INFO: Train: Epoch  92: train loss 0.0008
2022-01-21 22:17:57,310 root                INFO: Train: Epoch  93: train loss 0.0009
2022-01-21 22:17:58,552 root                INFO: Train: Epoch  94: train loss 0.0008
2022-01-21 22:17:59,825 root                INFO: Train: Epoch  95: train loss 0.0008
2022-01-21 22:18:01,056 root                INFO: Train: Epoch  96: train loss 0.0009
2022-01-21 22:18:02,251 root                INFO: Train: Epoch  97: train loss 0.0008
2022-01-21 22:18:03,377 root                INFO: Train: Epoch  98: train loss 0.0008
2022-01-21 22:18:04,488 root                INFO: Train: Epoch  99: train loss 0.0008
2022-01-21 22:18:05,711 root                INFO: Train: Epoch 100: train loss 0.0008
2022-01-21 22:18:06,791 root                INFO: Train: Epoch 101: train loss 0.0008
2022-01-21 22:18:07,911 root                INFO: Train: Epoch 102: train loss 0.0008
2022-01-21 22:18:09,034 root                INFO: Train: Epoch 103: train loss 0.0008
2022-01-21 22:18:10,219 root                INFO: Train: Epoch 104: train loss 0.0008
2022-01-21 22:18:11,354 root                INFO: Train: Epoch 105: train loss 0.0009
2022-01-21 22:18:12,323 root                INFO: Train: Epoch 106: train loss 0.0007
2022-01-21 22:18:13,484 root                INFO: Train: Epoch 107: train loss 0.0008
2022-01-21 22:18:14,542 root                INFO: Train: Epoch 108: train loss 0.0008
2022-01-21 22:18:15,673 root                INFO: Train: Epoch 109: train loss 0.0008
2022-01-21 22:18:16,796 root                INFO: Train: Epoch 110: train loss 0.0008
2022-01-21 22:18:17,946 root                INFO: Train: Epoch 111: train loss 0.0008
2022-01-21 22:18:19,228 root                INFO: Train: Epoch 112: train loss 0.0008
2022-01-21 22:18:20,226 root                INFO: Train: Epoch 113: train loss 0.0008
2022-01-21 22:18:21,207 root                INFO: Train: Epoch 114: train loss 0.0008
2022-01-21 22:18:22,306 root                INFO: Train: Epoch 115: train loss 0.0008
2022-01-21 22:18:23,454 root                INFO: Train: Epoch 116: train loss 0.0007
2022-01-21 22:18:24,432 root                INFO: Train: Epoch 117: train loss 0.0008
2022-01-21 22:18:25,531 root                INFO: Train: Epoch 118: train loss 0.0008
2022-01-21 22:18:26,496 root                INFO: Train: Epoch 119: train loss 0.0008
2022-01-21 22:18:27,533 root                INFO: Train: Epoch 120: train loss 0.0007
2022-01-21 22:18:28,534 root                INFO: Train: Epoch 121: train loss 0.0007
2022-01-21 22:18:29,389 root                INFO: Train: Epoch 122: train loss 0.0007
2022-01-21 22:18:30,433 root                INFO: Train: Epoch 123: train loss 0.0007
2022-01-21 22:18:31,370 root                INFO: Train: Epoch 124: train loss 0.0008
2022-01-21 22:18:32,337 root                INFO: Train: Epoch 125: train loss 0.0008
2022-01-21 22:18:33,417 root                INFO: Train: Epoch 126: train loss 0.0007
2022-01-21 22:18:34,598 root                INFO: Train: Epoch 127: train loss 0.0007
2022-01-21 22:18:35,663 root                INFO: Train: Epoch 128: train loss 0.0007
2022-01-21 22:18:36,666 root                INFO: Train: Epoch 129: train loss 0.0007
2022-01-21 22:18:37,727 root                INFO: Train: Epoch 130: train loss 0.0007
2022-01-21 22:18:38,730 root                INFO: Train: Epoch 131: train loss 0.0008
2022-01-21 22:18:39,761 root                INFO: Train: Epoch 132: train loss 0.0007
2022-01-21 22:18:40,885 root                INFO: Train: Epoch 133: train loss 0.0007
2022-01-21 22:18:41,776 root                INFO: Train: Epoch 134: train loss 0.0007
2022-01-21 22:18:42,752 root                INFO: Train: Epoch 135: train loss 0.0007
2022-01-21 22:18:43,679 root                INFO: Train: Epoch 136: train loss 0.0007
2022-01-21 22:18:44,682 root                INFO: Train: Epoch 137: train loss 0.0007
2022-01-21 22:18:45,790 root                INFO: Train: Epoch 138: train loss 0.0007
2022-01-21 22:18:46,718 root                INFO: Train: Epoch 139: train loss 0.0007
2022-01-21 22:18:47,616 root                INFO: Train: Epoch 140: train loss 0.0007
2022-01-21 22:18:48,500 root                INFO: Train: Epoch 141: train loss 0.0007
2022-01-21 22:18:49,407 root                INFO: Train: Epoch 142: train loss 0.0007
2022-01-21 22:18:50,451 root                INFO: Train: Epoch 143: train loss 0.0007
2022-01-21 22:18:51,415 root                INFO: Train: Epoch 144: train loss 0.0007
2022-01-21 22:18:52,343 root                INFO: Train: Epoch 145: train loss 0.0007
2022-01-21 22:18:53,314 root                INFO: Train: Epoch 146: train loss 0.0007
2022-01-21 22:18:54,297 root                INFO: Train: Epoch 147: train loss 0.0007
2022-01-21 22:18:55,144 root                INFO: Train: Epoch 148: train loss 0.0007
2022-01-21 22:18:56,003 root                INFO: Train: Epoch 149: train loss 0.0007
2022-01-21 22:18:56,868 root                INFO: Train: Epoch 150: train loss 0.0008
2022-01-21 22:18:57,694 root                INFO: Train: Epoch 151: train loss 0.0007
2022-01-21 22:18:58,623 root                INFO: Train: Epoch 152: train loss 0.0007
2022-01-21 22:18:59,571 root                INFO: Train: Epoch 153: train loss 0.0006
2022-01-21 22:19:00,516 root                INFO: Train: Epoch 154: train loss 0.0007
2022-01-21 22:19:01,507 root                INFO: Train: Epoch 155: train loss 0.0007
2022-01-21 22:19:02,439 root                INFO: Train: Epoch 156: train loss 0.0007
2022-01-21 22:19:03,451 root                INFO: Train: Epoch 157: train loss 0.0007
2022-01-21 22:19:04,398 root                INFO: Train: Epoch 158: train loss 0.0007
2022-01-21 22:19:05,208 root                INFO: Train: Epoch 159: train loss 0.0007
2022-01-21 22:19:05,999 root                INFO: Train: Epoch 160: train loss 0.0007
2022-01-21 22:19:06,849 root                INFO: Train: Epoch 161: train loss 0.0007
2022-01-21 22:19:07,654 root                INFO: Train: Epoch 162: train loss 0.0007
2022-01-21 22:19:08,363 root                INFO: Train: Epoch 163: train loss 0.0006
2022-01-21 22:19:09,143 root                INFO: Train: Epoch 164: train loss 0.0007
2022-01-21 22:19:09,864 root                INFO: Train: Epoch 165: train loss 0.0007
2022-01-21 22:19:10,607 root                INFO: Train: Epoch 166: train loss 0.0007
2022-01-21 22:19:11,477 root                INFO: Train: Epoch 167: train loss 0.0007
2022-01-21 22:19:12,222 root                INFO: Train: Epoch 168: train loss 0.0007
2022-01-21 22:19:13,002 root                INFO: Train: Epoch 169: train loss 0.0007
2022-01-21 22:19:13,786 root                INFO: Train: Epoch 170: train loss 0.0007
2022-01-21 22:19:14,565 root                INFO: Train: Epoch 171: train loss 0.0007
2022-01-21 22:19:15,382 root                INFO: Train: Epoch 172: train loss 0.0006
2022-01-21 22:19:16,263 root                INFO: Train: Epoch 173: train loss 0.0007
2022-01-21 22:19:17,034 root                INFO: Train: Epoch 174: train loss 0.0007
2022-01-21 22:19:17,757 root                INFO: Train: Epoch 175: train loss 0.0006
2022-01-21 22:19:18,468 root                INFO: Train: Epoch 176: train loss 0.0006
2022-01-21 22:19:19,186 root                INFO: Train: Epoch 177: train loss 0.0007
2022-01-21 22:19:19,927 root                INFO: Train: Epoch 178: train loss 0.0006
2022-01-21 22:19:20,743 root                INFO: Train: Epoch 179: train loss 0.0007
2022-01-21 22:19:21,570 root                INFO: Train: Epoch 180: train loss 0.0007
2022-01-21 22:19:22,490 root                INFO: Train: Epoch 181: train loss 0.0007
2022-01-21 22:19:23,294 root                INFO: Train: Epoch 182: train loss 0.0007
2022-01-21 22:19:24,052 root                INFO: Train: Epoch 183: train loss 0.0007
2022-01-21 22:19:24,853 root                INFO: Train: Epoch 184: train loss 0.0007
2022-01-21 22:19:25,638 root                INFO: Train: Epoch 185: train loss 0.0007
2022-01-21 22:19:26,334 root                INFO: Train: Epoch 186: train loss 0.0007
2022-01-21 22:19:27,066 root                INFO: Train: Epoch 187: train loss 0.0006
2022-01-21 22:19:27,787 root                INFO: Train: Epoch 188: train loss 0.0007
2022-01-21 22:19:28,528 root                INFO: Train: Epoch 189: train loss 0.0007
2022-01-21 22:19:29,206 root                INFO: Train: Epoch 190: train loss 0.0006
2022-01-21 22:19:29,948 root                INFO: Train: Epoch 191: train loss 0.0006
2022-01-21 22:19:30,713 root                INFO: Train: Epoch 192: train loss 0.0007
2022-01-21 22:19:31,512 root                INFO: Train: Epoch 193: train loss 0.0006
2022-01-21 22:19:32,371 root                INFO: Train: Epoch 194: train loss 0.0006
2022-01-21 22:19:33,155 root                INFO: Train: Epoch 195: train loss 0.0006
2022-01-21 22:19:33,916 root                INFO: Train: Epoch 196: train loss 0.0007
2022-01-21 22:19:34,652 root                INFO: Train: Epoch 197: train loss 0.0006
2022-01-21 22:19:35,369 root                INFO: Train: Epoch 198: train loss 0.0007
2022-01-21 22:19:36,045 root                INFO: Train: Epoch 199: train loss 0.0006
2022-01-21 22:19:36,720 root                INFO: Train: Epoch 200: train loss 0.0006
2022-01-21 22:19:51,843 root                INFO: Valid: Epoch 200: kendall tau 0.3081 0.3858; loss 0.0003087 0.0001575
2022-01-21 22:19:51,850 root                INFO: Epoch 200: Save checkpoint to nb301_anytime_tagates/tagates_0.05/1/202121/200.ckpt
2022-01-21 22:20:06,983 root                INFO: [0.0, 0.0, 0.0, 0.07168037602820211, 0.23810456236538086, 0.6584821428571429, 1.0]
2022-01-21 22:20:06,984 root                INFO: [0.0, 0.0, 0.013725490196078431, 0.2056404230317274, 0.35500293714509495, 0.6877349624060151, 1.0]
2022-01-21 22:20:06,984 root                INFO: [2120, 2120]
2022-01-21 22:20:06,984 root                INFO: [923, 923]
