2022-01-21 17:33:25,305 root                INFO: GPU device = 3
2022-01-21 17:33:25,306 root                INFO: Load pkl cache from nasbench301_train.pkl and nasbench301_valid.pkl
2022-01-21 17:33:25,878 root                INFO: Config: {'arch_network_cfg': {'arch_embedder_cfg': {'take_adj_as_input': True, 'gcn_kwargs': {'residual_only': 2}, 'gcn_out_dims': [64, 64, 64, 64, 64], 'hidden_dim': 32, 'node_dim': 32, 'op_dim': 32, 'use_bn': False, 'final_concat': False, 'other_node_zero': False, 'num_time_steps': 2, 'fb_conversion_dims': [64, 64], 'backward_gcn_out_dims': [64, 64, 64, 64, 64], 'updateopemb_method': 'concat_ofb', 'updateopemb_dims': [64], 'share_skip_and_outskip': True, 'detach_vinfo': False, 'updateopemb_scale': 0.1, 'updateopemb_detach_opemb': True, 'updateopemb_detach_finfo': True, 'mask_nonparametrized_ops': True, 'symmetry_breaking_method': 'param_zs_add', 'concat_param_zs_as_opemb_dimension': 5, 'concat_param_zs_as_opemb_scale': 1.0}, 'arch_embedder_type': 'cellss-fbflow-anytime', 'compare_loss_type': 'margin_linear', 'compare_margin': 0.1, 'mlp_dropout': 0.1, 'mlp_hiddens': [200], 'mlp_out_dim': 1, 'optimizer': {'lr': 0.001, 'type': 'Adam'}, 'scheduler': None}, 'arch_network_type': 'pointwise_comparator', 'batch_size': 128, 'choose_pair_criterion': 'random', 'compare': False, 'compare_threshold': 0.0, 'epochs': 200, 'max_compare_ratio': 16.0}
2022-01-21 17:33:29,480 root                INFO: Combined args: Namespace(arch_network_type='pointwise_comparator', batch_size=128, cfg_file='cfgs/nb301_cfgs/tagates_anytime.yaml', choose_pair_criterion='random', compare=False, compare_threshold=0.0, epochs=200, eval_only_last=1, gpu=3, load=None, max_compare_ratio=16.0, num_workers=4, report_freq=200, save_every=200, save_predict=None, seed=202121, test_funcs=None, test_only=False, train_dir='nb301_anytime_tagates/tagates_0.001/123/202121', train_pkl='../mynas/data/nasbench-301/nasbench301_train_mtx_anytime_123.pkl', train_ratio=0.001, valid_pkl='../mynas/data/nasbench-301/nasbench301_valid_mtx_anytime.pkl')
2022-01-21 17:33:29,490 root                INFO: Train dataset ratio: 0.001
2022-01-21 17:33:29,490 root                INFO: Number of architectures: train: 5; valid: 51072
2022-01-21 17:33:42,675 root                INFO: Train: Epoch   1: train loss 0.3492
2022-01-21 17:33:43,161 root                INFO: Train: Epoch   2: train loss 0.3427
2022-01-21 17:33:43,642 root                INFO: Train: Epoch   3: train loss 0.3344
2022-01-21 17:33:44,135 root                INFO: Train: Epoch   4: train loss 0.3264
2022-01-21 17:33:44,630 root                INFO: Train: Epoch   5: train loss 0.3153
2022-01-21 17:33:45,141 root                INFO: Train: Epoch   6: train loss 0.3013
2022-01-21 17:33:45,643 root                INFO: Train: Epoch   7: train loss 0.2823
2022-01-21 17:33:46,142 root                INFO: Train: Epoch   8: train loss 0.2602
2022-01-21 17:33:46,639 root                INFO: Train: Epoch   9: train loss 0.2338
2022-01-21 17:33:47,136 root                INFO: Train: Epoch  10: train loss 0.1966
2022-01-21 17:33:47,646 root                INFO: Train: Epoch  11: train loss 0.1545
2022-01-21 17:33:48,192 root                INFO: Train: Epoch  12: train loss 0.1045
2022-01-21 17:33:48,721 root                INFO: Train: Epoch  13: train loss 0.0637
2022-01-21 17:33:49,260 root                INFO: Train: Epoch  14: train loss 0.0265
2022-01-21 17:33:49,828 root                INFO: Train: Epoch  15: train loss 0.0102
2022-01-21 17:33:50,372 root                INFO: Train: Epoch  16: train loss 0.0052
2022-01-21 17:33:50,933 root                INFO: Train: Epoch  17: train loss 0.0090
2022-01-21 17:33:51,497 root                INFO: Train: Epoch  18: train loss 0.0125
2022-01-21 17:33:52,046 root                INFO: Train: Epoch  19: train loss 0.0148
2022-01-21 17:33:52,615 root                INFO: Train: Epoch  20: train loss 0.0158
2022-01-21 17:33:53,186 root                INFO: Train: Epoch  21: train loss 0.0164
2022-01-21 17:33:53,782 root                INFO: Train: Epoch  22: train loss 0.0167
2022-01-21 17:33:54,345 root                INFO: Train: Epoch  23: train loss 0.0168
2022-01-21 17:33:54,943 root                INFO: Train: Epoch  24: train loss 0.0168
2022-01-21 17:33:55,541 root                INFO: Train: Epoch  25: train loss 0.0168
2022-01-21 17:33:56,134 root                INFO: Train: Epoch  26: train loss 0.0168
2022-01-21 17:33:56,775 root                INFO: Train: Epoch  27: train loss 0.0169
2022-01-21 17:33:57,394 root                INFO: Train: Epoch  28: train loss 0.0169
2022-01-21 17:33:58,023 root                INFO: Train: Epoch  29: train loss 0.0169
2022-01-21 17:33:58,652 root                INFO: Train: Epoch  30: train loss 0.0169
2022-01-21 17:33:59,285 root                INFO: Train: Epoch  31: train loss 0.0169
2022-01-21 17:33:59,921 root                INFO: Train: Epoch  32: train loss 0.0169
2022-01-21 17:34:00,583 root                INFO: Train: Epoch  33: train loss 0.0169
2022-01-21 17:34:01,190 root                INFO: Train: Epoch  34: train loss 0.0169
2022-01-21 17:34:01,833 root                INFO: Train: Epoch  35: train loss 0.0169
2022-01-21 17:34:02,459 root                INFO: Train: Epoch  36: train loss 0.0169
2022-01-21 17:34:03,081 root                INFO: Train: Epoch  37: train loss 0.0169
2022-01-21 17:34:03,693 root                INFO: Train: Epoch  38: train loss 0.0169
2022-01-21 17:34:04,302 root                INFO: Train: Epoch  39: train loss 0.0169
2022-01-21 17:34:04,909 root                INFO: Train: Epoch  40: train loss 0.0169
2022-01-21 17:34:05,534 root                INFO: Train: Epoch  41: train loss 0.0169
2022-01-21 17:34:06,145 root                INFO: Train: Epoch  42: train loss 0.0169
2022-01-21 17:34:06,763 root                INFO: Train: Epoch  43: train loss 0.0169
2022-01-21 17:34:07,416 root                INFO: Train: Epoch  44: train loss 0.0169
2022-01-21 17:34:08,010 root                INFO: Train: Epoch  45: train loss 0.0169
2022-01-21 17:34:08,636 root                INFO: Train: Epoch  46: train loss 0.0169
2022-01-21 17:34:09,270 root                INFO: Train: Epoch  47: train loss 0.0169
2022-01-21 17:34:09,896 root                INFO: Train: Epoch  48: train loss 0.0169
2022-01-21 17:34:10,516 root                INFO: Train: Epoch  49: train loss 0.0169
2022-01-21 17:34:11,129 root                INFO: Train: Epoch  50: train loss 0.0169
2022-01-21 17:34:11,745 root                INFO: Train: Epoch  51: train loss 0.0169
2022-01-21 17:34:12,398 root                INFO: Train: Epoch  52: train loss 0.0169
2022-01-21 17:34:13,027 root                INFO: Train: Epoch  53: train loss 0.0169
2022-01-21 17:34:13,650 root                INFO: Train: Epoch  54: train loss 0.0169
2022-01-21 17:34:14,269 root                INFO: Train: Epoch  55: train loss 0.0169
2022-01-21 17:34:14,911 root                INFO: Train: Epoch  56: train loss 0.0169
2022-01-21 17:34:15,520 root                INFO: Train: Epoch  57: train loss 0.0169
2022-01-21 17:34:16,132 root                INFO: Train: Epoch  58: train loss 0.0169
2022-01-21 17:34:16,774 root                INFO: Train: Epoch  59: train loss 0.0169
2022-01-21 17:34:17,429 root                INFO: Train: Epoch  60: train loss 0.0169
2022-01-21 17:34:18,030 root                INFO: Train: Epoch  61: train loss 0.0169
2022-01-21 17:34:18,663 root                INFO: Train: Epoch  62: train loss 0.0169
2022-01-21 17:34:19,280 root                INFO: Train: Epoch  63: train loss 0.0169
2022-01-21 17:34:19,945 root                INFO: Train: Epoch  64: train loss 0.0169
2022-01-21 17:34:20,582 root                INFO: Train: Epoch  65: train loss 0.0169
2022-01-21 17:34:21,230 root                INFO: Train: Epoch  66: train loss 0.0169
2022-01-21 17:34:21,878 root                INFO: Train: Epoch  67: train loss 0.0169
2022-01-21 17:34:22,537 root                INFO: Train: Epoch  68: train loss 0.0169
2022-01-21 17:34:23,176 root                INFO: Train: Epoch  69: train loss 0.0169
2022-01-21 17:34:23,851 root                INFO: Train: Epoch  70: train loss 0.0169
2022-01-21 17:34:24,498 root                INFO: Train: Epoch  71: train loss 0.0169
2022-01-21 17:34:25,123 root                INFO: Train: Epoch  72: train loss 0.0169
2022-01-21 17:34:25,760 root                INFO: Train: Epoch  73: train loss 0.0169
2022-01-21 17:34:26,391 root                INFO: Train: Epoch  74: train loss 0.0169
2022-01-21 17:34:27,001 root                INFO: Train: Epoch  75: train loss 0.0169
2022-01-21 17:34:27,621 root                INFO: Train: Epoch  76: train loss 0.0169
2022-01-21 17:34:28,252 root                INFO: Train: Epoch  77: train loss 0.0169
2022-01-21 17:34:28,888 root                INFO: Train: Epoch  78: train loss 0.0169
2022-01-21 17:34:29,525 root                INFO: Train: Epoch  79: train loss 0.0169
2022-01-21 17:34:30,126 root                INFO: Train: Epoch  80: train loss 0.0169
2022-01-21 17:34:30,741 root                INFO: Train: Epoch  81: train loss 0.0169
2022-01-21 17:34:31,358 root                INFO: Train: Epoch  82: train loss 0.0169
2022-01-21 17:34:31,993 root                INFO: Train: Epoch  83: train loss 0.0169
2022-01-21 17:34:32,632 root                INFO: Train: Epoch  84: train loss 0.0169
2022-01-21 17:34:33,277 root                INFO: Train: Epoch  85: train loss 0.0169
2022-01-21 17:34:33,919 root                INFO: Train: Epoch  86: train loss 0.0169
2022-01-21 17:34:34,546 root                INFO: Train: Epoch  87: train loss 0.0169
2022-01-21 17:34:35,189 root                INFO: Train: Epoch  88: train loss 0.0169
2022-01-21 17:34:35,812 root                INFO: Train: Epoch  89: train loss 0.0169
2022-01-21 17:34:36,434 root                INFO: Train: Epoch  90: train loss 0.0169
2022-01-21 17:34:37,075 root                INFO: Train: Epoch  91: train loss 0.0169
2022-01-21 17:34:37,731 root                INFO: Train: Epoch  92: train loss 0.0169
2022-01-21 17:34:38,391 root                INFO: Train: Epoch  93: train loss 0.0169
2022-01-21 17:34:39,066 root                INFO: Train: Epoch  94: train loss 0.0169
2022-01-21 17:34:39,729 root                INFO: Train: Epoch  95: train loss 0.0169
2022-01-21 17:34:40,364 root                INFO: Train: Epoch  96: train loss 0.0169
2022-01-21 17:34:41,031 root                INFO: Train: Epoch  97: train loss 0.0169
2022-01-21 17:34:41,689 root                INFO: Train: Epoch  98: train loss 0.0169
2022-01-21 17:34:42,340 root                INFO: Train: Epoch  99: train loss 0.0169
2022-01-21 17:34:43,001 root                INFO: Train: Epoch 100: train loss 0.0169
2022-01-21 17:34:43,657 root                INFO: Train: Epoch 101: train loss 0.0169
2022-01-21 17:34:44,296 root                INFO: Train: Epoch 102: train loss 0.0169
2022-01-21 17:34:44,952 root                INFO: Train: Epoch 103: train loss 0.0169
2022-01-21 17:34:45,610 root                INFO: Train: Epoch 104: train loss 0.0169
2022-01-21 17:34:46,279 root                INFO: Train: Epoch 105: train loss 0.0169
2022-01-21 17:34:46,935 root                INFO: Train: Epoch 106: train loss 0.0169
2022-01-21 17:34:47,582 root                INFO: Train: Epoch 107: train loss 0.0169
2022-01-21 17:34:48,242 root                INFO: Train: Epoch 108: train loss 0.0169
2022-01-21 17:34:48,906 root                INFO: Train: Epoch 109: train loss 0.0169
2022-01-21 17:34:49,574 root                INFO: Train: Epoch 110: train loss 0.0169
2022-01-21 17:34:50,215 root                INFO: Train: Epoch 111: train loss 0.0169
2022-01-21 17:34:50,861 root                INFO: Train: Epoch 112: train loss 0.0169
2022-01-21 17:34:51,513 root                INFO: Train: Epoch 113: train loss 0.0169
2022-01-21 17:34:52,155 root                INFO: Train: Epoch 114: train loss 0.0169
2022-01-21 17:34:52,799 root                INFO: Train: Epoch 115: train loss 0.0169
2022-01-21 17:34:53,459 root                INFO: Train: Epoch 116: train loss 0.0169
2022-01-21 17:34:54,103 root                INFO: Train: Epoch 117: train loss 0.0169
2022-01-21 17:34:54,746 root                INFO: Train: Epoch 118: train loss 0.0169
2022-01-21 17:34:55,371 root                INFO: Train: Epoch 119: train loss 0.0169
2022-01-21 17:34:56,048 root                INFO: Train: Epoch 120: train loss 0.0169
2022-01-21 17:34:56,687 root                INFO: Train: Epoch 121: train loss 0.0169
2022-01-21 17:34:57,359 root                INFO: Train: Epoch 122: train loss 0.0169
2022-01-21 17:34:57,974 root                INFO: Train: Epoch 123: train loss 0.0169
2022-01-21 17:34:58,653 root                INFO: Train: Epoch 124: train loss 0.0169
2022-01-21 17:34:59,308 root                INFO: Train: Epoch 125: train loss 0.0169
2022-01-21 17:34:59,958 root                INFO: Train: Epoch 126: train loss 0.0169
2022-01-21 17:35:00,582 root                INFO: Train: Epoch 127: train loss 0.0169
2022-01-21 17:35:01,258 root                INFO: Train: Epoch 128: train loss 0.0169
2022-01-21 17:35:01,906 root                INFO: Train: Epoch 129: train loss 0.0169
2022-01-21 17:35:02,555 root                INFO: Train: Epoch 130: train loss 0.0169
2022-01-21 17:35:03,188 root                INFO: Train: Epoch 131: train loss 0.0169
2022-01-21 17:35:03,839 root                INFO: Train: Epoch 132: train loss 0.0169
2022-01-21 17:35:04,486 root                INFO: Train: Epoch 133: train loss 0.0169
2022-01-21 17:35:05,132 root                INFO: Train: Epoch 134: train loss 0.0169
2022-01-21 17:35:05,779 root                INFO: Train: Epoch 135: train loss 0.0169
2022-01-21 17:35:06,447 root                INFO: Train: Epoch 136: train loss 0.0169
2022-01-21 17:35:07,066 root                INFO: Train: Epoch 137: train loss 0.0169
2022-01-21 17:35:07,700 root                INFO: Train: Epoch 138: train loss 0.0169
2022-01-21 17:35:08,324 root                INFO: Train: Epoch 139: train loss 0.0169
2022-01-21 17:35:08,941 root                INFO: Train: Epoch 140: train loss 0.0169
2022-01-21 17:35:09,560 root                INFO: Train: Epoch 141: train loss 0.0169
2022-01-21 17:35:10,178 root                INFO: Train: Epoch 142: train loss 0.0169
2022-01-21 17:35:10,784 root                INFO: Train: Epoch 143: train loss 0.0169
2022-01-21 17:35:11,417 root                INFO: Train: Epoch 144: train loss 0.0169
2022-01-21 17:35:12,031 root                INFO: Train: Epoch 145: train loss 0.0169
2022-01-21 17:35:12,645 root                INFO: Train: Epoch 146: train loss 0.0169
2022-01-21 17:35:13,278 root                INFO: Train: Epoch 147: train loss 0.0169
2022-01-21 17:35:13,938 root                INFO: Train: Epoch 148: train loss 0.0169
2022-01-21 17:35:14,559 root                INFO: Train: Epoch 149: train loss 0.0169
2022-01-21 17:35:15,179 root                INFO: Train: Epoch 150: train loss 0.0169
2022-01-21 17:35:15,798 root                INFO: Train: Epoch 151: train loss 0.0169
2022-01-21 17:35:16,412 root                INFO: Train: Epoch 152: train loss 0.0169
2022-01-21 17:35:17,001 root                INFO: Train: Epoch 153: train loss 0.0169
2022-01-21 17:35:17,589 root                INFO: Train: Epoch 154: train loss 0.0169
2022-01-21 17:35:18,205 root                INFO: Train: Epoch 155: train loss 0.0169
2022-01-21 17:35:18,841 root                INFO: Train: Epoch 156: train loss 0.0169
2022-01-21 17:35:19,476 root                INFO: Train: Epoch 157: train loss 0.0169
2022-01-21 17:35:20,066 root                INFO: Train: Epoch 158: train loss 0.0169
2022-01-21 17:35:20,659 root                INFO: Train: Epoch 159: train loss 0.0169
2022-01-21 17:35:21,270 root                INFO: Train: Epoch 160: train loss 0.0169
2022-01-21 17:35:21,865 root                INFO: Train: Epoch 161: train loss 0.0169
2022-01-21 17:35:22,467 root                INFO: Train: Epoch 162: train loss 0.0169
2022-01-21 17:35:23,067 root                INFO: Train: Epoch 163: train loss 0.0169
2022-01-21 17:35:23,657 root                INFO: Train: Epoch 164: train loss 0.0169
2022-01-21 17:35:24,203 root                INFO: Train: Epoch 165: train loss 0.0169
2022-01-21 17:35:24,759 root                INFO: Train: Epoch 166: train loss 0.0169
2022-01-21 17:35:25,348 root                INFO: Train: Epoch 167: train loss 0.0169
2022-01-21 17:35:25,923 root                INFO: Train: Epoch 168: train loss 0.0169
2022-01-21 17:35:26,527 root                INFO: Train: Epoch 169: train loss 0.0169
2022-01-21 17:35:27,178 root                INFO: Train: Epoch 170: train loss 0.0169
2022-01-21 17:35:27,781 root                INFO: Train: Epoch 171: train loss 0.0169
2022-01-21 17:35:28,361 root                INFO: Train: Epoch 172: train loss 0.0169
2022-01-21 17:35:28,900 root                INFO: Train: Epoch 173: train loss 0.0169
2022-01-21 17:35:29,469 root                INFO: Train: Epoch 174: train loss 0.0169
2022-01-21 17:35:30,012 root                INFO: Train: Epoch 175: train loss 0.0169
2022-01-21 17:35:30,571 root                INFO: Train: Epoch 176: train loss 0.0169
2022-01-21 17:35:31,162 root                INFO: Train: Epoch 177: train loss 0.0169
2022-01-21 17:35:31,725 root                INFO: Train: Epoch 178: train loss 0.0169
2022-01-21 17:35:32,270 root                INFO: Train: Epoch 179: train loss 0.0169
2022-01-21 17:35:32,807 root                INFO: Train: Epoch 180: train loss 0.0169
2022-01-21 17:35:33,355 root                INFO: Train: Epoch 181: train loss 0.0169
2022-01-21 17:35:33,888 root                INFO: Train: Epoch 182: train loss 0.0169
2022-01-21 17:35:34,442 root                INFO: Train: Epoch 183: train loss 0.0169
2022-01-21 17:35:34,987 root                INFO: Train: Epoch 184: train loss 0.0169
2022-01-21 17:35:35,518 root                INFO: Train: Epoch 185: train loss 0.0169
2022-01-21 17:35:36,043 root                INFO: Train: Epoch 186: train loss 0.0169
2022-01-21 17:35:36,574 root                INFO: Train: Epoch 187: train loss 0.0169
2022-01-21 17:35:37,092 root                INFO: Train: Epoch 188: train loss 0.0169
2022-01-21 17:35:37,610 root                INFO: Train: Epoch 189: train loss 0.0169
2022-01-21 17:35:38,138 root                INFO: Train: Epoch 190: train loss 0.0169
2022-01-21 17:35:38,657 root                INFO: Train: Epoch 191: train loss 0.0169
2022-01-21 17:35:39,185 root                INFO: Train: Epoch 192: train loss 0.0169
2022-01-21 17:35:39,709 root                INFO: Train: Epoch 193: train loss 0.0169
2022-01-21 17:35:40,222 root                INFO: Train: Epoch 194: train loss 0.0169
2022-01-21 17:35:40,756 root                INFO: Train: Epoch 195: train loss 0.0169
2022-01-21 17:35:41,295 root                INFO: Train: Epoch 196: train loss 0.0169
2022-01-21 17:35:41,822 root                INFO: Train: Epoch 197: train loss 0.0169
2022-01-21 17:35:42,380 root                INFO: Train: Epoch 198: train loss 0.0169
2022-01-21 17:35:42,930 root                INFO: Train: Epoch 199: train loss 0.0169
2022-01-21 17:35:43,427 root                INFO: Train: Epoch 200: train loss 0.0169
2022-01-21 17:35:57,565 root                INFO: Valid: Epoch 200: kendall tau 0.0680 0.0867; loss 0.01372 0.004756
2022-01-21 17:35:57,571 root                INFO: Epoch 200: Save checkpoint to nb301_anytime_tagates/tagates_0.001/123/202121/200.ckpt
2022-01-21 17:36:11,600 root                INFO: [0.0, 0.0, 0.0, 0.04308656482569526, 0.1405913452124535, 0.6234727443609023, 1.0]
2022-01-21 17:36:11,601 root                INFO: [0.0, 0.0, 0.0, 0.07403055229142186, 0.16506755433718426, 0.6280545112781954, 1.0]
2022-01-21 17:36:11,601 root                INFO: [16237, 16237]
2022-01-21 17:36:11,601 root                INFO: [16209, 1123]
2022-01-21 22:08:33,474 root                INFO: GPU device = 7
2022-01-21 22:08:33,475 root                INFO: Load pkl cache from nasbench301_train.pkl and nasbench301_valid.pkl
2022-01-21 22:08:34,206 root                INFO: Config: {'arch_network_cfg': {'arch_embedder_cfg': {'take_adj_as_input': True, 'gcn_kwargs': {'residual_only': 2}, 'gcn_out_dims': [64, 64, 64, 64, 64], 'hidden_dim': 32, 'node_dim': 32, 'op_dim': 32, 'use_bn': False, 'final_concat': False, 'other_node_zero': False, 'num_time_steps': 2, 'fb_conversion_dims': [64, 64], 'backward_gcn_out_dims': [64, 64, 64, 64, 64], 'updateopemb_method': 'concat_ofb', 'updateopemb_dims': [64], 'share_skip_and_outskip': True, 'detach_vinfo': False, 'updateopemb_scale': 0.1, 'updateopemb_detach_opemb': True, 'updateopemb_detach_finfo': True, 'mask_nonparametrized_ops': True, 'symmetry_breaking_method': 'param_zs_add', 'concat_param_zs_as_opemb_dimension': 5, 'concat_param_zs_as_opemb_scale': 1.0}, 'arch_embedder_type': 'cellss-fbflow-anytime', 'compare_loss_type': 'margin_linear', 'compare_margin': 0.1, 'mlp_dropout': 0.1, 'mlp_hiddens': [200], 'mlp_out_dim': 1, 'optimizer': {'lr': 0.0001, 'type': 'Adam'}, 'scheduler': None}, 'arch_network_type': 'pointwise_comparator', 'batch_size': 128, 'choose_pair_criterion': 'random', 'compare': False, 'compare_threshold': 0.0, 'epochs': 200, 'max_compare_ratio': 16.0}
2022-01-21 22:08:38,727 root                INFO: Combined args: Namespace(arch_network_type='pointwise_comparator', batch_size=128, cfg_file='cfgs/nb301_cfgs/tagates_anytime.yaml', choose_pair_criterion='random', compare=False, compare_threshold=0.0, epochs=200, eval_only_last=1, gpu=7, load=None, max_compare_ratio=16.0, num_workers=4, report_freq=200, save_every=200, save_predict=None, seed=202121, test_funcs=None, test_only=False, train_dir='nb301_anytime_tagates/tagates_0.001/123/202121', train_pkl='../mynas/data/nasbench-301/nasbench301_train_mtx_anytime_123.pkl', train_ratio=0.001, valid_pkl='../mynas/data/nasbench-301/nasbench301_valid_mtx_anytime.pkl')
2022-01-21 22:08:38,747 root                INFO: Train dataset ratio: 0.001
2022-01-21 22:08:38,749 root                INFO: Number of architectures: train: 5; valid: 51072
2022-01-21 22:08:53,021 root                INFO: Train: Epoch   1: train loss 0.3492
2022-01-21 22:08:53,705 root                INFO: Train: Epoch   2: train loss 0.3498
2022-01-21 22:08:54,367 root                INFO: Train: Epoch   3: train loss 0.3476
2022-01-21 22:08:55,084 root                INFO: Train: Epoch   4: train loss 0.3483
2022-01-21 22:08:55,803 root                INFO: Train: Epoch   5: train loss 0.3479
2022-01-21 22:08:56,603 root                INFO: Train: Epoch   6: train loss 0.3468
2022-01-21 22:08:57,399 root                INFO: Train: Epoch   7: train loss 0.3460
2022-01-21 22:08:58,223 root                INFO: Train: Epoch   8: train loss 0.3454
2022-01-21 22:08:59,075 root                INFO: Train: Epoch   9: train loss 0.3465
2022-01-21 22:08:59,989 root                INFO: Train: Epoch  10: train loss 0.3445
2022-01-21 22:09:00,975 root                INFO: Train: Epoch  11: train loss 0.3414
2022-01-21 22:09:01,783 root                INFO: Train: Epoch  12: train loss 0.3412
2022-01-21 22:09:02,736 root                INFO: Train: Epoch  13: train loss 0.3399
2022-01-21 22:09:03,705 root                INFO: Train: Epoch  14: train loss 0.3395
2022-01-21 22:09:04,572 root                INFO: Train: Epoch  15: train loss 0.3410
2022-01-21 22:09:05,435 root                INFO: Train: Epoch  16: train loss 0.3401
2022-01-21 22:09:06,314 root                INFO: Train: Epoch  17: train loss 0.3372
2022-01-21 22:09:07,188 root                INFO: Train: Epoch  18: train loss 0.3367
2022-01-21 22:09:08,290 root                INFO: Train: Epoch  19: train loss 0.3349
2022-01-21 22:09:09,582 root                INFO: Train: Epoch  20: train loss 0.3351
2022-01-21 22:09:10,814 root                INFO: Train: Epoch  21: train loss 0.3335
2022-01-21 22:09:11,992 root                INFO: Train: Epoch  22: train loss 0.3327
2022-01-21 22:09:12,870 root                INFO: Train: Epoch  23: train loss 0.3308
2022-01-21 22:09:13,669 root                INFO: Train: Epoch  24: train loss 0.3332
2022-01-21 22:09:14,614 root                INFO: Train: Epoch  25: train loss 0.3285
2022-01-21 22:09:15,400 root                INFO: Train: Epoch  26: train loss 0.3290
2022-01-21 22:09:16,209 root                INFO: Train: Epoch  27: train loss 0.3276
2022-01-21 22:09:17,084 root                INFO: Train: Epoch  28: train loss 0.3223
2022-01-21 22:09:17,939 root                INFO: Train: Epoch  29: train loss 0.3226
2022-01-21 22:09:18,909 root                INFO: Train: Epoch  30: train loss 0.3225
2022-01-21 22:09:19,717 root                INFO: Train: Epoch  31: train loss 0.3221
2022-01-21 22:09:20,501 root                INFO: Train: Epoch  32: train loss 0.3200
2022-01-21 22:09:21,273 root                INFO: Train: Epoch  33: train loss 0.3163
2022-01-21 22:09:22,109 root                INFO: Train: Epoch  34: train loss 0.3137
2022-01-21 22:09:22,954 root                INFO: Train: Epoch  35: train loss 0.3145
2022-01-21 22:09:23,886 root                INFO: Train: Epoch  36: train loss 0.3100
2022-01-21 22:09:24,732 root                INFO: Train: Epoch  37: train loss 0.3094
2022-01-21 22:09:25,618 root                INFO: Train: Epoch  38: train loss 0.3063
2022-01-21 22:09:26,435 root                INFO: Train: Epoch  39: train loss 0.3015
2022-01-21 22:09:27,233 root                INFO: Train: Epoch  40: train loss 0.3003
2022-01-21 22:09:28,054 root                INFO: Train: Epoch  41: train loss 0.2984
2022-01-21 22:09:28,922 root                INFO: Train: Epoch  42: train loss 0.2949
2022-01-21 22:09:29,737 root                INFO: Train: Epoch  43: train loss 0.2920
2022-01-21 22:09:30,553 root                INFO: Train: Epoch  44: train loss 0.2916
2022-01-21 22:09:31,506 root                INFO: Train: Epoch  45: train loss 0.2829
2022-01-21 22:09:32,304 root                INFO: Train: Epoch  46: train loss 0.2808
2022-01-21 22:09:33,074 root                INFO: Train: Epoch  47: train loss 0.2776
2022-01-21 22:09:33,901 root                INFO: Train: Epoch  48: train loss 0.2754
2022-01-21 22:09:34,640 root                INFO: Train: Epoch  49: train loss 0.2768
2022-01-21 22:09:35,442 root                INFO: Train: Epoch  50: train loss 0.2655
2022-01-21 22:09:36,188 root                INFO: Train: Epoch  51: train loss 0.2593
2022-01-21 22:09:36,978 root                INFO: Train: Epoch  52: train loss 0.2586
2022-01-21 22:09:37,776 root                INFO: Train: Epoch  53: train loss 0.2515
2022-01-21 22:09:38,572 root                INFO: Train: Epoch  54: train loss 0.2495
2022-01-21 22:09:39,355 root                INFO: Train: Epoch  55: train loss 0.2395
2022-01-21 22:09:40,281 root                INFO: Train: Epoch  56: train loss 0.2352
2022-01-21 22:09:41,066 root                INFO: Train: Epoch  57: train loss 0.2295
2022-01-21 22:09:41,840 root                INFO: Train: Epoch  58: train loss 0.2219
2022-01-21 22:09:42,745 root                INFO: Train: Epoch  59: train loss 0.2169
2022-01-21 22:09:43,556 root                INFO: Train: Epoch  60: train loss 0.2121
2022-01-21 22:09:44,374 root                INFO: Train: Epoch  61: train loss 0.2019
2022-01-21 22:09:45,270 root                INFO: Train: Epoch  62: train loss 0.1971
2022-01-21 22:09:46,230 root                INFO: Train: Epoch  63: train loss 0.1894
2022-01-21 22:09:47,094 root                INFO: Train: Epoch  64: train loss 0.1847
2022-01-21 22:09:47,912 root                INFO: Train: Epoch  65: train loss 0.1711
2022-01-21 22:09:48,768 root                INFO: Train: Epoch  66: train loss 0.1629
2022-01-21 22:09:49,632 root                INFO: Train: Epoch  67: train loss 0.1571
2022-01-21 22:09:50,560 root                INFO: Train: Epoch  68: train loss 0.1513
2022-01-21 22:09:51,444 root                INFO: Train: Epoch  69: train loss 0.1411
2022-01-21 22:09:52,351 root                INFO: Train: Epoch  70: train loss 0.1339
2022-01-21 22:09:53,179 root                INFO: Train: Epoch  71: train loss 0.1229
2022-01-21 22:09:54,027 root                INFO: Train: Epoch  72: train loss 0.1149
2022-01-21 22:09:54,850 root                INFO: Train: Epoch  73: train loss 0.1079
2022-01-21 22:09:55,806 root                INFO: Train: Epoch  74: train loss 0.1000
2022-01-21 22:09:56,648 root                INFO: Train: Epoch  75: train loss 0.0884
2022-01-21 22:09:57,516 root                INFO: Train: Epoch  76: train loss 0.0831
2022-01-21 22:09:58,384 root                INFO: Train: Epoch  77: train loss 0.0725
2022-01-21 22:09:59,491 root                INFO: Train: Epoch  78: train loss 0.0684
2022-01-21 22:10:00,486 root                INFO: Train: Epoch  79: train loss 0.0613
2022-01-21 22:10:01,649 root                INFO: Train: Epoch  80: train loss 0.0555
2022-01-21 22:10:02,501 root                INFO: Train: Epoch  81: train loss 0.0445
2022-01-21 22:10:03,294 root                INFO: Train: Epoch  82: train loss 0.0407
2022-01-21 22:10:04,102 root                INFO: Train: Epoch  83: train loss 0.0328
2022-01-21 22:10:05,387 root                INFO: Train: Epoch  84: train loss 0.0333
2022-01-21 22:10:06,487 root                INFO: Train: Epoch  85: train loss 0.0275
2022-01-21 22:10:07,480 root                INFO: Train: Epoch  86: train loss 0.0216
2022-01-21 22:10:08,399 root                INFO: Train: Epoch  87: train loss 0.0169
2022-01-21 22:10:09,360 root                INFO: Train: Epoch  88: train loss 0.0181
2022-01-21 22:10:10,410 root                INFO: Train: Epoch  89: train loss 0.0108
2022-01-21 22:10:11,409 root                INFO: Train: Epoch  90: train loss 0.0128
2022-01-21 22:10:12,357 root                INFO: Train: Epoch  91: train loss 0.0085
2022-01-21 22:10:13,319 root                INFO: Train: Epoch  92: train loss 0.0080
2022-01-21 22:10:14,360 root                INFO: Train: Epoch  93: train loss 0.0065
2022-01-21 22:10:15,503 root                INFO: Train: Epoch  94: train loss 0.0058
2022-01-21 22:10:16,577 root                INFO: Train: Epoch  95: train loss 0.0047
2022-01-21 22:10:17,736 root                INFO: Train: Epoch  96: train loss 0.0049
2022-01-21 22:10:18,747 root                INFO: Train: Epoch  97: train loss 0.0056
2022-01-21 22:10:19,902 root                INFO: Train: Epoch  98: train loss 0.0053
2022-01-21 22:10:20,999 root                INFO: Train: Epoch  99: train loss 0.0037
2022-01-21 22:10:21,837 root                INFO: Train: Epoch 100: train loss 0.0034
2022-01-21 22:10:22,613 root                INFO: Train: Epoch 101: train loss 0.0041
2022-01-21 22:10:23,495 root                INFO: Train: Epoch 102: train loss 0.0037
2022-01-21 22:10:24,482 root                INFO: Train: Epoch 103: train loss 0.0045
2022-01-21 22:10:25,377 root                INFO: Train: Epoch 104: train loss 0.0040
2022-01-21 22:10:26,196 root                INFO: Train: Epoch 105: train loss 0.0042
2022-01-21 22:10:26,982 root                INFO: Train: Epoch 106: train loss 0.0037
2022-01-21 22:10:27,846 root                INFO: Train: Epoch 107: train loss 0.0039
2022-01-21 22:10:28,667 root                INFO: Train: Epoch 108: train loss 0.0027
2022-01-21 22:10:29,665 root                INFO: Train: Epoch 109: train loss 0.0033
2022-01-21 22:10:30,657 root                INFO: Train: Epoch 110: train loss 0.0035
2022-01-21 22:10:31,576 root                INFO: Train: Epoch 111: train loss 0.0039
2022-01-21 22:10:32,306 root                INFO: Train: Epoch 112: train loss 0.0031
2022-01-21 22:10:32,985 root                INFO: Train: Epoch 113: train loss 0.0031
2022-01-21 22:10:33,748 root                INFO: Train: Epoch 114: train loss 0.0033
2022-01-21 22:10:34,442 root                INFO: Train: Epoch 115: train loss 0.0038
2022-01-21 22:10:35,138 root                INFO: Train: Epoch 116: train loss 0.0035
2022-01-21 22:10:35,907 root                INFO: Train: Epoch 117: train loss 0.0034
2022-01-21 22:10:36,561 root                INFO: Train: Epoch 118: train loss 0.0025
2022-01-21 22:10:37,586 root                INFO: Train: Epoch 119: train loss 0.0026
2022-01-21 22:10:38,523 root                INFO: Train: Epoch 120: train loss 0.0029
2022-01-21 22:10:39,329 root                INFO: Train: Epoch 121: train loss 0.0026
2022-01-21 22:10:40,335 root                INFO: Train: Epoch 122: train loss 0.0030
2022-01-21 22:10:41,137 root                INFO: Train: Epoch 123: train loss 0.0022
2022-01-21 22:10:42,005 root                INFO: Train: Epoch 124: train loss 0.0028
2022-01-21 22:10:42,845 root                INFO: Train: Epoch 125: train loss 0.0029
2022-01-21 22:10:43,679 root                INFO: Train: Epoch 126: train loss 0.0019
2022-01-21 22:10:44,675 root                INFO: Train: Epoch 127: train loss 0.0015
2022-01-21 22:10:45,719 root                INFO: Train: Epoch 128: train loss 0.0015
2022-01-21 22:10:46,413 root                INFO: Train: Epoch 129: train loss 0.0017
2022-01-21 22:10:47,173 root                INFO: Train: Epoch 130: train loss 0.0017
2022-01-21 22:10:47,864 root                INFO: Train: Epoch 131: train loss 0.0020
2022-01-21 22:10:48,640 root                INFO: Train: Epoch 132: train loss 0.0017
2022-01-21 22:10:49,302 root                INFO: Train: Epoch 133: train loss 0.0011
2022-01-21 22:10:50,075 root                INFO: Train: Epoch 134: train loss 0.0014
2022-01-21 22:10:50,753 root                INFO: Train: Epoch 135: train loss 0.0012
2022-01-21 22:10:51,434 root                INFO: Train: Epoch 136: train loss 0.0017
2022-01-21 22:10:52,137 root                INFO: Train: Epoch 137: train loss 0.0011
2022-01-21 22:10:52,830 root                INFO: Train: Epoch 138: train loss 0.0011
2022-01-21 22:10:53,523 root                INFO: Train: Epoch 139: train loss 0.0011
2022-01-21 22:10:54,312 root                INFO: Train: Epoch 140: train loss 0.0010
2022-01-21 22:10:55,002 root                INFO: Train: Epoch 141: train loss 0.0009
2022-01-21 22:10:55,757 root                INFO: Train: Epoch 142: train loss 0.0010
2022-01-21 22:10:56,438 root                INFO: Train: Epoch 143: train loss 0.0011
2022-01-21 22:10:57,287 root                INFO: Train: Epoch 144: train loss 0.0010
2022-01-21 22:10:58,178 root                INFO: Train: Epoch 145: train loss 0.0008
2022-01-21 22:10:58,976 root                INFO: Train: Epoch 146: train loss 0.0004
2022-01-21 22:10:59,984 root                INFO: Train: Epoch 147: train loss 0.0007
2022-01-21 22:11:01,126 root                INFO: Train: Epoch 148: train loss 0.0008
2022-01-21 22:11:02,302 root                INFO: Train: Epoch 149: train loss 0.0006
2022-01-21 22:11:03,488 root                INFO: Train: Epoch 150: train loss 0.0007
2022-01-21 22:11:04,685 root                INFO: Train: Epoch 151: train loss 0.0007
2022-01-21 22:11:05,951 root                INFO: Train: Epoch 152: train loss 0.0005
2022-01-21 22:11:07,081 root                INFO: Train: Epoch 153: train loss 0.0007
2022-01-21 22:11:08,418 root                INFO: Train: Epoch 154: train loss 0.0002
2022-01-21 22:11:09,587 root                INFO: Train: Epoch 155: train loss 0.0004
2022-01-21 22:11:10,651 root                INFO: Train: Epoch 156: train loss 0.0008
2022-01-21 22:11:11,805 root                INFO: Train: Epoch 157: train loss 0.0002
2022-01-21 22:11:12,873 root                INFO: Train: Epoch 158: train loss 0.0005
2022-01-21 22:11:14,042 root                INFO: Train: Epoch 159: train loss 0.0006
2022-01-21 22:11:15,114 root                INFO: Train: Epoch 160: train loss 0.0004
2022-01-21 22:11:16,187 root                INFO: Train: Epoch 161: train loss 0.0006
2022-01-21 22:11:17,298 root                INFO: Train: Epoch 162: train loss 0.0005
2022-01-21 22:11:18,282 root                INFO: Train: Epoch 163: train loss 0.0003
2022-01-21 22:11:19,042 root                INFO: Train: Epoch 164: train loss 0.0002
2022-01-21 22:11:19,777 root                INFO: Train: Epoch 165: train loss 0.0003
2022-01-21 22:11:20,539 root                INFO: Train: Epoch 166: train loss 0.0006
2022-01-21 22:11:21,285 root                INFO: Train: Epoch 167: train loss 0.0005
2022-01-21 22:11:21,971 root                INFO: Train: Epoch 168: train loss 0.0005
2022-01-21 22:11:22,623 root                INFO: Train: Epoch 169: train loss 0.0004
2022-01-21 22:11:23,284 root                INFO: Train: Epoch 170: train loss 0.0004
2022-01-21 22:11:23,980 root                INFO: Train: Epoch 171: train loss 0.0004
2022-01-21 22:11:24,690 root                INFO: Train: Epoch 172: train loss 0.0005
2022-01-21 22:11:25,367 root                INFO: Train: Epoch 173: train loss 0.0005
2022-01-21 22:11:26,041 root                INFO: Train: Epoch 174: train loss 0.0002
2022-01-21 22:11:26,718 root                INFO: Train: Epoch 175: train loss 0.0004
2022-01-21 22:11:27,371 root                INFO: Train: Epoch 176: train loss 0.0003
2022-01-21 22:11:28,035 root                INFO: Train: Epoch 177: train loss 0.0006
2022-01-21 22:11:28,722 root                INFO: Train: Epoch 178: train loss 0.0006
2022-01-21 22:11:29,397 root                INFO: Train: Epoch 179: train loss 0.0003
2022-01-21 22:11:30,057 root                INFO: Train: Epoch 180: train loss 0.0002
2022-01-21 22:11:30,717 root                INFO: Train: Epoch 181: train loss 0.0001
2022-01-21 22:11:31,423 root                INFO: Train: Epoch 182: train loss 0.0003
2022-01-21 22:11:32,074 root                INFO: Train: Epoch 183: train loss 0.0005
2022-01-21 22:11:32,750 root                INFO: Train: Epoch 184: train loss 0.0005
2022-01-21 22:11:33,423 root                INFO: Train: Epoch 185: train loss 0.0006
2022-01-21 22:11:34,108 root                INFO: Train: Epoch 186: train loss 0.0006
2022-01-21 22:11:34,759 root                INFO: Train: Epoch 187: train loss 0.0005
2022-01-21 22:11:35,414 root                INFO: Train: Epoch 188: train loss 0.0001
2022-01-21 22:11:36,074 root                INFO: Train: Epoch 189: train loss 0.0005
2022-01-21 22:11:36,766 root                INFO: Train: Epoch 190: train loss 0.0004
2022-01-21 22:11:37,395 root                INFO: Train: Epoch 191: train loss 0.0004
2022-01-21 22:11:38,000 root                INFO: Train: Epoch 192: train loss 0.0003
2022-01-21 22:11:38,651 root                INFO: Train: Epoch 193: train loss 0.0003
2022-01-21 22:11:39,272 root                INFO: Train: Epoch 194: train loss 0.0007
2022-01-21 22:11:39,851 root                INFO: Train: Epoch 195: train loss 0.0003
2022-01-21 22:11:40,412 root                INFO: Train: Epoch 196: train loss 0.0004
2022-01-21 22:11:41,048 root                INFO: Train: Epoch 197: train loss 0.0007
2022-01-21 22:11:41,718 root                INFO: Train: Epoch 198: train loss 0.0005
2022-01-21 22:11:42,331 root                INFO: Train: Epoch 199: train loss 0.0005
2022-01-21 22:11:42,926 root                INFO: Train: Epoch 200: train loss 0.0009
2022-01-21 22:11:57,991 root                INFO: Valid: Epoch 200: kendall tau 0.2151 0.2198; loss 0.0004609 0.0003043
2022-01-21 22:11:57,997 root                INFO: Epoch 200: Save checkpoint to nb301_anytime_tagates/tagates_0.001/123/202121/200.ckpt
2022-01-21 22:12:13,517 root                INFO: [0.0, 0.0, 0.0, 0.02428515471993733, 0.11866066183669473, 0.6171287593984962, 1.0]
2022-01-21 22:12:13,517 root                INFO: [0.0, 0.0, 0.0, 0.024676850763807285, 0.1292343841785784, 0.6110980576441103, 1.0]
2022-01-21 22:12:13,517 root                INFO: [4027, 3500]
2022-01-21 22:12:13,517 root                INFO: [2796, 2796]
