2022-01-19 23:11:55,089 root                INFO: GPU device = 5
2022-01-19 23:11:55,090 root                INFO: Load pkl cache from nasbench101.pkl and nasbench101_valid.pkl
2022-01-19 23:11:55,481 root                INFO: Config: {'arch_network_cfg': {'arch_embedder_cfg': {'b_use_bn': False, 'backward_gcn_out_dims': [128, 128, 128, 128, 128], 'concat_param_zs_as_opemb_dimension': 7, 'concat_param_zs_as_opemb_scale': 0.1, 'detach_vinfo': False, 'fb_conversion_dims': [128, 128], 'gcn_kwargs': {'plus_I': True, 'residual_only': 1}, 'gcn_out_dims': [128, 128, 128, 128, 128], 'hid_dim': 96, 'mask_nonparametrized_ops': False, 'node_embedding_dim': 48, 'num_time_steps': 3, 'op_embedding_dim': 48, 'symmetry_breaking_method': 'param_zs_add', 'updateopemb_detach_finfo': True, 'updateopemb_detach_opemb': True, 'updateopemb_dims': [128], 'updateopemb_method': 'concat_ofb', 'updateopemb_scale': 0.1}, 'arch_embedder_type': 'nb101-fbflow', 'compare_loss_type': 'margin_linear', 'compare_margin': 0.1, 'mlp_dropout': 0.1, 'mlp_hiddens': [200], 'optimizer': {'lr': 0.001, 'type': 'Adam'}, 'scheduler': None}, 'batch_size': 512, 'choose_pair_criterion': 'random', 'compare': True, 'compare_threshold': 0.0, 'epochs': 200, 'max_compare_ratio': 4.0}
2022-01-19 23:11:59,382 root                INFO: Combined args: Namespace(batch_size=512, cfg_file='cfgs/nb101_cfgs/gates_true_scale0.1.yaml', choose_pair_criterion='random', compare=True, compare_threshold=0.0, epochs=200, eval_only_last=5, gpu=5, load=None, max_compare_ratio=4.0, num_workers=4, report_freq=200, save_every=200, save_predict=None, seed=202121, test_funcs=None, test_only=False, train_dir='nb1shot1_ablation_scale/true/0.1_0.1/1/202121', train_pkl='../mynas/data/nasbench-1shot1/nasbench101_train_1.pkl', train_ratio=0.1, valid_pkl='../mynas/data/nasbench-1shot1/nasbench101_valid.pkl')
2022-01-19 23:11:59,391 root                INFO: Train dataset ratio: 0.100
2022-01-19 23:11:59,391 root                INFO: Number of architectures: train: 729; valid: 7290
2022-01-19 23:12:02,178 root                INFO: Train: Epoch   1: train loss 0.0998
2022-01-19 23:12:02,979 root                INFO: Train: Epoch   2: train loss 0.0915
2022-01-19 23:12:03,937 root                INFO: Train: Epoch   3: train loss 0.0775
2022-01-19 23:12:04,745 root                INFO: Train: Epoch   4: train loss 0.0614
2022-01-19 23:12:05,577 root                INFO: Train: Epoch   5: train loss 0.0561
2022-01-19 23:12:06,345 root                INFO: Train: Epoch   6: train loss 0.0566
2022-01-19 23:12:07,115 root                INFO: Train: Epoch   7: train loss 0.0512
2022-01-19 23:12:07,939 root                INFO: Train: Epoch   8: train loss 0.0495
2022-01-19 23:12:08,760 root                INFO: Train: Epoch   9: train loss 0.0452
2022-01-19 23:12:09,513 root                INFO: Train: Epoch  10: train loss 0.0441
2022-01-19 23:12:10,259 root                INFO: Train: Epoch  11: train loss 0.0412
2022-01-19 23:12:11,033 root                INFO: Train: Epoch  12: train loss 0.0393
2022-01-19 23:12:11,960 root                INFO: Train: Epoch  13: train loss 0.0355
2022-01-19 23:12:12,739 root                INFO: Train: Epoch  14: train loss 0.0345
2022-01-19 23:12:13,505 root                INFO: Train: Epoch  15: train loss 0.0344
2022-01-19 23:12:14,304 root                INFO: Train: Epoch  16: train loss 0.0317
2022-01-19 23:12:15,073 root                INFO: Train: Epoch  17: train loss 0.0304
2022-01-19 23:12:15,874 root                INFO: Train: Epoch  18: train loss 0.0298
2022-01-19 23:12:16,695 root                INFO: Train: Epoch  19: train loss 0.0303
2022-01-19 23:12:17,468 root                INFO: Train: Epoch  20: train loss 0.0293
2022-01-19 23:12:18,231 root                INFO: Train: Epoch  21: train loss 0.0298
2022-01-19 23:12:18,993 root                INFO: Train: Epoch  22: train loss 0.0296
2022-01-19 23:12:19,950 root                INFO: Train: Epoch  23: train loss 0.0271
2022-01-19 23:12:20,739 root                INFO: Train: Epoch  24: train loss 0.0304
2022-01-19 23:12:21,491 root                INFO: Train: Epoch  25: train loss 0.0289
2022-01-19 23:12:22,285 root                INFO: Train: Epoch  26: train loss 0.0274
2022-01-19 23:12:23,069 root                INFO: Train: Epoch  27: train loss 0.0279
2022-01-19 23:12:23,836 root                INFO: Train: Epoch  28: train loss 0.0290
2022-01-19 23:12:24,601 root                INFO: Train: Epoch  29: train loss 0.0258
2022-01-19 23:12:25,385 root                INFO: Train: Epoch  30: train loss 0.0307
2022-01-19 23:12:26,165 root                INFO: Train: Epoch  31: train loss 0.0284
2022-01-19 23:12:26,978 root                INFO: Train: Epoch  32: train loss 0.0304
2022-01-19 23:12:27,921 root                INFO: Train: Epoch  33: train loss 0.0293
2022-01-19 23:12:28,722 root                INFO: Train: Epoch  34: train loss 0.0297
2022-01-19 23:12:29,510 root                INFO: Train: Epoch  35: train loss 0.0233
2022-01-19 23:12:30,293 root                INFO: Train: Epoch  36: train loss 0.0253
2022-01-19 23:12:31,105 root                INFO: Train: Epoch  37: train loss 0.0252
2022-01-19 23:12:31,925 root                INFO: Train: Epoch  38: train loss 0.0265
2022-01-19 23:12:32,770 root                INFO: Train: Epoch  39: train loss 0.0240
2022-01-19 23:12:33,549 root                INFO: Train: Epoch  40: train loss 0.0257
2022-01-19 23:12:34,358 root                INFO: Train: Epoch  41: train loss 0.0264
2022-01-19 23:12:35,175 root                INFO: Train: Epoch  42: train loss 0.0234
2022-01-19 23:12:36,128 root                INFO: Train: Epoch  43: train loss 0.0260
2022-01-19 23:12:36,867 root                INFO: Train: Epoch  44: train loss 0.0253
2022-01-19 23:12:37,717 root                INFO: Train: Epoch  45: train loss 0.0225
2022-01-19 23:12:38,552 root                INFO: Train: Epoch  46: train loss 0.0228
2022-01-19 23:12:39,340 root                INFO: Train: Epoch  47: train loss 0.0198
2022-01-19 23:12:40,112 root                INFO: Train: Epoch  48: train loss 0.0199
2022-01-19 23:12:40,968 root                INFO: Train: Epoch  49: train loss 0.0216
2022-01-19 23:12:41,749 root                INFO: Train: Epoch  50: train loss 0.0219
2022-01-19 23:12:42,573 root                INFO: Train: Epoch  51: train loss 0.0201
2022-01-19 23:12:43,334 root                INFO: Train: Epoch  52: train loss 0.0226
2022-01-19 23:12:44,270 root                INFO: Train: Epoch  53: train loss 0.0211
2022-01-19 23:12:45,068 root                INFO: Train: Epoch  54: train loss 0.0194
2022-01-19 23:12:45,836 root                INFO: Train: Epoch  55: train loss 0.0196
2022-01-19 23:12:46,613 root                INFO: Train: Epoch  56: train loss 0.0216
2022-01-19 23:12:47,396 root                INFO: Train: Epoch  57: train loss 0.0218
2022-01-19 23:12:48,186 root                INFO: Train: Epoch  58: train loss 0.0218
2022-01-19 23:12:48,943 root                INFO: Train: Epoch  59: train loss 0.0221
2022-01-19 23:12:49,725 root                INFO: Train: Epoch  60: train loss 0.0205
2022-01-19 23:12:50,485 root                INFO: Train: Epoch  61: train loss 0.0217
2022-01-19 23:12:51,281 root                INFO: Train: Epoch  62: train loss 0.0234
2022-01-19 23:12:52,229 root                INFO: Train: Epoch  63: train loss 0.0219
2022-01-19 23:12:53,003 root                INFO: Train: Epoch  64: train loss 0.0226
2022-01-19 23:12:53,797 root                INFO: Train: Epoch  65: train loss 0.0202
2022-01-19 23:12:54,613 root                INFO: Train: Epoch  66: train loss 0.0222
2022-01-19 23:12:55,526 root                INFO: Train: Epoch  67: train loss 0.0206
2022-01-19 23:12:56,331 root                INFO: Train: Epoch  68: train loss 0.0225
2022-01-19 23:12:57,141 root                INFO: Train: Epoch  69: train loss 0.0191
2022-01-19 23:12:57,960 root                INFO: Train: Epoch  70: train loss 0.0195
2022-01-19 23:12:58,814 root                INFO: Train: Epoch  71: train loss 0.0184
2022-01-19 23:12:59,600 root                INFO: Train: Epoch  72: train loss 0.0190
2022-01-19 23:13:00,565 root                INFO: Train: Epoch  73: train loss 0.0190
2022-01-19 23:13:01,339 root                INFO: Train: Epoch  74: train loss 0.0194
2022-01-19 23:13:02,131 root                INFO: Train: Epoch  75: train loss 0.0191
2022-01-19 23:13:02,934 root                INFO: Train: Epoch  76: train loss 0.0184
2022-01-19 23:13:03,707 root                INFO: Train: Epoch  77: train loss 0.0204
2022-01-19 23:13:04,526 root                INFO: Train: Epoch  78: train loss 0.0181
2022-01-19 23:13:05,322 root                INFO: Train: Epoch  79: train loss 0.0163
2022-01-19 23:13:06,092 root                INFO: Train: Epoch  80: train loss 0.0172
2022-01-19 23:13:06,875 root                INFO: Train: Epoch  81: train loss 0.0195
2022-01-19 23:13:07,669 root                INFO: Train: Epoch  82: train loss 0.0180
2022-01-19 23:13:08,427 root                INFO: Train: Epoch  83: train loss 0.0179
2022-01-19 23:13:09,386 root                INFO: Train: Epoch  84: train loss 0.0199
2022-01-19 23:13:10,165 root                INFO: Train: Epoch  85: train loss 0.0189
2022-01-19 23:13:10,958 root                INFO: Train: Epoch  86: train loss 0.0199
2022-01-19 23:13:11,739 root                INFO: Train: Epoch  87: train loss 0.0165
2022-01-19 23:13:12,491 root                INFO: Train: Epoch  88: train loss 0.0206
2022-01-19 23:13:13,317 root                INFO: Train: Epoch  89: train loss 0.0185
2022-01-19 23:13:14,079 root                INFO: Train: Epoch  90: train loss 0.0178
2022-01-19 23:13:14,855 root                INFO: Train: Epoch  91: train loss 0.0174
2022-01-19 23:13:15,659 root                INFO: Train: Epoch  92: train loss 0.0151
2022-01-19 23:13:16,450 root                INFO: Train: Epoch  93: train loss 0.0164
2022-01-19 23:13:17,416 root                INFO: Train: Epoch  94: train loss 0.0155
2022-01-19 23:13:18,187 root                INFO: Train: Epoch  95: train loss 0.0182
2022-01-19 23:13:19,005 root                INFO: Train: Epoch  96: train loss 0.0168
2022-01-19 23:13:19,817 root                INFO: Train: Epoch  97: train loss 0.0170
2022-01-19 23:13:20,614 root                INFO: Train: Epoch  98: train loss 0.0161
2022-01-19 23:13:21,398 root                INFO: Train: Epoch  99: train loss 0.0172
2022-01-19 23:13:22,209 root                INFO: Train: Epoch 100: train loss 0.0165
2022-01-19 23:13:22,985 root                INFO: Train: Epoch 101: train loss 0.0165
2022-01-19 23:13:23,771 root                INFO: Train: Epoch 102: train loss 0.0160
2022-01-19 23:13:24,591 root                INFO: Train: Epoch 103: train loss 0.0166
2022-01-19 23:13:25,373 root                INFO: Train: Epoch 104: train loss 0.0161
2022-01-19 23:13:26,333 root                INFO: Train: Epoch 105: train loss 0.0161
2022-01-19 23:13:27,137 root                INFO: Train: Epoch 106: train loss 0.0160
2022-01-19 23:13:27,969 root                INFO: Train: Epoch 107: train loss 0.0181
2022-01-19 23:13:28,768 root                INFO: Train: Epoch 108: train loss 0.0161
2022-01-19 23:13:29,542 root                INFO: Train: Epoch 109: train loss 0.0158
2022-01-19 23:13:30,340 root                INFO: Train: Epoch 110: train loss 0.0152
2022-01-19 23:13:31,122 root                INFO: Train: Epoch 111: train loss 0.0170
2022-01-19 23:13:31,914 root                INFO: Train: Epoch 112: train loss 0.0157
2022-01-19 23:13:32,690 root                INFO: Train: Epoch 113: train loss 0.0158
2022-01-19 23:13:33,622 root                INFO: Train: Epoch 114: train loss 0.0152
2022-01-19 23:13:34,424 root                INFO: Train: Epoch 115: train loss 0.0151
2022-01-19 23:13:35,198 root                INFO: Train: Epoch 116: train loss 0.0151
2022-01-19 23:13:35,965 root                INFO: Train: Epoch 117: train loss 0.0162
2022-01-19 23:13:36,783 root                INFO: Train: Epoch 118: train loss 0.0145
2022-01-19 23:13:37,569 root                INFO: Train: Epoch 119: train loss 0.0143
2022-01-19 23:13:38,339 root                INFO: Train: Epoch 120: train loss 0.0152
2022-01-19 23:13:39,108 root                INFO: Train: Epoch 121: train loss 0.0150
2022-01-19 23:13:39,876 root                INFO: Train: Epoch 122: train loss 0.0159
2022-01-19 23:13:40,606 root                INFO: Train: Epoch 123: train loss 0.0157
2022-01-19 23:13:41,552 root                INFO: Train: Epoch 124: train loss 0.0158
2022-01-19 23:13:42,317 root                INFO: Train: Epoch 125: train loss 0.0146
2022-01-19 23:13:43,154 root                INFO: Train: Epoch 126: train loss 0.0162
2022-01-19 23:13:43,920 root                INFO: Train: Epoch 127: train loss 0.0145
2022-01-19 23:13:44,689 root                INFO: Train: Epoch 128: train loss 0.0146
2022-01-19 23:13:45,511 root                INFO: Train: Epoch 129: train loss 0.0151
2022-01-19 23:13:46,252 root                INFO: Train: Epoch 130: train loss 0.0154
2022-01-19 23:13:47,021 root                INFO: Train: Epoch 131: train loss 0.0172
2022-01-19 23:13:47,783 root                INFO: Train: Epoch 132: train loss 0.0160
2022-01-19 23:13:48,521 root                INFO: Train: Epoch 133: train loss 0.0143
2022-01-19 23:13:49,406 root                INFO: Train: Epoch 134: train loss 0.0167
2022-01-19 23:13:50,169 root                INFO: Train: Epoch 135: train loss 0.0144
2022-01-19 23:13:50,910 root                INFO: Train: Epoch 136: train loss 0.0138
2022-01-19 23:13:51,696 root                INFO: Train: Epoch 137: train loss 0.0145
2022-01-19 23:13:52,466 root                INFO: Train: Epoch 138: train loss 0.0155
2022-01-19 23:13:53,249 root                INFO: Train: Epoch 139: train loss 0.0169
2022-01-19 23:13:54,021 root                INFO: Train: Epoch 140: train loss 0.0164
2022-01-19 23:13:54,790 root                INFO: Train: Epoch 141: train loss 0.0151
2022-01-19 23:13:55,571 root                INFO: Train: Epoch 142: train loss 0.0165
2022-01-19 23:13:56,334 root                INFO: Train: Epoch 143: train loss 0.0141
2022-01-19 23:13:57,268 root                INFO: Train: Epoch 144: train loss 0.0141
2022-01-19 23:13:58,113 root                INFO: Train: Epoch 145: train loss 0.0158
2022-01-19 23:13:58,861 root                INFO: Train: Epoch 146: train loss 0.0131
2022-01-19 23:13:59,636 root                INFO: Train: Epoch 147: train loss 0.0148
2022-01-19 23:14:00,395 root                INFO: Train: Epoch 148: train loss 0.0163
2022-01-19 23:14:01,149 root                INFO: Train: Epoch 149: train loss 0.0136
2022-01-19 23:14:01,962 root                INFO: Train: Epoch 150: train loss 0.0145
2022-01-19 23:14:02,726 root                INFO: Train: Epoch 151: train loss 0.0151
2022-01-19 23:14:03,449 root                INFO: Train: Epoch 152: train loss 0.0163
2022-01-19 23:14:04,243 root                INFO: Train: Epoch 153: train loss 0.0140
2022-01-19 23:14:05,138 root                INFO: Train: Epoch 154: train loss 0.0133
2022-01-19 23:14:05,958 root                INFO: Train: Epoch 155: train loss 0.0139
2022-01-19 23:14:06,779 root                INFO: Train: Epoch 156: train loss 0.0130
2022-01-19 23:14:07,568 root                INFO: Train: Epoch 157: train loss 0.0131
2022-01-19 23:14:08,417 root                INFO: Train: Epoch 158: train loss 0.0148
2022-01-19 23:14:09,180 root                INFO: Train: Epoch 159: train loss 0.0127
2022-01-19 23:14:09,982 root                INFO: Train: Epoch 160: train loss 0.0133
2022-01-19 23:14:10,779 root                INFO: Train: Epoch 161: train loss 0.0133
2022-01-19 23:14:11,578 root                INFO: Train: Epoch 162: train loss 0.0136
2022-01-19 23:14:12,359 root                INFO: Train: Epoch 163: train loss 0.0135
2022-01-19 23:14:13,328 root                INFO: Train: Epoch 164: train loss 0.0140
2022-01-19 23:14:14,159 root                INFO: Train: Epoch 165: train loss 0.0136
2022-01-19 23:14:15,003 root                INFO: Train: Epoch 166: train loss 0.0125
2022-01-19 23:14:15,796 root                INFO: Train: Epoch 167: train loss 0.0145
2022-01-19 23:14:16,618 root                INFO: Train: Epoch 168: train loss 0.0133
2022-01-19 23:14:17,439 root                INFO: Train: Epoch 169: train loss 0.0135
2022-01-19 23:14:18,222 root                INFO: Train: Epoch 170: train loss 0.0145
2022-01-19 23:14:19,025 root                INFO: Train: Epoch 171: train loss 0.0161
2022-01-19 23:14:19,808 root                INFO: Train: Epoch 172: train loss 0.0143
2022-01-19 23:14:20,571 root                INFO: Train: Epoch 173: train loss 0.0150
2022-01-19 23:14:21,540 root                INFO: Train: Epoch 174: train loss 0.0142
2022-01-19 23:14:22,311 root                INFO: Train: Epoch 175: train loss 0.0133
2022-01-19 23:14:23,083 root                INFO: Train: Epoch 176: train loss 0.0132
2022-01-19 23:14:23,839 root                INFO: Train: Epoch 177: train loss 0.0159
2022-01-19 23:14:24,603 root                INFO: Train: Epoch 178: train loss 0.0131
2022-01-19 23:14:25,396 root                INFO: Train: Epoch 179: train loss 0.0142
2022-01-19 23:14:26,181 root                INFO: Train: Epoch 180: train loss 0.0124
2022-01-19 23:14:26,942 root                INFO: Train: Epoch 181: train loss 0.0136
2022-01-19 23:14:27,754 root                INFO: Train: Epoch 182: train loss 0.0128
2022-01-19 23:14:28,537 root                INFO: Train: Epoch 183: train loss 0.0156
2022-01-19 23:14:29,499 root                INFO: Train: Epoch 184: train loss 0.0133
2022-01-19 23:14:30,317 root                INFO: Train: Epoch 185: train loss 0.0136
2022-01-19 23:14:31,099 root                INFO: Train: Epoch 186: train loss 0.0123
2022-01-19 23:14:31,895 root                INFO: Train: Epoch 187: train loss 0.0144
2022-01-19 23:14:32,662 root                INFO: Train: Epoch 188: train loss 0.0142
2022-01-19 23:14:33,406 root                INFO: Train: Epoch 189: train loss 0.0141
2022-01-19 23:14:34,180 root                INFO: Train: Epoch 190: train loss 0.0133
2022-01-19 23:14:34,928 root                INFO: Train: Epoch 191: train loss 0.0131
2022-01-19 23:14:35,687 root                INFO: Train: Epoch 192: train loss 0.0140
2022-01-19 23:14:36,445 root                INFO: Train: Epoch 193: train loss 0.0134
2022-01-19 23:14:37,359 root                INFO: Train: Epoch 194: train loss 0.0142
2022-01-19 23:14:38,189 root                INFO: Train: Epoch 195: train loss 0.0128
2022-01-19 23:14:38,971 root                INFO: Train: Epoch 196: train loss 0.0121
2022-01-19 23:14:40,747 root                INFO: Valid: Epoch 196: kendall tau 0.7823; loss 0.2075
2022-01-19 23:14:41,533 root                INFO: Train: Epoch 197: train loss 0.0133
2022-01-19 23:14:43,397 root                INFO: Valid: Epoch 197: kendall tau 0.7847; loss 0.2098
2022-01-19 23:14:44,182 root                INFO: Train: Epoch 198: train loss 0.0133
2022-01-19 23:14:45,952 root                INFO: Valid: Epoch 198: kendall tau 0.7787; loss 0.2005
2022-01-19 23:14:46,730 root                INFO: Train: Epoch 199: train loss 0.0120
2022-01-19 23:14:48,501 root                INFO: Valid: Epoch 199: kendall tau 0.7651; loss 0.1961
2022-01-19 23:14:49,424 root                INFO: Train: Epoch 200: train loss 0.0142
2022-01-19 23:14:51,235 root                INFO: Valid: Epoch 200: kendall tau 0.7750; loss 0.1986
2022-01-19 23:14:51,243 root                INFO: Epoch 200: Save checkpoint to nb1shot1_ablation_scale/true/0.1_0.1/1/202121/200.ckpt
2022-01-19 23:14:52,994 root                INFO: [0.14285714285714285, 0.4444444444444444, 0.5833333333333334, 0.5824175824175825, 0.720164609053498, 0.8979423868312757, 1.0]
2022-01-19 23:14:52,995 root                INFO: [7, 5]
