2022-01-19 23:07:03,788 root                INFO: GPU device = 1
2022-01-19 23:07:03,789 root                INFO: Load pkl cache from nasbench101.pkl and nasbench101_valid.pkl
2022-01-19 23:07:04,384 root                INFO: Config: {'arch_network_cfg': {'arch_embedder_cfg': {'b_use_bn': False, 'backward_gcn_out_dims': [128, 128, 128, 128, 128], 'concat_param_zs_as_opemb_dimension': 7, 'concat_param_zs_as_opemb_scale': 0.1, 'detach_vinfo': False, 'fb_conversion_dims': [128, 128], 'gcn_kwargs': {'plus_I': True, 'residual_only': 1}, 'gcn_out_dims': [128, 128, 128, 128, 128], 'hid_dim': 96, 'mask_nonparametrized_ops': False, 'node_embedding_dim': 48, 'num_time_steps': 3, 'op_embedding_dim': 48, 'symmetry_breaking_method': 'param_zs_add', 'updateopemb_detach_finfo': True, 'updateopemb_detach_opemb': True, 'updateopemb_dims': [128], 'updateopemb_method': 'concat_ofb', 'updateopemb_scale': 0.1}, 'arch_embedder_type': 'nb101-fbflow', 'compare_loss_type': 'margin_linear', 'compare_margin': 0.1, 'mlp_dropout': 0.1, 'mlp_hiddens': [200], 'optimizer': {'lr': 0.001, 'type': 'Adam'}, 'scheduler': None}, 'batch_size': 512, 'choose_pair_criterion': 'random', 'compare': True, 'compare_threshold': 0.0, 'epochs': 200, 'max_compare_ratio': 4.0}
2022-01-19 23:07:08,897 root                INFO: Combined args: Namespace(batch_size=512, cfg_file='cfgs/nb101_cfgs/gates_true_scale0.1.yaml', choose_pair_criterion='random', compare=True, compare_threshold=0.0, epochs=200, eval_only_last=5, gpu=1, load=None, max_compare_ratio=4.0, num_workers=4, report_freq=200, save_every=200, save_predict=None, seed=202121, test_funcs=None, test_only=False, train_dir='nb1shot1_ablation_scale/true/0.1_0.01/123/202121', train_pkl='../mynas/data/nasbench-1shot1/nasbench101_train_123.pkl', train_ratio=0.01, valid_pkl='../mynas/data/nasbench-1shot1/nasbench101_valid.pkl')
2022-01-19 23:07:08,911 root                INFO: Train dataset ratio: 0.010
2022-01-19 23:07:08,912 root                INFO: Number of architectures: train: 72; valid: 7290
2022-01-19 23:07:11,906 root                INFO: Train: Epoch   1: train loss 0.1004
2022-01-19 23:07:12,687 root                INFO: Train: Epoch   2: train loss 0.0954
2022-01-19 23:07:13,348 root                INFO: Train: Epoch   3: train loss 0.0938
2022-01-19 23:07:14,040 root                INFO: Train: Epoch   4: train loss 0.0851
2022-01-19 23:07:14,808 root                INFO: Train: Epoch   5: train loss 0.0824
2022-01-19 23:07:15,574 root                INFO: Train: Epoch   6: train loss 0.0707
2022-01-19 23:07:16,381 root                INFO: Train: Epoch   7: train loss 0.0546
2022-01-19 23:07:17,053 root                INFO: Train: Epoch   8: train loss 0.0479
2022-01-19 23:07:17,737 root                INFO: Train: Epoch   9: train loss 0.0476
2022-01-19 23:07:18,501 root                INFO: Train: Epoch  10: train loss 0.0619
2022-01-19 23:07:19,243 root                INFO: Train: Epoch  11: train loss 0.0466
2022-01-19 23:07:19,963 root                INFO: Train: Epoch  12: train loss 0.0442
2022-01-19 23:07:20,649 root                INFO: Train: Epoch  13: train loss 0.0391
2022-01-19 23:07:21,295 root                INFO: Train: Epoch  14: train loss 0.0420
2022-01-19 23:07:21,980 root                INFO: Train: Epoch  15: train loss 0.0398
2022-01-19 23:07:22,686 root                INFO: Train: Epoch  16: train loss 0.0410
2022-01-19 23:07:23,397 root                INFO: Train: Epoch  17: train loss 0.0400
2022-01-19 23:07:24,064 root                INFO: Train: Epoch  18: train loss 0.0471
2022-01-19 23:07:24,759 root                INFO: Train: Epoch  19: train loss 0.0411
2022-01-19 23:07:25,441 root                INFO: Train: Epoch  20: train loss 0.0409
2022-01-19 23:07:26,118 root                INFO: Train: Epoch  21: train loss 0.0382
2022-01-19 23:07:26,780 root                INFO: Train: Epoch  22: train loss 0.0417
2022-01-19 23:07:27,486 root                INFO: Train: Epoch  23: train loss 0.0410
2022-01-19 23:07:28,156 root                INFO: Train: Epoch  24: train loss 0.0385
2022-01-19 23:07:28,832 root                INFO: Train: Epoch  25: train loss 0.0346
2022-01-19 23:07:29,469 root                INFO: Train: Epoch  26: train loss 0.0346
2022-01-19 23:07:30,121 root                INFO: Train: Epoch  27: train loss 0.0328
2022-01-19 23:07:30,862 root                INFO: Train: Epoch  28: train loss 0.0273
2022-01-19 23:07:31,562 root                INFO: Train: Epoch  29: train loss 0.0260
2022-01-19 23:07:32,205 root                INFO: Train: Epoch  30: train loss 0.0413
2022-01-19 23:07:32,848 root                INFO: Train: Epoch  31: train loss 0.0389
2022-01-19 23:07:33,484 root                INFO: Train: Epoch  32: train loss 0.0288
2022-01-19 23:07:34,307 root                INFO: Train: Epoch  33: train loss 0.0309
2022-01-19 23:07:35,115 root                INFO: Train: Epoch  34: train loss 0.0304
2022-01-19 23:07:35,876 root                INFO: Train: Epoch  35: train loss 0.0298
2022-01-19 23:07:36,511 root                INFO: Train: Epoch  36: train loss 0.0317
2022-01-19 23:07:37,189 root                INFO: Train: Epoch  37: train loss 0.0315
2022-01-19 23:07:37,883 root                INFO: Train: Epoch  38: train loss 0.0307
2022-01-19 23:07:38,557 root                INFO: Train: Epoch  39: train loss 0.0266
2022-01-19 23:07:39,232 root                INFO: Train: Epoch  40: train loss 0.0269
2022-01-19 23:07:39,852 root                INFO: Train: Epoch  41: train loss 0.0312
2022-01-19 23:07:40,561 root                INFO: Train: Epoch  42: train loss 0.0305
2022-01-19 23:07:41,311 root                INFO: Train: Epoch  43: train loss 0.0312
2022-01-19 23:07:42,014 root                INFO: Train: Epoch  44: train loss 0.0237
2022-01-19 23:07:42,704 root                INFO: Train: Epoch  45: train loss 0.0282
2022-01-19 23:07:43,363 root                INFO: Train: Epoch  46: train loss 0.0207
2022-01-19 23:07:44,039 root                INFO: Train: Epoch  47: train loss 0.0234
2022-01-19 23:07:44,751 root                INFO: Train: Epoch  48: train loss 0.0195
2022-01-19 23:07:45,416 root                INFO: Train: Epoch  49: train loss 0.0301
2022-01-19 23:07:46,202 root                INFO: Train: Epoch  50: train loss 0.0251
2022-01-19 23:07:46,926 root                INFO: Train: Epoch  51: train loss 0.0230
2022-01-19 23:07:47,595 root                INFO: Train: Epoch  52: train loss 0.0270
2022-01-19 23:07:48,251 root                INFO: Train: Epoch  53: train loss 0.0296
2022-01-19 23:07:48,927 root                INFO: Train: Epoch  54: train loss 0.0195
2022-01-19 23:07:49,602 root                INFO: Train: Epoch  55: train loss 0.0255
2022-01-19 23:07:50,309 root                INFO: Train: Epoch  56: train loss 0.0220
2022-01-19 23:07:50,999 root                INFO: Train: Epoch  57: train loss 0.0239
2022-01-19 23:07:51,768 root                INFO: Train: Epoch  58: train loss 0.0177
2022-01-19 23:07:52,418 root                INFO: Train: Epoch  59: train loss 0.0243
2022-01-19 23:07:53,164 root                INFO: Train: Epoch  60: train loss 0.0206
2022-01-19 23:07:53,905 root                INFO: Train: Epoch  61: train loss 0.0249
2022-01-19 23:07:54,629 root                INFO: Train: Epoch  62: train loss 0.0223
2022-01-19 23:07:55,273 root                INFO: Train: Epoch  63: train loss 0.0199
2022-01-19 23:07:56,006 root                INFO: Train: Epoch  64: train loss 0.0207
2022-01-19 23:07:56,675 root                INFO: Train: Epoch  65: train loss 0.0242
2022-01-19 23:07:57,353 root                INFO: Train: Epoch  66: train loss 0.0208
2022-01-19 23:07:58,057 root                INFO: Train: Epoch  67: train loss 0.0185
2022-01-19 23:07:58,705 root                INFO: Train: Epoch  68: train loss 0.0251
2022-01-19 23:07:59,365 root                INFO: Train: Epoch  69: train loss 0.0184
2022-01-19 23:08:00,022 root                INFO: Train: Epoch  70: train loss 0.0181
2022-01-19 23:08:00,697 root                INFO: Train: Epoch  71: train loss 0.0166
2022-01-19 23:08:01,371 root                INFO: Train: Epoch  72: train loss 0.0195
2022-01-19 23:08:02,060 root                INFO: Train: Epoch  73: train loss 0.0205
2022-01-19 23:08:02,726 root                INFO: Train: Epoch  74: train loss 0.0156
2022-01-19 23:08:03,393 root                INFO: Train: Epoch  75: train loss 0.0166
2022-01-19 23:08:04,068 root                INFO: Train: Epoch  76: train loss 0.0152
2022-01-19 23:08:04,719 root                INFO: Train: Epoch  77: train loss 0.0219
2022-01-19 23:08:05,435 root                INFO: Train: Epoch  78: train loss 0.0161
2022-01-19 23:08:06,126 root                INFO: Train: Epoch  79: train loss 0.0196
2022-01-19 23:08:06,823 root                INFO: Train: Epoch  80: train loss 0.0107
2022-01-19 23:08:07,482 root                INFO: Train: Epoch  81: train loss 0.0209
2022-01-19 23:08:08,123 root                INFO: Train: Epoch  82: train loss 0.0187
2022-01-19 23:08:08,749 root                INFO: Train: Epoch  83: train loss 0.0131
2022-01-19 23:08:09,417 root                INFO: Train: Epoch  84: train loss 0.0180
2022-01-19 23:08:10,106 root                INFO: Train: Epoch  85: train loss 0.0100
2022-01-19 23:08:10,785 root                INFO: Train: Epoch  86: train loss 0.0191
2022-01-19 23:08:11,438 root                INFO: Train: Epoch  87: train loss 0.0165
2022-01-19 23:08:12,090 root                INFO: Train: Epoch  88: train loss 0.0176
2022-01-19 23:08:12,819 root                INFO: Train: Epoch  89: train loss 0.0266
2022-01-19 23:08:13,512 root                INFO: Train: Epoch  90: train loss 0.0249
2022-01-19 23:08:14,170 root                INFO: Train: Epoch  91: train loss 0.0157
2022-01-19 23:08:14,849 root                INFO: Train: Epoch  92: train loss 0.0128
2022-01-19 23:08:15,518 root                INFO: Train: Epoch  93: train loss 0.0253
2022-01-19 23:08:16,258 root                INFO: Train: Epoch  94: train loss 0.0178
2022-01-19 23:08:17,004 root                INFO: Train: Epoch  95: train loss 0.0150
2022-01-19 23:08:17,744 root                INFO: Train: Epoch  96: train loss 0.0196
2022-01-19 23:08:18,445 root                INFO: Train: Epoch  97: train loss 0.0160
2022-01-19 23:08:19,165 root                INFO: Train: Epoch  98: train loss 0.0205
2022-01-19 23:08:19,884 root                INFO: Train: Epoch  99: train loss 0.0206
2022-01-19 23:08:20,591 root                INFO: Train: Epoch 100: train loss 0.0148
2022-01-19 23:08:21,262 root                INFO: Train: Epoch 101: train loss 0.0139
2022-01-19 23:08:21,912 root                INFO: Train: Epoch 102: train loss 0.0148
2022-01-19 23:08:22,600 root                INFO: Train: Epoch 103: train loss 0.0151
2022-01-19 23:08:23,314 root                INFO: Train: Epoch 104: train loss 0.0138
2022-01-19 23:08:24,007 root                INFO: Train: Epoch 105: train loss 0.0123
2022-01-19 23:08:24,748 root                INFO: Train: Epoch 106: train loss 0.0116
2022-01-19 23:08:25,466 root                INFO: Train: Epoch 107: train loss 0.0140
2022-01-19 23:08:26,154 root                INFO: Train: Epoch 108: train loss 0.0105
2022-01-19 23:08:26,806 root                INFO: Train: Epoch 109: train loss 0.0159
2022-01-19 23:08:27,451 root                INFO: Train: Epoch 110: train loss 0.0160
2022-01-19 23:08:28,130 root                INFO: Train: Epoch 111: train loss 0.0153
2022-01-19 23:08:28,872 root                INFO: Train: Epoch 112: train loss 0.0142
2022-01-19 23:08:29,560 root                INFO: Train: Epoch 113: train loss 0.0147
2022-01-19 23:08:30,225 root                INFO: Train: Epoch 114: train loss 0.0128
2022-01-19 23:08:30,862 root                INFO: Train: Epoch 115: train loss 0.0104
2022-01-19 23:08:31,491 root                INFO: Train: Epoch 116: train loss 0.0117
2022-01-19 23:08:32,172 root                INFO: Train: Epoch 117: train loss 0.0130
2022-01-19 23:08:32,883 root                INFO: Train: Epoch 118: train loss 0.0096
2022-01-19 23:08:33,559 root                INFO: Train: Epoch 119: train loss 0.0088
2022-01-19 23:08:34,221 root                INFO: Train: Epoch 120: train loss 0.0099
2022-01-19 23:08:34,934 root                INFO: Train: Epoch 121: train loss 0.0110
2022-01-19 23:08:35,871 root                INFO: Train: Epoch 122: train loss 0.0148
2022-01-19 23:08:36,686 root                INFO: Train: Epoch 123: train loss 0.0147
2022-01-19 23:08:37,365 root                INFO: Train: Epoch 124: train loss 0.0114
2022-01-19 23:08:38,095 root                INFO: Train: Epoch 125: train loss 0.0138
2022-01-19 23:08:38,784 root                INFO: Train: Epoch 126: train loss 0.0138
2022-01-19 23:08:39,435 root                INFO: Train: Epoch 127: train loss 0.0106
2022-01-19 23:08:40,104 root                INFO: Train: Epoch 128: train loss 0.0099
2022-01-19 23:08:40,875 root                INFO: Train: Epoch 129: train loss 0.0110
2022-01-19 23:08:41,585 root                INFO: Train: Epoch 130: train loss 0.0080
2022-01-19 23:08:42,253 root                INFO: Train: Epoch 131: train loss 0.0125
2022-01-19 23:08:42,927 root                INFO: Train: Epoch 132: train loss 0.0192
2022-01-19 23:08:43,652 root                INFO: Train: Epoch 133: train loss 0.0161
2022-01-19 23:08:44,381 root                INFO: Train: Epoch 134: train loss 0.0163
2022-01-19 23:08:45,103 root                INFO: Train: Epoch 135: train loss 0.0137
2022-01-19 23:08:45,764 root                INFO: Train: Epoch 136: train loss 0.0146
2022-01-19 23:08:46,444 root                INFO: Train: Epoch 137: train loss 0.0123
2022-01-19 23:08:47,113 root                INFO: Train: Epoch 138: train loss 0.0188
2022-01-19 23:08:47,792 root                INFO: Train: Epoch 139: train loss 0.0173
2022-01-19 23:08:48,542 root                INFO: Train: Epoch 140: train loss 0.0140
2022-01-19 23:08:49,226 root                INFO: Train: Epoch 141: train loss 0.0111
2022-01-19 23:08:49,939 root                INFO: Train: Epoch 142: train loss 0.0083
2022-01-19 23:08:50,604 root                INFO: Train: Epoch 143: train loss 0.0105
2022-01-19 23:08:51,277 root                INFO: Train: Epoch 144: train loss 0.0115
2022-01-19 23:08:51,957 root                INFO: Train: Epoch 145: train loss 0.0120
2022-01-19 23:08:52,674 root                INFO: Train: Epoch 146: train loss 0.0110
2022-01-19 23:08:53,364 root                INFO: Train: Epoch 147: train loss 0.0122
2022-01-19 23:08:54,040 root                INFO: Train: Epoch 148: train loss 0.0087
2022-01-19 23:08:54,750 root                INFO: Train: Epoch 149: train loss 0.0119
2022-01-19 23:08:55,467 root                INFO: Train: Epoch 150: train loss 0.0100
2022-01-19 23:08:56,186 root                INFO: Train: Epoch 151: train loss 0.0100
2022-01-19 23:08:56,846 root                INFO: Train: Epoch 152: train loss 0.0072
2022-01-19 23:08:57,532 root                INFO: Train: Epoch 153: train loss 0.0108
2022-01-19 23:08:58,305 root                INFO: Train: Epoch 154: train loss 0.0115
2022-01-19 23:08:59,038 root                INFO: Train: Epoch 155: train loss 0.0072
2022-01-19 23:08:59,744 root                INFO: Train: Epoch 156: train loss 0.0107
2022-01-19 23:09:00,495 root                INFO: Train: Epoch 157: train loss 0.0092
2022-01-19 23:09:01,237 root                INFO: Train: Epoch 158: train loss 0.0079
2022-01-19 23:09:02,009 root                INFO: Train: Epoch 159: train loss 0.0086
2022-01-19 23:09:02,704 root                INFO: Train: Epoch 160: train loss 0.0074
2022-01-19 23:09:03,390 root                INFO: Train: Epoch 161: train loss 0.0095
2022-01-19 23:09:04,093 root                INFO: Train: Epoch 162: train loss 0.0087
2022-01-19 23:09:04,764 root                INFO: Train: Epoch 163: train loss 0.0081
2022-01-19 23:09:05,491 root                INFO: Train: Epoch 164: train loss 0.0086
2022-01-19 23:09:06,250 root                INFO: Train: Epoch 165: train loss 0.0093
2022-01-19 23:09:06,940 root                INFO: Train: Epoch 166: train loss 0.0100
2022-01-19 23:09:07,649 root                INFO: Train: Epoch 167: train loss 0.0102
2022-01-19 23:09:08,324 root                INFO: Train: Epoch 168: train loss 0.0053
2022-01-19 23:09:09,063 root                INFO: Train: Epoch 169: train loss 0.0102
2022-01-19 23:09:09,731 root                INFO: Train: Epoch 170: train loss 0.0145
2022-01-19 23:09:10,426 root                INFO: Train: Epoch 171: train loss 0.0108
2022-01-19 23:09:11,078 root                INFO: Train: Epoch 172: train loss 0.0108
2022-01-19 23:09:11,784 root                INFO: Train: Epoch 173: train loss 0.0065
2022-01-19 23:09:12,532 root                INFO: Train: Epoch 174: train loss 0.0095
2022-01-19 23:09:13,216 root                INFO: Train: Epoch 175: train loss 0.0097
2022-01-19 23:09:13,909 root                INFO: Train: Epoch 176: train loss 0.0058
2022-01-19 23:09:14,604 root                INFO: Train: Epoch 177: train loss 0.0110
2022-01-19 23:09:15,387 root                INFO: Train: Epoch 178: train loss 0.0082
2022-01-19 23:09:16,130 root                INFO: Train: Epoch 179: train loss 0.0079
2022-01-19 23:09:16,793 root                INFO: Train: Epoch 180: train loss 0.0065
2022-01-19 23:09:17,477 root                INFO: Train: Epoch 181: train loss 0.0064
2022-01-19 23:09:18,178 root                INFO: Train: Epoch 182: train loss 0.0086
2022-01-19 23:09:18,914 root                INFO: Train: Epoch 183: train loss 0.0081
2022-01-19 23:09:19,663 root                INFO: Train: Epoch 184: train loss 0.0103
2022-01-19 23:09:20,400 root                INFO: Train: Epoch 185: train loss 0.0067
2022-01-19 23:09:21,074 root                INFO: Train: Epoch 186: train loss 0.0070
2022-01-19 23:09:21,749 root                INFO: Train: Epoch 187: train loss 0.0130
2022-01-19 23:09:22,403 root                INFO: Train: Epoch 188: train loss 0.0072
2022-01-19 23:09:23,142 root                INFO: Train: Epoch 189: train loss 0.0149
2022-01-19 23:09:23,843 root                INFO: Train: Epoch 190: train loss 0.0121
2022-01-19 23:09:24,509 root                INFO: Train: Epoch 191: train loss 0.0087
2022-01-19 23:09:25,160 root                INFO: Train: Epoch 192: train loss 0.0112
2022-01-19 23:09:25,823 root                INFO: Train: Epoch 193: train loss 0.0120
2022-01-19 23:09:26,550 root                INFO: Train: Epoch 194: train loss 0.0088
2022-01-19 23:09:27,250 root                INFO: Train: Epoch 195: train loss 0.0077
2022-01-19 23:09:27,925 root                INFO: Train: Epoch 196: train loss 0.0072
2022-01-19 23:09:30,027 root                INFO: Valid: Epoch 196: kendall tau 0.6958; loss 0.2561
2022-01-19 23:09:30,699 root                INFO: Train: Epoch 197: train loss 0.0090
2022-01-19 23:09:32,794 root                INFO: Valid: Epoch 197: kendall tau 0.6958; loss 0.2641
2022-01-19 23:09:33,457 root                INFO: Train: Epoch 198: train loss 0.0048
2022-01-19 23:09:35,792 root                INFO: Valid: Epoch 198: kendall tau 0.6914; loss 0.2657
2022-01-19 23:09:36,423 root                INFO: Train: Epoch 199: train loss 0.0151
2022-01-19 23:09:38,497 root                INFO: Valid: Epoch 199: kendall tau 0.7002; loss 0.2473
2022-01-19 23:09:39,166 root                INFO: Train: Epoch 200: train loss 0.0076
2022-01-19 23:09:41,289 root                INFO: Valid: Epoch 200: kendall tau 0.7101; loss 0.2181
2022-01-19 23:09:41,299 root                INFO: Epoch 200: Save checkpoint to nb1shot1_ablation_scale/true/0.1_0.01/123/202121/200.ckpt
2022-01-19 23:09:43,595 root                INFO: [0.0, 0.4166666666666667, 0.4444444444444444, 0.6510989010989011, 0.7283950617283951, 0.8647462277091906, 1.0]
2022-01-19 23:09:43,595 root                INFO: [16, 11]
