2022-01-20 15:54:11,146 root                INFO: GPU device = 6
2022-01-20 15:54:11,146 root                INFO: Load pkl cache from nasbench301_train.pkl and nasbench301_valid.pkl
2022-01-20 15:54:12,145 root                INFO: Config: {'arch_network_cfg': {'arch_embedder_cfg': {'take_adj_as_input': True, 'gcn_kwargs': {'residual_only': 2}, 'gcn_out_dims': [64, 64, 64, 64, 64], 'hidden_dim': 32, 'node_dim': 32, 'op_dim': 32, 'use_bn': False, 'final_concat': False, 'other_node_zero': False, 'num_time_steps': 4, 'fb_conversion_dims': [64, 64], 'backward_gcn_out_dims': [64, 64, 64, 64, 64], 'updateopemb_method': 'concat_ofb', 'updateopemb_dims': [64], 'share_skip_and_outskip': True, 'detach_vinfo': False, 'updateopemb_scale': 0.1, 'updateopemb_detach_opemb': True, 'updateopemb_detach_finfo': True, 'mask_nonparametrized_ops': True, 'symmetry_breaking_method': 'param_zs_add', 'concat_param_zs_as_opemb_dimension': 5, 'concat_param_zs_as_opemb_scale': 1.0}, 'arch_embedder_type': 'cellss-fbflow', 'compare_loss_type': 'margin_linear', 'compare_margin': 0.1, 'mlp_dropout': 0.1, 'mlp_hiddens': [200], 'optimizer': {'lr': 0.001, 'type': 'Adam'}, 'scheduler': None}, 'arch_network_type': 'pointwise_comparator', 'batch_size': 128, 'choose_pair_criterion': 'random', 'compare': True, 'compare_threshold': 0.0, 'epochs': 200, 'max_compare_ratio': 16.0}
2022-01-20 15:54:15,460 root                INFO: Combined args: Namespace(arch_network_type='pointwise_comparator', batch_size=128, cfg_file='cfgs/nb301_cfgs/gates_true_masktrue.yaml', choose_pair_criterion='random', compare=True, compare_threshold=0.0, epochs=200, eval_only_last=1, gpu=6, load=None, max_compare_ratio=16.0, num_workers=4, report_freq=200, save_every=200, save_predict=None, seed=2021, test_funcs=None, test_only=False, train_dir='nb301_ablation_mask/true/true_0.01/1/2021', train_pkl='../mynas/data/nasbench-301/nasbench301_train_mtx_1.pkl', train_ratio=0.01, valid_pkl='../mynas/data/nasbench-301/nasbench301_valid_mtx.pkl')
2022-01-20 15:54:15,470 root                INFO: Train dataset ratio: 0.010
2022-01-20 15:54:15,471 root                INFO: Number of architectures: train: 58; valid: 51072
2022-01-20 15:54:31,075 root                INFO: Train: Epoch   1: train loss 0.0996
2022-01-20 15:54:31,653 root                INFO: Train: Epoch   2: train loss 0.0989
2022-01-20 15:54:32,242 root                INFO: Train: Epoch   3: train loss 0.0980
2022-01-20 15:54:32,890 root                INFO: Train: Epoch   4: train loss 0.0963
2022-01-20 15:54:33,458 root                INFO: Train: Epoch   5: train loss 0.0948
2022-01-20 15:54:34,071 root                INFO: Train: Epoch   6: train loss 0.0917
2022-01-20 15:54:34,645 root                INFO: Train: Epoch   7: train loss 0.0881
2022-01-20 15:54:35,225 root                INFO: Train: Epoch   8: train loss 0.0833
2022-01-20 15:54:35,801 root                INFO: Train: Epoch   9: train loss 0.0785
2022-01-20 15:54:36,341 root                INFO: Train: Epoch  10: train loss 0.0710
2022-01-20 15:54:36,905 root                INFO: Train: Epoch  11: train loss 0.0617
2022-01-20 15:54:37,460 root                INFO: Train: Epoch  12: train loss 0.0540
2022-01-20 15:54:38,030 root                INFO: Train: Epoch  13: train loss 0.0476
2022-01-20 15:54:38,633 root                INFO: Train: Epoch  14: train loss 0.0403
2022-01-20 15:54:39,205 root                INFO: Train: Epoch  15: train loss 0.0350
2022-01-20 15:54:39,792 root                INFO: Train: Epoch  16: train loss 0.0349
2022-01-20 15:54:40,351 root                INFO: Train: Epoch  17: train loss 0.0354
2022-01-20 15:54:40,934 root                INFO: Train: Epoch  18: train loss 0.0325
2022-01-20 15:54:41,495 root                INFO: Train: Epoch  19: train loss 0.0354
2022-01-20 15:54:42,085 root                INFO: Train: Epoch  20: train loss 0.0286
2022-01-20 15:54:42,728 root                INFO: Train: Epoch  21: train loss 0.0330
2022-01-20 15:54:43,313 root                INFO: Train: Epoch  22: train loss 0.0305
2022-01-20 15:54:43,900 root                INFO: Train: Epoch  23: train loss 0.0285
2022-01-20 15:54:44,521 root                INFO: Train: Epoch  24: train loss 0.0300
2022-01-20 15:54:45,121 root                INFO: Train: Epoch  25: train loss 0.0261
2022-01-20 15:54:45,714 root                INFO: Train: Epoch  26: train loss 0.0277
2022-01-20 15:54:46,336 root                INFO: Train: Epoch  27: train loss 0.0264
2022-01-20 15:54:46,944 root                INFO: Train: Epoch  28: train loss 0.0235
2022-01-20 15:54:47,619 root                INFO: Train: Epoch  29: train loss 0.0219
2022-01-20 15:54:48,292 root                INFO: Train: Epoch  30: train loss 0.0229
2022-01-20 15:54:48,951 root                INFO: Train: Epoch  31: train loss 0.0225
2022-01-20 15:54:49,604 root                INFO: Train: Epoch  32: train loss 0.0205
2022-01-20 15:54:50,263 root                INFO: Train: Epoch  33: train loss 0.0199
2022-01-20 15:54:50,908 root                INFO: Train: Epoch  34: train loss 0.0197
2022-01-20 15:54:51,541 root                INFO: Train: Epoch  35: train loss 0.0193
2022-01-20 15:54:52,202 root                INFO: Train: Epoch  36: train loss 0.0201
2022-01-20 15:54:52,801 root                INFO: Train: Epoch  37: train loss 0.0180
2022-01-20 15:54:53,530 root                INFO: Train: Epoch  38: train loss 0.0166
2022-01-20 15:54:54,307 root                INFO: Train: Epoch  39: train loss 0.0162
2022-01-20 15:54:55,090 root                INFO: Train: Epoch  40: train loss 0.0142
2022-01-20 15:54:55,821 root                INFO: Train: Epoch  41: train loss 0.0173
2022-01-20 15:54:56,588 root                INFO: Train: Epoch  42: train loss 0.0153
2022-01-20 15:54:57,354 root                INFO: Train: Epoch  43: train loss 0.0151
2022-01-20 15:54:58,154 root                INFO: Train: Epoch  44: train loss 0.0136
2022-01-20 15:54:58,929 root                INFO: Train: Epoch  45: train loss 0.0148
2022-01-20 15:54:59,718 root                INFO: Train: Epoch  46: train loss 0.0133
2022-01-20 15:55:00,557 root                INFO: Train: Epoch  47: train loss 0.0117
2022-01-20 15:55:01,310 root                INFO: Train: Epoch  48: train loss 0.0129
2022-01-20 15:55:02,049 root                INFO: Train: Epoch  49: train loss 0.0122
2022-01-20 15:55:02,839 root                INFO: Train: Epoch  50: train loss 0.0108
2022-01-20 15:55:03,587 root                INFO: Train: Epoch  51: train loss 0.0120
2022-01-20 15:55:04,354 root                INFO: Train: Epoch  52: train loss 0.0112
2022-01-20 15:55:05,106 root                INFO: Train: Epoch  53: train loss 0.0113
2022-01-20 15:55:05,913 root                INFO: Train: Epoch  54: train loss 0.0103
2022-01-20 15:55:06,657 root                INFO: Train: Epoch  55: train loss 0.0106
2022-01-20 15:55:07,417 root                INFO: Train: Epoch  56: train loss 0.0096
2022-01-20 15:55:08,165 root                INFO: Train: Epoch  57: train loss 0.0077
2022-01-20 15:55:08,880 root                INFO: Train: Epoch  58: train loss 0.0110
2022-01-20 15:55:09,613 root                INFO: Train: Epoch  59: train loss 0.0096
2022-01-20 15:55:10,393 root                INFO: Train: Epoch  60: train loss 0.0087
2022-01-20 15:55:11,116 root                INFO: Train: Epoch  61: train loss 0.0077
2022-01-20 15:55:11,826 root                INFO: Train: Epoch  62: train loss 0.0088
2022-01-20 15:55:12,589 root                INFO: Train: Epoch  63: train loss 0.0073
2022-01-20 15:55:13,339 root                INFO: Train: Epoch  64: train loss 0.0077
2022-01-20 15:55:14,099 root                INFO: Train: Epoch  65: train loss 0.0067
2022-01-20 15:55:14,865 root                INFO: Train: Epoch  66: train loss 0.0074
2022-01-20 15:55:15,599 root                INFO: Train: Epoch  67: train loss 0.0066
2022-01-20 15:55:16,351 root                INFO: Train: Epoch  68: train loss 0.0056
2022-01-20 15:55:17,127 root                INFO: Train: Epoch  69: train loss 0.0061
2022-01-20 15:55:17,859 root                INFO: Train: Epoch  70: train loss 0.0057
2022-01-20 15:55:18,604 root                INFO: Train: Epoch  71: train loss 0.0064
2022-01-20 15:55:19,363 root                INFO: Train: Epoch  72: train loss 0.0056
2022-01-20 15:55:20,126 root                INFO: Train: Epoch  73: train loss 0.0061
2022-01-20 15:55:20,851 root                INFO: Train: Epoch  74: train loss 0.0063
2022-01-20 15:55:21,580 root                INFO: Train: Epoch  75: train loss 0.0053
2022-01-20 15:55:22,328 root                INFO: Train: Epoch  76: train loss 0.0052
2022-01-20 15:55:23,069 root                INFO: Train: Epoch  77: train loss 0.0055
2022-01-20 15:55:23,859 root                INFO: Train: Epoch  78: train loss 0.0066
2022-01-20 15:55:24,596 root                INFO: Train: Epoch  79: train loss 0.0061
2022-01-20 15:55:25,305 root                INFO: Train: Epoch  80: train loss 0.0057
2022-01-20 15:55:26,027 root                INFO: Train: Epoch  81: train loss 0.0054
2022-01-20 15:55:26,738 root                INFO: Train: Epoch  82: train loss 0.0061
2022-01-20 15:55:27,507 root                INFO: Train: Epoch  83: train loss 0.0038
2022-01-20 15:55:28,207 root                INFO: Train: Epoch  84: train loss 0.0070
2022-01-20 15:55:28,929 root                INFO: Train: Epoch  85: train loss 0.0060
2022-01-20 15:55:29,696 root                INFO: Train: Epoch  86: train loss 0.0060
2022-01-20 15:55:30,483 root                INFO: Train: Epoch  87: train loss 0.0041
2022-01-20 15:55:31,206 root                INFO: Train: Epoch  88: train loss 0.0054
2022-01-20 15:55:31,942 root                INFO: Train: Epoch  89: train loss 0.0047
2022-01-20 15:55:32,673 root                INFO: Train: Epoch  90: train loss 0.0046
2022-01-20 15:55:33,408 root                INFO: Train: Epoch  91: train loss 0.0038
2022-01-20 15:55:34,130 root                INFO: Train: Epoch  92: train loss 0.0040
2022-01-20 15:55:34,864 root                INFO: Train: Epoch  93: train loss 0.0042
2022-01-20 15:55:35,583 root                INFO: Train: Epoch  94: train loss 0.0038
2022-01-20 15:55:36,315 root                INFO: Train: Epoch  95: train loss 0.0040
2022-01-20 15:55:37,047 root                INFO: Train: Epoch  96: train loss 0.0040
2022-01-20 15:55:37,779 root                INFO: Train: Epoch  97: train loss 0.0039
2022-01-20 15:55:38,505 root                INFO: Train: Epoch  98: train loss 0.0037
2022-01-20 15:55:39,214 root                INFO: Train: Epoch  99: train loss 0.0043
2022-01-20 15:55:39,936 root                INFO: Train: Epoch 100: train loss 0.0038
2022-01-20 15:55:40,692 root                INFO: Train: Epoch 101: train loss 0.0048
2022-01-20 15:55:41,396 root                INFO: Train: Epoch 102: train loss 0.0032
2022-01-20 15:55:42,093 root                INFO: Train: Epoch 103: train loss 0.0045
2022-01-20 15:55:42,827 root                INFO: Train: Epoch 104: train loss 0.0040
2022-01-20 15:55:43,605 root                INFO: Train: Epoch 105: train loss 0.0068
2022-01-20 15:55:44,337 root                INFO: Train: Epoch 106: train loss 0.0041
2022-01-20 15:55:45,046 root                INFO: Train: Epoch 107: train loss 0.0039
2022-01-20 15:55:45,760 root                INFO: Train: Epoch 108: train loss 0.0039
2022-01-20 15:55:46,517 root                INFO: Train: Epoch 109: train loss 0.0040
2022-01-20 15:55:47,237 root                INFO: Train: Epoch 110: train loss 0.0034
2022-01-20 15:55:47,969 root                INFO: Train: Epoch 111: train loss 0.0025
2022-01-20 15:55:48,721 root                INFO: Train: Epoch 112: train loss 0.0031
2022-01-20 15:55:49,454 root                INFO: Train: Epoch 113: train loss 0.0035
2022-01-20 15:55:50,202 root                INFO: Train: Epoch 114: train loss 0.0038
2022-01-20 15:55:50,942 root                INFO: Train: Epoch 115: train loss 0.0040
2022-01-20 15:55:51,710 root                INFO: Train: Epoch 116: train loss 0.0043
2022-01-20 15:55:52,414 root                INFO: Train: Epoch 117: train loss 0.0033
2022-01-20 15:55:53,093 root                INFO: Train: Epoch 118: train loss 0.0033
2022-01-20 15:55:53,765 root                INFO: Train: Epoch 119: train loss 0.0034
2022-01-20 15:55:54,449 root                INFO: Train: Epoch 120: train loss 0.0047
2022-01-20 15:55:55,134 root                INFO: Train: Epoch 121: train loss 0.0038
2022-01-20 15:55:55,831 root                INFO: Train: Epoch 122: train loss 0.0031
2022-01-20 15:55:56,490 root                INFO: Train: Epoch 123: train loss 0.0045
2022-01-20 15:55:57,177 root                INFO: Train: Epoch 124: train loss 0.0038
2022-01-20 15:55:57,843 root                INFO: Train: Epoch 125: train loss 0.0042
2022-01-20 15:55:58,520 root                INFO: Train: Epoch 126: train loss 0.0035
2022-01-20 15:55:59,175 root                INFO: Train: Epoch 127: train loss 0.0041
2022-01-20 15:55:59,835 root                INFO: Train: Epoch 128: train loss 0.0030
2022-01-20 15:56:00,519 root                INFO: Train: Epoch 129: train loss 0.0032
2022-01-20 15:56:01,182 root                INFO: Train: Epoch 130: train loss 0.0028
2022-01-20 15:56:01,805 root                INFO: Train: Epoch 131: train loss 0.0031
2022-01-20 15:56:02,407 root                INFO: Train: Epoch 132: train loss 0.0047
2022-01-20 15:56:02,969 root                INFO: Train: Epoch 133: train loss 0.0026
2022-01-20 15:56:03,491 root                INFO: Train: Epoch 134: train loss 0.0036
2022-01-20 15:56:04,126 root                INFO: Train: Epoch 135: train loss 0.0032
2022-01-20 15:56:04,731 root                INFO: Train: Epoch 136: train loss 0.0028
2022-01-20 15:56:05,345 root                INFO: Train: Epoch 137: train loss 0.0028
2022-01-20 15:56:05,940 root                INFO: Train: Epoch 138: train loss 0.0023
2022-01-20 15:56:06,482 root                INFO: Train: Epoch 139: train loss 0.0042
2022-01-20 15:56:07,044 root                INFO: Train: Epoch 140: train loss 0.0030
2022-01-20 15:56:07,623 root                INFO: Train: Epoch 141: train loss 0.0025
2022-01-20 15:56:08,175 root                INFO: Train: Epoch 142: train loss 0.0031
2022-01-20 15:56:08,748 root                INFO: Train: Epoch 143: train loss 0.0043
2022-01-20 15:56:09,290 root                INFO: Train: Epoch 144: train loss 0.0025
2022-01-20 15:56:09,791 root                INFO: Train: Epoch 145: train loss 0.0029
2022-01-20 15:56:10,271 root                INFO: Train: Epoch 146: train loss 0.0031
2022-01-20 15:56:10,772 root                INFO: Train: Epoch 147: train loss 0.0026
2022-01-20 15:56:11,281 root                INFO: Train: Epoch 148: train loss 0.0033
2022-01-20 15:56:11,819 root                INFO: Train: Epoch 149: train loss 0.0038
2022-01-20 15:56:12,333 root                INFO: Train: Epoch 150: train loss 0.0036
2022-01-20 15:56:12,907 root                INFO: Train: Epoch 151: train loss 0.0040
2022-01-20 15:56:13,464 root                INFO: Train: Epoch 152: train loss 0.0034
2022-01-20 15:56:13,982 root                INFO: Train: Epoch 153: train loss 0.0019
2022-01-20 15:56:14,506 root                INFO: Train: Epoch 154: train loss 0.0036
2022-01-20 15:56:15,053 root                INFO: Train: Epoch 155: train loss 0.0026
2022-01-20 15:56:15,582 root                INFO: Train: Epoch 156: train loss 0.0030
2022-01-20 15:56:16,089 root                INFO: Train: Epoch 157: train loss 0.0037
2022-01-20 15:56:16,593 root                INFO: Train: Epoch 158: train loss 0.0026
2022-01-20 15:56:17,102 root                INFO: Train: Epoch 159: train loss 0.0046
2022-01-20 15:56:17,656 root                INFO: Train: Epoch 160: train loss 0.0037
2022-01-20 15:56:18,177 root                INFO: Train: Epoch 161: train loss 0.0034
2022-01-20 15:56:18,688 root                INFO: Train: Epoch 162: train loss 0.0032
2022-01-20 15:56:19,196 root                INFO: Train: Epoch 163: train loss 0.0033
2022-01-20 15:56:19,736 root                INFO: Train: Epoch 164: train loss 0.0031
2022-01-20 15:56:20,257 root                INFO: Train: Epoch 165: train loss 0.0025
2022-01-20 15:56:20,769 root                INFO: Train: Epoch 166: train loss 0.0030
2022-01-20 15:56:21,287 root                INFO: Train: Epoch 167: train loss 0.0063
2022-01-20 15:56:21,818 root                INFO: Train: Epoch 168: train loss 0.0025
2022-01-20 15:56:22,347 root                INFO: Train: Epoch 169: train loss 0.0024
2022-01-20 15:56:22,865 root                INFO: Train: Epoch 170: train loss 0.0040
2022-01-20 15:56:23,393 root                INFO: Train: Epoch 171: train loss 0.0032
2022-01-20 15:56:23,985 root                INFO: Train: Epoch 172: train loss 0.0032
2022-01-20 15:56:24,526 root                INFO: Train: Epoch 173: train loss 0.0036
2022-01-20 15:56:25,065 root                INFO: Train: Epoch 174: train loss 0.0036
2022-01-20 15:56:25,609 root                INFO: Train: Epoch 175: train loss 0.0027
2022-01-20 15:56:26,143 root                INFO: Train: Epoch 176: train loss 0.0024
2022-01-20 15:56:26,713 root                INFO: Train: Epoch 177: train loss 0.0028
2022-01-20 15:56:27,255 root                INFO: Train: Epoch 178: train loss 0.0035
2022-01-20 15:56:27,794 root                INFO: Train: Epoch 179: train loss 0.0025
2022-01-20 15:56:28,341 root                INFO: Train: Epoch 180: train loss 0.0048
2022-01-20 15:56:28,892 root                INFO: Train: Epoch 181: train loss 0.0021
2022-01-20 15:56:29,426 root                INFO: Train: Epoch 182: train loss 0.0041
2022-01-20 15:56:29,984 root                INFO: Train: Epoch 183: train loss 0.0037
2022-01-20 15:56:30,529 root                INFO: Train: Epoch 184: train loss 0.0018
2022-01-20 15:56:31,023 root                INFO: Train: Epoch 185: train loss 0.0031
2022-01-20 15:56:31,540 root                INFO: Train: Epoch 186: train loss 0.0046
2022-01-20 15:56:32,049 root                INFO: Train: Epoch 187: train loss 0.0026
2022-01-20 15:56:32,572 root                INFO: Train: Epoch 188: train loss 0.0075
2022-01-20 15:56:33,086 root                INFO: Train: Epoch 189: train loss 0.0045
2022-01-20 15:56:33,618 root                INFO: Train: Epoch 190: train loss 0.0018
2022-01-20 15:56:34,274 root                INFO: Train: Epoch 191: train loss 0.0044
2022-01-20 15:56:34,798 root                INFO: Train: Epoch 192: train loss 0.0035
2022-01-20 15:56:35,311 root                INFO: Train: Epoch 193: train loss 0.0028
2022-01-20 15:56:35,969 root                INFO: Train: Epoch 194: train loss 0.0033
2022-01-20 15:56:36,638 root                INFO: Train: Epoch 195: train loss 0.0042
2022-01-20 15:56:37,366 root                INFO: Train: Epoch 196: train loss 0.0023
2022-01-20 15:56:38,048 root                INFO: Train: Epoch 197: train loss 0.0021
2022-01-20 15:56:38,721 root                INFO: Train: Epoch 198: train loss 0.0033
2022-01-20 15:56:39,422 root                INFO: Train: Epoch 199: train loss 0.0029
2022-01-20 15:56:40,125 root                INFO: Train: Epoch 200: train loss 0.0022
2022-01-20 15:56:57,005 root                INFO: Valid: Epoch 200: kendall tau 0.6474; loss 0.258
2022-01-20 15:56:57,012 root                INFO: Epoch 200: Save checkpoint to nb301_ablation_mask/true/true_0.01/1/2021/200.ckpt
2022-01-20 15:57:13,768 root                INFO: [0.0392156862745098, 0.13725490196078433, 0.2019607843137255, 0.5413239326282805, 0.7068729195222244, 0.8227600250626567, 1.0]
2022-01-20 15:57:13,768 root                INFO: [167, 167]
