2022-01-20 15:51:15,392 root                INFO: GPU device = 1
2022-01-20 15:51:15,392 root                INFO: Load pkl cache from nasbench301_train.pkl and nasbench301_valid.pkl
2022-01-20 15:51:16,297 root                INFO: Config: {'arch_network_cfg': {'arch_embedder_cfg': {'take_adj_as_input': True, 'gcn_kwargs': {'residual_only': 2}, 'gcn_out_dims': [64, 64, 64, 64, 64], 'hidden_dim': 32, 'node_dim': 32, 'op_dim': 32, 'use_bn': False, 'final_concat': False, 'other_node_zero': False, 'num_time_steps': 4, 'fb_conversion_dims': [64, 64], 'backward_gcn_out_dims': [64, 64, 64, 64, 64], 'updateopemb_method': 'concat_ofb', 'updateopemb_dims': [64], 'share_skip_and_outskip': True, 'detach_vinfo': False, 'updateopemb_scale': 0.1, 'updateopemb_detach_opemb': True, 'updateopemb_detach_finfo': True, 'mask_nonparametrized_ops': True, 'symmetry_breaking_method': 'param_zs_add', 'concat_param_zs_as_opemb_dimension': 5, 'concat_param_zs_as_opemb_scale': 1.0}, 'arch_embedder_type': 'cellss-fbflow', 'compare_loss_type': 'margin_linear', 'compare_margin': 0.1, 'mlp_dropout': 0.1, 'mlp_hiddens': [200], 'optimizer': {'lr': 0.001, 'type': 'Adam'}, 'scheduler': None}, 'arch_network_type': 'pointwise_comparator', 'batch_size': 128, 'choose_pair_criterion': 'random', 'compare': True, 'compare_threshold': 0.0, 'epochs': 200, 'max_compare_ratio': 16.0}
2022-01-20 15:51:19,492 root                INFO: Combined args: Namespace(arch_network_type='pointwise_comparator', batch_size=128, cfg_file='cfgs/nb301_cfgs/gates_true_masktrue.yaml', choose_pair_criterion='random', compare=True, compare_threshold=0.0, epochs=200, eval_only_last=1, gpu=1, load=None, max_compare_ratio=16.0, num_workers=4, report_freq=200, save_every=200, save_predict=None, seed=21, test_funcs=None, test_only=False, train_dir='nb301_ablation_mask/true/true_0.005/1/21', train_pkl='../mynas/data/nasbench-301/nasbench301_train_mtx_1.pkl', train_ratio=0.005, valid_pkl='../mynas/data/nasbench-301/nasbench301_valid_mtx.pkl')
2022-01-20 15:51:19,502 root                INFO: Train dataset ratio: 0.005
2022-01-20 15:51:19,503 root                INFO: Number of architectures: train: 29; valid: 51072
2022-01-20 15:51:35,044 root                INFO: Train: Epoch   1: train loss 0.1007
2022-01-20 15:51:35,549 root                INFO: Train: Epoch   2: train loss 0.0988
2022-01-20 15:51:36,156 root                INFO: Train: Epoch   3: train loss 0.0958
2022-01-20 15:51:36,697 root                INFO: Train: Epoch   4: train loss 0.0943
2022-01-20 15:51:37,209 root                INFO: Train: Epoch   5: train loss 0.0898
2022-01-20 15:51:37,756 root                INFO: Train: Epoch   6: train loss 0.0851
2022-01-20 15:51:38,305 root                INFO: Train: Epoch   7: train loss 0.0791
2022-01-20 15:51:38,822 root                INFO: Train: Epoch   8: train loss 0.0709
2022-01-20 15:51:39,340 root                INFO: Train: Epoch   9: train loss 0.0632
2022-01-20 15:51:39,970 root                INFO: Train: Epoch  10: train loss 0.0542
2022-01-20 15:51:40,523 root                INFO: Train: Epoch  11: train loss 0.0479
2022-01-20 15:51:41,094 root                INFO: Train: Epoch  12: train loss 0.0425
2022-01-20 15:51:41,650 root                INFO: Train: Epoch  13: train loss 0.0340
2022-01-20 15:51:42,161 root                INFO: Train: Epoch  14: train loss 0.0326
2022-01-20 15:51:42,678 root                INFO: Train: Epoch  15: train loss 0.0276
2022-01-20 15:51:43,182 root                INFO: Train: Epoch  16: train loss 0.0253
2022-01-20 15:51:43,673 root                INFO: Train: Epoch  17: train loss 0.0251
2022-01-20 15:51:44,175 root                INFO: Train: Epoch  18: train loss 0.0215
2022-01-20 15:51:44,685 root                INFO: Train: Epoch  19: train loss 0.0200
2022-01-20 15:51:45,232 root                INFO: Train: Epoch  20: train loss 0.0180
2022-01-20 15:51:45,837 root                INFO: Train: Epoch  21: train loss 0.0190
2022-01-20 15:51:46,393 root                INFO: Train: Epoch  22: train loss 0.0159
2022-01-20 15:51:46,945 root                INFO: Train: Epoch  23: train loss 0.0159
2022-01-20 15:51:47,523 root                INFO: Train: Epoch  24: train loss 0.0165
2022-01-20 15:51:48,088 root                INFO: Train: Epoch  25: train loss 0.0127
2022-01-20 15:51:48,613 root                INFO: Train: Epoch  26: train loss 0.0140
2022-01-20 15:51:49,134 root                INFO: Train: Epoch  27: train loss 0.0138
2022-01-20 15:51:49,652 root                INFO: Train: Epoch  28: train loss 0.0119
2022-01-20 15:51:50,203 root                INFO: Train: Epoch  29: train loss 0.0119
2022-01-20 15:51:50,727 root                INFO: Train: Epoch  30: train loss 0.0109
2022-01-20 15:51:51,267 root                INFO: Train: Epoch  31: train loss 0.0100
2022-01-20 15:51:51,786 root                INFO: Train: Epoch  32: train loss 0.0111
2022-01-20 15:51:52,325 root                INFO: Train: Epoch  33: train loss 0.0105
2022-01-20 15:51:52,851 root                INFO: Train: Epoch  34: train loss 0.0087
2022-01-20 15:51:53,368 root                INFO: Train: Epoch  35: train loss 0.0073
2022-01-20 15:51:53,905 root                INFO: Train: Epoch  36: train loss 0.0078
2022-01-20 15:51:54,422 root                INFO: Train: Epoch  37: train loss 0.0068
2022-01-20 15:51:54,973 root                INFO: Train: Epoch  38: train loss 0.0065
2022-01-20 15:51:55,509 root                INFO: Train: Epoch  39: train loss 0.0074
2022-01-20 15:51:56,060 root                INFO: Train: Epoch  40: train loss 0.0058
2022-01-20 15:51:56,592 root                INFO: Train: Epoch  41: train loss 0.0080
2022-01-20 15:51:57,166 root                INFO: Train: Epoch  42: train loss 0.0068
2022-01-20 15:51:57,723 root                INFO: Train: Epoch  43: train loss 0.0054
2022-01-20 15:51:58,285 root                INFO: Train: Epoch  44: train loss 0.0072
2022-01-20 15:51:58,818 root                INFO: Train: Epoch  45: train loss 0.0051
2022-01-20 15:51:59,349 root                INFO: Train: Epoch  46: train loss 0.0066
2022-01-20 15:51:59,905 root                INFO: Train: Epoch  47: train loss 0.0046
2022-01-20 15:52:00,436 root                INFO: Train: Epoch  48: train loss 0.0056
2022-01-20 15:52:00,990 root                INFO: Train: Epoch  49: train loss 0.0038
2022-01-20 15:52:01,544 root                INFO: Train: Epoch  50: train loss 0.0047
2022-01-20 15:52:02,126 root                INFO: Train: Epoch  51: train loss 0.0036
2022-01-20 15:52:02,666 root                INFO: Train: Epoch  52: train loss 0.0030
2022-01-20 15:52:03,217 root                INFO: Train: Epoch  53: train loss 0.0033
2022-01-20 15:52:03,791 root                INFO: Train: Epoch  54: train loss 0.0053
2022-01-20 15:52:04,374 root                INFO: Train: Epoch  55: train loss 0.0047
2022-01-20 15:52:04,917 root                INFO: Train: Epoch  56: train loss 0.0051
2022-01-20 15:52:05,463 root                INFO: Train: Epoch  57: train loss 0.0029
2022-01-20 15:52:06,007 root                INFO: Train: Epoch  58: train loss 0.0034
2022-01-20 15:52:06,554 root                INFO: Train: Epoch  59: train loss 0.0033
2022-01-20 15:52:07,074 root                INFO: Train: Epoch  60: train loss 0.0029
2022-01-20 15:52:07,622 root                INFO: Train: Epoch  61: train loss 0.0026
2022-01-20 15:52:08,173 root                INFO: Train: Epoch  62: train loss 0.0035
2022-01-20 15:52:08,705 root                INFO: Train: Epoch  63: train loss 0.0023
2022-01-20 15:52:09,246 root                INFO: Train: Epoch  64: train loss 0.0034
2022-01-20 15:52:09,771 root                INFO: Train: Epoch  65: train loss 0.0037
2022-01-20 15:52:10,308 root                INFO: Train: Epoch  66: train loss 0.0028
2022-01-20 15:52:10,880 root                INFO: Train: Epoch  67: train loss 0.0030
2022-01-20 15:52:11,396 root                INFO: Train: Epoch  68: train loss 0.0034
2022-01-20 15:52:11,972 root                INFO: Train: Epoch  69: train loss 0.0036
2022-01-20 15:52:12,515 root                INFO: Train: Epoch  70: train loss 0.0010
2022-01-20 15:52:13,068 root                INFO: Train: Epoch  71: train loss 0.0041
2022-01-20 15:52:13,595 root                INFO: Train: Epoch  72: train loss 0.0050
2022-01-20 15:52:14,131 root                INFO: Train: Epoch  73: train loss 0.0020
2022-01-20 15:52:14,655 root                INFO: Train: Epoch  74: train loss 0.0041
2022-01-20 15:52:15,190 root                INFO: Train: Epoch  75: train loss 0.0050
2022-01-20 15:52:15,739 root                INFO: Train: Epoch  76: train loss 0.0019
2022-01-20 15:52:16,265 root                INFO: Train: Epoch  77: train loss 0.0020
2022-01-20 15:52:16,808 root                INFO: Train: Epoch  78: train loss 0.0043
2022-01-20 15:52:17,336 root                INFO: Train: Epoch  79: train loss 0.0039
2022-01-20 15:52:17,869 root                INFO: Train: Epoch  80: train loss 0.0024
2022-01-20 15:52:18,419 root                INFO: Train: Epoch  81: train loss 0.0020
2022-01-20 15:52:18,907 root                INFO: Train: Epoch  82: train loss 0.0029
2022-01-20 15:52:19,452 root                INFO: Train: Epoch  83: train loss 0.0024
2022-01-20 15:52:20,009 root                INFO: Train: Epoch  84: train loss 0.0027
2022-01-20 15:52:20,538 root                INFO: Train: Epoch  85: train loss 0.0028
2022-01-20 15:52:21,057 root                INFO: Train: Epoch  86: train loss 0.0015
2022-01-20 15:52:21,597 root                INFO: Train: Epoch  87: train loss 0.0023
2022-01-20 15:52:22,148 root                INFO: Train: Epoch  88: train loss 0.0020
2022-01-20 15:52:22,699 root                INFO: Train: Epoch  89: train loss 0.0038
2022-01-20 15:52:23,240 root                INFO: Train: Epoch  90: train loss 0.0012
2022-01-20 15:52:23,748 root                INFO: Train: Epoch  91: train loss 0.0017
2022-01-20 15:52:24,270 root                INFO: Train: Epoch  92: train loss 0.0017
2022-01-20 15:52:24,816 root                INFO: Train: Epoch  93: train loss 0.0018
2022-01-20 15:52:25,364 root                INFO: Train: Epoch  94: train loss 0.0015
2022-01-20 15:52:25,903 root                INFO: Train: Epoch  95: train loss 0.0016
2022-01-20 15:52:26,506 root                INFO: Train: Epoch  96: train loss 0.0018
2022-01-20 15:52:27,098 root                INFO: Train: Epoch  97: train loss 0.0009
2022-01-20 15:52:27,657 root                INFO: Train: Epoch  98: train loss 0.0007
2022-01-20 15:52:28,210 root                INFO: Train: Epoch  99: train loss 0.0010
2022-01-20 15:52:28,738 root                INFO: Train: Epoch 100: train loss 0.0008
2022-01-20 15:52:29,263 root                INFO: Train: Epoch 101: train loss 0.0024
2022-01-20 15:52:29,808 root                INFO: Train: Epoch 102: train loss 0.0029
2022-01-20 15:52:30,351 root                INFO: Train: Epoch 103: train loss 0.0028
2022-01-20 15:52:30,902 root                INFO: Train: Epoch 104: train loss 0.0015
2022-01-20 15:52:31,467 root                INFO: Train: Epoch 105: train loss 0.0010
2022-01-20 15:52:32,007 root                INFO: Train: Epoch 106: train loss 0.0020
2022-01-20 15:52:32,527 root                INFO: Train: Epoch 107: train loss 0.0011
2022-01-20 15:52:33,064 root                INFO: Train: Epoch 108: train loss 0.0018
2022-01-20 15:52:33,594 root                INFO: Train: Epoch 109: train loss 0.0016
2022-01-20 15:52:34,162 root                INFO: Train: Epoch 110: train loss 0.0007
2022-01-20 15:52:34,714 root                INFO: Train: Epoch 111: train loss 0.0019
2022-01-20 15:52:35,230 root                INFO: Train: Epoch 112: train loss 0.0021
2022-01-20 15:52:35,764 root                INFO: Train: Epoch 113: train loss 0.0017
2022-01-20 15:52:36,293 root                INFO: Train: Epoch 114: train loss 0.0016
2022-01-20 15:52:36,837 root                INFO: Train: Epoch 115: train loss 0.0015
2022-01-20 15:52:37,368 root                INFO: Train: Epoch 116: train loss 0.0014
2022-01-20 15:52:37,897 root                INFO: Train: Epoch 117: train loss 0.0015
2022-01-20 15:52:38,463 root                INFO: Train: Epoch 118: train loss 0.0022
2022-01-20 15:52:38,981 root                INFO: Train: Epoch 119: train loss 0.0029
2022-01-20 15:52:39,521 root                INFO: Train: Epoch 120: train loss 0.0007
2022-01-20 15:52:40,082 root                INFO: Train: Epoch 121: train loss 0.0023
2022-01-20 15:52:40,597 root                INFO: Train: Epoch 122: train loss 0.0013
2022-01-20 15:52:41,104 root                INFO: Train: Epoch 123: train loss 0.0024
2022-01-20 15:52:41,597 root                INFO: Train: Epoch 124: train loss 0.0034
2022-01-20 15:52:42,121 root                INFO: Train: Epoch 125: train loss 0.0011
2022-01-20 15:52:42,618 root                INFO: Train: Epoch 126: train loss 0.0011
2022-01-20 15:52:43,118 root                INFO: Train: Epoch 127: train loss 0.0022
2022-01-20 15:52:43,604 root                INFO: Train: Epoch 128: train loss 0.0020
2022-01-20 15:52:44,102 root                INFO: Train: Epoch 129: train loss 0.0023
2022-01-20 15:52:44,596 root                INFO: Train: Epoch 130: train loss 0.0018
2022-01-20 15:52:45,120 root                INFO: Train: Epoch 131: train loss 0.0017
2022-01-20 15:52:45,623 root                INFO: Train: Epoch 132: train loss 0.0019
2022-01-20 15:52:46,152 root                INFO: Train: Epoch 133: train loss 0.0008
2022-01-20 15:52:46,660 root                INFO: Train: Epoch 134: train loss 0.0013
2022-01-20 15:52:47,158 root                INFO: Train: Epoch 135: train loss 0.0036
2022-01-20 15:52:47,663 root                INFO: Train: Epoch 136: train loss 0.0021
2022-01-20 15:52:48,183 root                INFO: Train: Epoch 137: train loss 0.0018
2022-01-20 15:52:48,720 root                INFO: Train: Epoch 138: train loss 0.0004
2022-01-20 15:52:49,241 root                INFO: Train: Epoch 139: train loss 0.0016
2022-01-20 15:52:49,775 root                INFO: Train: Epoch 140: train loss 0.0014
2022-01-20 15:52:50,299 root                INFO: Train: Epoch 141: train loss 0.0014
2022-01-20 15:52:50,824 root                INFO: Train: Epoch 142: train loss 0.0010
2022-01-20 15:52:51,333 root                INFO: Train: Epoch 143: train loss 0.0013
2022-01-20 15:52:51,829 root                INFO: Train: Epoch 144: train loss 0.0008
2022-01-20 15:52:52,373 root                INFO: Train: Epoch 145: train loss 0.0011
2022-01-20 15:52:52,894 root                INFO: Train: Epoch 146: train loss 0.0009
2022-01-20 15:52:53,409 root                INFO: Train: Epoch 147: train loss 0.0018
2022-01-20 15:52:53,927 root                INFO: Train: Epoch 148: train loss 0.0013
2022-01-20 15:52:54,447 root                INFO: Train: Epoch 149: train loss 0.0007
2022-01-20 15:52:54,963 root                INFO: Train: Epoch 150: train loss 0.0009
2022-01-20 15:52:55,484 root                INFO: Train: Epoch 151: train loss 0.0015
2022-01-20 15:52:56,018 root                INFO: Train: Epoch 152: train loss 0.0017
2022-01-20 15:52:56,523 root                INFO: Train: Epoch 153: train loss 0.0009
2022-01-20 15:52:57,061 root                INFO: Train: Epoch 154: train loss 0.0005
2022-01-20 15:52:57,569 root                INFO: Train: Epoch 155: train loss 0.0011
2022-01-20 15:52:58,058 root                INFO: Train: Epoch 156: train loss 0.0008
2022-01-20 15:52:58,582 root                INFO: Train: Epoch 157: train loss 0.0009
2022-01-20 15:52:59,078 root                INFO: Train: Epoch 158: train loss 0.0011
2022-01-20 15:52:59,579 root                INFO: Train: Epoch 159: train loss 0.0017
2022-01-20 15:53:00,075 root                INFO: Train: Epoch 160: train loss 0.0018
2022-01-20 15:53:00,551 root                INFO: Train: Epoch 161: train loss 0.0007
2022-01-20 15:53:01,032 root                INFO: Train: Epoch 162: train loss 0.0010
2022-01-20 15:53:01,512 root                INFO: Train: Epoch 163: train loss 0.0018
2022-01-20 15:53:02,017 root                INFO: Train: Epoch 164: train loss 0.0012
2022-01-20 15:53:02,556 root                INFO: Train: Epoch 165: train loss 0.0012
2022-01-20 15:53:03,034 root                INFO: Train: Epoch 166: train loss 0.0008
2022-01-20 15:53:03,551 root                INFO: Train: Epoch 167: train loss 0.0006
2022-01-20 15:53:04,052 root                INFO: Train: Epoch 168: train loss 0.0014
2022-01-20 15:53:04,550 root                INFO: Train: Epoch 169: train loss 0.0018
2022-01-20 15:53:05,061 root                INFO: Train: Epoch 170: train loss 0.0011
2022-01-20 15:53:05,568 root                INFO: Train: Epoch 171: train loss 0.0012
2022-01-20 15:53:06,103 root                INFO: Train: Epoch 172: train loss 0.0005
2022-01-20 15:53:06,606 root                INFO: Train: Epoch 173: train loss 0.0014
2022-01-20 15:53:07,111 root                INFO: Train: Epoch 174: train loss 0.0016
2022-01-20 15:53:07,631 root                INFO: Train: Epoch 175: train loss 0.0015
2022-01-20 15:53:08,120 root                INFO: Train: Epoch 176: train loss 0.0009
2022-01-20 15:53:08,601 root                INFO: Train: Epoch 177: train loss 0.0016
2022-01-20 15:53:09,080 root                INFO: Train: Epoch 178: train loss 0.0025
2022-01-20 15:53:09,598 root                INFO: Train: Epoch 179: train loss 0.0023
2022-01-20 15:53:10,085 root                INFO: Train: Epoch 180: train loss 0.0013
2022-01-20 15:53:10,603 root                INFO: Train: Epoch 181: train loss 0.0017
2022-01-20 15:53:11,164 root                INFO: Train: Epoch 182: train loss 0.0010
2022-01-20 15:53:11,745 root                INFO: Train: Epoch 183: train loss 0.0034
2022-01-20 15:53:12,309 root                INFO: Train: Epoch 184: train loss 0.0032
2022-01-20 15:53:12,889 root                INFO: Train: Epoch 185: train loss 0.0017
2022-01-20 15:53:13,372 root                INFO: Train: Epoch 186: train loss 0.0008
2022-01-20 15:53:13,872 root                INFO: Train: Epoch 187: train loss 0.0003
2022-01-20 15:53:14,366 root                INFO: Train: Epoch 188: train loss 0.0014
2022-01-20 15:53:14,869 root                INFO: Train: Epoch 189: train loss 0.0020
2022-01-20 15:53:15,367 root                INFO: Train: Epoch 190: train loss 0.0011
2022-01-20 15:53:15,892 root                INFO: Train: Epoch 191: train loss 0.0009
2022-01-20 15:53:16,375 root                INFO: Train: Epoch 192: train loss 0.0010
2022-01-20 15:53:16,894 root                INFO: Train: Epoch 193: train loss 0.0019
2022-01-20 15:53:17,418 root                INFO: Train: Epoch 194: train loss 0.0007
2022-01-20 15:53:17,912 root                INFO: Train: Epoch 195: train loss 0.0008
2022-01-20 15:53:18,407 root                INFO: Train: Epoch 196: train loss 0.0016
2022-01-20 15:53:18,909 root                INFO: Train: Epoch 197: train loss 0.0011
2022-01-20 15:53:19,431 root                INFO: Train: Epoch 198: train loss 0.0003
2022-01-20 15:53:20,030 root                INFO: Train: Epoch 199: train loss 0.0004
2022-01-20 15:53:20,757 root                INFO: Train: Epoch 200: train loss 0.0021
2022-01-20 15:53:37,412 root                INFO: Valid: Epoch 200: kendall tau 0.5922; loss 0.3387
2022-01-20 15:53:37,418 root                INFO: Epoch 200: Save checkpoint to nb301_ablation_mask/true/true_0.005/1/21/200.ckpt
2022-01-20 15:53:53,826 root                INFO: [0.0784313725490196, 0.12549019607843137, 0.1843137254901961, 0.5037211124167645, 0.6428431564519287, 0.7934288847117794, 1.0]
2022-01-20 15:53:53,827 root                INFO: [467, 35]
