2022-01-20 16:00:00,805 root                INFO: GPU device = 1
2022-01-20 16:00:00,805 root                INFO: Load pkl cache from nasbench301_train.pkl and nasbench301_valid.pkl
2022-01-20 16:00:01,679 root                INFO: Config: {'arch_network_cfg': {'arch_embedder_cfg': {'take_adj_as_input': True, 'gcn_kwargs': {'residual_only': 2}, 'gcn_out_dims': [64, 64, 64, 64, 64], 'hidden_dim': 32, 'node_dim': 32, 'op_dim': 32, 'use_bn': False, 'final_concat': False, 'other_node_zero': False, 'num_time_steps': 4, 'fb_conversion_dims': [64, 64], 'backward_gcn_out_dims': [64, 64, 64, 64, 64], 'updateopemb_method': 'concat_ofb', 'updateopemb_dims': [64], 'share_skip_and_outskip': True, 'detach_vinfo': False, 'updateopemb_scale': 0.1, 'updateopemb_detach_opemb': True, 'updateopemb_detach_finfo': True, 'mask_nonparametrized_ops': True, 'symmetry_breaking_method': 'param_zs_add', 'concat_param_zs_as_opemb_dimension': 5, 'concat_param_zs_as_opemb_scale': 1.0}, 'arch_embedder_type': 'cellss-fbflow', 'compare_loss_type': 'margin_linear', 'compare_margin': 0.1, 'mlp_dropout': 0.1, 'mlp_hiddens': [200], 'optimizer': {'lr': 0.001, 'type': 'Adam'}, 'scheduler': None}, 'arch_network_type': 'pointwise_comparator', 'batch_size': 128, 'choose_pair_criterion': 'random', 'compare': True, 'compare_threshold': 0.0, 'epochs': 200, 'max_compare_ratio': 16.0}
2022-01-20 16:00:04,867 root                INFO: Combined args: Namespace(arch_network_type='pointwise_comparator', batch_size=128, cfg_file='cfgs/nb301_cfgs/gates_true_masktrue.yaml', choose_pair_criterion='random', compare=True, compare_threshold=0.0, epochs=200, eval_only_last=1, gpu=1, load=None, max_compare_ratio=16.0, num_workers=4, report_freq=200, save_every=200, save_predict=None, seed=21, test_funcs=None, test_only=False, train_dir='nb301_ablation_mask/true/true_0.05/123/21', train_pkl='../mynas/data/nasbench-301/nasbench301_train_mtx_123.pkl', train_ratio=0.05, valid_pkl='../mynas/data/nasbench-301/nasbench301_valid_mtx.pkl')
2022-01-20 16:00:04,877 root                INFO: Train dataset ratio: 0.050
2022-01-20 16:00:04,878 root                INFO: Number of architectures: train: 294; valid: 51072
2022-01-20 16:00:21,054 root                INFO: Train: Epoch   1: train loss 0.0995
2022-01-20 16:00:22,166 root                INFO: Train: Epoch   2: train loss 0.0927
2022-01-20 16:00:23,308 root                INFO: Train: Epoch   3: train loss 0.0801
2022-01-20 16:00:24,427 root                INFO: Train: Epoch   4: train loss 0.0630
2022-01-20 16:00:25,541 root                INFO: Train: Epoch   5: train loss 0.0526
2022-01-20 16:00:26,665 root                INFO: Train: Epoch   6: train loss 0.0451
2022-01-20 16:00:27,814 root                INFO: Train: Epoch   7: train loss 0.0417
2022-01-20 16:00:28,911 root                INFO: Train: Epoch   8: train loss 0.0370
2022-01-20 16:00:30,019 root                INFO: Train: Epoch   9: train loss 0.0317
2022-01-20 16:00:31,199 root                INFO: Train: Epoch  10: train loss 0.0298
2022-01-20 16:00:32,425 root                INFO: Train: Epoch  11: train loss 0.0309
2022-01-20 16:00:33,505 root                INFO: Train: Epoch  12: train loss 0.0294
2022-01-20 16:00:34,605 root                INFO: Train: Epoch  13: train loss 0.0294
2022-01-20 16:00:35,747 root                INFO: Train: Epoch  14: train loss 0.0278
2022-01-20 16:00:36,862 root                INFO: Train: Epoch  15: train loss 0.0272
2022-01-20 16:00:37,981 root                INFO: Train: Epoch  16: train loss 0.0274
2022-01-20 16:00:39,085 root                INFO: Train: Epoch  17: train loss 0.0254
2022-01-20 16:00:40,197 root                INFO: Train: Epoch  18: train loss 0.0270
2022-01-20 16:00:41,324 root                INFO: Train: Epoch  19: train loss 0.0242
2022-01-20 16:00:42,444 root                INFO: Train: Epoch  20: train loss 0.0231
2022-01-20 16:00:43,596 root                INFO: Train: Epoch  21: train loss 0.0238
2022-01-20 16:00:44,776 root                INFO: Train: Epoch  22: train loss 0.0239
2022-01-20 16:00:45,943 root                INFO: Train: Epoch  23: train loss 0.0231
2022-01-20 16:00:47,081 root                INFO: Train: Epoch  24: train loss 0.0229
2022-01-20 16:00:48,186 root                INFO: Train: Epoch  25: train loss 0.0221
2022-01-20 16:00:49,244 root                INFO: Train: Epoch  26: train loss 0.0219
2022-01-20 16:00:50,286 root                INFO: Train: Epoch  27: train loss 0.0209
2022-01-20 16:00:51,411 root                INFO: Train: Epoch  28: train loss 0.0207
2022-01-20 16:00:52,521 root                INFO: Train: Epoch  29: train loss 0.0209
2022-01-20 16:00:53,641 root                INFO: Train: Epoch  30: train loss 0.0201
2022-01-20 16:00:54,738 root                INFO: Train: Epoch  31: train loss 0.0210
2022-01-20 16:00:55,778 root                INFO: Train: Epoch  32: train loss 0.0201
2022-01-20 16:00:56,821 root                INFO: Train: Epoch  33: train loss 0.0200
2022-01-20 16:00:57,918 root                INFO: Train: Epoch  34: train loss 0.0214
2022-01-20 16:00:59,033 root                INFO: Train: Epoch  35: train loss 0.0183
2022-01-20 16:01:00,177 root                INFO: Train: Epoch  36: train loss 0.0199
2022-01-20 16:01:01,330 root                INFO: Train: Epoch  37: train loss 0.0180
2022-01-20 16:01:02,430 root                INFO: Train: Epoch  38: train loss 0.0177
2022-01-20 16:01:03,561 root                INFO: Train: Epoch  39: train loss 0.0175
2022-01-20 16:01:04,661 root                INFO: Train: Epoch  40: train loss 0.0154
2022-01-20 16:01:05,752 root                INFO: Train: Epoch  41: train loss 0.0167
2022-01-20 16:01:06,877 root                INFO: Train: Epoch  42: train loss 0.0169
2022-01-20 16:01:08,002 root                INFO: Train: Epoch  43: train loss 0.0154
2022-01-20 16:01:09,150 root                INFO: Train: Epoch  44: train loss 0.0167
2022-01-20 16:01:10,272 root                INFO: Train: Epoch  45: train loss 0.0161
2022-01-20 16:01:11,374 root                INFO: Train: Epoch  46: train loss 0.0159
2022-01-20 16:01:12,514 root                INFO: Train: Epoch  47: train loss 0.0182
2022-01-20 16:01:13,649 root                INFO: Train: Epoch  48: train loss 0.0160
2022-01-20 16:01:14,801 root                INFO: Train: Epoch  49: train loss 0.0162
2022-01-20 16:01:15,926 root                INFO: Train: Epoch  50: train loss 0.0173
2022-01-20 16:01:17,054 root                INFO: Train: Epoch  51: train loss 0.0172
2022-01-20 16:01:18,175 root                INFO: Train: Epoch  52: train loss 0.0152
2022-01-20 16:01:19,258 root                INFO: Train: Epoch  53: train loss 0.0150
2022-01-20 16:01:20,358 root                INFO: Train: Epoch  54: train loss 0.0151
2022-01-20 16:01:21,441 root                INFO: Train: Epoch  55: train loss 0.0143
2022-01-20 16:01:22,550 root                INFO: Train: Epoch  56: train loss 0.0147
2022-01-20 16:01:23,661 root                INFO: Train: Epoch  57: train loss 0.0150
2022-01-20 16:01:24,753 root                INFO: Train: Epoch  58: train loss 0.0131
2022-01-20 16:01:25,841 root                INFO: Train: Epoch  59: train loss 0.0132
2022-01-20 16:01:26,880 root                INFO: Train: Epoch  60: train loss 0.0138
2022-01-20 16:01:27,980 root                INFO: Train: Epoch  61: train loss 0.0140
2022-01-20 16:01:29,132 root                INFO: Train: Epoch  62: train loss 0.0124
2022-01-20 16:01:30,294 root                INFO: Train: Epoch  63: train loss 0.0113
2022-01-20 16:01:31,506 root                INFO: Train: Epoch  64: train loss 0.0119
2022-01-20 16:01:32,643 root                INFO: Train: Epoch  65: train loss 0.0103
2022-01-20 16:01:33,758 root                INFO: Train: Epoch  66: train loss 0.0120
2022-01-20 16:01:34,921 root                INFO: Train: Epoch  67: train loss 0.0133
2022-01-20 16:01:36,050 root                INFO: Train: Epoch  68: train loss 0.0144
2022-01-20 16:01:37,232 root                INFO: Train: Epoch  69: train loss 0.0133
2022-01-20 16:01:38,435 root                INFO: Train: Epoch  70: train loss 0.0129
2022-01-20 16:01:39,607 root                INFO: Train: Epoch  71: train loss 0.0120
2022-01-20 16:01:40,787 root                INFO: Train: Epoch  72: train loss 0.0130
2022-01-20 16:01:41,946 root                INFO: Train: Epoch  73: train loss 0.0120
2022-01-20 16:01:43,088 root                INFO: Train: Epoch  74: train loss 0.0121
2022-01-20 16:01:44,213 root                INFO: Train: Epoch  75: train loss 0.0103
2022-01-20 16:01:45,337 root                INFO: Train: Epoch  76: train loss 0.0131
2022-01-20 16:01:46,451 root                INFO: Train: Epoch  77: train loss 0.0106
2022-01-20 16:01:47,600 root                INFO: Train: Epoch  78: train loss 0.0107
2022-01-20 16:01:48,713 root                INFO: Train: Epoch  79: train loss 0.0096
2022-01-20 16:01:49,849 root                INFO: Train: Epoch  80: train loss 0.0103
2022-01-20 16:01:50,987 root                INFO: Train: Epoch  81: train loss 0.0106
2022-01-20 16:01:52,122 root                INFO: Train: Epoch  82: train loss 0.0109
2022-01-20 16:01:53,257 root                INFO: Train: Epoch  83: train loss 0.0108
2022-01-20 16:01:54,408 root                INFO: Train: Epoch  84: train loss 0.0106
2022-01-20 16:01:55,544 root                INFO: Train: Epoch  85: train loss 0.0106
2022-01-20 16:01:56,673 root                INFO: Train: Epoch  86: train loss 0.0103
2022-01-20 16:01:57,789 root                INFO: Train: Epoch  87: train loss 0.0103
2022-01-20 16:01:58,949 root                INFO: Train: Epoch  88: train loss 0.0112
2022-01-20 16:02:00,055 root                INFO: Train: Epoch  89: train loss 0.0107
2022-01-20 16:02:01,139 root                INFO: Train: Epoch  90: train loss 0.0105
2022-01-20 16:02:02,253 root                INFO: Train: Epoch  91: train loss 0.0108
2022-01-20 16:02:03,363 root                INFO: Train: Epoch  92: train loss 0.0095
2022-01-20 16:02:04,468 root                INFO: Train: Epoch  93: train loss 0.0087
2022-01-20 16:02:05,568 root                INFO: Train: Epoch  94: train loss 0.0089
2022-01-20 16:02:06,679 root                INFO: Train: Epoch  95: train loss 0.0095
2022-01-20 16:02:07,778 root                INFO: Train: Epoch  96: train loss 0.0091
2022-01-20 16:02:08,886 root                INFO: Train: Epoch  97: train loss 0.0093
2022-01-20 16:02:09,981 root                INFO: Train: Epoch  98: train loss 0.0082
2022-01-20 16:02:11,036 root                INFO: Train: Epoch  99: train loss 0.0083
2022-01-20 16:02:12,069 root                INFO: Train: Epoch 100: train loss 0.0090
2022-01-20 16:02:13,140 root                INFO: Train: Epoch 101: train loss 0.0092
2022-01-20 16:02:14,212 root                INFO: Train: Epoch 102: train loss 0.0091
2022-01-20 16:02:15,293 root                INFO: Train: Epoch 103: train loss 0.0110
2022-01-20 16:02:16,385 root                INFO: Train: Epoch 104: train loss 0.0100
2022-01-20 16:02:17,457 root                INFO: Train: Epoch 105: train loss 0.0094
2022-01-20 16:02:18,537 root                INFO: Train: Epoch 106: train loss 0.0109
2022-01-20 16:02:19,616 root                INFO: Train: Epoch 107: train loss 0.0097
2022-01-20 16:02:20,644 root                INFO: Train: Epoch 108: train loss 0.0087
2022-01-20 16:02:21,688 root                INFO: Train: Epoch 109: train loss 0.0090
2022-01-20 16:02:22,767 root                INFO: Train: Epoch 110: train loss 0.0093
2022-01-20 16:02:23,912 root                INFO: Train: Epoch 111: train loss 0.0099
2022-01-20 16:02:24,979 root                INFO: Train: Epoch 112: train loss 0.0075
2022-01-20 16:02:26,006 root                INFO: Train: Epoch 113: train loss 0.0079
2022-01-20 16:02:27,026 root                INFO: Train: Epoch 114: train loss 0.0076
2022-01-20 16:02:28,050 root                INFO: Train: Epoch 115: train loss 0.0083
2022-01-20 16:02:29,082 root                INFO: Train: Epoch 116: train loss 0.0067
2022-01-20 16:02:30,143 root                INFO: Train: Epoch 117: train loss 0.0076
2022-01-20 16:02:31,228 root                INFO: Train: Epoch 118: train loss 0.0070
2022-01-20 16:02:32,306 root                INFO: Train: Epoch 119: train loss 0.0078
2022-01-20 16:02:33,368 root                INFO: Train: Epoch 120: train loss 0.0074
2022-01-20 16:02:34,422 root                INFO: Train: Epoch 121: train loss 0.0081
2022-01-20 16:02:35,508 root                INFO: Train: Epoch 122: train loss 0.0082
2022-01-20 16:02:36,603 root                INFO: Train: Epoch 123: train loss 0.0083
2022-01-20 16:02:37,730 root                INFO: Train: Epoch 124: train loss 0.0076
2022-01-20 16:02:38,852 root                INFO: Train: Epoch 125: train loss 0.0085
2022-01-20 16:02:39,983 root                INFO: Train: Epoch 126: train loss 0.0080
2022-01-20 16:02:41,077 root                INFO: Train: Epoch 127: train loss 0.0090
2022-01-20 16:02:42,213 root                INFO: Train: Epoch 128: train loss 0.0073
2022-01-20 16:02:43,307 root                INFO: Train: Epoch 129: train loss 0.0101
2022-01-20 16:02:44,388 root                INFO: Train: Epoch 130: train loss 0.0078
2022-01-20 16:02:45,518 root                INFO: Train: Epoch 131: train loss 0.0075
2022-01-20 16:02:46,623 root                INFO: Train: Epoch 132: train loss 0.0072
2022-01-20 16:02:47,724 root                INFO: Train: Epoch 133: train loss 0.0080
2022-01-20 16:02:48,886 root                INFO: Train: Epoch 134: train loss 0.0072
2022-01-20 16:02:50,146 root                INFO: Train: Epoch 135: train loss 0.0083
2022-01-20 16:02:51,458 root                INFO: Train: Epoch 136: train loss 0.0078
2022-01-20 16:02:52,701 root                INFO: Train: Epoch 137: train loss 0.0074
2022-01-20 16:02:53,913 root                INFO: Train: Epoch 138: train loss 0.0073
2022-01-20 16:02:55,128 root                INFO: Train: Epoch 139: train loss 0.0071
2022-01-20 16:02:56,316 root                INFO: Train: Epoch 140: train loss 0.0065
2022-01-20 16:02:57,410 root                INFO: Train: Epoch 141: train loss 0.0066
2022-01-20 16:02:58,497 root                INFO: Train: Epoch 142: train loss 0.0077
2022-01-20 16:02:59,617 root                INFO: Train: Epoch 143: train loss 0.0079
2022-01-20 16:03:00,762 root                INFO: Train: Epoch 144: train loss 0.0069
2022-01-20 16:03:01,864 root                INFO: Train: Epoch 145: train loss 0.0069
2022-01-20 16:03:02,972 root                INFO: Train: Epoch 146: train loss 0.0063
2022-01-20 16:03:04,047 root                INFO: Train: Epoch 147: train loss 0.0082
2022-01-20 16:03:05,087 root                INFO: Train: Epoch 148: train loss 0.0065
2022-01-20 16:03:06,172 root                INFO: Train: Epoch 149: train loss 0.0077
2022-01-20 16:03:07,261 root                INFO: Train: Epoch 150: train loss 0.0069
2022-01-20 16:03:08,407 root                INFO: Train: Epoch 151: train loss 0.0079
2022-01-20 16:03:09,522 root                INFO: Train: Epoch 152: train loss 0.0073
2022-01-20 16:03:10,637 root                INFO: Train: Epoch 153: train loss 0.0078
2022-01-20 16:03:11,748 root                INFO: Train: Epoch 154: train loss 0.0070
2022-01-20 16:03:12,858 root                INFO: Train: Epoch 155: train loss 0.0073
2022-01-20 16:03:13,969 root                INFO: Train: Epoch 156: train loss 0.0063
2022-01-20 16:03:15,010 root                INFO: Train: Epoch 157: train loss 0.0063
2022-01-20 16:03:16,057 root                INFO: Train: Epoch 158: train loss 0.0056
2022-01-20 16:03:17,147 root                INFO: Train: Epoch 159: train loss 0.0059
2022-01-20 16:03:18,227 root                INFO: Train: Epoch 160: train loss 0.0061
2022-01-20 16:03:19,336 root                INFO: Train: Epoch 161: train loss 0.0060
2022-01-20 16:03:20,469 root                INFO: Train: Epoch 162: train loss 0.0068
2022-01-20 16:03:21,577 root                INFO: Train: Epoch 163: train loss 0.0055
2022-01-20 16:03:22,692 root                INFO: Train: Epoch 164: train loss 0.0068
2022-01-20 16:03:23,802 root                INFO: Train: Epoch 165: train loss 0.0064
2022-01-20 16:03:24,906 root                INFO: Train: Epoch 166: train loss 0.0071
2022-01-20 16:03:25,985 root                INFO: Train: Epoch 167: train loss 0.0071
2022-01-20 16:03:27,064 root                INFO: Train: Epoch 168: train loss 0.0064
2022-01-20 16:03:28,156 root                INFO: Train: Epoch 169: train loss 0.0069
2022-01-20 16:03:29,268 root                INFO: Train: Epoch 170: train loss 0.0066
2022-01-20 16:03:30,370 root                INFO: Train: Epoch 171: train loss 0.0078
2022-01-20 16:03:31,485 root                INFO: Train: Epoch 172: train loss 0.0071
2022-01-20 16:03:32,589 root                INFO: Train: Epoch 173: train loss 0.0076
2022-01-20 16:03:33,734 root                INFO: Train: Epoch 174: train loss 0.0069
2022-01-20 16:03:34,829 root                INFO: Train: Epoch 175: train loss 0.0073
2022-01-20 16:03:35,860 root                INFO: Train: Epoch 176: train loss 0.0068
2022-01-20 16:03:36,917 root                INFO: Train: Epoch 177: train loss 0.0062
2022-01-20 16:03:37,985 root                INFO: Train: Epoch 178: train loss 0.0070
2022-01-20 16:03:39,040 root                INFO: Train: Epoch 179: train loss 0.0059
2022-01-20 16:03:40,117 root                INFO: Train: Epoch 180: train loss 0.0065
2022-01-20 16:03:41,221 root                INFO: Train: Epoch 181: train loss 0.0058
2022-01-20 16:03:42,298 root                INFO: Train: Epoch 182: train loss 0.0068
2022-01-20 16:03:43,412 root                INFO: Train: Epoch 183: train loss 0.0068
2022-01-20 16:03:44,480 root                INFO: Train: Epoch 184: train loss 0.0068
2022-01-20 16:03:45,552 root                INFO: Train: Epoch 185: train loss 0.0058
2022-01-20 16:03:46,638 root                INFO: Train: Epoch 186: train loss 0.0060
2022-01-20 16:03:47,680 root                INFO: Train: Epoch 187: train loss 0.0059
2022-01-20 16:03:48,735 root                INFO: Train: Epoch 188: train loss 0.0053
2022-01-20 16:03:49,861 root                INFO: Train: Epoch 189: train loss 0.0054
2022-01-20 16:03:50,973 root                INFO: Train: Epoch 190: train loss 0.0068
2022-01-20 16:03:52,085 root                INFO: Train: Epoch 191: train loss 0.0067
2022-01-20 16:03:53,151 root                INFO: Train: Epoch 192: train loss 0.0066
2022-01-20 16:03:54,178 root                INFO: Train: Epoch 193: train loss 0.0049
2022-01-20 16:03:55,186 root                INFO: Train: Epoch 194: train loss 0.0047
2022-01-20 16:03:56,243 root                INFO: Train: Epoch 195: train loss 0.0045
2022-01-20 16:03:57,323 root                INFO: Train: Epoch 196: train loss 0.0061
2022-01-20 16:03:58,479 root                INFO: Train: Epoch 197: train loss 0.0058
2022-01-20 16:03:59,717 root                INFO: Train: Epoch 198: train loss 0.0058
2022-01-20 16:04:00,822 root                INFO: Train: Epoch 199: train loss 0.0059
2022-01-20 16:04:01,849 root                INFO: Train: Epoch 200: train loss 0.0056
2022-01-20 16:04:18,326 root                INFO: Valid: Epoch 200: kendall tau 0.7163; loss 0.2259
2022-01-20 16:04:18,332 root                INFO: Epoch 200: Save checkpoint to nb301_ablation_mask/true/true_0.05/123/21/200.ckpt
2022-01-20 16:04:34,716 root                INFO: [0.0196078431372549, 0.12549019607843137, 0.20588235294117646, 0.5895025460242852, 0.7665948697865674, 0.8634085213032582, 1.0]
2022-01-20 16:04:34,716 root                INFO: [291, 291]
