2022-01-21 17:25:15,826 root                INFO: GPU device = 0
2022-01-21 17:25:15,827 root                INFO: Load pkl cache from nasbench301_train.pkl and nasbench301_valid.pkl
2022-01-21 17:25:16,388 root                INFO: Config: {'arch_network_cfg': {'arch_embedder_cfg': {'take_adj_as_input': True, 'gcn_kwargs': {'residual_only': 2}, 'gcn_out_dims': [64, 64, 64, 64, 64], 'hidden_dim': 32, 'node_dim': 32, 'op_dim': 32, 'use_bn': False, 'final_concat': False, 'other_node_zero': False, 'num_time_steps': 2, 'fb_conversion_dims': [64, 64], 'backward_gcn_out_dims': [64, 64, 64, 64, 64], 'updateopemb_method': 'concat_ofb', 'updateopemb_dims': [64], 'share_skip_and_outskip': True, 'detach_vinfo': False, 'updateopemb_scale': 0.1, 'updateopemb_detach_opemb': True, 'updateopemb_detach_finfo': True, 'mask_nonparametrized_ops': True, 'symmetry_breaking_method': 'param_zs_add', 'concat_param_zs_as_opemb_dimension': 5, 'concat_param_zs_as_opemb_scale': 1.0}, 'arch_embedder_type': 'cellss-fbflow-anytime', 'compare_loss_type': 'margin_linear', 'compare_margin': 0.1, 'mlp_dropout': 0.1, 'mlp_hiddens': [200], 'mlp_out_dim': 1, 'optimizer': {'lr': 0.001, 'type': 'Adam'}, 'scheduler': None}, 'arch_network_type': 'pointwise_comparator', 'batch_size': 128, 'choose_pair_criterion': 'random', 'compare': False, 'compare_threshold': 0.0, 'epochs': 200, 'max_compare_ratio': 16.0}
2022-01-21 17:25:19,456 root                INFO: Combined args: Namespace(arch_network_type='pointwise_comparator', batch_size=128, cfg_file='cfgs/nb301_cfgs/tagates_anytime.yaml', choose_pair_criterion='random', compare=False, compare_threshold=0.0, epochs=200, eval_only_last=1, gpu=0, load=None, max_compare_ratio=16.0, num_workers=4, report_freq=200, save_every=200, save_predict=None, seed=21, test_funcs=None, test_only=False, train_dir='nb301_anytime_tagates/tagates_0.001/1/21', train_pkl='../mynas/data/nasbench-301/nasbench301_train_mtx_anytime_1.pkl', train_ratio=0.001, valid_pkl='../mynas/data/nasbench-301/nasbench301_valid_mtx_anytime.pkl')
2022-01-21 17:25:19,465 root                INFO: Train dataset ratio: 0.001
2022-01-21 17:25:19,465 root                INFO: Number of architectures: train: 5; valid: 51072
2022-01-21 17:27:08,940 root                INFO: GPU device = 0
2022-01-21 17:27:08,940 root                INFO: Load pkl cache from nasbench301_train.pkl and nasbench301_valid.pkl
2022-01-21 17:27:09,516 root                INFO: Config: {'arch_network_cfg': {'arch_embedder_cfg': {'take_adj_as_input': True, 'gcn_kwargs': {'residual_only': 2}, 'gcn_out_dims': [64, 64, 64, 64, 64], 'hidden_dim': 32, 'node_dim': 32, 'op_dim': 32, 'use_bn': False, 'final_concat': False, 'other_node_zero': False, 'num_time_steps': 2, 'fb_conversion_dims': [64, 64], 'backward_gcn_out_dims': [64, 64, 64, 64, 64], 'updateopemb_method': 'concat_ofb', 'updateopemb_dims': [64], 'share_skip_and_outskip': True, 'detach_vinfo': False, 'updateopemb_scale': 0.1, 'updateopemb_detach_opemb': True, 'updateopemb_detach_finfo': True, 'mask_nonparametrized_ops': True, 'symmetry_breaking_method': 'param_zs_add', 'concat_param_zs_as_opemb_dimension': 5, 'concat_param_zs_as_opemb_scale': 1.0}, 'arch_embedder_type': 'cellss-fbflow-anytime', 'compare_loss_type': 'margin_linear', 'compare_margin': 0.1, 'mlp_dropout': 0.1, 'mlp_hiddens': [200], 'mlp_out_dim': 1, 'optimizer': {'lr': 0.001, 'type': 'Adam'}, 'scheduler': None}, 'arch_network_type': 'pointwise_comparator', 'batch_size': 128, 'choose_pair_criterion': 'random', 'compare': False, 'compare_threshold': 0.0, 'epochs': 200, 'max_compare_ratio': 16.0}
2022-01-21 17:27:12,544 root                INFO: Combined args: Namespace(arch_network_type='pointwise_comparator', batch_size=128, cfg_file='cfgs/nb301_cfgs/tagates_anytime.yaml', choose_pair_criterion='random', compare=False, compare_threshold=0.0, epochs=200, eval_only_last=1, gpu=0, load=None, max_compare_ratio=16.0, num_workers=4, report_freq=200, save_every=200, save_predict=None, seed=21, test_funcs=None, test_only=False, train_dir='nb301_anytime_tagates/tagates_0.001/1/21', train_pkl='../mynas/data/nasbench-301/nasbench301_train_mtx_anytime_1.pkl', train_ratio=0.001, valid_pkl='../mynas/data/nasbench-301/nasbench301_valid_mtx_anytime.pkl')
2022-01-21 17:27:12,553 root                INFO: Train dataset ratio: 0.001
2022-01-21 17:27:12,554 root                INFO: Number of architectures: train: 5; valid: 51072
2022-01-21 17:27:25,514 root                INFO: Train: Epoch   1: train loss 0.3360
2022-01-21 17:27:25,935 root                INFO: Train: Epoch   2: train loss 0.3236
2022-01-21 17:27:26,342 root                INFO: Train: Epoch   3: train loss 0.3108
2022-01-21 17:27:26,768 root                INFO: Train: Epoch   4: train loss 0.2975
2022-01-21 17:27:27,183 root                INFO: Train: Epoch   5: train loss 0.2782
2022-01-21 17:27:27,629 root                INFO: Train: Epoch   6: train loss 0.2597
2022-01-21 17:27:28,040 root                INFO: Train: Epoch   7: train loss 0.2300
2022-01-21 17:27:28,463 root                INFO: Train: Epoch   8: train loss 0.2006
2022-01-21 17:27:28,877 root                INFO: Train: Epoch   9: train loss 0.1597
2022-01-21 17:27:29,303 root                INFO: Train: Epoch  10: train loss 0.1130
2022-01-21 17:27:29,724 root                INFO: Train: Epoch  11: train loss 0.0697
2022-01-21 17:27:30,145 root                INFO: Train: Epoch  12: train loss 0.0300
2022-01-21 17:27:30,565 root                INFO: Train: Epoch  13: train loss 0.0054
2022-01-21 17:27:30,981 root                INFO: Train: Epoch  14: train loss 0.0018
2022-01-21 17:27:31,403 root                INFO: Train: Epoch  15: train loss 0.0052
2022-01-21 17:27:31,814 root                INFO: Train: Epoch  16: train loss 0.0103
2022-01-21 17:27:32,234 root                INFO: Train: Epoch  17: train loss 0.0133
2022-01-21 17:27:32,653 root                INFO: Train: Epoch  18: train loss 0.0155
2022-01-21 17:27:33,072 root                INFO: Train: Epoch  19: train loss 0.0161
2022-01-21 17:27:33,525 root                INFO: Train: Epoch  20: train loss 0.0167
2022-01-21 17:27:33,972 root                INFO: Train: Epoch  21: train loss 0.0169
2022-01-21 17:27:34,426 root                INFO: Train: Epoch  22: train loss 0.0170
2022-01-21 17:27:34,881 root                INFO: Train: Epoch  23: train loss 0.0170
2022-01-21 17:27:35,331 root                INFO: Train: Epoch  24: train loss 0.0171
2022-01-21 17:27:35,778 root                INFO: Train: Epoch  25: train loss 0.0171
2022-01-21 17:27:36,214 root                INFO: Train: Epoch  26: train loss 0.0171
2022-01-21 17:27:36,663 root                INFO: Train: Epoch  27: train loss 0.0171
2022-01-21 17:27:37,115 root                INFO: Train: Epoch  28: train loss 0.0171
2022-01-21 17:27:37,570 root                INFO: Train: Epoch  29: train loss 0.0171
2022-01-21 17:27:38,020 root                INFO: Train: Epoch  30: train loss 0.0171
2022-01-21 17:27:38,508 root                INFO: Train: Epoch  31: train loss 0.0171
2022-01-21 17:27:38,952 root                INFO: Train: Epoch  32: train loss 0.0171
2022-01-21 17:27:39,402 root                INFO: Train: Epoch  33: train loss 0.0171
2022-01-21 17:27:39,847 root                INFO: Train: Epoch  34: train loss 0.0171
2022-01-21 17:27:40,285 root                INFO: Train: Epoch  35: train loss 0.0171
2022-01-21 17:27:40,733 root                INFO: Train: Epoch  36: train loss 0.0171
2022-01-21 17:27:41,173 root                INFO: Train: Epoch  37: train loss 0.0171
2022-01-21 17:27:41,631 root                INFO: Train: Epoch  38: train loss 0.0171
2022-01-21 17:27:42,081 root                INFO: Train: Epoch  39: train loss 0.0171
2022-01-21 17:27:42,529 root                INFO: Train: Epoch  40: train loss 0.0171
2022-01-21 17:27:42,972 root                INFO: Train: Epoch  41: train loss 0.0171
2022-01-21 17:27:43,422 root                INFO: Train: Epoch  42: train loss 0.0171
2022-01-21 17:31:04,697 root                INFO: GPU device = 0
2022-01-21 17:31:04,697 root                INFO: Load pkl cache from nasbench301_train.pkl and nasbench301_valid.pkl
2022-01-21 17:31:05,264 root                INFO: Config: {'arch_network_cfg': {'arch_embedder_cfg': {'take_adj_as_input': True, 'gcn_kwargs': {'residual_only': 2}, 'gcn_out_dims': [64, 64, 64, 64, 64], 'hidden_dim': 32, 'node_dim': 32, 'op_dim': 32, 'use_bn': False, 'final_concat': False, 'other_node_zero': False, 'num_time_steps': 2, 'fb_conversion_dims': [64, 64], 'backward_gcn_out_dims': [64, 64, 64, 64, 64], 'updateopemb_method': 'concat_ofb', 'updateopemb_dims': [64], 'share_skip_and_outskip': True, 'detach_vinfo': False, 'updateopemb_scale': 0.1, 'updateopemb_detach_opemb': True, 'updateopemb_detach_finfo': True, 'mask_nonparametrized_ops': True, 'symmetry_breaking_method': 'param_zs_add', 'concat_param_zs_as_opemb_dimension': 5, 'concat_param_zs_as_opemb_scale': 1.0}, 'arch_embedder_type': 'cellss-fbflow-anytime', 'compare_loss_type': 'margin_linear', 'compare_margin': 0.1, 'mlp_dropout': 0.1, 'mlp_hiddens': [200], 'mlp_out_dim': 1, 'optimizer': {'lr': 0.001, 'type': 'Adam'}, 'scheduler': None}, 'arch_network_type': 'pointwise_comparator', 'batch_size': 128, 'choose_pair_criterion': 'random', 'compare': False, 'compare_threshold': 0.0, 'epochs': 200, 'max_compare_ratio': 16.0}
2022-01-21 17:31:09,381 root                INFO: Combined args: Namespace(arch_network_type='pointwise_comparator', batch_size=128, cfg_file='cfgs/nb301_cfgs/tagates_anytime.yaml', choose_pair_criterion='random', compare=False, compare_threshold=0.0, epochs=200, eval_only_last=1, gpu=0, load=None, max_compare_ratio=16.0, num_workers=4, report_freq=200, save_every=200, save_predict=None, seed=21, test_funcs=None, test_only=False, train_dir='nb301_anytime_tagates/tagates_0.001/1/21', train_pkl='../mynas/data/nasbench-301/nasbench301_train_mtx_anytime_1.pkl', train_ratio=0.001, valid_pkl='../mynas/data/nasbench-301/nasbench301_valid_mtx_anytime.pkl')
2022-01-21 17:31:09,391 root                INFO: Train dataset ratio: 0.001
2022-01-21 17:31:09,392 root                INFO: Number of architectures: train: 5; valid: 51072
2022-01-21 17:31:22,703 root                INFO: Train: Epoch   1: train loss 0.3360
2022-01-21 17:31:23,132 root                INFO: Train: Epoch   2: train loss 0.3236
2022-01-21 17:31:23,599 root                INFO: Train: Epoch   3: train loss 0.3108
2022-01-21 17:31:24,056 root                INFO: Train: Epoch   4: train loss 0.2975
2022-01-21 17:31:24,517 root                INFO: Train: Epoch   5: train loss 0.2782
2022-01-21 17:31:25,007 root                INFO: Train: Epoch   6: train loss 0.2597
2022-01-21 17:31:25,500 root                INFO: Train: Epoch   7: train loss 0.2300
2022-01-21 17:31:25,982 root                INFO: Train: Epoch   8: train loss 0.2006
2022-01-21 17:31:26,467 root                INFO: Train: Epoch   9: train loss 0.1597
2022-01-21 17:31:26,921 root                INFO: Train: Epoch  10: train loss 0.1130
2022-01-21 17:31:27,411 root                INFO: Train: Epoch  11: train loss 0.0697
2022-01-21 17:31:27,904 root                INFO: Train: Epoch  12: train loss 0.0300
2022-01-21 17:31:28,399 root                INFO: Train: Epoch  13: train loss 0.0054
2022-01-21 17:31:28,889 root                INFO: Train: Epoch  14: train loss 0.0018
2022-01-21 17:31:29,387 root                INFO: Train: Epoch  15: train loss 0.0052
2022-01-21 17:31:29,869 root                INFO: Train: Epoch  16: train loss 0.0103
2022-01-21 17:31:30,378 root                INFO: Train: Epoch  17: train loss 0.0133
2022-01-21 17:31:30,869 root                INFO: Train: Epoch  18: train loss 0.0155
2022-01-21 17:31:31,341 root                INFO: Train: Epoch  19: train loss 0.0161
2022-01-21 17:31:31,817 root                INFO: Train: Epoch  20: train loss 0.0167
2022-01-21 17:31:32,323 root                INFO: Train: Epoch  21: train loss 0.0169
2022-01-21 17:31:32,829 root                INFO: Train: Epoch  22: train loss 0.0170
2022-01-21 17:31:33,290 root                INFO: Train: Epoch  23: train loss 0.0170
2022-01-21 17:31:33,788 root                INFO: Train: Epoch  24: train loss 0.0171
2022-01-21 17:31:34,261 root                INFO: Train: Epoch  25: train loss 0.0171
2022-01-21 17:31:34,754 root                INFO: Train: Epoch  26: train loss 0.0171
2022-01-21 17:31:35,247 root                INFO: Train: Epoch  27: train loss 0.0171
2022-01-21 17:31:35,738 root                INFO: Train: Epoch  28: train loss 0.0171
2022-01-21 17:31:36,239 root                INFO: Train: Epoch  29: train loss 0.0171
2022-01-21 17:31:36,721 root                INFO: Train: Epoch  30: train loss 0.0171
2022-01-21 17:31:37,189 root                INFO: Train: Epoch  31: train loss 0.0171
2022-01-21 17:31:37,674 root                INFO: Train: Epoch  32: train loss 0.0171
2022-01-21 17:31:38,144 root                INFO: Train: Epoch  33: train loss 0.0171
2022-01-21 17:31:38,644 root                INFO: Train: Epoch  34: train loss 0.0171
2022-01-21 17:31:39,157 root                INFO: Train: Epoch  35: train loss 0.0171
2022-01-21 17:31:39,676 root                INFO: Train: Epoch  36: train loss 0.0171
2022-01-21 17:31:40,189 root                INFO: Train: Epoch  37: train loss 0.0171
2022-01-21 17:31:40,689 root                INFO: Train: Epoch  38: train loss 0.0171
2022-01-21 17:31:41,196 root                INFO: Train: Epoch  39: train loss 0.0171
2022-01-21 17:31:41,665 root                INFO: Train: Epoch  40: train loss 0.0171
2022-01-21 17:31:42,188 root                INFO: Train: Epoch  41: train loss 0.0171
2022-01-21 17:31:42,669 root                INFO: Train: Epoch  42: train loss 0.0171
2022-01-21 17:31:43,184 root                INFO: Train: Epoch  43: train loss 0.0171
2022-01-21 17:31:43,684 root                INFO: Train: Epoch  44: train loss 0.0171
2022-01-21 17:31:44,202 root                INFO: Train: Epoch  45: train loss 0.0171
2022-01-21 17:31:44,680 root                INFO: Train: Epoch  46: train loss 0.0171
2022-01-21 17:31:45,177 root                INFO: Train: Epoch  47: train loss 0.0171
2022-01-21 17:31:45,667 root                INFO: Train: Epoch  48: train loss 0.0171
2022-01-21 17:31:46,179 root                INFO: Train: Epoch  49: train loss 0.0171
2022-01-21 17:31:46,654 root                INFO: Train: Epoch  50: train loss 0.0171
2022-01-21 17:31:47,175 root                INFO: Train: Epoch  51: train loss 0.0171
2022-01-21 17:31:47,667 root                INFO: Train: Epoch  52: train loss 0.0171
2022-01-21 17:31:48,156 root                INFO: Train: Epoch  53: train loss 0.0171
2022-01-21 17:31:48,654 root                INFO: Train: Epoch  54: train loss 0.0171
2022-01-21 17:31:49,136 root                INFO: Train: Epoch  55: train loss 0.0171
2022-01-21 17:31:49,639 root                INFO: Train: Epoch  56: train loss 0.0171
2022-01-21 17:31:50,117 root                INFO: Train: Epoch  57: train loss 0.0171
2022-01-21 17:31:50,575 root                INFO: Train: Epoch  58: train loss 0.0171
2022-01-21 17:31:51,074 root                INFO: Train: Epoch  59: train loss 0.0171
2022-01-21 17:31:51,541 root                INFO: Train: Epoch  60: train loss 0.0171
2022-01-21 17:31:52,015 root                INFO: Train: Epoch  61: train loss 0.0171
2022-01-21 17:31:52,499 root                INFO: Train: Epoch  62: train loss 0.0171
2022-01-21 17:31:53,025 root                INFO: Train: Epoch  63: train loss 0.0171
2022-01-21 17:31:53,543 root                INFO: Train: Epoch  64: train loss 0.0171
2022-01-21 17:31:54,081 root                INFO: Train: Epoch  65: train loss 0.0171
2022-01-21 17:31:54,575 root                INFO: Train: Epoch  66: train loss 0.0171
2022-01-21 17:31:55,070 root                INFO: Train: Epoch  67: train loss 0.0171
2022-01-21 17:31:55,538 root                INFO: Train: Epoch  68: train loss 0.0171
2022-01-21 17:31:56,016 root                INFO: Train: Epoch  69: train loss 0.0171
2022-01-21 17:31:56,501 root                INFO: Train: Epoch  70: train loss 0.0171
2022-01-21 17:31:56,970 root                INFO: Train: Epoch  71: train loss 0.0171
2022-01-21 17:31:57,464 root                INFO: Train: Epoch  72: train loss 0.0171
2022-01-21 17:31:57,954 root                INFO: Train: Epoch  73: train loss 0.0171
2022-01-21 17:31:58,426 root                INFO: Train: Epoch  74: train loss 0.0171
2022-01-21 17:31:58,879 root                INFO: Train: Epoch  75: train loss 0.0171
2022-01-21 17:31:59,369 root                INFO: Train: Epoch  76: train loss 0.0171
2022-01-21 17:31:59,857 root                INFO: Train: Epoch  77: train loss 0.0171
2022-01-21 17:32:00,366 root                INFO: Train: Epoch  78: train loss 0.0171
2022-01-21 17:32:00,873 root                INFO: Train: Epoch  79: train loss 0.0171
2022-01-21 17:32:01,346 root                INFO: Train: Epoch  80: train loss 0.0171
2022-01-21 17:32:01,837 root                INFO: Train: Epoch  81: train loss 0.0171
2022-01-21 17:32:02,325 root                INFO: Train: Epoch  82: train loss 0.0171
2022-01-21 17:32:02,801 root                INFO: Train: Epoch  83: train loss 0.0171
2022-01-21 17:32:03,292 root                INFO: Train: Epoch  84: train loss 0.0171
2022-01-21 17:32:03,786 root                INFO: Train: Epoch  85: train loss 0.0171
2022-01-21 17:32:04,278 root                INFO: Train: Epoch  86: train loss 0.0171
2022-01-21 17:32:04,742 root                INFO: Train: Epoch  87: train loss 0.0171
2022-01-21 17:32:05,219 root                INFO: Train: Epoch  88: train loss 0.0171
2022-01-21 17:32:05,692 root                INFO: Train: Epoch  89: train loss 0.0171
2022-01-21 17:32:06,133 root                INFO: Train: Epoch  90: train loss 0.0171
2022-01-21 17:32:06,580 root                INFO: Train: Epoch  91: train loss 0.0171
2022-01-21 17:32:07,039 root                INFO: Train: Epoch  92: train loss 0.0171
2022-01-21 17:32:07,521 root                INFO: Train: Epoch  93: train loss 0.0171
2022-01-21 17:32:08,026 root                INFO: Train: Epoch  94: train loss 0.0171
2022-01-21 17:32:08,497 root                INFO: Train: Epoch  95: train loss 0.0171
2022-01-21 17:32:08,994 root                INFO: Train: Epoch  96: train loss 0.0171
2022-01-21 17:32:09,478 root                INFO: Train: Epoch  97: train loss 0.0171
2022-01-21 17:32:09,980 root                INFO: Train: Epoch  98: train loss 0.0171
2022-01-21 17:32:10,460 root                INFO: Train: Epoch  99: train loss 0.0171
2022-01-21 17:32:10,940 root                INFO: Train: Epoch 100: train loss 0.0171
2022-01-21 17:32:11,435 root                INFO: Train: Epoch 101: train loss 0.0171
2022-01-21 17:32:11,925 root                INFO: Train: Epoch 102: train loss 0.0171
2022-01-21 17:32:12,424 root                INFO: Train: Epoch 103: train loss 0.0171
2022-01-21 17:32:12,909 root                INFO: Train: Epoch 104: train loss 0.0171
2022-01-21 17:32:13,419 root                INFO: Train: Epoch 105: train loss 0.0171
2022-01-21 17:32:13,902 root                INFO: Train: Epoch 106: train loss 0.0171
2022-01-21 17:32:14,426 root                INFO: Train: Epoch 107: train loss 0.0171
2022-01-21 17:32:14,938 root                INFO: Train: Epoch 108: train loss 0.0171
2022-01-21 17:32:15,459 root                INFO: Train: Epoch 109: train loss 0.0171
2022-01-21 17:32:15,944 root                INFO: Train: Epoch 110: train loss 0.0171
2022-01-21 17:32:16,405 root                INFO: Train: Epoch 111: train loss 0.0171
2022-01-21 17:32:16,888 root                INFO: Train: Epoch 112: train loss 0.0171
2022-01-21 17:32:17,365 root                INFO: Train: Epoch 113: train loss 0.0171
2022-01-21 17:32:17,867 root                INFO: Train: Epoch 114: train loss 0.0171
2022-01-21 17:32:18,348 root                INFO: Train: Epoch 115: train loss 0.0171
2022-01-21 17:32:18,821 root                INFO: Train: Epoch 116: train loss 0.0171
2022-01-21 17:32:19,344 root                INFO: Train: Epoch 117: train loss 0.0171
2022-01-21 17:32:19,826 root                INFO: Train: Epoch 118: train loss 0.0171
2022-01-21 17:32:20,288 root                INFO: Train: Epoch 119: train loss 0.0171
2022-01-21 17:32:20,788 root                INFO: Train: Epoch 120: train loss 0.0171
2022-01-21 17:32:21,267 root                INFO: Train: Epoch 121: train loss 0.0171
2022-01-21 17:32:21,769 root                INFO: Train: Epoch 122: train loss 0.0171
2022-01-21 17:32:22,239 root                INFO: Train: Epoch 123: train loss 0.0171
2022-01-21 17:32:22,705 root                INFO: Train: Epoch 124: train loss 0.0171
2022-01-21 17:32:23,165 root                INFO: Train: Epoch 125: train loss 0.0171
2022-01-21 17:32:23,624 root                INFO: Train: Epoch 126: train loss 0.0171
2022-01-21 17:32:24,095 root                INFO: Train: Epoch 127: train loss 0.0171
2022-01-21 17:32:24,575 root                INFO: Train: Epoch 128: train loss 0.0171
2022-01-21 17:32:25,037 root                INFO: Train: Epoch 129: train loss 0.0171
2022-01-21 17:32:25,533 root                INFO: Train: Epoch 130: train loss 0.0171
2022-01-21 17:32:26,025 root                INFO: Train: Epoch 131: train loss 0.0171
2022-01-21 17:32:26,507 root                INFO: Train: Epoch 132: train loss 0.0171
2022-01-21 17:32:27,023 root                INFO: Train: Epoch 133: train loss 0.0171
2022-01-21 17:32:27,528 root                INFO: Train: Epoch 134: train loss 0.0171
2022-01-21 17:32:28,009 root                INFO: Train: Epoch 135: train loss 0.0171
2022-01-21 17:32:28,491 root                INFO: Train: Epoch 136: train loss 0.0171
2022-01-21 17:32:28,967 root                INFO: Train: Epoch 137: train loss 0.0171
2022-01-21 17:32:29,442 root                INFO: Train: Epoch 138: train loss 0.0171
2022-01-21 17:32:29,907 root                INFO: Train: Epoch 139: train loss 0.0171
2022-01-21 17:32:30,404 root                INFO: Train: Epoch 140: train loss 0.0171
2022-01-21 17:32:30,885 root                INFO: Train: Epoch 141: train loss 0.0171
2022-01-21 17:32:31,354 root                INFO: Train: Epoch 142: train loss 0.0171
2022-01-21 17:32:31,833 root                INFO: Train: Epoch 143: train loss 0.0171
2022-01-21 17:32:32,308 root                INFO: Train: Epoch 144: train loss 0.0171
2022-01-21 17:32:32,786 root                INFO: Train: Epoch 145: train loss 0.0171
2022-01-21 17:32:33,279 root                INFO: Train: Epoch 146: train loss 0.0171
2022-01-21 17:32:33,751 root                INFO: Train: Epoch 147: train loss 0.0171
2022-01-21 17:32:34,239 root                INFO: Train: Epoch 148: train loss 0.0171
2022-01-21 17:32:34,723 root                INFO: Train: Epoch 149: train loss 0.0171
2022-01-21 17:32:35,180 root                INFO: Train: Epoch 150: train loss 0.0171
2022-01-21 17:32:35,669 root                INFO: Train: Epoch 151: train loss 0.0171
2022-01-21 17:32:36,153 root                INFO: Train: Epoch 152: train loss 0.0171
2022-01-21 17:32:36,610 root                INFO: Train: Epoch 153: train loss 0.0171
2022-01-21 17:32:37,085 root                INFO: Train: Epoch 154: train loss 0.0171
2022-01-21 17:32:37,570 root                INFO: Train: Epoch 155: train loss 0.0171
2022-01-21 17:32:38,078 root                INFO: Train: Epoch 156: train loss 0.0171
2022-01-21 17:32:38,559 root                INFO: Train: Epoch 157: train loss 0.0171
2022-01-21 17:32:39,042 root                INFO: Train: Epoch 158: train loss 0.0171
2022-01-21 17:32:39,522 root                INFO: Train: Epoch 159: train loss 0.0171
2022-01-21 17:32:40,036 root                INFO: Train: Epoch 160: train loss 0.0171
2022-01-21 17:32:40,506 root                INFO: Train: Epoch 161: train loss 0.0171
2022-01-21 17:32:41,000 root                INFO: Train: Epoch 162: train loss 0.0171
2022-01-21 17:32:41,481 root                INFO: Train: Epoch 163: train loss 0.0171
2022-01-21 17:32:41,951 root                INFO: Train: Epoch 164: train loss 0.0171
2022-01-21 17:32:42,423 root                INFO: Train: Epoch 165: train loss 0.0171
2022-01-21 17:32:42,919 root                INFO: Train: Epoch 166: train loss 0.0171
2022-01-21 17:32:43,394 root                INFO: Train: Epoch 167: train loss 0.0171
2022-01-21 17:32:43,846 root                INFO: Train: Epoch 168: train loss 0.0171
2022-01-21 17:32:44,324 root                INFO: Train: Epoch 169: train loss 0.0171
2022-01-21 17:32:44,805 root                INFO: Train: Epoch 170: train loss 0.0171
2022-01-21 17:32:45,312 root                INFO: Train: Epoch 171: train loss 0.0171
2022-01-21 17:32:45,806 root                INFO: Train: Epoch 172: train loss 0.0171
2022-01-21 17:32:46,313 root                INFO: Train: Epoch 173: train loss 0.0171
2022-01-21 17:32:46,778 root                INFO: Train: Epoch 174: train loss 0.0171
2022-01-21 17:32:47,255 root                INFO: Train: Epoch 175: train loss 0.0171
2022-01-21 17:32:47,719 root                INFO: Train: Epoch 176: train loss 0.0171
2022-01-21 17:32:48,218 root                INFO: Train: Epoch 177: train loss 0.0171
2022-01-21 17:32:48,762 root                INFO: Train: Epoch 178: train loss 0.0171
2022-01-21 17:32:49,241 root                INFO: Train: Epoch 179: train loss 0.0171
2022-01-21 17:32:49,727 root                INFO: Train: Epoch 180: train loss 0.0171
2022-01-21 17:32:50,234 root                INFO: Train: Epoch 181: train loss 0.0171
2022-01-21 17:32:50,749 root                INFO: Train: Epoch 182: train loss 0.0171
2022-01-21 17:32:51,269 root                INFO: Train: Epoch 183: train loss 0.0171
2022-01-21 17:32:51,772 root                INFO: Train: Epoch 184: train loss 0.0171
2022-01-21 17:32:52,260 root                INFO: Train: Epoch 185: train loss 0.0171
2022-01-21 17:32:52,754 root                INFO: Train: Epoch 186: train loss 0.0171
2022-01-21 17:32:53,238 root                INFO: Train: Epoch 187: train loss 0.0171
2022-01-21 17:32:53,728 root                INFO: Train: Epoch 188: train loss 0.0171
2022-01-21 17:32:54,203 root                INFO: Train: Epoch 189: train loss 0.0171
2022-01-21 17:32:54,665 root                INFO: Train: Epoch 190: train loss 0.0171
2022-01-21 17:32:55,121 root                INFO: Train: Epoch 191: train loss 0.0171
2022-01-21 17:32:55,558 root                INFO: Train: Epoch 192: train loss 0.0171
2022-01-21 17:32:55,958 root                INFO: Train: Epoch 193: train loss 0.0171
2022-01-21 17:32:56,412 root                INFO: Train: Epoch 194: train loss 0.0171
2022-01-21 17:32:56,884 root                INFO: Train: Epoch 195: train loss 0.0171
2022-01-21 17:32:57,350 root                INFO: Train: Epoch 196: train loss 0.0171
2022-01-21 17:32:57,803 root                INFO: Train: Epoch 197: train loss 0.0171
2022-01-21 17:32:58,283 root                INFO: Train: Epoch 198: train loss 0.0171
2022-01-21 17:32:58,721 root                INFO: Train: Epoch 199: train loss 0.0171
2022-01-21 17:32:59,150 root                INFO: Train: Epoch 200: train loss 0.0171
2022-01-21 17:33:13,746 root                INFO: Valid: Epoch 200: kendall tau 0.2508 0.0914; loss 0.01371 0.004756
2022-01-21 17:33:13,752 root                INFO: Epoch 200: Save checkpoint to nb301_anytime_tagates/tagates_0.001/1/21/200.ckpt
2022-01-21 17:33:28,128 root                INFO: [0.0, 0.0, 0.0, 0.040736388562475516, 0.15821421578225964, 0.6357691102756893, 1.0]
2022-01-21 17:33:28,128 root                INFO: [0.0, 0.0, 0.0, 0.07873090481786134, 0.17211670256510672, 0.6282894736842105, 1.0]
2022-01-21 17:33:28,128 root                INFO: [2344, 2344]
2022-01-21 17:33:28,128 root                INFO: [16209, 802]
2022-01-21 22:05:31,422 root                INFO: GPU device = 0
2022-01-21 22:05:31,423 root                INFO: Load pkl cache from nasbench301_train.pkl and nasbench301_valid.pkl
2022-01-21 22:05:32,065 root                INFO: Config: {'arch_network_cfg': {'arch_embedder_cfg': {'take_adj_as_input': True, 'gcn_kwargs': {'residual_only': 2}, 'gcn_out_dims': [64, 64, 64, 64, 64], 'hidden_dim': 32, 'node_dim': 32, 'op_dim': 32, 'use_bn': False, 'final_concat': False, 'other_node_zero': False, 'num_time_steps': 2, 'fb_conversion_dims': [64, 64], 'backward_gcn_out_dims': [64, 64, 64, 64, 64], 'updateopemb_method': 'concat_ofb', 'updateopemb_dims': [64], 'share_skip_and_outskip': True, 'detach_vinfo': False, 'updateopemb_scale': 0.1, 'updateopemb_detach_opemb': True, 'updateopemb_detach_finfo': True, 'mask_nonparametrized_ops': True, 'symmetry_breaking_method': 'param_zs_add', 'concat_param_zs_as_opemb_dimension': 5, 'concat_param_zs_as_opemb_scale': 1.0}, 'arch_embedder_type': 'cellss-fbflow-anytime', 'compare_loss_type': 'margin_linear', 'compare_margin': 0.1, 'mlp_dropout': 0.1, 'mlp_hiddens': [200], 'mlp_out_dim': 1, 'optimizer': {'lr': 0.0001, 'type': 'Adam'}, 'scheduler': None}, 'arch_network_type': 'pointwise_comparator', 'batch_size': 128, 'choose_pair_criterion': 'random', 'compare': False, 'compare_threshold': 0.0, 'epochs': 200, 'max_compare_ratio': 16.0}
2022-01-21 22:05:36,287 root                INFO: Combined args: Namespace(arch_network_type='pointwise_comparator', batch_size=128, cfg_file='cfgs/nb301_cfgs/tagates_anytime.yaml', choose_pair_criterion='random', compare=False, compare_threshold=0.0, epochs=200, eval_only_last=1, gpu=0, load=None, max_compare_ratio=16.0, num_workers=4, report_freq=200, save_every=200, save_predict=None, seed=21, test_funcs=None, test_only=False, train_dir='nb301_anytime_tagates/tagates_0.001/1/21', train_pkl='../mynas/data/nasbench-301/nasbench301_train_mtx_anytime_1.pkl', train_ratio=0.001, valid_pkl='../mynas/data/nasbench-301/nasbench301_valid_mtx_anytime.pkl')
2022-01-21 22:05:36,302 root                INFO: Train dataset ratio: 0.001
2022-01-21 22:05:36,305 root                INFO: Number of architectures: train: 5; valid: 51072
2022-01-21 22:05:51,155 root                INFO: Train: Epoch   1: train loss 0.3360
2022-01-21 22:05:51,749 root                INFO: Train: Epoch   2: train loss 0.3341
2022-01-21 22:05:52,358 root                INFO: Train: Epoch   3: train loss 0.3326
2022-01-21 22:05:52,933 root                INFO: Train: Epoch   4: train loss 0.3317
2022-01-21 22:05:53,506 root                INFO: Train: Epoch   5: train loss 0.3292
2022-01-21 22:05:54,089 root                INFO: Train: Epoch   6: train loss 0.3289
2022-01-21 22:05:54,838 root                INFO: Train: Epoch   7: train loss 0.3269
2022-01-21 22:05:55,416 root                INFO: Train: Epoch   8: train loss 0.3257
2022-01-21 22:05:55,915 root                INFO: Train: Epoch   9: train loss 0.3232
2022-01-21 22:05:56,477 root                INFO: Train: Epoch  10: train loss 0.3228
2022-01-21 22:05:57,457 root                INFO: Train: Epoch  11: train loss 0.3220
2022-01-21 22:05:58,246 root                INFO: Train: Epoch  12: train loss 0.3215
2022-01-21 22:05:58,814 root                INFO: Train: Epoch  13: train loss 0.3183
2022-01-21 22:05:59,555 root                INFO: Train: Epoch  14: train loss 0.3155
2022-01-21 22:06:00,280 root                INFO: Train: Epoch  15: train loss 0.3160
2022-01-21 22:06:00,937 root                INFO: Train: Epoch  16: train loss 0.3149
2022-01-21 22:06:01,758 root                INFO: Train: Epoch  17: train loss 0.3128
2022-01-21 22:06:02,452 root                INFO: Train: Epoch  18: train loss 0.3113
2022-01-21 22:06:03,217 root                INFO: Train: Epoch  19: train loss 0.3094
2022-01-21 22:06:03,981 root                INFO: Train: Epoch  20: train loss 0.3099
2022-01-21 22:06:05,021 root                INFO: Train: Epoch  21: train loss 0.3058
2022-01-21 22:06:05,774 root                INFO: Train: Epoch  22: train loss 0.3040
2022-01-21 22:06:06,467 root                INFO: Train: Epoch  23: train loss 0.3048
2022-01-21 22:06:07,184 root                INFO: Train: Epoch  24: train loss 0.3020
2022-01-21 22:06:07,891 root                INFO: Train: Epoch  25: train loss 0.2991
2022-01-21 22:06:08,690 root                INFO: Train: Epoch  26: train loss 0.2960
2022-01-21 22:06:09,557 root                INFO: Train: Epoch  27: train loss 0.2947
2022-01-21 22:06:10,449 root                INFO: Train: Epoch  28: train loss 0.2927
2022-01-21 22:06:11,389 root                INFO: Train: Epoch  29: train loss 0.2910
2022-01-21 22:06:12,180 root                INFO: Train: Epoch  30: train loss 0.2863
2022-01-21 22:06:12,730 root                INFO: Train: Epoch  31: train loss 0.2859
2022-01-21 22:06:13,490 root                INFO: Train: Epoch  32: train loss 0.2854
2022-01-21 22:06:14,151 root                INFO: Train: Epoch  33: train loss 0.2807
2022-01-21 22:06:14,723 root                INFO: Train: Epoch  34: train loss 0.2765
2022-01-21 22:06:15,394 root                INFO: Train: Epoch  35: train loss 0.2742
2022-01-21 22:06:15,979 root                INFO: Train: Epoch  36: train loss 0.2740
2022-01-21 22:06:16,592 root                INFO: Train: Epoch  37: train loss 0.2694
2022-01-21 22:06:17,206 root                INFO: Train: Epoch  38: train loss 0.2676
2022-01-21 22:06:17,743 root                INFO: Train: Epoch  39: train loss 0.2646
2022-01-21 22:06:18,455 root                INFO: Train: Epoch  40: train loss 0.2626
2022-01-21 22:06:19,102 root                INFO: Train: Epoch  41: train loss 0.2556
2022-01-21 22:06:19,714 root                INFO: Train: Epoch  42: train loss 0.2553
2022-01-21 22:06:20,410 root                INFO: Train: Epoch  43: train loss 0.2507
2022-01-21 22:06:21,117 root                INFO: Train: Epoch  44: train loss 0.2458
2022-01-21 22:06:21,716 root                INFO: Train: Epoch  45: train loss 0.2387
2022-01-21 22:06:22,369 root                INFO: Train: Epoch  46: train loss 0.2383
2022-01-21 22:06:22,913 root                INFO: Train: Epoch  47: train loss 0.2360
2022-01-21 22:06:23,575 root                INFO: Train: Epoch  48: train loss 0.2289
2022-01-21 22:06:24,349 root                INFO: Train: Epoch  49: train loss 0.2207
2022-01-21 22:06:25,066 root                INFO: Train: Epoch  50: train loss 0.2157
2022-01-21 22:06:25,639 root                INFO: Train: Epoch  51: train loss 0.2131
2022-01-21 22:06:26,333 root                INFO: Train: Epoch  52: train loss 0.2076
2022-01-21 22:06:26,852 root                INFO: Train: Epoch  53: train loss 0.2040
2022-01-21 22:06:27,591 root                INFO: Train: Epoch  54: train loss 0.1975
2022-01-21 22:06:28,738 root                INFO: Train: Epoch  55: train loss 0.1876
2022-01-21 22:06:30,130 root                INFO: Train: Epoch  56: train loss 0.1809
2022-01-21 22:06:31,117 root                INFO: Train: Epoch  57: train loss 0.1769
2022-01-21 22:06:32,259 root                INFO: Train: Epoch  58: train loss 0.1649
2022-01-21 22:06:33,147 root                INFO: Train: Epoch  59: train loss 0.1609
2022-01-21 22:06:33,822 root                INFO: Train: Epoch  60: train loss 0.1518
2022-01-21 22:06:34,601 root                INFO: Train: Epoch  61: train loss 0.1472
2022-01-21 22:06:35,321 root                INFO: Train: Epoch  62: train loss 0.1312
2022-01-21 22:06:36,037 root                INFO: Train: Epoch  63: train loss 0.1341
2022-01-21 22:06:36,685 root                INFO: Train: Epoch  64: train loss 0.1187
2022-01-21 22:06:37,339 root                INFO: Train: Epoch  65: train loss 0.1147
2022-01-21 22:06:38,040 root                INFO: Train: Epoch  66: train loss 0.1019
2022-01-21 22:06:38,690 root                INFO: Train: Epoch  67: train loss 0.1003
2022-01-21 22:06:39,257 root                INFO: Train: Epoch  68: train loss 0.0870
2022-01-21 22:06:39,778 root                INFO: Train: Epoch  69: train loss 0.0807
2022-01-21 22:06:40,422 root                INFO: Train: Epoch  70: train loss 0.0718
2022-01-21 22:06:40,955 root                INFO: Train: Epoch  71: train loss 0.0690
2022-01-21 22:06:41,597 root                INFO: Train: Epoch  72: train loss 0.0594
2022-01-21 22:06:42,143 root                INFO: Train: Epoch  73: train loss 0.0498
2022-01-21 22:06:42,802 root                INFO: Train: Epoch  74: train loss 0.0454
2022-01-21 22:06:43,520 root                INFO: Train: Epoch  75: train loss 0.0424
2022-01-21 22:06:44,093 root                INFO: Train: Epoch  76: train loss 0.0318
2022-01-21 22:06:44,651 root                INFO: Train: Epoch  77: train loss 0.0234
2022-01-21 22:06:45,315 root                INFO: Train: Epoch  78: train loss 0.0224
2022-01-21 22:06:45,900 root                INFO: Train: Epoch  79: train loss 0.0184
2022-01-21 22:06:46,555 root                INFO: Train: Epoch  80: train loss 0.0155
2022-01-21 22:06:47,145 root                INFO: Train: Epoch  81: train loss 0.0131
2022-01-21 22:06:47,672 root                INFO: Train: Epoch  82: train loss 0.0102
2022-01-21 22:06:48,234 root                INFO: Train: Epoch  83: train loss 0.0085
2022-01-21 22:06:48,889 root                INFO: Train: Epoch  84: train loss 0.0059
2022-01-21 22:06:49,599 root                INFO: Train: Epoch  85: train loss 0.0067
2022-01-21 22:06:50,193 root                INFO: Train: Epoch  86: train loss 0.0029
2022-01-21 22:06:50,713 root                INFO: Train: Epoch  87: train loss 0.0017
2022-01-21 22:06:51,265 root                INFO: Train: Epoch  88: train loss 0.0014
2022-01-21 22:06:51,854 root                INFO: Train: Epoch  89: train loss 0.0016
2022-01-21 22:06:52,442 root                INFO: Train: Epoch  90: train loss 0.0007
2022-01-21 22:06:53,033 root                INFO: Train: Epoch  91: train loss 0.0008
2022-01-21 22:06:53,694 root                INFO: Train: Epoch  92: train loss 0.0003
2022-01-21 22:06:54,862 root                INFO: Train: Epoch  93: train loss 0.0008
2022-01-21 22:06:56,049 root                INFO: Train: Epoch  94: train loss 0.0007
2022-01-21 22:06:57,138 root                INFO: Train: Epoch  95: train loss 0.0006
2022-01-21 22:06:57,858 root                INFO: Train: Epoch  96: train loss 0.0007
2022-01-21 22:06:58,456 root                INFO: Train: Epoch  97: train loss 0.0007
2022-01-21 22:06:58,984 root                INFO: Train: Epoch  98: train loss 0.0007
2022-01-21 22:06:59,557 root                INFO: Train: Epoch  99: train loss 0.0009
2022-01-21 22:07:00,107 root                INFO: Train: Epoch 100: train loss 0.0007
2022-01-21 22:07:00,660 root                INFO: Train: Epoch 101: train loss 0.0010
2022-01-21 22:07:01,341 root                INFO: Train: Epoch 102: train loss 0.0014
2022-01-21 22:07:01,866 root                INFO: Train: Epoch 103: train loss 0.0010
2022-01-21 22:07:02,596 root                INFO: Train: Epoch 104: train loss 0.0009
2022-01-21 22:07:03,134 root                INFO: Train: Epoch 105: train loss 0.0013
2022-01-21 22:07:03,788 root                INFO: Train: Epoch 106: train loss 0.0014
2022-01-21 22:07:04,386 root                INFO: Train: Epoch 107: train loss 0.0014
2022-01-21 22:07:04,975 root                INFO: Train: Epoch 108: train loss 0.0010
2022-01-21 22:07:05,487 root                INFO: Train: Epoch 109: train loss 0.0009
2022-01-21 22:07:06,081 root                INFO: Train: Epoch 110: train loss 0.0014
2022-01-21 22:07:06,745 root                INFO: Train: Epoch 111: train loss 0.0015
2022-01-21 22:07:07,355 root                INFO: Train: Epoch 112: train loss 0.0014
2022-01-21 22:07:08,053 root                INFO: Train: Epoch 113: train loss 0.0007
2022-01-21 22:07:08,701 root                INFO: Train: Epoch 114: train loss 0.0011
2022-01-21 22:07:09,329 root                INFO: Train: Epoch 115: train loss 0.0008
2022-01-21 22:07:09,917 root                INFO: Train: Epoch 116: train loss 0.0009
2022-01-21 22:07:10,453 root                INFO: Train: Epoch 117: train loss 0.0010
2022-01-21 22:07:11,020 root                INFO: Train: Epoch 118: train loss 0.0010
2022-01-21 22:07:11,587 root                INFO: Train: Epoch 119: train loss 0.0010
2022-01-21 22:07:12,246 root                INFO: Train: Epoch 120: train loss 0.0008
2022-01-21 22:07:12,780 root                INFO: Train: Epoch 121: train loss 0.0007
2022-01-21 22:07:13,396 root                INFO: Train: Epoch 122: train loss 0.0009
2022-01-21 22:07:13,935 root                INFO: Train: Epoch 123: train loss 0.0008
2022-01-21 22:07:14,625 root                INFO: Train: Epoch 124: train loss 0.0008
2022-01-21 22:07:15,266 root                INFO: Train: Epoch 125: train loss 0.0007
2022-01-21 22:07:15,777 root                INFO: Train: Epoch 126: train loss 0.0006
2022-01-21 22:07:16,395 root                INFO: Train: Epoch 127: train loss 0.0004
2022-01-21 22:07:17,314 root                INFO: Train: Epoch 128: train loss 0.0004
2022-01-21 22:07:18,184 root                INFO: Train: Epoch 129: train loss 0.0004
2022-01-21 22:07:19,044 root                INFO: Train: Epoch 130: train loss 0.0007
2022-01-21 22:07:19,804 root                INFO: Train: Epoch 131: train loss 0.0006
2022-01-21 22:07:20,563 root                INFO: Train: Epoch 132: train loss 0.0003
2022-01-21 22:07:21,169 root                INFO: Train: Epoch 133: train loss 0.0004
2022-01-21 22:07:21,948 root                INFO: Train: Epoch 134: train loss 0.0005
2022-01-21 22:07:22,688 root                INFO: Train: Epoch 135: train loss 0.0004
2022-01-21 22:07:23,426 root                INFO: Train: Epoch 136: train loss 0.0003
2022-01-21 22:07:24,025 root                INFO: Train: Epoch 137: train loss 0.0005
2022-01-21 22:07:24,545 root                INFO: Train: Epoch 138: train loss 0.0003
2022-01-21 22:07:25,099 root                INFO: Train: Epoch 139: train loss 0.0008
2022-01-21 22:07:25,621 root                INFO: Train: Epoch 140: train loss 0.0003
2022-01-21 22:07:26,122 root                INFO: Train: Epoch 141: train loss 0.0005
2022-01-21 22:07:26,669 root                INFO: Train: Epoch 142: train loss 0.0004
2022-01-21 22:07:27,230 root                INFO: Train: Epoch 143: train loss 0.0003
2022-01-21 22:07:27,793 root                INFO: Train: Epoch 144: train loss 0.0004
2022-01-21 22:07:28,453 root                INFO: Train: Epoch 145: train loss 0.0004
2022-01-21 22:07:28,982 root                INFO: Train: Epoch 146: train loss 0.0003
2022-01-21 22:07:29,518 root                INFO: Train: Epoch 147: train loss 0.0004
2022-01-21 22:07:30,033 root                INFO: Train: Epoch 148: train loss 0.0003
2022-01-21 22:07:30,539 root                INFO: Train: Epoch 149: train loss 0.0003
2022-01-21 22:07:31,051 root                INFO: Train: Epoch 150: train loss 0.0005
2022-01-21 22:07:31,646 root                INFO: Train: Epoch 151: train loss 0.0003
2022-01-21 22:07:32,261 root                INFO: Train: Epoch 152: train loss 0.0005
2022-01-21 22:07:32,782 root                INFO: Train: Epoch 153: train loss 0.0006
2022-01-21 22:07:33,431 root                INFO: Train: Epoch 154: train loss 0.0002
2022-01-21 22:07:33,974 root                INFO: Train: Epoch 155: train loss 0.0004
2022-01-21 22:07:34,498 root                INFO: Train: Epoch 156: train loss 0.0002
2022-01-21 22:07:35,110 root                INFO: Train: Epoch 157: train loss 0.0003
2022-01-21 22:07:35,771 root                INFO: Train: Epoch 158: train loss 0.0003
2022-01-21 22:07:36,464 root                INFO: Train: Epoch 159: train loss 0.0003
2022-01-21 22:07:37,052 root                INFO: Train: Epoch 160: train loss 0.0002
2022-01-21 22:07:37,739 root                INFO: Train: Epoch 161: train loss 0.0002
2022-01-21 22:07:38,338 root                INFO: Train: Epoch 162: train loss 0.0003
2022-01-21 22:07:38,986 root                INFO: Train: Epoch 163: train loss 0.0004
2022-01-21 22:07:39,701 root                INFO: Train: Epoch 164: train loss 0.0002
2022-01-21 22:07:40,325 root                INFO: Train: Epoch 165: train loss 0.0002
2022-01-21 22:07:41,003 root                INFO: Train: Epoch 166: train loss 0.0003
2022-01-21 22:07:41,692 root                INFO: Train: Epoch 167: train loss 0.0002
2022-01-21 22:07:42,436 root                INFO: Train: Epoch 168: train loss 0.0005
2022-01-21 22:07:43,073 root                INFO: Train: Epoch 169: train loss 0.0002
2022-01-21 22:07:43,635 root                INFO: Train: Epoch 170: train loss 0.0005
2022-01-21 22:07:44,348 root                INFO: Train: Epoch 171: train loss 0.0002
2022-01-21 22:07:45,077 root                INFO: Train: Epoch 172: train loss 0.0004
2022-01-21 22:07:45,627 root                INFO: Train: Epoch 173: train loss 0.0002
2022-01-21 22:07:46,225 root                INFO: Train: Epoch 174: train loss 0.0003
2022-01-21 22:07:46,898 root                INFO: Train: Epoch 175: train loss 0.0004
2022-01-21 22:07:47,583 root                INFO: Train: Epoch 176: train loss 0.0003
2022-01-21 22:07:48,116 root                INFO: Train: Epoch 177: train loss 0.0003
2022-01-21 22:07:48,669 root                INFO: Train: Epoch 178: train loss 0.0002
2022-01-21 22:07:49,197 root                INFO: Train: Epoch 179: train loss 0.0006
2022-01-21 22:07:49,907 root                INFO: Train: Epoch 180: train loss 0.0005
2022-01-21 22:07:50,489 root                INFO: Train: Epoch 181: train loss 0.0003
2022-01-21 22:07:51,111 root                INFO: Train: Epoch 182: train loss 0.0003
2022-01-21 22:07:51,705 root                INFO: Train: Epoch 183: train loss 0.0005
2022-01-21 22:07:52,317 root                INFO: Train: Epoch 184: train loss 0.0004
2022-01-21 22:07:53,002 root                INFO: Train: Epoch 185: train loss 0.0002
2022-01-21 22:07:53,542 root                INFO: Train: Epoch 186: train loss 0.0002
2022-01-21 22:07:54,114 root                INFO: Train: Epoch 187: train loss 0.0005
2022-01-21 22:07:54,737 root                INFO: Train: Epoch 188: train loss 0.0003
2022-01-21 22:07:55,441 root                INFO: Train: Epoch 189: train loss 0.0002
2022-01-21 22:07:56,385 root                INFO: Train: Epoch 190: train loss 0.0003
2022-01-21 22:07:57,296 root                INFO: Train: Epoch 191: train loss 0.0001
2022-01-21 22:07:57,928 root                INFO: Train: Epoch 192: train loss 0.0003
2022-01-21 22:07:58,647 root                INFO: Train: Epoch 193: train loss 0.0002
2022-01-21 22:07:59,471 root                INFO: Train: Epoch 194: train loss 0.0004
2022-01-21 22:08:00,079 root                INFO: Train: Epoch 195: train loss 0.0003
2022-01-21 22:08:00,618 root                INFO: Train: Epoch 196: train loss 0.0003
2022-01-21 22:08:01,297 root                INFO: Train: Epoch 197: train loss 0.0002
2022-01-21 22:08:01,879 root                INFO: Train: Epoch 198: train loss 0.0004
2022-01-21 22:08:02,479 root                INFO: Train: Epoch 199: train loss 0.0009
2022-01-21 22:08:03,078 root                INFO: Train: Epoch 200: train loss 0.0002
2022-01-21 22:08:18,106 root                INFO: Valid: Epoch 200: kendall tau 0.2486 0.1925; loss 0.0004514 0.0003004
2022-01-21 22:08:18,112 root                INFO: Epoch 200: Save checkpoint to nb301_anytime_tagates/tagates_0.001/1/21/200.ckpt
2022-01-21 22:08:32,364 root                INFO: [0.0, 0.0, 0.0, 0.03486094790442616, 0.1529273546113178, 0.6391369047619048, 1.0]
2022-01-21 22:08:32,364 root                INFO: [0.0, 0.0, 0.0, 0.01762632197414806, 0.11121989426277658, 0.6075344611528822, 1.0]
2022-01-21 22:08:32,364 root                INFO: [3090, 3090]
2022-01-21 22:08:32,364 root                INFO: [3415, 3415]
