2022-01-20 15:51:35,208 root                INFO: GPU device = 6
2022-01-20 15:51:35,208 root                INFO: Load pkl cache from nasbench301_train.pkl and nasbench301_valid.pkl
2022-01-20 15:51:36,162 root                INFO: Config: {'arch_network_cfg': {'arch_embedder_cfg': {'take_adj_as_input': True, 'gcn_kwargs': {'residual_only': 2}, 'gcn_out_dims': [64, 64, 64, 64, 64], 'hidden_dim': 32, 'node_dim': 32, 'op_dim': 32, 'use_bn': False, 'final_concat': False, 'other_node_zero': False, 'num_time_steps': 4, 'fb_conversion_dims': [64, 64], 'backward_gcn_out_dims': [64, 64, 64, 64, 64], 'updateopemb_method': 'concat_ofb', 'updateopemb_dims': [64], 'share_skip_and_outskip': True, 'detach_vinfo': False, 'updateopemb_scale': 0.1, 'updateopemb_detach_opemb': True, 'updateopemb_detach_finfo': True, 'mask_nonparametrized_ops': True, 'symmetry_breaking_method': 'param_zs_add', 'concat_param_zs_as_opemb_dimension': 5, 'concat_param_zs_as_opemb_scale': 1.0}, 'arch_embedder_type': 'cellss-fbflow', 'compare_loss_type': 'margin_linear', 'compare_margin': 0.1, 'mlp_dropout': 0.1, 'mlp_hiddens': [200], 'optimizer': {'lr': 0.001, 'type': 'Adam'}, 'scheduler': None}, 'arch_network_type': 'pointwise_comparator', 'batch_size': 128, 'choose_pair_criterion': 'random', 'compare': True, 'compare_threshold': 0.0, 'epochs': 200, 'max_compare_ratio': 16.0}
2022-01-20 15:51:39,357 root                INFO: Combined args: Namespace(arch_network_type='pointwise_comparator', batch_size=128, cfg_file='cfgs/nb301_cfgs/gates_true_masktrue.yaml', choose_pair_criterion='random', compare=True, compare_threshold=0.0, epochs=200, eval_only_last=1, gpu=6, load=None, max_compare_ratio=16.0, num_workers=4, report_freq=200, save_every=200, save_predict=None, seed=21, test_funcs=None, test_only=False, train_dir='nb301_ablation_mask/true/true_0.005/12/21', train_pkl='../mynas/data/nasbench-301/nasbench301_train_mtx_12.pkl', train_ratio=0.005, valid_pkl='../mynas/data/nasbench-301/nasbench301_valid_mtx.pkl')
2022-01-20 15:51:39,365 root                INFO: Train dataset ratio: 0.005
2022-01-20 15:51:39,366 root                INFO: Number of architectures: train: 29; valid: 51072
2022-01-20 15:51:54,774 root                INFO: Train: Epoch   1: train loss 0.1009
2022-01-20 15:51:55,305 root                INFO: Train: Epoch   2: train loss 0.0990
2022-01-20 15:51:55,805 root                INFO: Train: Epoch   3: train loss 0.0965
2022-01-20 15:51:56,305 root                INFO: Train: Epoch   4: train loss 0.0928
2022-01-20 15:51:56,815 root                INFO: Train: Epoch   5: train loss 0.0897
2022-01-20 15:51:57,317 root                INFO: Train: Epoch   6: train loss 0.0858
2022-01-20 15:51:57,796 root                INFO: Train: Epoch   7: train loss 0.0801
2022-01-20 15:51:58,293 root                INFO: Train: Epoch   8: train loss 0.0719
2022-01-20 15:51:58,781 root                INFO: Train: Epoch   9: train loss 0.0631
2022-01-20 15:51:59,236 root                INFO: Train: Epoch  10: train loss 0.0561
2022-01-20 15:51:59,749 root                INFO: Train: Epoch  11: train loss 0.0492
2022-01-20 15:52:00,241 root                INFO: Train: Epoch  12: train loss 0.0433
2022-01-20 15:52:00,725 root                INFO: Train: Epoch  13: train loss 0.0393
2022-01-20 15:52:01,248 root                INFO: Train: Epoch  14: train loss 0.0386
2022-01-20 15:52:01,779 root                INFO: Train: Epoch  15: train loss 0.0337
2022-01-20 15:52:02,277 root                INFO: Train: Epoch  16: train loss 0.0312
2022-01-20 15:52:02,780 root                INFO: Train: Epoch  17: train loss 0.0282
2022-01-20 15:52:03,285 root                INFO: Train: Epoch  18: train loss 0.0258
2022-01-20 15:52:03,784 root                INFO: Train: Epoch  19: train loss 0.0242
2022-01-20 15:52:04,295 root                INFO: Train: Epoch  20: train loss 0.0239
2022-01-20 15:52:04,822 root                INFO: Train: Epoch  21: train loss 0.0214
2022-01-20 15:52:05,305 root                INFO: Train: Epoch  22: train loss 0.0192
2022-01-20 15:52:05,831 root                INFO: Train: Epoch  23: train loss 0.0182
2022-01-20 15:52:06,327 root                INFO: Train: Epoch  24: train loss 0.0150
2022-01-20 15:52:06,819 root                INFO: Train: Epoch  25: train loss 0.0165
2022-01-20 15:52:07,286 root                INFO: Train: Epoch  26: train loss 0.0144
2022-01-20 15:52:07,763 root                INFO: Train: Epoch  27: train loss 0.0143
2022-01-20 15:52:08,224 root                INFO: Train: Epoch  28: train loss 0.0139
2022-01-20 15:52:08,684 root                INFO: Train: Epoch  29: train loss 0.0118
2022-01-20 15:52:09,176 root                INFO: Train: Epoch  30: train loss 0.0119
2022-01-20 15:52:09,660 root                INFO: Train: Epoch  31: train loss 0.0097
2022-01-20 15:52:10,169 root                INFO: Train: Epoch  32: train loss 0.0091
2022-01-20 15:52:10,709 root                INFO: Train: Epoch  33: train loss 0.0099
2022-01-20 15:52:11,197 root                INFO: Train: Epoch  34: train loss 0.0103
2022-01-20 15:52:11,737 root                INFO: Train: Epoch  35: train loss 0.0092
2022-01-20 15:52:12,265 root                INFO: Train: Epoch  36: train loss 0.0101
2022-01-20 15:52:12,786 root                INFO: Train: Epoch  37: train loss 0.0081
2022-01-20 15:52:13,282 root                INFO: Train: Epoch  38: train loss 0.0073
2022-01-20 15:52:13,799 root                INFO: Train: Epoch  39: train loss 0.0083
2022-01-20 15:52:14,282 root                INFO: Train: Epoch  40: train loss 0.0060
2022-01-20 15:52:14,753 root                INFO: Train: Epoch  41: train loss 0.0069
2022-01-20 15:52:15,287 root                INFO: Train: Epoch  42: train loss 0.0063
2022-01-20 15:52:15,782 root                INFO: Train: Epoch  43: train loss 0.0055
2022-01-20 15:52:16,282 root                INFO: Train: Epoch  44: train loss 0.0068
2022-01-20 15:52:16,781 root                INFO: Train: Epoch  45: train loss 0.0064
2022-01-20 15:52:17,305 root                INFO: Train: Epoch  46: train loss 0.0067
2022-01-20 15:52:17,817 root                INFO: Train: Epoch  47: train loss 0.0058
2022-01-20 15:52:18,344 root                INFO: Train: Epoch  48: train loss 0.0050
2022-01-20 15:52:18,873 root                INFO: Train: Epoch  49: train loss 0.0061
2022-01-20 15:52:19,393 root                INFO: Train: Epoch  50: train loss 0.0059
2022-01-20 15:52:19,893 root                INFO: Train: Epoch  51: train loss 0.0055
2022-01-20 15:52:20,389 root                INFO: Train: Epoch  52: train loss 0.0045
2022-01-20 15:52:20,874 root                INFO: Train: Epoch  53: train loss 0.0050
2022-01-20 15:52:21,371 root                INFO: Train: Epoch  54: train loss 0.0042
2022-01-20 15:52:21,883 root                INFO: Train: Epoch  55: train loss 0.0046
2022-01-20 15:52:22,402 root                INFO: Train: Epoch  56: train loss 0.0039
2022-01-20 15:52:22,923 root                INFO: Train: Epoch  57: train loss 0.0039
2022-01-20 15:52:23,424 root                INFO: Train: Epoch  58: train loss 0.0031
2022-01-20 15:52:23,939 root                INFO: Train: Epoch  59: train loss 0.0035
2022-01-20 15:52:24,461 root                INFO: Train: Epoch  60: train loss 0.0043
2022-01-20 15:52:24,970 root                INFO: Train: Epoch  61: train loss 0.0029
2022-01-20 15:52:25,488 root                INFO: Train: Epoch  62: train loss 0.0026
2022-01-20 15:52:26,008 root                INFO: Train: Epoch  63: train loss 0.0029
2022-01-20 15:52:26,508 root                INFO: Train: Epoch  64: train loss 0.0045
2022-01-20 15:52:27,053 root                INFO: Train: Epoch  65: train loss 0.0032
2022-01-20 15:52:27,637 root                INFO: Train: Epoch  66: train loss 0.0032
2022-01-20 15:52:28,146 root                INFO: Train: Epoch  67: train loss 0.0026
2022-01-20 15:52:28,640 root                INFO: Train: Epoch  68: train loss 0.0036
2022-01-20 15:52:29,144 root                INFO: Train: Epoch  69: train loss 0.0036
2022-01-20 15:52:29,642 root                INFO: Train: Epoch  70: train loss 0.0049
2022-01-20 15:52:30,182 root                INFO: Train: Epoch  71: train loss 0.0026
2022-01-20 15:52:30,715 root                INFO: Train: Epoch  72: train loss 0.0028
2022-01-20 15:52:31,239 root                INFO: Train: Epoch  73: train loss 0.0035
2022-01-20 15:52:31,750 root                INFO: Train: Epoch  74: train loss 0.0025
2022-01-20 15:52:32,268 root                INFO: Train: Epoch  75: train loss 0.0031
2022-01-20 15:52:32,770 root                INFO: Train: Epoch  76: train loss 0.0034
2022-01-20 15:52:33,258 root                INFO: Train: Epoch  77: train loss 0.0038
2022-01-20 15:52:33,765 root                INFO: Train: Epoch  78: train loss 0.0030
2022-01-20 15:52:34,291 root                INFO: Train: Epoch  79: train loss 0.0024
2022-01-20 15:52:34,795 root                INFO: Train: Epoch  80: train loss 0.0022
2022-01-20 15:52:35,301 root                INFO: Train: Epoch  81: train loss 0.0038
2022-01-20 15:52:35,791 root                INFO: Train: Epoch  82: train loss 0.0016
2022-01-20 15:52:36,291 root                INFO: Train: Epoch  83: train loss 0.0024
2022-01-20 15:52:36,798 root                INFO: Train: Epoch  84: train loss 0.0027
2022-01-20 15:52:37,337 root                INFO: Train: Epoch  85: train loss 0.0026
2022-01-20 15:52:37,880 root                INFO: Train: Epoch  86: train loss 0.0024
2022-01-20 15:52:38,434 root                INFO: Train: Epoch  87: train loss 0.0028
2022-01-20 15:52:38,923 root                INFO: Train: Epoch  88: train loss 0.0038
2022-01-20 15:52:39,434 root                INFO: Train: Epoch  89: train loss 0.0016
2022-01-20 15:52:39,965 root                INFO: Train: Epoch  90: train loss 0.0014
2022-01-20 15:52:40,480 root                INFO: Train: Epoch  91: train loss 0.0033
2022-01-20 15:52:40,966 root                INFO: Train: Epoch  92: train loss 0.0034
2022-01-20 15:52:41,461 root                INFO: Train: Epoch  93: train loss 0.0027
2022-01-20 15:52:41,964 root                INFO: Train: Epoch  94: train loss 0.0016
2022-01-20 15:52:42,453 root                INFO: Train: Epoch  95: train loss 0.0015
2022-01-20 15:52:42,933 root                INFO: Train: Epoch  96: train loss 0.0020
2022-01-20 15:52:43,410 root                INFO: Train: Epoch  97: train loss 0.0017
2022-01-20 15:52:43,910 root                INFO: Train: Epoch  98: train loss 0.0017
2022-01-20 15:52:44,402 root                INFO: Train: Epoch  99: train loss 0.0019
2022-01-20 15:52:44,899 root                INFO: Train: Epoch 100: train loss 0.0019
2022-01-20 15:52:45,405 root                INFO: Train: Epoch 101: train loss 0.0019
2022-01-20 15:52:45,893 root                INFO: Train: Epoch 102: train loss 0.0014
2022-01-20 15:52:46,401 root                INFO: Train: Epoch 103: train loss 0.0040
2022-01-20 15:52:46,891 root                INFO: Train: Epoch 104: train loss 0.0018
2022-01-20 15:52:47,365 root                INFO: Train: Epoch 105: train loss 0.0020
2022-01-20 15:52:47,842 root                INFO: Train: Epoch 106: train loss 0.0023
2022-01-20 15:52:48,343 root                INFO: Train: Epoch 107: train loss 0.0017
2022-01-20 15:52:48,831 root                INFO: Train: Epoch 108: train loss 0.0018
2022-01-20 15:52:49,317 root                INFO: Train: Epoch 109: train loss 0.0006
2022-01-20 15:52:49,819 root                INFO: Train: Epoch 110: train loss 0.0021
2022-01-20 15:52:50,304 root                INFO: Train: Epoch 111: train loss 0.0009
2022-01-20 15:52:50,810 root                INFO: Train: Epoch 112: train loss 0.0012
2022-01-20 15:52:51,287 root                INFO: Train: Epoch 113: train loss 0.0017
2022-01-20 15:52:51,789 root                INFO: Train: Epoch 114: train loss 0.0016
2022-01-20 15:52:52,299 root                INFO: Train: Epoch 115: train loss 0.0022
2022-01-20 15:52:52,831 root                INFO: Train: Epoch 116: train loss 0.0017
2022-01-20 15:52:53,335 root                INFO: Train: Epoch 117: train loss 0.0012
2022-01-20 15:52:53,838 root                INFO: Train: Epoch 118: train loss 0.0019
2022-01-20 15:52:54,348 root                INFO: Train: Epoch 119: train loss 0.0009
2022-01-20 15:52:54,866 root                INFO: Train: Epoch 120: train loss 0.0015
2022-01-20 15:52:55,362 root                INFO: Train: Epoch 121: train loss 0.0010
2022-01-20 15:52:55,878 root                INFO: Train: Epoch 122: train loss 0.0005
2022-01-20 15:52:56,357 root                INFO: Train: Epoch 123: train loss 0.0011
2022-01-20 15:52:56,854 root                INFO: Train: Epoch 124: train loss 0.0013
2022-01-20 15:52:57,360 root                INFO: Train: Epoch 125: train loss 0.0010
2022-01-20 15:52:57,817 root                INFO: Train: Epoch 126: train loss 0.0011
2022-01-20 15:52:58,280 root                INFO: Train: Epoch 127: train loss 0.0013
2022-01-20 15:52:58,736 root                INFO: Train: Epoch 128: train loss 0.0006
2022-01-20 15:52:59,187 root                INFO: Train: Epoch 129: train loss 0.0010
2022-01-20 15:52:59,655 root                INFO: Train: Epoch 130: train loss 0.0009
2022-01-20 15:53:00,126 root                INFO: Train: Epoch 131: train loss 0.0023
2022-01-20 15:53:00,598 root                INFO: Train: Epoch 132: train loss 0.0005
2022-01-20 15:53:01,052 root                INFO: Train: Epoch 133: train loss 0.0005
2022-01-20 15:53:01,534 root                INFO: Train: Epoch 134: train loss 0.0013
2022-01-20 15:53:02,036 root                INFO: Train: Epoch 135: train loss 0.0034
2022-01-20 15:53:02,511 root                INFO: Train: Epoch 136: train loss 0.0021
2022-01-20 15:53:02,967 root                INFO: Train: Epoch 137: train loss 0.0042
2022-01-20 15:53:03,441 root                INFO: Train: Epoch 138: train loss 0.0008
2022-01-20 15:53:03,916 root                INFO: Train: Epoch 139: train loss 0.0023
2022-01-20 15:53:04,366 root                INFO: Train: Epoch 140: train loss 0.0011
2022-01-20 15:53:04,863 root                INFO: Train: Epoch 141: train loss 0.0017
2022-01-20 15:53:05,350 root                INFO: Train: Epoch 142: train loss 0.0020
2022-01-20 15:53:05,871 root                INFO: Train: Epoch 143: train loss 0.0018
2022-01-20 15:53:06,372 root                INFO: Train: Epoch 144: train loss 0.0013
2022-01-20 15:53:06,845 root                INFO: Train: Epoch 145: train loss 0.0017
2022-01-20 15:53:07,368 root                INFO: Train: Epoch 146: train loss 0.0015
2022-01-20 15:53:07,868 root                INFO: Train: Epoch 147: train loss 0.0015
2022-01-20 15:53:08,339 root                INFO: Train: Epoch 148: train loss 0.0024
2022-01-20 15:53:08,802 root                INFO: Train: Epoch 149: train loss 0.0013
2022-01-20 15:53:09,263 root                INFO: Train: Epoch 150: train loss 0.0031
2022-01-20 15:53:09,745 root                INFO: Train: Epoch 151: train loss 0.0005
2022-01-20 15:53:10,201 root                INFO: Train: Epoch 152: train loss 0.0014
2022-01-20 15:53:10,691 root                INFO: Train: Epoch 153: train loss 0.0010
2022-01-20 15:53:11,261 root                INFO: Train: Epoch 154: train loss 0.0015
2022-01-20 15:53:11,813 root                INFO: Train: Epoch 155: train loss 0.0018
2022-01-20 15:53:12,350 root                INFO: Train: Epoch 156: train loss 0.0003
2022-01-20 15:53:12,898 root                INFO: Train: Epoch 157: train loss 0.0012
2022-01-20 15:53:13,375 root                INFO: Train: Epoch 158: train loss 0.0018
2022-01-20 15:53:13,870 root                INFO: Train: Epoch 159: train loss 0.0018
2022-01-20 15:53:14,334 root                INFO: Train: Epoch 160: train loss 0.0011
2022-01-20 15:53:14,816 root                INFO: Train: Epoch 161: train loss 0.0012
2022-01-20 15:53:15,283 root                INFO: Train: Epoch 162: train loss 0.0012
2022-01-20 15:53:15,779 root                INFO: Train: Epoch 163: train loss 0.0034
2022-01-20 15:53:16,244 root                INFO: Train: Epoch 164: train loss 0.0018
2022-01-20 15:53:16,705 root                INFO: Train: Epoch 165: train loss 0.0008
2022-01-20 15:53:17,225 root                INFO: Train: Epoch 166: train loss 0.0018
2022-01-20 15:53:17,697 root                INFO: Train: Epoch 167: train loss 0.0014
2022-01-20 15:53:18,171 root                INFO: Train: Epoch 168: train loss 0.0006
2022-01-20 15:53:18,641 root                INFO: Train: Epoch 169: train loss 0.0017
2022-01-20 15:53:19,114 root                INFO: Train: Epoch 170: train loss 0.0032
2022-01-20 15:53:19,590 root                INFO: Train: Epoch 171: train loss 0.0017
2022-01-20 15:53:20,134 root                INFO: Train: Epoch 172: train loss 0.0015
2022-01-20 15:53:20,756 root                INFO: Train: Epoch 173: train loss 0.0010
2022-01-20 15:53:21,316 root                INFO: Train: Epoch 174: train loss 0.0012
2022-01-20 15:53:21,857 root                INFO: Train: Epoch 175: train loss 0.0018
2022-01-20 15:53:22,395 root                INFO: Train: Epoch 176: train loss 0.0020
2022-01-20 15:53:22,931 root                INFO: Train: Epoch 177: train loss 0.0002
2022-01-20 15:53:23,451 root                INFO: Train: Epoch 178: train loss 0.0004
2022-01-20 15:53:23,937 root                INFO: Train: Epoch 179: train loss 0.0016
2022-01-20 15:53:24,430 root                INFO: Train: Epoch 180: train loss 0.0032
2022-01-20 15:53:24,900 root                INFO: Train: Epoch 181: train loss 0.0010
2022-01-20 15:53:25,365 root                INFO: Train: Epoch 182: train loss 0.0011
2022-01-20 15:53:25,848 root                INFO: Train: Epoch 183: train loss 0.0015
2022-01-20 15:53:26,332 root                INFO: Train: Epoch 184: train loss 0.0005
2022-01-20 15:53:26,841 root                INFO: Train: Epoch 185: train loss 0.0013
2022-01-20 15:53:27,329 root                INFO: Train: Epoch 186: train loss 0.0009
2022-01-20 15:53:27,862 root                INFO: Train: Epoch 187: train loss 0.0000
2022-01-20 15:53:28,386 root                INFO: Train: Epoch 188: train loss 0.0005
2022-01-20 15:53:28,928 root                INFO: Train: Epoch 189: train loss 0.0010
2022-01-20 15:53:29,484 root                INFO: Train: Epoch 190: train loss 0.0004
2022-01-20 15:53:30,020 root                INFO: Train: Epoch 191: train loss 0.0012
2022-01-20 15:53:30,550 root                INFO: Train: Epoch 192: train loss 0.0013
2022-01-20 15:53:31,055 root                INFO: Train: Epoch 193: train loss 0.0007
2022-01-20 15:53:31,564 root                INFO: Train: Epoch 194: train loss 0.0016
2022-01-20 15:53:32,092 root                INFO: Train: Epoch 195: train loss 0.0007
2022-01-20 15:53:32,609 root                INFO: Train: Epoch 196: train loss 0.0006
2022-01-20 15:53:33,120 root                INFO: Train: Epoch 197: train loss 0.0008
2022-01-20 15:53:33,626 root                INFO: Train: Epoch 198: train loss 0.0013
2022-01-20 15:53:34,124 root                INFO: Train: Epoch 199: train loss 0.0012
2022-01-20 15:53:34,611 root                INFO: Train: Epoch 200: train loss 0.0011
2022-01-20 15:53:50,854 root                INFO: Valid: Epoch 200: kendall tau 0.5573; loss 0.3286
2022-01-20 15:53:50,860 root                INFO: Epoch 200: Save checkpoint to nb301_ablation_mask/true/true_0.005/12/21/200.ckpt
2022-01-20 15:54:07,280 root                INFO: [0.0, 0.043137254901960784, 0.09803921568627451, 0.43047395221308266, 0.6058351282553358, 0.7861842105263158, 1.0]
2022-01-20 15:54:07,280 root                INFO: [746, 746]
