2022-01-23 22:46:53,486 root                INFO: GPU device = 4
2022-01-23 22:46:53,487 root                INFO: Load pkl cache from nasbench301_train.pkl and nasbench301_valid.pkl
2022-01-23 22:46:54,281 root                INFO: Config: {'arch_network_cfg': {'arch_embedder_cfg': {'take_adj_as_input': True, 'gcn_kwargs': {'residual_only': 2}, 'gcn_out_dims': [64, 64, 64, 64, 64], 'hidden_dim': 32, 'node_dim': 32, 'op_dim': 32, 'use_bn': False, 'final_concat': False, 'other_node_zero': False, 'num_time_steps': 4, 'fb_conversion_dims': [64, 64], 'backward_gcn_out_dims': [64, 64, 64, 64, 64], 'updateopemb_method': 'concat_ofb', 'updateopemb_dims': [64], 'share_skip_and_outskip': True, 'detach_vinfo': False, 'updateopemb_scale': 0.1, 'updateopemb_detach_opemb': True, 'updateopemb_detach_finfo': True, 'mask_nonparametrized_ops': True, 'symmetry_breaking_method': 'param_zs_add', 'concat_param_zs_as_opemb_dimension': 5, 'concat_param_zs_as_opemb_scale': 1.0}, 'arch_embedder_type': 'cellss-fbflow', 'compare_loss_type': 'margin_linear', 'compare_margin': 0.1, 'mlp_dropout': 0.1, 'mlp_hiddens': [200], 'optimizer': {'lr': 0.001, 'type': 'Adam'}, 'scheduler': None}, 'arch_network_type': 'pointwise_comparator', 'batch_size': 128, 'choose_pair_criterion': 'random', 'compare': True, 'compare_threshold': 0.0, 'epochs': 200, 'max_compare_ratio': 16.0}
2022-01-23 22:46:57,568 root                INFO: Combined args: Namespace(arch_network_type='pointwise_comparator', batch_size=128, cfg_file='cfgs/nb301_cfgs/gates_true_masktrue.yaml', choose_pair_criterion='random', compare=True, compare_threshold=0.0, epochs=200, eval_only_last=1, gpu=4, load=None, max_compare_ratio=16.0, num_workers=4, report_freq=200, save_every=200, save_predict=None, seed=202121, test_funcs=None, test_only=False, train_dir='../results/nb301/nb301_ablation_mask/true/true_0.5/12/202121', train_pkl='../mynas/data/nasbench-301/nasbench301_train_mtx_12.pkl', train_ratio=0.5, valid_pkl='../mynas/data/nasbench-301/nasbench301_valid_mtx.pkl')
2022-01-23 22:46:57,573 root                INFO: Train dataset ratio: 0.500
2022-01-23 22:46:57,573 root                INFO: Number of architectures: train: 2948; valid: 51072
2022-01-23 22:47:20,148 root                INFO: Train: Epoch   1: train loss 0.0678
2022-01-23 22:47:26,323 root                INFO: Train: Epoch   2: train loss 0.0340
2022-01-23 22:47:32,500 root                INFO: Train: Epoch   3: train loss 0.0336
2022-01-23 22:47:38,695 root                INFO: Train: Epoch   4: train loss 0.0318
2022-01-23 22:47:44,862 root                INFO: Train: Epoch   5: train loss 0.0308
2022-01-23 22:47:51,051 root                INFO: Train: Epoch   6: train loss 0.0330
2022-01-23 22:47:57,220 root                INFO: Train: Epoch   7: train loss 0.0289
2022-01-23 22:48:03,374 root                INFO: Train: Epoch   8: train loss 0.0273
2022-01-23 22:48:09,539 root                INFO: Train: Epoch   9: train loss 0.0246
2022-01-23 22:48:15,699 root                INFO: Train: Epoch  10: train loss 0.0238
2022-01-23 22:48:21,853 root                INFO: Train: Epoch  11: train loss 0.0243
2022-01-23 22:48:28,035 root                INFO: Train: Epoch  12: train loss 0.0246
2022-01-23 22:48:34,184 root                INFO: Train: Epoch  13: train loss 0.0227
2022-01-23 22:48:40,343 root                INFO: Train: Epoch  14: train loss 0.0220
2022-01-23 22:48:46,502 root                INFO: Train: Epoch  15: train loss 0.0255
2022-01-23 22:48:52,660 root                INFO: Train: Epoch  16: train loss 0.0237
2022-01-23 22:48:58,818 root                INFO: Train: Epoch  17: train loss 0.0230
2022-01-23 22:49:04,978 root                INFO: Train: Epoch  18: train loss 0.0247
2022-01-23 22:49:11,123 root                INFO: Train: Epoch  19: train loss 0.0250
2022-01-23 22:49:17,286 root                INFO: Train: Epoch  20: train loss 0.0293
2022-01-23 22:49:23,445 root                INFO: Train: Epoch  21: train loss 0.0235
2022-01-23 22:49:29,593 root                INFO: Train: Epoch  22: train loss 0.0232
2022-01-23 22:49:35,740 root                INFO: Train: Epoch  23: train loss 0.0265
2022-01-23 22:49:41,887 root                INFO: Train: Epoch  24: train loss 0.0224
2022-01-23 22:49:48,045 root                INFO: Train: Epoch  25: train loss 0.0223
2022-01-23 22:49:54,190 root                INFO: Train: Epoch  26: train loss 0.0206
2022-01-23 22:50:00,358 root                INFO: Train: Epoch  27: train loss 0.0217
2022-01-23 22:50:06,502 root                INFO: Train: Epoch  28: train loss 0.0203
2022-01-23 22:50:12,673 root                INFO: Train: Epoch  29: train loss 0.0204
2022-01-23 22:50:18,844 root                INFO: Train: Epoch  30: train loss 0.0240
2022-01-23 22:50:24,992 root                INFO: Train: Epoch  31: train loss 0.0228
2022-01-23 22:50:31,148 root                INFO: Train: Epoch  32: train loss 0.0222
2022-01-23 22:50:37,325 root                INFO: Train: Epoch  33: train loss 0.0222
2022-01-23 22:50:43,500 root                INFO: Train: Epoch  34: train loss 0.0201
2022-01-23 22:50:49,677 root                INFO: Train: Epoch  35: train loss 0.0210
2022-01-23 22:50:55,855 root                INFO: Train: Epoch  36: train loss 0.0197
2022-01-23 22:51:02,027 root                INFO: Train: Epoch  37: train loss 0.0255
2022-01-23 22:51:08,175 root                INFO: Train: Epoch  38: train loss 0.0209
2022-01-23 22:51:14,341 root                INFO: Train: Epoch  39: train loss 0.0203
2022-01-23 22:51:20,498 root                INFO: Train: Epoch  40: train loss 0.0213
2022-01-23 22:51:26,689 root                INFO: Train: Epoch  41: train loss 0.0217
2022-01-23 22:51:32,868 root                INFO: Train: Epoch  42: train loss 0.0206
2022-01-23 22:51:39,030 root                INFO: Train: Epoch  43: train loss 0.0215
2022-01-23 22:51:45,178 root                INFO: Train: Epoch  44: train loss 0.0198
2022-01-23 22:51:51,313 root                INFO: Train: Epoch  45: train loss 0.0189
2022-01-23 22:51:57,445 root                INFO: Train: Epoch  46: train loss 0.0187
2022-01-23 22:52:03,615 root                INFO: Train: Epoch  47: train loss 0.0197
2022-01-23 22:52:09,767 root                INFO: Train: Epoch  48: train loss 0.0194
2022-01-23 22:52:15,913 root                INFO: Train: Epoch  49: train loss 0.0191
2022-01-23 22:52:22,052 root                INFO: Train: Epoch  50: train loss 0.0216
2022-01-23 22:52:28,192 root                INFO: Train: Epoch  51: train loss 0.0191
2022-01-23 22:52:34,361 root                INFO: Train: Epoch  52: train loss 0.0202
2022-01-23 22:52:40,497 root                INFO: Train: Epoch  53: train loss 0.0247
2022-01-23 22:52:46,637 root                INFO: Train: Epoch  54: train loss 0.0222
2022-01-23 22:52:52,775 root                INFO: Train: Epoch  55: train loss 0.0205
2022-01-23 22:52:58,938 root                INFO: Train: Epoch  56: train loss 0.0187
2022-01-23 22:53:05,103 root                INFO: Train: Epoch  57: train loss 0.0233
2022-01-23 22:53:11,291 root                INFO: Train: Epoch  58: train loss 0.0208
2022-01-23 22:53:17,463 root                INFO: Train: Epoch  59: train loss 0.0200
2022-01-23 22:53:23,614 root                INFO: Train: Epoch  60: train loss 0.0231
2022-01-23 22:53:29,765 root                INFO: Train: Epoch  61: train loss 0.0213
2022-01-23 22:53:35,945 root                INFO: Train: Epoch  62: train loss 0.0194
2022-01-23 22:53:42,104 root                INFO: Train: Epoch  63: train loss 0.0276
2022-01-23 22:53:48,258 root                INFO: Train: Epoch  64: train loss 0.0218
2022-01-23 22:53:54,400 root                INFO: Train: Epoch  65: train loss 0.0203
2022-01-23 22:54:00,565 root                INFO: Train: Epoch  66: train loss 0.0236
2022-01-23 22:54:06,712 root                INFO: Train: Epoch  67: train loss 0.0204
2022-01-23 22:54:12,873 root                INFO: Train: Epoch  68: train loss 0.0216
2022-01-23 22:54:19,046 root                INFO: Train: Epoch  69: train loss 0.0207
2022-01-23 22:54:25,204 root                INFO: Train: Epoch  70: train loss 0.0200
2022-01-23 22:54:31,346 root                INFO: Train: Epoch  71: train loss 0.0197
2022-01-23 22:54:37,476 root                INFO: Train: Epoch  72: train loss 0.0189
2022-01-23 22:54:43,625 root                INFO: Train: Epoch  73: train loss 0.0193
2022-01-23 22:54:49,761 root                INFO: Train: Epoch  74: train loss 0.0201
2022-01-23 22:54:55,942 root                INFO: Train: Epoch  75: train loss 0.0200
2022-01-23 22:55:02,121 root                INFO: Train: Epoch  76: train loss 0.0190
2022-01-23 22:55:08,335 root                INFO: Train: Epoch  77: train loss 0.0210
2022-01-23 22:55:14,532 root                INFO: Train: Epoch  78: train loss 0.0202
2022-01-23 22:55:20,710 root                INFO: Train: Epoch  79: train loss 0.0187
2022-01-23 22:55:26,890 root                INFO: Train: Epoch  80: train loss 0.0203
2022-01-23 22:55:33,066 root                INFO: Train: Epoch  81: train loss 0.0200
2022-01-23 22:55:39,235 root                INFO: Train: Epoch  82: train loss 0.0198
2022-01-23 22:55:45,433 root                INFO: Train: Epoch  83: train loss 0.0180
2022-01-23 22:55:51,589 root                INFO: Train: Epoch  84: train loss 0.0202
2022-01-23 22:55:57,726 root                INFO: Train: Epoch  85: train loss 0.0182
2022-01-23 22:56:03,870 root                INFO: Train: Epoch  86: train loss 0.0176
2022-01-23 22:56:10,032 root                INFO: Train: Epoch  87: train loss 0.0193
2022-01-23 22:56:16,176 root                INFO: Train: Epoch  88: train loss 0.0209
2022-01-23 22:56:22,300 root                INFO: Train: Epoch  89: train loss 0.0178
2022-01-23 22:56:28,442 root                INFO: Train: Epoch  90: train loss 0.0187
2022-01-23 22:56:34,586 root                INFO: Train: Epoch  91: train loss 0.0175
2022-01-23 22:56:40,718 root                INFO: Train: Epoch  92: train loss 0.0185
2022-01-23 22:56:46,858 root                INFO: Train: Epoch  93: train loss 0.0190
2022-01-23 22:56:52,992 root                INFO: Train: Epoch  94: train loss 0.0178
2022-01-23 22:56:59,119 root                INFO: Train: Epoch  95: train loss 0.0171
2022-01-23 22:57:05,295 root                INFO: Train: Epoch  96: train loss 0.0180
2022-01-23 22:57:11,450 root                INFO: Train: Epoch  97: train loss 0.0170
2022-01-23 22:57:17,608 root                INFO: Train: Epoch  98: train loss 0.0181
2022-01-23 22:57:23,771 root                INFO: Train: Epoch  99: train loss 0.0170
2022-01-23 22:57:29,934 root                INFO: Train: Epoch 100: train loss 0.0180
2022-01-23 22:57:36,071 root                INFO: Train: Epoch 101: train loss 0.0180
2022-01-23 22:57:42,241 root                INFO: Train: Epoch 102: train loss 0.0191
2022-01-23 22:57:48,386 root                INFO: Train: Epoch 103: train loss 0.0179
2022-01-23 22:57:54,530 root                INFO: Train: Epoch 104: train loss 0.0177
2022-01-23 22:58:00,685 root                INFO: Train: Epoch 105: train loss 0.0185
2022-01-23 22:58:06,830 root                INFO: Train: Epoch 106: train loss 0.0184
2022-01-23 22:58:12,971 root                INFO: Train: Epoch 107: train loss 0.0187
2022-01-23 22:58:19,136 root                INFO: Train: Epoch 108: train loss 0.0235
2022-01-23 22:58:25,257 root                INFO: Train: Epoch 109: train loss 0.0182
2022-01-23 22:58:31,405 root                INFO: Train: Epoch 110: train loss 0.0180
2022-01-23 22:58:37,568 root                INFO: Train: Epoch 111: train loss 0.0197
2022-01-23 22:58:43,720 root                INFO: Train: Epoch 112: train loss 0.0189
2022-01-23 22:58:49,921 root                INFO: Train: Epoch 113: train loss 0.0166
2022-01-23 22:58:56,090 root                INFO: Train: Epoch 114: train loss 0.0165
2022-01-23 22:59:02,258 root                INFO: Train: Epoch 115: train loss 0.0173
2022-01-23 22:59:08,437 root                INFO: Train: Epoch 116: train loss 0.0164
2022-01-23 22:59:14,575 root                INFO: Train: Epoch 117: train loss 0.0156
2022-01-23 22:59:20,750 root                INFO: Train: Epoch 118: train loss 0.0186
2022-01-23 22:59:26,886 root                INFO: Train: Epoch 119: train loss 0.0177
2022-01-23 22:59:33,038 root                INFO: Train: Epoch 120: train loss 0.0181
2022-01-23 22:59:39,185 root                INFO: Train: Epoch 121: train loss 0.0175
2022-01-23 22:59:45,349 root                INFO: Train: Epoch 122: train loss 0.0177
2022-01-23 22:59:51,498 root                INFO: Train: Epoch 123: train loss 0.0184
2022-01-23 22:59:57,642 root                INFO: Train: Epoch 124: train loss 0.0170
2022-01-23 23:00:03,787 root                INFO: Train: Epoch 125: train loss 0.0152
2022-01-23 23:00:09,955 root                INFO: Train: Epoch 126: train loss 0.0148
2022-01-23 23:00:16,124 root                INFO: Train: Epoch 127: train loss 0.0171
2022-01-23 23:00:22,280 root                INFO: Train: Epoch 128: train loss 0.0202
2022-01-23 23:00:28,429 root                INFO: Train: Epoch 129: train loss 0.0163
2022-01-23 23:00:34,565 root                INFO: Train: Epoch 130: train loss 0.0167
2022-01-23 23:00:40,694 root                INFO: Train: Epoch 131: train loss 0.0171
2022-01-23 23:00:46,852 root                INFO: Train: Epoch 132: train loss 0.0152
2022-01-23 23:00:53,010 root                INFO: Train: Epoch 133: train loss 0.0158
2022-01-23 23:00:59,201 root                INFO: Train: Epoch 134: train loss 0.0193
2022-01-23 23:01:05,360 root                INFO: Train: Epoch 135: train loss 0.0168
2022-01-23 23:01:11,528 root                INFO: Train: Epoch 136: train loss 0.0164
2022-01-23 23:01:17,866 root                INFO: Train: Epoch 137: train loss 0.0151
2022-01-23 23:01:24,018 root                INFO: Train: Epoch 138: train loss 0.0159
2022-01-23 23:01:30,173 root                INFO: Train: Epoch 139: train loss 0.0148
2022-01-23 23:01:36,338 root                INFO: Train: Epoch 140: train loss 0.0143
2022-01-23 23:01:42,486 root                INFO: Train: Epoch 141: train loss 0.0194
2022-01-23 23:01:48,640 root                INFO: Train: Epoch 142: train loss 0.0171
2022-01-23 23:01:54,789 root                INFO: Train: Epoch 143: train loss 0.0159
2022-01-23 23:02:00,927 root                INFO: Train: Epoch 144: train loss 0.0160
2022-01-23 23:02:07,082 root                INFO: Train: Epoch 145: train loss 0.0173
2022-01-23 23:02:13,230 root                INFO: Train: Epoch 146: train loss 0.0148
2022-01-23 23:02:19,377 root                INFO: Train: Epoch 147: train loss 0.0140
2022-01-23 23:02:25,519 root                INFO: Train: Epoch 148: train loss 0.0154
2022-01-23 23:02:31,678 root                INFO: Train: Epoch 149: train loss 0.0151
2022-01-23 23:02:37,864 root                INFO: Train: Epoch 150: train loss 0.0144
2022-01-23 23:02:44,036 root                INFO: Train: Epoch 151: train loss 0.0136
2022-01-23 23:02:50,177 root                INFO: Train: Epoch 152: train loss 0.0140
2022-01-23 23:02:56,326 root                INFO: Train: Epoch 153: train loss 0.0135
2022-01-23 23:03:02,480 root                INFO: Train: Epoch 154: train loss 0.0236
2022-01-23 23:03:08,632 root                INFO: Train: Epoch 155: train loss 0.0181
2022-01-23 23:03:14,780 root                INFO: Train: Epoch 156: train loss 0.0153
2022-01-23 23:03:20,922 root                INFO: Train: Epoch 157: train loss 0.0146
2022-01-23 23:03:27,061 root                INFO: Train: Epoch 158: train loss 0.0227
2022-01-23 23:03:33,206 root                INFO: Train: Epoch 159: train loss 0.0182
2022-01-23 23:03:39,361 root                INFO: Train: Epoch 160: train loss 0.0160
2022-01-23 23:03:45,511 root                INFO: Train: Epoch 161: train loss 0.0179
2022-01-23 23:03:51,664 root                INFO: Train: Epoch 162: train loss 0.0153
2022-01-23 23:03:57,835 root                INFO: Train: Epoch 163: train loss 0.0156
2022-01-23 23:04:03,995 root                INFO: Train: Epoch 164: train loss 0.0145
2022-01-23 23:04:10,160 root                INFO: Train: Epoch 165: train loss 0.0206
2022-01-23 23:04:16,311 root                INFO: Train: Epoch 166: train loss 0.0165
2022-01-23 23:04:22,464 root                INFO: Train: Epoch 167: train loss 0.0150
2022-01-23 23:04:28,606 root                INFO: Train: Epoch 168: train loss 0.0166
2022-01-23 23:04:34,761 root                INFO: Train: Epoch 169: train loss 0.0147
2022-01-23 23:04:40,924 root                INFO: Train: Epoch 170: train loss 0.0237
2022-01-23 23:04:47,063 root                INFO: Train: Epoch 171: train loss 0.0179
2022-01-23 23:04:53,212 root                INFO: Train: Epoch 172: train loss 0.0190
2022-01-23 23:04:59,360 root                INFO: Train: Epoch 173: train loss 0.0159
2022-01-23 23:05:05,496 root                INFO: Train: Epoch 174: train loss 0.0182
2022-01-23 23:05:11,626 root                INFO: Train: Epoch 175: train loss 0.0169
2022-01-23 23:05:17,797 root                INFO: Train: Epoch 176: train loss 0.0158
2022-01-23 23:05:23,939 root                INFO: Train: Epoch 177: train loss 0.0153
2022-01-23 23:05:30,096 root                INFO: Train: Epoch 178: train loss 0.0149
2022-01-23 23:05:36,231 root                INFO: Train: Epoch 179: train loss 0.0138
2022-01-23 23:05:42,411 root                INFO: Train: Epoch 180: train loss 0.0176
2022-01-23 23:05:48,544 root                INFO: Train: Epoch 181: train loss 0.0183
2022-01-23 23:05:54,652 root                INFO: Train: Epoch 182: train loss 0.0182
2022-01-23 23:06:00,801 root                INFO: Train: Epoch 183: train loss 0.0155
2022-01-23 23:06:06,942 root                INFO: Train: Epoch 184: train loss 0.0147
2022-01-23 23:06:13,042 root                INFO: Train: Epoch 185: train loss 0.0147
2022-01-23 23:06:19,195 root                INFO: Train: Epoch 186: train loss 0.0138
2022-01-23 23:06:25,372 root                INFO: Train: Epoch 187: train loss 0.0228
2022-01-23 23:06:31,575 root                INFO: Train: Epoch 188: train loss 0.0157
2022-01-23 23:06:37,774 root                INFO: Train: Epoch 189: train loss 0.0147
2022-01-23 23:06:43,947 root                INFO: Train: Epoch 190: train loss 0.0213
2022-01-23 23:06:50,125 root                INFO: Train: Epoch 191: train loss 0.0151
2022-01-23 23:06:56,295 root                INFO: Train: Epoch 192: train loss 0.0230
2022-01-23 23:07:02,445 root                INFO: Train: Epoch 193: train loss 0.0202
2022-01-23 23:07:08,546 root                INFO: Train: Epoch 194: train loss 0.0180
2022-01-23 23:07:14,678 root                INFO: Train: Epoch 195: train loss 0.0180
2022-01-23 23:07:20,843 root                INFO: Train: Epoch 196: train loss 0.0157
2022-01-23 23:07:26,941 root                INFO: Train: Epoch 197: train loss 0.0152
2022-01-23 23:07:33,084 root                INFO: Train: Epoch 198: train loss 0.0162
2022-01-23 23:07:39,206 root                INFO: Train: Epoch 199: train loss 0.0250
2022-01-23 23:07:45,324 root                INFO: Train: Epoch 200: train loss 0.0179
2022-01-23 23:08:01,948 root                INFO: Valid: Epoch 200: kendall tau 0.7688; loss 0.1994
2022-01-23 23:08:01,953 root                INFO: Epoch 200: Save checkpoint to ../results/nb301/nb301_ablation_mask/true/true_0.5/12/202121/200.ckpt
2022-01-23 23:08:18,249 root                INFO: [0.0784313725490196, 0.15294117647058825, 0.2627450980392157, 0.6408147277712495, 0.7918543176032896, 0.8896459899749374, 1.0]
2022-01-23 23:08:18,250 root                INFO: [19, 19]
