2022-01-20 15:54:08,485 root                INFO: GPU device = 5
2022-01-20 15:54:08,486 root                INFO: Load pkl cache from nasbench301_train.pkl and nasbench301_valid.pkl
2022-01-20 15:54:09,380 root                INFO: Config: {'arch_network_cfg': {'arch_embedder_cfg': {'take_adj_as_input': True, 'gcn_kwargs': {'residual_only': 2}, 'gcn_out_dims': [64, 64, 64, 64, 64], 'hidden_dim': 32, 'node_dim': 32, 'op_dim': 32, 'use_bn': False, 'final_concat': False, 'other_node_zero': False, 'num_time_steps': 4, 'fb_conversion_dims': [64, 64], 'backward_gcn_out_dims': [64, 64, 64, 64, 64], 'updateopemb_method': 'concat_ofb', 'updateopemb_dims': [64], 'share_skip_and_outskip': True, 'detach_vinfo': False, 'updateopemb_scale': 0.1, 'updateopemb_detach_opemb': True, 'updateopemb_detach_finfo': True, 'mask_nonparametrized_ops': True, 'symmetry_breaking_method': 'param_zs_add', 'concat_param_zs_as_opemb_dimension': 5, 'concat_param_zs_as_opemb_scale': 1.0}, 'arch_embedder_type': 'cellss-fbflow', 'compare_loss_type': 'margin_linear', 'compare_margin': 0.1, 'mlp_dropout': 0.1, 'mlp_hiddens': [200], 'optimizer': {'lr': 0.001, 'type': 'Adam'}, 'scheduler': None}, 'arch_network_type': 'pointwise_comparator', 'batch_size': 128, 'choose_pair_criterion': 'random', 'compare': True, 'compare_threshold': 0.0, 'epochs': 200, 'max_compare_ratio': 16.0}
2022-01-20 15:54:12,673 root                INFO: Combined args: Namespace(arch_network_type='pointwise_comparator', batch_size=128, cfg_file='cfgs/nb301_cfgs/gates_true_masktrue.yaml', choose_pair_criterion='random', compare=True, compare_threshold=0.0, epochs=200, eval_only_last=1, gpu=5, load=None, max_compare_ratio=16.0, num_workers=4, report_freq=200, save_every=200, save_predict=None, seed=21, test_funcs=None, test_only=False, train_dir='nb301_ablation_mask/true/true_0.01/1/21', train_pkl='../mynas/data/nasbench-301/nasbench301_train_mtx_1.pkl', train_ratio=0.01, valid_pkl='../mynas/data/nasbench-301/nasbench301_valid_mtx.pkl')
2022-01-20 15:54:12,683 root                INFO: Train dataset ratio: 0.010
2022-01-20 15:54:12,684 root                INFO: Number of architectures: train: 58; valid: 51072
2022-01-20 15:54:29,092 root                INFO: Train: Epoch   1: train loss 0.1000
2022-01-20 15:54:29,776 root                INFO: Train: Epoch   2: train loss 0.0985
2022-01-20 15:54:30,472 root                INFO: Train: Epoch   3: train loss 0.0982
2022-01-20 15:54:31,138 root                INFO: Train: Epoch   4: train loss 0.0962
2022-01-20 15:54:31,808 root                INFO: Train: Epoch   5: train loss 0.0939
2022-01-20 15:54:32,511 root                INFO: Train: Epoch   6: train loss 0.0910
2022-01-20 15:54:33,263 root                INFO: Train: Epoch   7: train loss 0.0865
2022-01-20 15:54:34,006 root                INFO: Train: Epoch   8: train loss 0.0810
2022-01-20 15:54:34,735 root                INFO: Train: Epoch   9: train loss 0.0760
2022-01-20 15:54:35,432 root                INFO: Train: Epoch  10: train loss 0.0705
2022-01-20 15:54:36,138 root                INFO: Train: Epoch  11: train loss 0.0607
2022-01-20 15:54:36,847 root                INFO: Train: Epoch  12: train loss 0.0557
2022-01-20 15:54:37,544 root                INFO: Train: Epoch  13: train loss 0.0487
2022-01-20 15:54:38,269 root                INFO: Train: Epoch  14: train loss 0.0441
2022-01-20 15:54:39,002 root                INFO: Train: Epoch  15: train loss 0.0407
2022-01-20 15:54:39,758 root                INFO: Train: Epoch  16: train loss 0.0391
2022-01-20 15:54:40,464 root                INFO: Train: Epoch  17: train loss 0.0361
2022-01-20 15:54:41,142 root                INFO: Train: Epoch  18: train loss 0.0364
2022-01-20 15:54:41,836 root                INFO: Train: Epoch  19: train loss 0.0365
2022-01-20 15:54:42,575 root                INFO: Train: Epoch  20: train loss 0.0373
2022-01-20 15:54:43,357 root                INFO: Train: Epoch  21: train loss 0.0359
2022-01-20 15:54:44,097 root                INFO: Train: Epoch  22: train loss 0.0296
2022-01-20 15:54:44,867 root                INFO: Train: Epoch  23: train loss 0.0345
2022-01-20 15:54:45,639 root                INFO: Train: Epoch  24: train loss 0.0281
2022-01-20 15:54:46,396 root                INFO: Train: Epoch  25: train loss 0.0278
2022-01-20 15:54:47,142 root                INFO: Train: Epoch  26: train loss 0.0267
2022-01-20 15:54:47,914 root                INFO: Train: Epoch  27: train loss 0.0247
2022-01-20 15:54:48,843 root                INFO: Train: Epoch  28: train loss 0.0268
2022-01-20 15:54:49,796 root                INFO: Train: Epoch  29: train loss 0.0272
2022-01-20 15:54:50,539 root                INFO: Train: Epoch  30: train loss 0.0256
2022-01-20 15:54:51,293 root                INFO: Train: Epoch  31: train loss 0.0238
2022-01-20 15:54:52,121 root                INFO: Train: Epoch  32: train loss 0.0238
2022-01-20 15:54:52,878 root                INFO: Train: Epoch  33: train loss 0.0229
2022-01-20 15:54:53,671 root                INFO: Train: Epoch  34: train loss 0.0222
2022-01-20 15:54:54,480 root                INFO: Train: Epoch  35: train loss 0.0197
2022-01-20 15:54:55,239 root                INFO: Train: Epoch  36: train loss 0.0196
2022-01-20 15:54:56,037 root                INFO: Train: Epoch  37: train loss 0.0202
2022-01-20 15:54:56,823 root                INFO: Train: Epoch  38: train loss 0.0182
2022-01-20 15:54:57,659 root                INFO: Train: Epoch  39: train loss 0.0171
2022-01-20 15:54:58,463 root                INFO: Train: Epoch  40: train loss 0.0162
2022-01-20 15:54:59,253 root                INFO: Train: Epoch  41: train loss 0.0169
2022-01-20 15:55:00,032 root                INFO: Train: Epoch  42: train loss 0.0183
2022-01-20 15:55:00,820 root                INFO: Train: Epoch  43: train loss 0.0172
2022-01-20 15:55:01,600 root                INFO: Train: Epoch  44: train loss 0.0167
2022-01-20 15:55:02,374 root                INFO: Train: Epoch  45: train loss 0.0138
2022-01-20 15:55:03,149 root                INFO: Train: Epoch  46: train loss 0.0135
2022-01-20 15:55:03,925 root                INFO: Train: Epoch  47: train loss 0.0157
2022-01-20 15:55:04,726 root                INFO: Train: Epoch  48: train loss 0.0131
2022-01-20 15:55:05,541 root                INFO: Train: Epoch  49: train loss 0.0124
2022-01-20 15:55:06,315 root                INFO: Train: Epoch  50: train loss 0.0129
2022-01-20 15:55:07,106 root                INFO: Train: Epoch  51: train loss 0.0152
2022-01-20 15:55:07,872 root                INFO: Train: Epoch  52: train loss 0.0115
2022-01-20 15:55:08,628 root                INFO: Train: Epoch  53: train loss 0.0120
2022-01-20 15:55:09,365 root                INFO: Train: Epoch  54: train loss 0.0131
2022-01-20 15:55:10,119 root                INFO: Train: Epoch  55: train loss 0.0095
2022-01-20 15:55:10,888 root                INFO: Train: Epoch  56: train loss 0.0119
2022-01-20 15:55:11,651 root                INFO: Train: Epoch  57: train loss 0.0121
2022-01-20 15:55:12,385 root                INFO: Train: Epoch  58: train loss 0.0092
2022-01-20 15:55:13,150 root                INFO: Train: Epoch  59: train loss 0.0106
2022-01-20 15:55:13,921 root                INFO: Train: Epoch  60: train loss 0.0086
2022-01-20 15:55:14,684 root                INFO: Train: Epoch  61: train loss 0.0103
2022-01-20 15:55:15,440 root                INFO: Train: Epoch  62: train loss 0.0103
2022-01-20 15:55:16,184 root                INFO: Train: Epoch  63: train loss 0.0097
2022-01-20 15:55:16,943 root                INFO: Train: Epoch  64: train loss 0.0091
2022-01-20 15:55:17,761 root                INFO: Train: Epoch  65: train loss 0.0081
2022-01-20 15:55:18,484 root                INFO: Train: Epoch  66: train loss 0.0063
2022-01-20 15:55:19,273 root                INFO: Train: Epoch  67: train loss 0.0073
2022-01-20 15:55:20,042 root                INFO: Train: Epoch  68: train loss 0.0073
2022-01-20 15:55:20,805 root                INFO: Train: Epoch  69: train loss 0.0071
2022-01-20 15:55:21,530 root                INFO: Train: Epoch  70: train loss 0.0079
2022-01-20 15:55:22,269 root                INFO: Train: Epoch  71: train loss 0.0066
2022-01-20 15:55:23,024 root                INFO: Train: Epoch  72: train loss 0.0066
2022-01-20 15:55:23,815 root                INFO: Train: Epoch  73: train loss 0.0054
2022-01-20 15:55:24,570 root                INFO: Train: Epoch  74: train loss 0.0071
2022-01-20 15:55:25,296 root                INFO: Train: Epoch  75: train loss 0.0049
2022-01-20 15:55:26,014 root                INFO: Train: Epoch  76: train loss 0.0057
2022-01-20 15:55:26,784 root                INFO: Train: Epoch  77: train loss 0.0065
2022-01-20 15:55:27,537 root                INFO: Train: Epoch  78: train loss 0.0041
2022-01-20 15:55:28,265 root                INFO: Train: Epoch  79: train loss 0.0061
2022-01-20 15:55:29,003 root                INFO: Train: Epoch  80: train loss 0.0043
2022-01-20 15:55:29,737 root                INFO: Train: Epoch  81: train loss 0.0048
2022-01-20 15:55:30,517 root                INFO: Train: Epoch  82: train loss 0.0062
2022-01-20 15:55:31,248 root                INFO: Train: Epoch  83: train loss 0.0046
2022-01-20 15:55:31,984 root                INFO: Train: Epoch  84: train loss 0.0056
2022-01-20 15:55:32,723 root                INFO: Train: Epoch  85: train loss 0.0042
2022-01-20 15:55:33,453 root                INFO: Train: Epoch  86: train loss 0.0053
2022-01-20 15:55:34,195 root                INFO: Train: Epoch  87: train loss 0.0051
2022-01-20 15:55:34,926 root                INFO: Train: Epoch  88: train loss 0.0044
2022-01-20 15:55:35,666 root                INFO: Train: Epoch  89: train loss 0.0081
2022-01-20 15:55:36,403 root                INFO: Train: Epoch  90: train loss 0.0045
2022-01-20 15:55:37,142 root                INFO: Train: Epoch  91: train loss 0.0045
2022-01-20 15:55:37,886 root                INFO: Train: Epoch  92: train loss 0.0069
2022-01-20 15:55:38,620 root                INFO: Train: Epoch  93: train loss 0.0059
2022-01-20 15:55:39,383 root                INFO: Train: Epoch  94: train loss 0.0074
2022-01-20 15:55:40,120 root                INFO: Train: Epoch  95: train loss 0.0052
2022-01-20 15:55:40,834 root                INFO: Train: Epoch  96: train loss 0.0044
2022-01-20 15:55:41,553 root                INFO: Train: Epoch  97: train loss 0.0048
2022-01-20 15:55:42,271 root                INFO: Train: Epoch  98: train loss 0.0057
2022-01-20 15:55:43,014 root                INFO: Train: Epoch  99: train loss 0.0050
2022-01-20 15:55:43,735 root                INFO: Train: Epoch 100: train loss 0.0043
2022-01-20 15:55:44,447 root                INFO: Train: Epoch 101: train loss 0.0045
2022-01-20 15:55:45,188 root                INFO: Train: Epoch 102: train loss 0.0059
2022-01-20 15:55:45,956 root                INFO: Train: Epoch 103: train loss 0.0066
2022-01-20 15:55:46,697 root                INFO: Train: Epoch 104: train loss 0.0047
2022-01-20 15:55:47,461 root                INFO: Train: Epoch 105: train loss 0.0044
2022-01-20 15:55:48,253 root                INFO: Train: Epoch 106: train loss 0.0052
2022-01-20 15:55:49,016 root                INFO: Train: Epoch 107: train loss 0.0052
2022-01-20 15:55:49,818 root                INFO: Train: Epoch 108: train loss 0.0048
2022-01-20 15:55:50,605 root                INFO: Train: Epoch 109: train loss 0.0040
2022-01-20 15:55:51,394 root                INFO: Train: Epoch 110: train loss 0.0048
2022-01-20 15:55:52,176 root                INFO: Train: Epoch 111: train loss 0.0044
2022-01-20 15:55:52,919 root                INFO: Train: Epoch 112: train loss 0.0043
2022-01-20 15:55:53,627 root                INFO: Train: Epoch 113: train loss 0.0036
2022-01-20 15:55:54,334 root                INFO: Train: Epoch 114: train loss 0.0045
2022-01-20 15:55:55,029 root                INFO: Train: Epoch 115: train loss 0.0037
2022-01-20 15:55:55,679 root                INFO: Train: Epoch 116: train loss 0.0036
2022-01-20 15:55:56,345 root                INFO: Train: Epoch 117: train loss 0.0045
2022-01-20 15:55:57,035 root                INFO: Train: Epoch 118: train loss 0.0040
2022-01-20 15:55:57,688 root                INFO: Train: Epoch 119: train loss 0.0036
2022-01-20 15:55:58,369 root                INFO: Train: Epoch 120: train loss 0.0034
2022-01-20 15:55:59,038 root                INFO: Train: Epoch 121: train loss 0.0049
2022-01-20 15:55:59,692 root                INFO: Train: Epoch 122: train loss 0.0029
2022-01-20 15:56:00,352 root                INFO: Train: Epoch 123: train loss 0.0044
2022-01-20 15:56:01,024 root                INFO: Train: Epoch 124: train loss 0.0042
2022-01-20 15:56:01,717 root                INFO: Train: Epoch 125: train loss 0.0032
2022-01-20 15:56:02,441 root                INFO: Train: Epoch 126: train loss 0.0026
2022-01-20 15:56:03,057 root                INFO: Train: Epoch 127: train loss 0.0031
2022-01-20 15:56:03,731 root                INFO: Train: Epoch 128: train loss 0.0037
2022-01-20 15:56:04,550 root                INFO: Train: Epoch 129: train loss 0.0037
2022-01-20 15:56:05,403 root                INFO: Train: Epoch 130: train loss 0.0033
2022-01-20 15:56:06,115 root                INFO: Train: Epoch 131: train loss 0.0021
2022-01-20 15:56:06,741 root                INFO: Train: Epoch 132: train loss 0.0032
2022-01-20 15:56:07,397 root                INFO: Train: Epoch 133: train loss 0.0028
2022-01-20 15:56:08,040 root                INFO: Train: Epoch 134: train loss 0.0030
2022-01-20 15:56:08,693 root                INFO: Train: Epoch 135: train loss 0.0031
2022-01-20 15:56:09,317 root                INFO: Train: Epoch 136: train loss 0.0036
2022-01-20 15:56:09,903 root                INFO: Train: Epoch 137: train loss 0.0027
2022-01-20 15:56:10,471 root                INFO: Train: Epoch 138: train loss 0.0050
2022-01-20 15:56:11,042 root                INFO: Train: Epoch 139: train loss 0.0035
2022-01-20 15:56:11,651 root                INFO: Train: Epoch 140: train loss 0.0029
2022-01-20 15:56:12,270 root                INFO: Train: Epoch 141: train loss 0.0033
2022-01-20 15:56:12,915 root                INFO: Train: Epoch 142: train loss 0.0046
2022-01-20 15:56:13,517 root                INFO: Train: Epoch 143: train loss 0.0041
2022-01-20 15:56:14,094 root                INFO: Train: Epoch 144: train loss 0.0028
2022-01-20 15:56:14,675 root                INFO: Train: Epoch 145: train loss 0.0056
2022-01-20 15:56:15,249 root                INFO: Train: Epoch 146: train loss 0.0039
2022-01-20 15:56:15,835 root                INFO: Train: Epoch 147: train loss 0.0032
2022-01-20 15:56:16,407 root                INFO: Train: Epoch 148: train loss 0.0038
2022-01-20 15:56:17,035 root                INFO: Train: Epoch 149: train loss 0.0036
2022-01-20 15:56:17,631 root                INFO: Train: Epoch 150: train loss 0.0033
2022-01-20 15:56:18,240 root                INFO: Train: Epoch 151: train loss 0.0044
2022-01-20 15:56:18,819 root                INFO: Train: Epoch 152: train loss 0.0035
2022-01-20 15:56:19,408 root                INFO: Train: Epoch 153: train loss 0.0056
2022-01-20 15:56:20,043 root                INFO: Train: Epoch 154: train loss 0.0033
2022-01-20 15:56:20,627 root                INFO: Train: Epoch 155: train loss 0.0037
2022-01-20 15:56:21,200 root                INFO: Train: Epoch 156: train loss 0.0040
2022-01-20 15:56:21,802 root                INFO: Train: Epoch 157: train loss 0.0044
2022-01-20 15:56:22,431 root                INFO: Train: Epoch 158: train loss 0.0039
2022-01-20 15:56:23,011 root                INFO: Train: Epoch 159: train loss 0.0041
2022-01-20 15:56:23,615 root                INFO: Train: Epoch 160: train loss 0.0039
2022-01-20 15:56:24,198 root                INFO: Train: Epoch 161: train loss 0.0035
2022-01-20 15:56:24,793 root                INFO: Train: Epoch 162: train loss 0.0035
2022-01-20 15:56:25,419 root                INFO: Train: Epoch 163: train loss 0.0039
2022-01-20 15:56:26,004 root                INFO: Train: Epoch 164: train loss 0.0041
2022-01-20 15:56:26,642 root                INFO: Train: Epoch 165: train loss 0.0039
2022-01-20 15:56:27,244 root                INFO: Train: Epoch 166: train loss 0.0025
2022-01-20 15:56:27,843 root                INFO: Train: Epoch 167: train loss 0.0028
2022-01-20 15:56:28,469 root                INFO: Train: Epoch 168: train loss 0.0030
2022-01-20 15:56:29,111 root                INFO: Train: Epoch 169: train loss 0.0028
2022-01-20 15:56:29,747 root                INFO: Train: Epoch 170: train loss 0.0027
2022-01-20 15:56:30,380 root                INFO: Train: Epoch 171: train loss 0.0031
2022-01-20 15:56:30,960 root                INFO: Train: Epoch 172: train loss 0.0029
2022-01-20 15:56:31,526 root                INFO: Train: Epoch 173: train loss 0.0028
2022-01-20 15:56:32,097 root                INFO: Train: Epoch 174: train loss 0.0042
2022-01-20 15:56:32,676 root                INFO: Train: Epoch 175: train loss 0.0039
2022-01-20 15:56:33,252 root                INFO: Train: Epoch 176: train loss 0.0037
2022-01-20 15:56:33,843 root                INFO: Train: Epoch 177: train loss 0.0029
2022-01-20 15:56:34,555 root                INFO: Train: Epoch 178: train loss 0.0039
2022-01-20 15:56:35,144 root                INFO: Train: Epoch 179: train loss 0.0035
2022-01-20 15:56:35,888 root                INFO: Train: Epoch 180: train loss 0.0036
2022-01-20 15:56:36,570 root                INFO: Train: Epoch 181: train loss 0.0034
2022-01-20 15:56:37,223 root                INFO: Train: Epoch 182: train loss 0.0030
2022-01-20 15:56:37,891 root                INFO: Train: Epoch 183: train loss 0.0028
2022-01-20 15:56:38,580 root                INFO: Train: Epoch 184: train loss 0.0034
2022-01-20 15:56:39,237 root                INFO: Train: Epoch 185: train loss 0.0038
2022-01-20 15:56:39,932 root                INFO: Train: Epoch 186: train loss 0.0018
2022-01-20 15:56:40,610 root                INFO: Train: Epoch 187: train loss 0.0026
2022-01-20 15:56:41,277 root                INFO: Train: Epoch 188: train loss 0.0029
2022-01-20 15:56:41,938 root                INFO: Train: Epoch 189: train loss 0.0028
2022-01-20 15:56:42,609 root                INFO: Train: Epoch 190: train loss 0.0028
2022-01-20 15:56:43,243 root                INFO: Train: Epoch 191: train loss 0.0029
2022-01-20 15:56:43,873 root                INFO: Train: Epoch 192: train loss 0.0032
2022-01-20 15:56:44,525 root                INFO: Train: Epoch 193: train loss 0.0022
2022-01-20 15:56:45,194 root                INFO: Train: Epoch 194: train loss 0.0028
2022-01-20 15:56:45,901 root                INFO: Train: Epoch 195: train loss 0.0028
2022-01-20 15:56:46,571 root                INFO: Train: Epoch 196: train loss 0.0030
2022-01-20 15:56:47,260 root                INFO: Train: Epoch 197: train loss 0.0034
2022-01-20 15:56:47,921 root                INFO: Train: Epoch 198: train loss 0.0030
2022-01-20 15:56:48,577 root                INFO: Train: Epoch 199: train loss 0.0034
2022-01-20 15:56:49,191 root                INFO: Train: Epoch 200: train loss 0.0033
2022-01-20 15:57:05,553 root                INFO: Valid: Epoch 200: kendall tau 0.6103; loss 0.2113
2022-01-20 15:57:05,559 root                INFO: Epoch 200: Save checkpoint to nb301_ablation_mask/true/true_0.01/1/21/200.ckpt
2022-01-20 15:57:21,940 root                INFO: [0.0, 0.13333333333333333, 0.1803921568627451, 0.5566000783392088, 0.7015860583512825, 0.8009476817042607, 1.0]
2022-01-20 15:57:21,940 root                INFO: [97, 97]
